[2024-08-09T19:42:59.242+0200] {processor.py:161} INFO - Started process (PID=17680) to work on /home/bvpelt/Develop/airflowtut/py_env/lib/python3.10/site-packages/airflow/example_dags/plugins/event_listener.py
[2024-08-09T19:42:59.244+0200] {processor.py:830} INFO - Processing file /home/bvpelt/Develop/airflowtut/py_env/lib/python3.10/site-packages/airflow/example_dags/plugins/event_listener.py for tasks to queue
[2024-08-09T19:42:59.247+0200] {logging_mixin.py:188} INFO - [2024-08-09T19:42:59.246+0200] {dagbag.py:545} INFO - Filling up the DagBag from /home/bvpelt/Develop/airflowtut/py_env/lib/python3.10/site-packages/airflow/example_dags/plugins/event_listener.py
[2024-08-09T19:42:59.250+0200] {processor.py:842} WARNING - No viable dags retrieved from /home/bvpelt/Develop/airflowtut/py_env/lib/python3.10/site-packages/airflow/example_dags/plugins/event_listener.py
[2024-08-09T19:42:59.263+0200] {processor.py:183} INFO - Processing /home/bvpelt/Develop/airflowtut/py_env/lib/python3.10/site-packages/airflow/example_dags/plugins/event_listener.py took 0.038 seconds
[2024-08-09T19:44:09.393+0200] {processor.py:161} INFO - Started process (PID=17949) to work on /home/bvpelt/Develop/airflowtut/py_env/lib/python3.10/site-packages/airflow/example_dags/plugins/event_listener.py
[2024-08-09T19:44:09.394+0200] {processor.py:830} INFO - Processing file /home/bvpelt/Develop/airflowtut/py_env/lib/python3.10/site-packages/airflow/example_dags/plugins/event_listener.py for tasks to queue
[2024-08-09T19:44:09.395+0200] {logging_mixin.py:188} INFO - [2024-08-09T19:44:09.395+0200] {dagbag.py:545} INFO - Filling up the DagBag from /home/bvpelt/Develop/airflowtut/py_env/lib/python3.10/site-packages/airflow/example_dags/plugins/event_listener.py
[2024-08-09T19:44:09.396+0200] {processor.py:842} WARNING - No viable dags retrieved from /home/bvpelt/Develop/airflowtut/py_env/lib/python3.10/site-packages/airflow/example_dags/plugins/event_listener.py
[2024-08-09T19:44:09.401+0200] {processor.py:183} INFO - Processing /home/bvpelt/Develop/airflowtut/py_env/lib/python3.10/site-packages/airflow/example_dags/plugins/event_listener.py took 0.011 seconds
[2024-08-09T19:45:05.663+0200] {processor.py:161} INFO - Started process (PID=18207) to work on /home/bvpelt/Develop/airflowtut/py_env/lib/python3.10/site-packages/airflow/example_dags/plugins/event_listener.py
[2024-08-09T19:45:05.664+0200] {processor.py:830} INFO - Processing file /home/bvpelt/Develop/airflowtut/py_env/lib/python3.10/site-packages/airflow/example_dags/plugins/event_listener.py for tasks to queue
[2024-08-09T19:45:05.664+0200] {logging_mixin.py:188} INFO - [2024-08-09T19:45:05.664+0200] {dagbag.py:545} INFO - Filling up the DagBag from /home/bvpelt/Develop/airflowtut/py_env/lib/python3.10/site-packages/airflow/example_dags/plugins/event_listener.py
[2024-08-09T19:45:05.666+0200] {processor.py:842} WARNING - No viable dags retrieved from /home/bvpelt/Develop/airflowtut/py_env/lib/python3.10/site-packages/airflow/example_dags/plugins/event_listener.py
[2024-08-09T19:45:05.671+0200] {processor.py:183} INFO - Processing /home/bvpelt/Develop/airflowtut/py_env/lib/python3.10/site-packages/airflow/example_dags/plugins/event_listener.py took 0.012 seconds
[2024-08-09T19:46:36.033+0200] {processor.py:161} INFO - Started process (PID=18635) to work on /home/bvpelt/Develop/airflowtut/py_env/lib/python3.10/site-packages/airflow/example_dags/plugins/event_listener.py
[2024-08-09T19:46:36.036+0200] {processor.py:830} INFO - Processing file /home/bvpelt/Develop/airflowtut/py_env/lib/python3.10/site-packages/airflow/example_dags/plugins/event_listener.py for tasks to queue
[2024-08-09T19:46:36.039+0200] {logging_mixin.py:188} INFO - [2024-08-09T19:46:36.038+0200] {dagbag.py:545} INFO - Filling up the DagBag from /home/bvpelt/Develop/airflowtut/py_env/lib/python3.10/site-packages/airflow/example_dags/plugins/event_listener.py
[2024-08-09T19:46:36.043+0200] {processor.py:842} WARNING - No viable dags retrieved from /home/bvpelt/Develop/airflowtut/py_env/lib/python3.10/site-packages/airflow/example_dags/plugins/event_listener.py
[2024-08-09T19:46:36.055+0200] {processor.py:183} INFO - Processing /home/bvpelt/Develop/airflowtut/py_env/lib/python3.10/site-packages/airflow/example_dags/plugins/event_listener.py took 0.037 seconds
[2024-08-09T19:47:30.362+0200] {processor.py:161} INFO - Started process (PID=18947) to work on /home/bvpelt/Develop/airflowtut/py_env/lib/python3.10/site-packages/airflow/example_dags/plugins/event_listener.py
[2024-08-09T19:47:30.362+0200] {processor.py:830} INFO - Processing file /home/bvpelt/Develop/airflowtut/py_env/lib/python3.10/site-packages/airflow/example_dags/plugins/event_listener.py for tasks to queue
[2024-08-09T19:47:30.363+0200] {logging_mixin.py:188} INFO - [2024-08-09T19:47:30.363+0200] {dagbag.py:545} INFO - Filling up the DagBag from /home/bvpelt/Develop/airflowtut/py_env/lib/python3.10/site-packages/airflow/example_dags/plugins/event_listener.py
[2024-08-09T19:47:30.364+0200] {processor.py:842} WARNING - No viable dags retrieved from /home/bvpelt/Develop/airflowtut/py_env/lib/python3.10/site-packages/airflow/example_dags/plugins/event_listener.py
[2024-08-09T19:47:30.370+0200] {processor.py:183} INFO - Processing /home/bvpelt/Develop/airflowtut/py_env/lib/python3.10/site-packages/airflow/example_dags/plugins/event_listener.py took 0.011 seconds
[2024-08-09T19:48:22.465+0200] {processor.py:161} INFO - Started process (PID=19085) to work on /home/bvpelt/Develop/airflowtut/py_env/lib/python3.10/site-packages/airflow/example_dags/plugins/event_listener.py
[2024-08-09T19:48:22.466+0200] {processor.py:830} INFO - Processing file /home/bvpelt/Develop/airflowtut/py_env/lib/python3.10/site-packages/airflow/example_dags/plugins/event_listener.py for tasks to queue
[2024-08-09T19:48:22.468+0200] {logging_mixin.py:188} INFO - [2024-08-09T19:48:22.467+0200] {dagbag.py:545} INFO - Filling up the DagBag from /home/bvpelt/Develop/airflowtut/py_env/lib/python3.10/site-packages/airflow/example_dags/plugins/event_listener.py
[2024-08-09T19:48:22.470+0200] {processor.py:842} WARNING - No viable dags retrieved from /home/bvpelt/Develop/airflowtut/py_env/lib/python3.10/site-packages/airflow/example_dags/plugins/event_listener.py
[2024-08-09T19:48:22.480+0200] {processor.py:183} INFO - Processing /home/bvpelt/Develop/airflowtut/py_env/lib/python3.10/site-packages/airflow/example_dags/plugins/event_listener.py took 0.020 seconds
[2024-08-09T19:49:14.008+0200] {processor.py:161} INFO - Started process (PID=19180) to work on /home/bvpelt/Develop/airflowtut/py_env/lib/python3.10/site-packages/airflow/example_dags/plugins/event_listener.py
[2024-08-09T19:49:14.009+0200] {processor.py:830} INFO - Processing file /home/bvpelt/Develop/airflowtut/py_env/lib/python3.10/site-packages/airflow/example_dags/plugins/event_listener.py for tasks to queue
[2024-08-09T19:49:14.010+0200] {logging_mixin.py:188} INFO - [2024-08-09T19:49:14.009+0200] {dagbag.py:545} INFO - Filling up the DagBag from /home/bvpelt/Develop/airflowtut/py_env/lib/python3.10/site-packages/airflow/example_dags/plugins/event_listener.py
[2024-08-09T19:49:14.011+0200] {processor.py:842} WARNING - No viable dags retrieved from /home/bvpelt/Develop/airflowtut/py_env/lib/python3.10/site-packages/airflow/example_dags/plugins/event_listener.py
[2024-08-09T19:49:14.017+0200] {processor.py:183} INFO - Processing /home/bvpelt/Develop/airflowtut/py_env/lib/python3.10/site-packages/airflow/example_dags/plugins/event_listener.py took 0.012 seconds
[2024-08-09T19:50:05.933+0200] {processor.py:161} INFO - Started process (PID=19318) to work on /home/bvpelt/Develop/airflowtut/py_env/lib/python3.10/site-packages/airflow/example_dags/plugins/event_listener.py
[2024-08-09T19:50:05.947+0200] {processor.py:830} INFO - Processing file /home/bvpelt/Develop/airflowtut/py_env/lib/python3.10/site-packages/airflow/example_dags/plugins/event_listener.py for tasks to queue
[2024-08-09T19:50:05.947+0200] {logging_mixin.py:188} INFO - [2024-08-09T19:50:05.947+0200] {dagbag.py:545} INFO - Filling up the DagBag from /home/bvpelt/Develop/airflowtut/py_env/lib/python3.10/site-packages/airflow/example_dags/plugins/event_listener.py
[2024-08-09T19:50:05.949+0200] {processor.py:842} WARNING - No viable dags retrieved from /home/bvpelt/Develop/airflowtut/py_env/lib/python3.10/site-packages/airflow/example_dags/plugins/event_listener.py
[2024-08-09T19:50:05.955+0200] {processor.py:183} INFO - Processing /home/bvpelt/Develop/airflowtut/py_env/lib/python3.10/site-packages/airflow/example_dags/plugins/event_listener.py took 0.026 seconds
[2024-08-09T19:50:57.847+0200] {processor.py:161} INFO - Started process (PID=19411) to work on /home/bvpelt/Develop/airflowtut/py_env/lib/python3.10/site-packages/airflow/example_dags/plugins/event_listener.py
[2024-08-09T19:50:57.847+0200] {processor.py:830} INFO - Processing file /home/bvpelt/Develop/airflowtut/py_env/lib/python3.10/site-packages/airflow/example_dags/plugins/event_listener.py for tasks to queue
[2024-08-09T19:50:57.848+0200] {logging_mixin.py:188} INFO - [2024-08-09T19:50:57.848+0200] {dagbag.py:545} INFO - Filling up the DagBag from /home/bvpelt/Develop/airflowtut/py_env/lib/python3.10/site-packages/airflow/example_dags/plugins/event_listener.py
[2024-08-09T19:50:57.849+0200] {processor.py:842} WARNING - No viable dags retrieved from /home/bvpelt/Develop/airflowtut/py_env/lib/python3.10/site-packages/airflow/example_dags/plugins/event_listener.py
[2024-08-09T19:50:57.854+0200] {processor.py:183} INFO - Processing /home/bvpelt/Develop/airflowtut/py_env/lib/python3.10/site-packages/airflow/example_dags/plugins/event_listener.py took 0.011 seconds
[2024-08-09T19:51:48.629+0200] {processor.py:161} INFO - Started process (PID=19587) to work on /home/bvpelt/Develop/airflowtut/py_env/lib/python3.10/site-packages/airflow/example_dags/plugins/event_listener.py
[2024-08-09T19:51:48.630+0200] {processor.py:830} INFO - Processing file /home/bvpelt/Develop/airflowtut/py_env/lib/python3.10/site-packages/airflow/example_dags/plugins/event_listener.py for tasks to queue
[2024-08-09T19:51:48.631+0200] {logging_mixin.py:188} INFO - [2024-08-09T19:51:48.630+0200] {dagbag.py:545} INFO - Filling up the DagBag from /home/bvpelt/Develop/airflowtut/py_env/lib/python3.10/site-packages/airflow/example_dags/plugins/event_listener.py
[2024-08-09T19:51:48.632+0200] {processor.py:842} WARNING - No viable dags retrieved from /home/bvpelt/Develop/airflowtut/py_env/lib/python3.10/site-packages/airflow/example_dags/plugins/event_listener.py
[2024-08-09T19:51:48.637+0200] {processor.py:183} INFO - Processing /home/bvpelt/Develop/airflowtut/py_env/lib/python3.10/site-packages/airflow/example_dags/plugins/event_listener.py took 0.012 seconds
[2024-08-09T19:52:56.252+0200] {processor.py:161} INFO - Started process (PID=20066) to work on /home/bvpelt/Develop/airflowtut/py_env/lib/python3.10/site-packages/airflow/example_dags/plugins/event_listener.py
[2024-08-09T19:52:56.254+0200] {processor.py:830} INFO - Processing file /home/bvpelt/Develop/airflowtut/py_env/lib/python3.10/site-packages/airflow/example_dags/plugins/event_listener.py for tasks to queue
[2024-08-09T19:52:56.258+0200] {logging_mixin.py:188} INFO - [2024-08-09T19:52:56.257+0200] {dagbag.py:545} INFO - Filling up the DagBag from /home/bvpelt/Develop/airflowtut/py_env/lib/python3.10/site-packages/airflow/example_dags/plugins/event_listener.py
[2024-08-09T19:52:56.263+0200] {processor.py:842} WARNING - No viable dags retrieved from /home/bvpelt/Develop/airflowtut/py_env/lib/python3.10/site-packages/airflow/example_dags/plugins/event_listener.py
[2024-08-09T19:52:56.276+0200] {processor.py:183} INFO - Processing /home/bvpelt/Develop/airflowtut/py_env/lib/python3.10/site-packages/airflow/example_dags/plugins/event_listener.py took 0.040 seconds
[2024-08-09T19:53:52.369+0200] {processor.py:161} INFO - Started process (PID=20125) to work on /home/bvpelt/Develop/airflowtut/py_env/lib/python3.10/site-packages/airflow/example_dags/plugins/event_listener.py
[2024-08-09T19:53:52.370+0200] {processor.py:830} INFO - Processing file /home/bvpelt/Develop/airflowtut/py_env/lib/python3.10/site-packages/airflow/example_dags/plugins/event_listener.py for tasks to queue
[2024-08-09T19:53:52.370+0200] {logging_mixin.py:188} INFO - [2024-08-09T19:53:52.370+0200] {dagbag.py:545} INFO - Filling up the DagBag from /home/bvpelt/Develop/airflowtut/py_env/lib/python3.10/site-packages/airflow/example_dags/plugins/event_listener.py
[2024-08-09T19:53:52.372+0200] {processor.py:842} WARNING - No viable dags retrieved from /home/bvpelt/Develop/airflowtut/py_env/lib/python3.10/site-packages/airflow/example_dags/plugins/event_listener.py
[2024-08-09T19:53:52.377+0200] {processor.py:183} INFO - Processing /home/bvpelt/Develop/airflowtut/py_env/lib/python3.10/site-packages/airflow/example_dags/plugins/event_listener.py took 0.012 seconds
[2024-08-09T19:54:44.095+0200] {processor.py:161} INFO - Started process (PID=20192) to work on /home/bvpelt/Develop/airflowtut/py_env/lib/python3.10/site-packages/airflow/example_dags/plugins/event_listener.py
[2024-08-09T19:54:44.095+0200] {processor.py:830} INFO - Processing file /home/bvpelt/Develop/airflowtut/py_env/lib/python3.10/site-packages/airflow/example_dags/plugins/event_listener.py for tasks to queue
[2024-08-09T19:54:44.096+0200] {logging_mixin.py:188} INFO - [2024-08-09T19:54:44.096+0200] {dagbag.py:545} INFO - Filling up the DagBag from /home/bvpelt/Develop/airflowtut/py_env/lib/python3.10/site-packages/airflow/example_dags/plugins/event_listener.py
[2024-08-09T19:54:44.097+0200] {processor.py:842} WARNING - No viable dags retrieved from /home/bvpelt/Develop/airflowtut/py_env/lib/python3.10/site-packages/airflow/example_dags/plugins/event_listener.py
[2024-08-09T19:54:44.102+0200] {processor.py:183} INFO - Processing /home/bvpelt/Develop/airflowtut/py_env/lib/python3.10/site-packages/airflow/example_dags/plugins/event_listener.py took 0.011 seconds
[2024-08-09T19:55:35.156+0200] {processor.py:161} INFO - Started process (PID=20290) to work on /home/bvpelt/Develop/airflowtut/py_env/lib/python3.10/site-packages/airflow/example_dags/plugins/event_listener.py
[2024-08-09T19:55:35.156+0200] {processor.py:830} INFO - Processing file /home/bvpelt/Develop/airflowtut/py_env/lib/python3.10/site-packages/airflow/example_dags/plugins/event_listener.py for tasks to queue
[2024-08-09T19:55:35.157+0200] {logging_mixin.py:188} INFO - [2024-08-09T19:55:35.157+0200] {dagbag.py:545} INFO - Filling up the DagBag from /home/bvpelt/Develop/airflowtut/py_env/lib/python3.10/site-packages/airflow/example_dags/plugins/event_listener.py
[2024-08-09T19:55:35.159+0200] {processor.py:842} WARNING - No viable dags retrieved from /home/bvpelt/Develop/airflowtut/py_env/lib/python3.10/site-packages/airflow/example_dags/plugins/event_listener.py
[2024-08-09T19:55:35.164+0200] {processor.py:183} INFO - Processing /home/bvpelt/Develop/airflowtut/py_env/lib/python3.10/site-packages/airflow/example_dags/plugins/event_listener.py took 0.012 seconds
[2024-08-09T19:56:21.729+0200] {processor.py:161} INFO - Started process (PID=20351) to work on /home/bvpelt/Develop/airflowtut/py_env/lib/python3.10/site-packages/airflow/example_dags/plugins/event_listener.py
[2024-08-09T19:56:21.730+0200] {processor.py:830} INFO - Processing file /home/bvpelt/Develop/airflowtut/py_env/lib/python3.10/site-packages/airflow/example_dags/plugins/event_listener.py for tasks to queue
[2024-08-09T19:56:21.731+0200] {logging_mixin.py:188} INFO - [2024-08-09T19:56:21.730+0200] {dagbag.py:545} INFO - Filling up the DagBag from /home/bvpelt/Develop/airflowtut/py_env/lib/python3.10/site-packages/airflow/example_dags/plugins/event_listener.py
[2024-08-09T19:56:21.732+0200] {processor.py:842} WARNING - No viable dags retrieved from /home/bvpelt/Develop/airflowtut/py_env/lib/python3.10/site-packages/airflow/example_dags/plugins/event_listener.py
[2024-08-09T19:56:21.738+0200] {processor.py:183} INFO - Processing /home/bvpelt/Develop/airflowtut/py_env/lib/python3.10/site-packages/airflow/example_dags/plugins/event_listener.py took 0.013 seconds
[2024-08-09T19:57:12.477+0200] {processor.py:161} INFO - Started process (PID=20405) to work on /home/bvpelt/Develop/airflowtut/py_env/lib/python3.10/site-packages/airflow/example_dags/plugins/event_listener.py
[2024-08-09T19:57:12.489+0200] {processor.py:830} INFO - Processing file /home/bvpelt/Develop/airflowtut/py_env/lib/python3.10/site-packages/airflow/example_dags/plugins/event_listener.py for tasks to queue
[2024-08-09T19:57:12.490+0200] {logging_mixin.py:188} INFO - [2024-08-09T19:57:12.490+0200] {dagbag.py:545} INFO - Filling up the DagBag from /home/bvpelt/Develop/airflowtut/py_env/lib/python3.10/site-packages/airflow/example_dags/plugins/event_listener.py
[2024-08-09T19:57:12.491+0200] {processor.py:842} WARNING - No viable dags retrieved from /home/bvpelt/Develop/airflowtut/py_env/lib/python3.10/site-packages/airflow/example_dags/plugins/event_listener.py
[2024-08-09T19:57:12.496+0200] {processor.py:183} INFO - Processing /home/bvpelt/Develop/airflowtut/py_env/lib/python3.10/site-packages/airflow/example_dags/plugins/event_listener.py took 0.022 seconds
[2024-08-09T19:58:03.401+0200] {processor.py:161} INFO - Started process (PID=20532) to work on /home/bvpelt/Develop/airflowtut/py_env/lib/python3.10/site-packages/airflow/example_dags/plugins/event_listener.py
[2024-08-09T19:58:03.402+0200] {processor.py:830} INFO - Processing file /home/bvpelt/Develop/airflowtut/py_env/lib/python3.10/site-packages/airflow/example_dags/plugins/event_listener.py for tasks to queue
[2024-08-09T19:58:03.402+0200] {logging_mixin.py:188} INFO - [2024-08-09T19:58:03.402+0200] {dagbag.py:545} INFO - Filling up the DagBag from /home/bvpelt/Develop/airflowtut/py_env/lib/python3.10/site-packages/airflow/example_dags/plugins/event_listener.py
[2024-08-09T19:58:03.404+0200] {processor.py:842} WARNING - No viable dags retrieved from /home/bvpelt/Develop/airflowtut/py_env/lib/python3.10/site-packages/airflow/example_dags/plugins/event_listener.py
[2024-08-09T19:58:03.409+0200] {processor.py:183} INFO - Processing /home/bvpelt/Develop/airflowtut/py_env/lib/python3.10/site-packages/airflow/example_dags/plugins/event_listener.py took 0.011 seconds
[2024-08-09T19:58:58.826+0200] {processor.py:161} INFO - Started process (PID=20675) to work on /home/bvpelt/Develop/airflowtut/py_env/lib/python3.10/site-packages/airflow/example_dags/plugins/event_listener.py
[2024-08-09T19:58:58.828+0200] {processor.py:830} INFO - Processing file /home/bvpelt/Develop/airflowtut/py_env/lib/python3.10/site-packages/airflow/example_dags/plugins/event_listener.py for tasks to queue
[2024-08-09T19:58:58.830+0200] {logging_mixin.py:188} INFO - [2024-08-09T19:58:58.830+0200] {dagbag.py:545} INFO - Filling up the DagBag from /home/bvpelt/Develop/airflowtut/py_env/lib/python3.10/site-packages/airflow/example_dags/plugins/event_listener.py
[2024-08-09T19:58:58.834+0200] {processor.py:842} WARNING - No viable dags retrieved from /home/bvpelt/Develop/airflowtut/py_env/lib/python3.10/site-packages/airflow/example_dags/plugins/event_listener.py
[2024-08-09T19:58:58.844+0200] {processor.py:183} INFO - Processing /home/bvpelt/Develop/airflowtut/py_env/lib/python3.10/site-packages/airflow/example_dags/plugins/event_listener.py took 0.034 seconds
[2024-08-09T19:59:54.810+0200] {processor.py:161} INFO - Started process (PID=20730) to work on /home/bvpelt/Develop/airflowtut/py_env/lib/python3.10/site-packages/airflow/example_dags/plugins/event_listener.py
[2024-08-09T19:59:54.810+0200] {processor.py:830} INFO - Processing file /home/bvpelt/Develop/airflowtut/py_env/lib/python3.10/site-packages/airflow/example_dags/plugins/event_listener.py for tasks to queue
[2024-08-09T19:59:54.811+0200] {logging_mixin.py:188} INFO - [2024-08-09T19:59:54.811+0200] {dagbag.py:545} INFO - Filling up the DagBag from /home/bvpelt/Develop/airflowtut/py_env/lib/python3.10/site-packages/airflow/example_dags/plugins/event_listener.py
[2024-08-09T19:59:54.812+0200] {processor.py:842} WARNING - No viable dags retrieved from /home/bvpelt/Develop/airflowtut/py_env/lib/python3.10/site-packages/airflow/example_dags/plugins/event_listener.py
[2024-08-09T19:59:54.817+0200] {processor.py:183} INFO - Processing /home/bvpelt/Develop/airflowtut/py_env/lib/python3.10/site-packages/airflow/example_dags/plugins/event_listener.py took 0.011 seconds
[2024-08-09T20:00:45.078+0200] {processor.py:161} INFO - Started process (PID=20809) to work on /home/bvpelt/Develop/airflowtut/py_env/lib/python3.10/site-packages/airflow/example_dags/plugins/event_listener.py
[2024-08-09T20:00:45.078+0200] {processor.py:830} INFO - Processing file /home/bvpelt/Develop/airflowtut/py_env/lib/python3.10/site-packages/airflow/example_dags/plugins/event_listener.py for tasks to queue
[2024-08-09T20:00:45.079+0200] {logging_mixin.py:188} INFO - [2024-08-09T20:00:45.079+0200] {dagbag.py:545} INFO - Filling up the DagBag from /home/bvpelt/Develop/airflowtut/py_env/lib/python3.10/site-packages/airflow/example_dags/plugins/event_listener.py
[2024-08-09T20:00:45.080+0200] {processor.py:842} WARNING - No viable dags retrieved from /home/bvpelt/Develop/airflowtut/py_env/lib/python3.10/site-packages/airflow/example_dags/plugins/event_listener.py
[2024-08-09T20:00:45.086+0200] {processor.py:183} INFO - Processing /home/bvpelt/Develop/airflowtut/py_env/lib/python3.10/site-packages/airflow/example_dags/plugins/event_listener.py took 0.011 seconds
[2024-08-09T20:01:35.336+0200] {processor.py:161} INFO - Started process (PID=20866) to work on /home/bvpelt/Develop/airflowtut/py_env/lib/python3.10/site-packages/airflow/example_dags/plugins/event_listener.py
[2024-08-09T20:01:35.336+0200] {processor.py:830} INFO - Processing file /home/bvpelt/Develop/airflowtut/py_env/lib/python3.10/site-packages/airflow/example_dags/plugins/event_listener.py for tasks to queue
[2024-08-09T20:01:35.337+0200] {logging_mixin.py:188} INFO - [2024-08-09T20:01:35.337+0200] {dagbag.py:545} INFO - Filling up the DagBag from /home/bvpelt/Develop/airflowtut/py_env/lib/python3.10/site-packages/airflow/example_dags/plugins/event_listener.py
[2024-08-09T20:01:35.338+0200] {processor.py:842} WARNING - No viable dags retrieved from /home/bvpelt/Develop/airflowtut/py_env/lib/python3.10/site-packages/airflow/example_dags/plugins/event_listener.py
[2024-08-09T20:01:35.344+0200] {processor.py:183} INFO - Processing /home/bvpelt/Develop/airflowtut/py_env/lib/python3.10/site-packages/airflow/example_dags/plugins/event_listener.py took 0.011 seconds
[2024-08-09T20:02:25.313+0200] {processor.py:161} INFO - Started process (PID=21023) to work on /home/bvpelt/Develop/airflowtut/py_env/lib/python3.10/site-packages/airflow/example_dags/plugins/event_listener.py
[2024-08-09T20:02:25.314+0200] {processor.py:830} INFO - Processing file /home/bvpelt/Develop/airflowtut/py_env/lib/python3.10/site-packages/airflow/example_dags/plugins/event_listener.py for tasks to queue
[2024-08-09T20:02:25.315+0200] {logging_mixin.py:188} INFO - [2024-08-09T20:02:25.315+0200] {dagbag.py:545} INFO - Filling up the DagBag from /home/bvpelt/Develop/airflowtut/py_env/lib/python3.10/site-packages/airflow/example_dags/plugins/event_listener.py
[2024-08-09T20:02:25.316+0200] {processor.py:842} WARNING - No viable dags retrieved from /home/bvpelt/Develop/airflowtut/py_env/lib/python3.10/site-packages/airflow/example_dags/plugins/event_listener.py
[2024-08-09T20:02:25.321+0200] {processor.py:183} INFO - Processing /home/bvpelt/Develop/airflowtut/py_env/lib/python3.10/site-packages/airflow/example_dags/plugins/event_listener.py took 0.011 seconds
[2024-08-09T20:03:22.470+0200] {processor.py:161} INFO - Started process (PID=21091) to work on /home/bvpelt/Develop/airflowtut/py_env/lib/python3.10/site-packages/airflow/example_dags/plugins/event_listener.py
[2024-08-09T20:03:22.471+0200] {processor.py:830} INFO - Processing file /home/bvpelt/Develop/airflowtut/py_env/lib/python3.10/site-packages/airflow/example_dags/plugins/event_listener.py for tasks to queue
[2024-08-09T20:03:22.472+0200] {logging_mixin.py:188} INFO - [2024-08-09T20:03:22.471+0200] {dagbag.py:545} INFO - Filling up the DagBag from /home/bvpelt/Develop/airflowtut/py_env/lib/python3.10/site-packages/airflow/example_dags/plugins/event_listener.py
[2024-08-09T20:03:22.473+0200] {processor.py:842} WARNING - No viable dags retrieved from /home/bvpelt/Develop/airflowtut/py_env/lib/python3.10/site-packages/airflow/example_dags/plugins/event_listener.py
[2024-08-09T20:03:22.478+0200] {processor.py:183} INFO - Processing /home/bvpelt/Develop/airflowtut/py_env/lib/python3.10/site-packages/airflow/example_dags/plugins/event_listener.py took 0.011 seconds
[2024-08-09T20:04:17.698+0200] {processor.py:161} INFO - Started process (PID=21182) to work on /home/bvpelt/Develop/airflowtut/py_env/lib/python3.10/site-packages/airflow/example_dags/plugins/event_listener.py
[2024-08-09T20:04:17.712+0200] {processor.py:830} INFO - Processing file /home/bvpelt/Develop/airflowtut/py_env/lib/python3.10/site-packages/airflow/example_dags/plugins/event_listener.py for tasks to queue
[2024-08-09T20:04:17.713+0200] {logging_mixin.py:188} INFO - [2024-08-09T20:04:17.713+0200] {dagbag.py:545} INFO - Filling up the DagBag from /home/bvpelt/Develop/airflowtut/py_env/lib/python3.10/site-packages/airflow/example_dags/plugins/event_listener.py
[2024-08-09T20:04:17.714+0200] {processor.py:842} WARNING - No viable dags retrieved from /home/bvpelt/Develop/airflowtut/py_env/lib/python3.10/site-packages/airflow/example_dags/plugins/event_listener.py
[2024-08-09T20:04:17.720+0200] {processor.py:183} INFO - Processing /home/bvpelt/Develop/airflowtut/py_env/lib/python3.10/site-packages/airflow/example_dags/plugins/event_listener.py took 0.025 seconds
[2024-08-09T20:05:08.896+0200] {processor.py:161} INFO - Started process (PID=21310) to work on /home/bvpelt/Develop/airflowtut/py_env/lib/python3.10/site-packages/airflow/example_dags/plugins/event_listener.py
[2024-08-09T20:05:08.914+0200] {processor.py:830} INFO - Processing file /home/bvpelt/Develop/airflowtut/py_env/lib/python3.10/site-packages/airflow/example_dags/plugins/event_listener.py for tasks to queue
[2024-08-09T20:05:08.918+0200] {logging_mixin.py:188} INFO - [2024-08-09T20:05:08.917+0200] {dagbag.py:545} INFO - Filling up the DagBag from /home/bvpelt/Develop/airflowtut/py_env/lib/python3.10/site-packages/airflow/example_dags/plugins/event_listener.py
[2024-08-09T20:05:08.923+0200] {processor.py:842} WARNING - No viable dags retrieved from /home/bvpelt/Develop/airflowtut/py_env/lib/python3.10/site-packages/airflow/example_dags/plugins/event_listener.py
[2024-08-09T20:05:08.943+0200] {processor.py:183} INFO - Processing /home/bvpelt/Develop/airflowtut/py_env/lib/python3.10/site-packages/airflow/example_dags/plugins/event_listener.py took 0.063 seconds
[2024-08-09T20:06:04.759+0200] {processor.py:161} INFO - Started process (PID=21393) to work on /home/bvpelt/Develop/airflowtut/py_env/lib/python3.10/site-packages/airflow/example_dags/plugins/event_listener.py
[2024-08-09T20:06:04.760+0200] {processor.py:830} INFO - Processing file /home/bvpelt/Develop/airflowtut/py_env/lib/python3.10/site-packages/airflow/example_dags/plugins/event_listener.py for tasks to queue
[2024-08-09T20:06:04.760+0200] {logging_mixin.py:188} INFO - [2024-08-09T20:06:04.760+0200] {dagbag.py:545} INFO - Filling up the DagBag from /home/bvpelt/Develop/airflowtut/py_env/lib/python3.10/site-packages/airflow/example_dags/plugins/event_listener.py
[2024-08-09T20:06:04.761+0200] {processor.py:842} WARNING - No viable dags retrieved from /home/bvpelt/Develop/airflowtut/py_env/lib/python3.10/site-packages/airflow/example_dags/plugins/event_listener.py
[2024-08-09T20:06:04.767+0200] {processor.py:183} INFO - Processing /home/bvpelt/Develop/airflowtut/py_env/lib/python3.10/site-packages/airflow/example_dags/plugins/event_listener.py took 0.011 seconds
[2024-08-09T20:06:59.765+0200] {processor.py:161} INFO - Started process (PID=21485) to work on /home/bvpelt/Develop/airflowtut/py_env/lib/python3.10/site-packages/airflow/example_dags/plugins/event_listener.py
[2024-08-09T20:06:59.767+0200] {processor.py:830} INFO - Processing file /home/bvpelt/Develop/airflowtut/py_env/lib/python3.10/site-packages/airflow/example_dags/plugins/event_listener.py for tasks to queue
[2024-08-09T20:06:59.771+0200] {logging_mixin.py:188} INFO - [2024-08-09T20:06:59.770+0200] {dagbag.py:545} INFO - Filling up the DagBag from /home/bvpelt/Develop/airflowtut/py_env/lib/python3.10/site-packages/airflow/example_dags/plugins/event_listener.py
[2024-08-09T20:06:59.775+0200] {processor.py:842} WARNING - No viable dags retrieved from /home/bvpelt/Develop/airflowtut/py_env/lib/python3.10/site-packages/airflow/example_dags/plugins/event_listener.py
[2024-08-09T20:06:59.788+0200] {processor.py:183} INFO - Processing /home/bvpelt/Develop/airflowtut/py_env/lib/python3.10/site-packages/airflow/example_dags/plugins/event_listener.py took 0.038 seconds
[2024-08-09T20:07:52.023+0200] {processor.py:161} INFO - Started process (PID=21641) to work on /home/bvpelt/Develop/airflowtut/py_env/lib/python3.10/site-packages/airflow/example_dags/plugins/event_listener.py
[2024-08-09T20:07:52.024+0200] {processor.py:830} INFO - Processing file /home/bvpelt/Develop/airflowtut/py_env/lib/python3.10/site-packages/airflow/example_dags/plugins/event_listener.py for tasks to queue
[2024-08-09T20:07:52.025+0200] {logging_mixin.py:188} INFO - [2024-08-09T20:07:52.024+0200] {dagbag.py:545} INFO - Filling up the DagBag from /home/bvpelt/Develop/airflowtut/py_env/lib/python3.10/site-packages/airflow/example_dags/plugins/event_listener.py
[2024-08-09T20:07:52.026+0200] {processor.py:842} WARNING - No viable dags retrieved from /home/bvpelt/Develop/airflowtut/py_env/lib/python3.10/site-packages/airflow/example_dags/plugins/event_listener.py
[2024-08-09T20:07:52.031+0200] {processor.py:183} INFO - Processing /home/bvpelt/Develop/airflowtut/py_env/lib/python3.10/site-packages/airflow/example_dags/plugins/event_listener.py took 0.011 seconds
[2024-08-09T20:08:41.878+0200] {processor.py:161} INFO - Started process (PID=21699) to work on /home/bvpelt/Develop/airflowtut/py_env/lib/python3.10/site-packages/airflow/example_dags/plugins/event_listener.py
[2024-08-09T20:08:41.879+0200] {processor.py:830} INFO - Processing file /home/bvpelt/Develop/airflowtut/py_env/lib/python3.10/site-packages/airflow/example_dags/plugins/event_listener.py for tasks to queue
[2024-08-09T20:08:41.879+0200] {logging_mixin.py:188} INFO - [2024-08-09T20:08:41.879+0200] {dagbag.py:545} INFO - Filling up the DagBag from /home/bvpelt/Develop/airflowtut/py_env/lib/python3.10/site-packages/airflow/example_dags/plugins/event_listener.py
[2024-08-09T20:08:41.880+0200] {processor.py:842} WARNING - No viable dags retrieved from /home/bvpelt/Develop/airflowtut/py_env/lib/python3.10/site-packages/airflow/example_dags/plugins/event_listener.py
[2024-08-09T20:08:41.886+0200] {processor.py:183} INFO - Processing /home/bvpelt/Develop/airflowtut/py_env/lib/python3.10/site-packages/airflow/example_dags/plugins/event_listener.py took 0.011 seconds
[2024-08-09T20:09:34.639+0200] {processor.py:161} INFO - Started process (PID=21756) to work on /home/bvpelt/Develop/airflowtut/py_env/lib/python3.10/site-packages/airflow/example_dags/plugins/event_listener.py
[2024-08-09T20:09:34.640+0200] {processor.py:830} INFO - Processing file /home/bvpelt/Develop/airflowtut/py_env/lib/python3.10/site-packages/airflow/example_dags/plugins/event_listener.py for tasks to queue
[2024-08-09T20:09:34.641+0200] {logging_mixin.py:188} INFO - [2024-08-09T20:09:34.641+0200] {dagbag.py:545} INFO - Filling up the DagBag from /home/bvpelt/Develop/airflowtut/py_env/lib/python3.10/site-packages/airflow/example_dags/plugins/event_listener.py
[2024-08-09T20:09:34.642+0200] {processor.py:842} WARNING - No viable dags retrieved from /home/bvpelt/Develop/airflowtut/py_env/lib/python3.10/site-packages/airflow/example_dags/plugins/event_listener.py
[2024-08-09T20:09:34.647+0200] {processor.py:183} INFO - Processing /home/bvpelt/Develop/airflowtut/py_env/lib/python3.10/site-packages/airflow/example_dags/plugins/event_listener.py took 0.011 seconds
[2024-08-09T20:10:24.289+0200] {processor.py:161} INFO - Started process (PID=21826) to work on /home/bvpelt/Develop/airflowtut/py_env/lib/python3.10/site-packages/airflow/example_dags/plugins/event_listener.py
[2024-08-09T20:10:24.290+0200] {processor.py:830} INFO - Processing file /home/bvpelt/Develop/airflowtut/py_env/lib/python3.10/site-packages/airflow/example_dags/plugins/event_listener.py for tasks to queue
[2024-08-09T20:10:24.290+0200] {logging_mixin.py:188} INFO - [2024-08-09T20:10:24.290+0200] {dagbag.py:545} INFO - Filling up the DagBag from /home/bvpelt/Develop/airflowtut/py_env/lib/python3.10/site-packages/airflow/example_dags/plugins/event_listener.py
[2024-08-09T20:10:24.291+0200] {processor.py:842} WARNING - No viable dags retrieved from /home/bvpelt/Develop/airflowtut/py_env/lib/python3.10/site-packages/airflow/example_dags/plugins/event_listener.py
[2024-08-09T20:10:24.297+0200] {processor.py:183} INFO - Processing /home/bvpelt/Develop/airflowtut/py_env/lib/python3.10/site-packages/airflow/example_dags/plugins/event_listener.py took 0.011 seconds
[2024-08-09T20:11:14.837+0200] {processor.py:161} INFO - Started process (PID=21883) to work on /home/bvpelt/Develop/airflowtut/py_env/lib/python3.10/site-packages/airflow/example_dags/plugins/event_listener.py
[2024-08-09T20:11:14.838+0200] {processor.py:830} INFO - Processing file /home/bvpelt/Develop/airflowtut/py_env/lib/python3.10/site-packages/airflow/example_dags/plugins/event_listener.py for tasks to queue
[2024-08-09T20:11:14.839+0200] {logging_mixin.py:188} INFO - [2024-08-09T20:11:14.838+0200] {dagbag.py:545} INFO - Filling up the DagBag from /home/bvpelt/Develop/airflowtut/py_env/lib/python3.10/site-packages/airflow/example_dags/plugins/event_listener.py
[2024-08-09T20:11:14.840+0200] {processor.py:842} WARNING - No viable dags retrieved from /home/bvpelt/Develop/airflowtut/py_env/lib/python3.10/site-packages/airflow/example_dags/plugins/event_listener.py
[2024-08-09T20:11:14.845+0200] {processor.py:183} INFO - Processing /home/bvpelt/Develop/airflowtut/py_env/lib/python3.10/site-packages/airflow/example_dags/plugins/event_listener.py took 0.012 seconds
[2024-08-09T20:12:04.396+0200] {processor.py:161} INFO - Started process (PID=21966) to work on /home/bvpelt/Develop/airflowtut/py_env/lib/python3.10/site-packages/airflow/example_dags/plugins/event_listener.py
[2024-08-09T20:12:04.397+0200] {processor.py:830} INFO - Processing file /home/bvpelt/Develop/airflowtut/py_env/lib/python3.10/site-packages/airflow/example_dags/plugins/event_listener.py for tasks to queue
[2024-08-09T20:12:04.397+0200] {logging_mixin.py:188} INFO - [2024-08-09T20:12:04.397+0200] {dagbag.py:545} INFO - Filling up the DagBag from /home/bvpelt/Develop/airflowtut/py_env/lib/python3.10/site-packages/airflow/example_dags/plugins/event_listener.py
[2024-08-09T20:12:04.399+0200] {processor.py:842} WARNING - No viable dags retrieved from /home/bvpelt/Develop/airflowtut/py_env/lib/python3.10/site-packages/airflow/example_dags/plugins/event_listener.py
[2024-08-09T20:12:04.404+0200] {processor.py:183} INFO - Processing /home/bvpelt/Develop/airflowtut/py_env/lib/python3.10/site-packages/airflow/example_dags/plugins/event_listener.py took 0.011 seconds
[2024-08-09T20:12:54.516+0200] {processor.py:161} INFO - Started process (PID=22077) to work on /home/bvpelt/Develop/airflowtut/py_env/lib/python3.10/site-packages/airflow/example_dags/plugins/event_listener.py
[2024-08-09T20:12:54.516+0200] {processor.py:830} INFO - Processing file /home/bvpelt/Develop/airflowtut/py_env/lib/python3.10/site-packages/airflow/example_dags/plugins/event_listener.py for tasks to queue
[2024-08-09T20:12:54.517+0200] {logging_mixin.py:188} INFO - [2024-08-09T20:12:54.517+0200] {dagbag.py:545} INFO - Filling up the DagBag from /home/bvpelt/Develop/airflowtut/py_env/lib/python3.10/site-packages/airflow/example_dags/plugins/event_listener.py
[2024-08-09T20:12:54.518+0200] {processor.py:842} WARNING - No viable dags retrieved from /home/bvpelt/Develop/airflowtut/py_env/lib/python3.10/site-packages/airflow/example_dags/plugins/event_listener.py
[2024-08-09T20:12:54.524+0200] {processor.py:183} INFO - Processing /home/bvpelt/Develop/airflowtut/py_env/lib/python3.10/site-packages/airflow/example_dags/plugins/event_listener.py took 0.011 seconds
[2024-08-09T20:13:48.409+0200] {processor.py:161} INFO - Started process (PID=22143) to work on /home/bvpelt/Develop/airflowtut/py_env/lib/python3.10/site-packages/airflow/example_dags/plugins/event_listener.py
[2024-08-09T20:13:48.428+0200] {processor.py:830} INFO - Processing file /home/bvpelt/Develop/airflowtut/py_env/lib/python3.10/site-packages/airflow/example_dags/plugins/event_listener.py for tasks to queue
[2024-08-09T20:13:48.432+0200] {logging_mixin.py:188} INFO - [2024-08-09T20:13:48.431+0200] {dagbag.py:545} INFO - Filling up the DagBag from /home/bvpelt/Develop/airflowtut/py_env/lib/python3.10/site-packages/airflow/example_dags/plugins/event_listener.py
[2024-08-09T20:13:48.438+0200] {processor.py:842} WARNING - No viable dags retrieved from /home/bvpelt/Develop/airflowtut/py_env/lib/python3.10/site-packages/airflow/example_dags/plugins/event_listener.py
[2024-08-09T20:13:48.458+0200] {processor.py:183} INFO - Processing /home/bvpelt/Develop/airflowtut/py_env/lib/python3.10/site-packages/airflow/example_dags/plugins/event_listener.py took 0.064 seconds
[2024-08-09T20:14:41.635+0200] {processor.py:161} INFO - Started process (PID=22210) to work on /home/bvpelt/Develop/airflowtut/py_env/lib/python3.10/site-packages/airflow/example_dags/plugins/event_listener.py
[2024-08-09T20:14:41.636+0200] {processor.py:830} INFO - Processing file /home/bvpelt/Develop/airflowtut/py_env/lib/python3.10/site-packages/airflow/example_dags/plugins/event_listener.py for tasks to queue
[2024-08-09T20:14:41.636+0200] {logging_mixin.py:188} INFO - [2024-08-09T20:14:41.636+0200] {dagbag.py:545} INFO - Filling up the DagBag from /home/bvpelt/Develop/airflowtut/py_env/lib/python3.10/site-packages/airflow/example_dags/plugins/event_listener.py
[2024-08-09T20:14:41.638+0200] {processor.py:842} WARNING - No viable dags retrieved from /home/bvpelt/Develop/airflowtut/py_env/lib/python3.10/site-packages/airflow/example_dags/plugins/event_listener.py
[2024-08-09T20:14:41.643+0200] {processor.py:183} INFO - Processing /home/bvpelt/Develop/airflowtut/py_env/lib/python3.10/site-packages/airflow/example_dags/plugins/event_listener.py took 0.011 seconds
[2024-08-09T20:15:28.718+0200] {processor.py:161} INFO - Started process (PID=22286) to work on /home/bvpelt/Develop/airflowtut/py_env/lib/python3.10/site-packages/airflow/example_dags/plugins/event_listener.py
[2024-08-09T20:15:28.719+0200] {processor.py:830} INFO - Processing file /home/bvpelt/Develop/airflowtut/py_env/lib/python3.10/site-packages/airflow/example_dags/plugins/event_listener.py for tasks to queue
[2024-08-09T20:15:28.719+0200] {logging_mixin.py:188} INFO - [2024-08-09T20:15:28.719+0200] {dagbag.py:545} INFO - Filling up the DagBag from /home/bvpelt/Develop/airflowtut/py_env/lib/python3.10/site-packages/airflow/example_dags/plugins/event_listener.py
[2024-08-09T20:15:28.721+0200] {processor.py:842} WARNING - No viable dags retrieved from /home/bvpelt/Develop/airflowtut/py_env/lib/python3.10/site-packages/airflow/example_dags/plugins/event_listener.py
[2024-08-09T20:15:28.726+0200] {processor.py:183} INFO - Processing /home/bvpelt/Develop/airflowtut/py_env/lib/python3.10/site-packages/airflow/example_dags/plugins/event_listener.py took 0.011 seconds
[2024-08-09T20:16:17.461+0200] {processor.py:161} INFO - Started process (PID=22344) to work on /home/bvpelt/Develop/airflowtut/py_env/lib/python3.10/site-packages/airflow/example_dags/plugins/event_listener.py
[2024-08-09T20:16:17.463+0200] {processor.py:830} INFO - Processing file /home/bvpelt/Develop/airflowtut/py_env/lib/python3.10/site-packages/airflow/example_dags/plugins/event_listener.py for tasks to queue
[2024-08-09T20:16:17.467+0200] {logging_mixin.py:188} INFO - [2024-08-09T20:16:17.466+0200] {dagbag.py:545} INFO - Filling up the DagBag from /home/bvpelt/Develop/airflowtut/py_env/lib/python3.10/site-packages/airflow/example_dags/plugins/event_listener.py
[2024-08-09T20:16:17.472+0200] {processor.py:842} WARNING - No viable dags retrieved from /home/bvpelt/Develop/airflowtut/py_env/lib/python3.10/site-packages/airflow/example_dags/plugins/event_listener.py
[2024-08-09T20:16:17.485+0200] {processor.py:183} INFO - Processing /home/bvpelt/Develop/airflowtut/py_env/lib/python3.10/site-packages/airflow/example_dags/plugins/event_listener.py took 0.039 seconds
