[2024-08-09T19:42:58.071+0200] {processor.py:161} INFO - Started process (PID=17678) to work on /home/bvpelt/Develop/airflowtut/py_env/lib/python3.10/site-packages/airflow/example_dags/plugins/listener_plugin.py
[2024-08-09T19:42:58.071+0200] {processor.py:830} INFO - Processing file /home/bvpelt/Develop/airflowtut/py_env/lib/python3.10/site-packages/airflow/example_dags/plugins/listener_plugin.py for tasks to queue
[2024-08-09T19:42:58.072+0200] {logging_mixin.py:188} INFO - [2024-08-09T19:42:58.072+0200] {dagbag.py:545} INFO - Filling up the DagBag from /home/bvpelt/Develop/airflowtut/py_env/lib/python3.10/site-packages/airflow/example_dags/plugins/listener_plugin.py
[2024-08-09T19:42:58.073+0200] {processor.py:842} WARNING - No viable dags retrieved from /home/bvpelt/Develop/airflowtut/py_env/lib/python3.10/site-packages/airflow/example_dags/plugins/listener_plugin.py
[2024-08-09T19:42:58.079+0200] {processor.py:183} INFO - Processing /home/bvpelt/Develop/airflowtut/py_env/lib/python3.10/site-packages/airflow/example_dags/plugins/listener_plugin.py took 0.011 seconds
[2024-08-09T19:44:08.177+0200] {processor.py:161} INFO - Started process (PID=17933) to work on /home/bvpelt/Develop/airflowtut/py_env/lib/python3.10/site-packages/airflow/example_dags/plugins/listener_plugin.py
[2024-08-09T19:44:08.178+0200] {processor.py:830} INFO - Processing file /home/bvpelt/Develop/airflowtut/py_env/lib/python3.10/site-packages/airflow/example_dags/plugins/listener_plugin.py for tasks to queue
[2024-08-09T19:44:08.178+0200] {logging_mixin.py:188} INFO - [2024-08-09T19:44:08.178+0200] {dagbag.py:545} INFO - Filling up the DagBag from /home/bvpelt/Develop/airflowtut/py_env/lib/python3.10/site-packages/airflow/example_dags/plugins/listener_plugin.py
[2024-08-09T19:44:08.180+0200] {processor.py:842} WARNING - No viable dags retrieved from /home/bvpelt/Develop/airflowtut/py_env/lib/python3.10/site-packages/airflow/example_dags/plugins/listener_plugin.py
[2024-08-09T19:44:08.185+0200] {processor.py:183} INFO - Processing /home/bvpelt/Develop/airflowtut/py_env/lib/python3.10/site-packages/airflow/example_dags/plugins/listener_plugin.py took 0.011 seconds
[2024-08-09T19:45:04.527+0200] {processor.py:161} INFO - Started process (PID=18206) to work on /home/bvpelt/Develop/airflowtut/py_env/lib/python3.10/site-packages/airflow/example_dags/plugins/listener_plugin.py
[2024-08-09T19:45:04.527+0200] {processor.py:830} INFO - Processing file /home/bvpelt/Develop/airflowtut/py_env/lib/python3.10/site-packages/airflow/example_dags/plugins/listener_plugin.py for tasks to queue
[2024-08-09T19:45:04.528+0200] {logging_mixin.py:188} INFO - [2024-08-09T19:45:04.528+0200] {dagbag.py:545} INFO - Filling up the DagBag from /home/bvpelt/Develop/airflowtut/py_env/lib/python3.10/site-packages/airflow/example_dags/plugins/listener_plugin.py
[2024-08-09T19:45:04.530+0200] {processor.py:842} WARNING - No viable dags retrieved from /home/bvpelt/Develop/airflowtut/py_env/lib/python3.10/site-packages/airflow/example_dags/plugins/listener_plugin.py
[2024-08-09T19:45:04.535+0200] {processor.py:183} INFO - Processing /home/bvpelt/Develop/airflowtut/py_env/lib/python3.10/site-packages/airflow/example_dags/plugins/listener_plugin.py took 0.011 seconds
[2024-08-09T19:46:14.206+0200] {processor.py:161} INFO - Started process (PID=18583) to work on /home/bvpelt/Develop/airflowtut/py_env/lib/python3.10/site-packages/airflow/example_dags/plugins/listener_plugin.py
[2024-08-09T19:46:14.207+0200] {processor.py:830} INFO - Processing file /home/bvpelt/Develop/airflowtut/py_env/lib/python3.10/site-packages/airflow/example_dags/plugins/listener_plugin.py for tasks to queue
[2024-08-09T19:46:14.208+0200] {logging_mixin.py:188} INFO - [2024-08-09T19:46:14.207+0200] {dagbag.py:545} INFO - Filling up the DagBag from /home/bvpelt/Develop/airflowtut/py_env/lib/python3.10/site-packages/airflow/example_dags/plugins/listener_plugin.py
[2024-08-09T19:46:14.209+0200] {processor.py:842} WARNING - No viable dags retrieved from /home/bvpelt/Develop/airflowtut/py_env/lib/python3.10/site-packages/airflow/example_dags/plugins/listener_plugin.py
[2024-08-09T19:46:14.214+0200] {processor.py:183} INFO - Processing /home/bvpelt/Develop/airflowtut/py_env/lib/python3.10/site-packages/airflow/example_dags/plugins/listener_plugin.py took 0.011 seconds
[2024-08-09T19:47:20.994+0200] {processor.py:161} INFO - Started process (PID=18887) to work on /home/bvpelt/Develop/airflowtut/py_env/lib/python3.10/site-packages/airflow/example_dags/plugins/listener_plugin.py
[2024-08-09T19:47:20.994+0200] {processor.py:830} INFO - Processing file /home/bvpelt/Develop/airflowtut/py_env/lib/python3.10/site-packages/airflow/example_dags/plugins/listener_plugin.py for tasks to queue
[2024-08-09T19:47:20.995+0200] {logging_mixin.py:188} INFO - [2024-08-09T19:47:20.995+0200] {dagbag.py:545} INFO - Filling up the DagBag from /home/bvpelt/Develop/airflowtut/py_env/lib/python3.10/site-packages/airflow/example_dags/plugins/listener_plugin.py
[2024-08-09T19:47:20.997+0200] {processor.py:842} WARNING - No viable dags retrieved from /home/bvpelt/Develop/airflowtut/py_env/lib/python3.10/site-packages/airflow/example_dags/plugins/listener_plugin.py
[2024-08-09T19:47:21.002+0200] {processor.py:183} INFO - Processing /home/bvpelt/Develop/airflowtut/py_env/lib/python3.10/site-packages/airflow/example_dags/plugins/listener_plugin.py took 0.011 seconds
[2024-08-09T19:48:21.893+0200] {processor.py:161} INFO - Started process (PID=19069) to work on /home/bvpelt/Develop/airflowtut/py_env/lib/python3.10/site-packages/airflow/example_dags/plugins/listener_plugin.py
[2024-08-09T19:48:21.893+0200] {processor.py:830} INFO - Processing file /home/bvpelt/Develop/airflowtut/py_env/lib/python3.10/site-packages/airflow/example_dags/plugins/listener_plugin.py for tasks to queue
[2024-08-09T19:48:21.894+0200] {logging_mixin.py:188} INFO - [2024-08-09T19:48:21.894+0200] {dagbag.py:545} INFO - Filling up the DagBag from /home/bvpelt/Develop/airflowtut/py_env/lib/python3.10/site-packages/airflow/example_dags/plugins/listener_plugin.py
[2024-08-09T19:48:21.896+0200] {processor.py:842} WARNING - No viable dags retrieved from /home/bvpelt/Develop/airflowtut/py_env/lib/python3.10/site-packages/airflow/example_dags/plugins/listener_plugin.py
[2024-08-09T19:48:21.901+0200] {processor.py:183} INFO - Processing /home/bvpelt/Develop/airflowtut/py_env/lib/python3.10/site-packages/airflow/example_dags/plugins/listener_plugin.py took 0.011 seconds
[2024-08-09T19:49:12.871+0200] {processor.py:161} INFO - Started process (PID=19179) to work on /home/bvpelt/Develop/airflowtut/py_env/lib/python3.10/site-packages/airflow/example_dags/plugins/listener_plugin.py
[2024-08-09T19:49:12.872+0200] {processor.py:830} INFO - Processing file /home/bvpelt/Develop/airflowtut/py_env/lib/python3.10/site-packages/airflow/example_dags/plugins/listener_plugin.py for tasks to queue
[2024-08-09T19:49:12.873+0200] {logging_mixin.py:188} INFO - [2024-08-09T19:49:12.872+0200] {dagbag.py:545} INFO - Filling up the DagBag from /home/bvpelt/Develop/airflowtut/py_env/lib/python3.10/site-packages/airflow/example_dags/plugins/listener_plugin.py
[2024-08-09T19:49:12.874+0200] {processor.py:842} WARNING - No viable dags retrieved from /home/bvpelt/Develop/airflowtut/py_env/lib/python3.10/site-packages/airflow/example_dags/plugins/listener_plugin.py
[2024-08-09T19:49:12.879+0200] {processor.py:183} INFO - Processing /home/bvpelt/Develop/airflowtut/py_env/lib/python3.10/site-packages/airflow/example_dags/plugins/listener_plugin.py took 0.011 seconds
[2024-08-09T19:50:04.795+0200] {processor.py:161} INFO - Started process (PID=19317) to work on /home/bvpelt/Develop/airflowtut/py_env/lib/python3.10/site-packages/airflow/example_dags/plugins/listener_plugin.py
[2024-08-09T19:50:04.813+0200] {processor.py:830} INFO - Processing file /home/bvpelt/Develop/airflowtut/py_env/lib/python3.10/site-packages/airflow/example_dags/plugins/listener_plugin.py for tasks to queue
[2024-08-09T19:50:04.814+0200] {logging_mixin.py:188} INFO - [2024-08-09T19:50:04.813+0200] {dagbag.py:545} INFO - Filling up the DagBag from /home/bvpelt/Develop/airflowtut/py_env/lib/python3.10/site-packages/airflow/example_dags/plugins/listener_plugin.py
[2024-08-09T19:50:04.815+0200] {processor.py:842} WARNING - No viable dags retrieved from /home/bvpelt/Develop/airflowtut/py_env/lib/python3.10/site-packages/airflow/example_dags/plugins/listener_plugin.py
[2024-08-09T19:50:04.821+0200] {processor.py:183} INFO - Processing /home/bvpelt/Develop/airflowtut/py_env/lib/python3.10/site-packages/airflow/example_dags/plugins/listener_plugin.py took 0.029 seconds
[2024-08-09T19:50:56.710+0200] {processor.py:161} INFO - Started process (PID=19410) to work on /home/bvpelt/Develop/airflowtut/py_env/lib/python3.10/site-packages/airflow/example_dags/plugins/listener_plugin.py
[2024-08-09T19:50:56.711+0200] {processor.py:830} INFO - Processing file /home/bvpelt/Develop/airflowtut/py_env/lib/python3.10/site-packages/airflow/example_dags/plugins/listener_plugin.py for tasks to queue
[2024-08-09T19:50:56.712+0200] {logging_mixin.py:188} INFO - [2024-08-09T19:50:56.711+0200] {dagbag.py:545} INFO - Filling up the DagBag from /home/bvpelt/Develop/airflowtut/py_env/lib/python3.10/site-packages/airflow/example_dags/plugins/listener_plugin.py
[2024-08-09T19:50:56.713+0200] {processor.py:842} WARNING - No viable dags retrieved from /home/bvpelt/Develop/airflowtut/py_env/lib/python3.10/site-packages/airflow/example_dags/plugins/listener_plugin.py
[2024-08-09T19:50:56.718+0200] {processor.py:183} INFO - Processing /home/bvpelt/Develop/airflowtut/py_env/lib/python3.10/site-packages/airflow/example_dags/plugins/listener_plugin.py took 0.011 seconds
[2024-08-09T19:51:47.492+0200] {processor.py:161} INFO - Started process (PID=19586) to work on /home/bvpelt/Develop/airflowtut/py_env/lib/python3.10/site-packages/airflow/example_dags/plugins/listener_plugin.py
[2024-08-09T19:51:47.493+0200] {processor.py:830} INFO - Processing file /home/bvpelt/Develop/airflowtut/py_env/lib/python3.10/site-packages/airflow/example_dags/plugins/listener_plugin.py for tasks to queue
[2024-08-09T19:51:47.494+0200] {logging_mixin.py:188} INFO - [2024-08-09T19:51:47.493+0200] {dagbag.py:545} INFO - Filling up the DagBag from /home/bvpelt/Develop/airflowtut/py_env/lib/python3.10/site-packages/airflow/example_dags/plugins/listener_plugin.py
[2024-08-09T19:51:47.495+0200] {processor.py:842} WARNING - No viable dags retrieved from /home/bvpelt/Develop/airflowtut/py_env/lib/python3.10/site-packages/airflow/example_dags/plugins/listener_plugin.py
[2024-08-09T19:51:47.500+0200] {processor.py:183} INFO - Processing /home/bvpelt/Develop/airflowtut/py_env/lib/python3.10/site-packages/airflow/example_dags/plugins/listener_plugin.py took 0.011 seconds
[2024-08-09T19:52:55.087+0200] {processor.py:161} INFO - Started process (PID=20064) to work on /home/bvpelt/Develop/airflowtut/py_env/lib/python3.10/site-packages/airflow/example_dags/plugins/listener_plugin.py
[2024-08-09T19:52:55.088+0200] {processor.py:830} INFO - Processing file /home/bvpelt/Develop/airflowtut/py_env/lib/python3.10/site-packages/airflow/example_dags/plugins/listener_plugin.py for tasks to queue
[2024-08-09T19:52:55.089+0200] {logging_mixin.py:188} INFO - [2024-08-09T19:52:55.088+0200] {dagbag.py:545} INFO - Filling up the DagBag from /home/bvpelt/Develop/airflowtut/py_env/lib/python3.10/site-packages/airflow/example_dags/plugins/listener_plugin.py
[2024-08-09T19:52:55.090+0200] {processor.py:842} WARNING - No viable dags retrieved from /home/bvpelt/Develop/airflowtut/py_env/lib/python3.10/site-packages/airflow/example_dags/plugins/listener_plugin.py
[2024-08-09T19:52:55.095+0200] {processor.py:183} INFO - Processing /home/bvpelt/Develop/airflowtut/py_env/lib/python3.10/site-packages/airflow/example_dags/plugins/listener_plugin.py took 0.011 seconds
[2024-08-09T19:53:51.232+0200] {processor.py:161} INFO - Started process (PID=20124) to work on /home/bvpelt/Develop/airflowtut/py_env/lib/python3.10/site-packages/airflow/example_dags/plugins/listener_plugin.py
[2024-08-09T19:53:51.271+0200] {processor.py:830} INFO - Processing file /home/bvpelt/Develop/airflowtut/py_env/lib/python3.10/site-packages/airflow/example_dags/plugins/listener_plugin.py for tasks to queue
[2024-08-09T19:53:51.273+0200] {logging_mixin.py:188} INFO - [2024-08-09T19:53:51.272+0200] {dagbag.py:545} INFO - Filling up the DagBag from /home/bvpelt/Develop/airflowtut/py_env/lib/python3.10/site-packages/airflow/example_dags/plugins/listener_plugin.py
[2024-08-09T19:53:51.276+0200] {processor.py:842} WARNING - No viable dags retrieved from /home/bvpelt/Develop/airflowtut/py_env/lib/python3.10/site-packages/airflow/example_dags/plugins/listener_plugin.py
[2024-08-09T19:53:51.292+0200] {processor.py:183} INFO - Processing /home/bvpelt/Develop/airflowtut/py_env/lib/python3.10/site-packages/airflow/example_dags/plugins/listener_plugin.py took 0.063 seconds
[2024-08-09T19:54:43.911+0200] {processor.py:161} INFO - Started process (PID=20191) to work on /home/bvpelt/Develop/airflowtut/py_env/lib/python3.10/site-packages/airflow/example_dags/plugins/listener_plugin.py
[2024-08-09T19:54:43.911+0200] {processor.py:830} INFO - Processing file /home/bvpelt/Develop/airflowtut/py_env/lib/python3.10/site-packages/airflow/example_dags/plugins/listener_plugin.py for tasks to queue
[2024-08-09T19:54:43.912+0200] {logging_mixin.py:188} INFO - [2024-08-09T19:54:43.912+0200] {dagbag.py:545} INFO - Filling up the DagBag from /home/bvpelt/Develop/airflowtut/py_env/lib/python3.10/site-packages/airflow/example_dags/plugins/listener_plugin.py
[2024-08-09T19:54:43.914+0200] {processor.py:842} WARNING - No viable dags retrieved from /home/bvpelt/Develop/airflowtut/py_env/lib/python3.10/site-packages/airflow/example_dags/plugins/listener_plugin.py
[2024-08-09T19:54:43.919+0200] {processor.py:183} INFO - Processing /home/bvpelt/Develop/airflowtut/py_env/lib/python3.10/site-packages/airflow/example_dags/plugins/listener_plugin.py took 0.012 seconds
[2024-08-09T19:55:34.791+0200] {processor.py:161} INFO - Started process (PID=20289) to work on /home/bvpelt/Develop/airflowtut/py_env/lib/python3.10/site-packages/airflow/example_dags/plugins/listener_plugin.py
[2024-08-09T19:55:34.792+0200] {processor.py:830} INFO - Processing file /home/bvpelt/Develop/airflowtut/py_env/lib/python3.10/site-packages/airflow/example_dags/plugins/listener_plugin.py for tasks to queue
[2024-08-09T19:55:34.793+0200] {logging_mixin.py:188} INFO - [2024-08-09T19:55:34.792+0200] {dagbag.py:545} INFO - Filling up the DagBag from /home/bvpelt/Develop/airflowtut/py_env/lib/python3.10/site-packages/airflow/example_dags/plugins/listener_plugin.py
[2024-08-09T19:55:34.794+0200] {processor.py:842} WARNING - No viable dags retrieved from /home/bvpelt/Develop/airflowtut/py_env/lib/python3.10/site-packages/airflow/example_dags/plugins/listener_plugin.py
[2024-08-09T19:55:34.799+0200] {processor.py:183} INFO - Processing /home/bvpelt/Develop/airflowtut/py_env/lib/python3.10/site-packages/airflow/example_dags/plugins/listener_plugin.py took 0.011 seconds
[2024-08-09T19:56:20.566+0200] {processor.py:161} INFO - Started process (PID=20350) to work on /home/bvpelt/Develop/airflowtut/py_env/lib/python3.10/site-packages/airflow/example_dags/plugins/listener_plugin.py
[2024-08-09T19:56:20.567+0200] {processor.py:830} INFO - Processing file /home/bvpelt/Develop/airflowtut/py_env/lib/python3.10/site-packages/airflow/example_dags/plugins/listener_plugin.py for tasks to queue
[2024-08-09T19:56:20.568+0200] {logging_mixin.py:188} INFO - [2024-08-09T19:56:20.567+0200] {dagbag.py:545} INFO - Filling up the DagBag from /home/bvpelt/Develop/airflowtut/py_env/lib/python3.10/site-packages/airflow/example_dags/plugins/listener_plugin.py
[2024-08-09T19:56:20.569+0200] {processor.py:842} WARNING - No viable dags retrieved from /home/bvpelt/Develop/airflowtut/py_env/lib/python3.10/site-packages/airflow/example_dags/plugins/listener_plugin.py
[2024-08-09T19:56:20.575+0200] {processor.py:183} INFO - Processing /home/bvpelt/Develop/airflowtut/py_env/lib/python3.10/site-packages/airflow/example_dags/plugins/listener_plugin.py took 0.012 seconds
[2024-08-09T19:57:11.324+0200] {processor.py:161} INFO - Started process (PID=20404) to work on /home/bvpelt/Develop/airflowtut/py_env/lib/python3.10/site-packages/airflow/example_dags/plugins/listener_plugin.py
[2024-08-09T19:57:11.325+0200] {processor.py:830} INFO - Processing file /home/bvpelt/Develop/airflowtut/py_env/lib/python3.10/site-packages/airflow/example_dags/plugins/listener_plugin.py for tasks to queue
[2024-08-09T19:57:11.326+0200] {logging_mixin.py:188} INFO - [2024-08-09T19:57:11.326+0200] {dagbag.py:545} INFO - Filling up the DagBag from /home/bvpelt/Develop/airflowtut/py_env/lib/python3.10/site-packages/airflow/example_dags/plugins/listener_plugin.py
[2024-08-09T19:57:11.327+0200] {processor.py:842} WARNING - No viable dags retrieved from /home/bvpelt/Develop/airflowtut/py_env/lib/python3.10/site-packages/airflow/example_dags/plugins/listener_plugin.py
[2024-08-09T19:57:11.332+0200] {processor.py:183} INFO - Processing /home/bvpelt/Develop/airflowtut/py_env/lib/python3.10/site-packages/airflow/example_dags/plugins/listener_plugin.py took 0.011 seconds
[2024-08-09T19:58:02.264+0200] {processor.py:161} INFO - Started process (PID=20531) to work on /home/bvpelt/Develop/airflowtut/py_env/lib/python3.10/site-packages/airflow/example_dags/plugins/listener_plugin.py
[2024-08-09T19:58:02.274+0200] {processor.py:830} INFO - Processing file /home/bvpelt/Develop/airflowtut/py_env/lib/python3.10/site-packages/airflow/example_dags/plugins/listener_plugin.py for tasks to queue
[2024-08-09T19:58:02.275+0200] {logging_mixin.py:188} INFO - [2024-08-09T19:58:02.274+0200] {dagbag.py:545} INFO - Filling up the DagBag from /home/bvpelt/Develop/airflowtut/py_env/lib/python3.10/site-packages/airflow/example_dags/plugins/listener_plugin.py
[2024-08-09T19:58:02.276+0200] {processor.py:842} WARNING - No viable dags retrieved from /home/bvpelt/Develop/airflowtut/py_env/lib/python3.10/site-packages/airflow/example_dags/plugins/listener_plugin.py
[2024-08-09T19:58:02.282+0200] {processor.py:183} INFO - Processing /home/bvpelt/Develop/airflowtut/py_env/lib/python3.10/site-packages/airflow/example_dags/plugins/listener_plugin.py took 0.021 seconds
[2024-08-09T19:58:58.281+0200] {processor.py:161} INFO - Started process (PID=20674) to work on /home/bvpelt/Develop/airflowtut/py_env/lib/python3.10/site-packages/airflow/example_dags/plugins/listener_plugin.py
[2024-08-09T19:58:58.295+0200] {processor.py:830} INFO - Processing file /home/bvpelt/Develop/airflowtut/py_env/lib/python3.10/site-packages/airflow/example_dags/plugins/listener_plugin.py for tasks to queue
[2024-08-09T19:58:58.298+0200] {logging_mixin.py:188} INFO - [2024-08-09T19:58:58.297+0200] {dagbag.py:545} INFO - Filling up the DagBag from /home/bvpelt/Develop/airflowtut/py_env/lib/python3.10/site-packages/airflow/example_dags/plugins/listener_plugin.py
[2024-08-09T19:58:58.303+0200] {processor.py:842} WARNING - No viable dags retrieved from /home/bvpelt/Develop/airflowtut/py_env/lib/python3.10/site-packages/airflow/example_dags/plugins/listener_plugin.py
[2024-08-09T19:58:58.319+0200] {processor.py:183} INFO - Processing /home/bvpelt/Develop/airflowtut/py_env/lib/python3.10/site-packages/airflow/example_dags/plugins/listener_plugin.py took 0.048 seconds
[2024-08-09T19:59:53.648+0200] {processor.py:161} INFO - Started process (PID=20729) to work on /home/bvpelt/Develop/airflowtut/py_env/lib/python3.10/site-packages/airflow/example_dags/plugins/listener_plugin.py
[2024-08-09T19:59:53.658+0200] {processor.py:830} INFO - Processing file /home/bvpelt/Develop/airflowtut/py_env/lib/python3.10/site-packages/airflow/example_dags/plugins/listener_plugin.py for tasks to queue
[2024-08-09T19:59:53.659+0200] {logging_mixin.py:188} INFO - [2024-08-09T19:59:53.659+0200] {dagbag.py:545} INFO - Filling up the DagBag from /home/bvpelt/Develop/airflowtut/py_env/lib/python3.10/site-packages/airflow/example_dags/plugins/listener_plugin.py
[2024-08-09T19:59:53.660+0200] {processor.py:842} WARNING - No viable dags retrieved from /home/bvpelt/Develop/airflowtut/py_env/lib/python3.10/site-packages/airflow/example_dags/plugins/listener_plugin.py
[2024-08-09T19:59:53.666+0200] {processor.py:183} INFO - Processing /home/bvpelt/Develop/airflowtut/py_env/lib/python3.10/site-packages/airflow/example_dags/plugins/listener_plugin.py took 0.021 seconds
[2024-08-09T20:00:43.855+0200] {processor.py:161} INFO - Started process (PID=20808) to work on /home/bvpelt/Develop/airflowtut/py_env/lib/python3.10/site-packages/airflow/example_dags/plugins/listener_plugin.py
[2024-08-09T20:00:43.856+0200] {processor.py:830} INFO - Processing file /home/bvpelt/Develop/airflowtut/py_env/lib/python3.10/site-packages/airflow/example_dags/plugins/listener_plugin.py for tasks to queue
[2024-08-09T20:00:43.857+0200] {logging_mixin.py:188} INFO - [2024-08-09T20:00:43.856+0200] {dagbag.py:545} INFO - Filling up the DagBag from /home/bvpelt/Develop/airflowtut/py_env/lib/python3.10/site-packages/airflow/example_dags/plugins/listener_plugin.py
[2024-08-09T20:00:43.858+0200] {processor.py:842} WARNING - No viable dags retrieved from /home/bvpelt/Develop/airflowtut/py_env/lib/python3.10/site-packages/airflow/example_dags/plugins/listener_plugin.py
[2024-08-09T20:00:43.863+0200] {processor.py:183} INFO - Processing /home/bvpelt/Develop/airflowtut/py_env/lib/python3.10/site-packages/airflow/example_dags/plugins/listener_plugin.py took 0.011 seconds
[2024-08-09T20:01:34.200+0200] {processor.py:161} INFO - Started process (PID=20865) to work on /home/bvpelt/Develop/airflowtut/py_env/lib/python3.10/site-packages/airflow/example_dags/plugins/listener_plugin.py
[2024-08-09T20:01:34.215+0200] {processor.py:830} INFO - Processing file /home/bvpelt/Develop/airflowtut/py_env/lib/python3.10/site-packages/airflow/example_dags/plugins/listener_plugin.py for tasks to queue
[2024-08-09T20:01:34.219+0200] {logging_mixin.py:188} INFO - [2024-08-09T20:01:34.218+0200] {dagbag.py:545} INFO - Filling up the DagBag from /home/bvpelt/Develop/airflowtut/py_env/lib/python3.10/site-packages/airflow/example_dags/plugins/listener_plugin.py
[2024-08-09T20:01:34.221+0200] {processor.py:842} WARNING - No viable dags retrieved from /home/bvpelt/Develop/airflowtut/py_env/lib/python3.10/site-packages/airflow/example_dags/plugins/listener_plugin.py
[2024-08-09T20:01:34.226+0200] {processor.py:183} INFO - Processing /home/bvpelt/Develop/airflowtut/py_env/lib/python3.10/site-packages/airflow/example_dags/plugins/listener_plugin.py took 0.030 seconds
[2024-08-09T20:02:24.076+0200] {processor.py:161} INFO - Started process (PID=21022) to work on /home/bvpelt/Develop/airflowtut/py_env/lib/python3.10/site-packages/airflow/example_dags/plugins/listener_plugin.py
[2024-08-09T20:02:24.171+0200] {processor.py:830} INFO - Processing file /home/bvpelt/Develop/airflowtut/py_env/lib/python3.10/site-packages/airflow/example_dags/plugins/listener_plugin.py for tasks to queue
[2024-08-09T20:02:24.175+0200] {logging_mixin.py:188} INFO - [2024-08-09T20:02:24.174+0200] {dagbag.py:545} INFO - Filling up the DagBag from /home/bvpelt/Develop/airflowtut/py_env/lib/python3.10/site-packages/airflow/example_dags/plugins/listener_plugin.py
[2024-08-09T20:02:24.181+0200] {processor.py:842} WARNING - No viable dags retrieved from /home/bvpelt/Develop/airflowtut/py_env/lib/python3.10/site-packages/airflow/example_dags/plugins/listener_plugin.py
[2024-08-09T20:02:24.206+0200] {processor.py:183} INFO - Processing /home/bvpelt/Develop/airflowtut/py_env/lib/python3.10/site-packages/airflow/example_dags/plugins/listener_plugin.py took 0.133 seconds
[2024-08-09T20:03:21.333+0200] {processor.py:161} INFO - Started process (PID=21090) to work on /home/bvpelt/Develop/airflowtut/py_env/lib/python3.10/site-packages/airflow/example_dags/plugins/listener_plugin.py
[2024-08-09T20:03:21.341+0200] {processor.py:830} INFO - Processing file /home/bvpelt/Develop/airflowtut/py_env/lib/python3.10/site-packages/airflow/example_dags/plugins/listener_plugin.py for tasks to queue
[2024-08-09T20:03:21.342+0200] {logging_mixin.py:188} INFO - [2024-08-09T20:03:21.342+0200] {dagbag.py:545} INFO - Filling up the DagBag from /home/bvpelt/Develop/airflowtut/py_env/lib/python3.10/site-packages/airflow/example_dags/plugins/listener_plugin.py
[2024-08-09T20:03:21.344+0200] {processor.py:842} WARNING - No viable dags retrieved from /home/bvpelt/Develop/airflowtut/py_env/lib/python3.10/site-packages/airflow/example_dags/plugins/listener_plugin.py
[2024-08-09T20:03:21.350+0200] {processor.py:183} INFO - Processing /home/bvpelt/Develop/airflowtut/py_env/lib/python3.10/site-packages/airflow/example_dags/plugins/listener_plugin.py took 0.020 seconds
[2024-08-09T20:04:16.548+0200] {processor.py:161} INFO - Started process (PID=21180) to work on /home/bvpelt/Develop/airflowtut/py_env/lib/python3.10/site-packages/airflow/example_dags/plugins/listener_plugin.py
[2024-08-09T20:04:16.549+0200] {processor.py:830} INFO - Processing file /home/bvpelt/Develop/airflowtut/py_env/lib/python3.10/site-packages/airflow/example_dags/plugins/listener_plugin.py for tasks to queue
[2024-08-09T20:04:16.550+0200] {logging_mixin.py:188} INFO - [2024-08-09T20:04:16.549+0200] {dagbag.py:545} INFO - Filling up the DagBag from /home/bvpelt/Develop/airflowtut/py_env/lib/python3.10/site-packages/airflow/example_dags/plugins/listener_plugin.py
[2024-08-09T20:04:16.551+0200] {processor.py:842} WARNING - No viable dags retrieved from /home/bvpelt/Develop/airflowtut/py_env/lib/python3.10/site-packages/airflow/example_dags/plugins/listener_plugin.py
[2024-08-09T20:04:16.556+0200] {processor.py:183} INFO - Processing /home/bvpelt/Develop/airflowtut/py_env/lib/python3.10/site-packages/airflow/example_dags/plugins/listener_plugin.py took 0.011 seconds
[2024-08-09T20:05:07.725+0200] {processor.py:161} INFO - Started process (PID=21281) to work on /home/bvpelt/Develop/airflowtut/py_env/lib/python3.10/site-packages/airflow/example_dags/plugins/listener_plugin.py
[2024-08-09T20:05:07.725+0200] {processor.py:830} INFO - Processing file /home/bvpelt/Develop/airflowtut/py_env/lib/python3.10/site-packages/airflow/example_dags/plugins/listener_plugin.py for tasks to queue
[2024-08-09T20:05:07.726+0200] {logging_mixin.py:188} INFO - [2024-08-09T20:05:07.726+0200] {dagbag.py:545} INFO - Filling up the DagBag from /home/bvpelt/Develop/airflowtut/py_env/lib/python3.10/site-packages/airflow/example_dags/plugins/listener_plugin.py
[2024-08-09T20:05:07.727+0200] {processor.py:842} WARNING - No viable dags retrieved from /home/bvpelt/Develop/airflowtut/py_env/lib/python3.10/site-packages/airflow/example_dags/plugins/listener_plugin.py
[2024-08-09T20:05:07.733+0200] {processor.py:183} INFO - Processing /home/bvpelt/Develop/airflowtut/py_env/lib/python3.10/site-packages/airflow/example_dags/plugins/listener_plugin.py took 0.011 seconds
[2024-08-09T20:06:03.626+0200] {processor.py:161} INFO - Started process (PID=21392) to work on /home/bvpelt/Develop/airflowtut/py_env/lib/python3.10/site-packages/airflow/example_dags/plugins/listener_plugin.py
[2024-08-09T20:06:03.626+0200] {processor.py:830} INFO - Processing file /home/bvpelt/Develop/airflowtut/py_env/lib/python3.10/site-packages/airflow/example_dags/plugins/listener_plugin.py for tasks to queue
[2024-08-09T20:06:03.627+0200] {logging_mixin.py:188} INFO - [2024-08-09T20:06:03.627+0200] {dagbag.py:545} INFO - Filling up the DagBag from /home/bvpelt/Develop/airflowtut/py_env/lib/python3.10/site-packages/airflow/example_dags/plugins/listener_plugin.py
[2024-08-09T20:06:03.628+0200] {processor.py:842} WARNING - No viable dags retrieved from /home/bvpelt/Develop/airflowtut/py_env/lib/python3.10/site-packages/airflow/example_dags/plugins/listener_plugin.py
[2024-08-09T20:06:03.634+0200] {processor.py:183} INFO - Processing /home/bvpelt/Develop/airflowtut/py_env/lib/python3.10/site-packages/airflow/example_dags/plugins/listener_plugin.py took 0.011 seconds
[2024-08-09T20:06:59.299+0200] {processor.py:161} INFO - Started process (PID=21484) to work on /home/bvpelt/Develop/airflowtut/py_env/lib/python3.10/site-packages/airflow/example_dags/plugins/listener_plugin.py
[2024-08-09T20:06:59.309+0200] {processor.py:830} INFO - Processing file /home/bvpelt/Develop/airflowtut/py_env/lib/python3.10/site-packages/airflow/example_dags/plugins/listener_plugin.py for tasks to queue
[2024-08-09T20:06:59.310+0200] {logging_mixin.py:188} INFO - [2024-08-09T20:06:59.310+0200] {dagbag.py:545} INFO - Filling up the DagBag from /home/bvpelt/Develop/airflowtut/py_env/lib/python3.10/site-packages/airflow/example_dags/plugins/listener_plugin.py
[2024-08-09T20:06:59.312+0200] {processor.py:842} WARNING - No viable dags retrieved from /home/bvpelt/Develop/airflowtut/py_env/lib/python3.10/site-packages/airflow/example_dags/plugins/listener_plugin.py
[2024-08-09T20:06:59.318+0200] {processor.py:183} INFO - Processing /home/bvpelt/Develop/airflowtut/py_env/lib/python3.10/site-packages/airflow/example_dags/plugins/listener_plugin.py took 0.022 seconds
[2024-08-09T20:07:50.885+0200] {processor.py:161} INFO - Started process (PID=21640) to work on /home/bvpelt/Develop/airflowtut/py_env/lib/python3.10/site-packages/airflow/example_dags/plugins/listener_plugin.py
[2024-08-09T20:07:50.887+0200] {processor.py:830} INFO - Processing file /home/bvpelt/Develop/airflowtut/py_env/lib/python3.10/site-packages/airflow/example_dags/plugins/listener_plugin.py for tasks to queue
[2024-08-09T20:07:50.888+0200] {logging_mixin.py:188} INFO - [2024-08-09T20:07:50.888+0200] {dagbag.py:545} INFO - Filling up the DagBag from /home/bvpelt/Develop/airflowtut/py_env/lib/python3.10/site-packages/airflow/example_dags/plugins/listener_plugin.py
[2024-08-09T20:07:50.889+0200] {processor.py:842} WARNING - No viable dags retrieved from /home/bvpelt/Develop/airflowtut/py_env/lib/python3.10/site-packages/airflow/example_dags/plugins/listener_plugin.py
[2024-08-09T20:07:50.895+0200] {processor.py:183} INFO - Processing /home/bvpelt/Develop/airflowtut/py_env/lib/python3.10/site-packages/airflow/example_dags/plugins/listener_plugin.py took 0.012 seconds
[2024-08-09T20:08:41.092+0200] {processor.py:161} INFO - Started process (PID=21698) to work on /home/bvpelt/Develop/airflowtut/py_env/lib/python3.10/site-packages/airflow/example_dags/plugins/listener_plugin.py
[2024-08-09T20:08:41.093+0200] {processor.py:830} INFO - Processing file /home/bvpelt/Develop/airflowtut/py_env/lib/python3.10/site-packages/airflow/example_dags/plugins/listener_plugin.py for tasks to queue
[2024-08-09T20:08:41.094+0200] {logging_mixin.py:188} INFO - [2024-08-09T20:08:41.093+0200] {dagbag.py:545} INFO - Filling up the DagBag from /home/bvpelt/Develop/airflowtut/py_env/lib/python3.10/site-packages/airflow/example_dags/plugins/listener_plugin.py
[2024-08-09T20:08:41.095+0200] {processor.py:842} WARNING - No viable dags retrieved from /home/bvpelt/Develop/airflowtut/py_env/lib/python3.10/site-packages/airflow/example_dags/plugins/listener_plugin.py
[2024-08-09T20:08:41.100+0200] {processor.py:183} INFO - Processing /home/bvpelt/Develop/airflowtut/py_env/lib/python3.10/site-packages/airflow/example_dags/plugins/listener_plugin.py took 0.011 seconds
[2024-08-09T20:09:33.410+0200] {processor.py:161} INFO - Started process (PID=21755) to work on /home/bvpelt/Develop/airflowtut/py_env/lib/python3.10/site-packages/airflow/example_dags/plugins/listener_plugin.py
[2024-08-09T20:09:33.411+0200] {processor.py:830} INFO - Processing file /home/bvpelt/Develop/airflowtut/py_env/lib/python3.10/site-packages/airflow/example_dags/plugins/listener_plugin.py for tasks to queue
[2024-08-09T20:09:33.412+0200] {logging_mixin.py:188} INFO - [2024-08-09T20:09:33.412+0200] {dagbag.py:545} INFO - Filling up the DagBag from /home/bvpelt/Develop/airflowtut/py_env/lib/python3.10/site-packages/airflow/example_dags/plugins/listener_plugin.py
[2024-08-09T20:09:33.413+0200] {processor.py:842} WARNING - No viable dags retrieved from /home/bvpelt/Develop/airflowtut/py_env/lib/python3.10/site-packages/airflow/example_dags/plugins/listener_plugin.py
[2024-08-09T20:09:33.419+0200] {processor.py:183} INFO - Processing /home/bvpelt/Develop/airflowtut/py_env/lib/python3.10/site-packages/airflow/example_dags/plugins/listener_plugin.py took 0.012 seconds
[2024-08-09T20:10:23.224+0200] {processor.py:161} INFO - Started process (PID=21825) to work on /home/bvpelt/Develop/airflowtut/py_env/lib/python3.10/site-packages/airflow/example_dags/plugins/listener_plugin.py
[2024-08-09T20:10:23.224+0200] {processor.py:830} INFO - Processing file /home/bvpelt/Develop/airflowtut/py_env/lib/python3.10/site-packages/airflow/example_dags/plugins/listener_plugin.py for tasks to queue
[2024-08-09T20:10:23.225+0200] {logging_mixin.py:188} INFO - [2024-08-09T20:10:23.225+0200] {dagbag.py:545} INFO - Filling up the DagBag from /home/bvpelt/Develop/airflowtut/py_env/lib/python3.10/site-packages/airflow/example_dags/plugins/listener_plugin.py
[2024-08-09T20:10:23.226+0200] {processor.py:842} WARNING - No viable dags retrieved from /home/bvpelt/Develop/airflowtut/py_env/lib/python3.10/site-packages/airflow/example_dags/plugins/listener_plugin.py
[2024-08-09T20:10:23.232+0200] {processor.py:183} INFO - Processing /home/bvpelt/Develop/airflowtut/py_env/lib/python3.10/site-packages/airflow/example_dags/plugins/listener_plugin.py took 0.011 seconds
[2024-08-09T20:11:13.593+0200] {processor.py:161} INFO - Started process (PID=21882) to work on /home/bvpelt/Develop/airflowtut/py_env/lib/python3.10/site-packages/airflow/example_dags/plugins/listener_plugin.py
[2024-08-09T20:11:13.594+0200] {processor.py:830} INFO - Processing file /home/bvpelt/Develop/airflowtut/py_env/lib/python3.10/site-packages/airflow/example_dags/plugins/listener_plugin.py for tasks to queue
[2024-08-09T20:11:13.594+0200] {logging_mixin.py:188} INFO - [2024-08-09T20:11:13.594+0200] {dagbag.py:545} INFO - Filling up the DagBag from /home/bvpelt/Develop/airflowtut/py_env/lib/python3.10/site-packages/airflow/example_dags/plugins/listener_plugin.py
[2024-08-09T20:11:13.596+0200] {processor.py:842} WARNING - No viable dags retrieved from /home/bvpelt/Develop/airflowtut/py_env/lib/python3.10/site-packages/airflow/example_dags/plugins/listener_plugin.py
[2024-08-09T20:11:13.601+0200] {processor.py:183} INFO - Processing /home/bvpelt/Develop/airflowtut/py_env/lib/python3.10/site-packages/airflow/example_dags/plugins/listener_plugin.py took 0.011 seconds
[2024-08-09T20:12:03.260+0200] {processor.py:161} INFO - Started process (PID=21965) to work on /home/bvpelt/Develop/airflowtut/py_env/lib/python3.10/site-packages/airflow/example_dags/plugins/listener_plugin.py
[2024-08-09T20:12:03.261+0200] {processor.py:830} INFO - Processing file /home/bvpelt/Develop/airflowtut/py_env/lib/python3.10/site-packages/airflow/example_dags/plugins/listener_plugin.py for tasks to queue
[2024-08-09T20:12:03.262+0200] {logging_mixin.py:188} INFO - [2024-08-09T20:12:03.261+0200] {dagbag.py:545} INFO - Filling up the DagBag from /home/bvpelt/Develop/airflowtut/py_env/lib/python3.10/site-packages/airflow/example_dags/plugins/listener_plugin.py
[2024-08-09T20:12:03.263+0200] {processor.py:842} WARNING - No viable dags retrieved from /home/bvpelt/Develop/airflowtut/py_env/lib/python3.10/site-packages/airflow/example_dags/plugins/listener_plugin.py
[2024-08-09T20:12:03.268+0200] {processor.py:183} INFO - Processing /home/bvpelt/Develop/airflowtut/py_env/lib/python3.10/site-packages/airflow/example_dags/plugins/listener_plugin.py took 0.012 seconds
[2024-08-09T20:12:53.282+0200] {processor.py:161} INFO - Started process (PID=22076) to work on /home/bvpelt/Develop/airflowtut/py_env/lib/python3.10/site-packages/airflow/example_dags/plugins/listener_plugin.py
[2024-08-09T20:12:53.283+0200] {processor.py:830} INFO - Processing file /home/bvpelt/Develop/airflowtut/py_env/lib/python3.10/site-packages/airflow/example_dags/plugins/listener_plugin.py for tasks to queue
[2024-08-09T20:12:53.284+0200] {logging_mixin.py:188} INFO - [2024-08-09T20:12:53.284+0200] {dagbag.py:545} INFO - Filling up the DagBag from /home/bvpelt/Develop/airflowtut/py_env/lib/python3.10/site-packages/airflow/example_dags/plugins/listener_plugin.py
[2024-08-09T20:12:53.285+0200] {processor.py:842} WARNING - No viable dags retrieved from /home/bvpelt/Develop/airflowtut/py_env/lib/python3.10/site-packages/airflow/example_dags/plugins/listener_plugin.py
[2024-08-09T20:12:53.291+0200] {processor.py:183} INFO - Processing /home/bvpelt/Develop/airflowtut/py_env/lib/python3.10/site-packages/airflow/example_dags/plugins/listener_plugin.py took 0.012 seconds
[2024-08-09T20:13:48.051+0200] {processor.py:161} INFO - Started process (PID=22142) to work on /home/bvpelt/Develop/airflowtut/py_env/lib/python3.10/site-packages/airflow/example_dags/plugins/listener_plugin.py
[2024-08-09T20:13:48.052+0200] {processor.py:830} INFO - Processing file /home/bvpelt/Develop/airflowtut/py_env/lib/python3.10/site-packages/airflow/example_dags/plugins/listener_plugin.py for tasks to queue
[2024-08-09T20:13:48.053+0200] {logging_mixin.py:188} INFO - [2024-08-09T20:13:48.053+0200] {dagbag.py:545} INFO - Filling up the DagBag from /home/bvpelt/Develop/airflowtut/py_env/lib/python3.10/site-packages/airflow/example_dags/plugins/listener_plugin.py
[2024-08-09T20:13:48.054+0200] {processor.py:842} WARNING - No viable dags retrieved from /home/bvpelt/Develop/airflowtut/py_env/lib/python3.10/site-packages/airflow/example_dags/plugins/listener_plugin.py
[2024-08-09T20:13:48.060+0200] {processor.py:183} INFO - Processing /home/bvpelt/Develop/airflowtut/py_env/lib/python3.10/site-packages/airflow/example_dags/plugins/listener_plugin.py took 0.011 seconds
[2024-08-09T20:14:40.471+0200] {processor.py:161} INFO - Started process (PID=22209) to work on /home/bvpelt/Develop/airflowtut/py_env/lib/python3.10/site-packages/airflow/example_dags/plugins/listener_plugin.py
[2024-08-09T20:14:40.472+0200] {processor.py:830} INFO - Processing file /home/bvpelt/Develop/airflowtut/py_env/lib/python3.10/site-packages/airflow/example_dags/plugins/listener_plugin.py for tasks to queue
[2024-08-09T20:14:40.473+0200] {logging_mixin.py:188} INFO - [2024-08-09T20:14:40.472+0200] {dagbag.py:545} INFO - Filling up the DagBag from /home/bvpelt/Develop/airflowtut/py_env/lib/python3.10/site-packages/airflow/example_dags/plugins/listener_plugin.py
[2024-08-09T20:14:40.474+0200] {processor.py:842} WARNING - No viable dags retrieved from /home/bvpelt/Develop/airflowtut/py_env/lib/python3.10/site-packages/airflow/example_dags/plugins/listener_plugin.py
[2024-08-09T20:14:40.479+0200] {processor.py:183} INFO - Processing /home/bvpelt/Develop/airflowtut/py_env/lib/python3.10/site-packages/airflow/example_dags/plugins/listener_plugin.py took 0.011 seconds
[2024-08-09T20:15:27.554+0200] {processor.py:161} INFO - Started process (PID=22284) to work on /home/bvpelt/Develop/airflowtut/py_env/lib/python3.10/site-packages/airflow/example_dags/plugins/listener_plugin.py
[2024-08-09T20:15:27.572+0200] {processor.py:830} INFO - Processing file /home/bvpelt/Develop/airflowtut/py_env/lib/python3.10/site-packages/airflow/example_dags/plugins/listener_plugin.py for tasks to queue
[2024-08-09T20:15:27.572+0200] {logging_mixin.py:188} INFO - [2024-08-09T20:15:27.572+0200] {dagbag.py:545} INFO - Filling up the DagBag from /home/bvpelt/Develop/airflowtut/py_env/lib/python3.10/site-packages/airflow/example_dags/plugins/listener_plugin.py
[2024-08-09T20:15:27.574+0200] {processor.py:842} WARNING - No viable dags retrieved from /home/bvpelt/Develop/airflowtut/py_env/lib/python3.10/site-packages/airflow/example_dags/plugins/listener_plugin.py
[2024-08-09T20:15:27.579+0200] {processor.py:183} INFO - Processing /home/bvpelt/Develop/airflowtut/py_env/lib/python3.10/site-packages/airflow/example_dags/plugins/listener_plugin.py took 0.028 seconds
[2024-08-09T20:16:17.208+0200] {processor.py:161} INFO - Started process (PID=22343) to work on /home/bvpelt/Develop/airflowtut/py_env/lib/python3.10/site-packages/airflow/example_dags/plugins/listener_plugin.py
[2024-08-09T20:16:17.219+0200] {processor.py:830} INFO - Processing file /home/bvpelt/Develop/airflowtut/py_env/lib/python3.10/site-packages/airflow/example_dags/plugins/listener_plugin.py for tasks to queue
[2024-08-09T20:16:17.220+0200] {logging_mixin.py:188} INFO - [2024-08-09T20:16:17.220+0200] {dagbag.py:545} INFO - Filling up the DagBag from /home/bvpelt/Develop/airflowtut/py_env/lib/python3.10/site-packages/airflow/example_dags/plugins/listener_plugin.py
[2024-08-09T20:16:17.222+0200] {processor.py:842} WARNING - No viable dags retrieved from /home/bvpelt/Develop/airflowtut/py_env/lib/python3.10/site-packages/airflow/example_dags/plugins/listener_plugin.py
[2024-08-09T20:16:17.228+0200] {processor.py:183} INFO - Processing /home/bvpelt/Develop/airflowtut/py_env/lib/python3.10/site-packages/airflow/example_dags/plugins/listener_plugin.py took 0.023 seconds
