[2024-08-09T19:42:56.582+0200] {processor.py:161} INFO - Started process (PID=17676) to work on /home/bvpelt/Develop/airflowtut/py_env/lib/python3.10/site-packages/airflow/example_dags/plugins/workday.py
[2024-08-09T19:42:56.584+0200] {processor.py:830} INFO - Processing file /home/bvpelt/Develop/airflowtut/py_env/lib/python3.10/site-packages/airflow/example_dags/plugins/workday.py for tasks to queue
[2024-08-09T19:42:56.585+0200] {logging_mixin.py:188} INFO - [2024-08-09T19:42:56.585+0200] {dagbag.py:545} INFO - Filling up the DagBag from /home/bvpelt/Develop/airflowtut/py_env/lib/python3.10/site-packages/airflow/example_dags/plugins/workday.py
[2024-08-09T19:42:56.587+0200] {logging_mixin.py:188} INFO - [2024-08-09T19:42:56.587+0200] {workday.py:41} WARNING - Could not import pandas. Holidays will not be considered.
[2024-08-09T19:42:56.588+0200] {processor.py:842} WARNING - No viable dags retrieved from /home/bvpelt/Develop/airflowtut/py_env/lib/python3.10/site-packages/airflow/example_dags/plugins/workday.py
[2024-08-09T19:42:56.599+0200] {processor.py:183} INFO - Processing /home/bvpelt/Develop/airflowtut/py_env/lib/python3.10/site-packages/airflow/example_dags/plugins/workday.py took 0.033 seconds
[2024-08-09T19:44:06.472+0200] {processor.py:161} INFO - Started process (PID=17931) to work on /home/bvpelt/Develop/airflowtut/py_env/lib/python3.10/site-packages/airflow/example_dags/plugins/workday.py
[2024-08-09T19:44:06.472+0200] {processor.py:830} INFO - Processing file /home/bvpelt/Develop/airflowtut/py_env/lib/python3.10/site-packages/airflow/example_dags/plugins/workday.py for tasks to queue
[2024-08-09T19:44:06.473+0200] {logging_mixin.py:188} INFO - [2024-08-09T19:44:06.473+0200] {dagbag.py:545} INFO - Filling up the DagBag from /home/bvpelt/Develop/airflowtut/py_env/lib/python3.10/site-packages/airflow/example_dags/plugins/workday.py
[2024-08-09T19:44:06.475+0200] {logging_mixin.py:188} INFO - [2024-08-09T19:44:06.474+0200] {workday.py:41} WARNING - Could not import pandas. Holidays will not be considered.
[2024-08-09T19:44:06.475+0200] {processor.py:842} WARNING - No viable dags retrieved from /home/bvpelt/Develop/airflowtut/py_env/lib/python3.10/site-packages/airflow/example_dags/plugins/workday.py
[2024-08-09T19:44:06.480+0200] {processor.py:183} INFO - Processing /home/bvpelt/Develop/airflowtut/py_env/lib/python3.10/site-packages/airflow/example_dags/plugins/workday.py took 0.011 seconds
[2024-08-09T19:45:02.225+0200] {processor.py:161} INFO - Started process (PID=18204) to work on /home/bvpelt/Develop/airflowtut/py_env/lib/python3.10/site-packages/airflow/example_dags/plugins/workday.py
[2024-08-09T19:45:02.226+0200] {processor.py:830} INFO - Processing file /home/bvpelt/Develop/airflowtut/py_env/lib/python3.10/site-packages/airflow/example_dags/plugins/workday.py for tasks to queue
[2024-08-09T19:45:02.227+0200] {logging_mixin.py:188} INFO - [2024-08-09T19:45:02.227+0200] {dagbag.py:545} INFO - Filling up the DagBag from /home/bvpelt/Develop/airflowtut/py_env/lib/python3.10/site-packages/airflow/example_dags/plugins/workday.py
[2024-08-09T19:45:02.228+0200] {logging_mixin.py:188} INFO - [2024-08-09T19:45:02.228+0200] {workday.py:41} WARNING - Could not import pandas. Holidays will not be considered.
[2024-08-09T19:45:02.228+0200] {processor.py:842} WARNING - No viable dags retrieved from /home/bvpelt/Develop/airflowtut/py_env/lib/python3.10/site-packages/airflow/example_dags/plugins/workday.py
[2024-08-09T19:45:02.234+0200] {processor.py:183} INFO - Processing /home/bvpelt/Develop/airflowtut/py_env/lib/python3.10/site-packages/airflow/example_dags/plugins/workday.py took 0.012 seconds
[2024-08-09T19:46:13.071+0200] {processor.py:161} INFO - Started process (PID=18581) to work on /home/bvpelt/Develop/airflowtut/py_env/lib/python3.10/site-packages/airflow/example_dags/plugins/workday.py
[2024-08-09T19:46:13.072+0200] {processor.py:830} INFO - Processing file /home/bvpelt/Develop/airflowtut/py_env/lib/python3.10/site-packages/airflow/example_dags/plugins/workday.py for tasks to queue
[2024-08-09T19:46:13.072+0200] {logging_mixin.py:188} INFO - [2024-08-09T19:46:13.072+0200] {dagbag.py:545} INFO - Filling up the DagBag from /home/bvpelt/Develop/airflowtut/py_env/lib/python3.10/site-packages/airflow/example_dags/plugins/workday.py
[2024-08-09T19:46:13.074+0200] {logging_mixin.py:188} INFO - [2024-08-09T19:46:13.074+0200] {workday.py:41} WARNING - Could not import pandas. Holidays will not be considered.
[2024-08-09T19:46:13.074+0200] {processor.py:842} WARNING - No viable dags retrieved from /home/bvpelt/Develop/airflowtut/py_env/lib/python3.10/site-packages/airflow/example_dags/plugins/workday.py
[2024-08-09T19:46:13.080+0200] {processor.py:183} INFO - Processing /home/bvpelt/Develop/airflowtut/py_env/lib/python3.10/site-packages/airflow/example_dags/plugins/workday.py took 0.012 seconds
[2024-08-09T19:47:18.608+0200] {processor.py:161} INFO - Started process (PID=18885) to work on /home/bvpelt/Develop/airflowtut/py_env/lib/python3.10/site-packages/airflow/example_dags/plugins/workday.py
[2024-08-09T19:47:18.608+0200] {processor.py:830} INFO - Processing file /home/bvpelt/Develop/airflowtut/py_env/lib/python3.10/site-packages/airflow/example_dags/plugins/workday.py for tasks to queue
[2024-08-09T19:47:18.609+0200] {logging_mixin.py:188} INFO - [2024-08-09T19:47:18.609+0200] {dagbag.py:545} INFO - Filling up the DagBag from /home/bvpelt/Develop/airflowtut/py_env/lib/python3.10/site-packages/airflow/example_dags/plugins/workday.py
[2024-08-09T19:47:18.610+0200] {logging_mixin.py:188} INFO - [2024-08-09T19:47:18.610+0200] {workday.py:41} WARNING - Could not import pandas. Holidays will not be considered.
[2024-08-09T19:47:18.611+0200] {processor.py:842} WARNING - No viable dags retrieved from /home/bvpelt/Develop/airflowtut/py_env/lib/python3.10/site-packages/airflow/example_dags/plugins/workday.py
[2024-08-09T19:47:18.616+0200] {processor.py:183} INFO - Processing /home/bvpelt/Develop/airflowtut/py_env/lib/python3.10/site-packages/airflow/example_dags/plugins/workday.py took 0.012 seconds
[2024-08-09T19:48:10.379+0200] {processor.py:161} INFO - Started process (PID=19027) to work on /home/bvpelt/Develop/airflowtut/py_env/lib/python3.10/site-packages/airflow/example_dags/plugins/workday.py
[2024-08-09T19:48:10.380+0200] {processor.py:830} INFO - Processing file /home/bvpelt/Develop/airflowtut/py_env/lib/python3.10/site-packages/airflow/example_dags/plugins/workday.py for tasks to queue
[2024-08-09T19:48:10.381+0200] {logging_mixin.py:188} INFO - [2024-08-09T19:48:10.380+0200] {dagbag.py:545} INFO - Filling up the DagBag from /home/bvpelt/Develop/airflowtut/py_env/lib/python3.10/site-packages/airflow/example_dags/plugins/workday.py
[2024-08-09T19:48:10.382+0200] {logging_mixin.py:188} INFO - [2024-08-09T19:48:10.382+0200] {workday.py:41} WARNING - Could not import pandas. Holidays will not be considered.
[2024-08-09T19:48:10.382+0200] {processor.py:842} WARNING - No viable dags retrieved from /home/bvpelt/Develop/airflowtut/py_env/lib/python3.10/site-packages/airflow/example_dags/plugins/workday.py
[2024-08-09T19:48:10.387+0200] {processor.py:183} INFO - Processing /home/bvpelt/Develop/airflowtut/py_env/lib/python3.10/site-packages/airflow/example_dags/plugins/workday.py took 0.011 seconds
[2024-08-09T19:49:10.599+0200] {processor.py:161} INFO - Started process (PID=19147) to work on /home/bvpelt/Develop/airflowtut/py_env/lib/python3.10/site-packages/airflow/example_dags/plugins/workday.py
[2024-08-09T19:49:10.599+0200] {processor.py:830} INFO - Processing file /home/bvpelt/Develop/airflowtut/py_env/lib/python3.10/site-packages/airflow/example_dags/plugins/workday.py for tasks to queue
[2024-08-09T19:49:10.600+0200] {logging_mixin.py:188} INFO - [2024-08-09T19:49:10.600+0200] {dagbag.py:545} INFO - Filling up the DagBag from /home/bvpelt/Develop/airflowtut/py_env/lib/python3.10/site-packages/airflow/example_dags/plugins/workday.py
[2024-08-09T19:49:10.602+0200] {logging_mixin.py:188} INFO - [2024-08-09T19:49:10.601+0200] {workday.py:41} WARNING - Could not import pandas. Holidays will not be considered.
[2024-08-09T19:49:10.602+0200] {processor.py:842} WARNING - No viable dags retrieved from /home/bvpelt/Develop/airflowtut/py_env/lib/python3.10/site-packages/airflow/example_dags/plugins/workday.py
[2024-08-09T19:49:10.607+0200] {processor.py:183} INFO - Processing /home/bvpelt/Develop/airflowtut/py_env/lib/python3.10/site-packages/airflow/example_dags/plugins/workday.py took 0.011 seconds
[2024-08-09T19:50:02.523+0200] {processor.py:161} INFO - Started process (PID=19315) to work on /home/bvpelt/Develop/airflowtut/py_env/lib/python3.10/site-packages/airflow/example_dags/plugins/workday.py
[2024-08-09T19:50:02.524+0200] {processor.py:830} INFO - Processing file /home/bvpelt/Develop/airflowtut/py_env/lib/python3.10/site-packages/airflow/example_dags/plugins/workday.py for tasks to queue
[2024-08-09T19:50:02.525+0200] {logging_mixin.py:188} INFO - [2024-08-09T19:50:02.524+0200] {dagbag.py:545} INFO - Filling up the DagBag from /home/bvpelt/Develop/airflowtut/py_env/lib/python3.10/site-packages/airflow/example_dags/plugins/workday.py
[2024-08-09T19:50:02.526+0200] {logging_mixin.py:188} INFO - [2024-08-09T19:50:02.526+0200] {workday.py:41} WARNING - Could not import pandas. Holidays will not be considered.
[2024-08-09T19:50:02.526+0200] {processor.py:842} WARNING - No viable dags retrieved from /home/bvpelt/Develop/airflowtut/py_env/lib/python3.10/site-packages/airflow/example_dags/plugins/workday.py
[2024-08-09T19:50:02.531+0200] {processor.py:183} INFO - Processing /home/bvpelt/Develop/airflowtut/py_env/lib/python3.10/site-packages/airflow/example_dags/plugins/workday.py took 0.011 seconds
[2024-08-09T19:50:54.442+0200] {processor.py:161} INFO - Started process (PID=19408) to work on /home/bvpelt/Develop/airflowtut/py_env/lib/python3.10/site-packages/airflow/example_dags/plugins/workday.py
[2024-08-09T19:50:54.444+0200] {processor.py:830} INFO - Processing file /home/bvpelt/Develop/airflowtut/py_env/lib/python3.10/site-packages/airflow/example_dags/plugins/workday.py for tasks to queue
[2024-08-09T19:50:54.448+0200] {logging_mixin.py:188} INFO - [2024-08-09T19:50:54.447+0200] {dagbag.py:545} INFO - Filling up the DagBag from /home/bvpelt/Develop/airflowtut/py_env/lib/python3.10/site-packages/airflow/example_dags/plugins/workday.py
[2024-08-09T19:50:54.453+0200] {logging_mixin.py:188} INFO - [2024-08-09T19:50:54.452+0200] {workday.py:41} WARNING - Could not import pandas. Holidays will not be considered.
[2024-08-09T19:50:54.453+0200] {processor.py:842} WARNING - No viable dags retrieved from /home/bvpelt/Develop/airflowtut/py_env/lib/python3.10/site-packages/airflow/example_dags/plugins/workday.py
[2024-08-09T19:50:54.465+0200] {processor.py:183} INFO - Processing /home/bvpelt/Develop/airflowtut/py_env/lib/python3.10/site-packages/airflow/example_dags/plugins/workday.py took 0.038 seconds
[2024-08-09T19:51:45.624+0200] {processor.py:161} INFO - Started process (PID=19554) to work on /home/bvpelt/Develop/airflowtut/py_env/lib/python3.10/site-packages/airflow/example_dags/plugins/workday.py
[2024-08-09T19:51:45.627+0200] {processor.py:830} INFO - Processing file /home/bvpelt/Develop/airflowtut/py_env/lib/python3.10/site-packages/airflow/example_dags/plugins/workday.py for tasks to queue
[2024-08-09T19:51:45.628+0200] {logging_mixin.py:188} INFO - [2024-08-09T19:51:45.628+0200] {dagbag.py:545} INFO - Filling up the DagBag from /home/bvpelt/Develop/airflowtut/py_env/lib/python3.10/site-packages/airflow/example_dags/plugins/workday.py
[2024-08-09T19:51:45.631+0200] {logging_mixin.py:188} INFO - [2024-08-09T19:51:45.631+0200] {workday.py:41} WARNING - Could not import pandas. Holidays will not be considered.
[2024-08-09T19:51:45.632+0200] {processor.py:842} WARNING - No viable dags retrieved from /home/bvpelt/Develop/airflowtut/py_env/lib/python3.10/site-packages/airflow/example_dags/plugins/workday.py
[2024-08-09T19:51:45.695+0200] {processor.py:183} INFO - Processing /home/bvpelt/Develop/airflowtut/py_env/lib/python3.10/site-packages/airflow/example_dags/plugins/workday.py took 0.084 seconds
[2024-08-09T19:52:52.739+0200] {processor.py:161} INFO - Started process (PID=20058) to work on /home/bvpelt/Develop/airflowtut/py_env/lib/python3.10/site-packages/airflow/example_dags/plugins/workday.py
[2024-08-09T19:52:52.752+0200] {processor.py:830} INFO - Processing file /home/bvpelt/Develop/airflowtut/py_env/lib/python3.10/site-packages/airflow/example_dags/plugins/workday.py for tasks to queue
[2024-08-09T19:52:52.758+0200] {logging_mixin.py:188} INFO - [2024-08-09T19:52:52.756+0200] {dagbag.py:545} INFO - Filling up the DagBag from /home/bvpelt/Develop/airflowtut/py_env/lib/python3.10/site-packages/airflow/example_dags/plugins/workday.py
[2024-08-09T19:52:52.765+0200] {logging_mixin.py:188} INFO - [2024-08-09T19:52:52.764+0200] {workday.py:41} WARNING - Could not import pandas. Holidays will not be considered.
[2024-08-09T19:52:52.766+0200] {processor.py:842} WARNING - No viable dags retrieved from /home/bvpelt/Develop/airflowtut/py_env/lib/python3.10/site-packages/airflow/example_dags/plugins/workday.py
[2024-08-09T19:52:52.781+0200] {processor.py:183} INFO - Processing /home/bvpelt/Develop/airflowtut/py_env/lib/python3.10/site-packages/airflow/example_dags/plugins/workday.py took 0.059 seconds
[2024-08-09T19:53:49.694+0200] {processor.py:161} INFO - Started process (PID=20122) to work on /home/bvpelt/Develop/airflowtut/py_env/lib/python3.10/site-packages/airflow/example_dags/plugins/workday.py
[2024-08-09T19:53:49.699+0200] {processor.py:830} INFO - Processing file /home/bvpelt/Develop/airflowtut/py_env/lib/python3.10/site-packages/airflow/example_dags/plugins/workday.py for tasks to queue
[2024-08-09T19:53:49.700+0200] {logging_mixin.py:188} INFO - [2024-08-09T19:53:49.700+0200] {dagbag.py:545} INFO - Filling up the DagBag from /home/bvpelt/Develop/airflowtut/py_env/lib/python3.10/site-packages/airflow/example_dags/plugins/workday.py
[2024-08-09T19:53:49.701+0200] {logging_mixin.py:188} INFO - [2024-08-09T19:53:49.701+0200] {workday.py:41} WARNING - Could not import pandas. Holidays will not be considered.
[2024-08-09T19:53:49.702+0200] {processor.py:842} WARNING - No viable dags retrieved from /home/bvpelt/Develop/airflowtut/py_env/lib/python3.10/site-packages/airflow/example_dags/plugins/workday.py
[2024-08-09T19:53:49.707+0200] {processor.py:183} INFO - Processing /home/bvpelt/Develop/airflowtut/py_env/lib/python3.10/site-packages/airflow/example_dags/plugins/workday.py took 0.016 seconds
[2024-08-09T19:54:42.307+0200] {processor.py:161} INFO - Started process (PID=20189) to work on /home/bvpelt/Develop/airflowtut/py_env/lib/python3.10/site-packages/airflow/example_dags/plugins/workday.py
[2024-08-09T19:54:42.328+0200] {processor.py:830} INFO - Processing file /home/bvpelt/Develop/airflowtut/py_env/lib/python3.10/site-packages/airflow/example_dags/plugins/workday.py for tasks to queue
[2024-08-09T19:54:42.329+0200] {logging_mixin.py:188} INFO - [2024-08-09T19:54:42.329+0200] {dagbag.py:545} INFO - Filling up the DagBag from /home/bvpelt/Develop/airflowtut/py_env/lib/python3.10/site-packages/airflow/example_dags/plugins/workday.py
[2024-08-09T19:54:42.331+0200] {logging_mixin.py:188} INFO - [2024-08-09T19:54:42.331+0200] {workday.py:41} WARNING - Could not import pandas. Holidays will not be considered.
[2024-08-09T19:54:42.331+0200] {processor.py:842} WARNING - No viable dags retrieved from /home/bvpelt/Develop/airflowtut/py_env/lib/python3.10/site-packages/airflow/example_dags/plugins/workday.py
[2024-08-09T19:54:42.339+0200] {processor.py:183} INFO - Processing /home/bvpelt/Develop/airflowtut/py_env/lib/python3.10/site-packages/airflow/example_dags/plugins/workday.py took 0.036 seconds
[2024-08-09T19:55:32.493+0200] {processor.py:161} INFO - Started process (PID=20285) to work on /home/bvpelt/Develop/airflowtut/py_env/lib/python3.10/site-packages/airflow/example_dags/plugins/workday.py
[2024-08-09T19:55:32.508+0200] {processor.py:830} INFO - Processing file /home/bvpelt/Develop/airflowtut/py_env/lib/python3.10/site-packages/airflow/example_dags/plugins/workday.py for tasks to queue
[2024-08-09T19:55:32.509+0200] {logging_mixin.py:188} INFO - [2024-08-09T19:55:32.508+0200] {dagbag.py:545} INFO - Filling up the DagBag from /home/bvpelt/Develop/airflowtut/py_env/lib/python3.10/site-packages/airflow/example_dags/plugins/workday.py
[2024-08-09T19:55:32.510+0200] {logging_mixin.py:188} INFO - [2024-08-09T19:55:32.510+0200] {workday.py:41} WARNING - Could not import pandas. Holidays will not be considered.
[2024-08-09T19:55:32.510+0200] {processor.py:842} WARNING - No viable dags retrieved from /home/bvpelt/Develop/airflowtut/py_env/lib/python3.10/site-packages/airflow/example_dags/plugins/workday.py
[2024-08-09T19:55:32.516+0200] {processor.py:183} INFO - Processing /home/bvpelt/Develop/airflowtut/py_env/lib/python3.10/site-packages/airflow/example_dags/plugins/workday.py took 0.026 seconds
[2024-08-09T19:56:18.295+0200] {processor.py:161} INFO - Started process (PID=20348) to work on /home/bvpelt/Develop/airflowtut/py_env/lib/python3.10/site-packages/airflow/example_dags/plugins/workday.py
[2024-08-09T19:56:18.296+0200] {processor.py:830} INFO - Processing file /home/bvpelt/Develop/airflowtut/py_env/lib/python3.10/site-packages/airflow/example_dags/plugins/workday.py for tasks to queue
[2024-08-09T19:56:18.296+0200] {logging_mixin.py:188} INFO - [2024-08-09T19:56:18.296+0200] {dagbag.py:545} INFO - Filling up the DagBag from /home/bvpelt/Develop/airflowtut/py_env/lib/python3.10/site-packages/airflow/example_dags/plugins/workday.py
[2024-08-09T19:56:18.298+0200] {logging_mixin.py:188} INFO - [2024-08-09T19:56:18.298+0200] {workday.py:41} WARNING - Could not import pandas. Holidays will not be considered.
[2024-08-09T19:56:18.298+0200] {processor.py:842} WARNING - No viable dags retrieved from /home/bvpelt/Develop/airflowtut/py_env/lib/python3.10/site-packages/airflow/example_dags/plugins/workday.py
[2024-08-09T19:56:18.303+0200] {processor.py:183} INFO - Processing /home/bvpelt/Develop/airflowtut/py_env/lib/python3.10/site-packages/airflow/example_dags/plugins/workday.py took 0.011 seconds
[2024-08-09T19:57:08.926+0200] {processor.py:161} INFO - Started process (PID=20401) to work on /home/bvpelt/Develop/airflowtut/py_env/lib/python3.10/site-packages/airflow/example_dags/plugins/workday.py
[2024-08-09T19:57:08.926+0200] {processor.py:830} INFO - Processing file /home/bvpelt/Develop/airflowtut/py_env/lib/python3.10/site-packages/airflow/example_dags/plugins/workday.py for tasks to queue
[2024-08-09T19:57:08.927+0200] {logging_mixin.py:188} INFO - [2024-08-09T19:57:08.927+0200] {dagbag.py:545} INFO - Filling up the DagBag from /home/bvpelt/Develop/airflowtut/py_env/lib/python3.10/site-packages/airflow/example_dags/plugins/workday.py
[2024-08-09T19:57:08.928+0200] {logging_mixin.py:188} INFO - [2024-08-09T19:57:08.928+0200] {workday.py:41} WARNING - Could not import pandas. Holidays will not be considered.
[2024-08-09T19:57:08.928+0200] {processor.py:842} WARNING - No viable dags retrieved from /home/bvpelt/Develop/airflowtut/py_env/lib/python3.10/site-packages/airflow/example_dags/plugins/workday.py
[2024-08-09T19:57:08.934+0200] {processor.py:183} INFO - Processing /home/bvpelt/Develop/airflowtut/py_env/lib/python3.10/site-packages/airflow/example_dags/plugins/workday.py took 0.011 seconds
[2024-08-09T19:58:00.603+0200] {processor.py:161} INFO - Started process (PID=20528) to work on /home/bvpelt/Develop/airflowtut/py_env/lib/python3.10/site-packages/airflow/example_dags/plugins/workday.py
[2024-08-09T19:58:00.603+0200] {processor.py:830} INFO - Processing file /home/bvpelt/Develop/airflowtut/py_env/lib/python3.10/site-packages/airflow/example_dags/plugins/workday.py for tasks to queue
[2024-08-09T19:58:00.604+0200] {logging_mixin.py:188} INFO - [2024-08-09T19:58:00.604+0200] {dagbag.py:545} INFO - Filling up the DagBag from /home/bvpelt/Develop/airflowtut/py_env/lib/python3.10/site-packages/airflow/example_dags/plugins/workday.py
[2024-08-09T19:58:00.605+0200] {logging_mixin.py:188} INFO - [2024-08-09T19:58:00.605+0200] {workday.py:41} WARNING - Could not import pandas. Holidays will not be considered.
[2024-08-09T19:58:00.606+0200] {processor.py:842} WARNING - No viable dags retrieved from /home/bvpelt/Develop/airflowtut/py_env/lib/python3.10/site-packages/airflow/example_dags/plugins/workday.py
[2024-08-09T19:58:00.611+0200] {processor.py:183} INFO - Processing /home/bvpelt/Develop/airflowtut/py_env/lib/python3.10/site-packages/airflow/example_dags/plugins/workday.py took 0.012 seconds
[2024-08-09T19:58:55.942+0200] {processor.py:161} INFO - Started process (PID=20672) to work on /home/bvpelt/Develop/airflowtut/py_env/lib/python3.10/site-packages/airflow/example_dags/plugins/workday.py
[2024-08-09T19:58:55.955+0200] {processor.py:830} INFO - Processing file /home/bvpelt/Develop/airflowtut/py_env/lib/python3.10/site-packages/airflow/example_dags/plugins/workday.py for tasks to queue
[2024-08-09T19:58:55.956+0200] {logging_mixin.py:188} INFO - [2024-08-09T19:58:55.956+0200] {dagbag.py:545} INFO - Filling up the DagBag from /home/bvpelt/Develop/airflowtut/py_env/lib/python3.10/site-packages/airflow/example_dags/plugins/workday.py
[2024-08-09T19:58:55.958+0200] {logging_mixin.py:188} INFO - [2024-08-09T19:58:55.958+0200] {workday.py:41} WARNING - Could not import pandas. Holidays will not be considered.
[2024-08-09T19:58:55.958+0200] {processor.py:842} WARNING - No viable dags retrieved from /home/bvpelt/Develop/airflowtut/py_env/lib/python3.10/site-packages/airflow/example_dags/plugins/workday.py
[2024-08-09T19:58:55.965+0200] {processor.py:183} INFO - Processing /home/bvpelt/Develop/airflowtut/py_env/lib/python3.10/site-packages/airflow/example_dags/plugins/workday.py took 0.026 seconds
[2024-08-09T19:59:51.289+0200] {processor.py:161} INFO - Started process (PID=20726) to work on /home/bvpelt/Develop/airflowtut/py_env/lib/python3.10/site-packages/airflow/example_dags/plugins/workday.py
[2024-08-09T19:59:51.290+0200] {processor.py:830} INFO - Processing file /home/bvpelt/Develop/airflowtut/py_env/lib/python3.10/site-packages/airflow/example_dags/plugins/workday.py for tasks to queue
[2024-08-09T19:59:51.291+0200] {logging_mixin.py:188} INFO - [2024-08-09T19:59:51.291+0200] {dagbag.py:545} INFO - Filling up the DagBag from /home/bvpelt/Develop/airflowtut/py_env/lib/python3.10/site-packages/airflow/example_dags/plugins/workday.py
[2024-08-09T19:59:51.292+0200] {logging_mixin.py:188} INFO - [2024-08-09T19:59:51.292+0200] {workday.py:41} WARNING - Could not import pandas. Holidays will not be considered.
[2024-08-09T19:59:51.292+0200] {processor.py:842} WARNING - No viable dags retrieved from /home/bvpelt/Develop/airflowtut/py_env/lib/python3.10/site-packages/airflow/example_dags/plugins/workday.py
[2024-08-09T19:59:51.298+0200] {processor.py:183} INFO - Processing /home/bvpelt/Develop/airflowtut/py_env/lib/python3.10/site-packages/airflow/example_dags/plugins/workday.py took 0.012 seconds
[2024-08-09T20:00:41.819+0200] {processor.py:161} INFO - Started process (PID=20806) to work on /home/bvpelt/Develop/airflowtut/py_env/lib/python3.10/site-packages/airflow/example_dags/plugins/workday.py
[2024-08-09T20:00:41.832+0200] {processor.py:830} INFO - Processing file /home/bvpelt/Develop/airflowtut/py_env/lib/python3.10/site-packages/airflow/example_dags/plugins/workday.py for tasks to queue
[2024-08-09T20:00:41.833+0200] {logging_mixin.py:188} INFO - [2024-08-09T20:00:41.832+0200] {dagbag.py:545} INFO - Filling up the DagBag from /home/bvpelt/Develop/airflowtut/py_env/lib/python3.10/site-packages/airflow/example_dags/plugins/workday.py
[2024-08-09T20:00:41.834+0200] {logging_mixin.py:188} INFO - [2024-08-09T20:00:41.834+0200] {workday.py:41} WARNING - Could not import pandas. Holidays will not be considered.
[2024-08-09T20:00:41.834+0200] {processor.py:842} WARNING - No viable dags retrieved from /home/bvpelt/Develop/airflowtut/py_env/lib/python3.10/site-packages/airflow/example_dags/plugins/workday.py
[2024-08-09T20:00:41.840+0200] {processor.py:183} INFO - Processing /home/bvpelt/Develop/airflowtut/py_env/lib/python3.10/site-packages/airflow/example_dags/plugins/workday.py took 0.025 seconds
[2024-08-09T20:01:32.349+0200] {processor.py:161} INFO - Started process (PID=20863) to work on /home/bvpelt/Develop/airflowtut/py_env/lib/python3.10/site-packages/airflow/example_dags/plugins/workday.py
[2024-08-09T20:01:32.370+0200] {processor.py:830} INFO - Processing file /home/bvpelt/Develop/airflowtut/py_env/lib/python3.10/site-packages/airflow/example_dags/plugins/workday.py for tasks to queue
[2024-08-09T20:01:32.371+0200] {logging_mixin.py:188} INFO - [2024-08-09T20:01:32.371+0200] {dagbag.py:545} INFO - Filling up the DagBag from /home/bvpelt/Develop/airflowtut/py_env/lib/python3.10/site-packages/airflow/example_dags/plugins/workday.py
[2024-08-09T20:01:32.373+0200] {logging_mixin.py:188} INFO - [2024-08-09T20:01:32.373+0200] {workday.py:41} WARNING - Could not import pandas. Holidays will not be considered.
[2024-08-09T20:01:32.373+0200] {processor.py:842} WARNING - No viable dags retrieved from /home/bvpelt/Develop/airflowtut/py_env/lib/python3.10/site-packages/airflow/example_dags/plugins/workday.py
[2024-08-09T20:01:32.381+0200] {processor.py:183} INFO - Processing /home/bvpelt/Develop/airflowtut/py_env/lib/python3.10/site-packages/airflow/example_dags/plugins/workday.py took 0.036 seconds
[2024-08-09T20:02:22.426+0200] {processor.py:161} INFO - Started process (PID=21019) to work on /home/bvpelt/Develop/airflowtut/py_env/lib/python3.10/site-packages/airflow/example_dags/plugins/workday.py
[2024-08-09T20:02:22.426+0200] {processor.py:830} INFO - Processing file /home/bvpelt/Develop/airflowtut/py_env/lib/python3.10/site-packages/airflow/example_dags/plugins/workday.py for tasks to queue
[2024-08-09T20:02:22.427+0200] {logging_mixin.py:188} INFO - [2024-08-09T20:02:22.427+0200] {dagbag.py:545} INFO - Filling up the DagBag from /home/bvpelt/Develop/airflowtut/py_env/lib/python3.10/site-packages/airflow/example_dags/plugins/workday.py
[2024-08-09T20:02:22.428+0200] {logging_mixin.py:188} INFO - [2024-08-09T20:02:22.428+0200] {workday.py:41} WARNING - Could not import pandas. Holidays will not be considered.
[2024-08-09T20:02:22.429+0200] {processor.py:842} WARNING - No viable dags retrieved from /home/bvpelt/Develop/airflowtut/py_env/lib/python3.10/site-packages/airflow/example_dags/plugins/workday.py
[2024-08-09T20:02:22.434+0200] {processor.py:183} INFO - Processing /home/bvpelt/Develop/airflowtut/py_env/lib/python3.10/site-packages/airflow/example_dags/plugins/workday.py took 0.012 seconds
[2024-08-09T20:03:19.477+0200] {processor.py:161} INFO - Started process (PID=21088) to work on /home/bvpelt/Develop/airflowtut/py_env/lib/python3.10/site-packages/airflow/example_dags/plugins/workday.py
[2024-08-09T20:03:19.501+0200] {processor.py:830} INFO - Processing file /home/bvpelt/Develop/airflowtut/py_env/lib/python3.10/site-packages/airflow/example_dags/plugins/workday.py for tasks to queue
[2024-08-09T20:03:19.502+0200] {logging_mixin.py:188} INFO - [2024-08-09T20:03:19.502+0200] {dagbag.py:545} INFO - Filling up the DagBag from /home/bvpelt/Develop/airflowtut/py_env/lib/python3.10/site-packages/airflow/example_dags/plugins/workday.py
[2024-08-09T20:03:19.504+0200] {logging_mixin.py:188} INFO - [2024-08-09T20:03:19.504+0200] {workday.py:41} WARNING - Could not import pandas. Holidays will not be considered.
[2024-08-09T20:03:19.504+0200] {processor.py:842} WARNING - No viable dags retrieved from /home/bvpelt/Develop/airflowtut/py_env/lib/python3.10/site-packages/airflow/example_dags/plugins/workday.py
[2024-08-09T20:03:19.510+0200] {processor.py:183} INFO - Processing /home/bvpelt/Develop/airflowtut/py_env/lib/python3.10/site-packages/airflow/example_dags/plugins/workday.py took 0.036 seconds
[2024-08-09T20:04:15.211+0200] {processor.py:161} INFO - Started process (PID=21178) to work on /home/bvpelt/Develop/airflowtut/py_env/lib/python3.10/site-packages/airflow/example_dags/plugins/workday.py
[2024-08-09T20:04:15.231+0200] {processor.py:830} INFO - Processing file /home/bvpelt/Develop/airflowtut/py_env/lib/python3.10/site-packages/airflow/example_dags/plugins/workday.py for tasks to queue
[2024-08-09T20:04:15.232+0200] {logging_mixin.py:188} INFO - [2024-08-09T20:04:15.232+0200] {dagbag.py:545} INFO - Filling up the DagBag from /home/bvpelt/Develop/airflowtut/py_env/lib/python3.10/site-packages/airflow/example_dags/plugins/workday.py
[2024-08-09T20:04:15.234+0200] {logging_mixin.py:188} INFO - [2024-08-09T20:04:15.234+0200] {workday.py:41} WARNING - Could not import pandas. Holidays will not be considered.
[2024-08-09T20:04:15.234+0200] {processor.py:842} WARNING - No viable dags retrieved from /home/bvpelt/Develop/airflowtut/py_env/lib/python3.10/site-packages/airflow/example_dags/plugins/workday.py
[2024-08-09T20:04:15.242+0200] {processor.py:183} INFO - Processing /home/bvpelt/Develop/airflowtut/py_env/lib/python3.10/site-packages/airflow/example_dags/plugins/workday.py took 0.034 seconds
[2024-08-09T20:05:05.374+0200] {processor.py:161} INFO - Started process (PID=21269) to work on /home/bvpelt/Develop/airflowtut/py_env/lib/python3.10/site-packages/airflow/example_dags/plugins/workday.py
[2024-08-09T20:05:05.375+0200] {processor.py:830} INFO - Processing file /home/bvpelt/Develop/airflowtut/py_env/lib/python3.10/site-packages/airflow/example_dags/plugins/workday.py for tasks to queue
[2024-08-09T20:05:05.375+0200] {logging_mixin.py:188} INFO - [2024-08-09T20:05:05.375+0200] {dagbag.py:545} INFO - Filling up the DagBag from /home/bvpelt/Develop/airflowtut/py_env/lib/python3.10/site-packages/airflow/example_dags/plugins/workday.py
[2024-08-09T20:05:05.377+0200] {logging_mixin.py:188} INFO - [2024-08-09T20:05:05.377+0200] {workday.py:41} WARNING - Could not import pandas. Holidays will not be considered.
[2024-08-09T20:05:05.377+0200] {processor.py:842} WARNING - No viable dags retrieved from /home/bvpelt/Develop/airflowtut/py_env/lib/python3.10/site-packages/airflow/example_dags/plugins/workday.py
[2024-08-09T20:05:05.382+0200] {processor.py:183} INFO - Processing /home/bvpelt/Develop/airflowtut/py_env/lib/python3.10/site-packages/airflow/example_dags/plugins/workday.py took 0.011 seconds
[2024-08-09T20:06:01.929+0200] {processor.py:161} INFO - Started process (PID=21389) to work on /home/bvpelt/Develop/airflowtut/py_env/lib/python3.10/site-packages/airflow/example_dags/plugins/workday.py
[2024-08-09T20:06:01.930+0200] {processor.py:830} INFO - Processing file /home/bvpelt/Develop/airflowtut/py_env/lib/python3.10/site-packages/airflow/example_dags/plugins/workday.py for tasks to queue
[2024-08-09T20:06:01.931+0200] {logging_mixin.py:188} INFO - [2024-08-09T20:06:01.930+0200] {dagbag.py:545} INFO - Filling up the DagBag from /home/bvpelt/Develop/airflowtut/py_env/lib/python3.10/site-packages/airflow/example_dags/plugins/workday.py
[2024-08-09T20:06:01.932+0200] {logging_mixin.py:188} INFO - [2024-08-09T20:06:01.932+0200] {workday.py:41} WARNING - Could not import pandas. Holidays will not be considered.
[2024-08-09T20:06:01.932+0200] {processor.py:842} WARNING - No viable dags retrieved from /home/bvpelt/Develop/airflowtut/py_env/lib/python3.10/site-packages/airflow/example_dags/plugins/workday.py
[2024-08-09T20:06:01.938+0200] {processor.py:183} INFO - Processing /home/bvpelt/Develop/airflowtut/py_env/lib/python3.10/site-packages/airflow/example_dags/plugins/workday.py took 0.011 seconds
[2024-08-09T20:06:57.015+0200] {processor.py:161} INFO - Started process (PID=21482) to work on /home/bvpelt/Develop/airflowtut/py_env/lib/python3.10/site-packages/airflow/example_dags/plugins/workday.py
[2024-08-09T20:06:57.016+0200] {processor.py:830} INFO - Processing file /home/bvpelt/Develop/airflowtut/py_env/lib/python3.10/site-packages/airflow/example_dags/plugins/workday.py for tasks to queue
[2024-08-09T20:06:57.016+0200] {logging_mixin.py:188} INFO - [2024-08-09T20:06:57.016+0200] {dagbag.py:545} INFO - Filling up the DagBag from /home/bvpelt/Develop/airflowtut/py_env/lib/python3.10/site-packages/airflow/example_dags/plugins/workday.py
[2024-08-09T20:06:57.018+0200] {logging_mixin.py:188} INFO - [2024-08-09T20:06:57.018+0200] {workday.py:41} WARNING - Could not import pandas. Holidays will not be considered.
[2024-08-09T20:06:57.018+0200] {processor.py:842} WARNING - No viable dags retrieved from /home/bvpelt/Develop/airflowtut/py_env/lib/python3.10/site-packages/airflow/example_dags/plugins/workday.py
[2024-08-09T20:06:57.023+0200] {processor.py:183} INFO - Processing /home/bvpelt/Develop/airflowtut/py_env/lib/python3.10/site-packages/airflow/example_dags/plugins/workday.py took 0.011 seconds
[2024-08-09T20:07:49.506+0200] {processor.py:161} INFO - Started process (PID=21638) to work on /home/bvpelt/Develop/airflowtut/py_env/lib/python3.10/site-packages/airflow/example_dags/plugins/workday.py
[2024-08-09T20:07:49.507+0200] {processor.py:830} INFO - Processing file /home/bvpelt/Develop/airflowtut/py_env/lib/python3.10/site-packages/airflow/example_dags/plugins/workday.py for tasks to queue
[2024-08-09T20:07:49.507+0200] {logging_mixin.py:188} INFO - [2024-08-09T20:07:49.507+0200] {dagbag.py:545} INFO - Filling up the DagBag from /home/bvpelt/Develop/airflowtut/py_env/lib/python3.10/site-packages/airflow/example_dags/plugins/workday.py
[2024-08-09T20:07:49.509+0200] {logging_mixin.py:188} INFO - [2024-08-09T20:07:49.509+0200] {workday.py:41} WARNING - Could not import pandas. Holidays will not be considered.
[2024-08-09T20:07:49.509+0200] {processor.py:842} WARNING - No viable dags retrieved from /home/bvpelt/Develop/airflowtut/py_env/lib/python3.10/site-packages/airflow/example_dags/plugins/workday.py
[2024-08-09T20:07:49.514+0200] {processor.py:183} INFO - Processing /home/bvpelt/Develop/airflowtut/py_env/lib/python3.10/site-packages/airflow/example_dags/plugins/workday.py took 0.011 seconds
[2024-08-09T20:08:39.365+0200] {processor.py:161} INFO - Started process (PID=21696) to work on /home/bvpelt/Develop/airflowtut/py_env/lib/python3.10/site-packages/airflow/example_dags/plugins/workday.py
[2024-08-09T20:08:39.366+0200] {processor.py:830} INFO - Processing file /home/bvpelt/Develop/airflowtut/py_env/lib/python3.10/site-packages/airflow/example_dags/plugins/workday.py for tasks to queue
[2024-08-09T20:08:39.366+0200] {logging_mixin.py:188} INFO - [2024-08-09T20:08:39.366+0200] {dagbag.py:545} INFO - Filling up the DagBag from /home/bvpelt/Develop/airflowtut/py_env/lib/python3.10/site-packages/airflow/example_dags/plugins/workday.py
[2024-08-09T20:08:39.368+0200] {logging_mixin.py:188} INFO - [2024-08-09T20:08:39.368+0200] {workday.py:41} WARNING - Could not import pandas. Holidays will not be considered.
[2024-08-09T20:08:39.368+0200] {processor.py:842} WARNING - No viable dags retrieved from /home/bvpelt/Develop/airflowtut/py_env/lib/python3.10/site-packages/airflow/example_dags/plugins/workday.py
[2024-08-09T20:08:39.373+0200] {processor.py:183} INFO - Processing /home/bvpelt/Develop/airflowtut/py_env/lib/python3.10/site-packages/airflow/example_dags/plugins/workday.py took 0.012 seconds
[2024-08-09T20:09:32.923+0200] {processor.py:161} INFO - Started process (PID=21753) to work on /home/bvpelt/Develop/airflowtut/py_env/lib/python3.10/site-packages/airflow/example_dags/plugins/workday.py
[2024-08-09T20:09:32.941+0200] {processor.py:830} INFO - Processing file /home/bvpelt/Develop/airflowtut/py_env/lib/python3.10/site-packages/airflow/example_dags/plugins/workday.py for tasks to queue
[2024-08-09T20:09:32.942+0200] {logging_mixin.py:188} INFO - [2024-08-09T20:09:32.942+0200] {dagbag.py:545} INFO - Filling up the DagBag from /home/bvpelt/Develop/airflowtut/py_env/lib/python3.10/site-packages/airflow/example_dags/plugins/workday.py
[2024-08-09T20:09:32.944+0200] {logging_mixin.py:188} INFO - [2024-08-09T20:09:32.944+0200] {workday.py:41} WARNING - Could not import pandas. Holidays will not be considered.
[2024-08-09T20:09:32.944+0200] {processor.py:842} WARNING - No viable dags retrieved from /home/bvpelt/Develop/airflowtut/py_env/lib/python3.10/site-packages/airflow/example_dags/plugins/workday.py
[2024-08-09T20:09:32.950+0200] {processor.py:183} INFO - Processing /home/bvpelt/Develop/airflowtut/py_env/lib/python3.10/site-packages/airflow/example_dags/plugins/workday.py took 0.030 seconds
[2024-08-09T20:10:20.844+0200] {processor.py:161} INFO - Started process (PID=21823) to work on /home/bvpelt/Develop/airflowtut/py_env/lib/python3.10/site-packages/airflow/example_dags/plugins/workday.py
[2024-08-09T20:10:20.872+0200] {processor.py:830} INFO - Processing file /home/bvpelt/Develop/airflowtut/py_env/lib/python3.10/site-packages/airflow/example_dags/plugins/workday.py for tasks to queue
[2024-08-09T20:10:20.873+0200] {logging_mixin.py:188} INFO - [2024-08-09T20:10:20.873+0200] {dagbag.py:545} INFO - Filling up the DagBag from /home/bvpelt/Develop/airflowtut/py_env/lib/python3.10/site-packages/airflow/example_dags/plugins/workday.py
[2024-08-09T20:10:20.875+0200] {logging_mixin.py:188} INFO - [2024-08-09T20:10:20.875+0200] {workday.py:41} WARNING - Could not import pandas. Holidays will not be considered.
[2024-08-09T20:10:20.876+0200] {processor.py:842} WARNING - No viable dags retrieved from /home/bvpelt/Develop/airflowtut/py_env/lib/python3.10/site-packages/airflow/example_dags/plugins/workday.py
[2024-08-09T20:10:20.884+0200] {processor.py:183} INFO - Processing /home/bvpelt/Develop/airflowtut/py_env/lib/python3.10/site-packages/airflow/example_dags/plugins/workday.py took 0.043 seconds
[2024-08-09T20:11:12.051+0200] {processor.py:161} INFO - Started process (PID=21880) to work on /home/bvpelt/Develop/airflowtut/py_env/lib/python3.10/site-packages/airflow/example_dags/plugins/workday.py
[2024-08-09T20:11:12.094+0200] {processor.py:830} INFO - Processing file /home/bvpelt/Develop/airflowtut/py_env/lib/python3.10/site-packages/airflow/example_dags/plugins/workday.py for tasks to queue
[2024-08-09T20:11:12.096+0200] {logging_mixin.py:188} INFO - [2024-08-09T20:11:12.095+0200] {dagbag.py:545} INFO - Filling up the DagBag from /home/bvpelt/Develop/airflowtut/py_env/lib/python3.10/site-packages/airflow/example_dags/plugins/workday.py
[2024-08-09T20:11:12.099+0200] {logging_mixin.py:188} INFO - [2024-08-09T20:11:12.098+0200] {workday.py:41} WARNING - Could not import pandas. Holidays will not be considered.
[2024-08-09T20:11:12.099+0200] {processor.py:842} WARNING - No viable dags retrieved from /home/bvpelt/Develop/airflowtut/py_env/lib/python3.10/site-packages/airflow/example_dags/plugins/workday.py
[2024-08-09T20:11:12.113+0200] {processor.py:183} INFO - Processing /home/bvpelt/Develop/airflowtut/py_env/lib/python3.10/site-packages/airflow/example_dags/plugins/workday.py took 0.065 seconds
[2024-08-09T20:12:00.926+0200] {processor.py:161} INFO - Started process (PID=21963) to work on /home/bvpelt/Develop/airflowtut/py_env/lib/python3.10/site-packages/airflow/example_dags/plugins/workday.py
[2024-08-09T20:12:00.942+0200] {processor.py:830} INFO - Processing file /home/bvpelt/Develop/airflowtut/py_env/lib/python3.10/site-packages/airflow/example_dags/plugins/workday.py for tasks to queue
[2024-08-09T20:12:00.946+0200] {logging_mixin.py:188} INFO - [2024-08-09T20:12:00.945+0200] {dagbag.py:545} INFO - Filling up the DagBag from /home/bvpelt/Develop/airflowtut/py_env/lib/python3.10/site-packages/airflow/example_dags/plugins/workday.py
[2024-08-09T20:12:00.952+0200] {logging_mixin.py:188} INFO - [2024-08-09T20:12:00.952+0200] {workday.py:41} WARNING - Could not import pandas. Holidays will not be considered.
[2024-08-09T20:12:00.953+0200] {processor.py:842} WARNING - No viable dags retrieved from /home/bvpelt/Develop/airflowtut/py_env/lib/python3.10/site-packages/airflow/example_dags/plugins/workday.py
[2024-08-09T20:12:00.970+0200] {processor.py:183} INFO - Processing /home/bvpelt/Develop/airflowtut/py_env/lib/python3.10/site-packages/airflow/example_dags/plugins/workday.py took 0.058 seconds
[2024-08-09T20:12:51.577+0200] {processor.py:161} INFO - Started process (PID=22074) to work on /home/bvpelt/Develop/airflowtut/py_env/lib/python3.10/site-packages/airflow/example_dags/plugins/workday.py
[2024-08-09T20:12:51.664+0200] {processor.py:830} INFO - Processing file /home/bvpelt/Develop/airflowtut/py_env/lib/python3.10/site-packages/airflow/example_dags/plugins/workday.py for tasks to queue
[2024-08-09T20:12:51.668+0200] {logging_mixin.py:188} INFO - [2024-08-09T20:12:51.667+0200] {dagbag.py:545} INFO - Filling up the DagBag from /home/bvpelt/Develop/airflowtut/py_env/lib/python3.10/site-packages/airflow/example_dags/plugins/workday.py
[2024-08-09T20:12:51.675+0200] {logging_mixin.py:188} INFO - [2024-08-09T20:12:51.675+0200] {workday.py:41} WARNING - Could not import pandas. Holidays will not be considered.
[2024-08-09T20:12:51.676+0200] {processor.py:842} WARNING - No viable dags retrieved from /home/bvpelt/Develop/airflowtut/py_env/lib/python3.10/site-packages/airflow/example_dags/plugins/workday.py
[2024-08-09T20:12:51.701+0200] {processor.py:183} INFO - Processing /home/bvpelt/Develop/airflowtut/py_env/lib/python3.10/site-packages/airflow/example_dags/plugins/workday.py took 0.127 seconds
[2024-08-09T20:13:45.703+0200] {processor.py:161} INFO - Started process (PID=22140) to work on /home/bvpelt/Develop/airflowtut/py_env/lib/python3.10/site-packages/airflow/example_dags/plugins/workday.py
[2024-08-09T20:13:45.703+0200] {processor.py:830} INFO - Processing file /home/bvpelt/Develop/airflowtut/py_env/lib/python3.10/site-packages/airflow/example_dags/plugins/workday.py for tasks to queue
[2024-08-09T20:13:45.704+0200] {logging_mixin.py:188} INFO - [2024-08-09T20:13:45.704+0200] {dagbag.py:545} INFO - Filling up the DagBag from /home/bvpelt/Develop/airflowtut/py_env/lib/python3.10/site-packages/airflow/example_dags/plugins/workday.py
[2024-08-09T20:13:45.705+0200] {logging_mixin.py:188} INFO - [2024-08-09T20:13:45.705+0200] {workday.py:41} WARNING - Could not import pandas. Holidays will not be considered.
[2024-08-09T20:13:45.705+0200] {processor.py:842} WARNING - No viable dags retrieved from /home/bvpelt/Develop/airflowtut/py_env/lib/python3.10/site-packages/airflow/example_dags/plugins/workday.py
[2024-08-09T20:13:45.711+0200] {processor.py:183} INFO - Processing /home/bvpelt/Develop/airflowtut/py_env/lib/python3.10/site-packages/airflow/example_dags/plugins/workday.py took 0.011 seconds
[2024-08-09T20:14:39.062+0200] {processor.py:161} INFO - Started process (PID=22207) to work on /home/bvpelt/Develop/airflowtut/py_env/lib/python3.10/site-packages/airflow/example_dags/plugins/workday.py
[2024-08-09T20:14:39.063+0200] {processor.py:830} INFO - Processing file /home/bvpelt/Develop/airflowtut/py_env/lib/python3.10/site-packages/airflow/example_dags/plugins/workday.py for tasks to queue
[2024-08-09T20:14:39.063+0200] {logging_mixin.py:188} INFO - [2024-08-09T20:14:39.063+0200] {dagbag.py:545} INFO - Filling up the DagBag from /home/bvpelt/Develop/airflowtut/py_env/lib/python3.10/site-packages/airflow/example_dags/plugins/workday.py
[2024-08-09T20:14:39.065+0200] {logging_mixin.py:188} INFO - [2024-08-09T20:14:39.065+0200] {workday.py:41} WARNING - Could not import pandas. Holidays will not be considered.
[2024-08-09T20:14:39.065+0200] {processor.py:842} WARNING - No viable dags retrieved from /home/bvpelt/Develop/airflowtut/py_env/lib/python3.10/site-packages/airflow/example_dags/plugins/workday.py
[2024-08-09T20:14:39.070+0200] {processor.py:183} INFO - Processing /home/bvpelt/Develop/airflowtut/py_env/lib/python3.10/site-packages/airflow/example_dags/plugins/workday.py took 0.011 seconds
[2024-08-09T20:15:25.212+0200] {processor.py:161} INFO - Started process (PID=22282) to work on /home/bvpelt/Develop/airflowtut/py_env/lib/python3.10/site-packages/airflow/example_dags/plugins/workday.py
[2024-08-09T20:15:25.212+0200] {processor.py:830} INFO - Processing file /home/bvpelt/Develop/airflowtut/py_env/lib/python3.10/site-packages/airflow/example_dags/plugins/workday.py for tasks to queue
[2024-08-09T20:15:25.213+0200] {logging_mixin.py:188} INFO - [2024-08-09T20:15:25.213+0200] {dagbag.py:545} INFO - Filling up the DagBag from /home/bvpelt/Develop/airflowtut/py_env/lib/python3.10/site-packages/airflow/example_dags/plugins/workday.py
[2024-08-09T20:15:25.214+0200] {logging_mixin.py:188} INFO - [2024-08-09T20:15:25.214+0200] {workday.py:41} WARNING - Could not import pandas. Holidays will not be considered.
[2024-08-09T20:15:25.215+0200] {processor.py:842} WARNING - No viable dags retrieved from /home/bvpelt/Develop/airflowtut/py_env/lib/python3.10/site-packages/airflow/example_dags/plugins/workday.py
[2024-08-09T20:15:25.220+0200] {processor.py:183} INFO - Processing /home/bvpelt/Develop/airflowtut/py_env/lib/python3.10/site-packages/airflow/example_dags/plugins/workday.py took 0.011 seconds
[2024-08-09T20:16:14.936+0200] {processor.py:161} INFO - Started process (PID=22341) to work on /home/bvpelt/Develop/airflowtut/py_env/lib/python3.10/site-packages/airflow/example_dags/plugins/workday.py
[2024-08-09T20:16:14.936+0200] {processor.py:830} INFO - Processing file /home/bvpelt/Develop/airflowtut/py_env/lib/python3.10/site-packages/airflow/example_dags/plugins/workday.py for tasks to queue
[2024-08-09T20:16:14.937+0200] {logging_mixin.py:188} INFO - [2024-08-09T20:16:14.937+0200] {dagbag.py:545} INFO - Filling up the DagBag from /home/bvpelt/Develop/airflowtut/py_env/lib/python3.10/site-packages/airflow/example_dags/plugins/workday.py
[2024-08-09T20:16:14.939+0200] {logging_mixin.py:188} INFO - [2024-08-09T20:16:14.938+0200] {workday.py:41} WARNING - Could not import pandas. Holidays will not be considered.
[2024-08-09T20:16:14.939+0200] {processor.py:842} WARNING - No viable dags retrieved from /home/bvpelt/Develop/airflowtut/py_env/lib/python3.10/site-packages/airflow/example_dags/plugins/workday.py
[2024-08-09T20:16:14.944+0200] {processor.py:183} INFO - Processing /home/bvpelt/Develop/airflowtut/py_env/lib/python3.10/site-packages/airflow/example_dags/plugins/workday.py took 0.012 seconds
