[2024-08-09T19:42:55.739+0200] {processor.py:161} INFO - Started process (PID=17675) to work on /home/bvpelt/Develop/airflowtut/py_env/lib/python3.10/site-packages/airflow/example_dags/subdags/subdag.py
[2024-08-09T19:42:55.741+0200] {processor.py:830} INFO - Processing file /home/bvpelt/Develop/airflowtut/py_env/lib/python3.10/site-packages/airflow/example_dags/subdags/subdag.py for tasks to queue
[2024-08-09T19:42:55.745+0200] {logging_mixin.py:188} INFO - [2024-08-09T19:42:55.744+0200] {dagbag.py:545} INFO - Filling up the DagBag from /home/bvpelt/Develop/airflowtut/py_env/lib/python3.10/site-packages/airflow/example_dags/subdags/subdag.py
[2024-08-09T19:42:55.749+0200] {processor.py:842} WARNING - No viable dags retrieved from /home/bvpelt/Develop/airflowtut/py_env/lib/python3.10/site-packages/airflow/example_dags/subdags/subdag.py
[2024-08-09T19:42:55.761+0200] {processor.py:183} INFO - Processing /home/bvpelt/Develop/airflowtut/py_env/lib/python3.10/site-packages/airflow/example_dags/subdags/subdag.py took 0.037 seconds
[2024-08-09T19:44:05.291+0200] {processor.py:161} INFO - Started process (PID=17930) to work on /home/bvpelt/Develop/airflowtut/py_env/lib/python3.10/site-packages/airflow/example_dags/subdags/subdag.py
[2024-08-09T19:44:05.291+0200] {processor.py:830} INFO - Processing file /home/bvpelt/Develop/airflowtut/py_env/lib/python3.10/site-packages/airflow/example_dags/subdags/subdag.py for tasks to queue
[2024-08-09T19:44:05.292+0200] {logging_mixin.py:188} INFO - [2024-08-09T19:44:05.292+0200] {dagbag.py:545} INFO - Filling up the DagBag from /home/bvpelt/Develop/airflowtut/py_env/lib/python3.10/site-packages/airflow/example_dags/subdags/subdag.py
[2024-08-09T19:44:05.293+0200] {processor.py:842} WARNING - No viable dags retrieved from /home/bvpelt/Develop/airflowtut/py_env/lib/python3.10/site-packages/airflow/example_dags/subdags/subdag.py
[2024-08-09T19:44:05.299+0200] {processor.py:183} INFO - Processing /home/bvpelt/Develop/airflowtut/py_env/lib/python3.10/site-packages/airflow/example_dags/subdags/subdag.py took 0.011 seconds
[2024-08-09T19:45:02.079+0200] {processor.py:161} INFO - Started process (PID=18203) to work on /home/bvpelt/Develop/airflowtut/py_env/lib/python3.10/site-packages/airflow/example_dags/subdags/subdag.py
[2024-08-09T19:45:02.079+0200] {processor.py:830} INFO - Processing file /home/bvpelt/Develop/airflowtut/py_env/lib/python3.10/site-packages/airflow/example_dags/subdags/subdag.py for tasks to queue
[2024-08-09T19:45:02.080+0200] {logging_mixin.py:188} INFO - [2024-08-09T19:45:02.080+0200] {dagbag.py:545} INFO - Filling up the DagBag from /home/bvpelt/Develop/airflowtut/py_env/lib/python3.10/site-packages/airflow/example_dags/subdags/subdag.py
[2024-08-09T19:45:02.081+0200] {processor.py:842} WARNING - No viable dags retrieved from /home/bvpelt/Develop/airflowtut/py_env/lib/python3.10/site-packages/airflow/example_dags/subdags/subdag.py
[2024-08-09T19:45:02.087+0200] {processor.py:183} INFO - Processing /home/bvpelt/Develop/airflowtut/py_env/lib/python3.10/site-packages/airflow/example_dags/subdags/subdag.py took 0.011 seconds
[2024-08-09T19:46:11.938+0200] {processor.py:161} INFO - Started process (PID=18567) to work on /home/bvpelt/Develop/airflowtut/py_env/lib/python3.10/site-packages/airflow/example_dags/subdags/subdag.py
[2024-08-09T19:46:11.939+0200] {processor.py:830} INFO - Processing file /home/bvpelt/Develop/airflowtut/py_env/lib/python3.10/site-packages/airflow/example_dags/subdags/subdag.py for tasks to queue
[2024-08-09T19:46:11.939+0200] {logging_mixin.py:188} INFO - [2024-08-09T19:46:11.939+0200] {dagbag.py:545} INFO - Filling up the DagBag from /home/bvpelt/Develop/airflowtut/py_env/lib/python3.10/site-packages/airflow/example_dags/subdags/subdag.py
[2024-08-09T19:46:11.940+0200] {processor.py:842} WARNING - No viable dags retrieved from /home/bvpelt/Develop/airflowtut/py_env/lib/python3.10/site-packages/airflow/example_dags/subdags/subdag.py
[2024-08-09T19:46:11.945+0200] {processor.py:183} INFO - Processing /home/bvpelt/Develop/airflowtut/py_env/lib/python3.10/site-packages/airflow/example_dags/subdags/subdag.py took 0.011 seconds
[2024-08-09T19:47:18.082+0200] {processor.py:161} INFO - Started process (PID=18884) to work on /home/bvpelt/Develop/airflowtut/py_env/lib/python3.10/site-packages/airflow/example_dags/subdags/subdag.py
[2024-08-09T19:47:18.083+0200] {processor.py:830} INFO - Processing file /home/bvpelt/Develop/airflowtut/py_env/lib/python3.10/site-packages/airflow/example_dags/subdags/subdag.py for tasks to queue
[2024-08-09T19:47:18.083+0200] {logging_mixin.py:188} INFO - [2024-08-09T19:47:18.083+0200] {dagbag.py:545} INFO - Filling up the DagBag from /home/bvpelt/Develop/airflowtut/py_env/lib/python3.10/site-packages/airflow/example_dags/subdags/subdag.py
[2024-08-09T19:47:18.084+0200] {processor.py:842} WARNING - No viable dags retrieved from /home/bvpelt/Develop/airflowtut/py_env/lib/python3.10/site-packages/airflow/example_dags/subdags/subdag.py
[2024-08-09T19:47:18.090+0200] {processor.py:183} INFO - Processing /home/bvpelt/Develop/airflowtut/py_env/lib/python3.10/site-packages/airflow/example_dags/subdags/subdag.py took 0.011 seconds
[2024-08-09T19:48:09.227+0200] {processor.py:161} INFO - Started process (PID=19026) to work on /home/bvpelt/Develop/airflowtut/py_env/lib/python3.10/site-packages/airflow/example_dags/subdags/subdag.py
[2024-08-09T19:48:09.228+0200] {processor.py:830} INFO - Processing file /home/bvpelt/Develop/airflowtut/py_env/lib/python3.10/site-packages/airflow/example_dags/subdags/subdag.py for tasks to queue
[2024-08-09T19:48:09.229+0200] {logging_mixin.py:188} INFO - [2024-08-09T19:48:09.229+0200] {dagbag.py:545} INFO - Filling up the DagBag from /home/bvpelt/Develop/airflowtut/py_env/lib/python3.10/site-packages/airflow/example_dags/subdags/subdag.py
[2024-08-09T19:48:09.230+0200] {processor.py:842} WARNING - No viable dags retrieved from /home/bvpelt/Develop/airflowtut/py_env/lib/python3.10/site-packages/airflow/example_dags/subdags/subdag.py
[2024-08-09T19:48:09.235+0200] {processor.py:183} INFO - Processing /home/bvpelt/Develop/airflowtut/py_env/lib/python3.10/site-packages/airflow/example_dags/subdags/subdag.py took 0.012 seconds
[2024-08-09T19:48:58.703+0200] {processor.py:161} INFO - Started process (PID=19136) to work on /home/bvpelt/Develop/airflowtut/py_env/lib/python3.10/site-packages/airflow/example_dags/subdags/subdag.py
[2024-08-09T19:48:58.719+0200] {processor.py:830} INFO - Processing file /home/bvpelt/Develop/airflowtut/py_env/lib/python3.10/site-packages/airflow/example_dags/subdags/subdag.py for tasks to queue
[2024-08-09T19:48:58.724+0200] {logging_mixin.py:188} INFO - [2024-08-09T19:48:58.723+0200] {dagbag.py:545} INFO - Filling up the DagBag from /home/bvpelt/Develop/airflowtut/py_env/lib/python3.10/site-packages/airflow/example_dags/subdags/subdag.py
[2024-08-09T19:48:58.729+0200] {processor.py:842} WARNING - No viable dags retrieved from /home/bvpelt/Develop/airflowtut/py_env/lib/python3.10/site-packages/airflow/example_dags/subdags/subdag.py
[2024-08-09T19:48:58.746+0200] {processor.py:183} INFO - Processing /home/bvpelt/Develop/airflowtut/py_env/lib/python3.10/site-packages/airflow/example_dags/subdags/subdag.py took 0.058 seconds
[2024-08-09T19:49:50.407+0200] {processor.py:161} INFO - Started process (PID=19270) to work on /home/bvpelt/Develop/airflowtut/py_env/lib/python3.10/site-packages/airflow/example_dags/subdags/subdag.py
[2024-08-09T19:49:50.422+0200] {processor.py:830} INFO - Processing file /home/bvpelt/Develop/airflowtut/py_env/lib/python3.10/site-packages/airflow/example_dags/subdags/subdag.py for tasks to queue
[2024-08-09T19:49:50.424+0200] {logging_mixin.py:188} INFO - [2024-08-09T19:49:50.424+0200] {dagbag.py:545} INFO - Filling up the DagBag from /home/bvpelt/Develop/airflowtut/py_env/lib/python3.10/site-packages/airflow/example_dags/subdags/subdag.py
[2024-08-09T19:49:50.425+0200] {processor.py:842} WARNING - No viable dags retrieved from /home/bvpelt/Develop/airflowtut/py_env/lib/python3.10/site-packages/airflow/example_dags/subdags/subdag.py
[2024-08-09T19:49:50.431+0200] {processor.py:183} INFO - Processing /home/bvpelt/Develop/airflowtut/py_env/lib/python3.10/site-packages/airflow/example_dags/subdags/subdag.py took 0.027 seconds
[2024-08-09T19:50:43.188+0200] {processor.py:161} INFO - Started process (PID=19378) to work on /home/bvpelt/Develop/airflowtut/py_env/lib/python3.10/site-packages/airflow/example_dags/subdags/subdag.py
[2024-08-09T19:50:43.188+0200] {processor.py:830} INFO - Processing file /home/bvpelt/Develop/airflowtut/py_env/lib/python3.10/site-packages/airflow/example_dags/subdags/subdag.py for tasks to queue
[2024-08-09T19:50:43.189+0200] {logging_mixin.py:188} INFO - [2024-08-09T19:50:43.189+0200] {dagbag.py:545} INFO - Filling up the DagBag from /home/bvpelt/Develop/airflowtut/py_env/lib/python3.10/site-packages/airflow/example_dags/subdags/subdag.py
[2024-08-09T19:50:43.190+0200] {processor.py:842} WARNING - No viable dags retrieved from /home/bvpelt/Develop/airflowtut/py_env/lib/python3.10/site-packages/airflow/example_dags/subdags/subdag.py
[2024-08-09T19:50:43.195+0200] {processor.py:183} INFO - Processing /home/bvpelt/Develop/airflowtut/py_env/lib/python3.10/site-packages/airflow/example_dags/subdags/subdag.py took 0.011 seconds
[2024-08-09T19:51:33.973+0200] {processor.py:161} INFO - Started process (PID=19538) to work on /home/bvpelt/Develop/airflowtut/py_env/lib/python3.10/site-packages/airflow/example_dags/subdags/subdag.py
[2024-08-09T19:51:33.974+0200] {processor.py:830} INFO - Processing file /home/bvpelt/Develop/airflowtut/py_env/lib/python3.10/site-packages/airflow/example_dags/subdags/subdag.py for tasks to queue
[2024-08-09T19:51:33.976+0200] {logging_mixin.py:188} INFO - [2024-08-09T19:51:33.975+0200] {dagbag.py:545} INFO - Filling up the DagBag from /home/bvpelt/Develop/airflowtut/py_env/lib/python3.10/site-packages/airflow/example_dags/subdags/subdag.py
[2024-08-09T19:51:33.977+0200] {processor.py:842} WARNING - No viable dags retrieved from /home/bvpelt/Develop/airflowtut/py_env/lib/python3.10/site-packages/airflow/example_dags/subdags/subdag.py
[2024-08-09T19:51:33.985+0200] {processor.py:183} INFO - Processing /home/bvpelt/Develop/airflowtut/py_env/lib/python3.10/site-packages/airflow/example_dags/subdags/subdag.py took 0.018 seconds
[2024-08-09T19:52:52.373+0200] {processor.py:161} INFO - Started process (PID=20057) to work on /home/bvpelt/Develop/airflowtut/py_env/lib/python3.10/site-packages/airflow/example_dags/subdags/subdag.py
[2024-08-09T19:52:52.374+0200] {processor.py:830} INFO - Processing file /home/bvpelt/Develop/airflowtut/py_env/lib/python3.10/site-packages/airflow/example_dags/subdags/subdag.py for tasks to queue
[2024-08-09T19:52:52.375+0200] {logging_mixin.py:188} INFO - [2024-08-09T19:52:52.375+0200] {dagbag.py:545} INFO - Filling up the DagBag from /home/bvpelt/Develop/airflowtut/py_env/lib/python3.10/site-packages/airflow/example_dags/subdags/subdag.py
[2024-08-09T19:52:52.376+0200] {processor.py:842} WARNING - No viable dags retrieved from /home/bvpelt/Develop/airflowtut/py_env/lib/python3.10/site-packages/airflow/example_dags/subdags/subdag.py
[2024-08-09T19:52:52.384+0200] {processor.py:183} INFO - Processing /home/bvpelt/Develop/airflowtut/py_env/lib/python3.10/site-packages/airflow/example_dags/subdags/subdag.py took 0.016 seconds
[2024-08-09T19:53:48.558+0200] {processor.py:161} INFO - Started process (PID=20121) to work on /home/bvpelt/Develop/airflowtut/py_env/lib/python3.10/site-packages/airflow/example_dags/subdags/subdag.py
[2024-08-09T19:53:48.572+0200] {processor.py:830} INFO - Processing file /home/bvpelt/Develop/airflowtut/py_env/lib/python3.10/site-packages/airflow/example_dags/subdags/subdag.py for tasks to queue
[2024-08-09T19:53:48.573+0200] {logging_mixin.py:188} INFO - [2024-08-09T19:53:48.573+0200] {dagbag.py:545} INFO - Filling up the DagBag from /home/bvpelt/Develop/airflowtut/py_env/lib/python3.10/site-packages/airflow/example_dags/subdags/subdag.py
[2024-08-09T19:53:48.574+0200] {processor.py:842} WARNING - No viable dags retrieved from /home/bvpelt/Develop/airflowtut/py_env/lib/python3.10/site-packages/airflow/example_dags/subdags/subdag.py
[2024-08-09T19:53:48.581+0200] {processor.py:183} INFO - Processing /home/bvpelt/Develop/airflowtut/py_env/lib/python3.10/site-packages/airflow/example_dags/subdags/subdag.py took 0.026 seconds
[2024-08-09T19:54:41.173+0200] {processor.py:161} INFO - Started process (PID=20188) to work on /home/bvpelt/Develop/airflowtut/py_env/lib/python3.10/site-packages/airflow/example_dags/subdags/subdag.py
[2024-08-09T19:54:41.183+0200] {processor.py:830} INFO - Processing file /home/bvpelt/Develop/airflowtut/py_env/lib/python3.10/site-packages/airflow/example_dags/subdags/subdag.py for tasks to queue
[2024-08-09T19:54:41.184+0200] {logging_mixin.py:188} INFO - [2024-08-09T19:54:41.184+0200] {dagbag.py:545} INFO - Filling up the DagBag from /home/bvpelt/Develop/airflowtut/py_env/lib/python3.10/site-packages/airflow/example_dags/subdags/subdag.py
[2024-08-09T19:54:41.185+0200] {processor.py:842} WARNING - No viable dags retrieved from /home/bvpelt/Develop/airflowtut/py_env/lib/python3.10/site-packages/airflow/example_dags/subdags/subdag.py
[2024-08-09T19:54:41.191+0200] {processor.py:183} INFO - Processing /home/bvpelt/Develop/airflowtut/py_env/lib/python3.10/site-packages/airflow/example_dags/subdags/subdag.py took 0.021 seconds
[2024-08-09T19:55:31.357+0200] {processor.py:161} INFO - Started process (PID=20283) to work on /home/bvpelt/Develop/airflowtut/py_env/lib/python3.10/site-packages/airflow/example_dags/subdags/subdag.py
[2024-08-09T19:55:31.357+0200] {processor.py:830} INFO - Processing file /home/bvpelt/Develop/airflowtut/py_env/lib/python3.10/site-packages/airflow/example_dags/subdags/subdag.py for tasks to queue
[2024-08-09T19:55:31.358+0200] {logging_mixin.py:188} INFO - [2024-08-09T19:55:31.358+0200] {dagbag.py:545} INFO - Filling up the DagBag from /home/bvpelt/Develop/airflowtut/py_env/lib/python3.10/site-packages/airflow/example_dags/subdags/subdag.py
[2024-08-09T19:55:31.359+0200] {processor.py:842} WARNING - No viable dags retrieved from /home/bvpelt/Develop/airflowtut/py_env/lib/python3.10/site-packages/airflow/example_dags/subdags/subdag.py
[2024-08-09T19:55:31.364+0200] {processor.py:183} INFO - Processing /home/bvpelt/Develop/airflowtut/py_env/lib/python3.10/site-packages/airflow/example_dags/subdags/subdag.py took 0.011 seconds
[2024-08-09T19:56:17.049+0200] {processor.py:161} INFO - Started process (PID=20347) to work on /home/bvpelt/Develop/airflowtut/py_env/lib/python3.10/site-packages/airflow/example_dags/subdags/subdag.py
[2024-08-09T19:56:17.049+0200] {processor.py:830} INFO - Processing file /home/bvpelt/Develop/airflowtut/py_env/lib/python3.10/site-packages/airflow/example_dags/subdags/subdag.py for tasks to queue
[2024-08-09T19:56:17.050+0200] {logging_mixin.py:188} INFO - [2024-08-09T19:56:17.050+0200] {dagbag.py:545} INFO - Filling up the DagBag from /home/bvpelt/Develop/airflowtut/py_env/lib/python3.10/site-packages/airflow/example_dags/subdags/subdag.py
[2024-08-09T19:56:17.051+0200] {processor.py:842} WARNING - No viable dags retrieved from /home/bvpelt/Develop/airflowtut/py_env/lib/python3.10/site-packages/airflow/example_dags/subdags/subdag.py
[2024-08-09T19:56:17.056+0200] {processor.py:183} INFO - Processing /home/bvpelt/Develop/airflowtut/py_env/lib/python3.10/site-packages/airflow/example_dags/subdags/subdag.py took 0.011 seconds
[2024-08-09T19:57:08.513+0200] {processor.py:161} INFO - Started process (PID=20400) to work on /home/bvpelt/Develop/airflowtut/py_env/lib/python3.10/site-packages/airflow/example_dags/subdags/subdag.py
[2024-08-09T19:57:08.514+0200] {processor.py:830} INFO - Processing file /home/bvpelt/Develop/airflowtut/py_env/lib/python3.10/site-packages/airflow/example_dags/subdags/subdag.py for tasks to queue
[2024-08-09T19:57:08.515+0200] {logging_mixin.py:188} INFO - [2024-08-09T19:57:08.515+0200] {dagbag.py:545} INFO - Filling up the DagBag from /home/bvpelt/Develop/airflowtut/py_env/lib/python3.10/site-packages/airflow/example_dags/subdags/subdag.py
[2024-08-09T19:57:08.516+0200] {processor.py:842} WARNING - No viable dags retrieved from /home/bvpelt/Develop/airflowtut/py_env/lib/python3.10/site-packages/airflow/example_dags/subdags/subdag.py
[2024-08-09T19:57:08.522+0200] {processor.py:183} INFO - Processing /home/bvpelt/Develop/airflowtut/py_env/lib/python3.10/site-packages/airflow/example_dags/subdags/subdag.py took 0.011 seconds
[2024-08-09T19:57:59.466+0200] {processor.py:161} INFO - Started process (PID=20527) to work on /home/bvpelt/Develop/airflowtut/py_env/lib/python3.10/site-packages/airflow/example_dags/subdags/subdag.py
[2024-08-09T19:57:59.467+0200] {processor.py:830} INFO - Processing file /home/bvpelt/Develop/airflowtut/py_env/lib/python3.10/site-packages/airflow/example_dags/subdags/subdag.py for tasks to queue
[2024-08-09T19:57:59.468+0200] {logging_mixin.py:188} INFO - [2024-08-09T19:57:59.467+0200] {dagbag.py:545} INFO - Filling up the DagBag from /home/bvpelt/Develop/airflowtut/py_env/lib/python3.10/site-packages/airflow/example_dags/subdags/subdag.py
[2024-08-09T19:57:59.469+0200] {processor.py:842} WARNING - No viable dags retrieved from /home/bvpelt/Develop/airflowtut/py_env/lib/python3.10/site-packages/airflow/example_dags/subdags/subdag.py
[2024-08-09T19:57:59.474+0200] {processor.py:183} INFO - Processing /home/bvpelt/Develop/airflowtut/py_env/lib/python3.10/site-packages/airflow/example_dags/subdags/subdag.py took 0.011 seconds
[2024-08-09T19:58:54.808+0200] {processor.py:161} INFO - Started process (PID=20671) to work on /home/bvpelt/Develop/airflowtut/py_env/lib/python3.10/site-packages/airflow/example_dags/subdags/subdag.py
[2024-08-09T19:58:54.809+0200] {processor.py:830} INFO - Processing file /home/bvpelt/Develop/airflowtut/py_env/lib/python3.10/site-packages/airflow/example_dags/subdags/subdag.py for tasks to queue
[2024-08-09T19:58:54.810+0200] {logging_mixin.py:188} INFO - [2024-08-09T19:58:54.809+0200] {dagbag.py:545} INFO - Filling up the DagBag from /home/bvpelt/Develop/airflowtut/py_env/lib/python3.10/site-packages/airflow/example_dags/subdags/subdag.py
[2024-08-09T19:58:54.811+0200] {processor.py:842} WARNING - No viable dags retrieved from /home/bvpelt/Develop/airflowtut/py_env/lib/python3.10/site-packages/airflow/example_dags/subdags/subdag.py
[2024-08-09T19:58:54.816+0200] {processor.py:183} INFO - Processing /home/bvpelt/Develop/airflowtut/py_env/lib/python3.10/site-packages/airflow/example_dags/subdags/subdag.py took 0.011 seconds
[2024-08-09T19:59:50.804+0200] {processor.py:161} INFO - Started process (PID=20725) to work on /home/bvpelt/Develop/airflowtut/py_env/lib/python3.10/site-packages/airflow/example_dags/subdags/subdag.py
[2024-08-09T19:59:50.807+0200] {processor.py:830} INFO - Processing file /home/bvpelt/Develop/airflowtut/py_env/lib/python3.10/site-packages/airflow/example_dags/subdags/subdag.py for tasks to queue
[2024-08-09T19:59:50.810+0200] {logging_mixin.py:188} INFO - [2024-08-09T19:59:50.809+0200] {dagbag.py:545} INFO - Filling up the DagBag from /home/bvpelt/Develop/airflowtut/py_env/lib/python3.10/site-packages/airflow/example_dags/subdags/subdag.py
[2024-08-09T19:59:50.815+0200] {processor.py:842} WARNING - No viable dags retrieved from /home/bvpelt/Develop/airflowtut/py_env/lib/python3.10/site-packages/airflow/example_dags/subdags/subdag.py
[2024-08-09T19:59:50.828+0200] {processor.py:183} INFO - Processing /home/bvpelt/Develop/airflowtut/py_env/lib/python3.10/site-packages/airflow/example_dags/subdags/subdag.py took 0.039 seconds
[2024-08-09T20:00:40.990+0200] {processor.py:161} INFO - Started process (PID=20805) to work on /home/bvpelt/Develop/airflowtut/py_env/lib/python3.10/site-packages/airflow/example_dags/subdags/subdag.py
[2024-08-09T20:00:40.990+0200] {processor.py:830} INFO - Processing file /home/bvpelt/Develop/airflowtut/py_env/lib/python3.10/site-packages/airflow/example_dags/subdags/subdag.py for tasks to queue
[2024-08-09T20:00:40.991+0200] {logging_mixin.py:188} INFO - [2024-08-09T20:00:40.991+0200] {dagbag.py:545} INFO - Filling up the DagBag from /home/bvpelt/Develop/airflowtut/py_env/lib/python3.10/site-packages/airflow/example_dags/subdags/subdag.py
[2024-08-09T20:00:40.992+0200] {processor.py:842} WARNING - No viable dags retrieved from /home/bvpelt/Develop/airflowtut/py_env/lib/python3.10/site-packages/airflow/example_dags/subdags/subdag.py
[2024-08-09T20:00:40.998+0200] {processor.py:183} INFO - Processing /home/bvpelt/Develop/airflowtut/py_env/lib/python3.10/site-packages/airflow/example_dags/subdags/subdag.py took 0.011 seconds
[2024-08-09T20:01:31.121+0200] {processor.py:161} INFO - Started process (PID=20861) to work on /home/bvpelt/Develop/airflowtut/py_env/lib/python3.10/site-packages/airflow/example_dags/subdags/subdag.py
[2024-08-09T20:01:31.135+0200] {processor.py:830} INFO - Processing file /home/bvpelt/Develop/airflowtut/py_env/lib/python3.10/site-packages/airflow/example_dags/subdags/subdag.py for tasks to queue
[2024-08-09T20:01:31.135+0200] {logging_mixin.py:188} INFO - [2024-08-09T20:01:31.135+0200] {dagbag.py:545} INFO - Filling up the DagBag from /home/bvpelt/Develop/airflowtut/py_env/lib/python3.10/site-packages/airflow/example_dags/subdags/subdag.py
[2024-08-09T20:01:31.137+0200] {processor.py:842} WARNING - No viable dags retrieved from /home/bvpelt/Develop/airflowtut/py_env/lib/python3.10/site-packages/airflow/example_dags/subdags/subdag.py
[2024-08-09T20:01:31.142+0200] {processor.py:183} INFO - Processing /home/bvpelt/Develop/airflowtut/py_env/lib/python3.10/site-packages/airflow/example_dags/subdags/subdag.py took 0.024 seconds
[2024-08-09T20:02:21.287+0200] {processor.py:161} INFO - Started process (PID=21018) to work on /home/bvpelt/Develop/airflowtut/py_env/lib/python3.10/site-packages/airflow/example_dags/subdags/subdag.py
[2024-08-09T20:02:21.307+0200] {processor.py:830} INFO - Processing file /home/bvpelt/Develop/airflowtut/py_env/lib/python3.10/site-packages/airflow/example_dags/subdags/subdag.py for tasks to queue
[2024-08-09T20:02:21.308+0200] {logging_mixin.py:188} INFO - [2024-08-09T20:02:21.307+0200] {dagbag.py:545} INFO - Filling up the DagBag from /home/bvpelt/Develop/airflowtut/py_env/lib/python3.10/site-packages/airflow/example_dags/subdags/subdag.py
[2024-08-09T20:02:21.309+0200] {processor.py:842} WARNING - No viable dags retrieved from /home/bvpelt/Develop/airflowtut/py_env/lib/python3.10/site-packages/airflow/example_dags/subdags/subdag.py
[2024-08-09T20:02:21.315+0200] {processor.py:183} INFO - Processing /home/bvpelt/Develop/airflowtut/py_env/lib/python3.10/site-packages/airflow/example_dags/subdags/subdag.py took 0.031 seconds
[2024-08-09T20:03:18.340+0200] {processor.py:161} INFO - Started process (PID=21087) to work on /home/bvpelt/Develop/airflowtut/py_env/lib/python3.10/site-packages/airflow/example_dags/subdags/subdag.py
[2024-08-09T20:03:18.354+0200] {processor.py:830} INFO - Processing file /home/bvpelt/Develop/airflowtut/py_env/lib/python3.10/site-packages/airflow/example_dags/subdags/subdag.py for tasks to queue
[2024-08-09T20:03:18.358+0200] {logging_mixin.py:188} INFO - [2024-08-09T20:03:18.357+0200] {dagbag.py:545} INFO - Filling up the DagBag from /home/bvpelt/Develop/airflowtut/py_env/lib/python3.10/site-packages/airflow/example_dags/subdags/subdag.py
[2024-08-09T20:03:18.360+0200] {processor.py:842} WARNING - No viable dags retrieved from /home/bvpelt/Develop/airflowtut/py_env/lib/python3.10/site-packages/airflow/example_dags/subdags/subdag.py
[2024-08-09T20:03:18.365+0200] {processor.py:183} INFO - Processing /home/bvpelt/Develop/airflowtut/py_env/lib/python3.10/site-packages/airflow/example_dags/subdags/subdag.py took 0.028 seconds
[2024-08-09T20:04:14.096+0200] {processor.py:161} INFO - Started process (PID=21177) to work on /home/bvpelt/Develop/airflowtut/py_env/lib/python3.10/site-packages/airflow/example_dags/subdags/subdag.py
[2024-08-09T20:04:14.109+0200] {processor.py:830} INFO - Processing file /home/bvpelt/Develop/airflowtut/py_env/lib/python3.10/site-packages/airflow/example_dags/subdags/subdag.py for tasks to queue
[2024-08-09T20:04:14.115+0200] {logging_mixin.py:188} INFO - [2024-08-09T20:04:14.114+0200] {dagbag.py:545} INFO - Filling up the DagBag from /home/bvpelt/Develop/airflowtut/py_env/lib/python3.10/site-packages/airflow/example_dags/subdags/subdag.py
[2024-08-09T20:04:14.120+0200] {processor.py:842} WARNING - No viable dags retrieved from /home/bvpelt/Develop/airflowtut/py_env/lib/python3.10/site-packages/airflow/example_dags/subdags/subdag.py
[2024-08-09T20:04:14.135+0200] {processor.py:183} INFO - Processing /home/bvpelt/Develop/airflowtut/py_env/lib/python3.10/site-packages/airflow/example_dags/subdags/subdag.py took 0.055 seconds
[2024-08-09T20:05:05.012+0200] {processor.py:161} INFO - Started process (PID=21268) to work on /home/bvpelt/Develop/airflowtut/py_env/lib/python3.10/site-packages/airflow/example_dags/subdags/subdag.py
[2024-08-09T20:05:05.026+0200] {processor.py:830} INFO - Processing file /home/bvpelt/Develop/airflowtut/py_env/lib/python3.10/site-packages/airflow/example_dags/subdags/subdag.py for tasks to queue
[2024-08-09T20:05:05.032+0200] {logging_mixin.py:188} INFO - [2024-08-09T20:05:05.031+0200] {dagbag.py:545} INFO - Filling up the DagBag from /home/bvpelt/Develop/airflowtut/py_env/lib/python3.10/site-packages/airflow/example_dags/subdags/subdag.py
[2024-08-09T20:05:05.037+0200] {processor.py:842} WARNING - No viable dags retrieved from /home/bvpelt/Develop/airflowtut/py_env/lib/python3.10/site-packages/airflow/example_dags/subdags/subdag.py
[2024-08-09T20:05:05.059+0200] {processor.py:183} INFO - Processing /home/bvpelt/Develop/airflowtut/py_env/lib/python3.10/site-packages/airflow/example_dags/subdags/subdag.py took 0.050 seconds
[2024-08-09T20:06:00.798+0200] {processor.py:161} INFO - Started process (PID=21388) to work on /home/bvpelt/Develop/airflowtut/py_env/lib/python3.10/site-packages/airflow/example_dags/subdags/subdag.py
[2024-08-09T20:06:00.806+0200] {processor.py:830} INFO - Processing file /home/bvpelt/Develop/airflowtut/py_env/lib/python3.10/site-packages/airflow/example_dags/subdags/subdag.py for tasks to queue
[2024-08-09T20:06:00.807+0200] {logging_mixin.py:188} INFO - [2024-08-09T20:06:00.806+0200] {dagbag.py:545} INFO - Filling up the DagBag from /home/bvpelt/Develop/airflowtut/py_env/lib/python3.10/site-packages/airflow/example_dags/subdags/subdag.py
[2024-08-09T20:06:00.808+0200] {processor.py:842} WARNING - No viable dags retrieved from /home/bvpelt/Develop/airflowtut/py_env/lib/python3.10/site-packages/airflow/example_dags/subdags/subdag.py
[2024-08-09T20:06:00.814+0200] {processor.py:183} INFO - Processing /home/bvpelt/Develop/airflowtut/py_env/lib/python3.10/site-packages/airflow/example_dags/subdags/subdag.py took 0.019 seconds
[2024-08-09T20:06:55.694+0200] {processor.py:161} INFO - Started process (PID=21481) to work on /home/bvpelt/Develop/airflowtut/py_env/lib/python3.10/site-packages/airflow/example_dags/subdags/subdag.py
[2024-08-09T20:06:55.696+0200] {processor.py:830} INFO - Processing file /home/bvpelt/Develop/airflowtut/py_env/lib/python3.10/site-packages/airflow/example_dags/subdags/subdag.py for tasks to queue
[2024-08-09T20:06:55.700+0200] {logging_mixin.py:188} INFO - [2024-08-09T20:06:55.699+0200] {dagbag.py:545} INFO - Filling up the DagBag from /home/bvpelt/Develop/airflowtut/py_env/lib/python3.10/site-packages/airflow/example_dags/subdags/subdag.py
[2024-08-09T20:06:55.705+0200] {processor.py:842} WARNING - No viable dags retrieved from /home/bvpelt/Develop/airflowtut/py_env/lib/python3.10/site-packages/airflow/example_dags/subdags/subdag.py
[2024-08-09T20:06:55.718+0200] {processor.py:183} INFO - Processing /home/bvpelt/Develop/airflowtut/py_env/lib/python3.10/site-packages/airflow/example_dags/subdags/subdag.py took 0.038 seconds
[2024-08-09T20:07:48.234+0200] {processor.py:161} INFO - Started process (PID=21637) to work on /home/bvpelt/Develop/airflowtut/py_env/lib/python3.10/site-packages/airflow/example_dags/subdags/subdag.py
[2024-08-09T20:07:48.235+0200] {processor.py:830} INFO - Processing file /home/bvpelt/Develop/airflowtut/py_env/lib/python3.10/site-packages/airflow/example_dags/subdags/subdag.py for tasks to queue
[2024-08-09T20:07:48.236+0200] {logging_mixin.py:188} INFO - [2024-08-09T20:07:48.235+0200] {dagbag.py:545} INFO - Filling up the DagBag from /home/bvpelt/Develop/airflowtut/py_env/lib/python3.10/site-packages/airflow/example_dags/subdags/subdag.py
[2024-08-09T20:07:48.237+0200] {processor.py:842} WARNING - No viable dags retrieved from /home/bvpelt/Develop/airflowtut/py_env/lib/python3.10/site-packages/airflow/example_dags/subdags/subdag.py
[2024-08-09T20:07:48.244+0200] {processor.py:183} INFO - Processing /home/bvpelt/Develop/airflowtut/py_env/lib/python3.10/site-packages/airflow/example_dags/subdags/subdag.py took 0.013 seconds
[2024-08-09T20:08:38.228+0200] {processor.py:161} INFO - Started process (PID=21695) to work on /home/bvpelt/Develop/airflowtut/py_env/lib/python3.10/site-packages/airflow/example_dags/subdags/subdag.py
[2024-08-09T20:08:38.229+0200] {processor.py:830} INFO - Processing file /home/bvpelt/Develop/airflowtut/py_env/lib/python3.10/site-packages/airflow/example_dags/subdags/subdag.py for tasks to queue
[2024-08-09T20:08:38.230+0200] {logging_mixin.py:188} INFO - [2024-08-09T20:08:38.230+0200] {dagbag.py:545} INFO - Filling up the DagBag from /home/bvpelt/Develop/airflowtut/py_env/lib/python3.10/site-packages/airflow/example_dags/subdags/subdag.py
[2024-08-09T20:08:38.231+0200] {processor.py:842} WARNING - No viable dags retrieved from /home/bvpelt/Develop/airflowtut/py_env/lib/python3.10/site-packages/airflow/example_dags/subdags/subdag.py
[2024-08-09T20:08:38.236+0200] {processor.py:183} INFO - Processing /home/bvpelt/Develop/airflowtut/py_env/lib/python3.10/site-packages/airflow/example_dags/subdags/subdag.py took 0.011 seconds
[2024-08-09T20:09:31.787+0200] {processor.py:161} INFO - Started process (PID=21751) to work on /home/bvpelt/Develop/airflowtut/py_env/lib/python3.10/site-packages/airflow/example_dags/subdags/subdag.py
[2024-08-09T20:09:31.787+0200] {processor.py:830} INFO - Processing file /home/bvpelt/Develop/airflowtut/py_env/lib/python3.10/site-packages/airflow/example_dags/subdags/subdag.py for tasks to queue
[2024-08-09T20:09:31.788+0200] {logging_mixin.py:188} INFO - [2024-08-09T20:09:31.788+0200] {dagbag.py:545} INFO - Filling up the DagBag from /home/bvpelt/Develop/airflowtut/py_env/lib/python3.10/site-packages/airflow/example_dags/subdags/subdag.py
[2024-08-09T20:09:31.790+0200] {processor.py:842} WARNING - No viable dags retrieved from /home/bvpelt/Develop/airflowtut/py_env/lib/python3.10/site-packages/airflow/example_dags/subdags/subdag.py
[2024-08-09T20:09:31.795+0200] {processor.py:183} INFO - Processing /home/bvpelt/Develop/airflowtut/py_env/lib/python3.10/site-packages/airflow/example_dags/subdags/subdag.py took 0.011 seconds
[2024-08-09T20:10:19.675+0200] {processor.py:161} INFO - Started process (PID=21822) to work on /home/bvpelt/Develop/airflowtut/py_env/lib/python3.10/site-packages/airflow/example_dags/subdags/subdag.py
[2024-08-09T20:10:19.675+0200] {processor.py:830} INFO - Processing file /home/bvpelt/Develop/airflowtut/py_env/lib/python3.10/site-packages/airflow/example_dags/subdags/subdag.py for tasks to queue
[2024-08-09T20:10:19.676+0200] {logging_mixin.py:188} INFO - [2024-08-09T20:10:19.676+0200] {dagbag.py:545} INFO - Filling up the DagBag from /home/bvpelt/Develop/airflowtut/py_env/lib/python3.10/site-packages/airflow/example_dags/subdags/subdag.py
[2024-08-09T20:10:19.677+0200] {processor.py:842} WARNING - No viable dags retrieved from /home/bvpelt/Develop/airflowtut/py_env/lib/python3.10/site-packages/airflow/example_dags/subdags/subdag.py
[2024-08-09T20:10:19.683+0200] {processor.py:183} INFO - Processing /home/bvpelt/Develop/airflowtut/py_env/lib/python3.10/site-packages/airflow/example_dags/subdags/subdag.py took 0.011 seconds
[2024-08-09T20:11:10.921+0200] {processor.py:161} INFO - Started process (PID=21879) to work on /home/bvpelt/Develop/airflowtut/py_env/lib/python3.10/site-packages/airflow/example_dags/subdags/subdag.py
[2024-08-09T20:11:10.937+0200] {processor.py:830} INFO - Processing file /home/bvpelt/Develop/airflowtut/py_env/lib/python3.10/site-packages/airflow/example_dags/subdags/subdag.py for tasks to queue
[2024-08-09T20:11:10.938+0200] {logging_mixin.py:188} INFO - [2024-08-09T20:11:10.938+0200] {dagbag.py:545} INFO - Filling up the DagBag from /home/bvpelt/Develop/airflowtut/py_env/lib/python3.10/site-packages/airflow/example_dags/subdags/subdag.py
[2024-08-09T20:11:10.939+0200] {processor.py:842} WARNING - No viable dags retrieved from /home/bvpelt/Develop/airflowtut/py_env/lib/python3.10/site-packages/airflow/example_dags/subdags/subdag.py
[2024-08-09T20:11:10.945+0200] {processor.py:183} INFO - Processing /home/bvpelt/Develop/airflowtut/py_env/lib/python3.10/site-packages/airflow/example_dags/subdags/subdag.py took 0.027 seconds
[2024-08-09T20:12:00.353+0200] {processor.py:161} INFO - Started process (PID=21959) to work on /home/bvpelt/Develop/airflowtut/py_env/lib/python3.10/site-packages/airflow/example_dags/subdags/subdag.py
[2024-08-09T20:12:00.358+0200] {processor.py:830} INFO - Processing file /home/bvpelt/Develop/airflowtut/py_env/lib/python3.10/site-packages/airflow/example_dags/subdags/subdag.py for tasks to queue
[2024-08-09T20:12:00.359+0200] {logging_mixin.py:188} INFO - [2024-08-09T20:12:00.359+0200] {dagbag.py:545} INFO - Filling up the DagBag from /home/bvpelt/Develop/airflowtut/py_env/lib/python3.10/site-packages/airflow/example_dags/subdags/subdag.py
[2024-08-09T20:12:00.361+0200] {processor.py:842} WARNING - No viable dags retrieved from /home/bvpelt/Develop/airflowtut/py_env/lib/python3.10/site-packages/airflow/example_dags/subdags/subdag.py
[2024-08-09T20:12:00.366+0200] {processor.py:183} INFO - Processing /home/bvpelt/Develop/airflowtut/py_env/lib/python3.10/site-packages/airflow/example_dags/subdags/subdag.py took 0.017 seconds
[2024-08-09T20:12:50.447+0200] {processor.py:161} INFO - Started process (PID=22073) to work on /home/bvpelt/Develop/airflowtut/py_env/lib/python3.10/site-packages/airflow/example_dags/subdags/subdag.py
[2024-08-09T20:12:50.462+0200] {processor.py:830} INFO - Processing file /home/bvpelt/Develop/airflowtut/py_env/lib/python3.10/site-packages/airflow/example_dags/subdags/subdag.py for tasks to queue
[2024-08-09T20:12:50.464+0200] {logging_mixin.py:188} INFO - [2024-08-09T20:12:50.463+0200] {dagbag.py:545} INFO - Filling up the DagBag from /home/bvpelt/Develop/airflowtut/py_env/lib/python3.10/site-packages/airflow/example_dags/subdags/subdag.py
[2024-08-09T20:12:50.465+0200] {processor.py:842} WARNING - No viable dags retrieved from /home/bvpelt/Develop/airflowtut/py_env/lib/python3.10/site-packages/airflow/example_dags/subdags/subdag.py
[2024-08-09T20:12:50.472+0200] {processor.py:183} INFO - Processing /home/bvpelt/Develop/airflowtut/py_env/lib/python3.10/site-packages/airflow/example_dags/subdags/subdag.py took 0.029 seconds
[2024-08-09T20:13:45.312+0200] {processor.py:161} INFO - Started process (PID=22139) to work on /home/bvpelt/Develop/airflowtut/py_env/lib/python3.10/site-packages/airflow/example_dags/subdags/subdag.py
[2024-08-09T20:13:45.313+0200] {processor.py:830} INFO - Processing file /home/bvpelt/Develop/airflowtut/py_env/lib/python3.10/site-packages/airflow/example_dags/subdags/subdag.py for tasks to queue
[2024-08-09T20:13:45.313+0200] {logging_mixin.py:188} INFO - [2024-08-09T20:13:45.313+0200] {dagbag.py:545} INFO - Filling up the DagBag from /home/bvpelt/Develop/airflowtut/py_env/lib/python3.10/site-packages/airflow/example_dags/subdags/subdag.py
[2024-08-09T20:13:45.314+0200] {processor.py:842} WARNING - No viable dags retrieved from /home/bvpelt/Develop/airflowtut/py_env/lib/python3.10/site-packages/airflow/example_dags/subdags/subdag.py
[2024-08-09T20:13:45.320+0200] {processor.py:183} INFO - Processing /home/bvpelt/Develop/airflowtut/py_env/lib/python3.10/site-packages/airflow/example_dags/subdags/subdag.py took 0.011 seconds
[2024-08-09T20:14:37.853+0200] {processor.py:161} INFO - Started process (PID=22206) to work on /home/bvpelt/Develop/airflowtut/py_env/lib/python3.10/site-packages/airflow/example_dags/subdags/subdag.py
[2024-08-09T20:14:37.857+0200] {processor.py:830} INFO - Processing file /home/bvpelt/Develop/airflowtut/py_env/lib/python3.10/site-packages/airflow/example_dags/subdags/subdag.py for tasks to queue
[2024-08-09T20:14:37.857+0200] {logging_mixin.py:188} INFO - [2024-08-09T20:14:37.857+0200] {dagbag.py:545} INFO - Filling up the DagBag from /home/bvpelt/Develop/airflowtut/py_env/lib/python3.10/site-packages/airflow/example_dags/subdags/subdag.py
[2024-08-09T20:14:37.858+0200] {processor.py:842} WARNING - No viable dags retrieved from /home/bvpelt/Develop/airflowtut/py_env/lib/python3.10/site-packages/airflow/example_dags/subdags/subdag.py
[2024-08-09T20:14:37.864+0200] {processor.py:183} INFO - Processing /home/bvpelt/Develop/airflowtut/py_env/lib/python3.10/site-packages/airflow/example_dags/subdags/subdag.py took 0.014 seconds
[2024-08-09T20:15:24.338+0200] {processor.py:161} INFO - Started process (PID=22281) to work on /home/bvpelt/Develop/airflowtut/py_env/lib/python3.10/site-packages/airflow/example_dags/subdags/subdag.py
[2024-08-09T20:15:24.346+0200] {processor.py:830} INFO - Processing file /home/bvpelt/Develop/airflowtut/py_env/lib/python3.10/site-packages/airflow/example_dags/subdags/subdag.py for tasks to queue
[2024-08-09T20:15:24.347+0200] {logging_mixin.py:188} INFO - [2024-08-09T20:15:24.347+0200] {dagbag.py:545} INFO - Filling up the DagBag from /home/bvpelt/Develop/airflowtut/py_env/lib/python3.10/site-packages/airflow/example_dags/subdags/subdag.py
[2024-08-09T20:15:24.348+0200] {processor.py:842} WARNING - No viable dags retrieved from /home/bvpelt/Develop/airflowtut/py_env/lib/python3.10/site-packages/airflow/example_dags/subdags/subdag.py
[2024-08-09T20:15:24.355+0200] {processor.py:183} INFO - Processing /home/bvpelt/Develop/airflowtut/py_env/lib/python3.10/site-packages/airflow/example_dags/subdags/subdag.py took 0.020 seconds
[2024-08-09T20:16:13.698+0200] {processor.py:161} INFO - Started process (PID=22339) to work on /home/bvpelt/Develop/airflowtut/py_env/lib/python3.10/site-packages/airflow/example_dags/subdags/subdag.py
[2024-08-09T20:16:13.795+0200] {processor.py:830} INFO - Processing file /home/bvpelt/Develop/airflowtut/py_env/lib/python3.10/site-packages/airflow/example_dags/subdags/subdag.py for tasks to queue
[2024-08-09T20:16:13.799+0200] {logging_mixin.py:188} INFO - [2024-08-09T20:16:13.799+0200] {dagbag.py:545} INFO - Filling up the DagBag from /home/bvpelt/Develop/airflowtut/py_env/lib/python3.10/site-packages/airflow/example_dags/subdags/subdag.py
[2024-08-09T20:16:13.800+0200] {processor.py:842} WARNING - No viable dags retrieved from /home/bvpelt/Develop/airflowtut/py_env/lib/python3.10/site-packages/airflow/example_dags/subdags/subdag.py
[2024-08-09T20:16:13.805+0200] {processor.py:183} INFO - Processing /home/bvpelt/Develop/airflowtut/py_env/lib/python3.10/site-packages/airflow/example_dags/subdags/subdag.py took 0.110 seconds
