[2024-08-09T19:52:04.798+0200] {local_task_job_runner.py:120} INFO - ::group::Pre task execution logs
[2024-08-09T19:52:04.815+0200] {taskinstance.py:2076} INFO - Dependencies all met for dep_context=non-requeueable deps ti=<TaskInstance: example_bash_operator.runme_2 manual__2024-08-09T17:51:44+00:00 [queued]>
[2024-08-09T19:52:04.820+0200] {taskinstance.py:2076} INFO - Dependencies all met for dep_context=requeueable deps ti=<TaskInstance: example_bash_operator.runme_2 manual__2024-08-09T17:51:44+00:00 [queued]>
[2024-08-09T19:52:04.820+0200] {taskinstance.py:2306} INFO - Starting attempt 1 of 1
[2024-08-09T19:52:04.920+0200] {taskinstance.py:2330} INFO - Executing <Task(BashOperator): runme_2> on 2024-08-09 17:51:44+00:00
[2024-08-09T19:52:04.927+0200] {standard_task_runner.py:64} INFO - Started process 19758 to run task
[2024-08-09T19:52:04.934+0200] {standard_task_runner.py:90} INFO - Running: ['airflow', 'tasks', 'run', 'example_bash_operator', 'runme_2', 'manual__2024-08-09T17:51:44+00:00', '--job-id', '10', '--raw', '--subdir', '/home/bvpelt/Develop/airflowtut/py_env/lib/python3.10/site-packages/airflow/example_dags/example_bash_operator.py', '--cfg-path', '/tmp/tmp0j7gbh06']
[2024-08-09T19:52:04.936+0200] {standard_task_runner.py:91} INFO - Job 10: Subtask runme_2
[2024-08-09T19:52:05.086+0200] {task_command.py:426} INFO - Running <TaskInstance: example_bash_operator.runme_2 manual__2024-08-09T17:51:44+00:00 [running]> on host pluto
[2024-08-09T19:52:05.374+0200] {taskinstance.py:2648} INFO - Exporting env vars: AIRFLOW_CTX_DAG_OWNER='airflow' AIRFLOW_CTX_DAG_ID='example_bash_operator' AIRFLOW_CTX_TASK_ID='runme_2' AIRFLOW_CTX_EXECUTION_DATE='2024-08-09T17:51:44+00:00' AIRFLOW_CTX_TRY_NUMBER='1' AIRFLOW_CTX_DAG_RUN_ID='manual__2024-08-09T17:51:44+00:00'
[2024-08-09T19:52:05.377+0200] {taskinstance.py:430} INFO - ::endgroup::
[2024-08-09T19:52:05.379+0200] {subprocess.py:63} INFO - Tmp dir root location: /tmp
[2024-08-09T19:52:05.381+0200] {subprocess.py:75} INFO - Running command: ['/usr/bin/bash', '-c', 'echo "example_bash_operator__runme_2__20240809" && sleep 1']
[2024-08-09T19:52:05.391+0200] {subprocess.py:86} INFO - Output:
[2024-08-09T19:52:05.393+0200] {subprocess.py:93} INFO - example_bash_operator__runme_2__20240809
[2024-08-09T19:52:06.394+0200] {subprocess.py:97} INFO - Command exited with return code 0
[2024-08-09T19:52:06.396+0200] {taskinstance.py:441} INFO - ::group::Post task execution logs
[2024-08-09T19:52:06.611+0200] {taskinstance.py:1206} INFO - Marking task as SUCCESS. dag_id=example_bash_operator, task_id=runme_2, run_id=manual__2024-08-09T17:51:44+00:00, execution_date=20240809T175144, start_date=20240809T175204, end_date=20240809T175206
[2024-08-09T19:52:06.751+0200] {local_task_job_runner.py:243} INFO - Task exited with return code 0
[2024-08-09T19:52:06.766+0200] {taskinstance.py:3503} INFO - 1 downstream tasks scheduled from follow-on schedule check
[2024-08-09T19:52:06.833+0200] {local_task_job_runner.py:222} INFO - ::endgroup::
