[2024-08-09T19:46:07.326+0200] {local_task_job_runner.py:120} INFO - ::group::Pre task execution logs
[2024-08-09T19:46:07.346+0200] {taskinstance.py:2076} INFO - Dependencies all met for dep_context=non-requeueable deps ti=<TaskInstance: example_bash_operator.run_after_loop scheduled__2024-08-08T00:00:00+00:00 [queued]>
[2024-08-09T19:46:07.351+0200] {taskinstance.py:2076} INFO - Dependencies all met for dep_context=requeueable deps ti=<TaskInstance: example_bash_operator.run_after_loop scheduled__2024-08-08T00:00:00+00:00 [queued]>
[2024-08-09T19:46:07.351+0200] {taskinstance.py:2306} INFO - Starting attempt 1 of 1
[2024-08-09T19:46:07.458+0200] {taskinstance.py:2330} INFO - Executing <Task(BashOperator): run_after_loop> on 2024-08-08 00:00:00+00:00
[2024-08-09T19:46:07.460+0200] {standard_task_runner.py:64} INFO - Started process 18531 to run task
[2024-08-09T19:46:07.462+0200] {standard_task_runner.py:90} INFO - Running: ['airflow', 'tasks', 'run', 'example_bash_operator', 'run_after_loop', 'scheduled__2024-08-08T00:00:00+00:00', '--job-id', '7', '--raw', '--subdir', '/home/bvpelt/Develop/airflowtut/py_env/lib/python3.10/site-packages/airflow/example_dags/example_bash_operator.py', '--cfg-path', '/tmp/tmpz9ge8kql']
[2024-08-09T19:46:07.462+0200] {standard_task_runner.py:91} INFO - Job 7: Subtask run_after_loop
[2024-08-09T19:46:07.556+0200] {task_command.py:426} INFO - Running <TaskInstance: example_bash_operator.run_after_loop scheduled__2024-08-08T00:00:00+00:00 [running]> on host pluto
[2024-08-09T19:46:07.729+0200] {taskinstance.py:2648} INFO - Exporting env vars: AIRFLOW_CTX_DAG_OWNER='airflow' AIRFLOW_CTX_DAG_ID='example_bash_operator' AIRFLOW_CTX_TASK_ID='run_after_loop' AIRFLOW_CTX_EXECUTION_DATE='2024-08-08T00:00:00+00:00' AIRFLOW_CTX_TRY_NUMBER='1' AIRFLOW_CTX_DAG_RUN_ID='scheduled__2024-08-08T00:00:00+00:00'
[2024-08-09T19:46:07.730+0200] {taskinstance.py:430} INFO - ::endgroup::
[2024-08-09T19:46:07.730+0200] {subprocess.py:63} INFO - Tmp dir root location: /tmp
[2024-08-09T19:46:07.730+0200] {subprocess.py:75} INFO - Running command: ['/usr/bin/bash', '-c', "ls -alh --color=always / && echo https://airflow.apache.org/  && echo 'some <code>html</code>'"]
[2024-08-09T19:46:07.734+0200] {subprocess.py:86} INFO - Output:
[2024-08-09T19:46:07.745+0200] {subprocess.py:93} INFO - total 2,1G
[2024-08-09T19:46:07.745+0200] {subprocess.py:93} INFO - drwxr-xr-x  21 root root 4,0K jun  4  2022 [0m[01;34m.[0m
[2024-08-09T19:46:07.745+0200] {subprocess.py:93} INFO - drwxr-xr-x  21 root root 4,0K jun  4  2022 [01;34m..[0m
[2024-08-09T19:46:07.745+0200] {subprocess.py:93} INFO - lrwxrwxrwx   1 root root    7 jun  4  2022 [01;36mbin[0m -> usr/bin
[2024-08-09T19:46:07.745+0200] {subprocess.py:93} INFO - drwxr-xr-x   5 root root 4,0K jul 26 18:23 [01;34mboot[0m
[2024-08-09T19:46:07.746+0200] {subprocess.py:93} INFO - drwxrwxr-x   2 root root 4,0K jun  4  2022 [01;34mcdrom[0m
[2024-08-09T19:46:07.746+0200] {subprocess.py:93} INFO - drwxr-xr-x   3 root root 4,0K jan  4  2018 [01;34mdata[0m
[2024-08-09T19:46:07.746+0200] {subprocess.py:93} INFO - drwxr-xr-x  20 root root 4,9K aug  9 19:01 [01;34mdev[0m
[2024-08-09T19:46:07.746+0200] {subprocess.py:93} INFO - drwxr-xr-x 149 root root  12K aug  9 19:01 [01;34metc[0m
[2024-08-09T19:46:07.746+0200] {subprocess.py:93} INFO - drwxr-xr-x   6 root root 4,0K jun  4  2022 [01;34mhome[0m
[2024-08-09T19:46:07.746+0200] {subprocess.py:93} INFO - lrwxrwxrwx   1 root root    7 jun  4  2022 [01;36mlib[0m -> usr/lib
[2024-08-09T19:46:07.746+0200] {subprocess.py:93} INFO - lrwxrwxrwx   1 root root    9 jun  4  2022 [01;36mlib32[0m -> usr/lib32
[2024-08-09T19:46:07.746+0200] {subprocess.py:93} INFO - lrwxrwxrwx   1 root root    9 jun  4  2022 [01;36mlib64[0m -> usr/lib64
[2024-08-09T19:46:07.746+0200] {subprocess.py:93} INFO - lrwxrwxrwx   1 root root   10 jun  4  2022 [01;36mlibx32[0m -> usr/libx32
[2024-08-09T19:46:07.746+0200] {subprocess.py:93} INFO - drwx------   2 root root  16K jun  4  2022 [01;34mlost+found[0m
[2024-08-09T19:46:07.746+0200] {subprocess.py:93} INFO - drwxr-xr-x   3 root root 4,0K jun 25  2022 [01;34mmedia[0m
[2024-08-09T19:46:07.746+0200] {subprocess.py:93} INFO - drwxr-xr-x   3 root root 4,0K jul 19 19:09 [01;34mmnt[0m
[2024-08-09T19:46:07.746+0200] {subprocess.py:93} INFO - drwxr-xr-x   5 root root 4,0K sep 23  2022 [01;34mopt[0m
[2024-08-09T19:46:07.747+0200] {subprocess.py:93} INFO - dr-xr-xr-x 403 root root    0 aug  9 18:40 [01;34mproc[0m
[2024-08-09T19:46:07.747+0200] {subprocess.py:93} INFO - drwx------   8 root root 4,0K jun 18 16:20 [01;34mroot[0m
[2024-08-09T19:46:07.747+0200] {subprocess.py:93} INFO - drwxr-xr-x  40 root root 1,1K aug  9 19:27 [01;34mrun[0m
[2024-08-09T19:46:07.747+0200] {subprocess.py:93} INFO - lrwxrwxrwx   1 root root    8 jun  4  2022 [01;36msbin[0m -> usr/sbin
[2024-08-09T19:46:07.747+0200] {subprocess.py:93} INFO - drwxr-xr-x  19 root root 4,0K jan 31  2024 [01;34msnap[0m
[2024-08-09T19:46:07.747+0200] {subprocess.py:93} INFO - drwxr-xr-x   2 root root 4,0K apr 19  2022 [01;34msrv[0m
[2024-08-09T19:46:07.747+0200] {subprocess.py:93} INFO - -rw-------   1 root root 2,0G jun  4  2022 swapfile
[2024-08-09T19:46:07.747+0200] {subprocess.py:93} INFO - dr-xr-xr-x  13 root root    0 aug  9 18:40 [01;34msys[0m
[2024-08-09T19:46:07.747+0200] {subprocess.py:93} INFO - drwxrwxrwt  20 root root  20K aug  9 19:46 [30;42mtmp[0m
[2024-08-09T19:46:07.747+0200] {subprocess.py:93} INFO - drwxr-xr-x  14 root root 4,0K apr 19  2022 [01;34musr[0m
[2024-08-09T19:46:07.747+0200] {subprocess.py:93} INFO - drwxr-xr-x  15 root root 4,0K jun  8  2022 [01;34mvar[0m
[2024-08-09T19:46:07.747+0200] {subprocess.py:93} INFO - https://airflow.apache.org/
[2024-08-09T19:46:07.747+0200] {subprocess.py:93} INFO - some <code>html</code>
[2024-08-09T19:46:07.748+0200] {subprocess.py:97} INFO - Command exited with return code 0
[2024-08-09T19:46:07.748+0200] {taskinstance.py:441} INFO - ::group::Post task execution logs
[2024-08-09T19:46:07.837+0200] {taskinstance.py:1206} INFO - Marking task as SUCCESS. dag_id=example_bash_operator, task_id=run_after_loop, run_id=scheduled__2024-08-08T00:00:00+00:00, execution_date=20240808T000000, start_date=20240809T174607, end_date=20240809T174607
[2024-08-09T19:46:07.955+0200] {local_task_job_runner.py:243} INFO - Task exited with return code 0
[2024-08-09T19:46:07.990+0200] {taskinstance.py:3503} INFO - 0 downstream tasks scheduled from follow-on schedule check
[2024-08-09T19:46:07.991+0200] {local_task_job_runner.py:222} INFO - ::endgroup::
