[2024-08-09T19:43:26.630+0200] {processor.py:161} INFO - Started process (PID=17789) to work on /home/bvpelt/Develop/airflowtut/py_env/lib/python3.10/site-packages/airflow/example_dags/example_params_ui_tutorial.py
[2024-08-09T19:43:26.631+0200] {processor.py:830} INFO - Processing file /home/bvpelt/Develop/airflowtut/py_env/lib/python3.10/site-packages/airflow/example_dags/example_params_ui_tutorial.py for tasks to queue
[2024-08-09T19:43:26.631+0200] {logging_mixin.py:188} INFO - [2024-08-09T19:43:26.631+0200] {dagbag.py:545} INFO - Filling up the DagBag from /home/bvpelt/Develop/airflowtut/py_env/lib/python3.10/site-packages/airflow/example_dags/example_params_ui_tutorial.py
[2024-08-09T19:43:26.635+0200] {processor.py:840} INFO - DAG(s) 'example_params_ui_tutorial' retrieved from /home/bvpelt/Develop/airflowtut/py_env/lib/python3.10/site-packages/airflow/example_dags/example_params_ui_tutorial.py
[2024-08-09T19:43:26.856+0200] {logging_mixin.py:188} INFO - [2024-08-09T19:43:26.854+0200] {override.py:1858} INFO - Created Permission View: can edit on DAG:example_params_ui_tutorial
[2024-08-09T19:43:26.939+0200] {logging_mixin.py:188} INFO - [2024-08-09T19:43:26.938+0200] {override.py:1858} INFO - Created Permission View: can read on DAG:example_params_ui_tutorial
[2024-08-09T19:43:27.021+0200] {logging_mixin.py:188} INFO - [2024-08-09T19:43:27.020+0200] {override.py:1858} INFO - Created Permission View: can delete on DAG:example_params_ui_tutorial
[2024-08-09T19:43:27.021+0200] {logging_mixin.py:188} INFO - [2024-08-09T19:43:27.021+0200] {dag.py:3089} INFO - Sync 1 DAGs
[2024-08-09T19:43:27.029+0200] {logging_mixin.py:188} INFO - [2024-08-09T19:43:27.029+0200] {dag.py:3111} INFO - Creating ORM DAG for example_params_ui_tutorial
[2024-08-09T19:43:27.029+0200] {logging_mixin.py:188} INFO - [2024-08-09T19:43:27.029+0200] {dag.py:3947} INFO - Setting next_dagrun for example_params_ui_tutorial to None, run_after=None
[2024-08-09T19:43:27.213+0200] {processor.py:183} INFO - Processing /home/bvpelt/Develop/airflowtut/py_env/lib/python3.10/site-packages/airflow/example_dags/example_params_ui_tutorial.py took 0.586 seconds
[2024-08-09T19:44:31.608+0200] {processor.py:161} INFO - Started process (PID=18061) to work on /home/bvpelt/Develop/airflowtut/py_env/lib/python3.10/site-packages/airflow/example_dags/example_params_ui_tutorial.py
[2024-08-09T19:44:31.608+0200] {processor.py:830} INFO - Processing file /home/bvpelt/Develop/airflowtut/py_env/lib/python3.10/site-packages/airflow/example_dags/example_params_ui_tutorial.py for tasks to queue
[2024-08-09T19:44:31.609+0200] {logging_mixin.py:188} INFO - [2024-08-09T19:44:31.609+0200] {dagbag.py:545} INFO - Filling up the DagBag from /home/bvpelt/Develop/airflowtut/py_env/lib/python3.10/site-packages/airflow/example_dags/example_params_ui_tutorial.py
[2024-08-09T19:44:31.613+0200] {processor.py:840} INFO - DAG(s) 'example_params_ui_tutorial' retrieved from /home/bvpelt/Develop/airflowtut/py_env/lib/python3.10/site-packages/airflow/example_dags/example_params_ui_tutorial.py
[2024-08-09T19:44:31.643+0200] {logging_mixin.py:188} INFO - [2024-08-09T19:44:31.643+0200] {dag.py:3089} INFO - Sync 1 DAGs
[2024-08-09T19:44:31.649+0200] {logging_mixin.py:188} INFO - [2024-08-09T19:44:31.649+0200] {dag.py:3947} INFO - Setting next_dagrun for example_params_ui_tutorial to None, run_after=None
[2024-08-09T19:44:31.810+0200] {processor.py:183} INFO - Processing /home/bvpelt/Develop/airflowtut/py_env/lib/python3.10/site-packages/airflow/example_dags/example_params_ui_tutorial.py took 0.206 seconds
[2024-08-09T19:45:28.599+0200] {processor.py:161} INFO - Started process (PID=18284) to work on /home/bvpelt/Develop/airflowtut/py_env/lib/python3.10/site-packages/airflow/example_dags/example_params_ui_tutorial.py
[2024-08-09T19:45:28.607+0200] {processor.py:830} INFO - Processing file /home/bvpelt/Develop/airflowtut/py_env/lib/python3.10/site-packages/airflow/example_dags/example_params_ui_tutorial.py for tasks to queue
[2024-08-09T19:45:28.608+0200] {logging_mixin.py:188} INFO - [2024-08-09T19:45:28.607+0200] {dagbag.py:545} INFO - Filling up the DagBag from /home/bvpelt/Develop/airflowtut/py_env/lib/python3.10/site-packages/airflow/example_dags/example_params_ui_tutorial.py
[2024-08-09T19:45:28.612+0200] {processor.py:840} INFO - DAG(s) 'example_params_ui_tutorial' retrieved from /home/bvpelt/Develop/airflowtut/py_env/lib/python3.10/site-packages/airflow/example_dags/example_params_ui_tutorial.py
[2024-08-09T19:45:28.639+0200] {logging_mixin.py:188} INFO - [2024-08-09T19:45:28.639+0200] {dag.py:3089} INFO - Sync 1 DAGs
[2024-08-09T19:45:28.646+0200] {logging_mixin.py:188} INFO - [2024-08-09T19:45:28.645+0200] {dag.py:3947} INFO - Setting next_dagrun for example_params_ui_tutorial to None, run_after=None
[2024-08-09T19:45:28.729+0200] {processor.py:183} INFO - Processing /home/bvpelt/Develop/airflowtut/py_env/lib/python3.10/site-packages/airflow/example_dags/example_params_ui_tutorial.py took 0.133 seconds
[2024-08-09T19:46:52.172+0200] {processor.py:161} INFO - Started process (PID=18650) to work on /home/bvpelt/Develop/airflowtut/py_env/lib/python3.10/site-packages/airflow/example_dags/example_params_ui_tutorial.py
[2024-08-09T19:46:52.174+0200] {processor.py:830} INFO - Processing file /home/bvpelt/Develop/airflowtut/py_env/lib/python3.10/site-packages/airflow/example_dags/example_params_ui_tutorial.py for tasks to queue
[2024-08-09T19:46:52.178+0200] {logging_mixin.py:188} INFO - [2024-08-09T19:46:52.177+0200] {dagbag.py:545} INFO - Filling up the DagBag from /home/bvpelt/Develop/airflowtut/py_env/lib/python3.10/site-packages/airflow/example_dags/example_params_ui_tutorial.py
[2024-08-09T19:46:52.189+0200] {processor.py:840} INFO - DAG(s) 'example_params_ui_tutorial' retrieved from /home/bvpelt/Develop/airflowtut/py_env/lib/python3.10/site-packages/airflow/example_dags/example_params_ui_tutorial.py
[2024-08-09T19:46:52.225+0200] {logging_mixin.py:188} INFO - [2024-08-09T19:46:52.225+0200] {dag.py:3089} INFO - Sync 1 DAGs
[2024-08-09T19:46:52.231+0200] {logging_mixin.py:188} INFO - [2024-08-09T19:46:52.231+0200] {dag.py:3947} INFO - Setting next_dagrun for example_params_ui_tutorial to None, run_after=None
[2024-08-09T19:46:52.306+0200] {processor.py:183} INFO - Processing /home/bvpelt/Develop/airflowtut/py_env/lib/python3.10/site-packages/airflow/example_dags/example_params_ui_tutorial.py took 0.150 seconds
[2024-08-09T19:47:46.356+0200] {processor.py:161} INFO - Started process (PID=18996) to work on /home/bvpelt/Develop/airflowtut/py_env/lib/python3.10/site-packages/airflow/example_dags/example_params_ui_tutorial.py
[2024-08-09T19:47:46.368+0200] {processor.py:830} INFO - Processing file /home/bvpelt/Develop/airflowtut/py_env/lib/python3.10/site-packages/airflow/example_dags/example_params_ui_tutorial.py for tasks to queue
[2024-08-09T19:47:46.372+0200] {logging_mixin.py:188} INFO - [2024-08-09T19:47:46.371+0200] {dagbag.py:545} INFO - Filling up the DagBag from /home/bvpelt/Develop/airflowtut/py_env/lib/python3.10/site-packages/airflow/example_dags/example_params_ui_tutorial.py
[2024-08-09T19:47:46.390+0200] {processor.py:840} INFO - DAG(s) 'example_params_ui_tutorial' retrieved from /home/bvpelt/Develop/airflowtut/py_env/lib/python3.10/site-packages/airflow/example_dags/example_params_ui_tutorial.py
[2024-08-09T19:47:46.430+0200] {logging_mixin.py:188} INFO - [2024-08-09T19:47:46.430+0200] {dag.py:3089} INFO - Sync 1 DAGs
[2024-08-09T19:47:46.436+0200] {logging_mixin.py:188} INFO - [2024-08-09T19:47:46.436+0200] {dag.py:3947} INFO - Setting next_dagrun for example_params_ui_tutorial to None, run_after=None
[2024-08-09T19:47:46.511+0200] {processor.py:183} INFO - Processing /home/bvpelt/Develop/airflowtut/py_env/lib/python3.10/site-packages/airflow/example_dags/example_params_ui_tutorial.py took 0.171 seconds
[2024-08-09T19:49:01.548+0200] {processor.py:161} INFO - Started process (PID=19139) to work on /home/bvpelt/Develop/airflowtut/py_env/lib/python3.10/site-packages/airflow/example_dags/example_params_ui_tutorial.py
[2024-08-09T19:49:01.556+0200] {processor.py:830} INFO - Processing file /home/bvpelt/Develop/airflowtut/py_env/lib/python3.10/site-packages/airflow/example_dags/example_params_ui_tutorial.py for tasks to queue
[2024-08-09T19:49:01.557+0200] {logging_mixin.py:188} INFO - [2024-08-09T19:49:01.557+0200] {dagbag.py:545} INFO - Filling up the DagBag from /home/bvpelt/Develop/airflowtut/py_env/lib/python3.10/site-packages/airflow/example_dags/example_params_ui_tutorial.py
[2024-08-09T19:49:01.562+0200] {processor.py:840} INFO - DAG(s) 'example_params_ui_tutorial' retrieved from /home/bvpelt/Develop/airflowtut/py_env/lib/python3.10/site-packages/airflow/example_dags/example_params_ui_tutorial.py
[2024-08-09T19:49:01.593+0200] {logging_mixin.py:188} INFO - [2024-08-09T19:49:01.593+0200] {dag.py:3089} INFO - Sync 1 DAGs
[2024-08-09T19:49:01.599+0200] {logging_mixin.py:188} INFO - [2024-08-09T19:49:01.599+0200] {dag.py:3947} INFO - Setting next_dagrun for example_params_ui_tutorial to None, run_after=None
[2024-08-09T19:49:01.667+0200] {processor.py:183} INFO - Processing /home/bvpelt/Develop/airflowtut/py_env/lib/python3.10/site-packages/airflow/example_dags/example_params_ui_tutorial.py took 0.123 seconds
[2024-08-09T19:50:18.436+0200] {processor.py:161} INFO - Started process (PID=19351) to work on /home/bvpelt/Develop/airflowtut/py_env/lib/python3.10/site-packages/airflow/example_dags/example_params_ui_tutorial.py
[2024-08-09T19:50:18.437+0200] {processor.py:830} INFO - Processing file /home/bvpelt/Develop/airflowtut/py_env/lib/python3.10/site-packages/airflow/example_dags/example_params_ui_tutorial.py for tasks to queue
[2024-08-09T19:50:18.437+0200] {logging_mixin.py:188} INFO - [2024-08-09T19:50:18.437+0200] {dagbag.py:545} INFO - Filling up the DagBag from /home/bvpelt/Develop/airflowtut/py_env/lib/python3.10/site-packages/airflow/example_dags/example_params_ui_tutorial.py
[2024-08-09T19:50:18.442+0200] {processor.py:840} INFO - DAG(s) 'example_params_ui_tutorial' retrieved from /home/bvpelt/Develop/airflowtut/py_env/lib/python3.10/site-packages/airflow/example_dags/example_params_ui_tutorial.py
[2024-08-09T19:50:18.471+0200] {logging_mixin.py:188} INFO - [2024-08-09T19:50:18.471+0200] {dag.py:3089} INFO - Sync 1 DAGs
[2024-08-09T19:50:18.478+0200] {logging_mixin.py:188} INFO - [2024-08-09T19:50:18.478+0200] {dag.py:3947} INFO - Setting next_dagrun for example_params_ui_tutorial to None, run_after=None
[2024-08-09T19:50:18.554+0200] {processor.py:183} INFO - Processing /home/bvpelt/Develop/airflowtut/py_env/lib/python3.10/site-packages/airflow/example_dags/example_params_ui_tutorial.py took 0.121 seconds
[2024-08-09T19:51:35.167+0200] {processor.py:161} INFO - Started process (PID=19539) to work on /home/bvpelt/Develop/airflowtut/py_env/lib/python3.10/site-packages/airflow/example_dags/example_params_ui_tutorial.py
[2024-08-09T19:51:35.186+0200] {processor.py:830} INFO - Processing file /home/bvpelt/Develop/airflowtut/py_env/lib/python3.10/site-packages/airflow/example_dags/example_params_ui_tutorial.py for tasks to queue
[2024-08-09T19:51:35.190+0200] {logging_mixin.py:188} INFO - [2024-08-09T19:51:35.189+0200] {dagbag.py:545} INFO - Filling up the DagBag from /home/bvpelt/Develop/airflowtut/py_env/lib/python3.10/site-packages/airflow/example_dags/example_params_ui_tutorial.py
[2024-08-09T19:51:35.210+0200] {processor.py:840} INFO - DAG(s) 'example_params_ui_tutorial' retrieved from /home/bvpelt/Develop/airflowtut/py_env/lib/python3.10/site-packages/airflow/example_dags/example_params_ui_tutorial.py
[2024-08-09T19:51:35.251+0200] {logging_mixin.py:188} INFO - [2024-08-09T19:51:35.251+0200] {dag.py:3089} INFO - Sync 1 DAGs
[2024-08-09T19:51:35.259+0200] {logging_mixin.py:188} INFO - [2024-08-09T19:51:35.259+0200] {dag.py:3947} INFO - Setting next_dagrun for example_params_ui_tutorial to None, run_after=None
[2024-08-09T19:51:35.357+0200] {processor.py:183} INFO - Processing /home/bvpelt/Develop/airflowtut/py_env/lib/python3.10/site-packages/airflow/example_dags/example_params_ui_tutorial.py took 0.206 seconds
[2024-08-09T19:53:02.533+0200] {processor.py:161} INFO - Started process (PID=20072) to work on /home/bvpelt/Develop/airflowtut/py_env/lib/python3.10/site-packages/airflow/example_dags/example_params_ui_tutorial.py
[2024-08-09T19:53:02.534+0200] {processor.py:830} INFO - Processing file /home/bvpelt/Develop/airflowtut/py_env/lib/python3.10/site-packages/airflow/example_dags/example_params_ui_tutorial.py for tasks to queue
[2024-08-09T19:53:02.535+0200] {logging_mixin.py:188} INFO - [2024-08-09T19:53:02.535+0200] {dagbag.py:545} INFO - Filling up the DagBag from /home/bvpelt/Develop/airflowtut/py_env/lib/python3.10/site-packages/airflow/example_dags/example_params_ui_tutorial.py
[2024-08-09T19:53:02.539+0200] {processor.py:840} INFO - DAG(s) 'example_params_ui_tutorial' retrieved from /home/bvpelt/Develop/airflowtut/py_env/lib/python3.10/site-packages/airflow/example_dags/example_params_ui_tutorial.py
[2024-08-09T19:53:02.569+0200] {logging_mixin.py:188} INFO - [2024-08-09T19:53:02.569+0200] {dag.py:3089} INFO - Sync 1 DAGs
[2024-08-09T19:53:02.575+0200] {logging_mixin.py:188} INFO - [2024-08-09T19:53:02.575+0200] {dag.py:3947} INFO - Setting next_dagrun for example_params_ui_tutorial to None, run_after=None
[2024-08-09T19:53:02.645+0200] {processor.py:183} INFO - Processing /home/bvpelt/Develop/airflowtut/py_env/lib/python3.10/site-packages/airflow/example_dags/example_params_ui_tutorial.py took 0.115 seconds
[2024-08-09T19:53:58.268+0200] {processor.py:161} INFO - Started process (PID=20133) to work on /home/bvpelt/Develop/airflowtut/py_env/lib/python3.10/site-packages/airflow/example_dags/example_params_ui_tutorial.py
[2024-08-09T19:53:58.268+0200] {processor.py:830} INFO - Processing file /home/bvpelt/Develop/airflowtut/py_env/lib/python3.10/site-packages/airflow/example_dags/example_params_ui_tutorial.py for tasks to queue
[2024-08-09T19:53:58.269+0200] {logging_mixin.py:188} INFO - [2024-08-09T19:53:58.269+0200] {dagbag.py:545} INFO - Filling up the DagBag from /home/bvpelt/Develop/airflowtut/py_env/lib/python3.10/site-packages/airflow/example_dags/example_params_ui_tutorial.py
[2024-08-09T19:53:58.273+0200] {processor.py:840} INFO - DAG(s) 'example_params_ui_tutorial' retrieved from /home/bvpelt/Develop/airflowtut/py_env/lib/python3.10/site-packages/airflow/example_dags/example_params_ui_tutorial.py
[2024-08-09T19:53:58.300+0200] {logging_mixin.py:188} INFO - [2024-08-09T19:53:58.300+0200] {dag.py:3089} INFO - Sync 1 DAGs
[2024-08-09T19:53:58.306+0200] {logging_mixin.py:188} INFO - [2024-08-09T19:53:58.306+0200] {dag.py:3947} INFO - Setting next_dagrun for example_params_ui_tutorial to None, run_after=None
[2024-08-09T19:53:58.395+0200] {processor.py:183} INFO - Processing /home/bvpelt/Develop/airflowtut/py_env/lib/python3.10/site-packages/airflow/example_dags/example_params_ui_tutorial.py took 0.130 seconds
[2024-08-09T19:54:51.860+0200] {processor.py:161} INFO - Started process (PID=20206) to work on /home/bvpelt/Develop/airflowtut/py_env/lib/python3.10/site-packages/airflow/example_dags/example_params_ui_tutorial.py
[2024-08-09T19:54:51.860+0200] {processor.py:830} INFO - Processing file /home/bvpelt/Develop/airflowtut/py_env/lib/python3.10/site-packages/airflow/example_dags/example_params_ui_tutorial.py for tasks to queue
[2024-08-09T19:54:51.861+0200] {logging_mixin.py:188} INFO - [2024-08-09T19:54:51.861+0200] {dagbag.py:545} INFO - Filling up the DagBag from /home/bvpelt/Develop/airflowtut/py_env/lib/python3.10/site-packages/airflow/example_dags/example_params_ui_tutorial.py
[2024-08-09T19:54:51.865+0200] {processor.py:840} INFO - DAG(s) 'example_params_ui_tutorial' retrieved from /home/bvpelt/Develop/airflowtut/py_env/lib/python3.10/site-packages/airflow/example_dags/example_params_ui_tutorial.py
[2024-08-09T19:54:51.892+0200] {logging_mixin.py:188} INFO - [2024-08-09T19:54:51.892+0200] {dag.py:3089} INFO - Sync 1 DAGs
[2024-08-09T19:54:51.899+0200] {logging_mixin.py:188} INFO - [2024-08-09T19:54:51.899+0200] {dag.py:3947} INFO - Setting next_dagrun for example_params_ui_tutorial to None, run_after=None
[2024-08-09T19:54:51.995+0200] {processor.py:183} INFO - Processing /home/bvpelt/Develop/airflowtut/py_env/lib/python3.10/site-packages/airflow/example_dags/example_params_ui_tutorial.py took 0.138 seconds
[2024-08-09T19:56:03.912+0200] {processor.py:161} INFO - Started process (PID=20326) to work on /home/bvpelt/Develop/airflowtut/py_env/lib/python3.10/site-packages/airflow/example_dags/example_params_ui_tutorial.py
[2024-08-09T19:56:03.913+0200] {processor.py:830} INFO - Processing file /home/bvpelt/Develop/airflowtut/py_env/lib/python3.10/site-packages/airflow/example_dags/example_params_ui_tutorial.py for tasks to queue
[2024-08-09T19:56:03.914+0200] {logging_mixin.py:188} INFO - [2024-08-09T19:56:03.913+0200] {dagbag.py:545} INFO - Filling up the DagBag from /home/bvpelt/Develop/airflowtut/py_env/lib/python3.10/site-packages/airflow/example_dags/example_params_ui_tutorial.py
[2024-08-09T19:56:03.918+0200] {processor.py:840} INFO - DAG(s) 'example_params_ui_tutorial' retrieved from /home/bvpelt/Develop/airflowtut/py_env/lib/python3.10/site-packages/airflow/example_dags/example_params_ui_tutorial.py
[2024-08-09T19:56:03.946+0200] {logging_mixin.py:188} INFO - [2024-08-09T19:56:03.946+0200] {dag.py:3089} INFO - Sync 1 DAGs
[2024-08-09T19:56:03.953+0200] {logging_mixin.py:188} INFO - [2024-08-09T19:56:03.953+0200] {dag.py:3947} INFO - Setting next_dagrun for example_params_ui_tutorial to None, run_after=None
[2024-08-09T19:56:04.030+0200] {processor.py:183} INFO - Processing /home/bvpelt/Develop/airflowtut/py_env/lib/python3.10/site-packages/airflow/example_dags/example_params_ui_tutorial.py took 0.121 seconds
[2024-08-09T19:57:18.799+0200] {processor.py:161} INFO - Started process (PID=20484) to work on /home/bvpelt/Develop/airflowtut/py_env/lib/python3.10/site-packages/airflow/example_dags/example_params_ui_tutorial.py
[2024-08-09T19:57:18.801+0200] {processor.py:830} INFO - Processing file /home/bvpelt/Develop/airflowtut/py_env/lib/python3.10/site-packages/airflow/example_dags/example_params_ui_tutorial.py for tasks to queue
[2024-08-09T19:57:18.805+0200] {logging_mixin.py:188} INFO - [2024-08-09T19:57:18.804+0200] {dagbag.py:545} INFO - Filling up the DagBag from /home/bvpelt/Develop/airflowtut/py_env/lib/python3.10/site-packages/airflow/example_dags/example_params_ui_tutorial.py
[2024-08-09T19:57:18.818+0200] {processor.py:840} INFO - DAG(s) 'example_params_ui_tutorial' retrieved from /home/bvpelt/Develop/airflowtut/py_env/lib/python3.10/site-packages/airflow/example_dags/example_params_ui_tutorial.py
[2024-08-09T19:57:18.857+0200] {logging_mixin.py:188} INFO - [2024-08-09T19:57:18.857+0200] {dag.py:3089} INFO - Sync 1 DAGs
[2024-08-09T19:57:18.865+0200] {logging_mixin.py:188} INFO - [2024-08-09T19:57:18.864+0200] {dag.py:3947} INFO - Setting next_dagrun for example_params_ui_tutorial to None, run_after=None
[2024-08-09T19:57:18.972+0200] {processor.py:183} INFO - Processing /home/bvpelt/Develop/airflowtut/py_env/lib/python3.10/site-packages/airflow/example_dags/example_params_ui_tutorial.py took 0.189 seconds
[2024-08-09T19:58:37.727+0200] {processor.py:161} INFO - Started process (PID=20620) to work on /home/bvpelt/Develop/airflowtut/py_env/lib/python3.10/site-packages/airflow/example_dags/example_params_ui_tutorial.py
[2024-08-09T19:58:37.728+0200] {processor.py:830} INFO - Processing file /home/bvpelt/Develop/airflowtut/py_env/lib/python3.10/site-packages/airflow/example_dags/example_params_ui_tutorial.py for tasks to queue
[2024-08-09T19:58:37.728+0200] {logging_mixin.py:188} INFO - [2024-08-09T19:58:37.728+0200] {dagbag.py:545} INFO - Filling up the DagBag from /home/bvpelt/Develop/airflowtut/py_env/lib/python3.10/site-packages/airflow/example_dags/example_params_ui_tutorial.py
[2024-08-09T19:58:37.733+0200] {processor.py:840} INFO - DAG(s) 'example_params_ui_tutorial' retrieved from /home/bvpelt/Develop/airflowtut/py_env/lib/python3.10/site-packages/airflow/example_dags/example_params_ui_tutorial.py
[2024-08-09T19:58:37.762+0200] {logging_mixin.py:188} INFO - [2024-08-09T19:58:37.762+0200] {dag.py:3089} INFO - Sync 1 DAGs
[2024-08-09T19:58:37.769+0200] {logging_mixin.py:188} INFO - [2024-08-09T19:58:37.769+0200] {dag.py:3947} INFO - Setting next_dagrun for example_params_ui_tutorial to None, run_after=None
[2024-08-09T19:58:37.852+0200] {processor.py:183} INFO - Processing /home/bvpelt/Develop/airflowtut/py_env/lib/python3.10/site-packages/airflow/example_dags/example_params_ui_tutorial.py took 0.129 seconds
[2024-08-09T19:59:35.270+0200] {processor.py:161} INFO - Started process (PID=20710) to work on /home/bvpelt/Develop/airflowtut/py_env/lib/python3.10/site-packages/airflow/example_dags/example_params_ui_tutorial.py
[2024-08-09T19:59:35.271+0200] {processor.py:830} INFO - Processing file /home/bvpelt/Develop/airflowtut/py_env/lib/python3.10/site-packages/airflow/example_dags/example_params_ui_tutorial.py for tasks to queue
[2024-08-09T19:59:35.271+0200] {logging_mixin.py:188} INFO - [2024-08-09T19:59:35.271+0200] {dagbag.py:545} INFO - Filling up the DagBag from /home/bvpelt/Develop/airflowtut/py_env/lib/python3.10/site-packages/airflow/example_dags/example_params_ui_tutorial.py
[2024-08-09T19:59:35.276+0200] {processor.py:840} INFO - DAG(s) 'example_params_ui_tutorial' retrieved from /home/bvpelt/Develop/airflowtut/py_env/lib/python3.10/site-packages/airflow/example_dags/example_params_ui_tutorial.py
[2024-08-09T19:59:35.304+0200] {logging_mixin.py:188} INFO - [2024-08-09T19:59:35.304+0200] {dag.py:3089} INFO - Sync 1 DAGs
[2024-08-09T19:59:35.310+0200] {logging_mixin.py:188} INFO - [2024-08-09T19:59:35.310+0200] {dag.py:3947} INFO - Setting next_dagrun for example_params_ui_tutorial to None, run_after=None
[2024-08-09T19:59:35.396+0200] {processor.py:183} INFO - Processing /home/bvpelt/Develop/airflowtut/py_env/lib/python3.10/site-packages/airflow/example_dags/example_params_ui_tutorial.py took 0.129 seconds
[2024-08-09T20:00:50.070+0200] {processor.py:161} INFO - Started process (PID=20814) to work on /home/bvpelt/Develop/airflowtut/py_env/lib/python3.10/site-packages/airflow/example_dags/example_params_ui_tutorial.py
[2024-08-09T20:00:50.071+0200] {processor.py:830} INFO - Processing file /home/bvpelt/Develop/airflowtut/py_env/lib/python3.10/site-packages/airflow/example_dags/example_params_ui_tutorial.py for tasks to queue
[2024-08-09T20:00:50.072+0200] {logging_mixin.py:188} INFO - [2024-08-09T20:00:50.071+0200] {dagbag.py:545} INFO - Filling up the DagBag from /home/bvpelt/Develop/airflowtut/py_env/lib/python3.10/site-packages/airflow/example_dags/example_params_ui_tutorial.py
[2024-08-09T20:00:50.076+0200] {processor.py:840} INFO - DAG(s) 'example_params_ui_tutorial' retrieved from /home/bvpelt/Develop/airflowtut/py_env/lib/python3.10/site-packages/airflow/example_dags/example_params_ui_tutorial.py
[2024-08-09T20:00:50.103+0200] {logging_mixin.py:188} INFO - [2024-08-09T20:00:50.103+0200] {dag.py:3089} INFO - Sync 1 DAGs
[2024-08-09T20:00:50.109+0200] {logging_mixin.py:188} INFO - [2024-08-09T20:00:50.109+0200] {dag.py:3947} INFO - Setting next_dagrun for example_params_ui_tutorial to None, run_after=None
[2024-08-09T20:00:50.189+0200] {processor.py:183} INFO - Processing /home/bvpelt/Develop/airflowtut/py_env/lib/python3.10/site-packages/airflow/example_dags/example_params_ui_tutorial.py took 0.122 seconds
[2024-08-09T20:02:04.802+0200] {processor.py:161} INFO - Started process (PID=20975) to work on /home/bvpelt/Develop/airflowtut/py_env/lib/python3.10/site-packages/airflow/example_dags/example_params_ui_tutorial.py
[2024-08-09T20:02:04.811+0200] {processor.py:830} INFO - Processing file /home/bvpelt/Develop/airflowtut/py_env/lib/python3.10/site-packages/airflow/example_dags/example_params_ui_tutorial.py for tasks to queue
[2024-08-09T20:02:04.815+0200] {logging_mixin.py:188} INFO - [2024-08-09T20:02:04.814+0200] {dagbag.py:545} INFO - Filling up the DagBag from /home/bvpelt/Develop/airflowtut/py_env/lib/python3.10/site-packages/airflow/example_dags/example_params_ui_tutorial.py
[2024-08-09T20:02:04.835+0200] {processor.py:840} INFO - DAG(s) 'example_params_ui_tutorial' retrieved from /home/bvpelt/Develop/airflowtut/py_env/lib/python3.10/site-packages/airflow/example_dags/example_params_ui_tutorial.py
[2024-08-09T20:02:04.885+0200] {logging_mixin.py:188} INFO - [2024-08-09T20:02:04.885+0200] {dag.py:3089} INFO - Sync 1 DAGs
[2024-08-09T20:02:04.891+0200] {logging_mixin.py:188} INFO - [2024-08-09T20:02:04.891+0200] {dag.py:3947} INFO - Setting next_dagrun for example_params_ui_tutorial to None, run_after=None
[2024-08-09T20:02:04.990+0200] {processor.py:183} INFO - Processing /home/bvpelt/Develop/airflowtut/py_env/lib/python3.10/site-packages/airflow/example_dags/example_params_ui_tutorial.py took 0.191 seconds
[2024-08-09T20:03:00.910+0200] {processor.py:161} INFO - Started process (PID=21072) to work on /home/bvpelt/Develop/airflowtut/py_env/lib/python3.10/site-packages/airflow/example_dags/example_params_ui_tutorial.py
[2024-08-09T20:03:00.959+0200] {processor.py:830} INFO - Processing file /home/bvpelt/Develop/airflowtut/py_env/lib/python3.10/site-packages/airflow/example_dags/example_params_ui_tutorial.py for tasks to queue
[2024-08-09T20:03:00.963+0200] {logging_mixin.py:188} INFO - [2024-08-09T20:03:00.962+0200] {dagbag.py:545} INFO - Filling up the DagBag from /home/bvpelt/Develop/airflowtut/py_env/lib/python3.10/site-packages/airflow/example_dags/example_params_ui_tutorial.py
[2024-08-09T20:03:00.984+0200] {processor.py:840} INFO - DAG(s) 'example_params_ui_tutorial' retrieved from /home/bvpelt/Develop/airflowtut/py_env/lib/python3.10/site-packages/airflow/example_dags/example_params_ui_tutorial.py
[2024-08-09T20:03:01.031+0200] {logging_mixin.py:188} INFO - [2024-08-09T20:03:01.031+0200] {dag.py:3089} INFO - Sync 1 DAGs
[2024-08-09T20:03:01.038+0200] {logging_mixin.py:188} INFO - [2024-08-09T20:03:01.038+0200] {dag.py:3947} INFO - Setting next_dagrun for example_params_ui_tutorial to None, run_after=None
[2024-08-09T20:03:01.201+0200] {processor.py:183} INFO - Processing /home/bvpelt/Develop/airflowtut/py_env/lib/python3.10/site-packages/airflow/example_dags/example_params_ui_tutorial.py took 0.296 seconds
[2024-08-09T20:03:58.468+0200] {processor.py:161} INFO - Started process (PID=21131) to work on /home/bvpelt/Develop/airflowtut/py_env/lib/python3.10/site-packages/airflow/example_dags/example_params_ui_tutorial.py
[2024-08-09T20:03:58.469+0200] {processor.py:830} INFO - Processing file /home/bvpelt/Develop/airflowtut/py_env/lib/python3.10/site-packages/airflow/example_dags/example_params_ui_tutorial.py for tasks to queue
[2024-08-09T20:03:58.470+0200] {logging_mixin.py:188} INFO - [2024-08-09T20:03:58.470+0200] {dagbag.py:545} INFO - Filling up the DagBag from /home/bvpelt/Develop/airflowtut/py_env/lib/python3.10/site-packages/airflow/example_dags/example_params_ui_tutorial.py
[2024-08-09T20:03:58.474+0200] {processor.py:840} INFO - DAG(s) 'example_params_ui_tutorial' retrieved from /home/bvpelt/Develop/airflowtut/py_env/lib/python3.10/site-packages/airflow/example_dags/example_params_ui_tutorial.py
[2024-08-09T20:03:58.501+0200] {logging_mixin.py:188} INFO - [2024-08-09T20:03:58.501+0200] {dag.py:3089} INFO - Sync 1 DAGs
[2024-08-09T20:03:58.508+0200] {logging_mixin.py:188} INFO - [2024-08-09T20:03:58.508+0200] {dag.py:3947} INFO - Setting next_dagrun for example_params_ui_tutorial to None, run_after=None
[2024-08-09T20:03:58.576+0200] {processor.py:183} INFO - Processing /home/bvpelt/Develop/airflowtut/py_env/lib/python3.10/site-packages/airflow/example_dags/example_params_ui_tutorial.py took 0.111 seconds
[2024-08-09T20:05:15.505+0200] {processor.py:161} INFO - Started process (PID=21349) to work on /home/bvpelt/Develop/airflowtut/py_env/lib/python3.10/site-packages/airflow/example_dags/example_params_ui_tutorial.py
[2024-08-09T20:05:15.506+0200] {processor.py:830} INFO - Processing file /home/bvpelt/Develop/airflowtut/py_env/lib/python3.10/site-packages/airflow/example_dags/example_params_ui_tutorial.py for tasks to queue
[2024-08-09T20:05:15.507+0200] {logging_mixin.py:188} INFO - [2024-08-09T20:05:15.507+0200] {dagbag.py:545} INFO - Filling up the DagBag from /home/bvpelt/Develop/airflowtut/py_env/lib/python3.10/site-packages/airflow/example_dags/example_params_ui_tutorial.py
[2024-08-09T20:05:15.511+0200] {processor.py:840} INFO - DAG(s) 'example_params_ui_tutorial' retrieved from /home/bvpelt/Develop/airflowtut/py_env/lib/python3.10/site-packages/airflow/example_dags/example_params_ui_tutorial.py
[2024-08-09T20:05:15.538+0200] {logging_mixin.py:188} INFO - [2024-08-09T20:05:15.538+0200] {dag.py:3089} INFO - Sync 1 DAGs
[2024-08-09T20:05:15.544+0200] {logging_mixin.py:188} INFO - [2024-08-09T20:05:15.544+0200] {dag.py:3947} INFO - Setting next_dagrun for example_params_ui_tutorial to None, run_after=None
[2024-08-09T20:05:15.642+0200] {processor.py:183} INFO - Processing /home/bvpelt/Develop/airflowtut/py_env/lib/python3.10/site-packages/airflow/example_dags/example_params_ui_tutorial.py took 0.139 seconds
[2024-08-09T20:06:12.280+0200] {processor.py:161} INFO - Started process (PID=21402) to work on /home/bvpelt/Develop/airflowtut/py_env/lib/python3.10/site-packages/airflow/example_dags/example_params_ui_tutorial.py
[2024-08-09T20:06:12.281+0200] {processor.py:830} INFO - Processing file /home/bvpelt/Develop/airflowtut/py_env/lib/python3.10/site-packages/airflow/example_dags/example_params_ui_tutorial.py for tasks to queue
[2024-08-09T20:06:12.281+0200] {logging_mixin.py:188} INFO - [2024-08-09T20:06:12.281+0200] {dagbag.py:545} INFO - Filling up the DagBag from /home/bvpelt/Develop/airflowtut/py_env/lib/python3.10/site-packages/airflow/example_dags/example_params_ui_tutorial.py
[2024-08-09T20:06:12.286+0200] {processor.py:840} INFO - DAG(s) 'example_params_ui_tutorial' retrieved from /home/bvpelt/Develop/airflowtut/py_env/lib/python3.10/site-packages/airflow/example_dags/example_params_ui_tutorial.py
[2024-08-09T20:06:12.316+0200] {logging_mixin.py:188} INFO - [2024-08-09T20:06:12.316+0200] {dag.py:3089} INFO - Sync 1 DAGs
[2024-08-09T20:06:12.322+0200] {logging_mixin.py:188} INFO - [2024-08-09T20:06:12.322+0200] {dag.py:3947} INFO - Setting next_dagrun for example_params_ui_tutorial to None, run_after=None
[2024-08-09T20:06:12.406+0200] {processor.py:183} INFO - Processing /home/bvpelt/Develop/airflowtut/py_env/lib/python3.10/site-packages/airflow/example_dags/example_params_ui_tutorial.py took 0.129 seconds
[2024-08-09T20:07:07.484+0200] {processor.py:161} INFO - Started process (PID=21493) to work on /home/bvpelt/Develop/airflowtut/py_env/lib/python3.10/site-packages/airflow/example_dags/example_params_ui_tutorial.py
[2024-08-09T20:07:07.484+0200] {processor.py:830} INFO - Processing file /home/bvpelt/Develop/airflowtut/py_env/lib/python3.10/site-packages/airflow/example_dags/example_params_ui_tutorial.py for tasks to queue
[2024-08-09T20:07:07.485+0200] {logging_mixin.py:188} INFO - [2024-08-09T20:07:07.485+0200] {dagbag.py:545} INFO - Filling up the DagBag from /home/bvpelt/Develop/airflowtut/py_env/lib/python3.10/site-packages/airflow/example_dags/example_params_ui_tutorial.py
[2024-08-09T20:07:07.489+0200] {processor.py:840} INFO - DAG(s) 'example_params_ui_tutorial' retrieved from /home/bvpelt/Develop/airflowtut/py_env/lib/python3.10/site-packages/airflow/example_dags/example_params_ui_tutorial.py
[2024-08-09T20:07:07.516+0200] {logging_mixin.py:188} INFO - [2024-08-09T20:07:07.516+0200] {dag.py:3089} INFO - Sync 1 DAGs
[2024-08-09T20:07:07.522+0200] {logging_mixin.py:188} INFO - [2024-08-09T20:07:07.522+0200] {dag.py:3947} INFO - Setting next_dagrun for example_params_ui_tutorial to None, run_after=None
[2024-08-09T20:07:07.601+0200] {processor.py:183} INFO - Processing /home/bvpelt/Develop/airflowtut/py_env/lib/python3.10/site-packages/airflow/example_dags/example_params_ui_tutorial.py took 0.120 seconds
[2024-08-09T20:08:22.865+0200] {processor.py:161} INFO - Started process (PID=21675) to work on /home/bvpelt/Develop/airflowtut/py_env/lib/python3.10/site-packages/airflow/example_dags/example_params_ui_tutorial.py
[2024-08-09T20:08:22.883+0200] {processor.py:830} INFO - Processing file /home/bvpelt/Develop/airflowtut/py_env/lib/python3.10/site-packages/airflow/example_dags/example_params_ui_tutorial.py for tasks to queue
[2024-08-09T20:08:22.884+0200] {logging_mixin.py:188} INFO - [2024-08-09T20:08:22.884+0200] {dagbag.py:545} INFO - Filling up the DagBag from /home/bvpelt/Develop/airflowtut/py_env/lib/python3.10/site-packages/airflow/example_dags/example_params_ui_tutorial.py
[2024-08-09T20:08:22.889+0200] {processor.py:840} INFO - DAG(s) 'example_params_ui_tutorial' retrieved from /home/bvpelt/Develop/airflowtut/py_env/lib/python3.10/site-packages/airflow/example_dags/example_params_ui_tutorial.py
[2024-08-09T20:08:22.916+0200] {logging_mixin.py:188} INFO - [2024-08-09T20:08:22.916+0200] {dag.py:3089} INFO - Sync 1 DAGs
[2024-08-09T20:08:22.922+0200] {logging_mixin.py:188} INFO - [2024-08-09T20:08:22.922+0200] {dag.py:3947} INFO - Setting next_dagrun for example_params_ui_tutorial to None, run_after=None
[2024-08-09T20:08:23.015+0200] {processor.py:183} INFO - Processing /home/bvpelt/Develop/airflowtut/py_env/lib/python3.10/site-packages/airflow/example_dags/example_params_ui_tutorial.py took 0.153 seconds
[2024-08-09T20:09:16.369+0200] {processor.py:161} INFO - Started process (PID=21736) to work on /home/bvpelt/Develop/airflowtut/py_env/lib/python3.10/site-packages/airflow/example_dags/example_params_ui_tutorial.py
[2024-08-09T20:09:16.369+0200] {processor.py:830} INFO - Processing file /home/bvpelt/Develop/airflowtut/py_env/lib/python3.10/site-packages/airflow/example_dags/example_params_ui_tutorial.py for tasks to queue
[2024-08-09T20:09:16.370+0200] {logging_mixin.py:188} INFO - [2024-08-09T20:09:16.370+0200] {dagbag.py:545} INFO - Filling up the DagBag from /home/bvpelt/Develop/airflowtut/py_env/lib/python3.10/site-packages/airflow/example_dags/example_params_ui_tutorial.py
[2024-08-09T20:09:16.374+0200] {processor.py:840} INFO - DAG(s) 'example_params_ui_tutorial' retrieved from /home/bvpelt/Develop/airflowtut/py_env/lib/python3.10/site-packages/airflow/example_dags/example_params_ui_tutorial.py
[2024-08-09T20:09:16.401+0200] {logging_mixin.py:188} INFO - [2024-08-09T20:09:16.401+0200] {dag.py:3089} INFO - Sync 1 DAGs
[2024-08-09T20:09:16.408+0200] {logging_mixin.py:188} INFO - [2024-08-09T20:09:16.408+0200] {dag.py:3947} INFO - Setting next_dagrun for example_params_ui_tutorial to None, run_after=None
[2024-08-09T20:09:16.486+0200] {processor.py:183} INFO - Processing /home/bvpelt/Develop/airflowtut/py_env/lib/python3.10/site-packages/airflow/example_dags/example_params_ui_tutorial.py took 0.120 seconds
[2024-08-09T20:10:30.514+0200] {processor.py:161} INFO - Started process (PID=21832) to work on /home/bvpelt/Develop/airflowtut/py_env/lib/python3.10/site-packages/airflow/example_dags/example_params_ui_tutorial.py
[2024-08-09T20:10:30.514+0200] {processor.py:830} INFO - Processing file /home/bvpelt/Develop/airflowtut/py_env/lib/python3.10/site-packages/airflow/example_dags/example_params_ui_tutorial.py for tasks to queue
[2024-08-09T20:10:30.515+0200] {logging_mixin.py:188} INFO - [2024-08-09T20:10:30.515+0200] {dagbag.py:545} INFO - Filling up the DagBag from /home/bvpelt/Develop/airflowtut/py_env/lib/python3.10/site-packages/airflow/example_dags/example_params_ui_tutorial.py
[2024-08-09T20:10:30.519+0200] {processor.py:840} INFO - DAG(s) 'example_params_ui_tutorial' retrieved from /home/bvpelt/Develop/airflowtut/py_env/lib/python3.10/site-packages/airflow/example_dags/example_params_ui_tutorial.py
[2024-08-09T20:10:30.548+0200] {logging_mixin.py:188} INFO - [2024-08-09T20:10:30.548+0200] {dag.py:3089} INFO - Sync 1 DAGs
[2024-08-09T20:10:30.554+0200] {logging_mixin.py:188} INFO - [2024-08-09T20:10:30.554+0200] {dag.py:3947} INFO - Setting next_dagrun for example_params_ui_tutorial to None, run_after=None
[2024-08-09T20:10:30.650+0200] {processor.py:183} INFO - Processing /home/bvpelt/Develop/airflowtut/py_env/lib/python3.10/site-packages/airflow/example_dags/example_params_ui_tutorial.py took 0.139 seconds
[2024-08-09T20:11:45.221+0200] {processor.py:161} INFO - Started process (PID=21914) to work on /home/bvpelt/Develop/airflowtut/py_env/lib/python3.10/site-packages/airflow/example_dags/example_params_ui_tutorial.py
[2024-08-09T20:11:45.238+0200] {processor.py:830} INFO - Processing file /home/bvpelt/Develop/airflowtut/py_env/lib/python3.10/site-packages/airflow/example_dags/example_params_ui_tutorial.py for tasks to queue
[2024-08-09T20:11:45.239+0200] {logging_mixin.py:188} INFO - [2024-08-09T20:11:45.239+0200] {dagbag.py:545} INFO - Filling up the DagBag from /home/bvpelt/Develop/airflowtut/py_env/lib/python3.10/site-packages/airflow/example_dags/example_params_ui_tutorial.py
[2024-08-09T20:11:45.245+0200] {processor.py:840} INFO - DAG(s) 'example_params_ui_tutorial' retrieved from /home/bvpelt/Develop/airflowtut/py_env/lib/python3.10/site-packages/airflow/example_dags/example_params_ui_tutorial.py
[2024-08-09T20:11:45.281+0200] {logging_mixin.py:188} INFO - [2024-08-09T20:11:45.281+0200] {dag.py:3089} INFO - Sync 1 DAGs
[2024-08-09T20:11:45.287+0200] {logging_mixin.py:188} INFO - [2024-08-09T20:11:45.287+0200] {dag.py:3947} INFO - Setting next_dagrun for example_params_ui_tutorial to None, run_after=None
[2024-08-09T20:11:45.372+0200] {processor.py:183} INFO - Processing /home/bvpelt/Develop/airflowtut/py_env/lib/python3.10/site-packages/airflow/example_dags/example_params_ui_tutorial.py took 0.153 seconds
[2024-08-09T20:12:59.878+0200] {processor.py:161} INFO - Started process (PID=22082) to work on /home/bvpelt/Develop/airflowtut/py_env/lib/python3.10/site-packages/airflow/example_dags/example_params_ui_tutorial.py
[2024-08-09T20:12:59.896+0200] {processor.py:830} INFO - Processing file /home/bvpelt/Develop/airflowtut/py_env/lib/python3.10/site-packages/airflow/example_dags/example_params_ui_tutorial.py for tasks to queue
[2024-08-09T20:12:59.900+0200] {logging_mixin.py:188} INFO - [2024-08-09T20:12:59.899+0200] {dagbag.py:545} INFO - Filling up the DagBag from /home/bvpelt/Develop/airflowtut/py_env/lib/python3.10/site-packages/airflow/example_dags/example_params_ui_tutorial.py
[2024-08-09T20:12:59.918+0200] {processor.py:840} INFO - DAG(s) 'example_params_ui_tutorial' retrieved from /home/bvpelt/Develop/airflowtut/py_env/lib/python3.10/site-packages/airflow/example_dags/example_params_ui_tutorial.py
[2024-08-09T20:12:59.959+0200] {logging_mixin.py:188} INFO - [2024-08-09T20:12:59.959+0200] {dag.py:3089} INFO - Sync 1 DAGs
[2024-08-09T20:12:59.966+0200] {logging_mixin.py:188} INFO - [2024-08-09T20:12:59.966+0200] {dag.py:3947} INFO - Setting next_dagrun for example_params_ui_tutorial to None, run_after=None
[2024-08-09T20:13:00.069+0200] {processor.py:183} INFO - Processing /home/bvpelt/Develop/airflowtut/py_env/lib/python3.10/site-packages/airflow/example_dags/example_params_ui_tutorial.py took 0.206 seconds
[2024-08-09T20:13:55.888+0200] {processor.py:161} INFO - Started process (PID=22150) to work on /home/bvpelt/Develop/airflowtut/py_env/lib/python3.10/site-packages/airflow/example_dags/example_params_ui_tutorial.py
[2024-08-09T20:13:55.901+0200] {processor.py:830} INFO - Processing file /home/bvpelt/Develop/airflowtut/py_env/lib/python3.10/site-packages/airflow/example_dags/example_params_ui_tutorial.py for tasks to queue
[2024-08-09T20:13:55.905+0200] {logging_mixin.py:188} INFO - [2024-08-09T20:13:55.904+0200] {dagbag.py:545} INFO - Filling up the DagBag from /home/bvpelt/Develop/airflowtut/py_env/lib/python3.10/site-packages/airflow/example_dags/example_params_ui_tutorial.py
[2024-08-09T20:13:55.926+0200] {processor.py:840} INFO - DAG(s) 'example_params_ui_tutorial' retrieved from /home/bvpelt/Develop/airflowtut/py_env/lib/python3.10/site-packages/airflow/example_dags/example_params_ui_tutorial.py
[2024-08-09T20:13:55.972+0200] {logging_mixin.py:188} INFO - [2024-08-09T20:13:55.972+0200] {dag.py:3089} INFO - Sync 1 DAGs
[2024-08-09T20:13:55.978+0200] {logging_mixin.py:188} INFO - [2024-08-09T20:13:55.978+0200] {dag.py:3947} INFO - Setting next_dagrun for example_params_ui_tutorial to None, run_after=None
[2024-08-09T20:13:56.065+0200] {processor.py:183} INFO - Processing /home/bvpelt/Develop/airflowtut/py_env/lib/python3.10/site-packages/airflow/example_dags/example_params_ui_tutorial.py took 0.180 seconds
[2024-08-09T20:14:47.963+0200] {processor.py:161} INFO - Started process (PID=22217) to work on /home/bvpelt/Develop/airflowtut/py_env/lib/python3.10/site-packages/airflow/example_dags/example_params_ui_tutorial.py
[2024-08-09T20:14:47.973+0200] {processor.py:830} INFO - Processing file /home/bvpelt/Develop/airflowtut/py_env/lib/python3.10/site-packages/airflow/example_dags/example_params_ui_tutorial.py for tasks to queue
[2024-08-09T20:14:47.974+0200] {logging_mixin.py:188} INFO - [2024-08-09T20:14:47.974+0200] {dagbag.py:545} INFO - Filling up the DagBag from /home/bvpelt/Develop/airflowtut/py_env/lib/python3.10/site-packages/airflow/example_dags/example_params_ui_tutorial.py
[2024-08-09T20:14:47.979+0200] {processor.py:840} INFO - DAG(s) 'example_params_ui_tutorial' retrieved from /home/bvpelt/Develop/airflowtut/py_env/lib/python3.10/site-packages/airflow/example_dags/example_params_ui_tutorial.py
[2024-08-09T20:14:48.008+0200] {logging_mixin.py:188} INFO - [2024-08-09T20:14:48.008+0200] {dag.py:3089} INFO - Sync 1 DAGs
[2024-08-09T20:14:48.015+0200] {logging_mixin.py:188} INFO - [2024-08-09T20:14:48.015+0200] {dag.py:3947} INFO - Setting next_dagrun for example_params_ui_tutorial to None, run_after=None
[2024-08-09T20:14:48.095+0200] {processor.py:183} INFO - Processing /home/bvpelt/Develop/airflowtut/py_env/lib/python3.10/site-packages/airflow/example_dags/example_params_ui_tutorial.py took 0.134 seconds
[2024-08-09T20:16:00.319+0200] {processor.py:161} INFO - Started process (PID=22324) to work on /home/bvpelt/Develop/airflowtut/py_env/lib/python3.10/site-packages/airflow/example_dags/example_params_ui_tutorial.py
[2024-08-09T20:16:00.320+0200] {processor.py:830} INFO - Processing file /home/bvpelt/Develop/airflowtut/py_env/lib/python3.10/site-packages/airflow/example_dags/example_params_ui_tutorial.py for tasks to queue
[2024-08-09T20:16:00.321+0200] {logging_mixin.py:188} INFO - [2024-08-09T20:16:00.320+0200] {dagbag.py:545} INFO - Filling up the DagBag from /home/bvpelt/Develop/airflowtut/py_env/lib/python3.10/site-packages/airflow/example_dags/example_params_ui_tutorial.py
[2024-08-09T20:16:00.325+0200] {processor.py:840} INFO - DAG(s) 'example_params_ui_tutorial' retrieved from /home/bvpelt/Develop/airflowtut/py_env/lib/python3.10/site-packages/airflow/example_dags/example_params_ui_tutorial.py
[2024-08-09T20:16:00.352+0200] {logging_mixin.py:188} INFO - [2024-08-09T20:16:00.352+0200] {dag.py:3089} INFO - Sync 1 DAGs
[2024-08-09T20:16:00.358+0200] {logging_mixin.py:188} INFO - [2024-08-09T20:16:00.358+0200] {dag.py:3947} INFO - Setting next_dagrun for example_params_ui_tutorial to None, run_after=None
[2024-08-09T20:16:00.432+0200] {processor.py:183} INFO - Processing /home/bvpelt/Develop/airflowtut/py_env/lib/python3.10/site-packages/airflow/example_dags/example_params_ui_tutorial.py took 0.116 seconds
