[2024-08-09T19:43:06.757+0200] {processor.py:161} INFO - Started process (PID=17689) to work on /home/bvpelt/Develop/airflowtut/py_env/lib/python3.10/site-packages/airflow/example_dags/example_display_name.py
[2024-08-09T19:43:06.759+0200] {processor.py:830} INFO - Processing file /home/bvpelt/Develop/airflowtut/py_env/lib/python3.10/site-packages/airflow/example_dags/example_display_name.py for tasks to queue
[2024-08-09T19:43:06.763+0200] {logging_mixin.py:188} INFO - [2024-08-09T19:43:06.762+0200] {dagbag.py:545} INFO - Filling up the DagBag from /home/bvpelt/Develop/airflowtut/py_env/lib/python3.10/site-packages/airflow/example_dags/example_display_name.py
[2024-08-09T19:43:06.773+0200] {processor.py:840} INFO - DAG(s) 'example_display_name' retrieved from /home/bvpelt/Develop/airflowtut/py_env/lib/python3.10/site-packages/airflow/example_dags/example_display_name.py
[2024-08-09T19:43:07.042+0200] {logging_mixin.py:188} INFO - [2024-08-09T19:43:07.041+0200] {override.py:1858} INFO - Created Permission View: can edit on DAG:example_display_name
[2024-08-09T19:43:07.123+0200] {logging_mixin.py:188} INFO - [2024-08-09T19:43:07.122+0200] {override.py:1858} INFO - Created Permission View: can read on DAG:example_display_name
[2024-08-09T19:43:07.206+0200] {logging_mixin.py:188} INFO - [2024-08-09T19:43:07.205+0200] {override.py:1858} INFO - Created Permission View: can delete on DAG:example_display_name
[2024-08-09T19:43:07.207+0200] {logging_mixin.py:188} INFO - [2024-08-09T19:43:07.207+0200] {dag.py:3089} INFO - Sync 1 DAGs
[2024-08-09T19:43:07.238+0200] {logging_mixin.py:188} INFO - [2024-08-09T19:43:07.237+0200] {dag.py:3111} INFO - Creating ORM DAG for example_display_name
[2024-08-09T19:43:07.239+0200] {logging_mixin.py:188} INFO - [2024-08-09T19:43:07.239+0200] {dag.py:3947} INFO - Setting next_dagrun for example_display_name to None, run_after=None
[2024-08-09T19:43:07.380+0200] {processor.py:183} INFO - Processing /home/bvpelt/Develop/airflowtut/py_env/lib/python3.10/site-packages/airflow/example_dags/example_display_name.py took 0.638 seconds
[2024-08-09T19:44:14.990+0200] {processor.py:161} INFO - Started process (PID=17970) to work on /home/bvpelt/Develop/airflowtut/py_env/lib/python3.10/site-packages/airflow/example_dags/example_display_name.py
[2024-08-09T19:44:14.991+0200] {processor.py:830} INFO - Processing file /home/bvpelt/Develop/airflowtut/py_env/lib/python3.10/site-packages/airflow/example_dags/example_display_name.py for tasks to queue
[2024-08-09T19:44:14.992+0200] {logging_mixin.py:188} INFO - [2024-08-09T19:44:14.991+0200] {dagbag.py:545} INFO - Filling up the DagBag from /home/bvpelt/Develop/airflowtut/py_env/lib/python3.10/site-packages/airflow/example_dags/example_display_name.py
[2024-08-09T19:44:14.995+0200] {processor.py:840} INFO - DAG(s) 'example_display_name' retrieved from /home/bvpelt/Develop/airflowtut/py_env/lib/python3.10/site-packages/airflow/example_dags/example_display_name.py
[2024-08-09T19:44:15.003+0200] {logging_mixin.py:188} INFO - [2024-08-09T19:44:15.003+0200] {dag.py:3089} INFO - Sync 1 DAGs
[2024-08-09T19:44:15.009+0200] {logging_mixin.py:188} INFO - [2024-08-09T19:44:15.009+0200] {dag.py:3947} INFO - Setting next_dagrun for example_display_name to None, run_after=None
[2024-08-09T19:44:15.070+0200] {processor.py:183} INFO - Processing /home/bvpelt/Develop/airflowtut/py_env/lib/python3.10/site-packages/airflow/example_dags/example_display_name.py took 0.083 seconds
[2024-08-09T19:45:18.650+0200] {processor.py:161} INFO - Started process (PID=18274) to work on /home/bvpelt/Develop/airflowtut/py_env/lib/python3.10/site-packages/airflow/example_dags/example_display_name.py
[2024-08-09T19:45:18.651+0200] {processor.py:830} INFO - Processing file /home/bvpelt/Develop/airflowtut/py_env/lib/python3.10/site-packages/airflow/example_dags/example_display_name.py for tasks to queue
[2024-08-09T19:45:18.652+0200] {logging_mixin.py:188} INFO - [2024-08-09T19:45:18.651+0200] {dagbag.py:545} INFO - Filling up the DagBag from /home/bvpelt/Develop/airflowtut/py_env/lib/python3.10/site-packages/airflow/example_dags/example_display_name.py
[2024-08-09T19:45:18.655+0200] {processor.py:840} INFO - DAG(s) 'example_display_name' retrieved from /home/bvpelt/Develop/airflowtut/py_env/lib/python3.10/site-packages/airflow/example_dags/example_display_name.py
[2024-08-09T19:45:18.714+0200] {logging_mixin.py:188} INFO - [2024-08-09T19:45:18.714+0200] {dag.py:3089} INFO - Sync 1 DAGs
[2024-08-09T19:45:18.720+0200] {logging_mixin.py:188} INFO - [2024-08-09T19:45:18.720+0200] {dag.py:3947} INFO - Setting next_dagrun for example_display_name to None, run_after=None
[2024-08-09T19:45:18.792+0200] {processor.py:183} INFO - Processing /home/bvpelt/Develop/airflowtut/py_env/lib/python3.10/site-packages/airflow/example_dags/example_display_name.py took 0.145 seconds
[2024-08-09T19:46:42.896+0200] {processor.py:161} INFO - Started process (PID=18641) to work on /home/bvpelt/Develop/airflowtut/py_env/lib/python3.10/site-packages/airflow/example_dags/example_display_name.py
[2024-08-09T19:46:42.897+0200] {processor.py:830} INFO - Processing file /home/bvpelt/Develop/airflowtut/py_env/lib/python3.10/site-packages/airflow/example_dags/example_display_name.py for tasks to queue
[2024-08-09T19:46:42.897+0200] {logging_mixin.py:188} INFO - [2024-08-09T19:46:42.897+0200] {dagbag.py:545} INFO - Filling up the DagBag from /home/bvpelt/Develop/airflowtut/py_env/lib/python3.10/site-packages/airflow/example_dags/example_display_name.py
[2024-08-09T19:46:42.900+0200] {processor.py:840} INFO - DAG(s) 'example_display_name' retrieved from /home/bvpelt/Develop/airflowtut/py_env/lib/python3.10/site-packages/airflow/example_dags/example_display_name.py
[2024-08-09T19:46:42.909+0200] {logging_mixin.py:188} INFO - [2024-08-09T19:46:42.909+0200] {dag.py:3089} INFO - Sync 1 DAGs
[2024-08-09T19:46:42.916+0200] {logging_mixin.py:188} INFO - [2024-08-09T19:46:42.915+0200] {dag.py:3947} INFO - Setting next_dagrun for example_display_name to None, run_after=None
[2024-08-09T19:46:42.996+0200] {processor.py:183} INFO - Processing /home/bvpelt/Develop/airflowtut/py_env/lib/python3.10/site-packages/airflow/example_dags/example_display_name.py took 0.103 seconds
[2024-08-09T19:47:36.926+0200] {processor.py:161} INFO - Started process (PID=18969) to work on /home/bvpelt/Develop/airflowtut/py_env/lib/python3.10/site-packages/airflow/example_dags/example_display_name.py
[2024-08-09T19:47:36.926+0200] {processor.py:830} INFO - Processing file /home/bvpelt/Develop/airflowtut/py_env/lib/python3.10/site-packages/airflow/example_dags/example_display_name.py for tasks to queue
[2024-08-09T19:47:36.927+0200] {logging_mixin.py:188} INFO - [2024-08-09T19:47:36.927+0200] {dagbag.py:545} INFO - Filling up the DagBag from /home/bvpelt/Develop/airflowtut/py_env/lib/python3.10/site-packages/airflow/example_dags/example_display_name.py
[2024-08-09T19:47:36.931+0200] {processor.py:840} INFO - DAG(s) 'example_display_name' retrieved from /home/bvpelt/Develop/airflowtut/py_env/lib/python3.10/site-packages/airflow/example_dags/example_display_name.py
[2024-08-09T19:47:36.939+0200] {logging_mixin.py:188} INFO - [2024-08-09T19:47:36.939+0200] {dag.py:3089} INFO - Sync 1 DAGs
[2024-08-09T19:47:36.946+0200] {logging_mixin.py:188} INFO - [2024-08-09T19:47:36.946+0200] {dag.py:3947} INFO - Setting next_dagrun for example_display_name to None, run_after=None
[2024-08-09T19:47:37.013+0200] {processor.py:183} INFO - Processing /home/bvpelt/Develop/airflowtut/py_env/lib/python3.10/site-packages/airflow/example_dags/example_display_name.py took 0.091 seconds
[2024-08-09T19:48:29.669+0200] {processor.py:161} INFO - Started process (PID=19107) to work on /home/bvpelt/Develop/airflowtut/py_env/lib/python3.10/site-packages/airflow/example_dags/example_display_name.py
[2024-08-09T19:48:29.670+0200] {processor.py:830} INFO - Processing file /home/bvpelt/Develop/airflowtut/py_env/lib/python3.10/site-packages/airflow/example_dags/example_display_name.py for tasks to queue
[2024-08-09T19:48:29.671+0200] {logging_mixin.py:188} INFO - [2024-08-09T19:48:29.671+0200] {dagbag.py:545} INFO - Filling up the DagBag from /home/bvpelt/Develop/airflowtut/py_env/lib/python3.10/site-packages/airflow/example_dags/example_display_name.py
[2024-08-09T19:48:29.674+0200] {processor.py:840} INFO - DAG(s) 'example_display_name' retrieved from /home/bvpelt/Develop/airflowtut/py_env/lib/python3.10/site-packages/airflow/example_dags/example_display_name.py
[2024-08-09T19:48:29.682+0200] {logging_mixin.py:188} INFO - [2024-08-09T19:48:29.681+0200] {dag.py:3089} INFO - Sync 1 DAGs
[2024-08-09T19:48:29.688+0200] {logging_mixin.py:188} INFO - [2024-08-09T19:48:29.688+0200] {dag.py:3947} INFO - Setting next_dagrun for example_display_name to None, run_after=None
[2024-08-09T19:48:29.779+0200] {processor.py:183} INFO - Processing /home/bvpelt/Develop/airflowtut/py_env/lib/python3.10/site-packages/airflow/example_dags/example_display_name.py took 0.112 seconds
[2024-08-09T19:49:19.598+0200] {processor.py:161} INFO - Started process (PID=19192) to work on /home/bvpelt/Develop/airflowtut/py_env/lib/python3.10/site-packages/airflow/example_dags/example_display_name.py
[2024-08-09T19:49:19.599+0200] {processor.py:830} INFO - Processing file /home/bvpelt/Develop/airflowtut/py_env/lib/python3.10/site-packages/airflow/example_dags/example_display_name.py for tasks to queue
[2024-08-09T19:49:19.599+0200] {logging_mixin.py:188} INFO - [2024-08-09T19:49:19.599+0200] {dagbag.py:545} INFO - Filling up the DagBag from /home/bvpelt/Develop/airflowtut/py_env/lib/python3.10/site-packages/airflow/example_dags/example_display_name.py
[2024-08-09T19:49:19.603+0200] {processor.py:840} INFO - DAG(s) 'example_display_name' retrieved from /home/bvpelt/Develop/airflowtut/py_env/lib/python3.10/site-packages/airflow/example_dags/example_display_name.py
[2024-08-09T19:49:19.610+0200] {logging_mixin.py:188} INFO - [2024-08-09T19:49:19.610+0200] {dag.py:3089} INFO - Sync 1 DAGs
[2024-08-09T19:49:19.617+0200] {logging_mixin.py:188} INFO - [2024-08-09T19:49:19.617+0200] {dag.py:3947} INFO - Setting next_dagrun for example_display_name to None, run_after=None
[2024-08-09T19:49:19.719+0200] {processor.py:183} INFO - Processing /home/bvpelt/Develop/airflowtut/py_env/lib/python3.10/site-packages/airflow/example_dags/example_display_name.py took 0.124 seconds
[2024-08-09T19:50:11.757+0200] {processor.py:161} INFO - Started process (PID=19345) to work on /home/bvpelt/Develop/airflowtut/py_env/lib/python3.10/site-packages/airflow/example_dags/example_display_name.py
[2024-08-09T19:50:11.757+0200] {processor.py:830} INFO - Processing file /home/bvpelt/Develop/airflowtut/py_env/lib/python3.10/site-packages/airflow/example_dags/example_display_name.py for tasks to queue
[2024-08-09T19:50:11.758+0200] {logging_mixin.py:188} INFO - [2024-08-09T19:50:11.758+0200] {dagbag.py:545} INFO - Filling up the DagBag from /home/bvpelt/Develop/airflowtut/py_env/lib/python3.10/site-packages/airflow/example_dags/example_display_name.py
[2024-08-09T19:50:11.761+0200] {processor.py:840} INFO - DAG(s) 'example_display_name' retrieved from /home/bvpelt/Develop/airflowtut/py_env/lib/python3.10/site-packages/airflow/example_dags/example_display_name.py
[2024-08-09T19:50:11.769+0200] {logging_mixin.py:188} INFO - [2024-08-09T19:50:11.769+0200] {dag.py:3089} INFO - Sync 1 DAGs
[2024-08-09T19:50:11.776+0200] {logging_mixin.py:188} INFO - [2024-08-09T19:50:11.775+0200] {dag.py:3947} INFO - Setting next_dagrun for example_display_name to None, run_after=None
[2024-08-09T19:50:11.878+0200] {processor.py:183} INFO - Processing /home/bvpelt/Develop/airflowtut/py_env/lib/python3.10/site-packages/airflow/example_dags/example_display_name.py took 0.125 seconds
[2024-08-09T19:51:04.215+0200] {processor.py:161} INFO - Started process (PID=19419) to work on /home/bvpelt/Develop/airflowtut/py_env/lib/python3.10/site-packages/airflow/example_dags/example_display_name.py
[2024-08-09T19:51:04.216+0200] {processor.py:830} INFO - Processing file /home/bvpelt/Develop/airflowtut/py_env/lib/python3.10/site-packages/airflow/example_dags/example_display_name.py for tasks to queue
[2024-08-09T19:51:04.216+0200] {logging_mixin.py:188} INFO - [2024-08-09T19:51:04.216+0200] {dagbag.py:545} INFO - Filling up the DagBag from /home/bvpelt/Develop/airflowtut/py_env/lib/python3.10/site-packages/airflow/example_dags/example_display_name.py
[2024-08-09T19:51:04.220+0200] {processor.py:840} INFO - DAG(s) 'example_display_name' retrieved from /home/bvpelt/Develop/airflowtut/py_env/lib/python3.10/site-packages/airflow/example_dags/example_display_name.py
[2024-08-09T19:51:04.228+0200] {logging_mixin.py:188} INFO - [2024-08-09T19:51:04.228+0200] {dag.py:3089} INFO - Sync 1 DAGs
[2024-08-09T19:51:04.235+0200] {logging_mixin.py:188} INFO - [2024-08-09T19:51:04.235+0200] {dag.py:3947} INFO - Setting next_dagrun for example_display_name to None, run_after=None
[2024-08-09T19:51:04.338+0200] {processor.py:183} INFO - Processing /home/bvpelt/Develop/airflowtut/py_env/lib/python3.10/site-packages/airflow/example_dags/example_display_name.py took 0.127 seconds
[2024-08-09T19:51:54.573+0200] {processor.py:161} INFO - Started process (PID=19623) to work on /home/bvpelt/Develop/airflowtut/py_env/lib/python3.10/site-packages/airflow/example_dags/example_display_name.py
[2024-08-09T19:51:54.649+0200] {processor.py:830} INFO - Processing file /home/bvpelt/Develop/airflowtut/py_env/lib/python3.10/site-packages/airflow/example_dags/example_display_name.py for tasks to queue
[2024-08-09T19:51:54.652+0200] {logging_mixin.py:188} INFO - [2024-08-09T19:51:54.652+0200] {dagbag.py:545} INFO - Filling up the DagBag from /home/bvpelt/Develop/airflowtut/py_env/lib/python3.10/site-packages/airflow/example_dags/example_display_name.py
[2024-08-09T19:51:54.667+0200] {processor.py:840} INFO - DAG(s) 'example_display_name' retrieved from /home/bvpelt/Develop/airflowtut/py_env/lib/python3.10/site-packages/airflow/example_dags/example_display_name.py
[2024-08-09T19:51:54.695+0200] {logging_mixin.py:188} INFO - [2024-08-09T19:51:54.695+0200] {dag.py:3089} INFO - Sync 1 DAGs
[2024-08-09T19:51:54.706+0200] {logging_mixin.py:188} INFO - [2024-08-09T19:51:54.706+0200] {dag.py:3947} INFO - Setting next_dagrun for example_display_name to None, run_after=None
[2024-08-09T19:51:54.818+0200] {processor.py:183} INFO - Processing /home/bvpelt/Develop/airflowtut/py_env/lib/python3.10/site-packages/airflow/example_dags/example_display_name.py took 0.248 seconds
[2024-08-09T19:53:25.314+0200] {processor.py:161} INFO - Started process (PID=20093) to work on /home/bvpelt/Develop/airflowtut/py_env/lib/python3.10/site-packages/airflow/example_dags/example_display_name.py
[2024-08-09T19:53:25.314+0200] {processor.py:830} INFO - Processing file /home/bvpelt/Develop/airflowtut/py_env/lib/python3.10/site-packages/airflow/example_dags/example_display_name.py for tasks to queue
[2024-08-09T19:53:25.315+0200] {logging_mixin.py:188} INFO - [2024-08-09T19:53:25.315+0200] {dagbag.py:545} INFO - Filling up the DagBag from /home/bvpelt/Develop/airflowtut/py_env/lib/python3.10/site-packages/airflow/example_dags/example_display_name.py
[2024-08-09T19:53:25.318+0200] {processor.py:840} INFO - DAG(s) 'example_display_name' retrieved from /home/bvpelt/Develop/airflowtut/py_env/lib/python3.10/site-packages/airflow/example_dags/example_display_name.py
[2024-08-09T19:53:25.326+0200] {logging_mixin.py:188} INFO - [2024-08-09T19:53:25.326+0200] {dag.py:3089} INFO - Sync 1 DAGs
[2024-08-09T19:53:25.332+0200] {logging_mixin.py:188} INFO - [2024-08-09T19:53:25.332+0200] {dag.py:3947} INFO - Setting next_dagrun for example_display_name to None, run_after=None
[2024-08-09T19:53:25.414+0200] {processor.py:183} INFO - Processing /home/bvpelt/Develop/airflowtut/py_env/lib/python3.10/site-packages/airflow/example_dags/example_display_name.py took 0.103 seconds
[2024-08-09T19:54:18.847+0200] {processor.py:161} INFO - Started process (PID=20159) to work on /home/bvpelt/Develop/airflowtut/py_env/lib/python3.10/site-packages/airflow/example_dags/example_display_name.py
[2024-08-09T19:54:18.855+0200] {processor.py:830} INFO - Processing file /home/bvpelt/Develop/airflowtut/py_env/lib/python3.10/site-packages/airflow/example_dags/example_display_name.py for tasks to queue
[2024-08-09T19:54:18.856+0200] {logging_mixin.py:188} INFO - [2024-08-09T19:54:18.856+0200] {dagbag.py:545} INFO - Filling up the DagBag from /home/bvpelt/Develop/airflowtut/py_env/lib/python3.10/site-packages/airflow/example_dags/example_display_name.py
[2024-08-09T19:54:18.860+0200] {processor.py:840} INFO - DAG(s) 'example_display_name' retrieved from /home/bvpelt/Develop/airflowtut/py_env/lib/python3.10/site-packages/airflow/example_dags/example_display_name.py
[2024-08-09T19:54:18.868+0200] {logging_mixin.py:188} INFO - [2024-08-09T19:54:18.868+0200] {dag.py:3089} INFO - Sync 1 DAGs
[2024-08-09T19:54:18.874+0200] {logging_mixin.py:188} INFO - [2024-08-09T19:54:18.874+0200] {dag.py:3947} INFO - Setting next_dagrun for example_display_name to None, run_after=None
[2024-08-09T19:54:18.966+0200] {processor.py:183} INFO - Processing /home/bvpelt/Develop/airflowtut/py_env/lib/python3.10/site-packages/airflow/example_dags/example_display_name.py took 0.122 seconds
[2024-08-09T19:55:11.695+0200] {processor.py:161} INFO - Started process (PID=20260) to work on /home/bvpelt/Develop/airflowtut/py_env/lib/python3.10/site-packages/airflow/example_dags/example_display_name.py
[2024-08-09T19:55:11.696+0200] {processor.py:830} INFO - Processing file /home/bvpelt/Develop/airflowtut/py_env/lib/python3.10/site-packages/airflow/example_dags/example_display_name.py for tasks to queue
[2024-08-09T19:55:11.697+0200] {logging_mixin.py:188} INFO - [2024-08-09T19:55:11.697+0200] {dagbag.py:545} INFO - Filling up the DagBag from /home/bvpelt/Develop/airflowtut/py_env/lib/python3.10/site-packages/airflow/example_dags/example_display_name.py
[2024-08-09T19:55:11.700+0200] {processor.py:840} INFO - DAG(s) 'example_display_name' retrieved from /home/bvpelt/Develop/airflowtut/py_env/lib/python3.10/site-packages/airflow/example_dags/example_display_name.py
[2024-08-09T19:55:11.708+0200] {logging_mixin.py:188} INFO - [2024-08-09T19:55:11.707+0200] {dag.py:3089} INFO - Sync 1 DAGs
[2024-08-09T19:55:11.714+0200] {logging_mixin.py:188} INFO - [2024-08-09T19:55:11.714+0200] {dag.py:3947} INFO - Setting next_dagrun for example_display_name to None, run_after=None
[2024-08-09T19:55:11.818+0200] {processor.py:183} INFO - Processing /home/bvpelt/Develop/airflowtut/py_env/lib/python3.10/site-packages/airflow/example_dags/example_display_name.py took 0.126 seconds
[2024-08-09T19:55:58.851+0200] {processor.py:161} INFO - Started process (PID=20320) to work on /home/bvpelt/Develop/airflowtut/py_env/lib/python3.10/site-packages/airflow/example_dags/example_display_name.py
[2024-08-09T19:55:58.878+0200] {processor.py:830} INFO - Processing file /home/bvpelt/Develop/airflowtut/py_env/lib/python3.10/site-packages/airflow/example_dags/example_display_name.py for tasks to queue
[2024-08-09T19:55:58.879+0200] {logging_mixin.py:188} INFO - [2024-08-09T19:55:58.879+0200] {dagbag.py:545} INFO - Filling up the DagBag from /home/bvpelt/Develop/airflowtut/py_env/lib/python3.10/site-packages/airflow/example_dags/example_display_name.py
[2024-08-09T19:55:58.884+0200] {processor.py:840} INFO - DAG(s) 'example_display_name' retrieved from /home/bvpelt/Develop/airflowtut/py_env/lib/python3.10/site-packages/airflow/example_dags/example_display_name.py
[2024-08-09T19:55:58.892+0200] {logging_mixin.py:188} INFO - [2024-08-09T19:55:58.891+0200] {dag.py:3089} INFO - Sync 1 DAGs
[2024-08-09T19:55:58.898+0200] {logging_mixin.py:188} INFO - [2024-08-09T19:55:58.898+0200] {dag.py:3947} INFO - Setting next_dagrun for example_display_name to None, run_after=None
[2024-08-09T19:55:58.979+0200] {processor.py:183} INFO - Processing /home/bvpelt/Develop/airflowtut/py_env/lib/python3.10/site-packages/airflow/example_dags/example_display_name.py took 0.131 seconds
[2024-08-09T19:56:49.549+0200] {processor.py:161} INFO - Started process (PID=20380) to work on /home/bvpelt/Develop/airflowtut/py_env/lib/python3.10/site-packages/airflow/example_dags/example_display_name.py
[2024-08-09T19:56:49.550+0200] {processor.py:830} INFO - Processing file /home/bvpelt/Develop/airflowtut/py_env/lib/python3.10/site-packages/airflow/example_dags/example_display_name.py for tasks to queue
[2024-08-09T19:56:49.550+0200] {logging_mixin.py:188} INFO - [2024-08-09T19:56:49.550+0200] {dagbag.py:545} INFO - Filling up the DagBag from /home/bvpelt/Develop/airflowtut/py_env/lib/python3.10/site-packages/airflow/example_dags/example_display_name.py
[2024-08-09T19:56:49.554+0200] {processor.py:840} INFO - DAG(s) 'example_display_name' retrieved from /home/bvpelt/Develop/airflowtut/py_env/lib/python3.10/site-packages/airflow/example_dags/example_display_name.py
[2024-08-09T19:56:49.561+0200] {logging_mixin.py:188} INFO - [2024-08-09T19:56:49.561+0200] {dag.py:3089} INFO - Sync 1 DAGs
[2024-08-09T19:56:49.567+0200] {logging_mixin.py:188} INFO - [2024-08-09T19:56:49.567+0200] {dag.py:3947} INFO - Setting next_dagrun for example_display_name to None, run_after=None
[2024-08-09T19:56:49.650+0200] {processor.py:183} INFO - Processing /home/bvpelt/Develop/airflowtut/py_env/lib/python3.10/site-packages/airflow/example_dags/example_display_name.py took 0.104 seconds
[2024-08-09T19:57:40.752+0200] {processor.py:161} INFO - Started process (PID=20507) to work on /home/bvpelt/Develop/airflowtut/py_env/lib/python3.10/site-packages/airflow/example_dags/example_display_name.py
[2024-08-09T19:57:40.754+0200] {processor.py:830} INFO - Processing file /home/bvpelt/Develop/airflowtut/py_env/lib/python3.10/site-packages/airflow/example_dags/example_display_name.py for tasks to queue
[2024-08-09T19:57:40.758+0200] {logging_mixin.py:188} INFO - [2024-08-09T19:57:40.757+0200] {dagbag.py:545} INFO - Filling up the DagBag from /home/bvpelt/Develop/airflowtut/py_env/lib/python3.10/site-packages/airflow/example_dags/example_display_name.py
[2024-08-09T19:57:40.768+0200] {processor.py:840} INFO - DAG(s) 'example_display_name' retrieved from /home/bvpelt/Develop/airflowtut/py_env/lib/python3.10/site-packages/airflow/example_dags/example_display_name.py
[2024-08-09T19:57:40.783+0200] {logging_mixin.py:188} INFO - [2024-08-09T19:57:40.782+0200] {dag.py:3089} INFO - Sync 1 DAGs
[2024-08-09T19:57:40.791+0200] {logging_mixin.py:188} INFO - [2024-08-09T19:57:40.791+0200] {dag.py:3947} INFO - Setting next_dagrun for example_display_name to None, run_after=None
[2024-08-09T19:57:40.865+0200] {processor.py:183} INFO - Processing /home/bvpelt/Develop/airflowtut/py_env/lib/python3.10/site-packages/airflow/example_dags/example_display_name.py took 0.129 seconds
[2024-08-09T19:58:32.659+0200] {processor.py:161} INFO - Started process (PID=20610) to work on /home/bvpelt/Develop/airflowtut/py_env/lib/python3.10/site-packages/airflow/example_dags/example_display_name.py
[2024-08-09T19:58:32.660+0200] {processor.py:830} INFO - Processing file /home/bvpelt/Develop/airflowtut/py_env/lib/python3.10/site-packages/airflow/example_dags/example_display_name.py for tasks to queue
[2024-08-09T19:58:32.661+0200] {logging_mixin.py:188} INFO - [2024-08-09T19:58:32.660+0200] {dagbag.py:545} INFO - Filling up the DagBag from /home/bvpelt/Develop/airflowtut/py_env/lib/python3.10/site-packages/airflow/example_dags/example_display_name.py
[2024-08-09T19:58:32.664+0200] {processor.py:840} INFO - DAG(s) 'example_display_name' retrieved from /home/bvpelt/Develop/airflowtut/py_env/lib/python3.10/site-packages/airflow/example_dags/example_display_name.py
[2024-08-09T19:58:32.673+0200] {logging_mixin.py:188} INFO - [2024-08-09T19:58:32.673+0200] {dag.py:3089} INFO - Sync 1 DAGs
[2024-08-09T19:58:32.679+0200] {logging_mixin.py:188} INFO - [2024-08-09T19:58:32.679+0200] {dag.py:3947} INFO - Setting next_dagrun for example_display_name to None, run_after=None
[2024-08-09T19:58:32.786+0200] {processor.py:183} INFO - Processing /home/bvpelt/Develop/airflowtut/py_env/lib/python3.10/site-packages/airflow/example_dags/example_display_name.py took 0.131 seconds
[2024-08-09T19:59:30.261+0200] {processor.py:161} INFO - Started process (PID=20705) to work on /home/bvpelt/Develop/airflowtut/py_env/lib/python3.10/site-packages/airflow/example_dags/example_display_name.py
[2024-08-09T19:59:30.262+0200] {processor.py:830} INFO - Processing file /home/bvpelt/Develop/airflowtut/py_env/lib/python3.10/site-packages/airflow/example_dags/example_display_name.py for tasks to queue
[2024-08-09T19:59:30.263+0200] {logging_mixin.py:188} INFO - [2024-08-09T19:59:30.262+0200] {dagbag.py:545} INFO - Filling up the DagBag from /home/bvpelt/Develop/airflowtut/py_env/lib/python3.10/site-packages/airflow/example_dags/example_display_name.py
[2024-08-09T19:59:30.266+0200] {processor.py:840} INFO - DAG(s) 'example_display_name' retrieved from /home/bvpelt/Develop/airflowtut/py_env/lib/python3.10/site-packages/airflow/example_dags/example_display_name.py
[2024-08-09T19:59:30.274+0200] {logging_mixin.py:188} INFO - [2024-08-09T19:59:30.274+0200] {dag.py:3089} INFO - Sync 1 DAGs
[2024-08-09T19:59:30.282+0200] {logging_mixin.py:188} INFO - [2024-08-09T19:59:30.281+0200] {dag.py:3947} INFO - Setting next_dagrun for example_display_name to None, run_after=None
[2024-08-09T19:59:30.387+0200] {processor.py:183} INFO - Processing /home/bvpelt/Develop/airflowtut/py_env/lib/python3.10/site-packages/airflow/example_dags/example_display_name.py took 0.129 seconds
[2024-08-09T20:00:22.484+0200] {processor.py:161} INFO - Started process (PID=20782) to work on /home/bvpelt/Develop/airflowtut/py_env/lib/python3.10/site-packages/airflow/example_dags/example_display_name.py
[2024-08-09T20:00:22.485+0200] {processor.py:830} INFO - Processing file /home/bvpelt/Develop/airflowtut/py_env/lib/python3.10/site-packages/airflow/example_dags/example_display_name.py for tasks to queue
[2024-08-09T20:00:22.485+0200] {logging_mixin.py:188} INFO - [2024-08-09T20:00:22.485+0200] {dagbag.py:545} INFO - Filling up the DagBag from /home/bvpelt/Develop/airflowtut/py_env/lib/python3.10/site-packages/airflow/example_dags/example_display_name.py
[2024-08-09T20:00:22.489+0200] {processor.py:840} INFO - DAG(s) 'example_display_name' retrieved from /home/bvpelt/Develop/airflowtut/py_env/lib/python3.10/site-packages/airflow/example_dags/example_display_name.py
[2024-08-09T20:00:22.496+0200] {logging_mixin.py:188} INFO - [2024-08-09T20:00:22.496+0200] {dag.py:3089} INFO - Sync 1 DAGs
[2024-08-09T20:00:22.502+0200] {logging_mixin.py:188} INFO - [2024-08-09T20:00:22.502+0200] {dag.py:3947} INFO - Setting next_dagrun for example_display_name to None, run_after=None
[2024-08-09T20:00:22.587+0200] {processor.py:183} INFO - Processing /home/bvpelt/Develop/airflowtut/py_env/lib/python3.10/site-packages/airflow/example_dags/example_display_name.py took 0.106 seconds
[2024-08-09T20:01:13.821+0200] {processor.py:161} INFO - Started process (PID=20843) to work on /home/bvpelt/Develop/airflowtut/py_env/lib/python3.10/site-packages/airflow/example_dags/example_display_name.py
[2024-08-09T20:01:13.822+0200] {processor.py:830} INFO - Processing file /home/bvpelt/Develop/airflowtut/py_env/lib/python3.10/site-packages/airflow/example_dags/example_display_name.py for tasks to queue
[2024-08-09T20:01:13.823+0200] {logging_mixin.py:188} INFO - [2024-08-09T20:01:13.822+0200] {dagbag.py:545} INFO - Filling up the DagBag from /home/bvpelt/Develop/airflowtut/py_env/lib/python3.10/site-packages/airflow/example_dags/example_display_name.py
[2024-08-09T20:01:13.826+0200] {processor.py:840} INFO - DAG(s) 'example_display_name' retrieved from /home/bvpelt/Develop/airflowtut/py_env/lib/python3.10/site-packages/airflow/example_dags/example_display_name.py
[2024-08-09T20:01:13.835+0200] {logging_mixin.py:188} INFO - [2024-08-09T20:01:13.835+0200] {dag.py:3089} INFO - Sync 1 DAGs
[2024-08-09T20:01:13.842+0200] {logging_mixin.py:188} INFO - [2024-08-09T20:01:13.842+0200] {dag.py:3947} INFO - Setting next_dagrun for example_display_name to None, run_after=None
[2024-08-09T20:01:13.938+0200] {processor.py:183} INFO - Processing /home/bvpelt/Develop/airflowtut/py_env/lib/python3.10/site-packages/airflow/example_dags/example_display_name.py took 0.120 seconds
[2024-08-09T20:02:03.563+0200] {processor.py:161} INFO - Started process (PID=20974) to work on /home/bvpelt/Develop/airflowtut/py_env/lib/python3.10/site-packages/airflow/example_dags/example_display_name.py
[2024-08-09T20:02:03.563+0200] {processor.py:830} INFO - Processing file /home/bvpelt/Develop/airflowtut/py_env/lib/python3.10/site-packages/airflow/example_dags/example_display_name.py for tasks to queue
[2024-08-09T20:02:03.564+0200] {logging_mixin.py:188} INFO - [2024-08-09T20:02:03.564+0200] {dagbag.py:545} INFO - Filling up the DagBag from /home/bvpelt/Develop/airflowtut/py_env/lib/python3.10/site-packages/airflow/example_dags/example_display_name.py
[2024-08-09T20:02:03.567+0200] {processor.py:840} INFO - DAG(s) 'example_display_name' retrieved from /home/bvpelt/Develop/airflowtut/py_env/lib/python3.10/site-packages/airflow/example_dags/example_display_name.py
[2024-08-09T20:02:03.576+0200] {logging_mixin.py:188} INFO - [2024-08-09T20:02:03.576+0200] {dag.py:3089} INFO - Sync 1 DAGs
[2024-08-09T20:02:03.583+0200] {logging_mixin.py:188} INFO - [2024-08-09T20:02:03.583+0200] {dag.py:3947} INFO - Setting next_dagrun for example_display_name to None, run_after=None
[2024-08-09T20:02:03.676+0200] {processor.py:183} INFO - Processing /home/bvpelt/Develop/airflowtut/py_env/lib/python3.10/site-packages/airflow/example_dags/example_display_name.py took 0.116 seconds
[2024-08-09T20:02:55.853+0200] {processor.py:161} INFO - Started process (PID=21068) to work on /home/bvpelt/Develop/airflowtut/py_env/lib/python3.10/site-packages/airflow/example_dags/example_display_name.py
[2024-08-09T20:02:55.859+0200] {processor.py:830} INFO - Processing file /home/bvpelt/Develop/airflowtut/py_env/lib/python3.10/site-packages/airflow/example_dags/example_display_name.py for tasks to queue
[2024-08-09T20:02:55.860+0200] {logging_mixin.py:188} INFO - [2024-08-09T20:02:55.859+0200] {dagbag.py:545} INFO - Filling up the DagBag from /home/bvpelt/Develop/airflowtut/py_env/lib/python3.10/site-packages/airflow/example_dags/example_display_name.py
[2024-08-09T20:02:55.863+0200] {processor.py:840} INFO - DAG(s) 'example_display_name' retrieved from /home/bvpelt/Develop/airflowtut/py_env/lib/python3.10/site-packages/airflow/example_dags/example_display_name.py
[2024-08-09T20:02:55.873+0200] {logging_mixin.py:188} INFO - [2024-08-09T20:02:55.873+0200] {dag.py:3089} INFO - Sync 1 DAGs
[2024-08-09T20:02:55.881+0200] {logging_mixin.py:188} INFO - [2024-08-09T20:02:55.881+0200] {dag.py:3947} INFO - Setting next_dagrun for example_display_name to None, run_after=None
[2024-08-09T20:02:55.949+0200] {processor.py:183} INFO - Processing /home/bvpelt/Develop/airflowtut/py_env/lib/python3.10/site-packages/airflow/example_dags/example_display_name.py took 0.100 seconds
[2024-08-09T20:03:54.078+0200] {processor.py:161} INFO - Started process (PID=21127) to work on /home/bvpelt/Develop/airflowtut/py_env/lib/python3.10/site-packages/airflow/example_dags/example_display_name.py
[2024-08-09T20:03:54.097+0200] {processor.py:830} INFO - Processing file /home/bvpelt/Develop/airflowtut/py_env/lib/python3.10/site-packages/airflow/example_dags/example_display_name.py for tasks to queue
[2024-08-09T20:03:54.098+0200] {logging_mixin.py:188} INFO - [2024-08-09T20:03:54.098+0200] {dagbag.py:545} INFO - Filling up the DagBag from /home/bvpelt/Develop/airflowtut/py_env/lib/python3.10/site-packages/airflow/example_dags/example_display_name.py
[2024-08-09T20:03:54.102+0200] {processor.py:840} INFO - DAG(s) 'example_display_name' retrieved from /home/bvpelt/Develop/airflowtut/py_env/lib/python3.10/site-packages/airflow/example_dags/example_display_name.py
[2024-08-09T20:03:54.110+0200] {logging_mixin.py:188} INFO - [2024-08-09T20:03:54.110+0200] {dag.py:3089} INFO - Sync 1 DAGs
[2024-08-09T20:03:54.116+0200] {logging_mixin.py:188} INFO - [2024-08-09T20:03:54.116+0200] {dag.py:3947} INFO - Setting next_dagrun for example_display_name to None, run_after=None
[2024-08-09T20:03:54.186+0200] {processor.py:183} INFO - Processing /home/bvpelt/Develop/airflowtut/py_env/lib/python3.10/site-packages/airflow/example_dags/example_display_name.py took 0.112 seconds
[2024-08-09T20:04:46.906+0200] {processor.py:161} INFO - Started process (PID=21219) to work on /home/bvpelt/Develop/airflowtut/py_env/lib/python3.10/site-packages/airflow/example_dags/example_display_name.py
[2024-08-09T20:04:46.920+0200] {processor.py:830} INFO - Processing file /home/bvpelt/Develop/airflowtut/py_env/lib/python3.10/site-packages/airflow/example_dags/example_display_name.py for tasks to queue
[2024-08-09T20:04:46.923+0200] {logging_mixin.py:188} INFO - [2024-08-09T20:04:46.922+0200] {dagbag.py:545} INFO - Filling up the DagBag from /home/bvpelt/Develop/airflowtut/py_env/lib/python3.10/site-packages/airflow/example_dags/example_display_name.py
[2024-08-09T20:04:46.938+0200] {processor.py:840} INFO - DAG(s) 'example_display_name' retrieved from /home/bvpelt/Develop/airflowtut/py_env/lib/python3.10/site-packages/airflow/example_dags/example_display_name.py
[2024-08-09T20:04:46.962+0200] {logging_mixin.py:188} INFO - [2024-08-09T20:04:46.961+0200] {dag.py:3089} INFO - Sync 1 DAGs
[2024-08-09T20:04:46.972+0200] {logging_mixin.py:188} INFO - [2024-08-09T20:04:46.972+0200] {dag.py:3947} INFO - Setting next_dagrun for example_display_name to None, run_after=None
[2024-08-09T20:04:47.067+0200] {processor.py:183} INFO - Processing /home/bvpelt/Develop/airflowtut/py_env/lib/python3.10/site-packages/airflow/example_dags/example_display_name.py took 0.165 seconds
[2024-08-09T20:05:39.336+0200] {processor.py:161} INFO - Started process (PID=21371) to work on /home/bvpelt/Develop/airflowtut/py_env/lib/python3.10/site-packages/airflow/example_dags/example_display_name.py
[2024-08-09T20:05:39.337+0200] {processor.py:830} INFO - Processing file /home/bvpelt/Develop/airflowtut/py_env/lib/python3.10/site-packages/airflow/example_dags/example_display_name.py for tasks to queue
[2024-08-09T20:05:39.338+0200] {logging_mixin.py:188} INFO - [2024-08-09T20:05:39.337+0200] {dagbag.py:545} INFO - Filling up the DagBag from /home/bvpelt/Develop/airflowtut/py_env/lib/python3.10/site-packages/airflow/example_dags/example_display_name.py
[2024-08-09T20:05:39.341+0200] {processor.py:840} INFO - DAG(s) 'example_display_name' retrieved from /home/bvpelt/Develop/airflowtut/py_env/lib/python3.10/site-packages/airflow/example_dags/example_display_name.py
[2024-08-09T20:05:39.349+0200] {logging_mixin.py:188} INFO - [2024-08-09T20:05:39.349+0200] {dag.py:3089} INFO - Sync 1 DAGs
[2024-08-09T20:05:39.356+0200] {logging_mixin.py:188} INFO - [2024-08-09T20:05:39.356+0200] {dag.py:3947} INFO - Setting next_dagrun for example_display_name to None, run_after=None
[2024-08-09T20:05:39.481+0200] {processor.py:183} INFO - Processing /home/bvpelt/Develop/airflowtut/py_env/lib/python3.10/site-packages/airflow/example_dags/example_display_name.py took 0.148 seconds
[2024-08-09T20:06:38.100+0200] {processor.py:161} INFO - Started process (PID=21462) to work on /home/bvpelt/Develop/airflowtut/py_env/lib/python3.10/site-packages/airflow/example_dags/example_display_name.py
[2024-08-09T20:06:38.114+0200] {processor.py:830} INFO - Processing file /home/bvpelt/Develop/airflowtut/py_env/lib/python3.10/site-packages/airflow/example_dags/example_display_name.py for tasks to queue
[2024-08-09T20:06:38.116+0200] {logging_mixin.py:188} INFO - [2024-08-09T20:06:38.115+0200] {dagbag.py:545} INFO - Filling up the DagBag from /home/bvpelt/Develop/airflowtut/py_env/lib/python3.10/site-packages/airflow/example_dags/example_display_name.py
[2024-08-09T20:06:38.120+0200] {processor.py:840} INFO - DAG(s) 'example_display_name' retrieved from /home/bvpelt/Develop/airflowtut/py_env/lib/python3.10/site-packages/airflow/example_dags/example_display_name.py
[2024-08-09T20:06:38.128+0200] {logging_mixin.py:188} INFO - [2024-08-09T20:06:38.128+0200] {dag.py:3089} INFO - Sync 1 DAGs
[2024-08-09T20:06:38.135+0200] {logging_mixin.py:188} INFO - [2024-08-09T20:06:38.135+0200] {dag.py:3947} INFO - Setting next_dagrun for example_display_name to None, run_after=None
[2024-08-09T20:06:38.233+0200] {processor.py:183} INFO - Processing /home/bvpelt/Develop/airflowtut/py_env/lib/python3.10/site-packages/airflow/example_dags/example_display_name.py took 0.136 seconds
[2024-08-09T20:07:31.608+0200] {processor.py:161} INFO - Started process (PID=21592) to work on /home/bvpelt/Develop/airflowtut/py_env/lib/python3.10/site-packages/airflow/example_dags/example_display_name.py
[2024-08-09T20:07:31.609+0200] {processor.py:830} INFO - Processing file /home/bvpelt/Develop/airflowtut/py_env/lib/python3.10/site-packages/airflow/example_dags/example_display_name.py for tasks to queue
[2024-08-09T20:07:31.610+0200] {logging_mixin.py:188} INFO - [2024-08-09T20:07:31.609+0200] {dagbag.py:545} INFO - Filling up the DagBag from /home/bvpelt/Develop/airflowtut/py_env/lib/python3.10/site-packages/airflow/example_dags/example_display_name.py
[2024-08-09T20:07:31.613+0200] {processor.py:840} INFO - DAG(s) 'example_display_name' retrieved from /home/bvpelt/Develop/airflowtut/py_env/lib/python3.10/site-packages/airflow/example_dags/example_display_name.py
[2024-08-09T20:07:31.623+0200] {logging_mixin.py:188} INFO - [2024-08-09T20:07:31.622+0200] {dag.py:3089} INFO - Sync 1 DAGs
[2024-08-09T20:07:31.630+0200] {logging_mixin.py:188} INFO - [2024-08-09T20:07:31.629+0200] {dag.py:3947} INFO - Setting next_dagrun for example_display_name to None, run_after=None
[2024-08-09T20:07:31.726+0200] {processor.py:183} INFO - Processing /home/bvpelt/Develop/airflowtut/py_env/lib/python3.10/site-packages/airflow/example_dags/example_display_name.py took 0.121 seconds
[2024-08-09T20:08:21.629+0200] {processor.py:161} INFO - Started process (PID=21674) to work on /home/bvpelt/Develop/airflowtut/py_env/lib/python3.10/site-packages/airflow/example_dags/example_display_name.py
[2024-08-09T20:08:21.648+0200] {processor.py:830} INFO - Processing file /home/bvpelt/Develop/airflowtut/py_env/lib/python3.10/site-packages/airflow/example_dags/example_display_name.py for tasks to queue
[2024-08-09T20:08:21.649+0200] {logging_mixin.py:188} INFO - [2024-08-09T20:08:21.648+0200] {dagbag.py:545} INFO - Filling up the DagBag from /home/bvpelt/Develop/airflowtut/py_env/lib/python3.10/site-packages/airflow/example_dags/example_display_name.py
[2024-08-09T20:08:21.653+0200] {processor.py:840} INFO - DAG(s) 'example_display_name' retrieved from /home/bvpelt/Develop/airflowtut/py_env/lib/python3.10/site-packages/airflow/example_dags/example_display_name.py
[2024-08-09T20:08:21.660+0200] {logging_mixin.py:188} INFO - [2024-08-09T20:08:21.660+0200] {dag.py:3089} INFO - Sync 1 DAGs
[2024-08-09T20:08:21.666+0200] {logging_mixin.py:188} INFO - [2024-08-09T20:08:21.666+0200] {dag.py:3947} INFO - Setting next_dagrun for example_display_name to None, run_after=None
[2024-08-09T20:08:21.781+0200] {processor.py:183} INFO - Processing /home/bvpelt/Develop/airflowtut/py_env/lib/python3.10/site-packages/airflow/example_dags/example_display_name.py took 0.154 seconds
[2024-08-09T20:09:13.751+0200] {processor.py:161} INFO - Started process (PID=21732) to work on /home/bvpelt/Develop/airflowtut/py_env/lib/python3.10/site-packages/airflow/example_dags/example_display_name.py
[2024-08-09T20:09:13.752+0200] {processor.py:830} INFO - Processing file /home/bvpelt/Develop/airflowtut/py_env/lib/python3.10/site-packages/airflow/example_dags/example_display_name.py for tasks to queue
[2024-08-09T20:09:13.753+0200] {logging_mixin.py:188} INFO - [2024-08-09T20:09:13.752+0200] {dagbag.py:545} INFO - Filling up the DagBag from /home/bvpelt/Develop/airflowtut/py_env/lib/python3.10/site-packages/airflow/example_dags/example_display_name.py
[2024-08-09T20:09:13.756+0200] {processor.py:840} INFO - DAG(s) 'example_display_name' retrieved from /home/bvpelt/Develop/airflowtut/py_env/lib/python3.10/site-packages/airflow/example_dags/example_display_name.py
[2024-08-09T20:09:13.764+0200] {logging_mixin.py:188} INFO - [2024-08-09T20:09:13.764+0200] {dag.py:3089} INFO - Sync 1 DAGs
[2024-08-09T20:09:13.770+0200] {logging_mixin.py:188} INFO - [2024-08-09T20:09:13.770+0200] {dag.py:3947} INFO - Setting next_dagrun for example_display_name to None, run_after=None
[2024-08-09T20:09:13.861+0200] {processor.py:183} INFO - Processing /home/bvpelt/Develop/airflowtut/py_env/lib/python3.10/site-packages/airflow/example_dags/example_display_name.py took 0.113 seconds
[2024-08-09T20:10:04.926+0200] {processor.py:161} INFO - Started process (PID=21785) to work on /home/bvpelt/Develop/airflowtut/py_env/lib/python3.10/site-packages/airflow/example_dags/example_display_name.py
[2024-08-09T20:10:04.926+0200] {processor.py:830} INFO - Processing file /home/bvpelt/Develop/airflowtut/py_env/lib/python3.10/site-packages/airflow/example_dags/example_display_name.py for tasks to queue
[2024-08-09T20:10:04.927+0200] {logging_mixin.py:188} INFO - [2024-08-09T20:10:04.927+0200] {dagbag.py:545} INFO - Filling up the DagBag from /home/bvpelt/Develop/airflowtut/py_env/lib/python3.10/site-packages/airflow/example_dags/example_display_name.py
[2024-08-09T20:10:04.930+0200] {processor.py:840} INFO - DAG(s) 'example_display_name' retrieved from /home/bvpelt/Develop/airflowtut/py_env/lib/python3.10/site-packages/airflow/example_dags/example_display_name.py
[2024-08-09T20:10:04.938+0200] {logging_mixin.py:188} INFO - [2024-08-09T20:10:04.938+0200] {dag.py:3089} INFO - Sync 1 DAGs
[2024-08-09T20:10:04.945+0200] {logging_mixin.py:188} INFO - [2024-08-09T20:10:04.945+0200] {dag.py:3947} INFO - Setting next_dagrun for example_display_name to None, run_after=None
[2024-08-09T20:10:05.030+0200] {processor.py:183} INFO - Processing /home/bvpelt/Develop/airflowtut/py_env/lib/python3.10/site-packages/airflow/example_dags/example_display_name.py took 0.107 seconds
[2024-08-09T20:11:16.509+0200] {processor.py:161} INFO - Started process (PID=21885) to work on /home/bvpelt/Develop/airflowtut/py_env/lib/python3.10/site-packages/airflow/example_dags/example_display_name.py
[2024-08-09T20:11:16.510+0200] {processor.py:830} INFO - Processing file /home/bvpelt/Develop/airflowtut/py_env/lib/python3.10/site-packages/airflow/example_dags/example_display_name.py for tasks to queue
[2024-08-09T20:11:16.511+0200] {logging_mixin.py:188} INFO - [2024-08-09T20:11:16.511+0200] {dagbag.py:545} INFO - Filling up the DagBag from /home/bvpelt/Develop/airflowtut/py_env/lib/python3.10/site-packages/airflow/example_dags/example_display_name.py
[2024-08-09T20:11:16.514+0200] {processor.py:840} INFO - DAG(s) 'example_display_name' retrieved from /home/bvpelt/Develop/airflowtut/py_env/lib/python3.10/site-packages/airflow/example_dags/example_display_name.py
[2024-08-09T20:11:16.522+0200] {logging_mixin.py:188} INFO - [2024-08-09T20:11:16.522+0200] {dag.py:3089} INFO - Sync 1 DAGs
[2024-08-09T20:11:16.528+0200] {logging_mixin.py:188} INFO - [2024-08-09T20:11:16.528+0200] {dag.py:3947} INFO - Setting next_dagrun for example_display_name to None, run_after=None
[2024-08-09T20:11:16.640+0200] {processor.py:183} INFO - Processing /home/bvpelt/Develop/airflowtut/py_env/lib/python3.10/site-packages/airflow/example_dags/example_display_name.py took 0.134 seconds
[2024-08-09T20:12:06.127+0200] {processor.py:161} INFO - Started process (PID=21968) to work on /home/bvpelt/Develop/airflowtut/py_env/lib/python3.10/site-packages/airflow/example_dags/example_display_name.py
[2024-08-09T20:12:06.137+0200] {processor.py:830} INFO - Processing file /home/bvpelt/Develop/airflowtut/py_env/lib/python3.10/site-packages/airflow/example_dags/example_display_name.py for tasks to queue
[2024-08-09T20:12:06.138+0200] {logging_mixin.py:188} INFO - [2024-08-09T20:12:06.137+0200] {dagbag.py:545} INFO - Filling up the DagBag from /home/bvpelt/Develop/airflowtut/py_env/lib/python3.10/site-packages/airflow/example_dags/example_display_name.py
[2024-08-09T20:12:06.141+0200] {processor.py:840} INFO - DAG(s) 'example_display_name' retrieved from /home/bvpelt/Develop/airflowtut/py_env/lib/python3.10/site-packages/airflow/example_dags/example_display_name.py
[2024-08-09T20:12:06.149+0200] {logging_mixin.py:188} INFO - [2024-08-09T20:12:06.149+0200] {dag.py:3089} INFO - Sync 1 DAGs
[2024-08-09T20:12:06.157+0200] {logging_mixin.py:188} INFO - [2024-08-09T20:12:06.157+0200] {dag.py:3947} INFO - Setting next_dagrun for example_display_name to None, run_after=None
[2024-08-09T20:12:06.270+0200] {processor.py:183} INFO - Processing /home/bvpelt/Develop/airflowtut/py_env/lib/python3.10/site-packages/airflow/example_dags/example_display_name.py took 0.145 seconds
[2024-08-09T20:12:56.826+0200] {processor.py:161} INFO - Started process (PID=22079) to work on /home/bvpelt/Develop/airflowtut/py_env/lib/python3.10/site-packages/airflow/example_dags/example_display_name.py
[2024-08-09T20:12:56.827+0200] {processor.py:830} INFO - Processing file /home/bvpelt/Develop/airflowtut/py_env/lib/python3.10/site-packages/airflow/example_dags/example_display_name.py for tasks to queue
[2024-08-09T20:12:56.827+0200] {logging_mixin.py:188} INFO - [2024-08-09T20:12:56.827+0200] {dagbag.py:545} INFO - Filling up the DagBag from /home/bvpelt/Develop/airflowtut/py_env/lib/python3.10/site-packages/airflow/example_dags/example_display_name.py
[2024-08-09T20:12:56.831+0200] {processor.py:840} INFO - DAG(s) 'example_display_name' retrieved from /home/bvpelt/Develop/airflowtut/py_env/lib/python3.10/site-packages/airflow/example_dags/example_display_name.py
[2024-08-09T20:12:56.839+0200] {logging_mixin.py:188} INFO - [2024-08-09T20:12:56.838+0200] {dag.py:3089} INFO - Sync 1 DAGs
[2024-08-09T20:12:56.845+0200] {logging_mixin.py:188} INFO - [2024-08-09T20:12:56.845+0200] {dag.py:3947} INFO - Setting next_dagrun for example_display_name to None, run_after=None
[2024-08-09T20:12:56.976+0200] {processor.py:183} INFO - Processing /home/bvpelt/Develop/airflowtut/py_env/lib/python3.10/site-packages/airflow/example_dags/example_display_name.py took 0.153 seconds
[2024-08-09T20:13:50.669+0200] {processor.py:161} INFO - Started process (PID=22145) to work on /home/bvpelt/Develop/airflowtut/py_env/lib/python3.10/site-packages/airflow/example_dags/example_display_name.py
[2024-08-09T20:13:50.669+0200] {processor.py:830} INFO - Processing file /home/bvpelt/Develop/airflowtut/py_env/lib/python3.10/site-packages/airflow/example_dags/example_display_name.py for tasks to queue
[2024-08-09T20:13:50.670+0200] {logging_mixin.py:188} INFO - [2024-08-09T20:13:50.670+0200] {dagbag.py:545} INFO - Filling up the DagBag from /home/bvpelt/Develop/airflowtut/py_env/lib/python3.10/site-packages/airflow/example_dags/example_display_name.py
[2024-08-09T20:13:50.674+0200] {processor.py:840} INFO - DAG(s) 'example_display_name' retrieved from /home/bvpelt/Develop/airflowtut/py_env/lib/python3.10/site-packages/airflow/example_dags/example_display_name.py
[2024-08-09T20:13:50.682+0200] {logging_mixin.py:188} INFO - [2024-08-09T20:13:50.681+0200] {dag.py:3089} INFO - Sync 1 DAGs
[2024-08-09T20:13:50.688+0200] {logging_mixin.py:188} INFO - [2024-08-09T20:13:50.688+0200] {dag.py:3947} INFO - Setting next_dagrun for example_display_name to None, run_after=None
[2024-08-09T20:13:50.765+0200] {processor.py:183} INFO - Processing /home/bvpelt/Develop/airflowtut/py_env/lib/python3.10/site-packages/airflow/example_dags/example_display_name.py took 0.099 seconds
[2024-08-09T20:14:43.058+0200] {processor.py:161} INFO - Started process (PID=22212) to work on /home/bvpelt/Develop/airflowtut/py_env/lib/python3.10/site-packages/airflow/example_dags/example_display_name.py
[2024-08-09T20:14:43.059+0200] {processor.py:830} INFO - Processing file /home/bvpelt/Develop/airflowtut/py_env/lib/python3.10/site-packages/airflow/example_dags/example_display_name.py for tasks to queue
[2024-08-09T20:14:43.060+0200] {logging_mixin.py:188} INFO - [2024-08-09T20:14:43.060+0200] {dagbag.py:545} INFO - Filling up the DagBag from /home/bvpelt/Develop/airflowtut/py_env/lib/python3.10/site-packages/airflow/example_dags/example_display_name.py
[2024-08-09T20:14:43.064+0200] {processor.py:840} INFO - DAG(s) 'example_display_name' retrieved from /home/bvpelt/Develop/airflowtut/py_env/lib/python3.10/site-packages/airflow/example_dags/example_display_name.py
[2024-08-09T20:14:43.075+0200] {logging_mixin.py:188} INFO - [2024-08-09T20:14:43.075+0200] {dag.py:3089} INFO - Sync 1 DAGs
[2024-08-09T20:14:43.084+0200] {logging_mixin.py:188} INFO - [2024-08-09T20:14:43.084+0200] {dag.py:3947} INFO - Setting next_dagrun for example_display_name to None, run_after=None
[2024-08-09T20:14:43.197+0200] {processor.py:183} INFO - Processing /home/bvpelt/Develop/airflowtut/py_env/lib/python3.10/site-packages/airflow/example_dags/example_display_name.py took 0.143 seconds
[2024-08-09T20:15:31.538+0200] {processor.py:161} INFO - Started process (PID=22290) to work on /home/bvpelt/Develop/airflowtut/py_env/lib/python3.10/site-packages/airflow/example_dags/example_display_name.py
[2024-08-09T20:15:31.539+0200] {processor.py:830} INFO - Processing file /home/bvpelt/Develop/airflowtut/py_env/lib/python3.10/site-packages/airflow/example_dags/example_display_name.py for tasks to queue
[2024-08-09T20:15:31.540+0200] {logging_mixin.py:188} INFO - [2024-08-09T20:15:31.540+0200] {dagbag.py:545} INFO - Filling up the DagBag from /home/bvpelt/Develop/airflowtut/py_env/lib/python3.10/site-packages/airflow/example_dags/example_display_name.py
[2024-08-09T20:15:31.543+0200] {processor.py:840} INFO - DAG(s) 'example_display_name' retrieved from /home/bvpelt/Develop/airflowtut/py_env/lib/python3.10/site-packages/airflow/example_dags/example_display_name.py
[2024-08-09T20:15:31.551+0200] {logging_mixin.py:188} INFO - [2024-08-09T20:15:31.551+0200] {dag.py:3089} INFO - Sync 1 DAGs
[2024-08-09T20:15:31.557+0200] {logging_mixin.py:188} INFO - [2024-08-09T20:15:31.557+0200] {dag.py:3947} INFO - Setting next_dagrun for example_display_name to None, run_after=None
[2024-08-09T20:15:31.624+0200] {processor.py:183} INFO - Processing /home/bvpelt/Develop/airflowtut/py_env/lib/python3.10/site-packages/airflow/example_dags/example_display_name.py took 0.089 seconds
[2024-08-09T20:16:19.432+0200] {processor.py:161} INFO - Started process (PID=22348) to work on /home/bvpelt/Develop/airflowtut/py_env/lib/python3.10/site-packages/airflow/example_dags/example_display_name.py
[2024-08-09T20:16:19.433+0200] {processor.py:830} INFO - Processing file /home/bvpelt/Develop/airflowtut/py_env/lib/python3.10/site-packages/airflow/example_dags/example_display_name.py for tasks to queue
[2024-08-09T20:16:19.433+0200] {logging_mixin.py:188} INFO - [2024-08-09T20:16:19.433+0200] {dagbag.py:545} INFO - Filling up the DagBag from /home/bvpelt/Develop/airflowtut/py_env/lib/python3.10/site-packages/airflow/example_dags/example_display_name.py
[2024-08-09T20:16:19.436+0200] {processor.py:840} INFO - DAG(s) 'example_display_name' retrieved from /home/bvpelt/Develop/airflowtut/py_env/lib/python3.10/site-packages/airflow/example_dags/example_display_name.py
[2024-08-09T20:16:19.444+0200] {logging_mixin.py:188} INFO - [2024-08-09T20:16:19.444+0200] {dag.py:3089} INFO - Sync 1 DAGs
[2024-08-09T20:16:19.451+0200] {logging_mixin.py:188} INFO - [2024-08-09T20:16:19.451+0200] {dag.py:3947} INFO - Setting next_dagrun for example_display_name to None, run_after=None
[2024-08-09T20:16:19.555+0200] {processor.py:183} INFO - Processing /home/bvpelt/Develop/airflowtut/py_env/lib/python3.10/site-packages/airflow/example_dags/example_display_name.py took 0.126 seconds
