[2024-08-09T19:43:33.677+0200] {processor.py:161} INFO - Started process (PID=17794) to work on /home/bvpelt/Develop/airflowtut/py_env/lib/python3.10/site-packages/airflow/example_dags/example_bash_decorator.py
[2024-08-09T19:43:33.678+0200] {processor.py:830} INFO - Processing file /home/bvpelt/Develop/airflowtut/py_env/lib/python3.10/site-packages/airflow/example_dags/example_bash_decorator.py for tasks to queue
[2024-08-09T19:43:33.678+0200] {logging_mixin.py:188} INFO - [2024-08-09T19:43:33.678+0200] {dagbag.py:545} INFO - Filling up the DagBag from /home/bvpelt/Develop/airflowtut/py_env/lib/python3.10/site-packages/airflow/example_dags/example_bash_decorator.py
[2024-08-09T19:43:33.686+0200] {processor.py:840} INFO - DAG(s) 'example_bash_decorator' retrieved from /home/bvpelt/Develop/airflowtut/py_env/lib/python3.10/site-packages/airflow/example_dags/example_bash_decorator.py
[2024-08-09T19:43:33.922+0200] {logging_mixin.py:188} INFO - [2024-08-09T19:43:33.921+0200] {override.py:1858} INFO - Created Permission View: can edit on DAG:example_bash_decorator
[2024-08-09T19:43:34.030+0200] {logging_mixin.py:188} INFO - [2024-08-09T19:43:34.029+0200] {override.py:1858} INFO - Created Permission View: can read on DAG:example_bash_decorator
[2024-08-09T19:43:34.105+0200] {logging_mixin.py:188} INFO - [2024-08-09T19:43:34.104+0200] {override.py:1858} INFO - Created Permission View: can delete on DAG:example_bash_decorator
[2024-08-09T19:43:34.106+0200] {logging_mixin.py:188} INFO - [2024-08-09T19:43:34.106+0200] {dag.py:3089} INFO - Sync 1 DAGs
[2024-08-09T19:43:34.203+0200] {logging_mixin.py:188} INFO - [2024-08-09T19:43:34.203+0200] {dag.py:3111} INFO - Creating ORM DAG for example_bash_decorator
[2024-08-09T19:43:34.203+0200] {logging_mixin.py:188} INFO - [2024-08-09T19:43:34.203+0200] {dag.py:3947} INFO - Setting next_dagrun for example_bash_decorator to None, run_after=None
[2024-08-09T19:43:34.325+0200] {processor.py:183} INFO - Processing /home/bvpelt/Develop/airflowtut/py_env/lib/python3.10/site-packages/airflow/example_dags/example_bash_decorator.py took 0.651 seconds
[2024-08-09T19:44:37.008+0200] {processor.py:161} INFO - Started process (PID=18110) to work on /home/bvpelt/Develop/airflowtut/py_env/lib/python3.10/site-packages/airflow/example_dags/example_bash_decorator.py
[2024-08-09T19:44:37.083+0200] {processor.py:830} INFO - Processing file /home/bvpelt/Develop/airflowtut/py_env/lib/python3.10/site-packages/airflow/example_dags/example_bash_decorator.py for tasks to queue
[2024-08-09T19:44:37.087+0200] {logging_mixin.py:188} INFO - [2024-08-09T19:44:37.086+0200] {dagbag.py:545} INFO - Filling up the DagBag from /home/bvpelt/Develop/airflowtut/py_env/lib/python3.10/site-packages/airflow/example_dags/example_bash_decorator.py
[2024-08-09T19:44:37.095+0200] {processor.py:840} INFO - DAG(s) 'example_bash_decorator' retrieved from /home/bvpelt/Develop/airflowtut/py_env/lib/python3.10/site-packages/airflow/example_dags/example_bash_decorator.py
[2024-08-09T19:44:37.105+0200] {logging_mixin.py:188} INFO - [2024-08-09T19:44:37.105+0200] {dag.py:3089} INFO - Sync 1 DAGs
[2024-08-09T19:44:37.111+0200] {logging_mixin.py:188} INFO - [2024-08-09T19:44:37.111+0200] {dag.py:3947} INFO - Setting next_dagrun for example_bash_decorator to None, run_after=None
[2024-08-09T19:44:37.202+0200] {processor.py:183} INFO - Processing /home/bvpelt/Develop/airflowtut/py_env/lib/python3.10/site-packages/airflow/example_dags/example_bash_decorator.py took 0.197 seconds
[2024-08-09T19:45:32.559+0200] {processor.py:161} INFO - Started process (PID=18290) to work on /home/bvpelt/Develop/airflowtut/py_env/lib/python3.10/site-packages/airflow/example_dags/example_bash_decorator.py
[2024-08-09T19:45:32.572+0200] {processor.py:830} INFO - Processing file /home/bvpelt/Develop/airflowtut/py_env/lib/python3.10/site-packages/airflow/example_dags/example_bash_decorator.py for tasks to queue
[2024-08-09T19:45:32.573+0200] {logging_mixin.py:188} INFO - [2024-08-09T19:45:32.573+0200] {dagbag.py:545} INFO - Filling up the DagBag from /home/bvpelt/Develop/airflowtut/py_env/lib/python3.10/site-packages/airflow/example_dags/example_bash_decorator.py
[2024-08-09T19:45:32.582+0200] {processor.py:840} INFO - DAG(s) 'example_bash_decorator' retrieved from /home/bvpelt/Develop/airflowtut/py_env/lib/python3.10/site-packages/airflow/example_dags/example_bash_decorator.py
[2024-08-09T19:45:32.598+0200] {logging_mixin.py:188} INFO - [2024-08-09T19:45:32.598+0200] {dag.py:3089} INFO - Sync 1 DAGs
[2024-08-09T19:45:32.605+0200] {logging_mixin.py:188} INFO - [2024-08-09T19:45:32.604+0200] {dag.py:3947} INFO - Setting next_dagrun for example_bash_decorator to None, run_after=None
[2024-08-09T19:45:32.696+0200] {processor.py:183} INFO - Processing /home/bvpelt/Develop/airflowtut/py_env/lib/python3.10/site-packages/airflow/example_dags/example_bash_decorator.py took 0.142 seconds
[2024-08-09T19:46:56.435+0200] {processor.py:161} INFO - Started process (PID=18685) to work on /home/bvpelt/Develop/airflowtut/py_env/lib/python3.10/site-packages/airflow/example_dags/example_bash_decorator.py
[2024-08-09T19:46:56.436+0200] {processor.py:830} INFO - Processing file /home/bvpelt/Develop/airflowtut/py_env/lib/python3.10/site-packages/airflow/example_dags/example_bash_decorator.py for tasks to queue
[2024-08-09T19:46:56.437+0200] {logging_mixin.py:188} INFO - [2024-08-09T19:46:56.437+0200] {dagbag.py:545} INFO - Filling up the DagBag from /home/bvpelt/Develop/airflowtut/py_env/lib/python3.10/site-packages/airflow/example_dags/example_bash_decorator.py
[2024-08-09T19:46:56.444+0200] {processor.py:840} INFO - DAG(s) 'example_bash_decorator' retrieved from /home/bvpelt/Develop/airflowtut/py_env/lib/python3.10/site-packages/airflow/example_dags/example_bash_decorator.py
[2024-08-09T19:46:56.456+0200] {logging_mixin.py:188} INFO - [2024-08-09T19:46:56.456+0200] {dag.py:3089} INFO - Sync 1 DAGs
[2024-08-09T19:46:56.463+0200] {logging_mixin.py:188} INFO - [2024-08-09T19:46:56.463+0200] {dag.py:3947} INFO - Setting next_dagrun for example_bash_decorator to None, run_after=None
[2024-08-09T19:46:56.544+0200] {processor.py:183} INFO - Processing /home/bvpelt/Develop/airflowtut/py_env/lib/python3.10/site-packages/airflow/example_dags/example_bash_decorator.py took 0.111 seconds
[2024-08-09T19:48:13.772+0200] {processor.py:161} INFO - Started process (PID=19030) to work on /home/bvpelt/Develop/airflowtut/py_env/lib/python3.10/site-packages/airflow/example_dags/example_bash_decorator.py
[2024-08-09T19:48:13.773+0200] {processor.py:830} INFO - Processing file /home/bvpelt/Develop/airflowtut/py_env/lib/python3.10/site-packages/airflow/example_dags/example_bash_decorator.py for tasks to queue
[2024-08-09T19:48:13.774+0200] {logging_mixin.py:188} INFO - [2024-08-09T19:48:13.774+0200] {dagbag.py:545} INFO - Filling up the DagBag from /home/bvpelt/Develop/airflowtut/py_env/lib/python3.10/site-packages/airflow/example_dags/example_bash_decorator.py
[2024-08-09T19:48:13.781+0200] {processor.py:840} INFO - DAG(s) 'example_bash_decorator' retrieved from /home/bvpelt/Develop/airflowtut/py_env/lib/python3.10/site-packages/airflow/example_dags/example_bash_decorator.py
[2024-08-09T19:48:13.791+0200] {logging_mixin.py:188} INFO - [2024-08-09T19:48:13.791+0200] {dag.py:3089} INFO - Sync 1 DAGs
[2024-08-09T19:48:13.798+0200] {logging_mixin.py:188} INFO - [2024-08-09T19:48:13.798+0200] {dag.py:3947} INFO - Setting next_dagrun for example_bash_decorator to None, run_after=None
[2024-08-09T19:48:13.889+0200] {processor.py:183} INFO - Processing /home/bvpelt/Develop/airflowtut/py_env/lib/python3.10/site-packages/airflow/example_dags/example_bash_decorator.py took 0.119 seconds
[2024-08-09T19:49:26.215+0200] {processor.py:161} INFO - Started process (PID=19198) to work on /home/bvpelt/Develop/airflowtut/py_env/lib/python3.10/site-packages/airflow/example_dags/example_bash_decorator.py
[2024-08-09T19:49:26.216+0200] {processor.py:830} INFO - Processing file /home/bvpelt/Develop/airflowtut/py_env/lib/python3.10/site-packages/airflow/example_dags/example_bash_decorator.py for tasks to queue
[2024-08-09T19:49:26.216+0200] {logging_mixin.py:188} INFO - [2024-08-09T19:49:26.216+0200] {dagbag.py:545} INFO - Filling up the DagBag from /home/bvpelt/Develop/airflowtut/py_env/lib/python3.10/site-packages/airflow/example_dags/example_bash_decorator.py
[2024-08-09T19:49:26.224+0200] {processor.py:840} INFO - DAG(s) 'example_bash_decorator' retrieved from /home/bvpelt/Develop/airflowtut/py_env/lib/python3.10/site-packages/airflow/example_dags/example_bash_decorator.py
[2024-08-09T19:49:26.235+0200] {logging_mixin.py:188} INFO - [2024-08-09T19:49:26.235+0200] {dag.py:3089} INFO - Sync 1 DAGs
[2024-08-09T19:49:26.242+0200] {logging_mixin.py:188} INFO - [2024-08-09T19:49:26.242+0200] {dag.py:3947} INFO - Setting next_dagrun for example_bash_decorator to None, run_after=None
[2024-08-09T19:49:26.319+0200] {processor.py:183} INFO - Processing /home/bvpelt/Develop/airflowtut/py_env/lib/python3.10/site-packages/airflow/example_dags/example_bash_decorator.py took 0.107 seconds
[2024-08-09T19:50:46.788+0200] {processor.py:161} INFO - Started process (PID=19381) to work on /home/bvpelt/Develop/airflowtut/py_env/lib/python3.10/site-packages/airflow/example_dags/example_bash_decorator.py
[2024-08-09T19:50:46.789+0200] {processor.py:830} INFO - Processing file /home/bvpelt/Develop/airflowtut/py_env/lib/python3.10/site-packages/airflow/example_dags/example_bash_decorator.py for tasks to queue
[2024-08-09T19:50:46.790+0200] {logging_mixin.py:188} INFO - [2024-08-09T19:50:46.789+0200] {dagbag.py:545} INFO - Filling up the DagBag from /home/bvpelt/Develop/airflowtut/py_env/lib/python3.10/site-packages/airflow/example_dags/example_bash_decorator.py
[2024-08-09T19:50:46.797+0200] {processor.py:840} INFO - DAG(s) 'example_bash_decorator' retrieved from /home/bvpelt/Develop/airflowtut/py_env/lib/python3.10/site-packages/airflow/example_dags/example_bash_decorator.py
[2024-08-09T19:50:46.808+0200] {logging_mixin.py:188} INFO - [2024-08-09T19:50:46.807+0200] {dag.py:3089} INFO - Sync 1 DAGs
[2024-08-09T19:50:46.814+0200] {logging_mixin.py:188} INFO - [2024-08-09T19:50:46.814+0200] {dag.py:3947} INFO - Setting next_dagrun for example_bash_decorator to None, run_after=None
[2024-08-09T19:50:46.927+0200] {processor.py:183} INFO - Processing /home/bvpelt/Develop/airflowtut/py_env/lib/python3.10/site-packages/airflow/example_dags/example_bash_decorator.py took 0.141 seconds
[2024-08-09T19:52:19.413+0200] {processor.py:161} INFO - Started process (PID=19950) to work on /home/bvpelt/Develop/airflowtut/py_env/lib/python3.10/site-packages/airflow/example_dags/example_bash_decorator.py
[2024-08-09T19:52:19.427+0200] {processor.py:830} INFO - Processing file /home/bvpelt/Develop/airflowtut/py_env/lib/python3.10/site-packages/airflow/example_dags/example_bash_decorator.py for tasks to queue
[2024-08-09T19:52:19.428+0200] {logging_mixin.py:188} INFO - [2024-08-09T19:52:19.428+0200] {dagbag.py:545} INFO - Filling up the DagBag from /home/bvpelt/Develop/airflowtut/py_env/lib/python3.10/site-packages/airflow/example_dags/example_bash_decorator.py
[2024-08-09T19:52:19.438+0200] {processor.py:840} INFO - DAG(s) 'example_bash_decorator' retrieved from /home/bvpelt/Develop/airflowtut/py_env/lib/python3.10/site-packages/airflow/example_dags/example_bash_decorator.py
[2024-08-09T19:52:19.451+0200] {logging_mixin.py:188} INFO - [2024-08-09T19:52:19.451+0200] {dag.py:3089} INFO - Sync 1 DAGs
[2024-08-09T19:52:19.458+0200] {logging_mixin.py:188} INFO - [2024-08-09T19:52:19.458+0200] {dag.py:3947} INFO - Setting next_dagrun for example_bash_decorator to None, run_after=None
[2024-08-09T19:52:19.591+0200] {processor.py:183} INFO - Processing /home/bvpelt/Develop/airflowtut/py_env/lib/python3.10/site-packages/airflow/example_dags/example_bash_decorator.py took 0.181 seconds
[2024-08-09T19:53:32.989+0200] {processor.py:161} INFO - Started process (PID=20102) to work on /home/bvpelt/Develop/airflowtut/py_env/lib/python3.10/site-packages/airflow/example_dags/example_bash_decorator.py
[2024-08-09T19:53:32.989+0200] {processor.py:830} INFO - Processing file /home/bvpelt/Develop/airflowtut/py_env/lib/python3.10/site-packages/airflow/example_dags/example_bash_decorator.py for tasks to queue
[2024-08-09T19:53:32.990+0200] {logging_mixin.py:188} INFO - [2024-08-09T19:53:32.990+0200] {dagbag.py:545} INFO - Filling up the DagBag from /home/bvpelt/Develop/airflowtut/py_env/lib/python3.10/site-packages/airflow/example_dags/example_bash_decorator.py
[2024-08-09T19:53:32.998+0200] {processor.py:840} INFO - DAG(s) 'example_bash_decorator' retrieved from /home/bvpelt/Develop/airflowtut/py_env/lib/python3.10/site-packages/airflow/example_dags/example_bash_decorator.py
[2024-08-09T19:53:33.009+0200] {logging_mixin.py:188} INFO - [2024-08-09T19:53:33.009+0200] {dag.py:3089} INFO - Sync 1 DAGs
[2024-08-09T19:53:33.016+0200] {logging_mixin.py:188} INFO - [2024-08-09T19:53:33.015+0200] {dag.py:3947} INFO - Setting next_dagrun for example_bash_decorator to None, run_after=None
[2024-08-09T19:53:33.114+0200] {processor.py:183} INFO - Processing /home/bvpelt/Develop/airflowtut/py_env/lib/python3.10/site-packages/airflow/example_dags/example_bash_decorator.py took 0.128 seconds
[2024-08-09T19:54:53.110+0200] {processor.py:161} INFO - Started process (PID=20207) to work on /home/bvpelt/Develop/airflowtut/py_env/lib/python3.10/site-packages/airflow/example_dags/example_bash_decorator.py
[2024-08-09T19:54:53.111+0200] {processor.py:830} INFO - Processing file /home/bvpelt/Develop/airflowtut/py_env/lib/python3.10/site-packages/airflow/example_dags/example_bash_decorator.py for tasks to queue
[2024-08-09T19:54:53.111+0200] {logging_mixin.py:188} INFO - [2024-08-09T19:54:53.111+0200] {dagbag.py:545} INFO - Filling up the DagBag from /home/bvpelt/Develop/airflowtut/py_env/lib/python3.10/site-packages/airflow/example_dags/example_bash_decorator.py
[2024-08-09T19:54:53.119+0200] {processor.py:840} INFO - DAG(s) 'example_bash_decorator' retrieved from /home/bvpelt/Develop/airflowtut/py_env/lib/python3.10/site-packages/airflow/example_dags/example_bash_decorator.py
[2024-08-09T19:54:53.129+0200] {logging_mixin.py:188} INFO - [2024-08-09T19:54:53.129+0200] {dag.py:3089} INFO - Sync 1 DAGs
[2024-08-09T19:54:53.136+0200] {logging_mixin.py:188} INFO - [2024-08-09T19:54:53.136+0200] {dag.py:3947} INFO - Setting next_dagrun for example_bash_decorator to None, run_after=None
[2024-08-09T19:54:53.214+0200] {processor.py:183} INFO - Processing /home/bvpelt/Develop/airflowtut/py_env/lib/python3.10/site-packages/airflow/example_dags/example_bash_decorator.py took 0.108 seconds
[2024-08-09T19:56:05.176+0200] {processor.py:161} INFO - Started process (PID=20327) to work on /home/bvpelt/Develop/airflowtut/py_env/lib/python3.10/site-packages/airflow/example_dags/example_bash_decorator.py
[2024-08-09T19:56:05.195+0200] {processor.py:830} INFO - Processing file /home/bvpelt/Develop/airflowtut/py_env/lib/python3.10/site-packages/airflow/example_dags/example_bash_decorator.py for tasks to queue
[2024-08-09T19:56:05.196+0200] {logging_mixin.py:188} INFO - [2024-08-09T19:56:05.195+0200] {dagbag.py:545} INFO - Filling up the DagBag from /home/bvpelt/Develop/airflowtut/py_env/lib/python3.10/site-packages/airflow/example_dags/example_bash_decorator.py
[2024-08-09T19:56:05.207+0200] {processor.py:840} INFO - DAG(s) 'example_bash_decorator' retrieved from /home/bvpelt/Develop/airflowtut/py_env/lib/python3.10/site-packages/airflow/example_dags/example_bash_decorator.py
[2024-08-09T19:56:05.223+0200] {logging_mixin.py:188} INFO - [2024-08-09T19:56:05.222+0200] {dag.py:3089} INFO - Sync 1 DAGs
[2024-08-09T19:56:05.232+0200] {logging_mixin.py:188} INFO - [2024-08-09T19:56:05.231+0200] {dag.py:3947} INFO - Setting next_dagrun for example_bash_decorator to None, run_after=None
[2024-08-09T19:56:05.317+0200] {processor.py:183} INFO - Processing /home/bvpelt/Develop/airflowtut/py_env/lib/python3.10/site-packages/airflow/example_dags/example_bash_decorator.py took 0.144 seconds
[2024-08-09T19:57:19.492+0200] {processor.py:161} INFO - Started process (PID=20485) to work on /home/bvpelt/Develop/airflowtut/py_env/lib/python3.10/site-packages/airflow/example_dags/example_bash_decorator.py
[2024-08-09T19:57:19.515+0200] {processor.py:830} INFO - Processing file /home/bvpelt/Develop/airflowtut/py_env/lib/python3.10/site-packages/airflow/example_dags/example_bash_decorator.py for tasks to queue
[2024-08-09T19:57:19.519+0200] {logging_mixin.py:188} INFO - [2024-08-09T19:57:19.518+0200] {dagbag.py:545} INFO - Filling up the DagBag from /home/bvpelt/Develop/airflowtut/py_env/lib/python3.10/site-packages/airflow/example_dags/example_bash_decorator.py
[2024-08-09T19:57:19.548+0200] {processor.py:840} INFO - DAG(s) 'example_bash_decorator' retrieved from /home/bvpelt/Develop/airflowtut/py_env/lib/python3.10/site-packages/airflow/example_dags/example_bash_decorator.py
[2024-08-09T19:57:19.567+0200] {logging_mixin.py:188} INFO - [2024-08-09T19:57:19.566+0200] {dag.py:3089} INFO - Sync 1 DAGs
[2024-08-09T19:57:19.574+0200] {logging_mixin.py:188} INFO - [2024-08-09T19:57:19.574+0200] {dag.py:3947} INFO - Setting next_dagrun for example_bash_decorator to None, run_after=None
[2024-08-09T19:57:19.642+0200] {processor.py:183} INFO - Processing /home/bvpelt/Develop/airflowtut/py_env/lib/python3.10/site-packages/airflow/example_dags/example_bash_decorator.py took 0.165 seconds
[2024-08-09T19:58:39.096+0200] {processor.py:161} INFO - Started process (PID=20624) to work on /home/bvpelt/Develop/airflowtut/py_env/lib/python3.10/site-packages/airflow/example_dags/example_bash_decorator.py
[2024-08-09T19:58:39.114+0200] {processor.py:830} INFO - Processing file /home/bvpelt/Develop/airflowtut/py_env/lib/python3.10/site-packages/airflow/example_dags/example_bash_decorator.py for tasks to queue
[2024-08-09T19:58:39.118+0200] {logging_mixin.py:188} INFO - [2024-08-09T19:58:39.117+0200] {dagbag.py:545} INFO - Filling up the DagBag from /home/bvpelt/Develop/airflowtut/py_env/lib/python3.10/site-packages/airflow/example_dags/example_bash_decorator.py
[2024-08-09T19:58:39.143+0200] {processor.py:840} INFO - DAG(s) 'example_bash_decorator' retrieved from /home/bvpelt/Develop/airflowtut/py_env/lib/python3.10/site-packages/airflow/example_dags/example_bash_decorator.py
[2024-08-09T19:58:39.160+0200] {logging_mixin.py:188} INFO - [2024-08-09T19:58:39.160+0200] {dag.py:3089} INFO - Sync 1 DAGs
[2024-08-09T19:58:39.168+0200] {logging_mixin.py:188} INFO - [2024-08-09T19:58:39.167+0200] {dag.py:3947} INFO - Setting next_dagrun for example_bash_decorator to None, run_after=None
[2024-08-09T19:58:39.259+0200] {processor.py:183} INFO - Processing /home/bvpelt/Develop/airflowtut/py_env/lib/python3.10/site-packages/airflow/example_dags/example_bash_decorator.py took 0.178 seconds
[2024-08-09T19:59:35.620+0200] {processor.py:161} INFO - Started process (PID=20711) to work on /home/bvpelt/Develop/airflowtut/py_env/lib/python3.10/site-packages/airflow/example_dags/example_bash_decorator.py
[2024-08-09T19:59:35.623+0200] {processor.py:830} INFO - Processing file /home/bvpelt/Develop/airflowtut/py_env/lib/python3.10/site-packages/airflow/example_dags/example_bash_decorator.py for tasks to queue
[2024-08-09T19:59:35.626+0200] {logging_mixin.py:188} INFO - [2024-08-09T19:59:35.625+0200] {dagbag.py:545} INFO - Filling up the DagBag from /home/bvpelt/Develop/airflowtut/py_env/lib/python3.10/site-packages/airflow/example_dags/example_bash_decorator.py
[2024-08-09T19:59:35.647+0200] {processor.py:840} INFO - DAG(s) 'example_bash_decorator' retrieved from /home/bvpelt/Develop/airflowtut/py_env/lib/python3.10/site-packages/airflow/example_dags/example_bash_decorator.py
[2024-08-09T19:59:35.662+0200] {logging_mixin.py:188} INFO - [2024-08-09T19:59:35.661+0200] {dag.py:3089} INFO - Sync 1 DAGs
[2024-08-09T19:59:35.669+0200] {logging_mixin.py:188} INFO - [2024-08-09T19:59:35.669+0200] {dag.py:3947} INFO - Setting next_dagrun for example_bash_decorator to None, run_after=None
[2024-08-09T19:59:35.741+0200] {processor.py:183} INFO - Processing /home/bvpelt/Develop/airflowtut/py_env/lib/python3.10/site-packages/airflow/example_dags/example_bash_decorator.py took 0.137 seconds
[2024-08-09T20:00:51.308+0200] {processor.py:161} INFO - Started process (PID=20815) to work on /home/bvpelt/Develop/airflowtut/py_env/lib/python3.10/site-packages/airflow/example_dags/example_bash_decorator.py
[2024-08-09T20:00:51.322+0200] {processor.py:830} INFO - Processing file /home/bvpelt/Develop/airflowtut/py_env/lib/python3.10/site-packages/airflow/example_dags/example_bash_decorator.py for tasks to queue
[2024-08-09T20:00:51.323+0200] {logging_mixin.py:188} INFO - [2024-08-09T20:00:51.323+0200] {dagbag.py:545} INFO - Filling up the DagBag from /home/bvpelt/Develop/airflowtut/py_env/lib/python3.10/site-packages/airflow/example_dags/example_bash_decorator.py
[2024-08-09T20:00:51.331+0200] {processor.py:840} INFO - DAG(s) 'example_bash_decorator' retrieved from /home/bvpelt/Develop/airflowtut/py_env/lib/python3.10/site-packages/airflow/example_dags/example_bash_decorator.py
[2024-08-09T20:00:51.342+0200] {logging_mixin.py:188} INFO - [2024-08-09T20:00:51.342+0200] {dag.py:3089} INFO - Sync 1 DAGs
[2024-08-09T20:00:51.348+0200] {logging_mixin.py:188} INFO - [2024-08-09T20:00:51.348+0200] {dag.py:3947} INFO - Setting next_dagrun for example_bash_decorator to None, run_after=None
[2024-08-09T20:00:51.423+0200] {processor.py:183} INFO - Processing /home/bvpelt/Develop/airflowtut/py_env/lib/python3.10/site-packages/airflow/example_dags/example_bash_decorator.py took 0.117 seconds
[2024-08-09T20:02:06.037+0200] {processor.py:161} INFO - Started process (PID=20976) to work on /home/bvpelt/Develop/airflowtut/py_env/lib/python3.10/site-packages/airflow/example_dags/example_bash_decorator.py
[2024-08-09T20:02:06.038+0200] {processor.py:830} INFO - Processing file /home/bvpelt/Develop/airflowtut/py_env/lib/python3.10/site-packages/airflow/example_dags/example_bash_decorator.py for tasks to queue
[2024-08-09T20:02:06.039+0200] {logging_mixin.py:188} INFO - [2024-08-09T20:02:06.039+0200] {dagbag.py:545} INFO - Filling up the DagBag from /home/bvpelt/Develop/airflowtut/py_env/lib/python3.10/site-packages/airflow/example_dags/example_bash_decorator.py
[2024-08-09T20:02:06.046+0200] {processor.py:840} INFO - DAG(s) 'example_bash_decorator' retrieved from /home/bvpelt/Develop/airflowtut/py_env/lib/python3.10/site-packages/airflow/example_dags/example_bash_decorator.py
[2024-08-09T20:02:06.057+0200] {logging_mixin.py:188} INFO - [2024-08-09T20:02:06.057+0200] {dag.py:3089} INFO - Sync 1 DAGs
[2024-08-09T20:02:06.063+0200] {logging_mixin.py:188} INFO - [2024-08-09T20:02:06.063+0200] {dag.py:3947} INFO - Setting next_dagrun for example_bash_decorator to None, run_after=None
[2024-08-09T20:02:06.176+0200] {processor.py:183} INFO - Processing /home/bvpelt/Develop/airflowtut/py_env/lib/python3.10/site-packages/airflow/example_dags/example_bash_decorator.py took 0.142 seconds
[2024-08-09T20:03:31.911+0200] {processor.py:161} INFO - Started process (PID=21102) to work on /home/bvpelt/Develop/airflowtut/py_env/lib/python3.10/site-packages/airflow/example_dags/example_bash_decorator.py
[2024-08-09T20:03:31.912+0200] {processor.py:830} INFO - Processing file /home/bvpelt/Develop/airflowtut/py_env/lib/python3.10/site-packages/airflow/example_dags/example_bash_decorator.py for tasks to queue
[2024-08-09T20:03:31.913+0200] {logging_mixin.py:188} INFO - [2024-08-09T20:03:31.913+0200] {dagbag.py:545} INFO - Filling up the DagBag from /home/bvpelt/Develop/airflowtut/py_env/lib/python3.10/site-packages/airflow/example_dags/example_bash_decorator.py
[2024-08-09T20:03:31.921+0200] {processor.py:840} INFO - DAG(s) 'example_bash_decorator' retrieved from /home/bvpelt/Develop/airflowtut/py_env/lib/python3.10/site-packages/airflow/example_dags/example_bash_decorator.py
[2024-08-09T20:03:31.931+0200] {logging_mixin.py:188} INFO - [2024-08-09T20:03:31.931+0200] {dag.py:3089} INFO - Sync 1 DAGs
[2024-08-09T20:03:31.939+0200] {logging_mixin.py:188} INFO - [2024-08-09T20:03:31.938+0200] {dag.py:3947} INFO - Setting next_dagrun for example_bash_decorator to None, run_after=None
[2024-08-09T20:03:32.021+0200] {processor.py:183} INFO - Processing /home/bvpelt/Develop/airflowtut/py_env/lib/python3.10/site-packages/airflow/example_dags/example_bash_decorator.py took 0.112 seconds
[2024-08-09T20:04:26.677+0200] {processor.py:161} INFO - Started process (PID=21191) to work on /home/bvpelt/Develop/airflowtut/py_env/lib/python3.10/site-packages/airflow/example_dags/example_bash_decorator.py
[2024-08-09T20:04:26.762+0200] {processor.py:830} INFO - Processing file /home/bvpelt/Develop/airflowtut/py_env/lib/python3.10/site-packages/airflow/example_dags/example_bash_decorator.py for tasks to queue
[2024-08-09T20:04:26.766+0200] {logging_mixin.py:188} INFO - [2024-08-09T20:04:26.765+0200] {dagbag.py:545} INFO - Filling up the DagBag from /home/bvpelt/Develop/airflowtut/py_env/lib/python3.10/site-packages/airflow/example_dags/example_bash_decorator.py
[2024-08-09T20:04:26.799+0200] {processor.py:840} INFO - DAG(s) 'example_bash_decorator' retrieved from /home/bvpelt/Develop/airflowtut/py_env/lib/python3.10/site-packages/airflow/example_dags/example_bash_decorator.py
[2024-08-09T20:04:26.817+0200] {logging_mixin.py:188} INFO - [2024-08-09T20:04:26.816+0200] {dag.py:3089} INFO - Sync 1 DAGs
[2024-08-09T20:04:26.824+0200] {logging_mixin.py:188} INFO - [2024-08-09T20:04:26.824+0200] {dag.py:3947} INFO - Setting next_dagrun for example_bash_decorator to None, run_after=None
[2024-08-09T20:04:26.912+0200] {processor.py:183} INFO - Processing /home/bvpelt/Develop/airflowtut/py_env/lib/python3.10/site-packages/airflow/example_dags/example_bash_decorator.py took 0.238 seconds
[2024-08-09T20:05:46.924+0200] {processor.py:161} INFO - Started process (PID=21377) to work on /home/bvpelt/Develop/airflowtut/py_env/lib/python3.10/site-packages/airflow/example_dags/example_bash_decorator.py
[2024-08-09T20:05:46.925+0200] {processor.py:830} INFO - Processing file /home/bvpelt/Develop/airflowtut/py_env/lib/python3.10/site-packages/airflow/example_dags/example_bash_decorator.py for tasks to queue
[2024-08-09T20:05:46.925+0200] {logging_mixin.py:188} INFO - [2024-08-09T20:05:46.925+0200] {dagbag.py:545} INFO - Filling up the DagBag from /home/bvpelt/Develop/airflowtut/py_env/lib/python3.10/site-packages/airflow/example_dags/example_bash_decorator.py
[2024-08-09T20:05:46.933+0200] {processor.py:840} INFO - DAG(s) 'example_bash_decorator' retrieved from /home/bvpelt/Develop/airflowtut/py_env/lib/python3.10/site-packages/airflow/example_dags/example_bash_decorator.py
[2024-08-09T20:05:46.944+0200] {logging_mixin.py:188} INFO - [2024-08-09T20:05:46.944+0200] {dag.py:3089} INFO - Sync 1 DAGs
[2024-08-09T20:05:46.951+0200] {logging_mixin.py:188} INFO - [2024-08-09T20:05:46.951+0200] {dag.py:3947} INFO - Setting next_dagrun for example_bash_decorator to None, run_after=None
[2024-08-09T20:05:47.032+0200] {processor.py:183} INFO - Processing /home/bvpelt/Develop/airflowtut/py_env/lib/python3.10/site-packages/airflow/example_dags/example_bash_decorator.py took 0.111 seconds
[2024-08-09T20:06:43.807+0200] {processor.py:161} INFO - Started process (PID=21470) to work on /home/bvpelt/Develop/airflowtut/py_env/lib/python3.10/site-packages/airflow/example_dags/example_bash_decorator.py
[2024-08-09T20:06:43.821+0200] {processor.py:830} INFO - Processing file /home/bvpelt/Develop/airflowtut/py_env/lib/python3.10/site-packages/airflow/example_dags/example_bash_decorator.py for tasks to queue
[2024-08-09T20:06:43.822+0200] {logging_mixin.py:188} INFO - [2024-08-09T20:06:43.821+0200] {dagbag.py:545} INFO - Filling up the DagBag from /home/bvpelt/Develop/airflowtut/py_env/lib/python3.10/site-packages/airflow/example_dags/example_bash_decorator.py
[2024-08-09T20:06:43.830+0200] {processor.py:840} INFO - DAG(s) 'example_bash_decorator' retrieved from /home/bvpelt/Develop/airflowtut/py_env/lib/python3.10/site-packages/airflow/example_dags/example_bash_decorator.py
[2024-08-09T20:06:43.840+0200] {logging_mixin.py:188} INFO - [2024-08-09T20:06:43.840+0200] {dag.py:3089} INFO - Sync 1 DAGs
[2024-08-09T20:06:43.847+0200] {logging_mixin.py:188} INFO - [2024-08-09T20:06:43.846+0200] {dag.py:3947} INFO - Setting next_dagrun for example_bash_decorator to None, run_after=None
[2024-08-09T20:06:43.936+0200] {processor.py:183} INFO - Processing /home/bvpelt/Develop/airflowtut/py_env/lib/python3.10/site-packages/airflow/example_dags/example_bash_decorator.py took 0.132 seconds
[2024-08-09T20:08:01.027+0200] {processor.py:161} INFO - Started process (PID=21651) to work on /home/bvpelt/Develop/airflowtut/py_env/lib/python3.10/site-packages/airflow/example_dags/example_bash_decorator.py
[2024-08-09T20:08:01.028+0200] {processor.py:830} INFO - Processing file /home/bvpelt/Develop/airflowtut/py_env/lib/python3.10/site-packages/airflow/example_dags/example_bash_decorator.py for tasks to queue
[2024-08-09T20:08:01.028+0200] {logging_mixin.py:188} INFO - [2024-08-09T20:08:01.028+0200] {dagbag.py:545} INFO - Filling up the DagBag from /home/bvpelt/Develop/airflowtut/py_env/lib/python3.10/site-packages/airflow/example_dags/example_bash_decorator.py
[2024-08-09T20:08:01.036+0200] {processor.py:840} INFO - DAG(s) 'example_bash_decorator' retrieved from /home/bvpelt/Develop/airflowtut/py_env/lib/python3.10/site-packages/airflow/example_dags/example_bash_decorator.py
[2024-08-09T20:08:01.046+0200] {logging_mixin.py:188} INFO - [2024-08-09T20:08:01.046+0200] {dag.py:3089} INFO - Sync 1 DAGs
[2024-08-09T20:08:01.052+0200] {logging_mixin.py:188} INFO - [2024-08-09T20:08:01.052+0200] {dag.py:3947} INFO - Setting next_dagrun for example_bash_decorator to None, run_after=None
[2024-08-09T20:08:01.226+0200] {processor.py:183} INFO - Processing /home/bvpelt/Develop/airflowtut/py_env/lib/python3.10/site-packages/airflow/example_dags/example_bash_decorator.py took 0.202 seconds
[2024-08-09T20:09:19.545+0200] {processor.py:161} INFO - Started process (PID=21739) to work on /home/bvpelt/Develop/airflowtut/py_env/lib/python3.10/site-packages/airflow/example_dags/example_bash_decorator.py
[2024-08-09T20:09:19.550+0200] {processor.py:830} INFO - Processing file /home/bvpelt/Develop/airflowtut/py_env/lib/python3.10/site-packages/airflow/example_dags/example_bash_decorator.py for tasks to queue
[2024-08-09T20:09:19.551+0200] {logging_mixin.py:188} INFO - [2024-08-09T20:09:19.551+0200] {dagbag.py:545} INFO - Filling up the DagBag from /home/bvpelt/Develop/airflowtut/py_env/lib/python3.10/site-packages/airflow/example_dags/example_bash_decorator.py
[2024-08-09T20:09:19.559+0200] {processor.py:840} INFO - DAG(s) 'example_bash_decorator' retrieved from /home/bvpelt/Develop/airflowtut/py_env/lib/python3.10/site-packages/airflow/example_dags/example_bash_decorator.py
[2024-08-09T20:09:19.570+0200] {logging_mixin.py:188} INFO - [2024-08-09T20:09:19.570+0200] {dag.py:3089} INFO - Sync 1 DAGs
[2024-08-09T20:09:19.576+0200] {logging_mixin.py:188} INFO - [2024-08-09T20:09:19.576+0200] {dag.py:3947} INFO - Setting next_dagrun for example_bash_decorator to None, run_after=None
[2024-08-09T20:09:19.632+0200] {processor.py:183} INFO - Processing /home/bvpelt/Develop/airflowtut/py_env/lib/python3.10/site-packages/airflow/example_dags/example_bash_decorator.py took 0.090 seconds
[2024-08-09T20:10:34.012+0200] {processor.py:161} INFO - Started process (PID=21836) to work on /home/bvpelt/Develop/airflowtut/py_env/lib/python3.10/site-packages/airflow/example_dags/example_bash_decorator.py
[2024-08-09T20:10:34.013+0200] {processor.py:830} INFO - Processing file /home/bvpelt/Develop/airflowtut/py_env/lib/python3.10/site-packages/airflow/example_dags/example_bash_decorator.py for tasks to queue
[2024-08-09T20:10:34.013+0200] {logging_mixin.py:188} INFO - [2024-08-09T20:10:34.013+0200] {dagbag.py:545} INFO - Filling up the DagBag from /home/bvpelt/Develop/airflowtut/py_env/lib/python3.10/site-packages/airflow/example_dags/example_bash_decorator.py
[2024-08-09T20:10:34.021+0200] {processor.py:840} INFO - DAG(s) 'example_bash_decorator' retrieved from /home/bvpelt/Develop/airflowtut/py_env/lib/python3.10/site-packages/airflow/example_dags/example_bash_decorator.py
[2024-08-09T20:10:34.032+0200] {logging_mixin.py:188} INFO - [2024-08-09T20:10:34.031+0200] {dag.py:3089} INFO - Sync 1 DAGs
[2024-08-09T20:10:34.038+0200] {logging_mixin.py:188} INFO - [2024-08-09T20:10:34.038+0200] {dag.py:3947} INFO - Setting next_dagrun for example_bash_decorator to None, run_after=None
[2024-08-09T20:10:34.166+0200] {processor.py:183} INFO - Processing /home/bvpelt/Develop/airflowtut/py_env/lib/python3.10/site-packages/airflow/example_dags/example_bash_decorator.py took 0.158 seconds
[2024-08-09T20:11:48.374+0200] {processor.py:161} INFO - Started process (PID=21917) to work on /home/bvpelt/Develop/airflowtut/py_env/lib/python3.10/site-packages/airflow/example_dags/example_bash_decorator.py
[2024-08-09T20:11:48.374+0200] {processor.py:830} INFO - Processing file /home/bvpelt/Develop/airflowtut/py_env/lib/python3.10/site-packages/airflow/example_dags/example_bash_decorator.py for tasks to queue
[2024-08-09T20:11:48.375+0200] {logging_mixin.py:188} INFO - [2024-08-09T20:11:48.375+0200] {dagbag.py:545} INFO - Filling up the DagBag from /home/bvpelt/Develop/airflowtut/py_env/lib/python3.10/site-packages/airflow/example_dags/example_bash_decorator.py
[2024-08-09T20:11:48.383+0200] {processor.py:840} INFO - DAG(s) 'example_bash_decorator' retrieved from /home/bvpelt/Develop/airflowtut/py_env/lib/python3.10/site-packages/airflow/example_dags/example_bash_decorator.py
[2024-08-09T20:11:48.393+0200] {logging_mixin.py:188} INFO - [2024-08-09T20:11:48.393+0200] {dag.py:3089} INFO - Sync 1 DAGs
[2024-08-09T20:11:48.400+0200] {logging_mixin.py:188} INFO - [2024-08-09T20:11:48.400+0200] {dag.py:3947} INFO - Setting next_dagrun for example_bash_decorator to None, run_after=None
[2024-08-09T20:11:48.596+0200] {processor.py:183} INFO - Processing /home/bvpelt/Develop/airflowtut/py_env/lib/python3.10/site-packages/airflow/example_dags/example_bash_decorator.py took 0.225 seconds
[2024-08-09T20:13:03.822+0200] {processor.py:161} INFO - Started process (PID=22086) to work on /home/bvpelt/Develop/airflowtut/py_env/lib/python3.10/site-packages/airflow/example_dags/example_bash_decorator.py
[2024-08-09T20:13:03.823+0200] {processor.py:830} INFO - Processing file /home/bvpelt/Develop/airflowtut/py_env/lib/python3.10/site-packages/airflow/example_dags/example_bash_decorator.py for tasks to queue
[2024-08-09T20:13:03.824+0200] {logging_mixin.py:188} INFO - [2024-08-09T20:13:03.823+0200] {dagbag.py:545} INFO - Filling up the DagBag from /home/bvpelt/Develop/airflowtut/py_env/lib/python3.10/site-packages/airflow/example_dags/example_bash_decorator.py
[2024-08-09T20:13:03.831+0200] {processor.py:840} INFO - DAG(s) 'example_bash_decorator' retrieved from /home/bvpelt/Develop/airflowtut/py_env/lib/python3.10/site-packages/airflow/example_dags/example_bash_decorator.py
[2024-08-09T20:13:03.842+0200] {logging_mixin.py:188} INFO - [2024-08-09T20:13:03.841+0200] {dag.py:3089} INFO - Sync 1 DAGs
[2024-08-09T20:13:03.848+0200] {logging_mixin.py:188} INFO - [2024-08-09T20:13:03.848+0200] {dag.py:3947} INFO - Setting next_dagrun for example_bash_decorator to None, run_after=None
[2024-08-09T20:13:03.937+0200] {processor.py:183} INFO - Processing /home/bvpelt/Develop/airflowtut/py_env/lib/python3.10/site-packages/airflow/example_dags/example_bash_decorator.py took 0.118 seconds
[2024-08-09T20:13:59.658+0200] {processor.py:161} INFO - Started process (PID=22153) to work on /home/bvpelt/Develop/airflowtut/py_env/lib/python3.10/site-packages/airflow/example_dags/example_bash_decorator.py
[2024-08-09T20:13:59.674+0200] {processor.py:830} INFO - Processing file /home/bvpelt/Develop/airflowtut/py_env/lib/python3.10/site-packages/airflow/example_dags/example_bash_decorator.py for tasks to queue
[2024-08-09T20:13:59.675+0200] {logging_mixin.py:188} INFO - [2024-08-09T20:13:59.675+0200] {dagbag.py:545} INFO - Filling up the DagBag from /home/bvpelt/Develop/airflowtut/py_env/lib/python3.10/site-packages/airflow/example_dags/example_bash_decorator.py
[2024-08-09T20:13:59.684+0200] {processor.py:840} INFO - DAG(s) 'example_bash_decorator' retrieved from /home/bvpelt/Develop/airflowtut/py_env/lib/python3.10/site-packages/airflow/example_dags/example_bash_decorator.py
[2024-08-09T20:13:59.695+0200] {logging_mixin.py:188} INFO - [2024-08-09T20:13:59.694+0200] {dag.py:3089} INFO - Sync 1 DAGs
[2024-08-09T20:13:59.701+0200] {logging_mixin.py:188} INFO - [2024-08-09T20:13:59.701+0200] {dag.py:3947} INFO - Setting next_dagrun for example_bash_decorator to None, run_after=None
[2024-08-09T20:13:59.799+0200] {processor.py:183} INFO - Processing /home/bvpelt/Develop/airflowtut/py_env/lib/python3.10/site-packages/airflow/example_dags/example_bash_decorator.py took 0.144 seconds
[2024-08-09T20:15:09.946+0200] {processor.py:161} INFO - Started process (PID=22266) to work on /home/bvpelt/Develop/airflowtut/py_env/lib/python3.10/site-packages/airflow/example_dags/example_bash_decorator.py
[2024-08-09T20:15:09.947+0200] {processor.py:830} INFO - Processing file /home/bvpelt/Develop/airflowtut/py_env/lib/python3.10/site-packages/airflow/example_dags/example_bash_decorator.py for tasks to queue
[2024-08-09T20:15:09.947+0200] {logging_mixin.py:188} INFO - [2024-08-09T20:15:09.947+0200] {dagbag.py:545} INFO - Filling up the DagBag from /home/bvpelt/Develop/airflowtut/py_env/lib/python3.10/site-packages/airflow/example_dags/example_bash_decorator.py
[2024-08-09T20:15:09.955+0200] {processor.py:840} INFO - DAG(s) 'example_bash_decorator' retrieved from /home/bvpelt/Develop/airflowtut/py_env/lib/python3.10/site-packages/airflow/example_dags/example_bash_decorator.py
[2024-08-09T20:15:09.965+0200] {logging_mixin.py:188} INFO - [2024-08-09T20:15:09.965+0200] {dag.py:3089} INFO - Sync 1 DAGs
[2024-08-09T20:15:09.972+0200] {logging_mixin.py:188} INFO - [2024-08-09T20:15:09.971+0200] {dag.py:3947} INFO - Setting next_dagrun for example_bash_decorator to None, run_after=None
[2024-08-09T20:15:10.062+0200] {processor.py:183} INFO - Processing /home/bvpelt/Develop/airflowtut/py_env/lib/python3.10/site-packages/airflow/example_dags/example_bash_decorator.py took 0.120 seconds
[2024-08-09T20:16:21.658+0200] {processor.py:161} INFO - Started process (PID=22351) to work on /home/bvpelt/Develop/airflowtut/py_env/lib/python3.10/site-packages/airflow/example_dags/example_bash_decorator.py
[2024-08-09T20:16:21.658+0200] {processor.py:830} INFO - Processing file /home/bvpelt/Develop/airflowtut/py_env/lib/python3.10/site-packages/airflow/example_dags/example_bash_decorator.py for tasks to queue
[2024-08-09T20:16:21.659+0200] {logging_mixin.py:188} INFO - [2024-08-09T20:16:21.659+0200] {dagbag.py:545} INFO - Filling up the DagBag from /home/bvpelt/Develop/airflowtut/py_env/lib/python3.10/site-packages/airflow/example_dags/example_bash_decorator.py
[2024-08-09T20:16:21.667+0200] {processor.py:840} INFO - DAG(s) 'example_bash_decorator' retrieved from /home/bvpelt/Develop/airflowtut/py_env/lib/python3.10/site-packages/airflow/example_dags/example_bash_decorator.py
[2024-08-09T20:16:21.677+0200] {logging_mixin.py:188} INFO - [2024-08-09T20:16:21.677+0200] {dag.py:3089} INFO - Sync 1 DAGs
[2024-08-09T20:16:21.683+0200] {logging_mixin.py:188} INFO - [2024-08-09T20:16:21.683+0200] {dag.py:3947} INFO - Setting next_dagrun for example_bash_decorator to None, run_after=None
[2024-08-09T20:16:21.757+0200] {processor.py:183} INFO - Processing /home/bvpelt/Develop/airflowtut/py_env/lib/python3.10/site-packages/airflow/example_dags/example_bash_decorator.py took 0.102 seconds
