[2024-08-09T19:42:18.616+0200] {processor.py:161} INFO - Started process (PID=17527) to work on /home/bvpelt/Develop/airflowtut/py_env/lib/python3.10/site-packages/airflow/example_dags/example_python_operator.py
[2024-08-09T19:42:18.617+0200] {processor.py:830} INFO - Processing file /home/bvpelt/Develop/airflowtut/py_env/lib/python3.10/site-packages/airflow/example_dags/example_python_operator.py for tasks to queue
[2024-08-09T19:42:18.618+0200] {logging_mixin.py:188} INFO - [2024-08-09T19:42:18.617+0200] {dagbag.py:545} INFO - Filling up the DagBag from /home/bvpelt/Develop/airflowtut/py_env/lib/python3.10/site-packages/airflow/example_dags/example_python_operator.py
[2024-08-09T19:42:18.623+0200] {logging_mixin.py:188} INFO - [2024-08-09T19:42:18.623+0200] {example_python_operator.py:93} WARNING - The virtalenv_python example task requires virtualenv, please install it.
[2024-08-09T19:42:18.624+0200] {processor.py:840} INFO - DAG(s) 'example_python_operator' retrieved from /home/bvpelt/Develop/airflowtut/py_env/lib/python3.10/site-packages/airflow/example_dags/example_python_operator.py
[2024-08-09T19:42:18.850+0200] {logging_mixin.py:188} INFO - [2024-08-09T19:42:18.849+0200] {override.py:1858} INFO - Created Permission View: can edit on DAG:example_python_operator
[2024-08-09T19:42:18.982+0200] {logging_mixin.py:188} INFO - [2024-08-09T19:42:18.982+0200] {override.py:1858} INFO - Created Permission View: can read on DAG:example_python_operator
[2024-08-09T19:42:19.058+0200] {logging_mixin.py:188} INFO - [2024-08-09T19:42:19.057+0200] {override.py:1858} INFO - Created Permission View: can delete on DAG:example_python_operator
[2024-08-09T19:42:19.059+0200] {logging_mixin.py:188} INFO - [2024-08-09T19:42:19.059+0200] {dag.py:3089} INFO - Sync 1 DAGs
[2024-08-09T19:42:19.089+0200] {logging_mixin.py:188} INFO - [2024-08-09T19:42:19.089+0200] {dag.py:3111} INFO - Creating ORM DAG for example_python_operator
[2024-08-09T19:42:19.091+0200] {logging_mixin.py:188} INFO - [2024-08-09T19:42:19.090+0200] {dag.py:3947} INFO - Setting next_dagrun for example_python_operator to None, run_after=None
[2024-08-09T19:42:19.221+0200] {processor.py:183} INFO - Processing /home/bvpelt/Develop/airflowtut/py_env/lib/python3.10/site-packages/airflow/example_dags/example_python_operator.py took 0.607 seconds
[2024-08-09T19:43:43.996+0200] {processor.py:161} INFO - Started process (PID=17868) to work on /home/bvpelt/Develop/airflowtut/py_env/lib/python3.10/site-packages/airflow/example_dags/example_python_operator.py
[2024-08-09T19:43:44.057+0200] {processor.py:830} INFO - Processing file /home/bvpelt/Develop/airflowtut/py_env/lib/python3.10/site-packages/airflow/example_dags/example_python_operator.py for tasks to queue
[2024-08-09T19:43:44.058+0200] {logging_mixin.py:188} INFO - [2024-08-09T19:43:44.058+0200] {dagbag.py:545} INFO - Filling up the DagBag from /home/bvpelt/Develop/airflowtut/py_env/lib/python3.10/site-packages/airflow/example_dags/example_python_operator.py
[2024-08-09T19:43:44.062+0200] {logging_mixin.py:188} INFO - [2024-08-09T19:43:44.061+0200] {example_python_operator.py:93} WARNING - The virtalenv_python example task requires virtualenv, please install it.
[2024-08-09T19:43:44.062+0200] {processor.py:840} INFO - DAG(s) 'example_python_operator' retrieved from /home/bvpelt/Develop/airflowtut/py_env/lib/python3.10/site-packages/airflow/example_dags/example_python_operator.py
[2024-08-09T19:43:44.071+0200] {logging_mixin.py:188} INFO - [2024-08-09T19:43:44.071+0200] {dag.py:3089} INFO - Sync 1 DAGs
[2024-08-09T19:43:44.077+0200] {logging_mixin.py:188} INFO - [2024-08-09T19:43:44.077+0200] {dag.py:3947} INFO - Setting next_dagrun for example_python_operator to None, run_after=None
[2024-08-09T19:43:44.163+0200] {processor.py:183} INFO - Processing /home/bvpelt/Develop/airflowtut/py_env/lib/python3.10/site-packages/airflow/example_dags/example_python_operator.py took 0.170 seconds
[2024-08-09T19:44:19.845+0200] {processor.py:161} INFO - Started process (PID=17975) to work on /home/bvpelt/Develop/airflowtut/py_env/lib/python3.10/site-packages/airflow/example_dags/example_python_operator.py
[2024-08-09T19:44:19.872+0200] {processor.py:830} INFO - Processing file /home/bvpelt/Develop/airflowtut/py_env/lib/python3.10/site-packages/airflow/example_dags/example_python_operator.py for tasks to queue
[2024-08-09T19:44:19.873+0200] {logging_mixin.py:188} INFO - [2024-08-09T19:44:19.873+0200] {dagbag.py:545} INFO - Filling up the DagBag from /home/bvpelt/Develop/airflowtut/py_env/lib/python3.10/site-packages/airflow/example_dags/example_python_operator.py
[2024-08-09T19:44:19.878+0200] {logging_mixin.py:188} INFO - [2024-08-09T19:44:19.877+0200] {example_python_operator.py:93} WARNING - The virtalenv_python example task requires virtualenv, please install it.
[2024-08-09T19:44:19.878+0200] {processor.py:840} INFO - DAG(s) 'example_python_operator' retrieved from /home/bvpelt/Develop/airflowtut/py_env/lib/python3.10/site-packages/airflow/example_dags/example_python_operator.py
[2024-08-09T19:44:19.888+0200] {logging_mixin.py:188} INFO - [2024-08-09T19:44:19.888+0200] {dag.py:3089} INFO - Sync 1 DAGs
[2024-08-09T19:44:19.896+0200] {logging_mixin.py:188} INFO - [2024-08-09T19:44:19.896+0200] {dag.py:3947} INFO - Setting next_dagrun for example_python_operator to None, run_after=None
[2024-08-09T19:44:20.163+0200] {processor.py:183} INFO - Processing /home/bvpelt/Develop/airflowtut/py_env/lib/python3.10/site-packages/airflow/example_dags/example_python_operator.py took 0.322 seconds
[2024-08-09T19:45:11.474+0200] {processor.py:161} INFO - Started process (PID=18237) to work on /home/bvpelt/Develop/airflowtut/py_env/lib/python3.10/site-packages/airflow/example_dags/example_python_operator.py
[2024-08-09T19:45:11.483+0200] {processor.py:830} INFO - Processing file /home/bvpelt/Develop/airflowtut/py_env/lib/python3.10/site-packages/airflow/example_dags/example_python_operator.py for tasks to queue
[2024-08-09T19:45:11.483+0200] {logging_mixin.py:188} INFO - [2024-08-09T19:45:11.483+0200] {dagbag.py:545} INFO - Filling up the DagBag from /home/bvpelt/Develop/airflowtut/py_env/lib/python3.10/site-packages/airflow/example_dags/example_python_operator.py
[2024-08-09T19:45:11.487+0200] {logging_mixin.py:188} INFO - [2024-08-09T19:45:11.487+0200] {example_python_operator.py:93} WARNING - The virtalenv_python example task requires virtualenv, please install it.
[2024-08-09T19:45:11.487+0200] {processor.py:840} INFO - DAG(s) 'example_python_operator' retrieved from /home/bvpelt/Develop/airflowtut/py_env/lib/python3.10/site-packages/airflow/example_dags/example_python_operator.py
[2024-08-09T19:45:11.497+0200] {logging_mixin.py:188} INFO - [2024-08-09T19:45:11.497+0200] {dag.py:3089} INFO - Sync 1 DAGs
[2024-08-09T19:45:11.552+0200] {logging_mixin.py:188} INFO - [2024-08-09T19:45:11.552+0200] {dag.py:3947} INFO - Setting next_dagrun for example_python_operator to None, run_after=None
[2024-08-09T19:45:11.636+0200] {processor.py:183} INFO - Processing /home/bvpelt/Develop/airflowtut/py_env/lib/python3.10/site-packages/airflow/example_dags/example_python_operator.py took 0.164 seconds
[2024-08-09T19:46:20.704+0200] {processor.py:161} INFO - Started process (PID=18589) to work on /home/bvpelt/Develop/airflowtut/py_env/lib/python3.10/site-packages/airflow/example_dags/example_python_operator.py
[2024-08-09T19:46:20.764+0200] {processor.py:830} INFO - Processing file /home/bvpelt/Develop/airflowtut/py_env/lib/python3.10/site-packages/airflow/example_dags/example_python_operator.py for tasks to queue
[2024-08-09T19:46:20.767+0200] {logging_mixin.py:188} INFO - [2024-08-09T19:46:20.766+0200] {dagbag.py:545} INFO - Filling up the DagBag from /home/bvpelt/Develop/airflowtut/py_env/lib/python3.10/site-packages/airflow/example_dags/example_python_operator.py
[2024-08-09T19:46:20.784+0200] {logging_mixin.py:188} INFO - [2024-08-09T19:46:20.783+0200] {example_python_operator.py:93} WARNING - The virtalenv_python example task requires virtualenv, please install it.
[2024-08-09T19:46:20.785+0200] {processor.py:840} INFO - DAG(s) 'example_python_operator' retrieved from /home/bvpelt/Develop/airflowtut/py_env/lib/python3.10/site-packages/airflow/example_dags/example_python_operator.py
[2024-08-09T19:46:20.812+0200] {logging_mixin.py:188} INFO - [2024-08-09T19:46:20.812+0200] {dag.py:3089} INFO - Sync 1 DAGs
[2024-08-09T19:46:20.822+0200] {logging_mixin.py:188} INFO - [2024-08-09T19:46:20.821+0200] {dag.py:3947} INFO - Setting next_dagrun for example_python_operator to None, run_after=None
[2024-08-09T19:46:20.918+0200] {processor.py:183} INFO - Processing /home/bvpelt/Develop/airflowtut/py_env/lib/python3.10/site-packages/airflow/example_dags/example_python_operator.py took 0.218 seconds
[2024-08-09T19:47:02.791+0200] {processor.py:161} INFO - Started process (PID=18752) to work on /home/bvpelt/Develop/airflowtut/py_env/lib/python3.10/site-packages/airflow/example_dags/example_python_operator.py
[2024-08-09T19:47:02.811+0200] {processor.py:830} INFO - Processing file /home/bvpelt/Develop/airflowtut/py_env/lib/python3.10/site-packages/airflow/example_dags/example_python_operator.py for tasks to queue
[2024-08-09T19:47:02.814+0200] {logging_mixin.py:188} INFO - [2024-08-09T19:47:02.813+0200] {dagbag.py:545} INFO - Filling up the DagBag from /home/bvpelt/Develop/airflowtut/py_env/lib/python3.10/site-packages/airflow/example_dags/example_python_operator.py
[2024-08-09T19:47:02.832+0200] {logging_mixin.py:188} INFO - [2024-08-09T19:47:02.831+0200] {example_python_operator.py:93} WARNING - The virtalenv_python example task requires virtualenv, please install it.
[2024-08-09T19:47:02.833+0200] {processor.py:840} INFO - DAG(s) 'example_python_operator' retrieved from /home/bvpelt/Develop/airflowtut/py_env/lib/python3.10/site-packages/airflow/example_dags/example_python_operator.py
[2024-08-09T19:47:02.862+0200] {logging_mixin.py:188} INFO - [2024-08-09T19:47:02.862+0200] {dag.py:3089} INFO - Sync 1 DAGs
[2024-08-09T19:47:02.872+0200] {logging_mixin.py:188} INFO - [2024-08-09T19:47:02.872+0200] {dag.py:3947} INFO - Setting next_dagrun for example_python_operator to None, run_after=None
[2024-08-09T19:47:02.947+0200] {processor.py:183} INFO - Processing /home/bvpelt/Develop/airflowtut/py_env/lib/python3.10/site-packages/airflow/example_dags/example_python_operator.py took 0.159 seconds
[2024-08-09T19:47:52.082+0200] {processor.py:161} INFO - Started process (PID=19007) to work on /home/bvpelt/Develop/airflowtut/py_env/lib/python3.10/site-packages/airflow/example_dags/example_python_operator.py
[2024-08-09T19:47:52.092+0200] {processor.py:830} INFO - Processing file /home/bvpelt/Develop/airflowtut/py_env/lib/python3.10/site-packages/airflow/example_dags/example_python_operator.py for tasks to queue
[2024-08-09T19:47:52.093+0200] {logging_mixin.py:188} INFO - [2024-08-09T19:47:52.093+0200] {dagbag.py:545} INFO - Filling up the DagBag from /home/bvpelt/Develop/airflowtut/py_env/lib/python3.10/site-packages/airflow/example_dags/example_python_operator.py
[2024-08-09T19:47:52.099+0200] {logging_mixin.py:188} INFO - [2024-08-09T19:47:52.099+0200] {example_python_operator.py:93} WARNING - The virtalenv_python example task requires virtualenv, please install it.
[2024-08-09T19:47:52.099+0200] {processor.py:840} INFO - DAG(s) 'example_python_operator' retrieved from /home/bvpelt/Develop/airflowtut/py_env/lib/python3.10/site-packages/airflow/example_dags/example_python_operator.py
[2024-08-09T19:47:52.114+0200] {logging_mixin.py:188} INFO - [2024-08-09T19:47:52.114+0200] {dag.py:3089} INFO - Sync 1 DAGs
[2024-08-09T19:47:52.124+0200] {logging_mixin.py:188} INFO - [2024-08-09T19:47:52.124+0200] {dag.py:3947} INFO - Setting next_dagrun for example_python_operator to None, run_after=None
[2024-08-09T19:47:52.222+0200] {processor.py:183} INFO - Processing /home/bvpelt/Develop/airflowtut/py_env/lib/python3.10/site-packages/airflow/example_dags/example_python_operator.py took 0.149 seconds
[2024-08-09T19:48:42.831+0200] {processor.py:161} INFO - Started process (PID=19120) to work on /home/bvpelt/Develop/airflowtut/py_env/lib/python3.10/site-packages/airflow/example_dags/example_python_operator.py
[2024-08-09T19:48:42.848+0200] {processor.py:830} INFO - Processing file /home/bvpelt/Develop/airflowtut/py_env/lib/python3.10/site-packages/airflow/example_dags/example_python_operator.py for tasks to queue
[2024-08-09T19:48:42.852+0200] {logging_mixin.py:188} INFO - [2024-08-09T19:48:42.851+0200] {dagbag.py:545} INFO - Filling up the DagBag from /home/bvpelt/Develop/airflowtut/py_env/lib/python3.10/site-packages/airflow/example_dags/example_python_operator.py
[2024-08-09T19:48:42.856+0200] {logging_mixin.py:188} INFO - [2024-08-09T19:48:42.856+0200] {example_python_operator.py:93} WARNING - The virtalenv_python example task requires virtualenv, please install it.
[2024-08-09T19:48:42.856+0200] {processor.py:840} INFO - DAG(s) 'example_python_operator' retrieved from /home/bvpelt/Develop/airflowtut/py_env/lib/python3.10/site-packages/airflow/example_dags/example_python_operator.py
[2024-08-09T19:48:42.865+0200] {logging_mixin.py:188} INFO - [2024-08-09T19:48:42.865+0200] {dag.py:3089} INFO - Sync 1 DAGs
[2024-08-09T19:48:42.872+0200] {logging_mixin.py:188} INFO - [2024-08-09T19:48:42.872+0200] {dag.py:3947} INFO - Setting next_dagrun for example_python_operator to None, run_after=None
[2024-08-09T19:48:42.949+0200] {processor.py:183} INFO - Processing /home/bvpelt/Develop/airflowtut/py_env/lib/python3.10/site-packages/airflow/example_dags/example_python_operator.py took 0.121 seconds
[2024-08-09T19:49:32.503+0200] {processor.py:161} INFO - Started process (PID=19204) to work on /home/bvpelt/Develop/airflowtut/py_env/lib/python3.10/site-packages/airflow/example_dags/example_python_operator.py
[2024-08-09T19:49:32.504+0200] {processor.py:830} INFO - Processing file /home/bvpelt/Develop/airflowtut/py_env/lib/python3.10/site-packages/airflow/example_dags/example_python_operator.py for tasks to queue
[2024-08-09T19:49:32.505+0200] {logging_mixin.py:188} INFO - [2024-08-09T19:49:32.504+0200] {dagbag.py:545} INFO - Filling up the DagBag from /home/bvpelt/Develop/airflowtut/py_env/lib/python3.10/site-packages/airflow/example_dags/example_python_operator.py
[2024-08-09T19:49:32.508+0200] {logging_mixin.py:188} INFO - [2024-08-09T19:49:32.508+0200] {example_python_operator.py:93} WARNING - The virtalenv_python example task requires virtualenv, please install it.
[2024-08-09T19:49:32.509+0200] {processor.py:840} INFO - DAG(s) 'example_python_operator' retrieved from /home/bvpelt/Develop/airflowtut/py_env/lib/python3.10/site-packages/airflow/example_dags/example_python_operator.py
[2024-08-09T19:49:32.518+0200] {logging_mixin.py:188} INFO - [2024-08-09T19:49:32.518+0200] {dag.py:3089} INFO - Sync 1 DAGs
[2024-08-09T19:49:32.525+0200] {logging_mixin.py:188} INFO - [2024-08-09T19:49:32.525+0200] {dag.py:3947} INFO - Setting next_dagrun for example_python_operator to None, run_after=None
[2024-08-09T19:49:32.643+0200] {processor.py:183} INFO - Processing /home/bvpelt/Develop/airflowtut/py_env/lib/python3.10/site-packages/airflow/example_dags/example_python_operator.py took 0.143 seconds
[2024-08-09T19:50:25.406+0200] {processor.py:161} INFO - Started process (PID=19358) to work on /home/bvpelt/Develop/airflowtut/py_env/lib/python3.10/site-packages/airflow/example_dags/example_python_operator.py
[2024-08-09T19:50:25.407+0200] {processor.py:830} INFO - Processing file /home/bvpelt/Develop/airflowtut/py_env/lib/python3.10/site-packages/airflow/example_dags/example_python_operator.py for tasks to queue
[2024-08-09T19:50:25.408+0200] {logging_mixin.py:188} INFO - [2024-08-09T19:50:25.408+0200] {dagbag.py:545} INFO - Filling up the DagBag from /home/bvpelt/Develop/airflowtut/py_env/lib/python3.10/site-packages/airflow/example_dags/example_python_operator.py
[2024-08-09T19:50:25.411+0200] {logging_mixin.py:188} INFO - [2024-08-09T19:50:25.411+0200] {example_python_operator.py:93} WARNING - The virtalenv_python example task requires virtualenv, please install it.
[2024-08-09T19:50:25.412+0200] {processor.py:840} INFO - DAG(s) 'example_python_operator' retrieved from /home/bvpelt/Develop/airflowtut/py_env/lib/python3.10/site-packages/airflow/example_dags/example_python_operator.py
[2024-08-09T19:50:25.421+0200] {logging_mixin.py:188} INFO - [2024-08-09T19:50:25.421+0200] {dag.py:3089} INFO - Sync 1 DAGs
[2024-08-09T19:50:25.428+0200] {logging_mixin.py:188} INFO - [2024-08-09T19:50:25.428+0200] {dag.py:3947} INFO - Setting next_dagrun for example_python_operator to None, run_after=None
[2024-08-09T19:50:25.516+0200] {processor.py:183} INFO - Processing /home/bvpelt/Develop/airflowtut/py_env/lib/python3.10/site-packages/airflow/example_dags/example_python_operator.py took 0.113 seconds
[2024-08-09T19:51:16.594+0200] {processor.py:161} INFO - Started process (PID=19484) to work on /home/bvpelt/Develop/airflowtut/py_env/lib/python3.10/site-packages/airflow/example_dags/example_python_operator.py
[2024-08-09T19:51:16.594+0200] {processor.py:830} INFO - Processing file /home/bvpelt/Develop/airflowtut/py_env/lib/python3.10/site-packages/airflow/example_dags/example_python_operator.py for tasks to queue
[2024-08-09T19:51:16.595+0200] {logging_mixin.py:188} INFO - [2024-08-09T19:51:16.595+0200] {dagbag.py:545} INFO - Filling up the DagBag from /home/bvpelt/Develop/airflowtut/py_env/lib/python3.10/site-packages/airflow/example_dags/example_python_operator.py
[2024-08-09T19:51:16.599+0200] {logging_mixin.py:188} INFO - [2024-08-09T19:51:16.599+0200] {example_python_operator.py:93} WARNING - The virtalenv_python example task requires virtualenv, please install it.
[2024-08-09T19:51:16.599+0200] {processor.py:840} INFO - DAG(s) 'example_python_operator' retrieved from /home/bvpelt/Develop/airflowtut/py_env/lib/python3.10/site-packages/airflow/example_dags/example_python_operator.py
[2024-08-09T19:51:16.609+0200] {logging_mixin.py:188} INFO - [2024-08-09T19:51:16.609+0200] {dag.py:3089} INFO - Sync 1 DAGs
[2024-08-09T19:51:16.616+0200] {logging_mixin.py:188} INFO - [2024-08-09T19:51:16.616+0200] {dag.py:3947} INFO - Setting next_dagrun for example_python_operator to None, run_after=None
[2024-08-09T19:51:16.721+0200] {processor.py:183} INFO - Processing /home/bvpelt/Develop/airflowtut/py_env/lib/python3.10/site-packages/airflow/example_dags/example_python_operator.py took 0.131 seconds
[2024-08-09T19:52:25.720+0200] {processor.py:161} INFO - Started process (PID=19985) to work on /home/bvpelt/Develop/airflowtut/py_env/lib/python3.10/site-packages/airflow/example_dags/example_python_operator.py
[2024-08-09T19:52:25.720+0200] {processor.py:830} INFO - Processing file /home/bvpelt/Develop/airflowtut/py_env/lib/python3.10/site-packages/airflow/example_dags/example_python_operator.py for tasks to queue
[2024-08-09T19:52:25.721+0200] {logging_mixin.py:188} INFO - [2024-08-09T19:52:25.721+0200] {dagbag.py:545} INFO - Filling up the DagBag from /home/bvpelt/Develop/airflowtut/py_env/lib/python3.10/site-packages/airflow/example_dags/example_python_operator.py
[2024-08-09T19:52:25.725+0200] {logging_mixin.py:188} INFO - [2024-08-09T19:52:25.725+0200] {example_python_operator.py:93} WARNING - The virtalenv_python example task requires virtualenv, please install it.
[2024-08-09T19:52:25.725+0200] {processor.py:840} INFO - DAG(s) 'example_python_operator' retrieved from /home/bvpelt/Develop/airflowtut/py_env/lib/python3.10/site-packages/airflow/example_dags/example_python_operator.py
[2024-08-09T19:52:25.735+0200] {logging_mixin.py:188} INFO - [2024-08-09T19:52:25.735+0200] {dag.py:3089} INFO - Sync 1 DAGs
[2024-08-09T19:52:25.742+0200] {logging_mixin.py:188} INFO - [2024-08-09T19:52:25.742+0200] {dag.py:3947} INFO - Setting next_dagrun for example_python_operator to None, run_after=None
[2024-08-09T19:52:25.861+0200] {processor.py:183} INFO - Processing /home/bvpelt/Develop/airflowtut/py_env/lib/python3.10/site-packages/airflow/example_dags/example_python_operator.py took 0.145 seconds
[2024-08-09T19:53:12.099+0200] {processor.py:161} INFO - Started process (PID=20081) to work on /home/bvpelt/Develop/airflowtut/py_env/lib/python3.10/site-packages/airflow/example_dags/example_python_operator.py
[2024-08-09T19:53:12.100+0200] {processor.py:830} INFO - Processing file /home/bvpelt/Develop/airflowtut/py_env/lib/python3.10/site-packages/airflow/example_dags/example_python_operator.py for tasks to queue
[2024-08-09T19:53:12.101+0200] {logging_mixin.py:188} INFO - [2024-08-09T19:53:12.101+0200] {dagbag.py:545} INFO - Filling up the DagBag from /home/bvpelt/Develop/airflowtut/py_env/lib/python3.10/site-packages/airflow/example_dags/example_python_operator.py
[2024-08-09T19:53:12.104+0200] {logging_mixin.py:188} INFO - [2024-08-09T19:53:12.104+0200] {example_python_operator.py:93} WARNING - The virtalenv_python example task requires virtualenv, please install it.
[2024-08-09T19:53:12.104+0200] {processor.py:840} INFO - DAG(s) 'example_python_operator' retrieved from /home/bvpelt/Develop/airflowtut/py_env/lib/python3.10/site-packages/airflow/example_dags/example_python_operator.py
[2024-08-09T19:53:12.113+0200] {logging_mixin.py:188} INFO - [2024-08-09T19:53:12.113+0200] {dag.py:3089} INFO - Sync 1 DAGs
[2024-08-09T19:53:12.120+0200] {logging_mixin.py:188} INFO - [2024-08-09T19:53:12.120+0200] {dag.py:3947} INFO - Setting next_dagrun for example_python_operator to None, run_after=None
[2024-08-09T19:53:12.184+0200] {processor.py:183} INFO - Processing /home/bvpelt/Develop/airflowtut/py_env/lib/python3.10/site-packages/airflow/example_dags/example_python_operator.py took 0.088 seconds
[2024-08-09T19:54:04.565+0200] {processor.py:161} INFO - Started process (PID=20139) to work on /home/bvpelt/Develop/airflowtut/py_env/lib/python3.10/site-packages/airflow/example_dags/example_python_operator.py
[2024-08-09T19:54:04.585+0200] {processor.py:830} INFO - Processing file /home/bvpelt/Develop/airflowtut/py_env/lib/python3.10/site-packages/airflow/example_dags/example_python_operator.py for tasks to queue
[2024-08-09T19:54:04.586+0200] {logging_mixin.py:188} INFO - [2024-08-09T19:54:04.586+0200] {dagbag.py:545} INFO - Filling up the DagBag from /home/bvpelt/Develop/airflowtut/py_env/lib/python3.10/site-packages/airflow/example_dags/example_python_operator.py
[2024-08-09T19:54:04.590+0200] {logging_mixin.py:188} INFO - [2024-08-09T19:54:04.590+0200] {example_python_operator.py:93} WARNING - The virtalenv_python example task requires virtualenv, please install it.
[2024-08-09T19:54:04.591+0200] {processor.py:840} INFO - DAG(s) 'example_python_operator' retrieved from /home/bvpelt/Develop/airflowtut/py_env/lib/python3.10/site-packages/airflow/example_dags/example_python_operator.py
[2024-08-09T19:54:04.602+0200] {logging_mixin.py:188} INFO - [2024-08-09T19:54:04.602+0200] {dag.py:3089} INFO - Sync 1 DAGs
[2024-08-09T19:54:04.610+0200] {logging_mixin.py:188} INFO - [2024-08-09T19:54:04.610+0200] {dag.py:3947} INFO - Setting next_dagrun for example_python_operator to None, run_after=None
[2024-08-09T19:54:04.687+0200] {processor.py:183} INFO - Processing /home/bvpelt/Develop/airflowtut/py_env/lib/python3.10/site-packages/airflow/example_dags/example_python_operator.py took 0.125 seconds
[2024-08-09T19:54:58.450+0200] {processor.py:161} INFO - Started process (PID=20216) to work on /home/bvpelt/Develop/airflowtut/py_env/lib/python3.10/site-packages/airflow/example_dags/example_python_operator.py
[2024-08-09T19:54:58.450+0200] {processor.py:830} INFO - Processing file /home/bvpelt/Develop/airflowtut/py_env/lib/python3.10/site-packages/airflow/example_dags/example_python_operator.py for tasks to queue
[2024-08-09T19:54:58.451+0200] {logging_mixin.py:188} INFO - [2024-08-09T19:54:58.451+0200] {dagbag.py:545} INFO - Filling up the DagBag from /home/bvpelt/Develop/airflowtut/py_env/lib/python3.10/site-packages/airflow/example_dags/example_python_operator.py
[2024-08-09T19:54:58.455+0200] {logging_mixin.py:188} INFO - [2024-08-09T19:54:58.455+0200] {example_python_operator.py:93} WARNING - The virtalenv_python example task requires virtualenv, please install it.
[2024-08-09T19:54:58.455+0200] {processor.py:840} INFO - DAG(s) 'example_python_operator' retrieved from /home/bvpelt/Develop/airflowtut/py_env/lib/python3.10/site-packages/airflow/example_dags/example_python_operator.py
[2024-08-09T19:54:58.465+0200] {logging_mixin.py:188} INFO - [2024-08-09T19:54:58.465+0200] {dag.py:3089} INFO - Sync 1 DAGs
[2024-08-09T19:54:58.472+0200] {logging_mixin.py:188} INFO - [2024-08-09T19:54:58.472+0200] {dag.py:3947} INFO - Setting next_dagrun for example_python_operator to None, run_after=None
[2024-08-09T19:54:58.554+0200] {processor.py:183} INFO - Processing /home/bvpelt/Develop/airflowtut/py_env/lib/python3.10/site-packages/airflow/example_dags/example_python_operator.py took 0.113 seconds
[2024-08-09T19:55:45.706+0200] {processor.py:161} INFO - Started process (PID=20307) to work on /home/bvpelt/Develop/airflowtut/py_env/lib/python3.10/site-packages/airflow/example_dags/example_python_operator.py
[2024-08-09T19:55:45.707+0200] {processor.py:830} INFO - Processing file /home/bvpelt/Develop/airflowtut/py_env/lib/python3.10/site-packages/airflow/example_dags/example_python_operator.py for tasks to queue
[2024-08-09T19:55:45.708+0200] {logging_mixin.py:188} INFO - [2024-08-09T19:55:45.707+0200] {dagbag.py:545} INFO - Filling up the DagBag from /home/bvpelt/Develop/airflowtut/py_env/lib/python3.10/site-packages/airflow/example_dags/example_python_operator.py
[2024-08-09T19:55:45.711+0200] {logging_mixin.py:188} INFO - [2024-08-09T19:55:45.711+0200] {example_python_operator.py:93} WARNING - The virtalenv_python example task requires virtualenv, please install it.
[2024-08-09T19:55:45.712+0200] {processor.py:840} INFO - DAG(s) 'example_python_operator' retrieved from /home/bvpelt/Develop/airflowtut/py_env/lib/python3.10/site-packages/airflow/example_dags/example_python_operator.py
[2024-08-09T19:55:45.721+0200] {logging_mixin.py:188} INFO - [2024-08-09T19:55:45.721+0200] {dag.py:3089} INFO - Sync 1 DAGs
[2024-08-09T19:55:45.727+0200] {logging_mixin.py:188} INFO - [2024-08-09T19:55:45.727+0200] {dag.py:3947} INFO - Setting next_dagrun for example_python_operator to None, run_after=None
[2024-08-09T19:55:45.817+0200] {processor.py:183} INFO - Processing /home/bvpelt/Develop/airflowtut/py_env/lib/python3.10/site-packages/airflow/example_dags/example_python_operator.py took 0.114 seconds
[2024-08-09T19:56:32.859+0200] {processor.py:161} INFO - Started process (PID=20363) to work on /home/bvpelt/Develop/airflowtut/py_env/lib/python3.10/site-packages/airflow/example_dags/example_python_operator.py
[2024-08-09T19:56:32.859+0200] {processor.py:830} INFO - Processing file /home/bvpelt/Develop/airflowtut/py_env/lib/python3.10/site-packages/airflow/example_dags/example_python_operator.py for tasks to queue
[2024-08-09T19:56:32.860+0200] {logging_mixin.py:188} INFO - [2024-08-09T19:56:32.860+0200] {dagbag.py:545} INFO - Filling up the DagBag from /home/bvpelt/Develop/airflowtut/py_env/lib/python3.10/site-packages/airflow/example_dags/example_python_operator.py
[2024-08-09T19:56:32.864+0200] {logging_mixin.py:188} INFO - [2024-08-09T19:56:32.864+0200] {example_python_operator.py:93} WARNING - The virtalenv_python example task requires virtualenv, please install it.
[2024-08-09T19:56:32.864+0200] {processor.py:840} INFO - DAG(s) 'example_python_operator' retrieved from /home/bvpelt/Develop/airflowtut/py_env/lib/python3.10/site-packages/airflow/example_dags/example_python_operator.py
[2024-08-09T19:56:32.873+0200] {logging_mixin.py:188} INFO - [2024-08-09T19:56:32.873+0200] {dag.py:3089} INFO - Sync 1 DAGs
[2024-08-09T19:56:32.879+0200] {logging_mixin.py:188} INFO - [2024-08-09T19:56:32.879+0200] {dag.py:3947} INFO - Setting next_dagrun for example_python_operator to None, run_after=None
[2024-08-09T19:56:32.959+0200] {processor.py:183} INFO - Processing /home/bvpelt/Develop/airflowtut/py_env/lib/python3.10/site-packages/airflow/example_dags/example_python_operator.py took 0.103 seconds
[2024-08-09T19:57:26.083+0200] {processor.py:161} INFO - Started process (PID=20491) to work on /home/bvpelt/Develop/airflowtut/py_env/lib/python3.10/site-packages/airflow/example_dags/example_python_operator.py
[2024-08-09T19:57:26.085+0200] {processor.py:830} INFO - Processing file /home/bvpelt/Develop/airflowtut/py_env/lib/python3.10/site-packages/airflow/example_dags/example_python_operator.py for tasks to queue
[2024-08-09T19:57:26.089+0200] {logging_mixin.py:188} INFO - [2024-08-09T19:57:26.088+0200] {dagbag.py:545} INFO - Filling up the DagBag from /home/bvpelt/Develop/airflowtut/py_env/lib/python3.10/site-packages/airflow/example_dags/example_python_operator.py
[2024-08-09T19:57:26.099+0200] {logging_mixin.py:188} INFO - [2024-08-09T19:57:26.098+0200] {example_python_operator.py:93} WARNING - The virtalenv_python example task requires virtualenv, please install it.
[2024-08-09T19:57:26.099+0200] {processor.py:840} INFO - DAG(s) 'example_python_operator' retrieved from /home/bvpelt/Develop/airflowtut/py_env/lib/python3.10/site-packages/airflow/example_dags/example_python_operator.py
[2024-08-09T19:57:26.115+0200] {logging_mixin.py:188} INFO - [2024-08-09T19:57:26.114+0200] {dag.py:3089} INFO - Sync 1 DAGs
[2024-08-09T19:57:26.123+0200] {logging_mixin.py:188} INFO - [2024-08-09T19:57:26.123+0200] {dag.py:3947} INFO - Setting next_dagrun for example_python_operator to None, run_after=None
[2024-08-09T19:57:26.219+0200] {processor.py:183} INFO - Processing /home/bvpelt/Develop/airflowtut/py_env/lib/python3.10/site-packages/airflow/example_dags/example_python_operator.py took 0.152 seconds
[2024-08-09T19:58:16.529+0200] {processor.py:161} INFO - Started process (PID=20593) to work on /home/bvpelt/Develop/airflowtut/py_env/lib/python3.10/site-packages/airflow/example_dags/example_python_operator.py
[2024-08-09T19:58:16.542+0200] {processor.py:830} INFO - Processing file /home/bvpelt/Develop/airflowtut/py_env/lib/python3.10/site-packages/airflow/example_dags/example_python_operator.py for tasks to queue
[2024-08-09T19:58:16.546+0200] {logging_mixin.py:188} INFO - [2024-08-09T19:58:16.545+0200] {dagbag.py:545} INFO - Filling up the DagBag from /home/bvpelt/Develop/airflowtut/py_env/lib/python3.10/site-packages/airflow/example_dags/example_python_operator.py
[2024-08-09T19:58:16.563+0200] {logging_mixin.py:188} INFO - [2024-08-09T19:58:16.562+0200] {example_python_operator.py:93} WARNING - The virtalenv_python example task requires virtualenv, please install it.
[2024-08-09T19:58:16.564+0200] {processor.py:840} INFO - DAG(s) 'example_python_operator' retrieved from /home/bvpelt/Develop/airflowtut/py_env/lib/python3.10/site-packages/airflow/example_dags/example_python_operator.py
[2024-08-09T19:58:16.582+0200] {logging_mixin.py:188} INFO - [2024-08-09T19:58:16.582+0200] {dag.py:3089} INFO - Sync 1 DAGs
[2024-08-09T19:58:16.591+0200] {logging_mixin.py:188} INFO - [2024-08-09T19:58:16.591+0200] {dag.py:3947} INFO - Setting next_dagrun for example_python_operator to None, run_after=None
[2024-08-09T19:58:16.700+0200] {processor.py:183} INFO - Processing /home/bvpelt/Develop/airflowtut/py_env/lib/python3.10/site-packages/airflow/example_dags/example_python_operator.py took 0.188 seconds
[2024-08-09T19:59:14.560+0200] {processor.py:161} INFO - Started process (PID=20689) to work on /home/bvpelt/Develop/airflowtut/py_env/lib/python3.10/site-packages/airflow/example_dags/example_python_operator.py
[2024-08-09T19:59:14.580+0200] {processor.py:830} INFO - Processing file /home/bvpelt/Develop/airflowtut/py_env/lib/python3.10/site-packages/airflow/example_dags/example_python_operator.py for tasks to queue
[2024-08-09T19:59:14.582+0200] {logging_mixin.py:188} INFO - [2024-08-09T19:59:14.581+0200] {dagbag.py:545} INFO - Filling up the DagBag from /home/bvpelt/Develop/airflowtut/py_env/lib/python3.10/site-packages/airflow/example_dags/example_python_operator.py
[2024-08-09T19:59:14.588+0200] {logging_mixin.py:188} INFO - [2024-08-09T19:59:14.588+0200] {example_python_operator.py:93} WARNING - The virtalenv_python example task requires virtualenv, please install it.
[2024-08-09T19:59:14.588+0200] {processor.py:840} INFO - DAG(s) 'example_python_operator' retrieved from /home/bvpelt/Develop/airflowtut/py_env/lib/python3.10/site-packages/airflow/example_dags/example_python_operator.py
[2024-08-09T19:59:14.605+0200] {logging_mixin.py:188} INFO - [2024-08-09T19:59:14.604+0200] {dag.py:3089} INFO - Sync 1 DAGs
[2024-08-09T19:59:14.615+0200] {logging_mixin.py:188} INFO - [2024-08-09T19:59:14.615+0200] {dag.py:3947} INFO - Setting next_dagrun for example_python_operator to None, run_after=None
[2024-08-09T19:59:14.805+0200] {processor.py:183} INFO - Processing /home/bvpelt/Develop/airflowtut/py_env/lib/python3.10/site-packages/airflow/example_dags/example_python_operator.py took 0.249 seconds
[2024-08-09T20:00:08.144+0200] {processor.py:161} INFO - Started process (PID=20755) to work on /home/bvpelt/Develop/airflowtut/py_env/lib/python3.10/site-packages/airflow/example_dags/example_python_operator.py
[2024-08-09T20:00:08.170+0200] {processor.py:830} INFO - Processing file /home/bvpelt/Develop/airflowtut/py_env/lib/python3.10/site-packages/airflow/example_dags/example_python_operator.py for tasks to queue
[2024-08-09T20:00:08.174+0200] {logging_mixin.py:188} INFO - [2024-08-09T20:00:08.173+0200] {dagbag.py:545} INFO - Filling up the DagBag from /home/bvpelt/Develop/airflowtut/py_env/lib/python3.10/site-packages/airflow/example_dags/example_python_operator.py
[2024-08-09T20:00:08.191+0200] {logging_mixin.py:188} INFO - [2024-08-09T20:00:08.191+0200] {example_python_operator.py:93} WARNING - The virtalenv_python example task requires virtualenv, please install it.
[2024-08-09T20:00:08.193+0200] {processor.py:840} INFO - DAG(s) 'example_python_operator' retrieved from /home/bvpelt/Develop/airflowtut/py_env/lib/python3.10/site-packages/airflow/example_dags/example_python_operator.py
[2024-08-09T20:00:08.214+0200] {logging_mixin.py:188} INFO - [2024-08-09T20:00:08.213+0200] {dag.py:3089} INFO - Sync 1 DAGs
[2024-08-09T20:00:08.223+0200] {logging_mixin.py:188} INFO - [2024-08-09T20:00:08.223+0200] {dag.py:3947} INFO - Setting next_dagrun for example_python_operator to None, run_after=None
[2024-08-09T20:00:08.355+0200] {processor.py:183} INFO - Processing /home/bvpelt/Develop/airflowtut/py_env/lib/python3.10/site-packages/airflow/example_dags/example_python_operator.py took 0.226 seconds
[2024-08-09T20:00:58.091+0200] {processor.py:161} INFO - Started process (PID=20821) to work on /home/bvpelt/Develop/airflowtut/py_env/lib/python3.10/site-packages/airflow/example_dags/example_python_operator.py
[2024-08-09T20:00:58.100+0200] {processor.py:830} INFO - Processing file /home/bvpelt/Develop/airflowtut/py_env/lib/python3.10/site-packages/airflow/example_dags/example_python_operator.py for tasks to queue
[2024-08-09T20:00:58.100+0200] {logging_mixin.py:188} INFO - [2024-08-09T20:00:58.100+0200] {dagbag.py:545} INFO - Filling up the DagBag from /home/bvpelt/Develop/airflowtut/py_env/lib/python3.10/site-packages/airflow/example_dags/example_python_operator.py
[2024-08-09T20:00:58.104+0200] {logging_mixin.py:188} INFO - [2024-08-09T20:00:58.104+0200] {example_python_operator.py:93} WARNING - The virtalenv_python example task requires virtualenv, please install it.
[2024-08-09T20:00:58.105+0200] {processor.py:840} INFO - DAG(s) 'example_python_operator' retrieved from /home/bvpelt/Develop/airflowtut/py_env/lib/python3.10/site-packages/airflow/example_dags/example_python_operator.py
[2024-08-09T20:00:58.116+0200] {logging_mixin.py:188} INFO - [2024-08-09T20:00:58.115+0200] {dag.py:3089} INFO - Sync 1 DAGs
[2024-08-09T20:00:58.123+0200] {logging_mixin.py:188} INFO - [2024-08-09T20:00:58.123+0200] {dag.py:3947} INFO - Setting next_dagrun for example_python_operator to None, run_after=None
[2024-08-09T20:00:58.213+0200] {processor.py:183} INFO - Processing /home/bvpelt/Develop/airflowtut/py_env/lib/python3.10/site-packages/airflow/example_dags/example_python_operator.py took 0.126 seconds
[2024-08-09T20:01:48.008+0200] {processor.py:161} INFO - Started process (PID=20959) to work on /home/bvpelt/Develop/airflowtut/py_env/lib/python3.10/site-packages/airflow/example_dags/example_python_operator.py
[2024-08-09T20:01:48.022+0200] {processor.py:830} INFO - Processing file /home/bvpelt/Develop/airflowtut/py_env/lib/python3.10/site-packages/airflow/example_dags/example_python_operator.py for tasks to queue
[2024-08-09T20:01:48.023+0200] {logging_mixin.py:188} INFO - [2024-08-09T20:01:48.022+0200] {dagbag.py:545} INFO - Filling up the DagBag from /home/bvpelt/Develop/airflowtut/py_env/lib/python3.10/site-packages/airflow/example_dags/example_python_operator.py
[2024-08-09T20:01:48.027+0200] {logging_mixin.py:188} INFO - [2024-08-09T20:01:48.027+0200] {example_python_operator.py:93} WARNING - The virtalenv_python example task requires virtualenv, please install it.
[2024-08-09T20:01:48.028+0200] {processor.py:840} INFO - DAG(s) 'example_python_operator' retrieved from /home/bvpelt/Develop/airflowtut/py_env/lib/python3.10/site-packages/airflow/example_dags/example_python_operator.py
[2024-08-09T20:01:48.040+0200] {logging_mixin.py:188} INFO - [2024-08-09T20:01:48.039+0200] {dag.py:3089} INFO - Sync 1 DAGs
[2024-08-09T20:01:48.048+0200] {logging_mixin.py:188} INFO - [2024-08-09T20:01:48.048+0200] {dag.py:3947} INFO - Setting next_dagrun for example_python_operator to None, run_after=None
[2024-08-09T20:01:48.144+0200] {processor.py:183} INFO - Processing /home/bvpelt/Develop/airflowtut/py_env/lib/python3.10/site-packages/airflow/example_dags/example_python_operator.py took 0.139 seconds
[2024-08-09T20:02:39.130+0200] {processor.py:161} INFO - Started process (PID=21054) to work on /home/bvpelt/Develop/airflowtut/py_env/lib/python3.10/site-packages/airflow/example_dags/example_python_operator.py
[2024-08-09T20:02:39.131+0200] {processor.py:830} INFO - Processing file /home/bvpelt/Develop/airflowtut/py_env/lib/python3.10/site-packages/airflow/example_dags/example_python_operator.py for tasks to queue
[2024-08-09T20:02:39.135+0200] {logging_mixin.py:188} INFO - [2024-08-09T20:02:39.134+0200] {dagbag.py:545} INFO - Filling up the DagBag from /home/bvpelt/Develop/airflowtut/py_env/lib/python3.10/site-packages/airflow/example_dags/example_python_operator.py
[2024-08-09T20:02:39.147+0200] {logging_mixin.py:188} INFO - [2024-08-09T20:02:39.147+0200] {example_python_operator.py:93} WARNING - The virtalenv_python example task requires virtualenv, please install it.
[2024-08-09T20:02:39.148+0200] {processor.py:840} INFO - DAG(s) 'example_python_operator' retrieved from /home/bvpelt/Develop/airflowtut/py_env/lib/python3.10/site-packages/airflow/example_dags/example_python_operator.py
[2024-08-09T20:02:39.165+0200] {logging_mixin.py:188} INFO - [2024-08-09T20:02:39.164+0200] {dag.py:3089} INFO - Sync 1 DAGs
[2024-08-09T20:02:39.173+0200] {logging_mixin.py:188} INFO - [2024-08-09T20:02:39.173+0200] {dag.py:3947} INFO - Setting next_dagrun for example_python_operator to None, run_after=None
[2024-08-09T20:02:39.271+0200] {processor.py:183} INFO - Processing /home/bvpelt/Develop/airflowtut/py_env/lib/python3.10/site-packages/airflow/example_dags/example_python_operator.py took 0.155 seconds
[2024-08-09T20:03:37.607+0200] {processor.py:161} INFO - Started process (PID=21109) to work on /home/bvpelt/Develop/airflowtut/py_env/lib/python3.10/site-packages/airflow/example_dags/example_python_operator.py
[2024-08-09T20:03:37.608+0200] {processor.py:830} INFO - Processing file /home/bvpelt/Develop/airflowtut/py_env/lib/python3.10/site-packages/airflow/example_dags/example_python_operator.py for tasks to queue
[2024-08-09T20:03:37.609+0200] {logging_mixin.py:188} INFO - [2024-08-09T20:03:37.609+0200] {dagbag.py:545} INFO - Filling up the DagBag from /home/bvpelt/Develop/airflowtut/py_env/lib/python3.10/site-packages/airflow/example_dags/example_python_operator.py
[2024-08-09T20:03:37.612+0200] {logging_mixin.py:188} INFO - [2024-08-09T20:03:37.612+0200] {example_python_operator.py:93} WARNING - The virtalenv_python example task requires virtualenv, please install it.
[2024-08-09T20:03:37.613+0200] {processor.py:840} INFO - DAG(s) 'example_python_operator' retrieved from /home/bvpelt/Develop/airflowtut/py_env/lib/python3.10/site-packages/airflow/example_dags/example_python_operator.py
[2024-08-09T20:03:37.623+0200] {logging_mixin.py:188} INFO - [2024-08-09T20:03:37.623+0200] {dag.py:3089} INFO - Sync 1 DAGs
[2024-08-09T20:03:37.629+0200] {logging_mixin.py:188} INFO - [2024-08-09T20:03:37.629+0200] {dag.py:3947} INFO - Setting next_dagrun for example_python_operator to None, run_after=None
[2024-08-09T20:03:37.714+0200] {processor.py:183} INFO - Processing /home/bvpelt/Develop/airflowtut/py_env/lib/python3.10/site-packages/airflow/example_dags/example_python_operator.py took 0.111 seconds
[2024-08-09T20:04:31.245+0200] {processor.py:161} INFO - Started process (PID=21197) to work on /home/bvpelt/Develop/airflowtut/py_env/lib/python3.10/site-packages/airflow/example_dags/example_python_operator.py
[2024-08-09T20:04:31.246+0200] {processor.py:830} INFO - Processing file /home/bvpelt/Develop/airflowtut/py_env/lib/python3.10/site-packages/airflow/example_dags/example_python_operator.py for tasks to queue
[2024-08-09T20:04:31.247+0200] {logging_mixin.py:188} INFO - [2024-08-09T20:04:31.247+0200] {dagbag.py:545} INFO - Filling up the DagBag from /home/bvpelt/Develop/airflowtut/py_env/lib/python3.10/site-packages/airflow/example_dags/example_python_operator.py
[2024-08-09T20:04:31.253+0200] {logging_mixin.py:188} INFO - [2024-08-09T20:04:31.253+0200] {example_python_operator.py:93} WARNING - The virtalenv_python example task requires virtualenv, please install it.
[2024-08-09T20:04:31.254+0200] {processor.py:840} INFO - DAG(s) 'example_python_operator' retrieved from /home/bvpelt/Develop/airflowtut/py_env/lib/python3.10/site-packages/airflow/example_dags/example_python_operator.py
[2024-08-09T20:04:31.271+0200] {logging_mixin.py:188} INFO - [2024-08-09T20:04:31.270+0200] {dag.py:3089} INFO - Sync 1 DAGs
[2024-08-09T20:04:31.280+0200] {logging_mixin.py:188} INFO - [2024-08-09T20:04:31.280+0200] {dag.py:3947} INFO - Setting next_dagrun for example_python_operator to None, run_after=None
[2024-08-09T20:04:31.434+0200] {processor.py:183} INFO - Processing /home/bvpelt/Develop/airflowtut/py_env/lib/python3.10/site-packages/airflow/example_dags/example_python_operator.py took 0.194 seconds
[2024-08-09T20:05:22.180+0200] {processor.py:161} INFO - Started process (PID=21355) to work on /home/bvpelt/Develop/airflowtut/py_env/lib/python3.10/site-packages/airflow/example_dags/example_python_operator.py
[2024-08-09T20:05:22.180+0200] {processor.py:830} INFO - Processing file /home/bvpelt/Develop/airflowtut/py_env/lib/python3.10/site-packages/airflow/example_dags/example_python_operator.py for tasks to queue
[2024-08-09T20:05:22.181+0200] {logging_mixin.py:188} INFO - [2024-08-09T20:05:22.181+0200] {dagbag.py:545} INFO - Filling up the DagBag from /home/bvpelt/Develop/airflowtut/py_env/lib/python3.10/site-packages/airflow/example_dags/example_python_operator.py
[2024-08-09T20:05:22.184+0200] {logging_mixin.py:188} INFO - [2024-08-09T20:05:22.184+0200] {example_python_operator.py:93} WARNING - The virtalenv_python example task requires virtualenv, please install it.
[2024-08-09T20:05:22.185+0200] {processor.py:840} INFO - DAG(s) 'example_python_operator' retrieved from /home/bvpelt/Develop/airflowtut/py_env/lib/python3.10/site-packages/airflow/example_dags/example_python_operator.py
[2024-08-09T20:05:22.194+0200] {logging_mixin.py:188} INFO - [2024-08-09T20:05:22.194+0200] {dag.py:3089} INFO - Sync 1 DAGs
[2024-08-09T20:05:22.200+0200] {logging_mixin.py:188} INFO - [2024-08-09T20:05:22.200+0200] {dag.py:3947} INFO - Setting next_dagrun for example_python_operator to None, run_after=None
[2024-08-09T20:05:22.284+0200] {processor.py:183} INFO - Processing /home/bvpelt/Develop/airflowtut/py_env/lib/python3.10/site-packages/airflow/example_dags/example_python_operator.py took 0.107 seconds
[2024-08-09T20:06:20.029+0200] {processor.py:161} INFO - Started process (PID=21411) to work on /home/bvpelt/Develop/airflowtut/py_env/lib/python3.10/site-packages/airflow/example_dags/example_python_operator.py
[2024-08-09T20:06:20.030+0200] {processor.py:830} INFO - Processing file /home/bvpelt/Develop/airflowtut/py_env/lib/python3.10/site-packages/airflow/example_dags/example_python_operator.py for tasks to queue
[2024-08-09T20:06:20.031+0200] {logging_mixin.py:188} INFO - [2024-08-09T20:06:20.031+0200] {dagbag.py:545} INFO - Filling up the DagBag from /home/bvpelt/Develop/airflowtut/py_env/lib/python3.10/site-packages/airflow/example_dags/example_python_operator.py
[2024-08-09T20:06:20.034+0200] {logging_mixin.py:188} INFO - [2024-08-09T20:06:20.034+0200] {example_python_operator.py:93} WARNING - The virtalenv_python example task requires virtualenv, please install it.
[2024-08-09T20:06:20.034+0200] {processor.py:840} INFO - DAG(s) 'example_python_operator' retrieved from /home/bvpelt/Develop/airflowtut/py_env/lib/python3.10/site-packages/airflow/example_dags/example_python_operator.py
[2024-08-09T20:06:20.044+0200] {logging_mixin.py:188} INFO - [2024-08-09T20:06:20.043+0200] {dag.py:3089} INFO - Sync 1 DAGs
[2024-08-09T20:06:20.050+0200] {logging_mixin.py:188} INFO - [2024-08-09T20:06:20.050+0200] {dag.py:3947} INFO - Setting next_dagrun for example_python_operator to None, run_after=None
[2024-08-09T20:06:20.145+0200] {processor.py:183} INFO - Processing /home/bvpelt/Develop/airflowtut/py_env/lib/python3.10/site-packages/airflow/example_dags/example_python_operator.py took 0.119 seconds
[2024-08-09T20:07:14.032+0200] {processor.py:161} INFO - Started process (PID=21499) to work on /home/bvpelt/Develop/airflowtut/py_env/lib/python3.10/site-packages/airflow/example_dags/example_python_operator.py
[2024-08-09T20:07:14.032+0200] {processor.py:830} INFO - Processing file /home/bvpelt/Develop/airflowtut/py_env/lib/python3.10/site-packages/airflow/example_dags/example_python_operator.py for tasks to queue
[2024-08-09T20:07:14.033+0200] {logging_mixin.py:188} INFO - [2024-08-09T20:07:14.033+0200] {dagbag.py:545} INFO - Filling up the DagBag from /home/bvpelt/Develop/airflowtut/py_env/lib/python3.10/site-packages/airflow/example_dags/example_python_operator.py
[2024-08-09T20:07:14.036+0200] {logging_mixin.py:188} INFO - [2024-08-09T20:07:14.036+0200] {example_python_operator.py:93} WARNING - The virtalenv_python example task requires virtualenv, please install it.
[2024-08-09T20:07:14.037+0200] {processor.py:840} INFO - DAG(s) 'example_python_operator' retrieved from /home/bvpelt/Develop/airflowtut/py_env/lib/python3.10/site-packages/airflow/example_dags/example_python_operator.py
[2024-08-09T20:07:14.046+0200] {logging_mixin.py:188} INFO - [2024-08-09T20:07:14.046+0200] {dag.py:3089} INFO - Sync 1 DAGs
[2024-08-09T20:07:14.053+0200] {logging_mixin.py:188} INFO - [2024-08-09T20:07:14.052+0200] {dag.py:3947} INFO - Setting next_dagrun for example_python_operator to None, run_after=None
[2024-08-09T20:07:14.159+0200] {processor.py:183} INFO - Processing /home/bvpelt/Develop/airflowtut/py_env/lib/python3.10/site-packages/airflow/example_dags/example_python_operator.py took 0.130 seconds
[2024-08-09T20:08:05.320+0200] {processor.py:161} INFO - Started process (PID=21656) to work on /home/bvpelt/Develop/airflowtut/py_env/lib/python3.10/site-packages/airflow/example_dags/example_python_operator.py
[2024-08-09T20:08:05.321+0200] {processor.py:830} INFO - Processing file /home/bvpelt/Develop/airflowtut/py_env/lib/python3.10/site-packages/airflow/example_dags/example_python_operator.py for tasks to queue
[2024-08-09T20:08:05.321+0200] {logging_mixin.py:188} INFO - [2024-08-09T20:08:05.321+0200] {dagbag.py:545} INFO - Filling up the DagBag from /home/bvpelt/Develop/airflowtut/py_env/lib/python3.10/site-packages/airflow/example_dags/example_python_operator.py
[2024-08-09T20:08:05.325+0200] {logging_mixin.py:188} INFO - [2024-08-09T20:08:05.325+0200] {example_python_operator.py:93} WARNING - The virtalenv_python example task requires virtualenv, please install it.
[2024-08-09T20:08:05.325+0200] {processor.py:840} INFO - DAG(s) 'example_python_operator' retrieved from /home/bvpelt/Develop/airflowtut/py_env/lib/python3.10/site-packages/airflow/example_dags/example_python_operator.py
[2024-08-09T20:08:05.335+0200] {logging_mixin.py:188} INFO - [2024-08-09T20:08:05.335+0200] {dag.py:3089} INFO - Sync 1 DAGs
[2024-08-09T20:08:05.341+0200] {logging_mixin.py:188} INFO - [2024-08-09T20:08:05.341+0200] {dag.py:3947} INFO - Setting next_dagrun for example_python_operator to None, run_after=None
[2024-08-09T20:08:05.420+0200] {processor.py:183} INFO - Processing /home/bvpelt/Develop/airflowtut/py_env/lib/python3.10/site-packages/airflow/example_dags/example_python_operator.py took 0.103 seconds
[2024-08-09T20:08:56.787+0200] {processor.py:161} INFO - Started process (PID=21716) to work on /home/bvpelt/Develop/airflowtut/py_env/lib/python3.10/site-packages/airflow/example_dags/example_python_operator.py
[2024-08-09T20:08:56.788+0200] {processor.py:830} INFO - Processing file /home/bvpelt/Develop/airflowtut/py_env/lib/python3.10/site-packages/airflow/example_dags/example_python_operator.py for tasks to queue
[2024-08-09T20:08:56.789+0200] {logging_mixin.py:188} INFO - [2024-08-09T20:08:56.788+0200] {dagbag.py:545} INFO - Filling up the DagBag from /home/bvpelt/Develop/airflowtut/py_env/lib/python3.10/site-packages/airflow/example_dags/example_python_operator.py
[2024-08-09T20:08:56.792+0200] {logging_mixin.py:188} INFO - [2024-08-09T20:08:56.792+0200] {example_python_operator.py:93} WARNING - The virtalenv_python example task requires virtualenv, please install it.
[2024-08-09T20:08:56.793+0200] {processor.py:840} INFO - DAG(s) 'example_python_operator' retrieved from /home/bvpelt/Develop/airflowtut/py_env/lib/python3.10/site-packages/airflow/example_dags/example_python_operator.py
[2024-08-09T20:08:56.802+0200] {logging_mixin.py:188} INFO - [2024-08-09T20:08:56.801+0200] {dag.py:3089} INFO - Sync 1 DAGs
[2024-08-09T20:08:56.808+0200] {logging_mixin.py:188} INFO - [2024-08-09T20:08:56.808+0200] {dag.py:3947} INFO - Setting next_dagrun for example_python_operator to None, run_after=None
[2024-08-09T20:08:56.889+0200] {processor.py:183} INFO - Processing /home/bvpelt/Develop/airflowtut/py_env/lib/python3.10/site-packages/airflow/example_dags/example_python_operator.py took 0.105 seconds
[2024-08-09T20:09:48.979+0200] {processor.py:161} INFO - Started process (PID=21769) to work on /home/bvpelt/Develop/airflowtut/py_env/lib/python3.10/site-packages/airflow/example_dags/example_python_operator.py
[2024-08-09T20:09:48.980+0200] {processor.py:830} INFO - Processing file /home/bvpelt/Develop/airflowtut/py_env/lib/python3.10/site-packages/airflow/example_dags/example_python_operator.py for tasks to queue
[2024-08-09T20:09:48.981+0200] {logging_mixin.py:188} INFO - [2024-08-09T20:09:48.981+0200] {dagbag.py:545} INFO - Filling up the DagBag from /home/bvpelt/Develop/airflowtut/py_env/lib/python3.10/site-packages/airflow/example_dags/example_python_operator.py
[2024-08-09T20:09:48.984+0200] {logging_mixin.py:188} INFO - [2024-08-09T20:09:48.984+0200] {example_python_operator.py:93} WARNING - The virtalenv_python example task requires virtualenv, please install it.
[2024-08-09T20:09:48.985+0200] {processor.py:840} INFO - DAG(s) 'example_python_operator' retrieved from /home/bvpelt/Develop/airflowtut/py_env/lib/python3.10/site-packages/airflow/example_dags/example_python_operator.py
[2024-08-09T20:09:48.994+0200] {logging_mixin.py:188} INFO - [2024-08-09T20:09:48.994+0200] {dag.py:3089} INFO - Sync 1 DAGs
[2024-08-09T20:09:49.000+0200] {logging_mixin.py:188} INFO - [2024-08-09T20:09:49.000+0200] {dag.py:3947} INFO - Setting next_dagrun for example_python_operator to None, run_after=None
[2024-08-09T20:09:49.093+0200] {processor.py:183} INFO - Processing /home/bvpelt/Develop/airflowtut/py_env/lib/python3.10/site-packages/airflow/example_dags/example_python_operator.py took 0.116 seconds
[2024-08-09T20:10:38.054+0200] {processor.py:161} INFO - Started process (PID=21840) to work on /home/bvpelt/Develop/airflowtut/py_env/lib/python3.10/site-packages/airflow/example_dags/example_python_operator.py
[2024-08-09T20:10:38.069+0200] {processor.py:830} INFO - Processing file /home/bvpelt/Develop/airflowtut/py_env/lib/python3.10/site-packages/airflow/example_dags/example_python_operator.py for tasks to queue
[2024-08-09T20:10:38.070+0200] {logging_mixin.py:188} INFO - [2024-08-09T20:10:38.070+0200] {dagbag.py:545} INFO - Filling up the DagBag from /home/bvpelt/Develop/airflowtut/py_env/lib/python3.10/site-packages/airflow/example_dags/example_python_operator.py
[2024-08-09T20:10:38.074+0200] {logging_mixin.py:188} INFO - [2024-08-09T20:10:38.074+0200] {example_python_operator.py:93} WARNING - The virtalenv_python example task requires virtualenv, please install it.
[2024-08-09T20:10:38.075+0200] {processor.py:840} INFO - DAG(s) 'example_python_operator' retrieved from /home/bvpelt/Develop/airflowtut/py_env/lib/python3.10/site-packages/airflow/example_dags/example_python_operator.py
[2024-08-09T20:10:38.087+0200] {logging_mixin.py:188} INFO - [2024-08-09T20:10:38.087+0200] {dag.py:3089} INFO - Sync 1 DAGs
[2024-08-09T20:10:38.095+0200] {logging_mixin.py:188} INFO - [2024-08-09T20:10:38.095+0200] {dag.py:3947} INFO - Setting next_dagrun for example_python_operator to None, run_after=None
[2024-08-09T20:10:38.241+0200] {processor.py:183} INFO - Processing /home/bvpelt/Develop/airflowtut/py_env/lib/python3.10/site-packages/airflow/example_dags/example_python_operator.py took 0.190 seconds
[2024-08-09T20:11:28.830+0200] {processor.py:161} INFO - Started process (PID=21897) to work on /home/bvpelt/Develop/airflowtut/py_env/lib/python3.10/site-packages/airflow/example_dags/example_python_operator.py
[2024-08-09T20:11:28.830+0200] {processor.py:830} INFO - Processing file /home/bvpelt/Develop/airflowtut/py_env/lib/python3.10/site-packages/airflow/example_dags/example_python_operator.py for tasks to queue
[2024-08-09T20:11:28.831+0200] {logging_mixin.py:188} INFO - [2024-08-09T20:11:28.831+0200] {dagbag.py:545} INFO - Filling up the DagBag from /home/bvpelt/Develop/airflowtut/py_env/lib/python3.10/site-packages/airflow/example_dags/example_python_operator.py
[2024-08-09T20:11:28.835+0200] {logging_mixin.py:188} INFO - [2024-08-09T20:11:28.834+0200] {example_python_operator.py:93} WARNING - The virtalenv_python example task requires virtualenv, please install it.
[2024-08-09T20:11:28.835+0200] {processor.py:840} INFO - DAG(s) 'example_python_operator' retrieved from /home/bvpelt/Develop/airflowtut/py_env/lib/python3.10/site-packages/airflow/example_dags/example_python_operator.py
[2024-08-09T20:11:28.844+0200] {logging_mixin.py:188} INFO - [2024-08-09T20:11:28.844+0200] {dag.py:3089} INFO - Sync 1 DAGs
[2024-08-09T20:11:28.851+0200] {logging_mixin.py:188} INFO - [2024-08-09T20:11:28.851+0200] {dag.py:3947} INFO - Setting next_dagrun for example_python_operator to None, run_after=None
[2024-08-09T20:11:28.963+0200] {processor.py:183} INFO - Processing /home/bvpelt/Develop/airflowtut/py_env/lib/python3.10/site-packages/airflow/example_dags/example_python_operator.py took 0.136 seconds
[2024-08-09T20:12:17.062+0200] {processor.py:161} INFO - Started process (PID=21993) to work on /home/bvpelt/Develop/airflowtut/py_env/lib/python3.10/site-packages/airflow/example_dags/example_python_operator.py
[2024-08-09T20:12:17.063+0200] {processor.py:830} INFO - Processing file /home/bvpelt/Develop/airflowtut/py_env/lib/python3.10/site-packages/airflow/example_dags/example_python_operator.py for tasks to queue
[2024-08-09T20:12:17.064+0200] {logging_mixin.py:188} INFO - [2024-08-09T20:12:17.063+0200] {dagbag.py:545} INFO - Filling up the DagBag from /home/bvpelt/Develop/airflowtut/py_env/lib/python3.10/site-packages/airflow/example_dags/example_python_operator.py
[2024-08-09T20:12:17.068+0200] {logging_mixin.py:188} INFO - [2024-08-09T20:12:17.068+0200] {example_python_operator.py:93} WARNING - The virtalenv_python example task requires virtualenv, please install it.
[2024-08-09T20:12:17.068+0200] {processor.py:840} INFO - DAG(s) 'example_python_operator' retrieved from /home/bvpelt/Develop/airflowtut/py_env/lib/python3.10/site-packages/airflow/example_dags/example_python_operator.py
[2024-08-09T20:12:17.078+0200] {logging_mixin.py:188} INFO - [2024-08-09T20:12:17.078+0200] {dag.py:3089} INFO - Sync 1 DAGs
[2024-08-09T20:12:17.084+0200] {logging_mixin.py:188} INFO - [2024-08-09T20:12:17.084+0200] {dag.py:3947} INFO - Setting next_dagrun for example_python_operator to None, run_after=None
[2024-08-09T20:12:17.160+0200] {processor.py:183} INFO - Processing /home/bvpelt/Develop/airflowtut/py_env/lib/python3.10/site-packages/airflow/example_dags/example_python_operator.py took 0.100 seconds
[2024-08-09T20:13:08.878+0200] {processor.py:161} INFO - Started process (PID=22091) to work on /home/bvpelt/Develop/airflowtut/py_env/lib/python3.10/site-packages/airflow/example_dags/example_python_operator.py
[2024-08-09T20:13:08.879+0200] {processor.py:830} INFO - Processing file /home/bvpelt/Develop/airflowtut/py_env/lib/python3.10/site-packages/airflow/example_dags/example_python_operator.py for tasks to queue
[2024-08-09T20:13:08.879+0200] {logging_mixin.py:188} INFO - [2024-08-09T20:13:08.879+0200] {dagbag.py:545} INFO - Filling up the DagBag from /home/bvpelt/Develop/airflowtut/py_env/lib/python3.10/site-packages/airflow/example_dags/example_python_operator.py
[2024-08-09T20:13:08.883+0200] {logging_mixin.py:188} INFO - [2024-08-09T20:13:08.883+0200] {example_python_operator.py:93} WARNING - The virtalenv_python example task requires virtualenv, please install it.
[2024-08-09T20:13:08.883+0200] {processor.py:840} INFO - DAG(s) 'example_python_operator' retrieved from /home/bvpelt/Develop/airflowtut/py_env/lib/python3.10/site-packages/airflow/example_dags/example_python_operator.py
[2024-08-09T20:13:08.893+0200] {logging_mixin.py:188} INFO - [2024-08-09T20:13:08.893+0200] {dag.py:3089} INFO - Sync 1 DAGs
[2024-08-09T20:13:08.899+0200] {logging_mixin.py:188} INFO - [2024-08-09T20:13:08.899+0200] {dag.py:3947} INFO - Setting next_dagrun for example_python_operator to None, run_after=None
[2024-08-09T20:13:09.000+0200] {processor.py:183} INFO - Processing /home/bvpelt/Develop/airflowtut/py_env/lib/python3.10/site-packages/airflow/example_dags/example_python_operator.py took 0.125 seconds
[2024-08-09T20:14:06.202+0200] {processor.py:161} INFO - Started process (PID=22160) to work on /home/bvpelt/Develop/airflowtut/py_env/lib/python3.10/site-packages/airflow/example_dags/example_python_operator.py
[2024-08-09T20:14:06.203+0200] {processor.py:830} INFO - Processing file /home/bvpelt/Develop/airflowtut/py_env/lib/python3.10/site-packages/airflow/example_dags/example_python_operator.py for tasks to queue
[2024-08-09T20:14:06.203+0200] {logging_mixin.py:188} INFO - [2024-08-09T20:14:06.203+0200] {dagbag.py:545} INFO - Filling up the DagBag from /home/bvpelt/Develop/airflowtut/py_env/lib/python3.10/site-packages/airflow/example_dags/example_python_operator.py
[2024-08-09T20:14:06.207+0200] {logging_mixin.py:188} INFO - [2024-08-09T20:14:06.207+0200] {example_python_operator.py:93} WARNING - The virtalenv_python example task requires virtualenv, please install it.
[2024-08-09T20:14:06.207+0200] {processor.py:840} INFO - DAG(s) 'example_python_operator' retrieved from /home/bvpelt/Develop/airflowtut/py_env/lib/python3.10/site-packages/airflow/example_dags/example_python_operator.py
[2024-08-09T20:14:06.217+0200] {logging_mixin.py:188} INFO - [2024-08-09T20:14:06.217+0200] {dag.py:3089} INFO - Sync 1 DAGs
[2024-08-09T20:14:06.223+0200] {logging_mixin.py:188} INFO - [2024-08-09T20:14:06.223+0200] {dag.py:3947} INFO - Setting next_dagrun for example_python_operator to None, run_after=None
[2024-08-09T20:14:06.310+0200] {processor.py:183} INFO - Processing /home/bvpelt/Develop/airflowtut/py_env/lib/python3.10/site-packages/airflow/example_dags/example_python_operator.py took 0.111 seconds
[2024-08-09T20:14:53.199+0200] {processor.py:161} INFO - Started process (PID=22222) to work on /home/bvpelt/Develop/airflowtut/py_env/lib/python3.10/site-packages/airflow/example_dags/example_python_operator.py
[2024-08-09T20:14:53.199+0200] {processor.py:830} INFO - Processing file /home/bvpelt/Develop/airflowtut/py_env/lib/python3.10/site-packages/airflow/example_dags/example_python_operator.py for tasks to queue
[2024-08-09T20:14:53.200+0200] {logging_mixin.py:188} INFO - [2024-08-09T20:14:53.200+0200] {dagbag.py:545} INFO - Filling up the DagBag from /home/bvpelt/Develop/airflowtut/py_env/lib/python3.10/site-packages/airflow/example_dags/example_python_operator.py
[2024-08-09T20:14:53.203+0200] {logging_mixin.py:188} INFO - [2024-08-09T20:14:53.203+0200] {example_python_operator.py:93} WARNING - The virtalenv_python example task requires virtualenv, please install it.
[2024-08-09T20:14:53.204+0200] {processor.py:840} INFO - DAG(s) 'example_python_operator' retrieved from /home/bvpelt/Develop/airflowtut/py_env/lib/python3.10/site-packages/airflow/example_dags/example_python_operator.py
[2024-08-09T20:14:53.213+0200] {logging_mixin.py:188} INFO - [2024-08-09T20:14:53.213+0200] {dag.py:3089} INFO - Sync 1 DAGs
[2024-08-09T20:14:53.220+0200] {logging_mixin.py:188} INFO - [2024-08-09T20:14:53.219+0200] {dag.py:3947} INFO - Setting next_dagrun for example_python_operator to None, run_after=None
[2024-08-09T20:14:53.409+0200] {processor.py:183} INFO - Processing /home/bvpelt/Develop/airflowtut/py_env/lib/python3.10/site-packages/airflow/example_dags/example_python_operator.py took 0.213 seconds
[2024-08-09T20:15:43.108+0200] {processor.py:161} INFO - Started process (PID=22306) to work on /home/bvpelt/Develop/airflowtut/py_env/lib/python3.10/site-packages/airflow/example_dags/example_python_operator.py
[2024-08-09T20:15:43.119+0200] {processor.py:830} INFO - Processing file /home/bvpelt/Develop/airflowtut/py_env/lib/python3.10/site-packages/airflow/example_dags/example_python_operator.py for tasks to queue
[2024-08-09T20:15:43.122+0200] {logging_mixin.py:188} INFO - [2024-08-09T20:15:43.121+0200] {dagbag.py:545} INFO - Filling up the DagBag from /home/bvpelt/Develop/airflowtut/py_env/lib/python3.10/site-packages/airflow/example_dags/example_python_operator.py
[2024-08-09T20:15:43.133+0200] {logging_mixin.py:188} INFO - [2024-08-09T20:15:43.133+0200] {example_python_operator.py:93} WARNING - The virtalenv_python example task requires virtualenv, please install it.
[2024-08-09T20:15:43.134+0200] {processor.py:840} INFO - DAG(s) 'example_python_operator' retrieved from /home/bvpelt/Develop/airflowtut/py_env/lib/python3.10/site-packages/airflow/example_dags/example_python_operator.py
[2024-08-09T20:15:43.154+0200] {logging_mixin.py:188} INFO - [2024-08-09T20:15:43.154+0200] {dag.py:3089} INFO - Sync 1 DAGs
[2024-08-09T20:15:43.163+0200] {logging_mixin.py:188} INFO - [2024-08-09T20:15:43.163+0200] {dag.py:3947} INFO - Setting next_dagrun for example_python_operator to None, run_after=None
[2024-08-09T20:15:43.240+0200] {processor.py:183} INFO - Processing /home/bvpelt/Develop/airflowtut/py_env/lib/python3.10/site-packages/airflow/example_dags/example_python_operator.py took 0.142 seconds
[2024-08-09T20:16:28.220+0200] {processor.py:161} INFO - Started process (PID=22362) to work on /home/bvpelt/Develop/airflowtut/py_env/lib/python3.10/site-packages/airflow/example_dags/example_python_operator.py
[2024-08-09T20:16:28.220+0200] {processor.py:830} INFO - Processing file /home/bvpelt/Develop/airflowtut/py_env/lib/python3.10/site-packages/airflow/example_dags/example_python_operator.py for tasks to queue
[2024-08-09T20:16:28.221+0200] {logging_mixin.py:188} INFO - [2024-08-09T20:16:28.221+0200] {dagbag.py:545} INFO - Filling up the DagBag from /home/bvpelt/Develop/airflowtut/py_env/lib/python3.10/site-packages/airflow/example_dags/example_python_operator.py
[2024-08-09T20:16:28.224+0200] {logging_mixin.py:188} INFO - [2024-08-09T20:16:28.224+0200] {example_python_operator.py:93} WARNING - The virtalenv_python example task requires virtualenv, please install it.
[2024-08-09T20:16:28.225+0200] {processor.py:840} INFO - DAG(s) 'example_python_operator' retrieved from /home/bvpelt/Develop/airflowtut/py_env/lib/python3.10/site-packages/airflow/example_dags/example_python_operator.py
[2024-08-09T20:16:28.234+0200] {logging_mixin.py:188} INFO - [2024-08-09T20:16:28.234+0200] {dag.py:3089} INFO - Sync 1 DAGs
[2024-08-09T20:16:28.240+0200] {logging_mixin.py:188} INFO - [2024-08-09T20:16:28.240+0200] {dag.py:3947} INFO - Setting next_dagrun for example_python_operator to None, run_after=None
[2024-08-09T20:16:28.314+0200] {processor.py:183} INFO - Processing /home/bvpelt/Develop/airflowtut/py_env/lib/python3.10/site-packages/airflow/example_dags/example_python_operator.py took 0.097 seconds
