[2024-08-09T19:42:20.440+0200] {processor.py:161} INFO - Started process (PID=17534) to work on /home/bvpelt/Develop/airflowtut/py_env/lib/python3.10/site-packages/airflow/example_dags/example_skip_dag.py
[2024-08-09T19:42:20.441+0200] {processor.py:830} INFO - Processing file /home/bvpelt/Develop/airflowtut/py_env/lib/python3.10/site-packages/airflow/example_dags/example_skip_dag.py for tasks to queue
[2024-08-09T19:42:20.442+0200] {logging_mixin.py:188} INFO - [2024-08-09T19:42:20.442+0200] {dagbag.py:545} INFO - Filling up the DagBag from /home/bvpelt/Develop/airflowtut/py_env/lib/python3.10/site-packages/airflow/example_dags/example_skip_dag.py
[2024-08-09T19:42:20.452+0200] {processor.py:840} INFO - DAG(s) 'example_skip_dag' retrieved from /home/bvpelt/Develop/airflowtut/py_env/lib/python3.10/site-packages/airflow/example_dags/example_skip_dag.py
[2024-08-09T19:42:20.683+0200] {logging_mixin.py:188} INFO - [2024-08-09T19:42:20.682+0200] {override.py:1858} INFO - Created Permission View: can edit on DAG:example_skip_dag
[2024-08-09T19:42:20.753+0200] {logging_mixin.py:188} INFO - [2024-08-09T19:42:20.752+0200] {override.py:1858} INFO - Created Permission View: can read on DAG:example_skip_dag
[2024-08-09T19:42:20.828+0200] {logging_mixin.py:188} INFO - [2024-08-09T19:42:20.827+0200] {override.py:1858} INFO - Created Permission View: can delete on DAG:example_skip_dag
[2024-08-09T19:42:20.829+0200] {logging_mixin.py:188} INFO - [2024-08-09T19:42:20.828+0200] {dag.py:3089} INFO - Sync 1 DAGs
[2024-08-09T19:42:20.858+0200] {logging_mixin.py:188} INFO - [2024-08-09T19:42:20.857+0200] {dag.py:3111} INFO - Creating ORM DAG for example_skip_dag
[2024-08-09T19:42:20.869+0200] {logging_mixin.py:188} INFO - [2024-08-09T19:42:20.869+0200] {dag.py:3947} INFO - Setting next_dagrun for example_skip_dag to 2024-08-08 00:00:00+00:00, run_after=2024-08-09 00:00:00+00:00
[2024-08-09T19:42:20.943+0200] {processor.py:183} INFO - Processing /home/bvpelt/Develop/airflowtut/py_env/lib/python3.10/site-packages/airflow/example_dags/example_skip_dag.py took 0.506 seconds
[2024-08-09T19:43:45.258+0200] {processor.py:161} INFO - Started process (PID=17869) to work on /home/bvpelt/Develop/airflowtut/py_env/lib/python3.10/site-packages/airflow/example_dags/example_skip_dag.py
[2024-08-09T19:43:45.259+0200] {processor.py:830} INFO - Processing file /home/bvpelt/Develop/airflowtut/py_env/lib/python3.10/site-packages/airflow/example_dags/example_skip_dag.py for tasks to queue
[2024-08-09T19:43:45.260+0200] {logging_mixin.py:188} INFO - [2024-08-09T19:43:45.260+0200] {dagbag.py:545} INFO - Filling up the DagBag from /home/bvpelt/Develop/airflowtut/py_env/lib/python3.10/site-packages/airflow/example_dags/example_skip_dag.py
[2024-08-09T19:43:45.263+0200] {processor.py:840} INFO - DAG(s) 'example_skip_dag' retrieved from /home/bvpelt/Develop/airflowtut/py_env/lib/python3.10/site-packages/airflow/example_dags/example_skip_dag.py
[2024-08-09T19:43:45.272+0200] {logging_mixin.py:188} INFO - [2024-08-09T19:43:45.272+0200] {dag.py:3089} INFO - Sync 1 DAGs
[2024-08-09T19:43:45.283+0200] {logging_mixin.py:188} INFO - [2024-08-09T19:43:45.283+0200] {dag.py:3947} INFO - Setting next_dagrun for example_skip_dag to 2024-08-08 00:00:00+00:00, run_after=2024-08-09 00:00:00+00:00
[2024-08-09T19:43:45.367+0200] {processor.py:183} INFO - Processing /home/bvpelt/Develop/airflowtut/py_env/lib/python3.10/site-packages/airflow/example_dags/example_skip_dag.py took 0.112 seconds
[2024-08-09T19:44:21.276+0200] {processor.py:161} INFO - Started process (PID=17991) to work on /home/bvpelt/Develop/airflowtut/py_env/lib/python3.10/site-packages/airflow/example_dags/example_skip_dag.py
[2024-08-09T19:44:21.276+0200] {processor.py:830} INFO - Processing file /home/bvpelt/Develop/airflowtut/py_env/lib/python3.10/site-packages/airflow/example_dags/example_skip_dag.py for tasks to queue
[2024-08-09T19:44:21.277+0200] {logging_mixin.py:188} INFO - [2024-08-09T19:44:21.277+0200] {dagbag.py:545} INFO - Filling up the DagBag from /home/bvpelt/Develop/airflowtut/py_env/lib/python3.10/site-packages/airflow/example_dags/example_skip_dag.py
[2024-08-09T19:44:21.280+0200] {processor.py:840} INFO - DAG(s) 'example_skip_dag' retrieved from /home/bvpelt/Develop/airflowtut/py_env/lib/python3.10/site-packages/airflow/example_dags/example_skip_dag.py
[2024-08-09T19:44:21.289+0200] {logging_mixin.py:188} INFO - [2024-08-09T19:44:21.289+0200] {dag.py:3089} INFO - Sync 1 DAGs
[2024-08-09T19:44:21.302+0200] {logging_mixin.py:188} INFO - [2024-08-09T19:44:21.302+0200] {dag.py:3947} INFO - Setting next_dagrun for example_skip_dag to 2024-08-08 00:00:00+00:00, run_after=2024-08-09 00:00:00+00:00
[2024-08-09T19:44:21.377+0200] {processor.py:183} INFO - Processing /home/bvpelt/Develop/airflowtut/py_env/lib/python3.10/site-packages/airflow/example_dags/example_skip_dag.py took 0.104 seconds
[2024-08-09T19:45:12.753+0200] {processor.py:161} INFO - Started process (PID=18238) to work on /home/bvpelt/Develop/airflowtut/py_env/lib/python3.10/site-packages/airflow/example_dags/example_skip_dag.py
[2024-08-09T19:45:12.754+0200] {processor.py:830} INFO - Processing file /home/bvpelt/Develop/airflowtut/py_env/lib/python3.10/site-packages/airflow/example_dags/example_skip_dag.py for tasks to queue
[2024-08-09T19:45:12.755+0200] {logging_mixin.py:188} INFO - [2024-08-09T19:45:12.754+0200] {dagbag.py:545} INFO - Filling up the DagBag from /home/bvpelt/Develop/airflowtut/py_env/lib/python3.10/site-packages/airflow/example_dags/example_skip_dag.py
[2024-08-09T19:45:12.758+0200] {processor.py:840} INFO - DAG(s) 'example_skip_dag' retrieved from /home/bvpelt/Develop/airflowtut/py_env/lib/python3.10/site-packages/airflow/example_dags/example_skip_dag.py
[2024-08-09T19:45:12.767+0200] {logging_mixin.py:188} INFO - [2024-08-09T19:45:12.767+0200] {dag.py:3089} INFO - Sync 1 DAGs
[2024-08-09T19:45:12.828+0200] {logging_mixin.py:188} INFO - [2024-08-09T19:45:12.828+0200] {dag.py:3947} INFO - Setting next_dagrun for example_skip_dag to 2024-08-08 00:00:00+00:00, run_after=2024-08-09 00:00:00+00:00
[2024-08-09T19:45:12.923+0200] {processor.py:183} INFO - Processing /home/bvpelt/Develop/airflowtut/py_env/lib/python3.10/site-packages/airflow/example_dags/example_skip_dag.py took 0.173 seconds
[2024-08-09T19:46:22.155+0200] {processor.py:161} INFO - Started process (PID=18590) to work on /home/bvpelt/Develop/airflowtut/py_env/lib/python3.10/site-packages/airflow/example_dags/example_skip_dag.py
[2024-08-09T19:46:22.156+0200] {processor.py:830} INFO - Processing file /home/bvpelt/Develop/airflowtut/py_env/lib/python3.10/site-packages/airflow/example_dags/example_skip_dag.py for tasks to queue
[2024-08-09T19:46:22.157+0200] {logging_mixin.py:188} INFO - [2024-08-09T19:46:22.157+0200] {dagbag.py:545} INFO - Filling up the DagBag from /home/bvpelt/Develop/airflowtut/py_env/lib/python3.10/site-packages/airflow/example_dags/example_skip_dag.py
[2024-08-09T19:46:22.161+0200] {processor.py:840} INFO - DAG(s) 'example_skip_dag' retrieved from /home/bvpelt/Develop/airflowtut/py_env/lib/python3.10/site-packages/airflow/example_dags/example_skip_dag.py
[2024-08-09T19:46:22.170+0200] {logging_mixin.py:188} INFO - [2024-08-09T19:46:22.170+0200] {dag.py:3089} INFO - Sync 1 DAGs
[2024-08-09T19:46:22.181+0200] {logging_mixin.py:188} INFO - [2024-08-09T19:46:22.181+0200] {dag.py:3947} INFO - Setting next_dagrun for example_skip_dag to 2024-08-08 00:00:00+00:00, run_after=2024-08-09 00:00:00+00:00
[2024-08-09T19:46:22.258+0200] {processor.py:183} INFO - Processing /home/bvpelt/Develop/airflowtut/py_env/lib/python3.10/site-packages/airflow/example_dags/example_skip_dag.py took 0.106 seconds
[2024-08-09T19:47:04.127+0200] {processor.py:161} INFO - Started process (PID=18768) to work on /home/bvpelt/Develop/airflowtut/py_env/lib/python3.10/site-packages/airflow/example_dags/example_skip_dag.py
[2024-08-09T19:47:04.127+0200] {processor.py:830} INFO - Processing file /home/bvpelt/Develop/airflowtut/py_env/lib/python3.10/site-packages/airflow/example_dags/example_skip_dag.py for tasks to queue
[2024-08-09T19:47:04.128+0200] {logging_mixin.py:188} INFO - [2024-08-09T19:47:04.128+0200] {dagbag.py:545} INFO - Filling up the DagBag from /home/bvpelt/Develop/airflowtut/py_env/lib/python3.10/site-packages/airflow/example_dags/example_skip_dag.py
[2024-08-09T19:47:04.132+0200] {processor.py:840} INFO - DAG(s) 'example_skip_dag' retrieved from /home/bvpelt/Develop/airflowtut/py_env/lib/python3.10/site-packages/airflow/example_dags/example_skip_dag.py
[2024-08-09T19:47:04.141+0200] {logging_mixin.py:188} INFO - [2024-08-09T19:47:04.141+0200] {dag.py:3089} INFO - Sync 1 DAGs
[2024-08-09T19:47:04.152+0200] {logging_mixin.py:188} INFO - [2024-08-09T19:47:04.152+0200] {dag.py:3947} INFO - Setting next_dagrun for example_skip_dag to 2024-08-08 00:00:00+00:00, run_after=2024-08-09 00:00:00+00:00
[2024-08-09T19:47:04.249+0200] {processor.py:183} INFO - Processing /home/bvpelt/Develop/airflowtut/py_env/lib/python3.10/site-packages/airflow/example_dags/example_skip_dag.py took 0.125 seconds
[2024-08-09T19:47:53.328+0200] {processor.py:161} INFO - Started process (PID=19008) to work on /home/bvpelt/Develop/airflowtut/py_env/lib/python3.10/site-packages/airflow/example_dags/example_skip_dag.py
[2024-08-09T19:47:53.483+0200] {processor.py:830} INFO - Processing file /home/bvpelt/Develop/airflowtut/py_env/lib/python3.10/site-packages/airflow/example_dags/example_skip_dag.py for tasks to queue
[2024-08-09T19:47:53.488+0200] {logging_mixin.py:188} INFO - [2024-08-09T19:47:53.487+0200] {dagbag.py:545} INFO - Filling up the DagBag from /home/bvpelt/Develop/airflowtut/py_env/lib/python3.10/site-packages/airflow/example_dags/example_skip_dag.py
[2024-08-09T19:47:53.505+0200] {processor.py:840} INFO - DAG(s) 'example_skip_dag' retrieved from /home/bvpelt/Develop/airflowtut/py_env/lib/python3.10/site-packages/airflow/example_dags/example_skip_dag.py
[2024-08-09T19:47:53.532+0200] {logging_mixin.py:188} INFO - [2024-08-09T19:47:53.532+0200] {dag.py:3089} INFO - Sync 1 DAGs
[2024-08-09T19:47:53.548+0200] {logging_mixin.py:188} INFO - [2024-08-09T19:47:53.548+0200] {dag.py:3947} INFO - Setting next_dagrun for example_skip_dag to 2024-08-08 00:00:00+00:00, run_after=2024-08-09 00:00:00+00:00
[2024-08-09T19:47:53.628+0200] {processor.py:183} INFO - Processing /home/bvpelt/Develop/airflowtut/py_env/lib/python3.10/site-packages/airflow/example_dags/example_skip_dag.py took 0.304 seconds
[2024-08-09T19:48:44.142+0200] {processor.py:161} INFO - Started process (PID=19121) to work on /home/bvpelt/Develop/airflowtut/py_env/lib/python3.10/site-packages/airflow/example_dags/example_skip_dag.py
[2024-08-09T19:48:44.156+0200] {processor.py:830} INFO - Processing file /home/bvpelt/Develop/airflowtut/py_env/lib/python3.10/site-packages/airflow/example_dags/example_skip_dag.py for tasks to queue
[2024-08-09T19:48:44.157+0200] {logging_mixin.py:188} INFO - [2024-08-09T19:48:44.157+0200] {dagbag.py:545} INFO - Filling up the DagBag from /home/bvpelt/Develop/airflowtut/py_env/lib/python3.10/site-packages/airflow/example_dags/example_skip_dag.py
[2024-08-09T19:48:44.162+0200] {processor.py:840} INFO - DAG(s) 'example_skip_dag' retrieved from /home/bvpelt/Develop/airflowtut/py_env/lib/python3.10/site-packages/airflow/example_dags/example_skip_dag.py
[2024-08-09T19:48:44.171+0200] {logging_mixin.py:188} INFO - [2024-08-09T19:48:44.170+0200] {dag.py:3089} INFO - Sync 1 DAGs
[2024-08-09T19:48:44.181+0200] {logging_mixin.py:188} INFO - [2024-08-09T19:48:44.181+0200] {dag.py:3947} INFO - Setting next_dagrun for example_skip_dag to 2024-08-08 00:00:00+00:00, run_after=2024-08-09 00:00:00+00:00
[2024-08-09T19:48:44.252+0200] {processor.py:183} INFO - Processing /home/bvpelt/Develop/airflowtut/py_env/lib/python3.10/site-packages/airflow/example_dags/example_skip_dag.py took 0.113 seconds
[2024-08-09T19:49:33.738+0200] {processor.py:161} INFO - Started process (PID=19205) to work on /home/bvpelt/Develop/airflowtut/py_env/lib/python3.10/site-packages/airflow/example_dags/example_skip_dag.py
[2024-08-09T19:49:33.753+0200] {processor.py:830} INFO - Processing file /home/bvpelt/Develop/airflowtut/py_env/lib/python3.10/site-packages/airflow/example_dags/example_skip_dag.py for tasks to queue
[2024-08-09T19:49:33.755+0200] {logging_mixin.py:188} INFO - [2024-08-09T19:49:33.754+0200] {dagbag.py:545} INFO - Filling up the DagBag from /home/bvpelt/Develop/airflowtut/py_env/lib/python3.10/site-packages/airflow/example_dags/example_skip_dag.py
[2024-08-09T19:49:33.759+0200] {processor.py:840} INFO - DAG(s) 'example_skip_dag' retrieved from /home/bvpelt/Develop/airflowtut/py_env/lib/python3.10/site-packages/airflow/example_dags/example_skip_dag.py
[2024-08-09T19:49:33.773+0200] {logging_mixin.py:188} INFO - [2024-08-09T19:49:33.773+0200] {dag.py:3089} INFO - Sync 1 DAGs
[2024-08-09T19:49:33.789+0200] {logging_mixin.py:188} INFO - [2024-08-09T19:49:33.788+0200] {dag.py:3947} INFO - Setting next_dagrun for example_skip_dag to 2024-08-08 00:00:00+00:00, run_after=2024-08-09 00:00:00+00:00
[2024-08-09T19:49:33.867+0200] {processor.py:183} INFO - Processing /home/bvpelt/Develop/airflowtut/py_env/lib/python3.10/site-packages/airflow/example_dags/example_skip_dag.py took 0.133 seconds
[2024-08-09T19:50:26.657+0200] {processor.py:161} INFO - Started process (PID=19359) to work on /home/bvpelt/Develop/airflowtut/py_env/lib/python3.10/site-packages/airflow/example_dags/example_skip_dag.py
[2024-08-09T19:50:26.657+0200] {processor.py:830} INFO - Processing file /home/bvpelt/Develop/airflowtut/py_env/lib/python3.10/site-packages/airflow/example_dags/example_skip_dag.py for tasks to queue
[2024-08-09T19:50:26.658+0200] {logging_mixin.py:188} INFO - [2024-08-09T19:50:26.658+0200] {dagbag.py:545} INFO - Filling up the DagBag from /home/bvpelt/Develop/airflowtut/py_env/lib/python3.10/site-packages/airflow/example_dags/example_skip_dag.py
[2024-08-09T19:50:26.661+0200] {processor.py:840} INFO - DAG(s) 'example_skip_dag' retrieved from /home/bvpelt/Develop/airflowtut/py_env/lib/python3.10/site-packages/airflow/example_dags/example_skip_dag.py
[2024-08-09T19:50:26.670+0200] {logging_mixin.py:188} INFO - [2024-08-09T19:50:26.670+0200] {dag.py:3089} INFO - Sync 1 DAGs
[2024-08-09T19:50:26.682+0200] {logging_mixin.py:188} INFO - [2024-08-09T19:50:26.682+0200] {dag.py:3947} INFO - Setting next_dagrun for example_skip_dag to 2024-08-08 00:00:00+00:00, run_after=2024-08-09 00:00:00+00:00
[2024-08-09T19:50:26.751+0200] {processor.py:183} INFO - Processing /home/bvpelt/Develop/airflowtut/py_env/lib/python3.10/site-packages/airflow/example_dags/example_skip_dag.py took 0.098 seconds
[2024-08-09T19:51:17.830+0200] {processor.py:161} INFO - Started process (PID=19485) to work on /home/bvpelt/Develop/airflowtut/py_env/lib/python3.10/site-packages/airflow/example_dags/example_skip_dag.py
[2024-08-09T19:51:17.830+0200] {processor.py:830} INFO - Processing file /home/bvpelt/Develop/airflowtut/py_env/lib/python3.10/site-packages/airflow/example_dags/example_skip_dag.py for tasks to queue
[2024-08-09T19:51:17.831+0200] {logging_mixin.py:188} INFO - [2024-08-09T19:51:17.831+0200] {dagbag.py:545} INFO - Filling up the DagBag from /home/bvpelt/Develop/airflowtut/py_env/lib/python3.10/site-packages/airflow/example_dags/example_skip_dag.py
[2024-08-09T19:51:17.835+0200] {processor.py:840} INFO - DAG(s) 'example_skip_dag' retrieved from /home/bvpelt/Develop/airflowtut/py_env/lib/python3.10/site-packages/airflow/example_dags/example_skip_dag.py
[2024-08-09T19:51:17.844+0200] {logging_mixin.py:188} INFO - [2024-08-09T19:51:17.843+0200] {dag.py:3089} INFO - Sync 1 DAGs
[2024-08-09T19:51:17.854+0200] {logging_mixin.py:188} INFO - [2024-08-09T19:51:17.854+0200] {dag.py:3947} INFO - Setting next_dagrun for example_skip_dag to 2024-08-08 00:00:00+00:00, run_after=2024-08-09 00:00:00+00:00
[2024-08-09T19:51:17.956+0200] {processor.py:183} INFO - Processing /home/bvpelt/Develop/airflowtut/py_env/lib/python3.10/site-packages/airflow/example_dags/example_skip_dag.py took 0.130 seconds
[2024-08-09T19:52:26.957+0200] {processor.py:161} INFO - Started process (PID=19986) to work on /home/bvpelt/Develop/airflowtut/py_env/lib/python3.10/site-packages/airflow/example_dags/example_skip_dag.py
[2024-08-09T19:52:26.958+0200] {processor.py:830} INFO - Processing file /home/bvpelt/Develop/airflowtut/py_env/lib/python3.10/site-packages/airflow/example_dags/example_skip_dag.py for tasks to queue
[2024-08-09T19:52:26.958+0200] {logging_mixin.py:188} INFO - [2024-08-09T19:52:26.958+0200] {dagbag.py:545} INFO - Filling up the DagBag from /home/bvpelt/Develop/airflowtut/py_env/lib/python3.10/site-packages/airflow/example_dags/example_skip_dag.py
[2024-08-09T19:52:26.962+0200] {processor.py:840} INFO - DAG(s) 'example_skip_dag' retrieved from /home/bvpelt/Develop/airflowtut/py_env/lib/python3.10/site-packages/airflow/example_dags/example_skip_dag.py
[2024-08-09T19:52:26.971+0200] {logging_mixin.py:188} INFO - [2024-08-09T19:52:26.971+0200] {dag.py:3089} INFO - Sync 1 DAGs
[2024-08-09T19:52:26.982+0200] {logging_mixin.py:188} INFO - [2024-08-09T19:52:26.982+0200] {dag.py:3947} INFO - Setting next_dagrun for example_skip_dag to 2024-08-08 00:00:00+00:00, run_after=2024-08-09 00:00:00+00:00
[2024-08-09T19:52:27.067+0200] {processor.py:183} INFO - Processing /home/bvpelt/Develop/airflowtut/py_env/lib/python3.10/site-packages/airflow/example_dags/example_skip_dag.py took 0.114 seconds
[2024-08-09T19:53:12.542+0200] {processor.py:161} INFO - Started process (PID=20082) to work on /home/bvpelt/Develop/airflowtut/py_env/lib/python3.10/site-packages/airflow/example_dags/example_skip_dag.py
[2024-08-09T19:53:12.556+0200] {processor.py:830} INFO - Processing file /home/bvpelt/Develop/airflowtut/py_env/lib/python3.10/site-packages/airflow/example_dags/example_skip_dag.py for tasks to queue
[2024-08-09T19:53:12.557+0200] {logging_mixin.py:188} INFO - [2024-08-09T19:53:12.556+0200] {dagbag.py:545} INFO - Filling up the DagBag from /home/bvpelt/Develop/airflowtut/py_env/lib/python3.10/site-packages/airflow/example_dags/example_skip_dag.py
[2024-08-09T19:53:12.561+0200] {processor.py:840} INFO - DAG(s) 'example_skip_dag' retrieved from /home/bvpelt/Develop/airflowtut/py_env/lib/python3.10/site-packages/airflow/example_dags/example_skip_dag.py
[2024-08-09T19:53:12.573+0200] {logging_mixin.py:188} INFO - [2024-08-09T19:53:12.573+0200] {dag.py:3089} INFO - Sync 1 DAGs
[2024-08-09T19:53:12.588+0200] {logging_mixin.py:188} INFO - [2024-08-09T19:53:12.588+0200] {dag.py:3947} INFO - Setting next_dagrun for example_skip_dag to 2024-08-08 00:00:00+00:00, run_after=2024-08-09 00:00:00+00:00
[2024-08-09T19:53:12.652+0200] {processor.py:183} INFO - Processing /home/bvpelt/Develop/airflowtut/py_env/lib/python3.10/site-packages/airflow/example_dags/example_skip_dag.py took 0.113 seconds
[2024-08-09T19:54:05.798+0200] {processor.py:161} INFO - Started process (PID=20140) to work on /home/bvpelt/Develop/airflowtut/py_env/lib/python3.10/site-packages/airflow/example_dags/example_skip_dag.py
[2024-08-09T19:54:05.799+0200] {processor.py:830} INFO - Processing file /home/bvpelt/Develop/airflowtut/py_env/lib/python3.10/site-packages/airflow/example_dags/example_skip_dag.py for tasks to queue
[2024-08-09T19:54:05.800+0200] {logging_mixin.py:188} INFO - [2024-08-09T19:54:05.800+0200] {dagbag.py:545} INFO - Filling up the DagBag from /home/bvpelt/Develop/airflowtut/py_env/lib/python3.10/site-packages/airflow/example_dags/example_skip_dag.py
[2024-08-09T19:54:05.803+0200] {processor.py:840} INFO - DAG(s) 'example_skip_dag' retrieved from /home/bvpelt/Develop/airflowtut/py_env/lib/python3.10/site-packages/airflow/example_dags/example_skip_dag.py
[2024-08-09T19:54:05.812+0200] {logging_mixin.py:188} INFO - [2024-08-09T19:54:05.812+0200] {dag.py:3089} INFO - Sync 1 DAGs
[2024-08-09T19:54:05.823+0200] {logging_mixin.py:188} INFO - [2024-08-09T19:54:05.822+0200] {dag.py:3947} INFO - Setting next_dagrun for example_skip_dag to 2024-08-08 00:00:00+00:00, run_after=2024-08-09 00:00:00+00:00
[2024-08-09T19:54:05.913+0200] {processor.py:183} INFO - Processing /home/bvpelt/Develop/airflowtut/py_env/lib/python3.10/site-packages/airflow/example_dags/example_skip_dag.py took 0.118 seconds
[2024-08-09T19:54:59.043+0200] {processor.py:161} INFO - Started process (PID=20218) to work on /home/bvpelt/Develop/airflowtut/py_env/lib/python3.10/site-packages/airflow/example_dags/example_skip_dag.py
[2024-08-09T19:54:59.055+0200] {processor.py:830} INFO - Processing file /home/bvpelt/Develop/airflowtut/py_env/lib/python3.10/site-packages/airflow/example_dags/example_skip_dag.py for tasks to queue
[2024-08-09T19:54:59.056+0200] {logging_mixin.py:188} INFO - [2024-08-09T19:54:59.056+0200] {dagbag.py:545} INFO - Filling up the DagBag from /home/bvpelt/Develop/airflowtut/py_env/lib/python3.10/site-packages/airflow/example_dags/example_skip_dag.py
[2024-08-09T19:54:59.061+0200] {processor.py:840} INFO - DAG(s) 'example_skip_dag' retrieved from /home/bvpelt/Develop/airflowtut/py_env/lib/python3.10/site-packages/airflow/example_dags/example_skip_dag.py
[2024-08-09T19:54:59.069+0200] {logging_mixin.py:188} INFO - [2024-08-09T19:54:59.069+0200] {dag.py:3089} INFO - Sync 1 DAGs
[2024-08-09T19:54:59.080+0200] {logging_mixin.py:188} INFO - [2024-08-09T19:54:59.080+0200] {dag.py:3947} INFO - Setting next_dagrun for example_skip_dag to 2024-08-08 00:00:00+00:00, run_after=2024-08-09 00:00:00+00:00
[2024-08-09T19:54:59.179+0200] {processor.py:183} INFO - Processing /home/bvpelt/Develop/airflowtut/py_env/lib/python3.10/site-packages/airflow/example_dags/example_skip_dag.py took 0.140 seconds
[2024-08-09T19:55:47.006+0200] {processor.py:161} INFO - Started process (PID=20308) to work on /home/bvpelt/Develop/airflowtut/py_env/lib/python3.10/site-packages/airflow/example_dags/example_skip_dag.py
[2024-08-09T19:55:47.018+0200] {processor.py:830} INFO - Processing file /home/bvpelt/Develop/airflowtut/py_env/lib/python3.10/site-packages/airflow/example_dags/example_skip_dag.py for tasks to queue
[2024-08-09T19:55:47.019+0200] {logging_mixin.py:188} INFO - [2024-08-09T19:55:47.019+0200] {dagbag.py:545} INFO - Filling up the DagBag from /home/bvpelt/Develop/airflowtut/py_env/lib/python3.10/site-packages/airflow/example_dags/example_skip_dag.py
[2024-08-09T19:55:47.023+0200] {processor.py:840} INFO - DAG(s) 'example_skip_dag' retrieved from /home/bvpelt/Develop/airflowtut/py_env/lib/python3.10/site-packages/airflow/example_dags/example_skip_dag.py
[2024-08-09T19:55:47.032+0200] {logging_mixin.py:188} INFO - [2024-08-09T19:55:47.032+0200] {dag.py:3089} INFO - Sync 1 DAGs
[2024-08-09T19:55:47.042+0200] {logging_mixin.py:188} INFO - [2024-08-09T19:55:47.042+0200] {dag.py:3947} INFO - Setting next_dagrun for example_skip_dag to 2024-08-08 00:00:00+00:00, run_after=2024-08-09 00:00:00+00:00
[2024-08-09T19:55:47.118+0200] {processor.py:183} INFO - Processing /home/bvpelt/Develop/airflowtut/py_env/lib/python3.10/site-packages/airflow/example_dags/example_skip_dag.py took 0.115 seconds
[2024-08-09T19:56:34.189+0200] {processor.py:161} INFO - Started process (PID=20364) to work on /home/bvpelt/Develop/airflowtut/py_env/lib/python3.10/site-packages/airflow/example_dags/example_skip_dag.py
[2024-08-09T19:56:34.206+0200] {processor.py:830} INFO - Processing file /home/bvpelt/Develop/airflowtut/py_env/lib/python3.10/site-packages/airflow/example_dags/example_skip_dag.py for tasks to queue
[2024-08-09T19:56:34.207+0200] {logging_mixin.py:188} INFO - [2024-08-09T19:56:34.207+0200] {dagbag.py:545} INFO - Filling up the DagBag from /home/bvpelt/Develop/airflowtut/py_env/lib/python3.10/site-packages/airflow/example_dags/example_skip_dag.py
[2024-08-09T19:56:34.212+0200] {processor.py:840} INFO - DAG(s) 'example_skip_dag' retrieved from /home/bvpelt/Develop/airflowtut/py_env/lib/python3.10/site-packages/airflow/example_dags/example_skip_dag.py
[2024-08-09T19:56:34.221+0200] {logging_mixin.py:188} INFO - [2024-08-09T19:56:34.221+0200] {dag.py:3089} INFO - Sync 1 DAGs
[2024-08-09T19:56:34.232+0200] {logging_mixin.py:188} INFO - [2024-08-09T19:56:34.231+0200] {dag.py:3947} INFO - Setting next_dagrun for example_skip_dag to 2024-08-08 00:00:00+00:00, run_after=2024-08-09 00:00:00+00:00
[2024-08-09T19:56:34.311+0200] {processor.py:183} INFO - Processing /home/bvpelt/Develop/airflowtut/py_env/lib/python3.10/site-packages/airflow/example_dags/example_skip_dag.py took 0.125 seconds
[2024-08-09T19:57:27.334+0200] {processor.py:161} INFO - Started process (PID=20492) to work on /home/bvpelt/Develop/airflowtut/py_env/lib/python3.10/site-packages/airflow/example_dags/example_skip_dag.py
[2024-08-09T19:57:27.352+0200] {processor.py:830} INFO - Processing file /home/bvpelt/Develop/airflowtut/py_env/lib/python3.10/site-packages/airflow/example_dags/example_skip_dag.py for tasks to queue
[2024-08-09T19:57:27.353+0200] {logging_mixin.py:188} INFO - [2024-08-09T19:57:27.353+0200] {dagbag.py:545} INFO - Filling up the DagBag from /home/bvpelt/Develop/airflowtut/py_env/lib/python3.10/site-packages/airflow/example_dags/example_skip_dag.py
[2024-08-09T19:57:27.357+0200] {processor.py:840} INFO - DAG(s) 'example_skip_dag' retrieved from /home/bvpelt/Develop/airflowtut/py_env/lib/python3.10/site-packages/airflow/example_dags/example_skip_dag.py
[2024-08-09T19:57:27.368+0200] {logging_mixin.py:188} INFO - [2024-08-09T19:57:27.368+0200] {dag.py:3089} INFO - Sync 1 DAGs
[2024-08-09T19:57:27.380+0200] {logging_mixin.py:188} INFO - [2024-08-09T19:57:27.380+0200] {dag.py:3947} INFO - Setting next_dagrun for example_skip_dag to 2024-08-08 00:00:00+00:00, run_after=2024-08-09 00:00:00+00:00
[2024-08-09T19:57:27.475+0200] {processor.py:183} INFO - Processing /home/bvpelt/Develop/airflowtut/py_env/lib/python3.10/site-packages/airflow/example_dags/example_skip_dag.py took 0.144 seconds
[2024-08-09T19:58:16.799+0200] {processor.py:161} INFO - Started process (PID=20594) to work on /home/bvpelt/Develop/airflowtut/py_env/lib/python3.10/site-packages/airflow/example_dags/example_skip_dag.py
[2024-08-09T19:58:16.801+0200] {processor.py:830} INFO - Processing file /home/bvpelt/Develop/airflowtut/py_env/lib/python3.10/site-packages/airflow/example_dags/example_skip_dag.py for tasks to queue
[2024-08-09T19:58:16.804+0200] {logging_mixin.py:188} INFO - [2024-08-09T19:58:16.804+0200] {dagbag.py:545} INFO - Filling up the DagBag from /home/bvpelt/Develop/airflowtut/py_env/lib/python3.10/site-packages/airflow/example_dags/example_skip_dag.py
[2024-08-09T19:58:16.814+0200] {processor.py:840} INFO - DAG(s) 'example_skip_dag' retrieved from /home/bvpelt/Develop/airflowtut/py_env/lib/python3.10/site-packages/airflow/example_dags/example_skip_dag.py
[2024-08-09T19:58:16.830+0200] {logging_mixin.py:188} INFO - [2024-08-09T19:58:16.830+0200] {dag.py:3089} INFO - Sync 1 DAGs
[2024-08-09T19:58:16.843+0200] {logging_mixin.py:188} INFO - [2024-08-09T19:58:16.843+0200] {dag.py:3947} INFO - Setting next_dagrun for example_skip_dag to 2024-08-08 00:00:00+00:00, run_after=2024-08-09 00:00:00+00:00
[2024-08-09T19:58:16.919+0200] {processor.py:183} INFO - Processing /home/bvpelt/Develop/airflowtut/py_env/lib/python3.10/site-packages/airflow/example_dags/example_skip_dag.py took 0.136 seconds
[2024-08-09T19:59:15.992+0200] {processor.py:161} INFO - Started process (PID=20690) to work on /home/bvpelt/Develop/airflowtut/py_env/lib/python3.10/site-packages/airflow/example_dags/example_skip_dag.py
[2024-08-09T19:59:15.993+0200] {processor.py:830} INFO - Processing file /home/bvpelt/Develop/airflowtut/py_env/lib/python3.10/site-packages/airflow/example_dags/example_skip_dag.py for tasks to queue
[2024-08-09T19:59:15.993+0200] {logging_mixin.py:188} INFO - [2024-08-09T19:59:15.993+0200] {dagbag.py:545} INFO - Filling up the DagBag from /home/bvpelt/Develop/airflowtut/py_env/lib/python3.10/site-packages/airflow/example_dags/example_skip_dag.py
[2024-08-09T19:59:15.997+0200] {processor.py:840} INFO - DAG(s) 'example_skip_dag' retrieved from /home/bvpelt/Develop/airflowtut/py_env/lib/python3.10/site-packages/airflow/example_dags/example_skip_dag.py
[2024-08-09T19:59:16.008+0200] {logging_mixin.py:188} INFO - [2024-08-09T19:59:16.007+0200] {dag.py:3089} INFO - Sync 1 DAGs
[2024-08-09T19:59:16.020+0200] {logging_mixin.py:188} INFO - [2024-08-09T19:59:16.020+0200] {dag.py:3947} INFO - Setting next_dagrun for example_skip_dag to 2024-08-08 00:00:00+00:00, run_after=2024-08-09 00:00:00+00:00
[2024-08-09T19:59:16.166+0200] {processor.py:183} INFO - Processing /home/bvpelt/Develop/airflowtut/py_env/lib/python3.10/site-packages/airflow/example_dags/example_skip_dag.py took 0.177 seconds
[2024-08-09T20:00:09.459+0200] {processor.py:161} INFO - Started process (PID=20769) to work on /home/bvpelt/Develop/airflowtut/py_env/lib/python3.10/site-packages/airflow/example_dags/example_skip_dag.py
[2024-08-09T20:00:09.460+0200] {processor.py:830} INFO - Processing file /home/bvpelt/Develop/airflowtut/py_env/lib/python3.10/site-packages/airflow/example_dags/example_skip_dag.py for tasks to queue
[2024-08-09T20:00:09.460+0200] {logging_mixin.py:188} INFO - [2024-08-09T20:00:09.460+0200] {dagbag.py:545} INFO - Filling up the DagBag from /home/bvpelt/Develop/airflowtut/py_env/lib/python3.10/site-packages/airflow/example_dags/example_skip_dag.py
[2024-08-09T20:00:09.464+0200] {processor.py:840} INFO - DAG(s) 'example_skip_dag' retrieved from /home/bvpelt/Develop/airflowtut/py_env/lib/python3.10/site-packages/airflow/example_dags/example_skip_dag.py
[2024-08-09T20:00:09.474+0200] {logging_mixin.py:188} INFO - [2024-08-09T20:00:09.474+0200] {dag.py:3089} INFO - Sync 1 DAGs
[2024-08-09T20:00:09.485+0200] {logging_mixin.py:188} INFO - [2024-08-09T20:00:09.485+0200] {dag.py:3947} INFO - Setting next_dagrun for example_skip_dag to 2024-08-08 00:00:00+00:00, run_after=2024-08-09 00:00:00+00:00
[2024-08-09T20:00:09.591+0200] {processor.py:183} INFO - Processing /home/bvpelt/Develop/airflowtut/py_env/lib/python3.10/site-packages/airflow/example_dags/example_skip_dag.py took 0.135 seconds
[2024-08-09T20:00:59.327+0200] {processor.py:161} INFO - Started process (PID=20826) to work on /home/bvpelt/Develop/airflowtut/py_env/lib/python3.10/site-packages/airflow/example_dags/example_skip_dag.py
[2024-08-09T20:00:59.328+0200] {processor.py:830} INFO - Processing file /home/bvpelt/Develop/airflowtut/py_env/lib/python3.10/site-packages/airflow/example_dags/example_skip_dag.py for tasks to queue
[2024-08-09T20:00:59.329+0200] {logging_mixin.py:188} INFO - [2024-08-09T20:00:59.328+0200] {dagbag.py:545} INFO - Filling up the DagBag from /home/bvpelt/Develop/airflowtut/py_env/lib/python3.10/site-packages/airflow/example_dags/example_skip_dag.py
[2024-08-09T20:00:59.332+0200] {processor.py:840} INFO - DAG(s) 'example_skip_dag' retrieved from /home/bvpelt/Develop/airflowtut/py_env/lib/python3.10/site-packages/airflow/example_dags/example_skip_dag.py
[2024-08-09T20:00:59.341+0200] {logging_mixin.py:188} INFO - [2024-08-09T20:00:59.341+0200] {dag.py:3089} INFO - Sync 1 DAGs
[2024-08-09T20:00:59.351+0200] {logging_mixin.py:188} INFO - [2024-08-09T20:00:59.351+0200] {dag.py:3947} INFO - Setting next_dagrun for example_skip_dag to 2024-08-08 00:00:00+00:00, run_after=2024-08-09 00:00:00+00:00
[2024-08-09T20:00:59.446+0200] {processor.py:183} INFO - Processing /home/bvpelt/Develop/airflowtut/py_env/lib/python3.10/site-packages/airflow/example_dags/example_skip_dag.py took 0.122 seconds
[2024-08-09T20:01:49.271+0200] {processor.py:161} INFO - Started process (PID=20960) to work on /home/bvpelt/Develop/airflowtut/py_env/lib/python3.10/site-packages/airflow/example_dags/example_skip_dag.py
[2024-08-09T20:01:49.272+0200] {processor.py:830} INFO - Processing file /home/bvpelt/Develop/airflowtut/py_env/lib/python3.10/site-packages/airflow/example_dags/example_skip_dag.py for tasks to queue
[2024-08-09T20:01:49.272+0200] {logging_mixin.py:188} INFO - [2024-08-09T20:01:49.272+0200] {dagbag.py:545} INFO - Filling up the DagBag from /home/bvpelt/Develop/airflowtut/py_env/lib/python3.10/site-packages/airflow/example_dags/example_skip_dag.py
[2024-08-09T20:01:49.276+0200] {processor.py:840} INFO - DAG(s) 'example_skip_dag' retrieved from /home/bvpelt/Develop/airflowtut/py_env/lib/python3.10/site-packages/airflow/example_dags/example_skip_dag.py
[2024-08-09T20:01:49.286+0200] {logging_mixin.py:188} INFO - [2024-08-09T20:01:49.286+0200] {dag.py:3089} INFO - Sync 1 DAGs
[2024-08-09T20:01:49.297+0200] {logging_mixin.py:188} INFO - [2024-08-09T20:01:49.297+0200] {dag.py:3947} INFO - Setting next_dagrun for example_skip_dag to 2024-08-08 00:00:00+00:00, run_after=2024-08-09 00:00:00+00:00
[2024-08-09T20:01:49.376+0200] {processor.py:183} INFO - Processing /home/bvpelt/Develop/airflowtut/py_env/lib/python3.10/site-packages/airflow/example_dags/example_skip_dag.py took 0.109 seconds
[2024-08-09T20:02:40.425+0200] {processor.py:161} INFO - Started process (PID=21055) to work on /home/bvpelt/Develop/airflowtut/py_env/lib/python3.10/site-packages/airflow/example_dags/example_skip_dag.py
[2024-08-09T20:02:40.426+0200] {processor.py:830} INFO - Processing file /home/bvpelt/Develop/airflowtut/py_env/lib/python3.10/site-packages/airflow/example_dags/example_skip_dag.py for tasks to queue
[2024-08-09T20:02:40.427+0200] {logging_mixin.py:188} INFO - [2024-08-09T20:02:40.426+0200] {dagbag.py:545} INFO - Filling up the DagBag from /home/bvpelt/Develop/airflowtut/py_env/lib/python3.10/site-packages/airflow/example_dags/example_skip_dag.py
[2024-08-09T20:02:40.430+0200] {processor.py:840} INFO - DAG(s) 'example_skip_dag' retrieved from /home/bvpelt/Develop/airflowtut/py_env/lib/python3.10/site-packages/airflow/example_dags/example_skip_dag.py
[2024-08-09T20:02:40.441+0200] {logging_mixin.py:188} INFO - [2024-08-09T20:02:40.441+0200] {dag.py:3089} INFO - Sync 1 DAGs
[2024-08-09T20:02:40.452+0200] {logging_mixin.py:188} INFO - [2024-08-09T20:02:40.452+0200] {dag.py:3947} INFO - Setting next_dagrun for example_skip_dag to 2024-08-08 00:00:00+00:00, run_after=2024-08-09 00:00:00+00:00
[2024-08-09T20:02:40.618+0200] {processor.py:183} INFO - Processing /home/bvpelt/Develop/airflowtut/py_env/lib/python3.10/site-packages/airflow/example_dags/example_skip_dag.py took 0.197 seconds
[2024-08-09T20:03:38.856+0200] {processor.py:161} INFO - Started process (PID=21110) to work on /home/bvpelt/Develop/airflowtut/py_env/lib/python3.10/site-packages/airflow/example_dags/example_skip_dag.py
[2024-08-09T20:03:38.856+0200] {processor.py:830} INFO - Processing file /home/bvpelt/Develop/airflowtut/py_env/lib/python3.10/site-packages/airflow/example_dags/example_skip_dag.py for tasks to queue
[2024-08-09T20:03:38.857+0200] {logging_mixin.py:188} INFO - [2024-08-09T20:03:38.857+0200] {dagbag.py:545} INFO - Filling up the DagBag from /home/bvpelt/Develop/airflowtut/py_env/lib/python3.10/site-packages/airflow/example_dags/example_skip_dag.py
[2024-08-09T20:03:38.860+0200] {processor.py:840} INFO - DAG(s) 'example_skip_dag' retrieved from /home/bvpelt/Develop/airflowtut/py_env/lib/python3.10/site-packages/airflow/example_dags/example_skip_dag.py
[2024-08-09T20:03:38.870+0200] {logging_mixin.py:188} INFO - [2024-08-09T20:03:38.870+0200] {dag.py:3089} INFO - Sync 1 DAGs
[2024-08-09T20:03:38.880+0200] {logging_mixin.py:188} INFO - [2024-08-09T20:03:38.880+0200] {dag.py:3947} INFO - Setting next_dagrun for example_skip_dag to 2024-08-08 00:00:00+00:00, run_after=2024-08-09 00:00:00+00:00
[2024-08-09T20:03:38.994+0200] {processor.py:183} INFO - Processing /home/bvpelt/Develop/airflowtut/py_env/lib/python3.10/site-packages/airflow/example_dags/example_skip_dag.py took 0.142 seconds
[2024-08-09T20:04:32.475+0200] {processor.py:161} INFO - Started process (PID=21199) to work on /home/bvpelt/Develop/airflowtut/py_env/lib/python3.10/site-packages/airflow/example_dags/example_skip_dag.py
[2024-08-09T20:04:32.476+0200] {processor.py:830} INFO - Processing file /home/bvpelt/Develop/airflowtut/py_env/lib/python3.10/site-packages/airflow/example_dags/example_skip_dag.py for tasks to queue
[2024-08-09T20:04:32.476+0200] {logging_mixin.py:188} INFO - [2024-08-09T20:04:32.476+0200] {dagbag.py:545} INFO - Filling up the DagBag from /home/bvpelt/Develop/airflowtut/py_env/lib/python3.10/site-packages/airflow/example_dags/example_skip_dag.py
[2024-08-09T20:04:32.480+0200] {processor.py:840} INFO - DAG(s) 'example_skip_dag' retrieved from /home/bvpelt/Develop/airflowtut/py_env/lib/python3.10/site-packages/airflow/example_dags/example_skip_dag.py
[2024-08-09T20:04:32.489+0200] {logging_mixin.py:188} INFO - [2024-08-09T20:04:32.489+0200] {dag.py:3089} INFO - Sync 1 DAGs
[2024-08-09T20:04:32.500+0200] {logging_mixin.py:188} INFO - [2024-08-09T20:04:32.500+0200] {dag.py:3947} INFO - Setting next_dagrun for example_skip_dag to 2024-08-08 00:00:00+00:00, run_after=2024-08-09 00:00:00+00:00
[2024-08-09T20:04:32.662+0200] {processor.py:183} INFO - Processing /home/bvpelt/Develop/airflowtut/py_env/lib/python3.10/site-packages/airflow/example_dags/example_skip_dag.py took 0.190 seconds
[2024-08-09T20:05:23.417+0200] {processor.py:161} INFO - Started process (PID=21356) to work on /home/bvpelt/Develop/airflowtut/py_env/lib/python3.10/site-packages/airflow/example_dags/example_skip_dag.py
[2024-08-09T20:05:23.417+0200] {processor.py:830} INFO - Processing file /home/bvpelt/Develop/airflowtut/py_env/lib/python3.10/site-packages/airflow/example_dags/example_skip_dag.py for tasks to queue
[2024-08-09T20:05:23.418+0200] {logging_mixin.py:188} INFO - [2024-08-09T20:05:23.418+0200] {dagbag.py:545} INFO - Filling up the DagBag from /home/bvpelt/Develop/airflowtut/py_env/lib/python3.10/site-packages/airflow/example_dags/example_skip_dag.py
[2024-08-09T20:05:23.422+0200] {processor.py:840} INFO - DAG(s) 'example_skip_dag' retrieved from /home/bvpelt/Develop/airflowtut/py_env/lib/python3.10/site-packages/airflow/example_dags/example_skip_dag.py
[2024-08-09T20:05:23.430+0200] {logging_mixin.py:188} INFO - [2024-08-09T20:05:23.430+0200] {dag.py:3089} INFO - Sync 1 DAGs
[2024-08-09T20:05:23.441+0200] {logging_mixin.py:188} INFO - [2024-08-09T20:05:23.441+0200] {dag.py:3947} INFO - Setting next_dagrun for example_skip_dag to 2024-08-08 00:00:00+00:00, run_after=2024-08-09 00:00:00+00:00
[2024-08-09T20:05:23.526+0200] {processor.py:183} INFO - Processing /home/bvpelt/Develop/airflowtut/py_env/lib/python3.10/site-packages/airflow/example_dags/example_skip_dag.py took 0.112 seconds
[2024-08-09T20:06:21.266+0200] {processor.py:161} INFO - Started process (PID=21412) to work on /home/bvpelt/Develop/airflowtut/py_env/lib/python3.10/site-packages/airflow/example_dags/example_skip_dag.py
[2024-08-09T20:06:21.266+0200] {processor.py:830} INFO - Processing file /home/bvpelt/Develop/airflowtut/py_env/lib/python3.10/site-packages/airflow/example_dags/example_skip_dag.py for tasks to queue
[2024-08-09T20:06:21.267+0200] {logging_mixin.py:188} INFO - [2024-08-09T20:06:21.267+0200] {dagbag.py:545} INFO - Filling up the DagBag from /home/bvpelt/Develop/airflowtut/py_env/lib/python3.10/site-packages/airflow/example_dags/example_skip_dag.py
[2024-08-09T20:06:21.270+0200] {processor.py:840} INFO - DAG(s) 'example_skip_dag' retrieved from /home/bvpelt/Develop/airflowtut/py_env/lib/python3.10/site-packages/airflow/example_dags/example_skip_dag.py
[2024-08-09T20:06:21.280+0200] {logging_mixin.py:188} INFO - [2024-08-09T20:06:21.280+0200] {dag.py:3089} INFO - Sync 1 DAGs
[2024-08-09T20:06:21.291+0200] {logging_mixin.py:188} INFO - [2024-08-09T20:06:21.290+0200] {dag.py:3947} INFO - Setting next_dagrun for example_skip_dag to 2024-08-08 00:00:00+00:00, run_after=2024-08-09 00:00:00+00:00
[2024-08-09T20:06:21.451+0200] {processor.py:183} INFO - Processing /home/bvpelt/Develop/airflowtut/py_env/lib/python3.10/site-packages/airflow/example_dags/example_skip_dag.py took 0.188 seconds
[2024-08-09T20:07:15.285+0200] {processor.py:161} INFO - Started process (PID=21500) to work on /home/bvpelt/Develop/airflowtut/py_env/lib/python3.10/site-packages/airflow/example_dags/example_skip_dag.py
[2024-08-09T20:07:15.285+0200] {processor.py:830} INFO - Processing file /home/bvpelt/Develop/airflowtut/py_env/lib/python3.10/site-packages/airflow/example_dags/example_skip_dag.py for tasks to queue
[2024-08-09T20:07:15.286+0200] {logging_mixin.py:188} INFO - [2024-08-09T20:07:15.286+0200] {dagbag.py:545} INFO - Filling up the DagBag from /home/bvpelt/Develop/airflowtut/py_env/lib/python3.10/site-packages/airflow/example_dags/example_skip_dag.py
[2024-08-09T20:07:15.289+0200] {processor.py:840} INFO - DAG(s) 'example_skip_dag' retrieved from /home/bvpelt/Develop/airflowtut/py_env/lib/python3.10/site-packages/airflow/example_dags/example_skip_dag.py
[2024-08-09T20:07:15.298+0200] {logging_mixin.py:188} INFO - [2024-08-09T20:07:15.298+0200] {dag.py:3089} INFO - Sync 1 DAGs
[2024-08-09T20:07:15.309+0200] {logging_mixin.py:188} INFO - [2024-08-09T20:07:15.308+0200] {dag.py:3947} INFO - Setting next_dagrun for example_skip_dag to 2024-08-08 00:00:00+00:00, run_after=2024-08-09 00:00:00+00:00
[2024-08-09T20:07:15.414+0200] {processor.py:183} INFO - Processing /home/bvpelt/Develop/airflowtut/py_env/lib/python3.10/site-packages/airflow/example_dags/example_skip_dag.py took 0.132 seconds
[2024-08-09T20:08:06.557+0200] {processor.py:161} INFO - Started process (PID=21657) to work on /home/bvpelt/Develop/airflowtut/py_env/lib/python3.10/site-packages/airflow/example_dags/example_skip_dag.py
[2024-08-09T20:08:06.557+0200] {processor.py:830} INFO - Processing file /home/bvpelt/Develop/airflowtut/py_env/lib/python3.10/site-packages/airflow/example_dags/example_skip_dag.py for tasks to queue
[2024-08-09T20:08:06.558+0200] {logging_mixin.py:188} INFO - [2024-08-09T20:08:06.558+0200] {dagbag.py:545} INFO - Filling up the DagBag from /home/bvpelt/Develop/airflowtut/py_env/lib/python3.10/site-packages/airflow/example_dags/example_skip_dag.py
[2024-08-09T20:08:06.561+0200] {processor.py:840} INFO - DAG(s) 'example_skip_dag' retrieved from /home/bvpelt/Develop/airflowtut/py_env/lib/python3.10/site-packages/airflow/example_dags/example_skip_dag.py
[2024-08-09T20:08:06.570+0200] {logging_mixin.py:188} INFO - [2024-08-09T20:08:06.570+0200] {dag.py:3089} INFO - Sync 1 DAGs
[2024-08-09T20:08:06.581+0200] {logging_mixin.py:188} INFO - [2024-08-09T20:08:06.581+0200] {dag.py:3947} INFO - Setting next_dagrun for example_skip_dag to 2024-08-08 00:00:00+00:00, run_after=2024-08-09 00:00:00+00:00
[2024-08-09T20:08:06.689+0200] {processor.py:183} INFO - Processing /home/bvpelt/Develop/airflowtut/py_env/lib/python3.10/site-packages/airflow/example_dags/example_skip_dag.py took 0.136 seconds
[2024-08-09T20:08:58.098+0200] {processor.py:161} INFO - Started process (PID=21717) to work on /home/bvpelt/Develop/airflowtut/py_env/lib/python3.10/site-packages/airflow/example_dags/example_skip_dag.py
[2024-08-09T20:08:58.099+0200] {processor.py:830} INFO - Processing file /home/bvpelt/Develop/airflowtut/py_env/lib/python3.10/site-packages/airflow/example_dags/example_skip_dag.py for tasks to queue
[2024-08-09T20:08:58.100+0200] {logging_mixin.py:188} INFO - [2024-08-09T20:08:58.100+0200] {dagbag.py:545} INFO - Filling up the DagBag from /home/bvpelt/Develop/airflowtut/py_env/lib/python3.10/site-packages/airflow/example_dags/example_skip_dag.py
[2024-08-09T20:08:58.103+0200] {processor.py:840} INFO - DAG(s) 'example_skip_dag' retrieved from /home/bvpelt/Develop/airflowtut/py_env/lib/python3.10/site-packages/airflow/example_dags/example_skip_dag.py
[2024-08-09T20:08:58.112+0200] {logging_mixin.py:188} INFO - [2024-08-09T20:08:58.112+0200] {dag.py:3089} INFO - Sync 1 DAGs
[2024-08-09T20:08:58.123+0200] {logging_mixin.py:188} INFO - [2024-08-09T20:08:58.122+0200] {dag.py:3947} INFO - Setting next_dagrun for example_skip_dag to 2024-08-08 00:00:00+00:00, run_after=2024-08-09 00:00:00+00:00
[2024-08-09T20:08:58.193+0200] {processor.py:183} INFO - Processing /home/bvpelt/Develop/airflowtut/py_env/lib/python3.10/site-packages/airflow/example_dags/example_skip_dag.py took 0.098 seconds
[2024-08-09T20:09:50.284+0200] {processor.py:161} INFO - Started process (PID=21770) to work on /home/bvpelt/Develop/airflowtut/py_env/lib/python3.10/site-packages/airflow/example_dags/example_skip_dag.py
[2024-08-09T20:09:50.292+0200] {processor.py:830} INFO - Processing file /home/bvpelt/Develop/airflowtut/py_env/lib/python3.10/site-packages/airflow/example_dags/example_skip_dag.py for tasks to queue
[2024-08-09T20:09:50.296+0200] {logging_mixin.py:188} INFO - [2024-08-09T20:09:50.295+0200] {dagbag.py:545} INFO - Filling up the DagBag from /home/bvpelt/Develop/airflowtut/py_env/lib/python3.10/site-packages/airflow/example_dags/example_skip_dag.py
[2024-08-09T20:09:50.300+0200] {processor.py:840} INFO - DAG(s) 'example_skip_dag' retrieved from /home/bvpelt/Develop/airflowtut/py_env/lib/python3.10/site-packages/airflow/example_dags/example_skip_dag.py
[2024-08-09T20:09:50.309+0200] {logging_mixin.py:188} INFO - [2024-08-09T20:09:50.309+0200] {dag.py:3089} INFO - Sync 1 DAGs
[2024-08-09T20:09:50.319+0200] {logging_mixin.py:188} INFO - [2024-08-09T20:09:50.319+0200] {dag.py:3947} INFO - Setting next_dagrun for example_skip_dag to 2024-08-08 00:00:00+00:00, run_after=2024-08-09 00:00:00+00:00
[2024-08-09T20:09:50.433+0200] {processor.py:183} INFO - Processing /home/bvpelt/Develop/airflowtut/py_env/lib/python3.10/site-packages/airflow/example_dags/example_skip_dag.py took 0.152 seconds
[2024-08-09T20:10:39.288+0200] {processor.py:161} INFO - Started process (PID=21845) to work on /home/bvpelt/Develop/airflowtut/py_env/lib/python3.10/site-packages/airflow/example_dags/example_skip_dag.py
[2024-08-09T20:10:39.304+0200] {processor.py:830} INFO - Processing file /home/bvpelt/Develop/airflowtut/py_env/lib/python3.10/site-packages/airflow/example_dags/example_skip_dag.py for tasks to queue
[2024-08-09T20:10:39.305+0200] {logging_mixin.py:188} INFO - [2024-08-09T20:10:39.304+0200] {dagbag.py:545} INFO - Filling up the DagBag from /home/bvpelt/Develop/airflowtut/py_env/lib/python3.10/site-packages/airflow/example_dags/example_skip_dag.py
[2024-08-09T20:10:39.309+0200] {processor.py:840} INFO - DAG(s) 'example_skip_dag' retrieved from /home/bvpelt/Develop/airflowtut/py_env/lib/python3.10/site-packages/airflow/example_dags/example_skip_dag.py
[2024-08-09T20:10:39.321+0200] {logging_mixin.py:188} INFO - [2024-08-09T20:10:39.321+0200] {dag.py:3089} INFO - Sync 1 DAGs
[2024-08-09T20:10:39.336+0200] {logging_mixin.py:188} INFO - [2024-08-09T20:10:39.336+0200] {dag.py:3947} INFO - Setting next_dagrun for example_skip_dag to 2024-08-08 00:00:00+00:00, run_after=2024-08-09 00:00:00+00:00
[2024-08-09T20:10:39.431+0200] {processor.py:183} INFO - Processing /home/bvpelt/Develop/airflowtut/py_env/lib/python3.10/site-packages/airflow/example_dags/example_skip_dag.py took 0.146 seconds
[2024-08-09T20:11:29.394+0200] {processor.py:161} INFO - Started process (PID=21898) to work on /home/bvpelt/Develop/airflowtut/py_env/lib/python3.10/site-packages/airflow/example_dags/example_skip_dag.py
[2024-08-09T20:11:29.410+0200] {processor.py:830} INFO - Processing file /home/bvpelt/Develop/airflowtut/py_env/lib/python3.10/site-packages/airflow/example_dags/example_skip_dag.py for tasks to queue
[2024-08-09T20:11:29.410+0200] {logging_mixin.py:188} INFO - [2024-08-09T20:11:29.410+0200] {dagbag.py:545} INFO - Filling up the DagBag from /home/bvpelt/Develop/airflowtut/py_env/lib/python3.10/site-packages/airflow/example_dags/example_skip_dag.py
[2024-08-09T20:11:29.414+0200] {processor.py:840} INFO - DAG(s) 'example_skip_dag' retrieved from /home/bvpelt/Develop/airflowtut/py_env/lib/python3.10/site-packages/airflow/example_dags/example_skip_dag.py
[2024-08-09T20:11:29.423+0200] {logging_mixin.py:188} INFO - [2024-08-09T20:11:29.423+0200] {dag.py:3089} INFO - Sync 1 DAGs
[2024-08-09T20:11:29.435+0200] {logging_mixin.py:188} INFO - [2024-08-09T20:11:29.435+0200] {dag.py:3947} INFO - Setting next_dagrun for example_skip_dag to 2024-08-08 00:00:00+00:00, run_after=2024-08-09 00:00:00+00:00
[2024-08-09T20:11:29.513+0200] {processor.py:183} INFO - Processing /home/bvpelt/Develop/airflowtut/py_env/lib/python3.10/site-packages/airflow/example_dags/example_skip_dag.py took 0.123 seconds
[2024-08-09T20:12:18.309+0200] {processor.py:161} INFO - Started process (PID=22007) to work on /home/bvpelt/Develop/airflowtut/py_env/lib/python3.10/site-packages/airflow/example_dags/example_skip_dag.py
[2024-08-09T20:12:18.324+0200] {processor.py:830} INFO - Processing file /home/bvpelt/Develop/airflowtut/py_env/lib/python3.10/site-packages/airflow/example_dags/example_skip_dag.py for tasks to queue
[2024-08-09T20:12:18.325+0200] {logging_mixin.py:188} INFO - [2024-08-09T20:12:18.325+0200] {dagbag.py:545} INFO - Filling up the DagBag from /home/bvpelt/Develop/airflowtut/py_env/lib/python3.10/site-packages/airflow/example_dags/example_skip_dag.py
[2024-08-09T20:12:18.328+0200] {processor.py:840} INFO - DAG(s) 'example_skip_dag' retrieved from /home/bvpelt/Develop/airflowtut/py_env/lib/python3.10/site-packages/airflow/example_dags/example_skip_dag.py
[2024-08-09T20:12:18.338+0200] {logging_mixin.py:188} INFO - [2024-08-09T20:12:18.338+0200] {dag.py:3089} INFO - Sync 1 DAGs
[2024-08-09T20:12:18.350+0200] {logging_mixin.py:188} INFO - [2024-08-09T20:12:18.350+0200] {dag.py:3947} INFO - Setting next_dagrun for example_skip_dag to 2024-08-08 00:00:00+00:00, run_after=2024-08-09 00:00:00+00:00
[2024-08-09T20:12:18.427+0200] {processor.py:183} INFO - Processing /home/bvpelt/Develop/airflowtut/py_env/lib/python3.10/site-packages/airflow/example_dags/example_skip_dag.py took 0.120 seconds
[2024-08-09T20:13:10.237+0200] {processor.py:161} INFO - Started process (PID=22092) to work on /home/bvpelt/Develop/airflowtut/py_env/lib/python3.10/site-packages/airflow/example_dags/example_skip_dag.py
[2024-08-09T20:13:10.238+0200] {processor.py:830} INFO - Processing file /home/bvpelt/Develop/airflowtut/py_env/lib/python3.10/site-packages/airflow/example_dags/example_skip_dag.py for tasks to queue
[2024-08-09T20:13:10.239+0200] {logging_mixin.py:188} INFO - [2024-08-09T20:13:10.238+0200] {dagbag.py:545} INFO - Filling up the DagBag from /home/bvpelt/Develop/airflowtut/py_env/lib/python3.10/site-packages/airflow/example_dags/example_skip_dag.py
[2024-08-09T20:13:10.242+0200] {processor.py:840} INFO - DAG(s) 'example_skip_dag' retrieved from /home/bvpelt/Develop/airflowtut/py_env/lib/python3.10/site-packages/airflow/example_dags/example_skip_dag.py
[2024-08-09T20:13:10.251+0200] {logging_mixin.py:188} INFO - [2024-08-09T20:13:10.251+0200] {dag.py:3089} INFO - Sync 1 DAGs
[2024-08-09T20:13:10.262+0200] {logging_mixin.py:188} INFO - [2024-08-09T20:13:10.262+0200] {dag.py:3947} INFO - Setting next_dagrun for example_skip_dag to 2024-08-08 00:00:00+00:00, run_after=2024-08-09 00:00:00+00:00
[2024-08-09T20:13:10.342+0200] {processor.py:183} INFO - Processing /home/bvpelt/Develop/airflowtut/py_env/lib/python3.10/site-packages/airflow/example_dags/example_skip_dag.py took 0.108 seconds
[2024-08-09T20:14:07.551+0200] {processor.py:161} INFO - Started process (PID=22161) to work on /home/bvpelt/Develop/airflowtut/py_env/lib/python3.10/site-packages/airflow/example_dags/example_skip_dag.py
[2024-08-09T20:14:07.551+0200] {processor.py:830} INFO - Processing file /home/bvpelt/Develop/airflowtut/py_env/lib/python3.10/site-packages/airflow/example_dags/example_skip_dag.py for tasks to queue
[2024-08-09T20:14:07.552+0200] {logging_mixin.py:188} INFO - [2024-08-09T20:14:07.552+0200] {dagbag.py:545} INFO - Filling up the DagBag from /home/bvpelt/Develop/airflowtut/py_env/lib/python3.10/site-packages/airflow/example_dags/example_skip_dag.py
[2024-08-09T20:14:07.556+0200] {processor.py:840} INFO - DAG(s) 'example_skip_dag' retrieved from /home/bvpelt/Develop/airflowtut/py_env/lib/python3.10/site-packages/airflow/example_dags/example_skip_dag.py
[2024-08-09T20:14:07.566+0200] {logging_mixin.py:188} INFO - [2024-08-09T20:14:07.566+0200] {dag.py:3089} INFO - Sync 1 DAGs
[2024-08-09T20:14:07.578+0200] {logging_mixin.py:188} INFO - [2024-08-09T20:14:07.577+0200] {dag.py:3947} INFO - Setting next_dagrun for example_skip_dag to 2024-08-08 00:00:00+00:00, run_after=2024-08-09 00:00:00+00:00
[2024-08-09T20:14:07.654+0200] {processor.py:183} INFO - Processing /home/bvpelt/Develop/airflowtut/py_env/lib/python3.10/site-packages/airflow/example_dags/example_skip_dag.py took 0.107 seconds
[2024-08-09T20:14:53.693+0200] {processor.py:161} INFO - Started process (PID=22223) to work on /home/bvpelt/Develop/airflowtut/py_env/lib/python3.10/site-packages/airflow/example_dags/example_skip_dag.py
[2024-08-09T20:14:53.693+0200] {processor.py:830} INFO - Processing file /home/bvpelt/Develop/airflowtut/py_env/lib/python3.10/site-packages/airflow/example_dags/example_skip_dag.py for tasks to queue
[2024-08-09T20:14:53.694+0200] {logging_mixin.py:188} INFO - [2024-08-09T20:14:53.694+0200] {dagbag.py:545} INFO - Filling up the DagBag from /home/bvpelt/Develop/airflowtut/py_env/lib/python3.10/site-packages/airflow/example_dags/example_skip_dag.py
[2024-08-09T20:14:53.698+0200] {processor.py:840} INFO - DAG(s) 'example_skip_dag' retrieved from /home/bvpelt/Develop/airflowtut/py_env/lib/python3.10/site-packages/airflow/example_dags/example_skip_dag.py
[2024-08-09T20:14:53.707+0200] {logging_mixin.py:188} INFO - [2024-08-09T20:14:53.707+0200] {dag.py:3089} INFO - Sync 1 DAGs
[2024-08-09T20:14:53.717+0200] {logging_mixin.py:188} INFO - [2024-08-09T20:14:53.717+0200] {dag.py:3947} INFO - Setting next_dagrun for example_skip_dag to 2024-08-08 00:00:00+00:00, run_after=2024-08-09 00:00:00+00:00
[2024-08-09T20:14:53.807+0200] {processor.py:183} INFO - Processing /home/bvpelt/Develop/airflowtut/py_env/lib/python3.10/site-packages/airflow/example_dags/example_skip_dag.py took 0.117 seconds
[2024-08-09T20:15:44.361+0200] {processor.py:161} INFO - Started process (PID=22307) to work on /home/bvpelt/Develop/airflowtut/py_env/lib/python3.10/site-packages/airflow/example_dags/example_skip_dag.py
[2024-08-09T20:15:44.372+0200] {processor.py:830} INFO - Processing file /home/bvpelt/Develop/airflowtut/py_env/lib/python3.10/site-packages/airflow/example_dags/example_skip_dag.py for tasks to queue
[2024-08-09T20:15:44.373+0200] {logging_mixin.py:188} INFO - [2024-08-09T20:15:44.373+0200] {dagbag.py:545} INFO - Filling up the DagBag from /home/bvpelt/Develop/airflowtut/py_env/lib/python3.10/site-packages/airflow/example_dags/example_skip_dag.py
[2024-08-09T20:15:44.378+0200] {processor.py:840} INFO - DAG(s) 'example_skip_dag' retrieved from /home/bvpelt/Develop/airflowtut/py_env/lib/python3.10/site-packages/airflow/example_dags/example_skip_dag.py
[2024-08-09T20:15:44.387+0200] {logging_mixin.py:188} INFO - [2024-08-09T20:15:44.386+0200] {dag.py:3089} INFO - Sync 1 DAGs
[2024-08-09T20:15:44.397+0200] {logging_mixin.py:188} INFO - [2024-08-09T20:15:44.397+0200] {dag.py:3947} INFO - Setting next_dagrun for example_skip_dag to 2024-08-08 00:00:00+00:00, run_after=2024-08-09 00:00:00+00:00
[2024-08-09T20:15:44.464+0200] {processor.py:183} INFO - Processing /home/bvpelt/Develop/airflowtut/py_env/lib/python3.10/site-packages/airflow/example_dags/example_skip_dag.py took 0.106 seconds
[2024-08-09T20:16:29.522+0200] {processor.py:161} INFO - Started process (PID=22365) to work on /home/bvpelt/Develop/airflowtut/py_env/lib/python3.10/site-packages/airflow/example_dags/example_skip_dag.py
[2024-08-09T20:16:29.537+0200] {processor.py:830} INFO - Processing file /home/bvpelt/Develop/airflowtut/py_env/lib/python3.10/site-packages/airflow/example_dags/example_skip_dag.py for tasks to queue
[2024-08-09T20:16:29.541+0200] {logging_mixin.py:188} INFO - [2024-08-09T20:16:29.540+0200] {dagbag.py:545} INFO - Filling up the DagBag from /home/bvpelt/Develop/airflowtut/py_env/lib/python3.10/site-packages/airflow/example_dags/example_skip_dag.py
[2024-08-09T20:16:29.558+0200] {processor.py:840} INFO - DAG(s) 'example_skip_dag' retrieved from /home/bvpelt/Develop/airflowtut/py_env/lib/python3.10/site-packages/airflow/example_dags/example_skip_dag.py
[2024-08-09T20:16:29.583+0200] {logging_mixin.py:188} INFO - [2024-08-09T20:16:29.583+0200] {dag.py:3089} INFO - Sync 1 DAGs
[2024-08-09T20:16:29.598+0200] {logging_mixin.py:188} INFO - [2024-08-09T20:16:29.598+0200] {dag.py:3947} INFO - Setting next_dagrun for example_skip_dag to 2024-08-08 00:00:00+00:00, run_after=2024-08-09 00:00:00+00:00
[2024-08-09T20:16:29.680+0200] {processor.py:183} INFO - Processing /home/bvpelt/Develop/airflowtut/py_env/lib/python3.10/site-packages/airflow/example_dags/example_skip_dag.py took 0.161 seconds
