[2024-08-09T19:43:01.255+0200] {processor.py:161} INFO - Started process (PID=17682) to work on /home/bvpelt/Develop/airflowtut/py_env/lib/python3.10/site-packages/airflow/example_dags/example_kubernetes_executor.py
[2024-08-09T19:43:01.257+0200] {processor.py:830} INFO - Processing file /home/bvpelt/Develop/airflowtut/py_env/lib/python3.10/site-packages/airflow/example_dags/example_kubernetes_executor.py for tasks to queue
[2024-08-09T19:43:01.260+0200] {logging_mixin.py:188} INFO - [2024-08-09T19:43:01.260+0200] {dagbag.py:545} INFO - Filling up the DagBag from /home/bvpelt/Develop/airflowtut/py_env/lib/python3.10/site-packages/airflow/example_dags/example_kubernetes_executor.py
[2024-08-09T19:43:01.265+0200] {logging_mixin.py:188} INFO - [2024-08-09T19:43:01.265+0200] {example_kubernetes_executor.py:39} WARNING - The example_kubernetes_executor example DAG requires the kubernetes provider. Please install it with: pip install apache-airflow[cncf.kubernetes]
[2024-08-09T19:43:01.266+0200] {processor.py:842} WARNING - No viable dags retrieved from /home/bvpelt/Develop/airflowtut/py_env/lib/python3.10/site-packages/airflow/example_dags/example_kubernetes_executor.py
[2024-08-09T19:43:01.279+0200] {processor.py:183} INFO - Processing /home/bvpelt/Develop/airflowtut/py_env/lib/python3.10/site-packages/airflow/example_dags/example_kubernetes_executor.py took 0.039 seconds
[2024-08-09T19:44:10.878+0200] {processor.py:161} INFO - Started process (PID=17966) to work on /home/bvpelt/Develop/airflowtut/py_env/lib/python3.10/site-packages/airflow/example_dags/example_kubernetes_executor.py
[2024-08-09T19:44:10.880+0200] {processor.py:830} INFO - Processing file /home/bvpelt/Develop/airflowtut/py_env/lib/python3.10/site-packages/airflow/example_dags/example_kubernetes_executor.py for tasks to queue
[2024-08-09T19:44:10.882+0200] {logging_mixin.py:188} INFO - [2024-08-09T19:44:10.882+0200] {dagbag.py:545} INFO - Filling up the DagBag from /home/bvpelt/Develop/airflowtut/py_env/lib/python3.10/site-packages/airflow/example_dags/example_kubernetes_executor.py
[2024-08-09T19:44:10.886+0200] {logging_mixin.py:188} INFO - [2024-08-09T19:44:10.886+0200] {example_kubernetes_executor.py:39} WARNING - The example_kubernetes_executor example DAG requires the kubernetes provider. Please install it with: pip install apache-airflow[cncf.kubernetes]
[2024-08-09T19:44:10.887+0200] {processor.py:842} WARNING - No viable dags retrieved from /home/bvpelt/Develop/airflowtut/py_env/lib/python3.10/site-packages/airflow/example_dags/example_kubernetes_executor.py
[2024-08-09T19:44:10.898+0200] {processor.py:183} INFO - Processing /home/bvpelt/Develop/airflowtut/py_env/lib/python3.10/site-packages/airflow/example_dags/example_kubernetes_executor.py took 0.033 seconds
[2024-08-09T19:45:07.460+0200] {processor.py:161} INFO - Started process (PID=18219) to work on /home/bvpelt/Develop/airflowtut/py_env/lib/python3.10/site-packages/airflow/example_dags/example_kubernetes_executor.py
[2024-08-09T19:45:07.460+0200] {processor.py:830} INFO - Processing file /home/bvpelt/Develop/airflowtut/py_env/lib/python3.10/site-packages/airflow/example_dags/example_kubernetes_executor.py for tasks to queue
[2024-08-09T19:45:07.461+0200] {logging_mixin.py:188} INFO - [2024-08-09T19:45:07.461+0200] {dagbag.py:545} INFO - Filling up the DagBag from /home/bvpelt/Develop/airflowtut/py_env/lib/python3.10/site-packages/airflow/example_dags/example_kubernetes_executor.py
[2024-08-09T19:45:07.462+0200] {logging_mixin.py:188} INFO - [2024-08-09T19:45:07.462+0200] {example_kubernetes_executor.py:39} WARNING - The example_kubernetes_executor example DAG requires the kubernetes provider. Please install it with: pip install apache-airflow[cncf.kubernetes]
[2024-08-09T19:45:07.462+0200] {processor.py:842} WARNING - No viable dags retrieved from /home/bvpelt/Develop/airflowtut/py_env/lib/python3.10/site-packages/airflow/example_dags/example_kubernetes_executor.py
[2024-08-09T19:45:07.468+0200] {processor.py:183} INFO - Processing /home/bvpelt/Develop/airflowtut/py_env/lib/python3.10/site-packages/airflow/example_dags/example_kubernetes_executor.py took 0.011 seconds
[2024-08-09T19:46:37.821+0200] {processor.py:161} INFO - Started process (PID=18637) to work on /home/bvpelt/Develop/airflowtut/py_env/lib/python3.10/site-packages/airflow/example_dags/example_kubernetes_executor.py
[2024-08-09T19:46:37.829+0200] {processor.py:830} INFO - Processing file /home/bvpelt/Develop/airflowtut/py_env/lib/python3.10/site-packages/airflow/example_dags/example_kubernetes_executor.py for tasks to queue
[2024-08-09T19:46:37.830+0200] {logging_mixin.py:188} INFO - [2024-08-09T19:46:37.830+0200] {dagbag.py:545} INFO - Filling up the DagBag from /home/bvpelt/Develop/airflowtut/py_env/lib/python3.10/site-packages/airflow/example_dags/example_kubernetes_executor.py
[2024-08-09T19:46:37.832+0200] {logging_mixin.py:188} INFO - [2024-08-09T19:46:37.832+0200] {example_kubernetes_executor.py:39} WARNING - The example_kubernetes_executor example DAG requires the kubernetes provider. Please install it with: pip install apache-airflow[cncf.kubernetes]
[2024-08-09T19:46:37.832+0200] {processor.py:842} WARNING - No viable dags retrieved from /home/bvpelt/Develop/airflowtut/py_env/lib/python3.10/site-packages/airflow/example_dags/example_kubernetes_executor.py
[2024-08-09T19:46:37.839+0200] {processor.py:183} INFO - Processing /home/bvpelt/Develop/airflowtut/py_env/lib/python3.10/site-packages/airflow/example_dags/example_kubernetes_executor.py took 0.022 seconds
[2024-08-09T19:47:32.635+0200] {processor.py:161} INFO - Started process (PID=18965) to work on /home/bvpelt/Develop/airflowtut/py_env/lib/python3.10/site-packages/airflow/example_dags/example_kubernetes_executor.py
[2024-08-09T19:47:32.644+0200] {processor.py:830} INFO - Processing file /home/bvpelt/Develop/airflowtut/py_env/lib/python3.10/site-packages/airflow/example_dags/example_kubernetes_executor.py for tasks to queue
[2024-08-09T19:47:32.645+0200] {logging_mixin.py:188} INFO - [2024-08-09T19:47:32.645+0200] {dagbag.py:545} INFO - Filling up the DagBag from /home/bvpelt/Develop/airflowtut/py_env/lib/python3.10/site-packages/airflow/example_dags/example_kubernetes_executor.py
[2024-08-09T19:47:32.647+0200] {logging_mixin.py:188} INFO - [2024-08-09T19:47:32.646+0200] {example_kubernetes_executor.py:39} WARNING - The example_kubernetes_executor example DAG requires the kubernetes provider. Please install it with: pip install apache-airflow[cncf.kubernetes]
[2024-08-09T19:47:32.647+0200] {processor.py:842} WARNING - No viable dags retrieved from /home/bvpelt/Develop/airflowtut/py_env/lib/python3.10/site-packages/airflow/example_dags/example_kubernetes_executor.py
[2024-08-09T19:47:32.652+0200] {processor.py:183} INFO - Processing /home/bvpelt/Develop/airflowtut/py_env/lib/python3.10/site-packages/airflow/example_dags/example_kubernetes_executor.py took 0.020 seconds
[2024-08-09T19:48:24.736+0200] {processor.py:161} INFO - Started process (PID=19102) to work on /home/bvpelt/Develop/airflowtut/py_env/lib/python3.10/site-packages/airflow/example_dags/example_kubernetes_executor.py
[2024-08-09T19:48:24.750+0200] {processor.py:830} INFO - Processing file /home/bvpelt/Develop/airflowtut/py_env/lib/python3.10/site-packages/airflow/example_dags/example_kubernetes_executor.py for tasks to queue
[2024-08-09T19:48:24.751+0200] {logging_mixin.py:188} INFO - [2024-08-09T19:48:24.751+0200] {dagbag.py:545} INFO - Filling up the DagBag from /home/bvpelt/Develop/airflowtut/py_env/lib/python3.10/site-packages/airflow/example_dags/example_kubernetes_executor.py
[2024-08-09T19:48:24.753+0200] {logging_mixin.py:188} INFO - [2024-08-09T19:48:24.753+0200] {example_kubernetes_executor.py:39} WARNING - The example_kubernetes_executor example DAG requires the kubernetes provider. Please install it with: pip install apache-airflow[cncf.kubernetes]
[2024-08-09T19:48:24.753+0200] {processor.py:842} WARNING - No viable dags retrieved from /home/bvpelt/Develop/airflowtut/py_env/lib/python3.10/site-packages/airflow/example_dags/example_kubernetes_executor.py
[2024-08-09T19:48:24.760+0200] {processor.py:183} INFO - Processing /home/bvpelt/Develop/airflowtut/py_env/lib/python3.10/site-packages/airflow/example_dags/example_kubernetes_executor.py took 0.028 seconds
[2024-08-09T19:49:14.990+0200] {processor.py:161} INFO - Started process (PID=19182) to work on /home/bvpelt/Develop/airflowtut/py_env/lib/python3.10/site-packages/airflow/example_dags/example_kubernetes_executor.py
[2024-08-09T19:49:14.998+0200] {processor.py:830} INFO - Processing file /home/bvpelt/Develop/airflowtut/py_env/lib/python3.10/site-packages/airflow/example_dags/example_kubernetes_executor.py for tasks to queue
[2024-08-09T19:49:14.998+0200] {logging_mixin.py:188} INFO - [2024-08-09T19:49:14.998+0200] {dagbag.py:545} INFO - Filling up the DagBag from /home/bvpelt/Develop/airflowtut/py_env/lib/python3.10/site-packages/airflow/example_dags/example_kubernetes_executor.py
[2024-08-09T19:49:15.000+0200] {logging_mixin.py:188} INFO - [2024-08-09T19:49:15.000+0200] {example_kubernetes_executor.py:39} WARNING - The example_kubernetes_executor example DAG requires the kubernetes provider. Please install it with: pip install apache-airflow[cncf.kubernetes]
[2024-08-09T19:49:15.000+0200] {processor.py:842} WARNING - No viable dags retrieved from /home/bvpelt/Develop/airflowtut/py_env/lib/python3.10/site-packages/airflow/example_dags/example_kubernetes_executor.py
[2024-08-09T19:49:15.006+0200] {processor.py:183} INFO - Processing /home/bvpelt/Develop/airflowtut/py_env/lib/python3.10/site-packages/airflow/example_dags/example_kubernetes_executor.py took 0.019 seconds
[2024-08-09T19:50:07.756+0200] {processor.py:161} INFO - Started process (PID=19330) to work on /home/bvpelt/Develop/airflowtut/py_env/lib/python3.10/site-packages/airflow/example_dags/example_kubernetes_executor.py
[2024-08-09T19:50:07.756+0200] {processor.py:830} INFO - Processing file /home/bvpelt/Develop/airflowtut/py_env/lib/python3.10/site-packages/airflow/example_dags/example_kubernetes_executor.py for tasks to queue
[2024-08-09T19:50:07.757+0200] {logging_mixin.py:188} INFO - [2024-08-09T19:50:07.757+0200] {dagbag.py:545} INFO - Filling up the DagBag from /home/bvpelt/Develop/airflowtut/py_env/lib/python3.10/site-packages/airflow/example_dags/example_kubernetes_executor.py
[2024-08-09T19:50:07.759+0200] {logging_mixin.py:188} INFO - [2024-08-09T19:50:07.758+0200] {example_kubernetes_executor.py:39} WARNING - The example_kubernetes_executor example DAG requires the kubernetes provider. Please install it with: pip install apache-airflow[cncf.kubernetes]
[2024-08-09T19:50:07.759+0200] {processor.py:842} WARNING - No viable dags retrieved from /home/bvpelt/Develop/airflowtut/py_env/lib/python3.10/site-packages/airflow/example_dags/example_kubernetes_executor.py
[2024-08-09T19:50:07.764+0200] {processor.py:183} INFO - Processing /home/bvpelt/Develop/airflowtut/py_env/lib/python3.10/site-packages/airflow/example_dags/example_kubernetes_executor.py took 0.011 seconds
[2024-08-09T19:51:00.215+0200] {processor.py:161} INFO - Started process (PID=19413) to work on /home/bvpelt/Develop/airflowtut/py_env/lib/python3.10/site-packages/airflow/example_dags/example_kubernetes_executor.py
[2024-08-09T19:51:00.216+0200] {processor.py:830} INFO - Processing file /home/bvpelt/Develop/airflowtut/py_env/lib/python3.10/site-packages/airflow/example_dags/example_kubernetes_executor.py for tasks to queue
[2024-08-09T19:51:00.217+0200] {logging_mixin.py:188} INFO - [2024-08-09T19:51:00.217+0200] {dagbag.py:545} INFO - Filling up the DagBag from /home/bvpelt/Develop/airflowtut/py_env/lib/python3.10/site-packages/airflow/example_dags/example_kubernetes_executor.py
[2024-08-09T19:51:00.218+0200] {logging_mixin.py:188} INFO - [2024-08-09T19:51:00.218+0200] {example_kubernetes_executor.py:39} WARNING - The example_kubernetes_executor example DAG requires the kubernetes provider. Please install it with: pip install apache-airflow[cncf.kubernetes]
[2024-08-09T19:51:00.218+0200] {processor.py:842} WARNING - No viable dags retrieved from /home/bvpelt/Develop/airflowtut/py_env/lib/python3.10/site-packages/airflow/example_dags/example_kubernetes_executor.py
[2024-08-09T19:51:00.224+0200] {processor.py:183} INFO - Processing /home/bvpelt/Develop/airflowtut/py_env/lib/python3.10/site-packages/airflow/example_dags/example_kubernetes_executor.py took 0.012 seconds
[2024-08-09T19:51:50.947+0200] {processor.py:161} INFO - Started process (PID=19604) to work on /home/bvpelt/Develop/airflowtut/py_env/lib/python3.10/site-packages/airflow/example_dags/example_kubernetes_executor.py
[2024-08-09T19:51:50.958+0200] {processor.py:830} INFO - Processing file /home/bvpelt/Develop/airflowtut/py_env/lib/python3.10/site-packages/airflow/example_dags/example_kubernetes_executor.py for tasks to queue
[2024-08-09T19:51:50.962+0200] {logging_mixin.py:188} INFO - [2024-08-09T19:51:50.961+0200] {dagbag.py:545} INFO - Filling up the DagBag from /home/bvpelt/Develop/airflowtut/py_env/lib/python3.10/site-packages/airflow/example_dags/example_kubernetes_executor.py
[2024-08-09T19:51:50.969+0200] {logging_mixin.py:188} INFO - [2024-08-09T19:51:50.969+0200] {example_kubernetes_executor.py:39} WARNING - The example_kubernetes_executor example DAG requires the kubernetes provider. Please install it with: pip install apache-airflow[cncf.kubernetes]
[2024-08-09T19:51:50.970+0200] {processor.py:842} WARNING - No viable dags retrieved from /home/bvpelt/Develop/airflowtut/py_env/lib/python3.10/site-packages/airflow/example_dags/example_kubernetes_executor.py
[2024-08-09T19:51:50.991+0200] {processor.py:183} INFO - Processing /home/bvpelt/Develop/airflowtut/py_env/lib/python3.10/site-packages/airflow/example_dags/example_kubernetes_executor.py took 0.047 seconds
[2024-08-09T19:52:57.929+0200] {processor.py:161} INFO - Started process (PID=20068) to work on /home/bvpelt/Develop/airflowtut/py_env/lib/python3.10/site-packages/airflow/example_dags/example_kubernetes_executor.py
[2024-08-09T19:52:57.935+0200] {processor.py:830} INFO - Processing file /home/bvpelt/Develop/airflowtut/py_env/lib/python3.10/site-packages/airflow/example_dags/example_kubernetes_executor.py for tasks to queue
[2024-08-09T19:52:57.936+0200] {logging_mixin.py:188} INFO - [2024-08-09T19:52:57.936+0200] {dagbag.py:545} INFO - Filling up the DagBag from /home/bvpelt/Develop/airflowtut/py_env/lib/python3.10/site-packages/airflow/example_dags/example_kubernetes_executor.py
[2024-08-09T19:52:57.938+0200] {logging_mixin.py:188} INFO - [2024-08-09T19:52:57.938+0200] {example_kubernetes_executor.py:39} WARNING - The example_kubernetes_executor example DAG requires the kubernetes provider. Please install it with: pip install apache-airflow[cncf.kubernetes]
[2024-08-09T19:52:57.938+0200] {processor.py:842} WARNING - No viable dags retrieved from /home/bvpelt/Develop/airflowtut/py_env/lib/python3.10/site-packages/airflow/example_dags/example_kubernetes_executor.py
[2024-08-09T19:52:57.944+0200] {processor.py:183} INFO - Processing /home/bvpelt/Develop/airflowtut/py_env/lib/python3.10/site-packages/airflow/example_dags/example_kubernetes_executor.py took 0.018 seconds
[2024-08-09T19:53:54.388+0200] {processor.py:161} INFO - Started process (PID=20128) to work on /home/bvpelt/Develop/airflowtut/py_env/lib/python3.10/site-packages/airflow/example_dags/example_kubernetes_executor.py
[2024-08-09T19:53:54.397+0200] {processor.py:830} INFO - Processing file /home/bvpelt/Develop/airflowtut/py_env/lib/python3.10/site-packages/airflow/example_dags/example_kubernetes_executor.py for tasks to queue
[2024-08-09T19:53:54.398+0200] {logging_mixin.py:188} INFO - [2024-08-09T19:53:54.398+0200] {dagbag.py:545} INFO - Filling up the DagBag from /home/bvpelt/Develop/airflowtut/py_env/lib/python3.10/site-packages/airflow/example_dags/example_kubernetes_executor.py
[2024-08-09T19:53:54.400+0200] {logging_mixin.py:188} INFO - [2024-08-09T19:53:54.400+0200] {example_kubernetes_executor.py:39} WARNING - The example_kubernetes_executor example DAG requires the kubernetes provider. Please install it with: pip install apache-airflow[cncf.kubernetes]
[2024-08-09T19:53:54.400+0200] {processor.py:842} WARNING - No viable dags retrieved from /home/bvpelt/Develop/airflowtut/py_env/lib/python3.10/site-packages/airflow/example_dags/example_kubernetes_executor.py
[2024-08-09T19:53:54.406+0200] {processor.py:183} INFO - Processing /home/bvpelt/Develop/airflowtut/py_env/lib/python3.10/site-packages/airflow/example_dags/example_kubernetes_executor.py took 0.021 seconds
[2024-08-09T19:54:46.422+0200] {processor.py:161} INFO - Started process (PID=20194) to work on /home/bvpelt/Develop/airflowtut/py_env/lib/python3.10/site-packages/airflow/example_dags/example_kubernetes_executor.py
[2024-08-09T19:54:46.423+0200] {processor.py:830} INFO - Processing file /home/bvpelt/Develop/airflowtut/py_env/lib/python3.10/site-packages/airflow/example_dags/example_kubernetes_executor.py for tasks to queue
[2024-08-09T19:54:46.424+0200] {logging_mixin.py:188} INFO - [2024-08-09T19:54:46.424+0200] {dagbag.py:545} INFO - Filling up the DagBag from /home/bvpelt/Develop/airflowtut/py_env/lib/python3.10/site-packages/airflow/example_dags/example_kubernetes_executor.py
[2024-08-09T19:54:46.425+0200] {logging_mixin.py:188} INFO - [2024-08-09T19:54:46.425+0200] {example_kubernetes_executor.py:39} WARNING - The example_kubernetes_executor example DAG requires the kubernetes provider. Please install it with: pip install apache-airflow[cncf.kubernetes]
[2024-08-09T19:54:46.425+0200] {processor.py:842} WARNING - No viable dags retrieved from /home/bvpelt/Develop/airflowtut/py_env/lib/python3.10/site-packages/airflow/example_dags/example_kubernetes_executor.py
[2024-08-09T19:54:46.431+0200] {processor.py:183} INFO - Processing /home/bvpelt/Develop/airflowtut/py_env/lib/python3.10/site-packages/airflow/example_dags/example_kubernetes_executor.py took 0.011 seconds
[2024-08-09T19:55:37.528+0200] {processor.py:161} INFO - Started process (PID=20293) to work on /home/bvpelt/Develop/airflowtut/py_env/lib/python3.10/site-packages/airflow/example_dags/example_kubernetes_executor.py
[2024-08-09T19:55:37.528+0200] {processor.py:830} INFO - Processing file /home/bvpelt/Develop/airflowtut/py_env/lib/python3.10/site-packages/airflow/example_dags/example_kubernetes_executor.py for tasks to queue
[2024-08-09T19:55:37.529+0200] {logging_mixin.py:188} INFO - [2024-08-09T19:55:37.529+0200] {dagbag.py:545} INFO - Filling up the DagBag from /home/bvpelt/Develop/airflowtut/py_env/lib/python3.10/site-packages/airflow/example_dags/example_kubernetes_executor.py
[2024-08-09T19:55:37.530+0200] {logging_mixin.py:188} INFO - [2024-08-09T19:55:37.530+0200] {example_kubernetes_executor.py:39} WARNING - The example_kubernetes_executor example DAG requires the kubernetes provider. Please install it with: pip install apache-airflow[cncf.kubernetes]
[2024-08-09T19:55:37.531+0200] {processor.py:842} WARNING - No viable dags retrieved from /home/bvpelt/Develop/airflowtut/py_env/lib/python3.10/site-packages/airflow/example_dags/example_kubernetes_executor.py
[2024-08-09T19:55:37.536+0200] {processor.py:183} INFO - Processing /home/bvpelt/Develop/airflowtut/py_env/lib/python3.10/site-packages/airflow/example_dags/example_kubernetes_executor.py took 0.011 seconds
[2024-08-09T19:56:45.642+0200] {processor.py:161} INFO - Started process (PID=20376) to work on /home/bvpelt/Develop/airflowtut/py_env/lib/python3.10/site-packages/airflow/example_dags/example_kubernetes_executor.py
[2024-08-09T19:56:45.733+0200] {processor.py:830} INFO - Processing file /home/bvpelt/Develop/airflowtut/py_env/lib/python3.10/site-packages/airflow/example_dags/example_kubernetes_executor.py for tasks to queue
[2024-08-09T19:56:45.737+0200] {logging_mixin.py:188} INFO - [2024-08-09T19:56:45.736+0200] {dagbag.py:545} INFO - Filling up the DagBag from /home/bvpelt/Develop/airflowtut/py_env/lib/python3.10/site-packages/airflow/example_dags/example_kubernetes_executor.py
[2024-08-09T19:56:45.744+0200] {logging_mixin.py:188} INFO - [2024-08-09T19:56:45.744+0200] {example_kubernetes_executor.py:39} WARNING - The example_kubernetes_executor example DAG requires the kubernetes provider. Please install it with: pip install apache-airflow[cncf.kubernetes]
[2024-08-09T19:56:45.745+0200] {processor.py:842} WARNING - No viable dags retrieved from /home/bvpelt/Develop/airflowtut/py_env/lib/python3.10/site-packages/airflow/example_dags/example_kubernetes_executor.py
[2024-08-09T19:56:45.768+0200] {processor.py:183} INFO - Processing /home/bvpelt/Develop/airflowtut/py_env/lib/python3.10/site-packages/airflow/example_dags/example_kubernetes_executor.py took 0.136 seconds
[2024-08-09T19:57:36.724+0200] {processor.py:161} INFO - Started process (PID=20503) to work on /home/bvpelt/Develop/airflowtut/py_env/lib/python3.10/site-packages/airflow/example_dags/example_kubernetes_executor.py
[2024-08-09T19:57:36.742+0200] {processor.py:830} INFO - Processing file /home/bvpelt/Develop/airflowtut/py_env/lib/python3.10/site-packages/airflow/example_dags/example_kubernetes_executor.py for tasks to queue
[2024-08-09T19:57:36.743+0200] {logging_mixin.py:188} INFO - [2024-08-09T19:57:36.743+0200] {dagbag.py:545} INFO - Filling up the DagBag from /home/bvpelt/Develop/airflowtut/py_env/lib/python3.10/site-packages/airflow/example_dags/example_kubernetes_executor.py
[2024-08-09T19:57:36.745+0200] {logging_mixin.py:188} INFO - [2024-08-09T19:57:36.745+0200] {example_kubernetes_executor.py:39} WARNING - The example_kubernetes_executor example DAG requires the kubernetes provider. Please install it with: pip install apache-airflow[cncf.kubernetes]
[2024-08-09T19:57:36.745+0200] {processor.py:842} WARNING - No viable dags retrieved from /home/bvpelt/Develop/airflowtut/py_env/lib/python3.10/site-packages/airflow/example_dags/example_kubernetes_executor.py
[2024-08-09T19:57:36.752+0200] {processor.py:183} INFO - Processing /home/bvpelt/Develop/airflowtut/py_env/lib/python3.10/site-packages/airflow/example_dags/example_kubernetes_executor.py took 0.032 seconds
[2024-08-09T19:58:27.650+0200] {processor.py:161} INFO - Started process (PID=20604) to work on /home/bvpelt/Develop/airflowtut/py_env/lib/python3.10/site-packages/airflow/example_dags/example_kubernetes_executor.py
[2024-08-09T19:58:27.651+0200] {processor.py:830} INFO - Processing file /home/bvpelt/Develop/airflowtut/py_env/lib/python3.10/site-packages/airflow/example_dags/example_kubernetes_executor.py for tasks to queue
[2024-08-09T19:58:27.652+0200] {logging_mixin.py:188} INFO - [2024-08-09T19:58:27.652+0200] {dagbag.py:545} INFO - Filling up the DagBag from /home/bvpelt/Develop/airflowtut/py_env/lib/python3.10/site-packages/airflow/example_dags/example_kubernetes_executor.py
[2024-08-09T19:58:27.654+0200] {logging_mixin.py:188} INFO - [2024-08-09T19:58:27.653+0200] {example_kubernetes_executor.py:39} WARNING - The example_kubernetes_executor example DAG requires the kubernetes provider. Please install it with: pip install apache-airflow[cncf.kubernetes]
[2024-08-09T19:58:27.654+0200] {processor.py:842} WARNING - No viable dags retrieved from /home/bvpelt/Develop/airflowtut/py_env/lib/python3.10/site-packages/airflow/example_dags/example_kubernetes_executor.py
[2024-08-09T19:58:27.660+0200] {processor.py:183} INFO - Processing /home/bvpelt/Develop/airflowtut/py_env/lib/python3.10/site-packages/airflow/example_dags/example_kubernetes_executor.py took 0.014 seconds
[2024-08-09T19:59:26.491+0200] {processor.py:161} INFO - Started process (PID=20701) to work on /home/bvpelt/Develop/airflowtut/py_env/lib/python3.10/site-packages/airflow/example_dags/example_kubernetes_executor.py
[2024-08-09T19:59:26.492+0200] {processor.py:830} INFO - Processing file /home/bvpelt/Develop/airflowtut/py_env/lib/python3.10/site-packages/airflow/example_dags/example_kubernetes_executor.py for tasks to queue
[2024-08-09T19:59:26.493+0200] {logging_mixin.py:188} INFO - [2024-08-09T19:59:26.493+0200] {dagbag.py:545} INFO - Filling up the DagBag from /home/bvpelt/Develop/airflowtut/py_env/lib/python3.10/site-packages/airflow/example_dags/example_kubernetes_executor.py
[2024-08-09T19:59:26.494+0200] {logging_mixin.py:188} INFO - [2024-08-09T19:59:26.494+0200] {example_kubernetes_executor.py:39} WARNING - The example_kubernetes_executor example DAG requires the kubernetes provider. Please install it with: pip install apache-airflow[cncf.kubernetes]
[2024-08-09T19:59:26.495+0200] {processor.py:842} WARNING - No viable dags retrieved from /home/bvpelt/Develop/airflowtut/py_env/lib/python3.10/site-packages/airflow/example_dags/example_kubernetes_executor.py
[2024-08-09T19:59:26.500+0200] {processor.py:183} INFO - Processing /home/bvpelt/Develop/airflowtut/py_env/lib/python3.10/site-packages/airflow/example_dags/example_kubernetes_executor.py took 0.012 seconds
[2024-08-09T20:00:18.560+0200] {processor.py:161} INFO - Started process (PID=20778) to work on /home/bvpelt/Develop/airflowtut/py_env/lib/python3.10/site-packages/airflow/example_dags/example_kubernetes_executor.py
[2024-08-09T20:00:18.561+0200] {processor.py:830} INFO - Processing file /home/bvpelt/Develop/airflowtut/py_env/lib/python3.10/site-packages/airflow/example_dags/example_kubernetes_executor.py for tasks to queue
[2024-08-09T20:00:18.562+0200] {logging_mixin.py:188} INFO - [2024-08-09T20:00:18.561+0200] {dagbag.py:545} INFO - Filling up the DagBag from /home/bvpelt/Develop/airflowtut/py_env/lib/python3.10/site-packages/airflow/example_dags/example_kubernetes_executor.py
[2024-08-09T20:00:18.563+0200] {logging_mixin.py:188} INFO - [2024-08-09T20:00:18.563+0200] {example_kubernetes_executor.py:39} WARNING - The example_kubernetes_executor example DAG requires the kubernetes provider. Please install it with: pip install apache-airflow[cncf.kubernetes]
[2024-08-09T20:00:18.563+0200] {processor.py:842} WARNING - No viable dags retrieved from /home/bvpelt/Develop/airflowtut/py_env/lib/python3.10/site-packages/airflow/example_dags/example_kubernetes_executor.py
[2024-08-09T20:00:18.569+0200] {processor.py:183} INFO - Processing /home/bvpelt/Develop/airflowtut/py_env/lib/python3.10/site-packages/airflow/example_dags/example_kubernetes_executor.py took 0.012 seconds
[2024-08-09T20:01:09.090+0200] {processor.py:161} INFO - Started process (PID=20837) to work on /home/bvpelt/Develop/airflowtut/py_env/lib/python3.10/site-packages/airflow/example_dags/example_kubernetes_executor.py
[2024-08-09T20:01:09.091+0200] {processor.py:830} INFO - Processing file /home/bvpelt/Develop/airflowtut/py_env/lib/python3.10/site-packages/airflow/example_dags/example_kubernetes_executor.py for tasks to queue
[2024-08-09T20:01:09.092+0200] {logging_mixin.py:188} INFO - [2024-08-09T20:01:09.091+0200] {dagbag.py:545} INFO - Filling up the DagBag from /home/bvpelt/Develop/airflowtut/py_env/lib/python3.10/site-packages/airflow/example_dags/example_kubernetes_executor.py
[2024-08-09T20:01:09.093+0200] {logging_mixin.py:188} INFO - [2024-08-09T20:01:09.093+0200] {example_kubernetes_executor.py:39} WARNING - The example_kubernetes_executor example DAG requires the kubernetes provider. Please install it with: pip install apache-airflow[cncf.kubernetes]
[2024-08-09T20:01:09.094+0200] {processor.py:842} WARNING - No viable dags retrieved from /home/bvpelt/Develop/airflowtut/py_env/lib/python3.10/site-packages/airflow/example_dags/example_kubernetes_executor.py
[2024-08-09T20:01:09.099+0200] {processor.py:183} INFO - Processing /home/bvpelt/Develop/airflowtut/py_env/lib/python3.10/site-packages/airflow/example_dags/example_kubernetes_executor.py took 0.013 seconds
[2024-08-09T20:01:59.647+0200] {processor.py:161} INFO - Started process (PID=20969) to work on /home/bvpelt/Develop/airflowtut/py_env/lib/python3.10/site-packages/airflow/example_dags/example_kubernetes_executor.py
[2024-08-09T20:01:59.647+0200] {processor.py:830} INFO - Processing file /home/bvpelt/Develop/airflowtut/py_env/lib/python3.10/site-packages/airflow/example_dags/example_kubernetes_executor.py for tasks to queue
[2024-08-09T20:01:59.648+0200] {logging_mixin.py:188} INFO - [2024-08-09T20:01:59.648+0200] {dagbag.py:545} INFO - Filling up the DagBag from /home/bvpelt/Develop/airflowtut/py_env/lib/python3.10/site-packages/airflow/example_dags/example_kubernetes_executor.py
[2024-08-09T20:01:59.650+0200] {logging_mixin.py:188} INFO - [2024-08-09T20:01:59.649+0200] {example_kubernetes_executor.py:39} WARNING - The example_kubernetes_executor example DAG requires the kubernetes provider. Please install it with: pip install apache-airflow[cncf.kubernetes]
[2024-08-09T20:01:59.650+0200] {processor.py:842} WARNING - No viable dags retrieved from /home/bvpelt/Develop/airflowtut/py_env/lib/python3.10/site-packages/airflow/example_dags/example_kubernetes_executor.py
[2024-08-09T20:01:59.656+0200] {processor.py:183} INFO - Processing /home/bvpelt/Develop/airflowtut/py_env/lib/python3.10/site-packages/airflow/example_dags/example_kubernetes_executor.py took 0.012 seconds
[2024-08-09T20:02:50.856+0200] {processor.py:161} INFO - Started process (PID=21064) to work on /home/bvpelt/Develop/airflowtut/py_env/lib/python3.10/site-packages/airflow/example_dags/example_kubernetes_executor.py
[2024-08-09T20:02:50.857+0200] {processor.py:830} INFO - Processing file /home/bvpelt/Develop/airflowtut/py_env/lib/python3.10/site-packages/airflow/example_dags/example_kubernetes_executor.py for tasks to queue
[2024-08-09T20:02:50.860+0200] {logging_mixin.py:188} INFO - [2024-08-09T20:02:50.859+0200] {dagbag.py:545} INFO - Filling up the DagBag from /home/bvpelt/Develop/airflowtut/py_env/lib/python3.10/site-packages/airflow/example_dags/example_kubernetes_executor.py
[2024-08-09T20:02:50.864+0200] {logging_mixin.py:188} INFO - [2024-08-09T20:02:50.864+0200] {example_kubernetes_executor.py:39} WARNING - The example_kubernetes_executor example DAG requires the kubernetes provider. Please install it with: pip install apache-airflow[cncf.kubernetes]
[2024-08-09T20:02:50.865+0200] {processor.py:842} WARNING - No viable dags retrieved from /home/bvpelt/Develop/airflowtut/py_env/lib/python3.10/site-packages/airflow/example_dags/example_kubernetes_executor.py
[2024-08-09T20:02:50.879+0200] {processor.py:183} INFO - Processing /home/bvpelt/Develop/airflowtut/py_env/lib/python3.10/site-packages/airflow/example_dags/example_kubernetes_executor.py took 0.034 seconds
[2024-08-09T20:03:50.284+0200] {processor.py:161} INFO - Started process (PID=21121) to work on /home/bvpelt/Develop/airflowtut/py_env/lib/python3.10/site-packages/airflow/example_dags/example_kubernetes_executor.py
[2024-08-09T20:03:50.285+0200] {processor.py:830} INFO - Processing file /home/bvpelt/Develop/airflowtut/py_env/lib/python3.10/site-packages/airflow/example_dags/example_kubernetes_executor.py for tasks to queue
[2024-08-09T20:03:50.286+0200] {logging_mixin.py:188} INFO - [2024-08-09T20:03:50.285+0200] {dagbag.py:545} INFO - Filling up the DagBag from /home/bvpelt/Develop/airflowtut/py_env/lib/python3.10/site-packages/airflow/example_dags/example_kubernetes_executor.py
[2024-08-09T20:03:50.287+0200] {logging_mixin.py:188} INFO - [2024-08-09T20:03:50.287+0200] {example_kubernetes_executor.py:39} WARNING - The example_kubernetes_executor example DAG requires the kubernetes provider. Please install it with: pip install apache-airflow[cncf.kubernetes]
[2024-08-09T20:03:50.287+0200] {processor.py:842} WARNING - No viable dags retrieved from /home/bvpelt/Develop/airflowtut/py_env/lib/python3.10/site-packages/airflow/example_dags/example_kubernetes_executor.py
[2024-08-09T20:03:50.293+0200] {processor.py:183} INFO - Processing /home/bvpelt/Develop/airflowtut/py_env/lib/python3.10/site-packages/airflow/example_dags/example_kubernetes_executor.py took 0.012 seconds
[2024-08-09T20:04:42.748+0200] {processor.py:161} INFO - Started process (PID=21209) to work on /home/bvpelt/Develop/airflowtut/py_env/lib/python3.10/site-packages/airflow/example_dags/example_kubernetes_executor.py
[2024-08-09T20:04:42.750+0200] {processor.py:830} INFO - Processing file /home/bvpelt/Develop/airflowtut/py_env/lib/python3.10/site-packages/airflow/example_dags/example_kubernetes_executor.py for tasks to queue
[2024-08-09T20:04:42.753+0200] {logging_mixin.py:188} INFO - [2024-08-09T20:04:42.753+0200] {dagbag.py:545} INFO - Filling up the DagBag from /home/bvpelt/Develop/airflowtut/py_env/lib/python3.10/site-packages/airflow/example_dags/example_kubernetes_executor.py
[2024-08-09T20:04:42.758+0200] {logging_mixin.py:188} INFO - [2024-08-09T20:04:42.758+0200] {example_kubernetes_executor.py:39} WARNING - The example_kubernetes_executor example DAG requires the kubernetes provider. Please install it with: pip install apache-airflow[cncf.kubernetes]
[2024-08-09T20:04:42.758+0200] {processor.py:842} WARNING - No viable dags retrieved from /home/bvpelt/Develop/airflowtut/py_env/lib/python3.10/site-packages/airflow/example_dags/example_kubernetes_executor.py
[2024-08-09T20:04:42.770+0200] {processor.py:183} INFO - Processing /home/bvpelt/Develop/airflowtut/py_env/lib/python3.10/site-packages/airflow/example_dags/example_kubernetes_executor.py took 0.038 seconds
[2024-08-09T20:05:35.348+0200] {processor.py:161} INFO - Started process (PID=21367) to work on /home/bvpelt/Develop/airflowtut/py_env/lib/python3.10/site-packages/airflow/example_dags/example_kubernetes_executor.py
[2024-08-09T20:05:35.359+0200] {processor.py:830} INFO - Processing file /home/bvpelt/Develop/airflowtut/py_env/lib/python3.10/site-packages/airflow/example_dags/example_kubernetes_executor.py for tasks to queue
[2024-08-09T20:05:35.360+0200] {logging_mixin.py:188} INFO - [2024-08-09T20:05:35.360+0200] {dagbag.py:545} INFO - Filling up the DagBag from /home/bvpelt/Develop/airflowtut/py_env/lib/python3.10/site-packages/airflow/example_dags/example_kubernetes_executor.py
[2024-08-09T20:05:35.362+0200] {logging_mixin.py:188} INFO - [2024-08-09T20:05:35.362+0200] {example_kubernetes_executor.py:39} WARNING - The example_kubernetes_executor example DAG requires the kubernetes provider. Please install it with: pip install apache-airflow[cncf.kubernetes]
[2024-08-09T20:05:35.362+0200] {processor.py:842} WARNING - No viable dags retrieved from /home/bvpelt/Develop/airflowtut/py_env/lib/python3.10/site-packages/airflow/example_dags/example_kubernetes_executor.py
[2024-08-09T20:05:35.368+0200] {processor.py:183} INFO - Processing /home/bvpelt/Develop/airflowtut/py_env/lib/python3.10/site-packages/airflow/example_dags/example_kubernetes_executor.py took 0.023 seconds
[2024-08-09T20:06:34.010+0200] {processor.py:161} INFO - Started process (PID=21458) to work on /home/bvpelt/Develop/airflowtut/py_env/lib/python3.10/site-packages/airflow/example_dags/example_kubernetes_executor.py
[2024-08-09T20:06:34.011+0200] {processor.py:830} INFO - Processing file /home/bvpelt/Develop/airflowtut/py_env/lib/python3.10/site-packages/airflow/example_dags/example_kubernetes_executor.py for tasks to queue
[2024-08-09T20:06:34.012+0200] {logging_mixin.py:188} INFO - [2024-08-09T20:06:34.011+0200] {dagbag.py:545} INFO - Filling up the DagBag from /home/bvpelt/Develop/airflowtut/py_env/lib/python3.10/site-packages/airflow/example_dags/example_kubernetes_executor.py
[2024-08-09T20:06:34.013+0200] {logging_mixin.py:188} INFO - [2024-08-09T20:06:34.013+0200] {example_kubernetes_executor.py:39} WARNING - The example_kubernetes_executor example DAG requires the kubernetes provider. Please install it with: pip install apache-airflow[cncf.kubernetes]
[2024-08-09T20:06:34.013+0200] {processor.py:842} WARNING - No viable dags retrieved from /home/bvpelt/Develop/airflowtut/py_env/lib/python3.10/site-packages/airflow/example_dags/example_kubernetes_executor.py
[2024-08-09T20:06:34.018+0200] {processor.py:183} INFO - Processing /home/bvpelt/Develop/airflowtut/py_env/lib/python3.10/site-packages/airflow/example_dags/example_kubernetes_executor.py took 0.011 seconds
[2024-08-09T20:07:26.982+0200] {processor.py:161} INFO - Started process (PID=21587) to work on /home/bvpelt/Develop/airflowtut/py_env/lib/python3.10/site-packages/airflow/example_dags/example_kubernetes_executor.py
[2024-08-09T20:07:26.984+0200] {processor.py:830} INFO - Processing file /home/bvpelt/Develop/airflowtut/py_env/lib/python3.10/site-packages/airflow/example_dags/example_kubernetes_executor.py for tasks to queue
[2024-08-09T20:07:26.988+0200] {logging_mixin.py:188} INFO - [2024-08-09T20:07:26.987+0200] {dagbag.py:545} INFO - Filling up the DagBag from /home/bvpelt/Develop/airflowtut/py_env/lib/python3.10/site-packages/airflow/example_dags/example_kubernetes_executor.py
[2024-08-09T20:07:26.994+0200] {logging_mixin.py:188} INFO - [2024-08-09T20:07:26.994+0200] {example_kubernetes_executor.py:39} WARNING - The example_kubernetes_executor example DAG requires the kubernetes provider. Please install it with: pip install apache-airflow[cncf.kubernetes]
[2024-08-09T20:07:26.995+0200] {processor.py:842} WARNING - No viable dags retrieved from /home/bvpelt/Develop/airflowtut/py_env/lib/python3.10/site-packages/airflow/example_dags/example_kubernetes_executor.py
[2024-08-09T20:07:27.007+0200] {processor.py:183} INFO - Processing /home/bvpelt/Develop/airflowtut/py_env/lib/python3.10/site-packages/airflow/example_dags/example_kubernetes_executor.py took 0.041 seconds
[2024-08-09T20:08:19.044+0200] {processor.py:161} INFO - Started process (PID=21670) to work on /home/bvpelt/Develop/airflowtut/py_env/lib/python3.10/site-packages/airflow/example_dags/example_kubernetes_executor.py
[2024-08-09T20:08:19.064+0200] {processor.py:830} INFO - Processing file /home/bvpelt/Develop/airflowtut/py_env/lib/python3.10/site-packages/airflow/example_dags/example_kubernetes_executor.py for tasks to queue
[2024-08-09T20:08:19.068+0200] {logging_mixin.py:188} INFO - [2024-08-09T20:08:19.067+0200] {dagbag.py:545} INFO - Filling up the DagBag from /home/bvpelt/Develop/airflowtut/py_env/lib/python3.10/site-packages/airflow/example_dags/example_kubernetes_executor.py
[2024-08-09T20:08:19.075+0200] {logging_mixin.py:188} INFO - [2024-08-09T20:08:19.074+0200] {example_kubernetes_executor.py:39} WARNING - The example_kubernetes_executor example DAG requires the kubernetes provider. Please install it with: pip install apache-airflow[cncf.kubernetes]
[2024-08-09T20:08:19.076+0200] {processor.py:842} WARNING - No viable dags retrieved from /home/bvpelt/Develop/airflowtut/py_env/lib/python3.10/site-packages/airflow/example_dags/example_kubernetes_executor.py
[2024-08-09T20:08:19.099+0200] {processor.py:183} INFO - Processing /home/bvpelt/Develop/airflowtut/py_env/lib/python3.10/site-packages/airflow/example_dags/example_kubernetes_executor.py took 0.057 seconds
[2024-08-09T20:09:09.578+0200] {processor.py:161} INFO - Started process (PID=21728) to work on /home/bvpelt/Develop/airflowtut/py_env/lib/python3.10/site-packages/airflow/example_dags/example_kubernetes_executor.py
[2024-08-09T20:09:09.594+0200] {processor.py:830} INFO - Processing file /home/bvpelt/Develop/airflowtut/py_env/lib/python3.10/site-packages/airflow/example_dags/example_kubernetes_executor.py for tasks to queue
[2024-08-09T20:09:09.595+0200] {logging_mixin.py:188} INFO - [2024-08-09T20:09:09.595+0200] {dagbag.py:545} INFO - Filling up the DagBag from /home/bvpelt/Develop/airflowtut/py_env/lib/python3.10/site-packages/airflow/example_dags/example_kubernetes_executor.py
[2024-08-09T20:09:09.597+0200] {logging_mixin.py:188} INFO - [2024-08-09T20:09:09.597+0200] {example_kubernetes_executor.py:39} WARNING - The example_kubernetes_executor example DAG requires the kubernetes provider. Please install it with: pip install apache-airflow[cncf.kubernetes]
[2024-08-09T20:09:09.597+0200] {processor.py:842} WARNING - No viable dags retrieved from /home/bvpelt/Develop/airflowtut/py_env/lib/python3.10/site-packages/airflow/example_dags/example_kubernetes_executor.py
[2024-08-09T20:09:09.604+0200] {processor.py:183} INFO - Processing /home/bvpelt/Develop/airflowtut/py_env/lib/python3.10/site-packages/airflow/example_dags/example_kubernetes_executor.py took 0.029 seconds
[2024-08-09T20:10:00.930+0200] {processor.py:161} INFO - Started process (PID=21780) to work on /home/bvpelt/Develop/airflowtut/py_env/lib/python3.10/site-packages/airflow/example_dags/example_kubernetes_executor.py
[2024-08-09T20:10:00.931+0200] {processor.py:830} INFO - Processing file /home/bvpelt/Develop/airflowtut/py_env/lib/python3.10/site-packages/airflow/example_dags/example_kubernetes_executor.py for tasks to queue
[2024-08-09T20:10:00.932+0200] {logging_mixin.py:188} INFO - [2024-08-09T20:10:00.931+0200] {dagbag.py:545} INFO - Filling up the DagBag from /home/bvpelt/Develop/airflowtut/py_env/lib/python3.10/site-packages/airflow/example_dags/example_kubernetes_executor.py
[2024-08-09T20:10:00.933+0200] {logging_mixin.py:188} INFO - [2024-08-09T20:10:00.933+0200] {example_kubernetes_executor.py:39} WARNING - The example_kubernetes_executor example DAG requires the kubernetes provider. Please install it with: pip install apache-airflow[cncf.kubernetes]
[2024-08-09T20:10:00.933+0200] {processor.py:842} WARNING - No viable dags retrieved from /home/bvpelt/Develop/airflowtut/py_env/lib/python3.10/site-packages/airflow/example_dags/example_kubernetes_executor.py
[2024-08-09T20:10:00.938+0200] {processor.py:183} INFO - Processing /home/bvpelt/Develop/airflowtut/py_env/lib/python3.10/site-packages/airflow/example_dags/example_kubernetes_executor.py took 0.011 seconds
[2024-08-09T20:10:50.976+0200] {processor.py:161} INFO - Started process (PID=21856) to work on /home/bvpelt/Develop/airflowtut/py_env/lib/python3.10/site-packages/airflow/example_dags/example_kubernetes_executor.py
[2024-08-09T20:10:50.976+0200] {processor.py:830} INFO - Processing file /home/bvpelt/Develop/airflowtut/py_env/lib/python3.10/site-packages/airflow/example_dags/example_kubernetes_executor.py for tasks to queue
[2024-08-09T20:10:50.977+0200] {logging_mixin.py:188} INFO - [2024-08-09T20:10:50.977+0200] {dagbag.py:545} INFO - Filling up the DagBag from /home/bvpelt/Develop/airflowtut/py_env/lib/python3.10/site-packages/airflow/example_dags/example_kubernetes_executor.py
[2024-08-09T20:10:50.978+0200] {logging_mixin.py:188} INFO - [2024-08-09T20:10:50.978+0200] {example_kubernetes_executor.py:39} WARNING - The example_kubernetes_executor example DAG requires the kubernetes provider. Please install it with: pip install apache-airflow[cncf.kubernetes]
[2024-08-09T20:10:50.979+0200] {processor.py:842} WARNING - No viable dags retrieved from /home/bvpelt/Develop/airflowtut/py_env/lib/python3.10/site-packages/airflow/example_dags/example_kubernetes_executor.py
[2024-08-09T20:10:50.984+0200] {processor.py:183} INFO - Processing /home/bvpelt/Develop/airflowtut/py_env/lib/python3.10/site-packages/airflow/example_dags/example_kubernetes_executor.py took 0.011 seconds
[2024-08-09T20:11:40.051+0200] {processor.py:161} INFO - Started process (PID=21909) to work on /home/bvpelt/Develop/airflowtut/py_env/lib/python3.10/site-packages/airflow/example_dags/example_kubernetes_executor.py
[2024-08-09T20:11:40.051+0200] {processor.py:830} INFO - Processing file /home/bvpelt/Develop/airflowtut/py_env/lib/python3.10/site-packages/airflow/example_dags/example_kubernetes_executor.py for tasks to queue
[2024-08-09T20:11:40.052+0200] {logging_mixin.py:188} INFO - [2024-08-09T20:11:40.052+0200] {dagbag.py:545} INFO - Filling up the DagBag from /home/bvpelt/Develop/airflowtut/py_env/lib/python3.10/site-packages/airflow/example_dags/example_kubernetes_executor.py
[2024-08-09T20:11:40.053+0200] {logging_mixin.py:188} INFO - [2024-08-09T20:11:40.053+0200] {example_kubernetes_executor.py:39} WARNING - The example_kubernetes_executor example DAG requires the kubernetes provider. Please install it with: pip install apache-airflow[cncf.kubernetes]
[2024-08-09T20:11:40.054+0200] {processor.py:842} WARNING - No viable dags retrieved from /home/bvpelt/Develop/airflowtut/py_env/lib/python3.10/site-packages/airflow/example_dags/example_kubernetes_executor.py
[2024-08-09T20:11:40.059+0200] {processor.py:183} INFO - Processing /home/bvpelt/Develop/airflowtut/py_env/lib/python3.10/site-packages/airflow/example_dags/example_kubernetes_executor.py took 0.012 seconds
[2024-08-09T20:12:28.361+0200] {processor.py:161} INFO - Started process (PID=22018) to work on /home/bvpelt/Develop/airflowtut/py_env/lib/python3.10/site-packages/airflow/example_dags/example_kubernetes_executor.py
[2024-08-09T20:12:28.378+0200] {processor.py:830} INFO - Processing file /home/bvpelt/Develop/airflowtut/py_env/lib/python3.10/site-packages/airflow/example_dags/example_kubernetes_executor.py for tasks to queue
[2024-08-09T20:12:28.379+0200] {logging_mixin.py:188} INFO - [2024-08-09T20:12:28.379+0200] {dagbag.py:545} INFO - Filling up the DagBag from /home/bvpelt/Develop/airflowtut/py_env/lib/python3.10/site-packages/airflow/example_dags/example_kubernetes_executor.py
[2024-08-09T20:12:28.381+0200] {logging_mixin.py:188} INFO - [2024-08-09T20:12:28.381+0200] {example_kubernetes_executor.py:39} WARNING - The example_kubernetes_executor example DAG requires the kubernetes provider. Please install it with: pip install apache-airflow[cncf.kubernetes]
[2024-08-09T20:12:28.381+0200] {processor.py:842} WARNING - No viable dags retrieved from /home/bvpelt/Develop/airflowtut/py_env/lib/python3.10/site-packages/airflow/example_dags/example_kubernetes_executor.py
[2024-08-09T20:12:28.389+0200] {processor.py:183} INFO - Processing /home/bvpelt/Develop/airflowtut/py_env/lib/python3.10/site-packages/airflow/example_dags/example_kubernetes_executor.py took 0.032 seconds
[2024-08-09T20:13:22.734+0200] {processor.py:161} INFO - Started process (PID=22103) to work on /home/bvpelt/Develop/airflowtut/py_env/lib/python3.10/site-packages/airflow/example_dags/example_kubernetes_executor.py
[2024-08-09T20:13:22.735+0200] {processor.py:830} INFO - Processing file /home/bvpelt/Develop/airflowtut/py_env/lib/python3.10/site-packages/airflow/example_dags/example_kubernetes_executor.py for tasks to queue
[2024-08-09T20:13:22.736+0200] {logging_mixin.py:188} INFO - [2024-08-09T20:13:22.735+0200] {dagbag.py:545} INFO - Filling up the DagBag from /home/bvpelt/Develop/airflowtut/py_env/lib/python3.10/site-packages/airflow/example_dags/example_kubernetes_executor.py
[2024-08-09T20:13:22.737+0200] {logging_mixin.py:188} INFO - [2024-08-09T20:13:22.737+0200] {example_kubernetes_executor.py:39} WARNING - The example_kubernetes_executor example DAG requires the kubernetes provider. Please install it with: pip install apache-airflow[cncf.kubernetes]
[2024-08-09T20:13:22.737+0200] {processor.py:842} WARNING - No viable dags retrieved from /home/bvpelt/Develop/airflowtut/py_env/lib/python3.10/site-packages/airflow/example_dags/example_kubernetes_executor.py
[2024-08-09T20:13:22.742+0200] {processor.py:183} INFO - Processing /home/bvpelt/Develop/airflowtut/py_env/lib/python3.10/site-packages/airflow/example_dags/example_kubernetes_executor.py took 0.011 seconds
[2024-08-09T20:14:17.296+0200] {processor.py:161} INFO - Started process (PID=22183) to work on /home/bvpelt/Develop/airflowtut/py_env/lib/python3.10/site-packages/airflow/example_dags/example_kubernetes_executor.py
[2024-08-09T20:14:17.297+0200] {processor.py:830} INFO - Processing file /home/bvpelt/Develop/airflowtut/py_env/lib/python3.10/site-packages/airflow/example_dags/example_kubernetes_executor.py for tasks to queue
[2024-08-09T20:14:17.298+0200] {logging_mixin.py:188} INFO - [2024-08-09T20:14:17.298+0200] {dagbag.py:545} INFO - Filling up the DagBag from /home/bvpelt/Develop/airflowtut/py_env/lib/python3.10/site-packages/airflow/example_dags/example_kubernetes_executor.py
[2024-08-09T20:14:17.299+0200] {logging_mixin.py:188} INFO - [2024-08-09T20:14:17.299+0200] {example_kubernetes_executor.py:39} WARNING - The example_kubernetes_executor example DAG requires the kubernetes provider. Please install it with: pip install apache-airflow[cncf.kubernetes]
[2024-08-09T20:14:17.299+0200] {processor.py:842} WARNING - No viable dags retrieved from /home/bvpelt/Develop/airflowtut/py_env/lib/python3.10/site-packages/airflow/example_dags/example_kubernetes_executor.py
[2024-08-09T20:14:17.304+0200] {processor.py:183} INFO - Processing /home/bvpelt/Develop/airflowtut/py_env/lib/python3.10/site-packages/airflow/example_dags/example_kubernetes_executor.py took 0.012 seconds
[2024-08-09T20:15:05.332+0200] {processor.py:161} INFO - Started process (PID=22237) to work on /home/bvpelt/Develop/airflowtut/py_env/lib/python3.10/site-packages/airflow/example_dags/example_kubernetes_executor.py
[2024-08-09T20:15:05.333+0200] {processor.py:830} INFO - Processing file /home/bvpelt/Develop/airflowtut/py_env/lib/python3.10/site-packages/airflow/example_dags/example_kubernetes_executor.py for tasks to queue
[2024-08-09T20:15:05.333+0200] {logging_mixin.py:188} INFO - [2024-08-09T20:15:05.333+0200] {dagbag.py:545} INFO - Filling up the DagBag from /home/bvpelt/Develop/airflowtut/py_env/lib/python3.10/site-packages/airflow/example_dags/example_kubernetes_executor.py
[2024-08-09T20:15:05.335+0200] {logging_mixin.py:188} INFO - [2024-08-09T20:15:05.335+0200] {example_kubernetes_executor.py:39} WARNING - The example_kubernetes_executor example DAG requires the kubernetes provider. Please install it with: pip install apache-airflow[cncf.kubernetes]
[2024-08-09T20:15:05.335+0200] {processor.py:842} WARNING - No viable dags retrieved from /home/bvpelt/Develop/airflowtut/py_env/lib/python3.10/site-packages/airflow/example_dags/example_kubernetes_executor.py
[2024-08-09T20:15:05.340+0200] {processor.py:183} INFO - Processing /home/bvpelt/Develop/airflowtut/py_env/lib/python3.10/site-packages/airflow/example_dags/example_kubernetes_executor.py took 0.011 seconds
[2024-08-09T20:15:53.774+0200] {processor.py:161} INFO - Started process (PID=22318) to work on /home/bvpelt/Develop/airflowtut/py_env/lib/python3.10/site-packages/airflow/example_dags/example_kubernetes_executor.py
[2024-08-09T20:15:53.775+0200] {processor.py:830} INFO - Processing file /home/bvpelt/Develop/airflowtut/py_env/lib/python3.10/site-packages/airflow/example_dags/example_kubernetes_executor.py for tasks to queue
[2024-08-09T20:15:53.776+0200] {logging_mixin.py:188} INFO - [2024-08-09T20:15:53.776+0200] {dagbag.py:545} INFO - Filling up the DagBag from /home/bvpelt/Develop/airflowtut/py_env/lib/python3.10/site-packages/airflow/example_dags/example_kubernetes_executor.py
[2024-08-09T20:15:53.777+0200] {logging_mixin.py:188} INFO - [2024-08-09T20:15:53.777+0200] {example_kubernetes_executor.py:39} WARNING - The example_kubernetes_executor example DAG requires the kubernetes provider. Please install it with: pip install apache-airflow[cncf.kubernetes]
[2024-08-09T20:15:53.778+0200] {processor.py:842} WARNING - No viable dags retrieved from /home/bvpelt/Develop/airflowtut/py_env/lib/python3.10/site-packages/airflow/example_dags/example_kubernetes_executor.py
[2024-08-09T20:15:53.783+0200] {processor.py:183} INFO - Processing /home/bvpelt/Develop/airflowtut/py_env/lib/python3.10/site-packages/airflow/example_dags/example_kubernetes_executor.py took 0.012 seconds
