[2024-08-09T19:43:31.915+0200] {processor.py:161} INFO - Started process (PID=17793) to work on /home/bvpelt/Develop/airflowtut/py_env/lib/python3.10/site-packages/airflow/example_dags/example_dynamic_task_mapping.py
[2024-08-09T19:43:31.916+0200] {processor.py:830} INFO - Processing file /home/bvpelt/Develop/airflowtut/py_env/lib/python3.10/site-packages/airflow/example_dags/example_dynamic_task_mapping.py for tasks to queue
[2024-08-09T19:43:31.917+0200] {logging_mixin.py:188} INFO - [2024-08-09T19:43:31.917+0200] {dagbag.py:545} INFO - Filling up the DagBag from /home/bvpelt/Develop/airflowtut/py_env/lib/python3.10/site-packages/airflow/example_dags/example_dynamic_task_mapping.py
[2024-08-09T19:43:31.921+0200] {processor.py:840} INFO - DAG(s) 'example_dynamic_task_mapping' retrieved from /home/bvpelt/Develop/airflowtut/py_env/lib/python3.10/site-packages/airflow/example_dags/example_dynamic_task_mapping.py
[2024-08-09T19:43:32.106+0200] {logging_mixin.py:188} INFO - [2024-08-09T19:43:32.104+0200] {override.py:1858} INFO - Created Permission View: can edit on DAG:example_dynamic_task_mapping
[2024-08-09T19:43:32.205+0200] {logging_mixin.py:188} INFO - [2024-08-09T19:43:32.204+0200] {override.py:1858} INFO - Created Permission View: can read on DAG:example_dynamic_task_mapping
[2024-08-09T19:43:32.280+0200] {logging_mixin.py:188} INFO - [2024-08-09T19:43:32.279+0200] {override.py:1858} INFO - Created Permission View: can delete on DAG:example_dynamic_task_mapping
[2024-08-09T19:43:32.282+0200] {logging_mixin.py:188} INFO - [2024-08-09T19:43:32.281+0200] {dag.py:3089} INFO - Sync 1 DAGs
[2024-08-09T19:43:32.379+0200] {logging_mixin.py:188} INFO - [2024-08-09T19:43:32.379+0200] {dag.py:3111} INFO - Creating ORM DAG for example_dynamic_task_mapping
[2024-08-09T19:43:32.384+0200] {logging_mixin.py:188} INFO - [2024-08-09T19:43:32.383+0200] {dag.py:3947} INFO - Setting next_dagrun for example_dynamic_task_mapping to 2022-03-04 00:00:00+00:00, run_after=2022-03-05 00:00:00+00:00
[2024-08-09T19:43:32.527+0200] {processor.py:183} INFO - Processing /home/bvpelt/Develop/airflowtut/py_env/lib/python3.10/site-packages/airflow/example_dags/example_dynamic_task_mapping.py took 0.615 seconds
[2024-08-09T19:44:35.524+0200] {processor.py:161} INFO - Started process (PID=18079) to work on /home/bvpelt/Develop/airflowtut/py_env/lib/python3.10/site-packages/airflow/example_dags/example_dynamic_task_mapping.py
[2024-08-09T19:44:35.529+0200] {processor.py:830} INFO - Processing file /home/bvpelt/Develop/airflowtut/py_env/lib/python3.10/site-packages/airflow/example_dags/example_dynamic_task_mapping.py for tasks to queue
[2024-08-09T19:44:35.532+0200] {logging_mixin.py:188} INFO - [2024-08-09T19:44:35.531+0200] {dagbag.py:545} INFO - Filling up the DagBag from /home/bvpelt/Develop/airflowtut/py_env/lib/python3.10/site-packages/airflow/example_dags/example_dynamic_task_mapping.py
[2024-08-09T19:44:35.535+0200] {processor.py:840} INFO - DAG(s) 'example_dynamic_task_mapping' retrieved from /home/bvpelt/Develop/airflowtut/py_env/lib/python3.10/site-packages/airflow/example_dags/example_dynamic_task_mapping.py
[2024-08-09T19:44:35.545+0200] {logging_mixin.py:188} INFO - [2024-08-09T19:44:35.545+0200] {dag.py:3089} INFO - Sync 1 DAGs
[2024-08-09T19:44:35.559+0200] {logging_mixin.py:188} INFO - [2024-08-09T19:44:35.559+0200] {dag.py:3947} INFO - Setting next_dagrun for example_dynamic_task_mapping to 2022-03-04 00:00:00+00:00, run_after=2022-03-05 00:00:00+00:00
[2024-08-09T19:44:35.769+0200] {processor.py:183} INFO - Processing /home/bvpelt/Develop/airflowtut/py_env/lib/python3.10/site-packages/airflow/example_dags/example_dynamic_task_mapping.py took 0.248 seconds
[2024-08-09T19:45:31.535+0200] {processor.py:161} INFO - Started process (PID=18288) to work on /home/bvpelt/Develop/airflowtut/py_env/lib/python3.10/site-packages/airflow/example_dags/example_dynamic_task_mapping.py
[2024-08-09T19:45:31.537+0200] {processor.py:830} INFO - Processing file /home/bvpelt/Develop/airflowtut/py_env/lib/python3.10/site-packages/airflow/example_dags/example_dynamic_task_mapping.py for tasks to queue
[2024-08-09T19:45:31.541+0200] {logging_mixin.py:188} INFO - [2024-08-09T19:45:31.540+0200] {dagbag.py:545} INFO - Filling up the DagBag from /home/bvpelt/Develop/airflowtut/py_env/lib/python3.10/site-packages/airflow/example_dags/example_dynamic_task_mapping.py
[2024-08-09T19:45:31.551+0200] {processor.py:840} INFO - DAG(s) 'example_dynamic_task_mapping' retrieved from /home/bvpelt/Develop/airflowtut/py_env/lib/python3.10/site-packages/airflow/example_dags/example_dynamic_task_mapping.py
[2024-08-09T19:45:31.565+0200] {logging_mixin.py:188} INFO - [2024-08-09T19:45:31.565+0200] {dag.py:3089} INFO - Sync 1 DAGs
[2024-08-09T19:45:31.578+0200] {logging_mixin.py:188} INFO - [2024-08-09T19:45:31.578+0200] {dag.py:3947} INFO - Setting next_dagrun for example_dynamic_task_mapping to 2022-03-04 00:00:00+00:00, run_after=2022-03-05 00:00:00+00:00
[2024-08-09T19:45:31.651+0200] {processor.py:183} INFO - Processing /home/bvpelt/Develop/airflowtut/py_env/lib/python3.10/site-packages/airflow/example_dags/example_dynamic_task_mapping.py took 0.132 seconds
[2024-08-09T19:46:56.002+0200] {processor.py:161} INFO - Started process (PID=18684) to work on /home/bvpelt/Develop/airflowtut/py_env/lib/python3.10/site-packages/airflow/example_dags/example_dynamic_task_mapping.py
[2024-08-09T19:46:56.004+0200] {processor.py:830} INFO - Processing file /home/bvpelt/Develop/airflowtut/py_env/lib/python3.10/site-packages/airflow/example_dags/example_dynamic_task_mapping.py for tasks to queue
[2024-08-09T19:46:56.008+0200] {logging_mixin.py:188} INFO - [2024-08-09T19:46:56.007+0200] {dagbag.py:545} INFO - Filling up the DagBag from /home/bvpelt/Develop/airflowtut/py_env/lib/python3.10/site-packages/airflow/example_dags/example_dynamic_task_mapping.py
[2024-08-09T19:46:56.018+0200] {processor.py:840} INFO - DAG(s) 'example_dynamic_task_mapping' retrieved from /home/bvpelt/Develop/airflowtut/py_env/lib/python3.10/site-packages/airflow/example_dags/example_dynamic_task_mapping.py
[2024-08-09T19:46:56.032+0200] {logging_mixin.py:188} INFO - [2024-08-09T19:46:56.031+0200] {dag.py:3089} INFO - Sync 1 DAGs
[2024-08-09T19:46:56.045+0200] {logging_mixin.py:188} INFO - [2024-08-09T19:46:56.045+0200] {dag.py:3947} INFO - Setting next_dagrun for example_dynamic_task_mapping to 2022-03-04 00:00:00+00:00, run_after=2022-03-05 00:00:00+00:00
[2024-08-09T19:46:56.125+0200] {processor.py:183} INFO - Processing /home/bvpelt/Develop/airflowtut/py_env/lib/python3.10/site-packages/airflow/example_dags/example_dynamic_task_mapping.py took 0.139 seconds
[2024-08-09T19:48:12.556+0200] {processor.py:161} INFO - Started process (PID=19029) to work on /home/bvpelt/Develop/airflowtut/py_env/lib/python3.10/site-packages/airflow/example_dags/example_dynamic_task_mapping.py
[2024-08-09T19:48:12.558+0200] {processor.py:830} INFO - Processing file /home/bvpelt/Develop/airflowtut/py_env/lib/python3.10/site-packages/airflow/example_dags/example_dynamic_task_mapping.py for tasks to queue
[2024-08-09T19:48:12.562+0200] {logging_mixin.py:188} INFO - [2024-08-09T19:48:12.561+0200] {dagbag.py:545} INFO - Filling up the DagBag from /home/bvpelt/Develop/airflowtut/py_env/lib/python3.10/site-packages/airflow/example_dags/example_dynamic_task_mapping.py
[2024-08-09T19:48:12.572+0200] {processor.py:840} INFO - DAG(s) 'example_dynamic_task_mapping' retrieved from /home/bvpelt/Develop/airflowtut/py_env/lib/python3.10/site-packages/airflow/example_dags/example_dynamic_task_mapping.py
[2024-08-09T19:48:12.586+0200] {logging_mixin.py:188} INFO - [2024-08-09T19:48:12.586+0200] {dag.py:3089} INFO - Sync 1 DAGs
[2024-08-09T19:48:12.600+0200] {logging_mixin.py:188} INFO - [2024-08-09T19:48:12.600+0200] {dag.py:3947} INFO - Setting next_dagrun for example_dynamic_task_mapping to 2022-03-04 00:00:00+00:00, run_after=2022-03-05 00:00:00+00:00
[2024-08-09T19:48:12.697+0200] {processor.py:183} INFO - Processing /home/bvpelt/Develop/airflowtut/py_env/lib/python3.10/site-packages/airflow/example_dags/example_dynamic_task_mapping.py took 0.156 seconds
[2024-08-09T19:49:24.898+0200] {processor.py:161} INFO - Started process (PID=19197) to work on /home/bvpelt/Develop/airflowtut/py_env/lib/python3.10/site-packages/airflow/example_dags/example_dynamic_task_mapping.py
[2024-08-09T19:49:24.899+0200] {processor.py:830} INFO - Processing file /home/bvpelt/Develop/airflowtut/py_env/lib/python3.10/site-packages/airflow/example_dags/example_dynamic_task_mapping.py for tasks to queue
[2024-08-09T19:49:24.900+0200] {logging_mixin.py:188} INFO - [2024-08-09T19:49:24.899+0200] {dagbag.py:545} INFO - Filling up the DagBag from /home/bvpelt/Develop/airflowtut/py_env/lib/python3.10/site-packages/airflow/example_dags/example_dynamic_task_mapping.py
[2024-08-09T19:49:24.903+0200] {processor.py:840} INFO - DAG(s) 'example_dynamic_task_mapping' retrieved from /home/bvpelt/Develop/airflowtut/py_env/lib/python3.10/site-packages/airflow/example_dags/example_dynamic_task_mapping.py
[2024-08-09T19:49:24.911+0200] {logging_mixin.py:188} INFO - [2024-08-09T19:49:24.911+0200] {dag.py:3089} INFO - Sync 1 DAGs
[2024-08-09T19:49:24.921+0200] {logging_mixin.py:188} INFO - [2024-08-09T19:49:24.921+0200] {dag.py:3947} INFO - Setting next_dagrun for example_dynamic_task_mapping to 2022-03-04 00:00:00+00:00, run_after=2022-03-05 00:00:00+00:00
[2024-08-09T19:49:25.014+0200] {processor.py:183} INFO - Processing /home/bvpelt/Develop/airflowtut/py_env/lib/python3.10/site-packages/airflow/example_dags/example_dynamic_task_mapping.py took 0.119 seconds
[2024-08-09T19:50:21.317+0200] {processor.py:161} INFO - Started process (PID=19354) to work on /home/bvpelt/Develop/airflowtut/py_env/lib/python3.10/site-packages/airflow/example_dags/example_dynamic_task_mapping.py
[2024-08-09T19:50:21.324+0200] {processor.py:830} INFO - Processing file /home/bvpelt/Develop/airflowtut/py_env/lib/python3.10/site-packages/airflow/example_dags/example_dynamic_task_mapping.py for tasks to queue
[2024-08-09T19:50:21.325+0200] {logging_mixin.py:188} INFO - [2024-08-09T19:50:21.325+0200] {dagbag.py:545} INFO - Filling up the DagBag from /home/bvpelt/Develop/airflowtut/py_env/lib/python3.10/site-packages/airflow/example_dags/example_dynamic_task_mapping.py
[2024-08-09T19:50:21.329+0200] {processor.py:840} INFO - DAG(s) 'example_dynamic_task_mapping' retrieved from /home/bvpelt/Develop/airflowtut/py_env/lib/python3.10/site-packages/airflow/example_dags/example_dynamic_task_mapping.py
[2024-08-09T19:50:21.337+0200] {logging_mixin.py:188} INFO - [2024-08-09T19:50:21.337+0200] {dag.py:3089} INFO - Sync 1 DAGs
[2024-08-09T19:50:21.348+0200] {logging_mixin.py:188} INFO - [2024-08-09T19:50:21.348+0200] {dag.py:3947} INFO - Setting next_dagrun for example_dynamic_task_mapping to 2022-03-04 00:00:00+00:00, run_after=2022-03-05 00:00:00+00:00
[2024-08-09T19:50:21.433+0200] {processor.py:183} INFO - Processing /home/bvpelt/Develop/airflowtut/py_env/lib/python3.10/site-packages/airflow/example_dags/example_dynamic_task_mapping.py took 0.120 seconds
[2024-08-09T19:51:38.228+0200] {processor.py:161} INFO - Started process (PID=19542) to work on /home/bvpelt/Develop/airflowtut/py_env/lib/python3.10/site-packages/airflow/example_dags/example_dynamic_task_mapping.py
[2024-08-09T19:51:38.230+0200] {processor.py:830} INFO - Processing file /home/bvpelt/Develop/airflowtut/py_env/lib/python3.10/site-packages/airflow/example_dags/example_dynamic_task_mapping.py for tasks to queue
[2024-08-09T19:51:38.232+0200] {logging_mixin.py:188} INFO - [2024-08-09T19:51:38.232+0200] {dagbag.py:545} INFO - Filling up the DagBag from /home/bvpelt/Develop/airflowtut/py_env/lib/python3.10/site-packages/airflow/example_dags/example_dynamic_task_mapping.py
[2024-08-09T19:51:38.240+0200] {processor.py:840} INFO - DAG(s) 'example_dynamic_task_mapping' retrieved from /home/bvpelt/Develop/airflowtut/py_env/lib/python3.10/site-packages/airflow/example_dags/example_dynamic_task_mapping.py
[2024-08-09T19:51:38.253+0200] {logging_mixin.py:188} INFO - [2024-08-09T19:51:38.253+0200] {dag.py:3089} INFO - Sync 1 DAGs
[2024-08-09T19:51:38.267+0200] {logging_mixin.py:188} INFO - [2024-08-09T19:51:38.267+0200] {dag.py:3947} INFO - Setting next_dagrun for example_dynamic_task_mapping to 2022-03-04 00:00:00+00:00, run_after=2022-03-05 00:00:00+00:00
[2024-08-09T19:51:38.450+0200] {processor.py:183} INFO - Processing /home/bvpelt/Develop/airflowtut/py_env/lib/python3.10/site-packages/airflow/example_dags/example_dynamic_task_mapping.py took 0.236 seconds
[2024-08-09T19:53:05.651+0200] {processor.py:161} INFO - Started process (PID=20075) to work on /home/bvpelt/Develop/airflowtut/py_env/lib/python3.10/site-packages/airflow/example_dags/example_dynamic_task_mapping.py
[2024-08-09T19:53:05.652+0200] {processor.py:830} INFO - Processing file /home/bvpelt/Develop/airflowtut/py_env/lib/python3.10/site-packages/airflow/example_dags/example_dynamic_task_mapping.py for tasks to queue
[2024-08-09T19:53:05.653+0200] {logging_mixin.py:188} INFO - [2024-08-09T19:53:05.653+0200] {dagbag.py:545} INFO - Filling up the DagBag from /home/bvpelt/Develop/airflowtut/py_env/lib/python3.10/site-packages/airflow/example_dags/example_dynamic_task_mapping.py
[2024-08-09T19:53:05.657+0200] {processor.py:840} INFO - DAG(s) 'example_dynamic_task_mapping' retrieved from /home/bvpelt/Develop/airflowtut/py_env/lib/python3.10/site-packages/airflow/example_dags/example_dynamic_task_mapping.py
[2024-08-09T19:53:05.664+0200] {logging_mixin.py:188} INFO - [2024-08-09T19:53:05.664+0200] {dag.py:3089} INFO - Sync 1 DAGs
[2024-08-09T19:53:05.675+0200] {logging_mixin.py:188} INFO - [2024-08-09T19:53:05.675+0200] {dag.py:3947} INFO - Setting next_dagrun for example_dynamic_task_mapping to 2022-03-04 00:00:00+00:00, run_after=2022-03-05 00:00:00+00:00
[2024-08-09T19:53:05.782+0200] {processor.py:183} INFO - Processing /home/bvpelt/Develop/airflowtut/py_env/lib/python3.10/site-packages/airflow/example_dags/example_dynamic_task_mapping.py took 0.134 seconds
[2024-08-09T19:54:25.966+0200] {processor.py:161} INFO - Started process (PID=20165) to work on /home/bvpelt/Develop/airflowtut/py_env/lib/python3.10/site-packages/airflow/example_dags/example_dynamic_task_mapping.py
[2024-08-09T19:54:25.966+0200] {processor.py:830} INFO - Processing file /home/bvpelt/Develop/airflowtut/py_env/lib/python3.10/site-packages/airflow/example_dags/example_dynamic_task_mapping.py for tasks to queue
[2024-08-09T19:54:25.967+0200] {logging_mixin.py:188} INFO - [2024-08-09T19:54:25.967+0200] {dagbag.py:545} INFO - Filling up the DagBag from /home/bvpelt/Develop/airflowtut/py_env/lib/python3.10/site-packages/airflow/example_dags/example_dynamic_task_mapping.py
[2024-08-09T19:54:25.971+0200] {processor.py:840} INFO - DAG(s) 'example_dynamic_task_mapping' retrieved from /home/bvpelt/Develop/airflowtut/py_env/lib/python3.10/site-packages/airflow/example_dags/example_dynamic_task_mapping.py
[2024-08-09T19:54:25.979+0200] {logging_mixin.py:188} INFO - [2024-08-09T19:54:25.979+0200] {dag.py:3089} INFO - Sync 1 DAGs
[2024-08-09T19:54:25.990+0200] {logging_mixin.py:188} INFO - [2024-08-09T19:54:25.990+0200] {dag.py:3947} INFO - Setting next_dagrun for example_dynamic_task_mapping to 2022-03-04 00:00:00+00:00, run_after=2022-03-05 00:00:00+00:00
[2024-08-09T19:54:26.080+0200] {processor.py:183} INFO - Processing /home/bvpelt/Develop/airflowtut/py_env/lib/python3.10/site-packages/airflow/example_dags/example_dynamic_task_mapping.py took 0.118 seconds
[2024-08-09T19:55:40.379+0200] {processor.py:161} INFO - Started process (PID=20300) to work on /home/bvpelt/Develop/airflowtut/py_env/lib/python3.10/site-packages/airflow/example_dags/example_dynamic_task_mapping.py
[2024-08-09T19:55:40.395+0200] {processor.py:830} INFO - Processing file /home/bvpelt/Develop/airflowtut/py_env/lib/python3.10/site-packages/airflow/example_dags/example_dynamic_task_mapping.py for tasks to queue
[2024-08-09T19:55:40.396+0200] {logging_mixin.py:188} INFO - [2024-08-09T19:55:40.396+0200] {dagbag.py:545} INFO - Filling up the DagBag from /home/bvpelt/Develop/airflowtut/py_env/lib/python3.10/site-packages/airflow/example_dags/example_dynamic_task_mapping.py
[2024-08-09T19:55:40.400+0200] {processor.py:840} INFO - DAG(s) 'example_dynamic_task_mapping' retrieved from /home/bvpelt/Develop/airflowtut/py_env/lib/python3.10/site-packages/airflow/example_dags/example_dynamic_task_mapping.py
[2024-08-09T19:55:40.408+0200] {logging_mixin.py:188} INFO - [2024-08-09T19:55:40.408+0200] {dag.py:3089} INFO - Sync 1 DAGs
[2024-08-09T19:55:40.420+0200] {logging_mixin.py:188} INFO - [2024-08-09T19:55:40.420+0200] {dag.py:3947} INFO - Setting next_dagrun for example_dynamic_task_mapping to 2022-03-04 00:00:00+00:00, run_after=2022-03-05 00:00:00+00:00
[2024-08-09T19:55:40.499+0200] {processor.py:183} INFO - Processing /home/bvpelt/Develop/airflowtut/py_env/lib/python3.10/site-packages/airflow/example_dags/example_dynamic_task_mapping.py took 0.123 seconds
[2024-08-09T19:56:52.018+0200] {processor.py:161} INFO - Started process (PID=20382) to work on /home/bvpelt/Develop/airflowtut/py_env/lib/python3.10/site-packages/airflow/example_dags/example_dynamic_task_mapping.py
[2024-08-09T19:56:52.019+0200] {processor.py:830} INFO - Processing file /home/bvpelt/Develop/airflowtut/py_env/lib/python3.10/site-packages/airflow/example_dags/example_dynamic_task_mapping.py for tasks to queue
[2024-08-09T19:56:52.020+0200] {logging_mixin.py:188} INFO - [2024-08-09T19:56:52.019+0200] {dagbag.py:545} INFO - Filling up the DagBag from /home/bvpelt/Develop/airflowtut/py_env/lib/python3.10/site-packages/airflow/example_dags/example_dynamic_task_mapping.py
[2024-08-09T19:56:52.023+0200] {processor.py:840} INFO - DAG(s) 'example_dynamic_task_mapping' retrieved from /home/bvpelt/Develop/airflowtut/py_env/lib/python3.10/site-packages/airflow/example_dags/example_dynamic_task_mapping.py
[2024-08-09T19:56:52.031+0200] {logging_mixin.py:188} INFO - [2024-08-09T19:56:52.030+0200] {dag.py:3089} INFO - Sync 1 DAGs
[2024-08-09T19:56:52.041+0200] {logging_mixin.py:188} INFO - [2024-08-09T19:56:52.041+0200] {dag.py:3947} INFO - Setting next_dagrun for example_dynamic_task_mapping to 2022-03-04 00:00:00+00:00, run_after=2022-03-05 00:00:00+00:00
[2024-08-09T19:56:52.155+0200] {processor.py:183} INFO - Processing /home/bvpelt/Develop/airflowtut/py_env/lib/python3.10/site-packages/airflow/example_dags/example_dynamic_task_mapping.py took 0.141 seconds
[2024-08-09T19:58:09.706+0200] {processor.py:161} INFO - Started process (PID=20542) to work on /home/bvpelt/Develop/airflowtut/py_env/lib/python3.10/site-packages/airflow/example_dags/example_dynamic_task_mapping.py
[2024-08-09T19:58:09.706+0200] {processor.py:830} INFO - Processing file /home/bvpelt/Develop/airflowtut/py_env/lib/python3.10/site-packages/airflow/example_dags/example_dynamic_task_mapping.py for tasks to queue
[2024-08-09T19:58:09.707+0200] {logging_mixin.py:188} INFO - [2024-08-09T19:58:09.707+0200] {dagbag.py:545} INFO - Filling up the DagBag from /home/bvpelt/Develop/airflowtut/py_env/lib/python3.10/site-packages/airflow/example_dags/example_dynamic_task_mapping.py
[2024-08-09T19:58:09.711+0200] {processor.py:840} INFO - DAG(s) 'example_dynamic_task_mapping' retrieved from /home/bvpelt/Develop/airflowtut/py_env/lib/python3.10/site-packages/airflow/example_dags/example_dynamic_task_mapping.py
[2024-08-09T19:58:09.719+0200] {logging_mixin.py:188} INFO - [2024-08-09T19:58:09.719+0200] {dag.py:3089} INFO - Sync 1 DAGs
[2024-08-09T19:58:09.730+0200] {logging_mixin.py:188} INFO - [2024-08-09T19:58:09.729+0200] {dag.py:3947} INFO - Setting next_dagrun for example_dynamic_task_mapping to 2022-03-04 00:00:00+00:00, run_after=2022-03-05 00:00:00+00:00
[2024-08-09T19:58:09.828+0200] {processor.py:183} INFO - Processing /home/bvpelt/Develop/airflowtut/py_env/lib/python3.10/site-packages/airflow/example_dags/example_dynamic_task_mapping.py took 0.126 seconds
[2024-08-09T19:59:09.215+0200] {processor.py:161} INFO - Started process (PID=20684) to work on /home/bvpelt/Develop/airflowtut/py_env/lib/python3.10/site-packages/airflow/example_dags/example_dynamic_task_mapping.py
[2024-08-09T19:59:09.215+0200] {processor.py:830} INFO - Processing file /home/bvpelt/Develop/airflowtut/py_env/lib/python3.10/site-packages/airflow/example_dags/example_dynamic_task_mapping.py for tasks to queue
[2024-08-09T19:59:09.216+0200] {logging_mixin.py:188} INFO - [2024-08-09T19:59:09.216+0200] {dagbag.py:545} INFO - Filling up the DagBag from /home/bvpelt/Develop/airflowtut/py_env/lib/python3.10/site-packages/airflow/example_dags/example_dynamic_task_mapping.py
[2024-08-09T19:59:09.220+0200] {processor.py:840} INFO - DAG(s) 'example_dynamic_task_mapping' retrieved from /home/bvpelt/Develop/airflowtut/py_env/lib/python3.10/site-packages/airflow/example_dags/example_dynamic_task_mapping.py
[2024-08-09T19:59:09.227+0200] {logging_mixin.py:188} INFO - [2024-08-09T19:59:09.227+0200] {dag.py:3089} INFO - Sync 1 DAGs
[2024-08-09T19:59:09.238+0200] {logging_mixin.py:188} INFO - [2024-08-09T19:59:09.238+0200] {dag.py:3947} INFO - Setting next_dagrun for example_dynamic_task_mapping to 2022-03-04 00:00:00+00:00, run_after=2022-03-05 00:00:00+00:00
[2024-08-09T19:59:09.322+0200] {processor.py:183} INFO - Processing /home/bvpelt/Develop/airflowtut/py_env/lib/python3.10/site-packages/airflow/example_dags/example_dynamic_task_mapping.py took 0.110 seconds
[2024-08-09T20:00:27.414+0200] {processor.py:161} INFO - Started process (PID=20787) to work on /home/bvpelt/Develop/airflowtut/py_env/lib/python3.10/site-packages/airflow/example_dags/example_dynamic_task_mapping.py
[2024-08-09T20:00:27.414+0200] {processor.py:830} INFO - Processing file /home/bvpelt/Develop/airflowtut/py_env/lib/python3.10/site-packages/airflow/example_dags/example_dynamic_task_mapping.py for tasks to queue
[2024-08-09T20:00:27.415+0200] {logging_mixin.py:188} INFO - [2024-08-09T20:00:27.415+0200] {dagbag.py:545} INFO - Filling up the DagBag from /home/bvpelt/Develop/airflowtut/py_env/lib/python3.10/site-packages/airflow/example_dags/example_dynamic_task_mapping.py
[2024-08-09T20:00:27.419+0200] {processor.py:840} INFO - DAG(s) 'example_dynamic_task_mapping' retrieved from /home/bvpelt/Develop/airflowtut/py_env/lib/python3.10/site-packages/airflow/example_dags/example_dynamic_task_mapping.py
[2024-08-09T20:00:27.426+0200] {logging_mixin.py:188} INFO - [2024-08-09T20:00:27.426+0200] {dag.py:3089} INFO - Sync 1 DAGs
[2024-08-09T20:00:27.437+0200] {logging_mixin.py:188} INFO - [2024-08-09T20:00:27.437+0200] {dag.py:3947} INFO - Setting next_dagrun for example_dynamic_task_mapping to 2022-03-04 00:00:00+00:00, run_after=2022-03-05 00:00:00+00:00
[2024-08-09T20:00:27.524+0200] {processor.py:183} INFO - Processing /home/bvpelt/Develop/airflowtut/py_env/lib/python3.10/site-packages/airflow/example_dags/example_dynamic_task_mapping.py took 0.114 seconds
[2024-08-09T20:01:42.677+0200] {processor.py:161} INFO - Started process (PID=20954) to work on /home/bvpelt/Develop/airflowtut/py_env/lib/python3.10/site-packages/airflow/example_dags/example_dynamic_task_mapping.py
[2024-08-09T20:01:42.688+0200] {processor.py:830} INFO - Processing file /home/bvpelt/Develop/airflowtut/py_env/lib/python3.10/site-packages/airflow/example_dags/example_dynamic_task_mapping.py for tasks to queue
[2024-08-09T20:01:42.692+0200] {logging_mixin.py:188} INFO - [2024-08-09T20:01:42.691+0200] {dagbag.py:545} INFO - Filling up the DagBag from /home/bvpelt/Develop/airflowtut/py_env/lib/python3.10/site-packages/airflow/example_dags/example_dynamic_task_mapping.py
[2024-08-09T20:01:42.696+0200] {processor.py:840} INFO - DAG(s) 'example_dynamic_task_mapping' retrieved from /home/bvpelt/Develop/airflowtut/py_env/lib/python3.10/site-packages/airflow/example_dags/example_dynamic_task_mapping.py
[2024-08-09T20:01:42.704+0200] {logging_mixin.py:188} INFO - [2024-08-09T20:01:42.704+0200] {dag.py:3089} INFO - Sync 1 DAGs
[2024-08-09T20:01:42.715+0200] {logging_mixin.py:188} INFO - [2024-08-09T20:01:42.715+0200] {dag.py:3947} INFO - Setting next_dagrun for example_dynamic_task_mapping to 2022-03-04 00:00:00+00:00, run_after=2022-03-05 00:00:00+00:00
[2024-08-09T20:01:42.794+0200] {processor.py:183} INFO - Processing /home/bvpelt/Develop/airflowtut/py_env/lib/python3.10/site-packages/airflow/example_dags/example_dynamic_task_mapping.py took 0.120 seconds
[2024-08-09T20:03:02.276+0200] {processor.py:161} INFO - Started process (PID=21073) to work on /home/bvpelt/Develop/airflowtut/py_env/lib/python3.10/site-packages/airflow/example_dags/example_dynamic_task_mapping.py
[2024-08-09T20:03:02.284+0200] {processor.py:830} INFO - Processing file /home/bvpelt/Develop/airflowtut/py_env/lib/python3.10/site-packages/airflow/example_dags/example_dynamic_task_mapping.py for tasks to queue
[2024-08-09T20:03:02.287+0200] {logging_mixin.py:188} INFO - [2024-08-09T20:03:02.287+0200] {dagbag.py:545} INFO - Filling up the DagBag from /home/bvpelt/Develop/airflowtut/py_env/lib/python3.10/site-packages/airflow/example_dags/example_dynamic_task_mapping.py
[2024-08-09T20:03:02.303+0200] {processor.py:840} INFO - DAG(s) 'example_dynamic_task_mapping' retrieved from /home/bvpelt/Develop/airflowtut/py_env/lib/python3.10/site-packages/airflow/example_dags/example_dynamic_task_mapping.py
[2024-08-09T20:03:02.324+0200] {logging_mixin.py:188} INFO - [2024-08-09T20:03:02.324+0200] {dag.py:3089} INFO - Sync 1 DAGs
[2024-08-09T20:03:02.340+0200] {logging_mixin.py:188} INFO - [2024-08-09T20:03:02.340+0200] {dag.py:3947} INFO - Setting next_dagrun for example_dynamic_task_mapping to 2022-03-04 00:00:00+00:00, run_after=2022-03-05 00:00:00+00:00
[2024-08-09T20:03:02.403+0200] {processor.py:183} INFO - Processing /home/bvpelt/Develop/airflowtut/py_env/lib/python3.10/site-packages/airflow/example_dags/example_dynamic_task_mapping.py took 0.131 seconds
[2024-08-09T20:03:59.705+0200] {processor.py:161} INFO - Started process (PID=21132) to work on /home/bvpelt/Develop/airflowtut/py_env/lib/python3.10/site-packages/airflow/example_dags/example_dynamic_task_mapping.py
[2024-08-09T20:03:59.719+0200] {processor.py:830} INFO - Processing file /home/bvpelt/Develop/airflowtut/py_env/lib/python3.10/site-packages/airflow/example_dags/example_dynamic_task_mapping.py for tasks to queue
[2024-08-09T20:03:59.720+0200] {logging_mixin.py:188} INFO - [2024-08-09T20:03:59.720+0200] {dagbag.py:545} INFO - Filling up the DagBag from /home/bvpelt/Develop/airflowtut/py_env/lib/python3.10/site-packages/airflow/example_dags/example_dynamic_task_mapping.py
[2024-08-09T20:03:59.725+0200] {processor.py:840} INFO - DAG(s) 'example_dynamic_task_mapping' retrieved from /home/bvpelt/Develop/airflowtut/py_env/lib/python3.10/site-packages/airflow/example_dags/example_dynamic_task_mapping.py
[2024-08-09T20:03:59.732+0200] {logging_mixin.py:188} INFO - [2024-08-09T20:03:59.732+0200] {dag.py:3089} INFO - Sync 1 DAGs
[2024-08-09T20:03:59.743+0200] {logging_mixin.py:188} INFO - [2024-08-09T20:03:59.743+0200] {dag.py:3947} INFO - Setting next_dagrun for example_dynamic_task_mapping to 2022-03-04 00:00:00+00:00, run_after=2022-03-05 00:00:00+00:00
[2024-08-09T20:03:59.810+0200] {processor.py:183} INFO - Processing /home/bvpelt/Develop/airflowtut/py_env/lib/python3.10/site-packages/airflow/example_dags/example_dynamic_task_mapping.py took 0.108 seconds
[2024-08-09T20:05:16.853+0200] {processor.py:161} INFO - Started process (PID=21350) to work on /home/bvpelt/Develop/airflowtut/py_env/lib/python3.10/site-packages/airflow/example_dags/example_dynamic_task_mapping.py
[2024-08-09T20:05:16.854+0200] {processor.py:830} INFO - Processing file /home/bvpelt/Develop/airflowtut/py_env/lib/python3.10/site-packages/airflow/example_dags/example_dynamic_task_mapping.py for tasks to queue
[2024-08-09T20:05:16.854+0200] {logging_mixin.py:188} INFO - [2024-08-09T20:05:16.854+0200] {dagbag.py:545} INFO - Filling up the DagBag from /home/bvpelt/Develop/airflowtut/py_env/lib/python3.10/site-packages/airflow/example_dags/example_dynamic_task_mapping.py
[2024-08-09T20:05:16.858+0200] {processor.py:840} INFO - DAG(s) 'example_dynamic_task_mapping' retrieved from /home/bvpelt/Develop/airflowtut/py_env/lib/python3.10/site-packages/airflow/example_dags/example_dynamic_task_mapping.py
[2024-08-09T20:05:16.866+0200] {logging_mixin.py:188} INFO - [2024-08-09T20:05:16.866+0200] {dag.py:3089} INFO - Sync 1 DAGs
[2024-08-09T20:05:16.877+0200] {logging_mixin.py:188} INFO - [2024-08-09T20:05:16.877+0200] {dag.py:3947} INFO - Setting next_dagrun for example_dynamic_task_mapping to 2022-03-04 00:00:00+00:00, run_after=2022-03-05 00:00:00+00:00
[2024-08-09T20:05:16.960+0200] {processor.py:183} INFO - Processing /home/bvpelt/Develop/airflowtut/py_env/lib/python3.10/site-packages/airflow/example_dags/example_dynamic_task_mapping.py took 0.110 seconds
[2024-08-09T20:06:12.925+0200] {processor.py:161} INFO - Started process (PID=21403) to work on /home/bvpelt/Develop/airflowtut/py_env/lib/python3.10/site-packages/airflow/example_dags/example_dynamic_task_mapping.py
[2024-08-09T20:06:12.926+0200] {processor.py:830} INFO - Processing file /home/bvpelt/Develop/airflowtut/py_env/lib/python3.10/site-packages/airflow/example_dags/example_dynamic_task_mapping.py for tasks to queue
[2024-08-09T20:06:12.926+0200] {logging_mixin.py:188} INFO - [2024-08-09T20:06:12.926+0200] {dagbag.py:545} INFO - Filling up the DagBag from /home/bvpelt/Develop/airflowtut/py_env/lib/python3.10/site-packages/airflow/example_dags/example_dynamic_task_mapping.py
[2024-08-09T20:06:12.930+0200] {processor.py:840} INFO - DAG(s) 'example_dynamic_task_mapping' retrieved from /home/bvpelt/Develop/airflowtut/py_env/lib/python3.10/site-packages/airflow/example_dags/example_dynamic_task_mapping.py
[2024-08-09T20:06:12.938+0200] {logging_mixin.py:188} INFO - [2024-08-09T20:06:12.938+0200] {dag.py:3089} INFO - Sync 1 DAGs
[2024-08-09T20:06:12.950+0200] {logging_mixin.py:188} INFO - [2024-08-09T20:06:12.950+0200] {dag.py:3947} INFO - Setting next_dagrun for example_dynamic_task_mapping to 2022-03-04 00:00:00+00:00, run_after=2022-03-05 00:00:00+00:00
[2024-08-09T20:06:13.038+0200] {processor.py:183} INFO - Processing /home/bvpelt/Develop/airflowtut/py_env/lib/python3.10/site-packages/airflow/example_dags/example_dynamic_task_mapping.py took 0.116 seconds
[2024-08-09T20:07:08.721+0200] {processor.py:161} INFO - Started process (PID=21494) to work on /home/bvpelt/Develop/airflowtut/py_env/lib/python3.10/site-packages/airflow/example_dags/example_dynamic_task_mapping.py
[2024-08-09T20:07:08.731+0200] {processor.py:830} INFO - Processing file /home/bvpelt/Develop/airflowtut/py_env/lib/python3.10/site-packages/airflow/example_dags/example_dynamic_task_mapping.py for tasks to queue
[2024-08-09T20:07:08.732+0200] {logging_mixin.py:188} INFO - [2024-08-09T20:07:08.732+0200] {dagbag.py:545} INFO - Filling up the DagBag from /home/bvpelt/Develop/airflowtut/py_env/lib/python3.10/site-packages/airflow/example_dags/example_dynamic_task_mapping.py
[2024-08-09T20:07:08.737+0200] {processor.py:840} INFO - DAG(s) 'example_dynamic_task_mapping' retrieved from /home/bvpelt/Develop/airflowtut/py_env/lib/python3.10/site-packages/airflow/example_dags/example_dynamic_task_mapping.py
[2024-08-09T20:07:08.745+0200] {logging_mixin.py:188} INFO - [2024-08-09T20:07:08.744+0200] {dag.py:3089} INFO - Sync 1 DAGs
[2024-08-09T20:07:08.755+0200] {logging_mixin.py:188} INFO - [2024-08-09T20:07:08.755+0200] {dag.py:3947} INFO - Setting next_dagrun for example_dynamic_task_mapping to 2022-03-04 00:00:00+00:00, run_after=2022-03-05 00:00:00+00:00
[2024-08-09T20:07:08.852+0200] {processor.py:183} INFO - Processing /home/bvpelt/Develop/airflowtut/py_env/lib/python3.10/site-packages/airflow/example_dags/example_dynamic_task_mapping.py took 0.134 seconds
[2024-08-09T20:08:24.128+0200] {processor.py:161} INFO - Started process (PID=21676) to work on /home/bvpelt/Develop/airflowtut/py_env/lib/python3.10/site-packages/airflow/example_dags/example_dynamic_task_mapping.py
[2024-08-09T20:08:24.144+0200] {processor.py:830} INFO - Processing file /home/bvpelt/Develop/airflowtut/py_env/lib/python3.10/site-packages/airflow/example_dags/example_dynamic_task_mapping.py for tasks to queue
[2024-08-09T20:08:24.145+0200] {logging_mixin.py:188} INFO - [2024-08-09T20:08:24.144+0200] {dagbag.py:545} INFO - Filling up the DagBag from /home/bvpelt/Develop/airflowtut/py_env/lib/python3.10/site-packages/airflow/example_dags/example_dynamic_task_mapping.py
[2024-08-09T20:08:24.149+0200] {processor.py:840} INFO - DAG(s) 'example_dynamic_task_mapping' retrieved from /home/bvpelt/Develop/airflowtut/py_env/lib/python3.10/site-packages/airflow/example_dags/example_dynamic_task_mapping.py
[2024-08-09T20:08:24.158+0200] {logging_mixin.py:188} INFO - [2024-08-09T20:08:24.158+0200] {dag.py:3089} INFO - Sync 1 DAGs
[2024-08-09T20:08:24.172+0200] {logging_mixin.py:188} INFO - [2024-08-09T20:08:24.172+0200] {dag.py:3947} INFO - Setting next_dagrun for example_dynamic_task_mapping to 2022-03-04 00:00:00+00:00, run_after=2022-03-05 00:00:00+00:00
[2024-08-09T20:08:24.256+0200] {processor.py:183} INFO - Processing /home/bvpelt/Develop/airflowtut/py_env/lib/python3.10/site-packages/airflow/example_dags/example_dynamic_task_mapping.py took 0.131 seconds
[2024-08-09T20:09:43.306+0200] {processor.py:161} INFO - Started process (PID=21764) to work on /home/bvpelt/Develop/airflowtut/py_env/lib/python3.10/site-packages/airflow/example_dags/example_dynamic_task_mapping.py
[2024-08-09T20:09:43.308+0200] {processor.py:830} INFO - Processing file /home/bvpelt/Develop/airflowtut/py_env/lib/python3.10/site-packages/airflow/example_dags/example_dynamic_task_mapping.py for tasks to queue
[2024-08-09T20:09:43.311+0200] {logging_mixin.py:188} INFO - [2024-08-09T20:09:43.310+0200] {dagbag.py:545} INFO - Filling up the DagBag from /home/bvpelt/Develop/airflowtut/py_env/lib/python3.10/site-packages/airflow/example_dags/example_dynamic_task_mapping.py
[2024-08-09T20:09:43.323+0200] {processor.py:840} INFO - DAG(s) 'example_dynamic_task_mapping' retrieved from /home/bvpelt/Develop/airflowtut/py_env/lib/python3.10/site-packages/airflow/example_dags/example_dynamic_task_mapping.py
[2024-08-09T20:09:43.337+0200] {logging_mixin.py:188} INFO - [2024-08-09T20:09:43.337+0200] {dag.py:3089} INFO - Sync 1 DAGs
[2024-08-09T20:09:43.351+0200] {logging_mixin.py:188} INFO - [2024-08-09T20:09:43.351+0200] {dag.py:3947} INFO - Setting next_dagrun for example_dynamic_task_mapping to 2022-03-04 00:00:00+00:00, run_after=2022-03-05 00:00:00+00:00
[2024-08-09T20:09:43.435+0200] {processor.py:183} INFO - Processing /home/bvpelt/Develop/airflowtut/py_env/lib/python3.10/site-packages/airflow/example_dags/example_dynamic_task_mapping.py took 0.144 seconds
[2024-08-09T20:10:57.836+0200] {processor.py:161} INFO - Started process (PID=21865) to work on /home/bvpelt/Develop/airflowtut/py_env/lib/python3.10/site-packages/airflow/example_dags/example_dynamic_task_mapping.py
[2024-08-09T20:10:57.836+0200] {processor.py:830} INFO - Processing file /home/bvpelt/Develop/airflowtut/py_env/lib/python3.10/site-packages/airflow/example_dags/example_dynamic_task_mapping.py for tasks to queue
[2024-08-09T20:10:57.837+0200] {logging_mixin.py:188} INFO - [2024-08-09T20:10:57.837+0200] {dagbag.py:545} INFO - Filling up the DagBag from /home/bvpelt/Develop/airflowtut/py_env/lib/python3.10/site-packages/airflow/example_dags/example_dynamic_task_mapping.py
[2024-08-09T20:10:57.841+0200] {processor.py:840} INFO - DAG(s) 'example_dynamic_task_mapping' retrieved from /home/bvpelt/Develop/airflowtut/py_env/lib/python3.10/site-packages/airflow/example_dags/example_dynamic_task_mapping.py
[2024-08-09T20:10:57.849+0200] {logging_mixin.py:188} INFO - [2024-08-09T20:10:57.849+0200] {dag.py:3089} INFO - Sync 1 DAGs
[2024-08-09T20:10:57.859+0200] {logging_mixin.py:188} INFO - [2024-08-09T20:10:57.859+0200] {dag.py:3947} INFO - Setting next_dagrun for example_dynamic_task_mapping to 2022-03-04 00:00:00+00:00, run_after=2022-03-05 00:00:00+00:00
[2024-08-09T20:10:57.930+0200] {processor.py:183} INFO - Processing /home/bvpelt/Develop/airflowtut/py_env/lib/python3.10/site-packages/airflow/example_dags/example_dynamic_task_mapping.py took 0.099 seconds
[2024-08-09T20:12:12.519+0200] {processor.py:161} INFO - Started process (PID=21974) to work on /home/bvpelt/Develop/airflowtut/py_env/lib/python3.10/site-packages/airflow/example_dags/example_dynamic_task_mapping.py
[2024-08-09T20:12:12.520+0200] {processor.py:830} INFO - Processing file /home/bvpelt/Develop/airflowtut/py_env/lib/python3.10/site-packages/airflow/example_dags/example_dynamic_task_mapping.py for tasks to queue
[2024-08-09T20:12:12.521+0200] {logging_mixin.py:188} INFO - [2024-08-09T20:12:12.521+0200] {dagbag.py:545} INFO - Filling up the DagBag from /home/bvpelt/Develop/airflowtut/py_env/lib/python3.10/site-packages/airflow/example_dags/example_dynamic_task_mapping.py
[2024-08-09T20:12:12.524+0200] {processor.py:840} INFO - DAG(s) 'example_dynamic_task_mapping' retrieved from /home/bvpelt/Develop/airflowtut/py_env/lib/python3.10/site-packages/airflow/example_dags/example_dynamic_task_mapping.py
[2024-08-09T20:12:12.533+0200] {logging_mixin.py:188} INFO - [2024-08-09T20:12:12.533+0200] {dag.py:3089} INFO - Sync 1 DAGs
[2024-08-09T20:12:12.544+0200] {logging_mixin.py:188} INFO - [2024-08-09T20:12:12.544+0200] {dag.py:3947} INFO - Setting next_dagrun for example_dynamic_task_mapping to 2022-03-04 00:00:00+00:00, run_after=2022-03-05 00:00:00+00:00
[2024-08-09T20:12:12.620+0200] {processor.py:183} INFO - Processing /home/bvpelt/Develop/airflowtut/py_env/lib/python3.10/site-packages/airflow/example_dags/example_dynamic_task_mapping.py took 0.104 seconds
[2024-08-09T20:13:31.875+0200] {processor.py:161} INFO - Started process (PID=22113) to work on /home/bvpelt/Develop/airflowtut/py_env/lib/python3.10/site-packages/airflow/example_dags/example_dynamic_task_mapping.py
[2024-08-09T20:13:31.876+0200] {processor.py:830} INFO - Processing file /home/bvpelt/Develop/airflowtut/py_env/lib/python3.10/site-packages/airflow/example_dags/example_dynamic_task_mapping.py for tasks to queue
[2024-08-09T20:13:31.877+0200] {logging_mixin.py:188} INFO - [2024-08-09T20:13:31.876+0200] {dagbag.py:545} INFO - Filling up the DagBag from /home/bvpelt/Develop/airflowtut/py_env/lib/python3.10/site-packages/airflow/example_dags/example_dynamic_task_mapping.py
[2024-08-09T20:13:31.880+0200] {processor.py:840} INFO - DAG(s) 'example_dynamic_task_mapping' retrieved from /home/bvpelt/Develop/airflowtut/py_env/lib/python3.10/site-packages/airflow/example_dags/example_dynamic_task_mapping.py
[2024-08-09T20:13:31.888+0200] {logging_mixin.py:188} INFO - [2024-08-09T20:13:31.888+0200] {dag.py:3089} INFO - Sync 1 DAGs
[2024-08-09T20:13:31.899+0200] {logging_mixin.py:188} INFO - [2024-08-09T20:13:31.899+0200] {dag.py:3947} INFO - Setting next_dagrun for example_dynamic_task_mapping to 2022-03-04 00:00:00+00:00, run_after=2022-03-05 00:00:00+00:00
[2024-08-09T20:13:31.996+0200] {processor.py:183} INFO - Processing /home/bvpelt/Develop/airflowtut/py_env/lib/python3.10/site-packages/airflow/example_dags/example_dynamic_task_mapping.py took 0.124 seconds
[2024-08-09T20:14:25.957+0200] {processor.py:161} INFO - Started process (PID=22193) to work on /home/bvpelt/Develop/airflowtut/py_env/lib/python3.10/site-packages/airflow/example_dags/example_dynamic_task_mapping.py
[2024-08-09T20:14:25.957+0200] {processor.py:830} INFO - Processing file /home/bvpelt/Develop/airflowtut/py_env/lib/python3.10/site-packages/airflow/example_dags/example_dynamic_task_mapping.py for tasks to queue
[2024-08-09T20:14:25.958+0200] {logging_mixin.py:188} INFO - [2024-08-09T20:14:25.958+0200] {dagbag.py:545} INFO - Filling up the DagBag from /home/bvpelt/Develop/airflowtut/py_env/lib/python3.10/site-packages/airflow/example_dags/example_dynamic_task_mapping.py
[2024-08-09T20:14:25.962+0200] {processor.py:840} INFO - DAG(s) 'example_dynamic_task_mapping' retrieved from /home/bvpelt/Develop/airflowtut/py_env/lib/python3.10/site-packages/airflow/example_dags/example_dynamic_task_mapping.py
[2024-08-09T20:14:25.970+0200] {logging_mixin.py:188} INFO - [2024-08-09T20:14:25.970+0200] {dag.py:3089} INFO - Sync 1 DAGs
[2024-08-09T20:14:25.981+0200] {logging_mixin.py:188} INFO - [2024-08-09T20:14:25.981+0200] {dag.py:3947} INFO - Setting next_dagrun for example_dynamic_task_mapping to 2022-03-04 00:00:00+00:00, run_after=2022-03-05 00:00:00+00:00
[2024-08-09T20:14:26.097+0200] {processor.py:183} INFO - Processing /home/bvpelt/Develop/airflowtut/py_env/lib/python3.10/site-packages/airflow/example_dags/example_dynamic_task_mapping.py took 0.143 seconds
[2024-08-09T20:15:38.097+0200] {processor.py:161} INFO - Started process (PID=22297) to work on /home/bvpelt/Develop/airflowtut/py_env/lib/python3.10/site-packages/airflow/example_dags/example_dynamic_task_mapping.py
[2024-08-09T20:15:38.122+0200] {processor.py:830} INFO - Processing file /home/bvpelt/Develop/airflowtut/py_env/lib/python3.10/site-packages/airflow/example_dags/example_dynamic_task_mapping.py for tasks to queue
[2024-08-09T20:15:38.123+0200] {logging_mixin.py:188} INFO - [2024-08-09T20:15:38.123+0200] {dagbag.py:545} INFO - Filling up the DagBag from /home/bvpelt/Develop/airflowtut/py_env/lib/python3.10/site-packages/airflow/example_dags/example_dynamic_task_mapping.py
[2024-08-09T20:15:38.128+0200] {processor.py:840} INFO - DAG(s) 'example_dynamic_task_mapping' retrieved from /home/bvpelt/Develop/airflowtut/py_env/lib/python3.10/site-packages/airflow/example_dags/example_dynamic_task_mapping.py
[2024-08-09T20:15:38.136+0200] {logging_mixin.py:188} INFO - [2024-08-09T20:15:38.135+0200] {dag.py:3089} INFO - Sync 1 DAGs
[2024-08-09T20:15:38.146+0200] {logging_mixin.py:188} INFO - [2024-08-09T20:15:38.146+0200] {dag.py:3947} INFO - Setting next_dagrun for example_dynamic_task_mapping to 2022-03-04 00:00:00+00:00, run_after=2022-03-05 00:00:00+00:00
[2024-08-09T20:15:38.232+0200] {processor.py:183} INFO - Processing /home/bvpelt/Develop/airflowtut/py_env/lib/python3.10/site-packages/airflow/example_dags/example_dynamic_task_mapping.py took 0.138 seconds
