[2024-08-09T19:43:12.084+0200] {processor.py:161} INFO - Started process (PID=17723) to work on /home/bvpelt/Develop/airflowtut/py_env/lib/python3.10/site-packages/airflow/example_dags/example_latest_only.py
[2024-08-09T19:43:12.085+0200] {processor.py:830} INFO - Processing file /home/bvpelt/Develop/airflowtut/py_env/lib/python3.10/site-packages/airflow/example_dags/example_latest_only.py for tasks to queue
[2024-08-09T19:43:12.086+0200] {logging_mixin.py:188} INFO - [2024-08-09T19:43:12.085+0200] {dagbag.py:545} INFO - Filling up the DagBag from /home/bvpelt/Develop/airflowtut/py_env/lib/python3.10/site-packages/airflow/example_dags/example_latest_only.py
[2024-08-09T19:43:12.088+0200] {processor.py:840} INFO - DAG(s) 'latest_only' retrieved from /home/bvpelt/Develop/airflowtut/py_env/lib/python3.10/site-packages/airflow/example_dags/example_latest_only.py
[2024-08-09T19:43:12.315+0200] {logging_mixin.py:188} INFO - [2024-08-09T19:43:12.313+0200] {override.py:1858} INFO - Created Permission View: can edit on DAG:latest_only
[2024-08-09T19:43:12.397+0200] {logging_mixin.py:188} INFO - [2024-08-09T19:43:12.396+0200] {override.py:1858} INFO - Created Permission View: can read on DAG:latest_only
[2024-08-09T19:43:12.472+0200] {logging_mixin.py:188} INFO - [2024-08-09T19:43:12.471+0200] {override.py:1858} INFO - Created Permission View: can delete on DAG:latest_only
[2024-08-09T19:43:12.474+0200] {logging_mixin.py:188} INFO - [2024-08-09T19:43:12.473+0200] {dag.py:3089} INFO - Sync 1 DAGs
[2024-08-09T19:43:12.503+0200] {logging_mixin.py:188} INFO - [2024-08-09T19:43:12.503+0200] {dag.py:3111} INFO - Creating ORM DAG for latest_only
[2024-08-09T19:43:12.515+0200] {logging_mixin.py:188} INFO - [2024-08-09T19:43:12.515+0200] {dag.py:3947} INFO - Setting next_dagrun for latest_only to 2024-08-09 12:00:00+00:00, run_after=2024-08-09 16:00:00+00:00
[2024-08-09T19:43:12.684+0200] {processor.py:183} INFO - Processing /home/bvpelt/Develop/airflowtut/py_env/lib/python3.10/site-packages/airflow/example_dags/example_latest_only.py took 0.602 seconds
[2024-08-09T19:44:25.078+0200] {processor.py:161} INFO - Started process (PID=18009) to work on /home/bvpelt/Develop/airflowtut/py_env/lib/python3.10/site-packages/airflow/example_dags/example_latest_only.py
[2024-08-09T19:44:25.078+0200] {processor.py:830} INFO - Processing file /home/bvpelt/Develop/airflowtut/py_env/lib/python3.10/site-packages/airflow/example_dags/example_latest_only.py for tasks to queue
[2024-08-09T19:44:25.079+0200] {logging_mixin.py:188} INFO - [2024-08-09T19:44:25.079+0200] {dagbag.py:545} INFO - Filling up the DagBag from /home/bvpelt/Develop/airflowtut/py_env/lib/python3.10/site-packages/airflow/example_dags/example_latest_only.py
[2024-08-09T19:44:25.082+0200] {processor.py:840} INFO - DAG(s) 'latest_only' retrieved from /home/bvpelt/Develop/airflowtut/py_env/lib/python3.10/site-packages/airflow/example_dags/example_latest_only.py
[2024-08-09T19:44:25.089+0200] {logging_mixin.py:188} INFO - [2024-08-09T19:44:25.089+0200] {dag.py:3089} INFO - Sync 1 DAGs
[2024-08-09T19:44:25.099+0200] {logging_mixin.py:188} INFO - [2024-08-09T19:44:25.099+0200] {dag.py:3947} INFO - Setting next_dagrun for latest_only to 2024-08-09 12:00:00+00:00, run_after=2024-08-09 16:00:00+00:00
[2024-08-09T19:44:25.198+0200] {processor.py:183} INFO - Processing /home/bvpelt/Develop/airflowtut/py_env/lib/python3.10/site-packages/airflow/example_dags/example_latest_only.py took 0.123 seconds
[2024-08-09T19:45:21.916+0200] {processor.py:161} INFO - Started process (PID=18278) to work on /home/bvpelt/Develop/airflowtut/py_env/lib/python3.10/site-packages/airflow/example_dags/example_latest_only.py
[2024-08-09T19:45:21.917+0200] {processor.py:830} INFO - Processing file /home/bvpelt/Develop/airflowtut/py_env/lib/python3.10/site-packages/airflow/example_dags/example_latest_only.py for tasks to queue
[2024-08-09T19:45:21.917+0200] {logging_mixin.py:188} INFO - [2024-08-09T19:45:21.917+0200] {dagbag.py:545} INFO - Filling up the DagBag from /home/bvpelt/Develop/airflowtut/py_env/lib/python3.10/site-packages/airflow/example_dags/example_latest_only.py
[2024-08-09T19:45:21.920+0200] {processor.py:840} INFO - DAG(s) 'latest_only' retrieved from /home/bvpelt/Develop/airflowtut/py_env/lib/python3.10/site-packages/airflow/example_dags/example_latest_only.py
[2024-08-09T19:45:21.983+0200] {logging_mixin.py:188} INFO - [2024-08-09T19:45:21.983+0200] {dag.py:3089} INFO - Sync 1 DAGs
[2024-08-09T19:45:21.992+0200] {logging_mixin.py:188} INFO - [2024-08-09T19:45:21.992+0200] {dag.py:3947} INFO - Setting next_dagrun for latest_only to 2024-08-09 12:00:00+00:00, run_after=2024-08-09 16:00:00+00:00
[2024-08-09T19:45:22.086+0200] {processor.py:183} INFO - Processing /home/bvpelt/Develop/airflowtut/py_env/lib/python3.10/site-packages/airflow/example_dags/example_latest_only.py took 0.173 seconds
[2024-08-09T19:46:46.197+0200] {processor.py:161} INFO - Started process (PID=18644) to work on /home/bvpelt/Develop/airflowtut/py_env/lib/python3.10/site-packages/airflow/example_dags/example_latest_only.py
[2024-08-09T19:46:46.197+0200] {processor.py:830} INFO - Processing file /home/bvpelt/Develop/airflowtut/py_env/lib/python3.10/site-packages/airflow/example_dags/example_latest_only.py for tasks to queue
[2024-08-09T19:46:46.198+0200] {logging_mixin.py:188} INFO - [2024-08-09T19:46:46.198+0200] {dagbag.py:545} INFO - Filling up the DagBag from /home/bvpelt/Develop/airflowtut/py_env/lib/python3.10/site-packages/airflow/example_dags/example_latest_only.py
[2024-08-09T19:46:46.201+0200] {processor.py:840} INFO - DAG(s) 'latest_only' retrieved from /home/bvpelt/Develop/airflowtut/py_env/lib/python3.10/site-packages/airflow/example_dags/example_latest_only.py
[2024-08-09T19:46:46.209+0200] {logging_mixin.py:188} INFO - [2024-08-09T19:46:46.209+0200] {dag.py:3089} INFO - Sync 1 DAGs
[2024-08-09T19:46:46.220+0200] {logging_mixin.py:188} INFO - [2024-08-09T19:46:46.220+0200] {dag.py:3947} INFO - Setting next_dagrun for latest_only to 2024-08-09 12:00:00+00:00, run_after=2024-08-09 16:00:00+00:00
[2024-08-09T19:46:46.294+0200] {processor.py:183} INFO - Processing /home/bvpelt/Develop/airflowtut/py_env/lib/python3.10/site-packages/airflow/example_dags/example_latest_only.py took 0.101 seconds
[2024-08-09T19:47:39.687+0200] {processor.py:161} INFO - Started process (PID=18972) to work on /home/bvpelt/Develop/airflowtut/py_env/lib/python3.10/site-packages/airflow/example_dags/example_latest_only.py
[2024-08-09T19:47:39.687+0200] {processor.py:830} INFO - Processing file /home/bvpelt/Develop/airflowtut/py_env/lib/python3.10/site-packages/airflow/example_dags/example_latest_only.py for tasks to queue
[2024-08-09T19:47:39.688+0200] {logging_mixin.py:188} INFO - [2024-08-09T19:47:39.688+0200] {dagbag.py:545} INFO - Filling up the DagBag from /home/bvpelt/Develop/airflowtut/py_env/lib/python3.10/site-packages/airflow/example_dags/example_latest_only.py
[2024-08-09T19:47:39.691+0200] {processor.py:840} INFO - DAG(s) 'latest_only' retrieved from /home/bvpelt/Develop/airflowtut/py_env/lib/python3.10/site-packages/airflow/example_dags/example_latest_only.py
[2024-08-09T19:47:39.700+0200] {logging_mixin.py:188} INFO - [2024-08-09T19:47:39.700+0200] {dag.py:3089} INFO - Sync 1 DAGs
[2024-08-09T19:47:39.711+0200] {logging_mixin.py:188} INFO - [2024-08-09T19:47:39.711+0200] {dag.py:3947} INFO - Setting next_dagrun for latest_only to 2024-08-09 12:00:00+00:00, run_after=2024-08-09 16:00:00+00:00
[2024-08-09T19:47:39.790+0200] {processor.py:183} INFO - Processing /home/bvpelt/Develop/airflowtut/py_env/lib/python3.10/site-packages/airflow/example_dags/example_latest_only.py took 0.106 seconds
[2024-08-09T19:48:33.500+0200] {processor.py:161} INFO - Started process (PID=19111) to work on /home/bvpelt/Develop/airflowtut/py_env/lib/python3.10/site-packages/airflow/example_dags/example_latest_only.py
[2024-08-09T19:48:33.501+0200] {processor.py:830} INFO - Processing file /home/bvpelt/Develop/airflowtut/py_env/lib/python3.10/site-packages/airflow/example_dags/example_latest_only.py for tasks to queue
[2024-08-09T19:48:33.502+0200] {logging_mixin.py:188} INFO - [2024-08-09T19:48:33.502+0200] {dagbag.py:545} INFO - Filling up the DagBag from /home/bvpelt/Develop/airflowtut/py_env/lib/python3.10/site-packages/airflow/example_dags/example_latest_only.py
[2024-08-09T19:48:33.504+0200] {processor.py:840} INFO - DAG(s) 'latest_only' retrieved from /home/bvpelt/Develop/airflowtut/py_env/lib/python3.10/site-packages/airflow/example_dags/example_latest_only.py
[2024-08-09T19:48:33.512+0200] {logging_mixin.py:188} INFO - [2024-08-09T19:48:33.512+0200] {dag.py:3089} INFO - Sync 1 DAGs
[2024-08-09T19:48:33.523+0200] {logging_mixin.py:188} INFO - [2024-08-09T19:48:33.523+0200] {dag.py:3947} INFO - Setting next_dagrun for latest_only to 2024-08-09 12:00:00+00:00, run_after=2024-08-09 16:00:00+00:00
[2024-08-09T19:48:33.594+0200] {processor.py:183} INFO - Processing /home/bvpelt/Develop/airflowtut/py_env/lib/python3.10/site-packages/airflow/example_dags/example_latest_only.py took 0.097 seconds
[2024-08-09T19:49:23.348+0200] {processor.py:161} INFO - Started process (PID=19195) to work on /home/bvpelt/Develop/airflowtut/py_env/lib/python3.10/site-packages/airflow/example_dags/example_latest_only.py
[2024-08-09T19:49:23.364+0200] {processor.py:830} INFO - Processing file /home/bvpelt/Develop/airflowtut/py_env/lib/python3.10/site-packages/airflow/example_dags/example_latest_only.py for tasks to queue
[2024-08-09T19:49:23.368+0200] {logging_mixin.py:188} INFO - [2024-08-09T19:49:23.367+0200] {dagbag.py:545} INFO - Filling up the DagBag from /home/bvpelt/Develop/airflowtut/py_env/lib/python3.10/site-packages/airflow/example_dags/example_latest_only.py
[2024-08-09T19:49:23.380+0200] {processor.py:840} INFO - DAG(s) 'latest_only' retrieved from /home/bvpelt/Develop/airflowtut/py_env/lib/python3.10/site-packages/airflow/example_dags/example_latest_only.py
[2024-08-09T19:49:23.407+0200] {logging_mixin.py:188} INFO - [2024-08-09T19:49:23.407+0200] {dag.py:3089} INFO - Sync 1 DAGs
[2024-08-09T19:49:23.424+0200] {logging_mixin.py:188} INFO - [2024-08-09T19:49:23.424+0200] {dag.py:3947} INFO - Setting next_dagrun for latest_only to 2024-08-09 12:00:00+00:00, run_after=2024-08-09 16:00:00+00:00
[2024-08-09T19:49:23.516+0200] {processor.py:183} INFO - Processing /home/bvpelt/Develop/airflowtut/py_env/lib/python3.10/site-packages/airflow/example_dags/example_latest_only.py took 0.171 seconds
[2024-08-09T19:50:15.121+0200] {processor.py:161} INFO - Started process (PID=19348) to work on /home/bvpelt/Develop/airflowtut/py_env/lib/python3.10/site-packages/airflow/example_dags/example_latest_only.py
[2024-08-09T19:50:15.122+0200] {processor.py:830} INFO - Processing file /home/bvpelt/Develop/airflowtut/py_env/lib/python3.10/site-packages/airflow/example_dags/example_latest_only.py for tasks to queue
[2024-08-09T19:50:15.123+0200] {logging_mixin.py:188} INFO - [2024-08-09T19:50:15.122+0200] {dagbag.py:545} INFO - Filling up the DagBag from /home/bvpelt/Develop/airflowtut/py_env/lib/python3.10/site-packages/airflow/example_dags/example_latest_only.py
[2024-08-09T19:50:15.125+0200] {processor.py:840} INFO - DAG(s) 'latest_only' retrieved from /home/bvpelt/Develop/airflowtut/py_env/lib/python3.10/site-packages/airflow/example_dags/example_latest_only.py
[2024-08-09T19:50:15.133+0200] {logging_mixin.py:188} INFO - [2024-08-09T19:50:15.133+0200] {dag.py:3089} INFO - Sync 1 DAGs
[2024-08-09T19:50:15.143+0200] {logging_mixin.py:188} INFO - [2024-08-09T19:50:15.143+0200] {dag.py:3947} INFO - Setting next_dagrun for latest_only to 2024-08-09 12:00:00+00:00, run_after=2024-08-09 16:00:00+00:00
[2024-08-09T19:50:15.264+0200] {processor.py:183} INFO - Processing /home/bvpelt/Develop/airflowtut/py_env/lib/python3.10/site-packages/airflow/example_dags/example_latest_only.py took 0.146 seconds
[2024-08-09T19:51:08.027+0200] {processor.py:161} INFO - Started process (PID=19422) to work on /home/bvpelt/Develop/airflowtut/py_env/lib/python3.10/site-packages/airflow/example_dags/example_latest_only.py
[2024-08-09T19:51:08.027+0200] {processor.py:830} INFO - Processing file /home/bvpelt/Develop/airflowtut/py_env/lib/python3.10/site-packages/airflow/example_dags/example_latest_only.py for tasks to queue
[2024-08-09T19:51:08.028+0200] {logging_mixin.py:188} INFO - [2024-08-09T19:51:08.028+0200] {dagbag.py:545} INFO - Filling up the DagBag from /home/bvpelt/Develop/airflowtut/py_env/lib/python3.10/site-packages/airflow/example_dags/example_latest_only.py
[2024-08-09T19:51:08.031+0200] {processor.py:840} INFO - DAG(s) 'latest_only' retrieved from /home/bvpelt/Develop/airflowtut/py_env/lib/python3.10/site-packages/airflow/example_dags/example_latest_only.py
[2024-08-09T19:51:08.038+0200] {logging_mixin.py:188} INFO - [2024-08-09T19:51:08.038+0200] {dag.py:3089} INFO - Sync 1 DAGs
[2024-08-09T19:51:08.049+0200] {logging_mixin.py:188} INFO - [2024-08-09T19:51:08.049+0200] {dag.py:3947} INFO - Setting next_dagrun for latest_only to 2024-08-09 12:00:00+00:00, run_after=2024-08-09 16:00:00+00:00
[2024-08-09T19:51:08.136+0200] {processor.py:183} INFO - Processing /home/bvpelt/Develop/airflowtut/py_env/lib/python3.10/site-packages/airflow/example_dags/example_latest_only.py took 0.112 seconds
[2024-08-09T19:52:14.880+0200] {processor.py:161} INFO - Started process (PID=19889) to work on /home/bvpelt/Develop/airflowtut/py_env/lib/python3.10/site-packages/airflow/example_dags/example_latest_only.py
[2024-08-09T19:52:14.892+0200] {processor.py:830} INFO - Processing file /home/bvpelt/Develop/airflowtut/py_env/lib/python3.10/site-packages/airflow/example_dags/example_latest_only.py for tasks to queue
[2024-08-09T19:52:14.896+0200] {logging_mixin.py:188} INFO - [2024-08-09T19:52:14.895+0200] {dagbag.py:545} INFO - Filling up the DagBag from /home/bvpelt/Develop/airflowtut/py_env/lib/python3.10/site-packages/airflow/example_dags/example_latest_only.py
[2024-08-09T19:52:14.909+0200] {processor.py:840} INFO - DAG(s) 'latest_only' retrieved from /home/bvpelt/Develop/airflowtut/py_env/lib/python3.10/site-packages/airflow/example_dags/example_latest_only.py
[2024-08-09T19:52:14.936+0200] {logging_mixin.py:188} INFO - [2024-08-09T19:52:14.936+0200] {dag.py:3089} INFO - Sync 1 DAGs
[2024-08-09T19:52:14.954+0200] {logging_mixin.py:188} INFO - [2024-08-09T19:52:14.953+0200] {dag.py:3947} INFO - Setting next_dagrun for latest_only to 2024-08-09 12:00:00+00:00, run_after=2024-08-09 16:00:00+00:00
[2024-08-09T19:52:15.095+0200] {processor.py:183} INFO - Processing /home/bvpelt/Develop/airflowtut/py_env/lib/python3.10/site-packages/airflow/example_dags/example_latest_only.py took 0.218 seconds
[2024-08-09T19:53:29.015+0200] {processor.py:161} INFO - Started process (PID=20096) to work on /home/bvpelt/Develop/airflowtut/py_env/lib/python3.10/site-packages/airflow/example_dags/example_latest_only.py
[2024-08-09T19:53:29.015+0200] {processor.py:830} INFO - Processing file /home/bvpelt/Develop/airflowtut/py_env/lib/python3.10/site-packages/airflow/example_dags/example_latest_only.py for tasks to queue
[2024-08-09T19:53:29.016+0200] {logging_mixin.py:188} INFO - [2024-08-09T19:53:29.016+0200] {dagbag.py:545} INFO - Filling up the DagBag from /home/bvpelt/Develop/airflowtut/py_env/lib/python3.10/site-packages/airflow/example_dags/example_latest_only.py
[2024-08-09T19:53:29.019+0200] {processor.py:840} INFO - DAG(s) 'latest_only' retrieved from /home/bvpelt/Develop/airflowtut/py_env/lib/python3.10/site-packages/airflow/example_dags/example_latest_only.py
[2024-08-09T19:53:29.027+0200] {logging_mixin.py:188} INFO - [2024-08-09T19:53:29.027+0200] {dag.py:3089} INFO - Sync 1 DAGs
[2024-08-09T19:53:29.038+0200] {logging_mixin.py:188} INFO - [2024-08-09T19:53:29.038+0200] {dag.py:3947} INFO - Setting next_dagrun for latest_only to 2024-08-09 12:00:00+00:00, run_after=2024-08-09 16:00:00+00:00
[2024-08-09T19:53:29.154+0200] {processor.py:183} INFO - Processing /home/bvpelt/Develop/airflowtut/py_env/lib/python3.10/site-packages/airflow/example_dags/example_latest_only.py took 0.142 seconds
[2024-08-09T19:54:22.654+0200] {processor.py:161} INFO - Started process (PID=20162) to work on /home/bvpelt/Develop/airflowtut/py_env/lib/python3.10/site-packages/airflow/example_dags/example_latest_only.py
[2024-08-09T19:54:22.655+0200] {processor.py:830} INFO - Processing file /home/bvpelt/Develop/airflowtut/py_env/lib/python3.10/site-packages/airflow/example_dags/example_latest_only.py for tasks to queue
[2024-08-09T19:54:22.656+0200] {logging_mixin.py:188} INFO - [2024-08-09T19:54:22.655+0200] {dagbag.py:545} INFO - Filling up the DagBag from /home/bvpelt/Develop/airflowtut/py_env/lib/python3.10/site-packages/airflow/example_dags/example_latest_only.py
[2024-08-09T19:54:22.658+0200] {processor.py:840} INFO - DAG(s) 'latest_only' retrieved from /home/bvpelt/Develop/airflowtut/py_env/lib/python3.10/site-packages/airflow/example_dags/example_latest_only.py
[2024-08-09T19:54:22.666+0200] {logging_mixin.py:188} INFO - [2024-08-09T19:54:22.666+0200] {dag.py:3089} INFO - Sync 1 DAGs
[2024-08-09T19:54:22.677+0200] {logging_mixin.py:188} INFO - [2024-08-09T19:54:22.676+0200] {dag.py:3947} INFO - Setting next_dagrun for latest_only to 2024-08-09 12:00:00+00:00, run_after=2024-08-09 16:00:00+00:00
[2024-08-09T19:54:22.767+0200] {processor.py:183} INFO - Processing /home/bvpelt/Develop/airflowtut/py_env/lib/python3.10/site-packages/airflow/example_dags/example_latest_only.py took 0.116 seconds
[2024-08-09T19:55:14.784+0200] {processor.py:161} INFO - Started process (PID=20264) to work on /home/bvpelt/Develop/airflowtut/py_env/lib/python3.10/site-packages/airflow/example_dags/example_latest_only.py
[2024-08-09T19:55:14.784+0200] {processor.py:830} INFO - Processing file /home/bvpelt/Develop/airflowtut/py_env/lib/python3.10/site-packages/airflow/example_dags/example_latest_only.py for tasks to queue
[2024-08-09T19:55:14.785+0200] {logging_mixin.py:188} INFO - [2024-08-09T19:55:14.785+0200] {dagbag.py:545} INFO - Filling up the DagBag from /home/bvpelt/Develop/airflowtut/py_env/lib/python3.10/site-packages/airflow/example_dags/example_latest_only.py
[2024-08-09T19:55:14.787+0200] {processor.py:840} INFO - DAG(s) 'latest_only' retrieved from /home/bvpelt/Develop/airflowtut/py_env/lib/python3.10/site-packages/airflow/example_dags/example_latest_only.py
[2024-08-09T19:55:14.795+0200] {logging_mixin.py:188} INFO - [2024-08-09T19:55:14.795+0200] {dag.py:3089} INFO - Sync 1 DAGs
[2024-08-09T19:55:14.806+0200] {logging_mixin.py:188} INFO - [2024-08-09T19:55:14.806+0200] {dag.py:3947} INFO - Setting next_dagrun for latest_only to 2024-08-09 12:00:00+00:00, run_after=2024-08-09 16:00:00+00:00
[2024-08-09T19:55:14.877+0200] {processor.py:183} INFO - Processing /home/bvpelt/Develop/airflowtut/py_env/lib/python3.10/site-packages/airflow/example_dags/example_latest_only.py took 0.097 seconds
[2024-08-09T19:56:24.765+0200] {processor.py:161} INFO - Started process (PID=20354) to work on /home/bvpelt/Develop/airflowtut/py_env/lib/python3.10/site-packages/airflow/example_dags/example_latest_only.py
[2024-08-09T19:56:24.765+0200] {processor.py:830} INFO - Processing file /home/bvpelt/Develop/airflowtut/py_env/lib/python3.10/site-packages/airflow/example_dags/example_latest_only.py for tasks to queue
[2024-08-09T19:56:24.766+0200] {logging_mixin.py:188} INFO - [2024-08-09T19:56:24.766+0200] {dagbag.py:545} INFO - Filling up the DagBag from /home/bvpelt/Develop/airflowtut/py_env/lib/python3.10/site-packages/airflow/example_dags/example_latest_only.py
[2024-08-09T19:56:24.769+0200] {processor.py:840} INFO - DAG(s) 'latest_only' retrieved from /home/bvpelt/Develop/airflowtut/py_env/lib/python3.10/site-packages/airflow/example_dags/example_latest_only.py
[2024-08-09T19:56:24.777+0200] {logging_mixin.py:188} INFO - [2024-08-09T19:56:24.777+0200] {dag.py:3089} INFO - Sync 1 DAGs
[2024-08-09T19:56:24.788+0200] {logging_mixin.py:188} INFO - [2024-08-09T19:56:24.787+0200] {dag.py:3947} INFO - Setting next_dagrun for latest_only to 2024-08-09 12:00:00+00:00, run_after=2024-08-09 16:00:00+00:00
[2024-08-09T19:56:24.866+0200] {processor.py:183} INFO - Processing /home/bvpelt/Develop/airflowtut/py_env/lib/python3.10/site-packages/airflow/example_dags/example_latest_only.py took 0.104 seconds
[2024-08-09T19:57:16.189+0200] {processor.py:161} INFO - Started process (PID=20455) to work on /home/bvpelt/Develop/airflowtut/py_env/lib/python3.10/site-packages/airflow/example_dags/example_latest_only.py
[2024-08-09T19:57:16.190+0200] {processor.py:830} INFO - Processing file /home/bvpelt/Develop/airflowtut/py_env/lib/python3.10/site-packages/airflow/example_dags/example_latest_only.py for tasks to queue
[2024-08-09T19:57:16.191+0200] {logging_mixin.py:188} INFO - [2024-08-09T19:57:16.191+0200] {dagbag.py:545} INFO - Filling up the DagBag from /home/bvpelt/Develop/airflowtut/py_env/lib/python3.10/site-packages/airflow/example_dags/example_latest_only.py
[2024-08-09T19:57:16.194+0200] {processor.py:840} INFO - DAG(s) 'latest_only' retrieved from /home/bvpelt/Develop/airflowtut/py_env/lib/python3.10/site-packages/airflow/example_dags/example_latest_only.py
[2024-08-09T19:57:16.203+0200] {logging_mixin.py:188} INFO - [2024-08-09T19:57:16.203+0200] {dag.py:3089} INFO - Sync 1 DAGs
[2024-08-09T19:57:16.218+0200] {logging_mixin.py:188} INFO - [2024-08-09T19:57:16.218+0200] {dag.py:3947} INFO - Setting next_dagrun for latest_only to 2024-08-09 12:00:00+00:00, run_after=2024-08-09 16:00:00+00:00
[2024-08-09T19:57:16.324+0200] {processor.py:183} INFO - Processing /home/bvpelt/Develop/airflowtut/py_env/lib/python3.10/site-packages/airflow/example_dags/example_latest_only.py took 0.141 seconds
[2024-08-09T19:58:08.211+0200] {processor.py:161} INFO - Started process (PID=20536) to work on /home/bvpelt/Develop/airflowtut/py_env/lib/python3.10/site-packages/airflow/example_dags/example_latest_only.py
[2024-08-09T19:58:08.212+0200] {processor.py:830} INFO - Processing file /home/bvpelt/Develop/airflowtut/py_env/lib/python3.10/site-packages/airflow/example_dags/example_latest_only.py for tasks to queue
[2024-08-09T19:58:08.213+0200] {logging_mixin.py:188} INFO - [2024-08-09T19:58:08.213+0200] {dagbag.py:545} INFO - Filling up the DagBag from /home/bvpelt/Develop/airflowtut/py_env/lib/python3.10/site-packages/airflow/example_dags/example_latest_only.py
[2024-08-09T19:58:08.216+0200] {processor.py:840} INFO - DAG(s) 'latest_only' retrieved from /home/bvpelt/Develop/airflowtut/py_env/lib/python3.10/site-packages/airflow/example_dags/example_latest_only.py
[2024-08-09T19:58:08.224+0200] {logging_mixin.py:188} INFO - [2024-08-09T19:58:08.224+0200] {dag.py:3089} INFO - Sync 1 DAGs
[2024-08-09T19:58:08.236+0200] {logging_mixin.py:188} INFO - [2024-08-09T19:58:08.236+0200] {dag.py:3947} INFO - Setting next_dagrun for latest_only to 2024-08-09 12:00:00+00:00, run_after=2024-08-09 16:00:00+00:00
[2024-08-09T19:58:08.332+0200] {processor.py:183} INFO - Processing /home/bvpelt/Develop/airflowtut/py_env/lib/python3.10/site-packages/airflow/example_dags/example_latest_only.py took 0.124 seconds
[2024-08-09T19:59:03.482+0200] {processor.py:161} INFO - Started process (PID=20679) to work on /home/bvpelt/Develop/airflowtut/py_env/lib/python3.10/site-packages/airflow/example_dags/example_latest_only.py
[2024-08-09T19:59:03.484+0200] {processor.py:830} INFO - Processing file /home/bvpelt/Develop/airflowtut/py_env/lib/python3.10/site-packages/airflow/example_dags/example_latest_only.py for tasks to queue
[2024-08-09T19:59:03.488+0200] {logging_mixin.py:188} INFO - [2024-08-09T19:59:03.487+0200] {dagbag.py:545} INFO - Filling up the DagBag from /home/bvpelt/Develop/airflowtut/py_env/lib/python3.10/site-packages/airflow/example_dags/example_latest_only.py
[2024-08-09T19:59:03.495+0200] {processor.py:840} INFO - DAG(s) 'latest_only' retrieved from /home/bvpelt/Develop/airflowtut/py_env/lib/python3.10/site-packages/airflow/example_dags/example_latest_only.py
[2024-08-09T19:59:03.510+0200] {logging_mixin.py:188} INFO - [2024-08-09T19:59:03.510+0200] {dag.py:3089} INFO - Sync 1 DAGs
[2024-08-09T19:59:03.525+0200] {logging_mixin.py:188} INFO - [2024-08-09T19:59:03.525+0200] {dag.py:3947} INFO - Setting next_dagrun for latest_only to 2024-08-09 12:00:00+00:00, run_after=2024-08-09 16:00:00+00:00
[2024-08-09T19:59:03.615+0200] {processor.py:183} INFO - Processing /home/bvpelt/Develop/airflowtut/py_env/lib/python3.10/site-packages/airflow/example_dags/example_latest_only.py took 0.149 seconds
[2024-08-09T19:59:58.837+0200] {processor.py:161} INFO - Started process (PID=20734) to work on /home/bvpelt/Develop/airflowtut/py_env/lib/python3.10/site-packages/airflow/example_dags/example_latest_only.py
[2024-08-09T19:59:58.837+0200] {processor.py:830} INFO - Processing file /home/bvpelt/Develop/airflowtut/py_env/lib/python3.10/site-packages/airflow/example_dags/example_latest_only.py for tasks to queue
[2024-08-09T19:59:58.838+0200] {logging_mixin.py:188} INFO - [2024-08-09T19:59:58.838+0200] {dagbag.py:545} INFO - Filling up the DagBag from /home/bvpelt/Develop/airflowtut/py_env/lib/python3.10/site-packages/airflow/example_dags/example_latest_only.py
[2024-08-09T19:59:58.841+0200] {processor.py:840} INFO - DAG(s) 'latest_only' retrieved from /home/bvpelt/Develop/airflowtut/py_env/lib/python3.10/site-packages/airflow/example_dags/example_latest_only.py
[2024-08-09T19:59:58.849+0200] {logging_mixin.py:188} INFO - [2024-08-09T19:59:58.848+0200] {dag.py:3089} INFO - Sync 1 DAGs
[2024-08-09T19:59:58.859+0200] {logging_mixin.py:188} INFO - [2024-08-09T19:59:58.859+0200] {dag.py:3947} INFO - Setting next_dagrun for latest_only to 2024-08-09 12:00:00+00:00, run_after=2024-08-09 16:00:00+00:00
[2024-08-09T19:59:58.930+0200] {processor.py:183} INFO - Processing /home/bvpelt/Develop/airflowtut/py_env/lib/python3.10/site-packages/airflow/example_dags/example_latest_only.py took 0.097 seconds
[2024-08-09T20:00:49.077+0200] {processor.py:161} INFO - Started process (PID=20813) to work on /home/bvpelt/Develop/airflowtut/py_env/lib/python3.10/site-packages/airflow/example_dags/example_latest_only.py
[2024-08-09T20:00:49.116+0200] {processor.py:830} INFO - Processing file /home/bvpelt/Develop/airflowtut/py_env/lib/python3.10/site-packages/airflow/example_dags/example_latest_only.py for tasks to queue
[2024-08-09T20:00:49.118+0200] {logging_mixin.py:188} INFO - [2024-08-09T20:00:49.117+0200] {dagbag.py:545} INFO - Filling up the DagBag from /home/bvpelt/Develop/airflowtut/py_env/lib/python3.10/site-packages/airflow/example_dags/example_latest_only.py
[2024-08-09T20:00:49.122+0200] {processor.py:840} INFO - DAG(s) 'latest_only' retrieved from /home/bvpelt/Develop/airflowtut/py_env/lib/python3.10/site-packages/airflow/example_dags/example_latest_only.py
[2024-08-09T20:00:49.130+0200] {logging_mixin.py:188} INFO - [2024-08-09T20:00:49.130+0200] {dag.py:3089} INFO - Sync 1 DAGs
[2024-08-09T20:00:49.141+0200] {logging_mixin.py:188} INFO - [2024-08-09T20:00:49.141+0200] {dag.py:3947} INFO - Setting next_dagrun for latest_only to 2024-08-09 12:00:00+00:00, run_after=2024-08-09 16:00:00+00:00
[2024-08-09T20:00:49.218+0200] {processor.py:183} INFO - Processing /home/bvpelt/Develop/airflowtut/py_env/lib/python3.10/site-packages/airflow/example_dags/example_latest_only.py took 0.144 seconds
[2024-08-09T20:01:38.898+0200] {processor.py:161} INFO - Started process (PID=20870) to work on /home/bvpelt/Develop/airflowtut/py_env/lib/python3.10/site-packages/airflow/example_dags/example_latest_only.py
[2024-08-09T20:01:38.913+0200] {processor.py:830} INFO - Processing file /home/bvpelt/Develop/airflowtut/py_env/lib/python3.10/site-packages/airflow/example_dags/example_latest_only.py for tasks to queue
[2024-08-09T20:01:38.914+0200] {logging_mixin.py:188} INFO - [2024-08-09T20:01:38.914+0200] {dagbag.py:545} INFO - Filling up the DagBag from /home/bvpelt/Develop/airflowtut/py_env/lib/python3.10/site-packages/airflow/example_dags/example_latest_only.py
[2024-08-09T20:01:38.917+0200] {processor.py:840} INFO - DAG(s) 'latest_only' retrieved from /home/bvpelt/Develop/airflowtut/py_env/lib/python3.10/site-packages/airflow/example_dags/example_latest_only.py
[2024-08-09T20:01:38.925+0200] {logging_mixin.py:188} INFO - [2024-08-09T20:01:38.925+0200] {dag.py:3089} INFO - Sync 1 DAGs
[2024-08-09T20:01:38.936+0200] {logging_mixin.py:188} INFO - [2024-08-09T20:01:38.935+0200] {dag.py:3947} INFO - Setting next_dagrun for latest_only to 2024-08-09 12:00:00+00:00, run_after=2024-08-09 16:00:00+00:00
[2024-08-09T20:01:39.022+0200] {processor.py:183} INFO - Processing /home/bvpelt/Develop/airflowtut/py_env/lib/python3.10/site-packages/airflow/example_dags/example_latest_only.py took 0.128 seconds
[2024-08-09T20:02:57.103+0200] {processor.py:161} INFO - Started process (PID=21069) to work on /home/bvpelt/Develop/airflowtut/py_env/lib/python3.10/site-packages/airflow/example_dags/example_latest_only.py
[2024-08-09T20:02:57.104+0200] {processor.py:830} INFO - Processing file /home/bvpelt/Develop/airflowtut/py_env/lib/python3.10/site-packages/airflow/example_dags/example_latest_only.py for tasks to queue
[2024-08-09T20:02:57.105+0200] {logging_mixin.py:188} INFO - [2024-08-09T20:02:57.105+0200] {dagbag.py:545} INFO - Filling up the DagBag from /home/bvpelt/Develop/airflowtut/py_env/lib/python3.10/site-packages/airflow/example_dags/example_latest_only.py
[2024-08-09T20:02:57.108+0200] {processor.py:840} INFO - DAG(s) 'latest_only' retrieved from /home/bvpelt/Develop/airflowtut/py_env/lib/python3.10/site-packages/airflow/example_dags/example_latest_only.py
[2024-08-09T20:02:57.117+0200] {logging_mixin.py:188} INFO - [2024-08-09T20:02:57.116+0200] {dag.py:3089} INFO - Sync 1 DAGs
[2024-08-09T20:02:57.128+0200] {logging_mixin.py:188} INFO - [2024-08-09T20:02:57.128+0200] {dag.py:3947} INFO - Setting next_dagrun for latest_only to 2024-08-09 12:00:00+00:00, run_after=2024-08-09 16:00:00+00:00
[2024-08-09T20:02:57.208+0200] {processor.py:183} INFO - Processing /home/bvpelt/Develop/airflowtut/py_env/lib/python3.10/site-packages/airflow/example_dags/example_latest_only.py took 0.107 seconds
[2024-08-09T20:03:55.313+0200] {processor.py:161} INFO - Started process (PID=21128) to work on /home/bvpelt/Develop/airflowtut/py_env/lib/python3.10/site-packages/airflow/example_dags/example_latest_only.py
[2024-08-09T20:03:55.328+0200] {processor.py:830} INFO - Processing file /home/bvpelt/Develop/airflowtut/py_env/lib/python3.10/site-packages/airflow/example_dags/example_latest_only.py for tasks to queue
[2024-08-09T20:03:55.329+0200] {logging_mixin.py:188} INFO - [2024-08-09T20:03:55.328+0200] {dagbag.py:545} INFO - Filling up the DagBag from /home/bvpelt/Develop/airflowtut/py_env/lib/python3.10/site-packages/airflow/example_dags/example_latest_only.py
[2024-08-09T20:03:55.332+0200] {processor.py:840} INFO - DAG(s) 'latest_only' retrieved from /home/bvpelt/Develop/airflowtut/py_env/lib/python3.10/site-packages/airflow/example_dags/example_latest_only.py
[2024-08-09T20:03:55.343+0200] {logging_mixin.py:188} INFO - [2024-08-09T20:03:55.343+0200] {dag.py:3089} INFO - Sync 1 DAGs
[2024-08-09T20:03:55.360+0200] {logging_mixin.py:188} INFO - [2024-08-09T20:03:55.359+0200] {dag.py:3947} INFO - Setting next_dagrun for latest_only to 2024-08-09 12:00:00+00:00, run_after=2024-08-09 16:00:00+00:00
[2024-08-09T20:03:55.452+0200] {processor.py:183} INFO - Processing /home/bvpelt/Develop/airflowtut/py_env/lib/python3.10/site-packages/airflow/example_dags/example_latest_only.py took 0.142 seconds
[2024-08-09T20:04:47.277+0200] {processor.py:161} INFO - Started process (PID=21220) to work on /home/bvpelt/Develop/airflowtut/py_env/lib/python3.10/site-packages/airflow/example_dags/example_latest_only.py
[2024-08-09T20:04:47.292+0200] {processor.py:830} INFO - Processing file /home/bvpelt/Develop/airflowtut/py_env/lib/python3.10/site-packages/airflow/example_dags/example_latest_only.py for tasks to queue
[2024-08-09T20:04:47.296+0200] {logging_mixin.py:188} INFO - [2024-08-09T20:04:47.295+0200] {dagbag.py:545} INFO - Filling up the DagBag from /home/bvpelt/Develop/airflowtut/py_env/lib/python3.10/site-packages/airflow/example_dags/example_latest_only.py
[2024-08-09T20:04:47.308+0200] {processor.py:840} INFO - DAG(s) 'latest_only' retrieved from /home/bvpelt/Develop/airflowtut/py_env/lib/python3.10/site-packages/airflow/example_dags/example_latest_only.py
[2024-08-09T20:04:47.329+0200] {logging_mixin.py:188} INFO - [2024-08-09T20:04:47.329+0200] {dag.py:3089} INFO - Sync 1 DAGs
[2024-08-09T20:04:47.340+0200] {logging_mixin.py:188} INFO - [2024-08-09T20:04:47.340+0200] {dag.py:3947} INFO - Setting next_dagrun for latest_only to 2024-08-09 12:00:00+00:00, run_after=2024-08-09 16:00:00+00:00
[2024-08-09T20:04:47.415+0200] {processor.py:183} INFO - Processing /home/bvpelt/Develop/airflowtut/py_env/lib/python3.10/site-packages/airflow/example_dags/example_latest_only.py took 0.153 seconds
[2024-08-09T20:05:40.586+0200] {processor.py:161} INFO - Started process (PID=21372) to work on /home/bvpelt/Develop/airflowtut/py_env/lib/python3.10/site-packages/airflow/example_dags/example_latest_only.py
[2024-08-09T20:05:40.587+0200] {processor.py:830} INFO - Processing file /home/bvpelt/Develop/airflowtut/py_env/lib/python3.10/site-packages/airflow/example_dags/example_latest_only.py for tasks to queue
[2024-08-09T20:05:40.587+0200] {logging_mixin.py:188} INFO - [2024-08-09T20:05:40.587+0200] {dagbag.py:545} INFO - Filling up the DagBag from /home/bvpelt/Develop/airflowtut/py_env/lib/python3.10/site-packages/airflow/example_dags/example_latest_only.py
[2024-08-09T20:05:40.590+0200] {processor.py:840} INFO - DAG(s) 'latest_only' retrieved from /home/bvpelt/Develop/airflowtut/py_env/lib/python3.10/site-packages/airflow/example_dags/example_latest_only.py
[2024-08-09T20:05:40.598+0200] {logging_mixin.py:188} INFO - [2024-08-09T20:05:40.598+0200] {dag.py:3089} INFO - Sync 1 DAGs
[2024-08-09T20:05:40.609+0200] {logging_mixin.py:188} INFO - [2024-08-09T20:05:40.609+0200] {dag.py:3947} INFO - Setting next_dagrun for latest_only to 2024-08-09 12:00:00+00:00, run_after=2024-08-09 16:00:00+00:00
[2024-08-09T20:05:40.747+0200] {processor.py:183} INFO - Processing /home/bvpelt/Develop/airflowtut/py_env/lib/python3.10/site-packages/airflow/example_dags/example_latest_only.py took 0.163 seconds
[2024-08-09T20:06:39.265+0200] {processor.py:161} INFO - Started process (PID=21463) to work on /home/bvpelt/Develop/airflowtut/py_env/lib/python3.10/site-packages/airflow/example_dags/example_latest_only.py
[2024-08-09T20:06:39.266+0200] {processor.py:830} INFO - Processing file /home/bvpelt/Develop/airflowtut/py_env/lib/python3.10/site-packages/airflow/example_dags/example_latest_only.py for tasks to queue
[2024-08-09T20:06:39.267+0200] {logging_mixin.py:188} INFO - [2024-08-09T20:06:39.266+0200] {dagbag.py:545} INFO - Filling up the DagBag from /home/bvpelt/Develop/airflowtut/py_env/lib/python3.10/site-packages/airflow/example_dags/example_latest_only.py
[2024-08-09T20:06:39.269+0200] {processor.py:840} INFO - DAG(s) 'latest_only' retrieved from /home/bvpelt/Develop/airflowtut/py_env/lib/python3.10/site-packages/airflow/example_dags/example_latest_only.py
[2024-08-09T20:06:39.277+0200] {logging_mixin.py:188} INFO - [2024-08-09T20:06:39.277+0200] {dag.py:3089} INFO - Sync 1 DAGs
[2024-08-09T20:06:39.288+0200] {logging_mixin.py:188} INFO - [2024-08-09T20:06:39.288+0200] {dag.py:3947} INFO - Setting next_dagrun for latest_only to 2024-08-09 12:00:00+00:00, run_after=2024-08-09 16:00:00+00:00
[2024-08-09T20:06:39.367+0200] {processor.py:183} INFO - Processing /home/bvpelt/Develop/airflowtut/py_env/lib/python3.10/site-packages/airflow/example_dags/example_latest_only.py took 0.105 seconds
[2024-08-09T20:07:32.177+0200] {processor.py:161} INFO - Started process (PID=21593) to work on /home/bvpelt/Develop/airflowtut/py_env/lib/python3.10/site-packages/airflow/example_dags/example_latest_only.py
[2024-08-09T20:07:32.177+0200] {processor.py:830} INFO - Processing file /home/bvpelt/Develop/airflowtut/py_env/lib/python3.10/site-packages/airflow/example_dags/example_latest_only.py for tasks to queue
[2024-08-09T20:07:32.178+0200] {logging_mixin.py:188} INFO - [2024-08-09T20:07:32.178+0200] {dagbag.py:545} INFO - Filling up the DagBag from /home/bvpelt/Develop/airflowtut/py_env/lib/python3.10/site-packages/airflow/example_dags/example_latest_only.py
[2024-08-09T20:07:32.181+0200] {processor.py:840} INFO - DAG(s) 'latest_only' retrieved from /home/bvpelt/Develop/airflowtut/py_env/lib/python3.10/site-packages/airflow/example_dags/example_latest_only.py
[2024-08-09T20:07:32.189+0200] {logging_mixin.py:188} INFO - [2024-08-09T20:07:32.189+0200] {dag.py:3089} INFO - Sync 1 DAGs
[2024-08-09T20:07:32.200+0200] {logging_mixin.py:188} INFO - [2024-08-09T20:07:32.200+0200] {dag.py:3947} INFO - Setting next_dagrun for latest_only to 2024-08-09 12:00:00+00:00, run_after=2024-08-09 16:00:00+00:00
[2024-08-09T20:07:32.308+0200] {processor.py:183} INFO - Processing /home/bvpelt/Develop/airflowtut/py_env/lib/python3.10/site-packages/airflow/example_dags/example_latest_only.py took 0.134 seconds
[2024-08-09T20:08:46.305+0200] {processor.py:161} INFO - Started process (PID=21704) to work on /home/bvpelt/Develop/airflowtut/py_env/lib/python3.10/site-packages/airflow/example_dags/example_latest_only.py
[2024-08-09T20:08:46.313+0200] {processor.py:830} INFO - Processing file /home/bvpelt/Develop/airflowtut/py_env/lib/python3.10/site-packages/airflow/example_dags/example_latest_only.py for tasks to queue
[2024-08-09T20:08:46.314+0200] {logging_mixin.py:188} INFO - [2024-08-09T20:08:46.314+0200] {dagbag.py:545} INFO - Filling up the DagBag from /home/bvpelt/Develop/airflowtut/py_env/lib/python3.10/site-packages/airflow/example_dags/example_latest_only.py
[2024-08-09T20:08:46.316+0200] {processor.py:840} INFO - DAG(s) 'latest_only' retrieved from /home/bvpelt/Develop/airflowtut/py_env/lib/python3.10/site-packages/airflow/example_dags/example_latest_only.py
[2024-08-09T20:08:46.325+0200] {logging_mixin.py:188} INFO - [2024-08-09T20:08:46.325+0200] {dag.py:3089} INFO - Sync 1 DAGs
[2024-08-09T20:08:46.337+0200] {logging_mixin.py:188} INFO - [2024-08-09T20:08:46.336+0200] {dag.py:3947} INFO - Setting next_dagrun for latest_only to 2024-08-09 12:00:00+00:00, run_after=2024-08-09 16:00:00+00:00
[2024-08-09T20:08:46.402+0200] {processor.py:183} INFO - Processing /home/bvpelt/Develop/airflowtut/py_env/lib/python3.10/site-packages/airflow/example_dags/example_latest_only.py took 0.100 seconds
[2024-08-09T20:09:38.640+0200] {processor.py:161} INFO - Started process (PID=21760) to work on /home/bvpelt/Develop/airflowtut/py_env/lib/python3.10/site-packages/airflow/example_dags/example_latest_only.py
[2024-08-09T20:09:38.652+0200] {processor.py:830} INFO - Processing file /home/bvpelt/Develop/airflowtut/py_env/lib/python3.10/site-packages/airflow/example_dags/example_latest_only.py for tasks to queue
[2024-08-09T20:09:38.656+0200] {logging_mixin.py:188} INFO - [2024-08-09T20:09:38.655+0200] {dagbag.py:545} INFO - Filling up the DagBag from /home/bvpelt/Develop/airflowtut/py_env/lib/python3.10/site-packages/airflow/example_dags/example_latest_only.py
[2024-08-09T20:09:38.660+0200] {processor.py:840} INFO - DAG(s) 'latest_only' retrieved from /home/bvpelt/Develop/airflowtut/py_env/lib/python3.10/site-packages/airflow/example_dags/example_latest_only.py
[2024-08-09T20:09:38.668+0200] {logging_mixin.py:188} INFO - [2024-08-09T20:09:38.667+0200] {dag.py:3089} INFO - Sync 1 DAGs
[2024-08-09T20:09:38.678+0200] {logging_mixin.py:188} INFO - [2024-08-09T20:09:38.678+0200] {dag.py:3947} INFO - Setting next_dagrun for latest_only to 2024-08-09 12:00:00+00:00, run_after=2024-08-09 16:00:00+00:00
[2024-08-09T20:09:38.751+0200] {processor.py:183} INFO - Processing /home/bvpelt/Develop/airflowtut/py_env/lib/python3.10/site-packages/airflow/example_dags/example_latest_only.py took 0.114 seconds
[2024-08-09T20:10:28.044+0200] {processor.py:161} INFO - Started process (PID=21830) to work on /home/bvpelt/Develop/airflowtut/py_env/lib/python3.10/site-packages/airflow/example_dags/example_latest_only.py
[2024-08-09T20:10:28.091+0200] {processor.py:830} INFO - Processing file /home/bvpelt/Develop/airflowtut/py_env/lib/python3.10/site-packages/airflow/example_dags/example_latest_only.py for tasks to queue
[2024-08-09T20:10:28.093+0200] {logging_mixin.py:188} INFO - [2024-08-09T20:10:28.093+0200] {dagbag.py:545} INFO - Filling up the DagBag from /home/bvpelt/Develop/airflowtut/py_env/lib/python3.10/site-packages/airflow/example_dags/example_latest_only.py
[2024-08-09T20:10:28.098+0200] {processor.py:840} INFO - DAG(s) 'latest_only' retrieved from /home/bvpelt/Develop/airflowtut/py_env/lib/python3.10/site-packages/airflow/example_dags/example_latest_only.py
[2024-08-09T20:10:28.106+0200] {logging_mixin.py:188} INFO - [2024-08-09T20:10:28.106+0200] {dag.py:3089} INFO - Sync 1 DAGs
[2024-08-09T20:10:28.116+0200] {logging_mixin.py:188} INFO - [2024-08-09T20:10:28.116+0200] {dag.py:3947} INFO - Setting next_dagrun for latest_only to 2024-08-09 12:00:00+00:00, run_after=2024-08-09 16:00:00+00:00
[2024-08-09T20:10:28.180+0200] {processor.py:183} INFO - Processing /home/bvpelt/Develop/airflowtut/py_env/lib/python3.10/site-packages/airflow/example_dags/example_latest_only.py took 0.139 seconds
[2024-08-09T20:11:19.842+0200] {processor.py:161} INFO - Started process (PID=21889) to work on /home/bvpelt/Develop/airflowtut/py_env/lib/python3.10/site-packages/airflow/example_dags/example_latest_only.py
[2024-08-09T20:11:19.857+0200] {processor.py:830} INFO - Processing file /home/bvpelt/Develop/airflowtut/py_env/lib/python3.10/site-packages/airflow/example_dags/example_latest_only.py for tasks to queue
[2024-08-09T20:11:19.858+0200] {logging_mixin.py:188} INFO - [2024-08-09T20:11:19.857+0200] {dagbag.py:545} INFO - Filling up the DagBag from /home/bvpelt/Develop/airflowtut/py_env/lib/python3.10/site-packages/airflow/example_dags/example_latest_only.py
[2024-08-09T20:11:19.861+0200] {processor.py:840} INFO - DAG(s) 'latest_only' retrieved from /home/bvpelt/Develop/airflowtut/py_env/lib/python3.10/site-packages/airflow/example_dags/example_latest_only.py
[2024-08-09T20:11:19.869+0200] {logging_mixin.py:188} INFO - [2024-08-09T20:11:19.869+0200] {dag.py:3089} INFO - Sync 1 DAGs
[2024-08-09T20:11:19.881+0200] {logging_mixin.py:188} INFO - [2024-08-09T20:11:19.881+0200] {dag.py:3947} INFO - Setting next_dagrun for latest_only to 2024-08-09 12:00:00+00:00, run_after=2024-08-09 16:00:00+00:00
[2024-08-09T20:11:19.987+0200] {processor.py:183} INFO - Processing /home/bvpelt/Develop/airflowtut/py_env/lib/python3.10/site-packages/airflow/example_dags/example_latest_only.py took 0.148 seconds
[2024-08-09T20:12:32.373+0200] {processor.py:161} INFO - Started process (PID=22022) to work on /home/bvpelt/Develop/airflowtut/py_env/lib/python3.10/site-packages/airflow/example_dags/example_latest_only.py
[2024-08-09T20:12:32.387+0200] {processor.py:830} INFO - Processing file /home/bvpelt/Develop/airflowtut/py_env/lib/python3.10/site-packages/airflow/example_dags/example_latest_only.py for tasks to queue
[2024-08-09T20:12:32.387+0200] {logging_mixin.py:188} INFO - [2024-08-09T20:12:32.387+0200] {dagbag.py:545} INFO - Filling up the DagBag from /home/bvpelt/Develop/airflowtut/py_env/lib/python3.10/site-packages/airflow/example_dags/example_latest_only.py
[2024-08-09T20:12:32.390+0200] {processor.py:840} INFO - DAG(s) 'latest_only' retrieved from /home/bvpelt/Develop/airflowtut/py_env/lib/python3.10/site-packages/airflow/example_dags/example_latest_only.py
[2024-08-09T20:12:32.398+0200] {logging_mixin.py:188} INFO - [2024-08-09T20:12:32.398+0200] {dag.py:3089} INFO - Sync 1 DAGs
[2024-08-09T20:12:32.410+0200] {logging_mixin.py:188} INFO - [2024-08-09T20:12:32.410+0200] {dag.py:3947} INFO - Setting next_dagrun for latest_only to 2024-08-09 12:00:00+00:00, run_after=2024-08-09 16:00:00+00:00
[2024-08-09T20:12:32.474+0200] {processor.py:183} INFO - Processing /home/bvpelt/Develop/airflowtut/py_env/lib/python3.10/site-packages/airflow/example_dags/example_latest_only.py took 0.103 seconds
[2024-08-09T20:13:26.872+0200] {processor.py:161} INFO - Started process (PID=22108) to work on /home/bvpelt/Develop/airflowtut/py_env/lib/python3.10/site-packages/airflow/example_dags/example_latest_only.py
[2024-08-09T20:13:26.884+0200] {processor.py:830} INFO - Processing file /home/bvpelt/Develop/airflowtut/py_env/lib/python3.10/site-packages/airflow/example_dags/example_latest_only.py for tasks to queue
[2024-08-09T20:13:26.885+0200] {logging_mixin.py:188} INFO - [2024-08-09T20:13:26.884+0200] {dagbag.py:545} INFO - Filling up the DagBag from /home/bvpelt/Develop/airflowtut/py_env/lib/python3.10/site-packages/airflow/example_dags/example_latest_only.py
[2024-08-09T20:13:26.888+0200] {processor.py:840} INFO - DAG(s) 'latest_only' retrieved from /home/bvpelt/Develop/airflowtut/py_env/lib/python3.10/site-packages/airflow/example_dags/example_latest_only.py
[2024-08-09T20:13:26.897+0200] {logging_mixin.py:188} INFO - [2024-08-09T20:13:26.897+0200] {dag.py:3089} INFO - Sync 1 DAGs
[2024-08-09T20:13:26.911+0200] {logging_mixin.py:188} INFO - [2024-08-09T20:13:26.911+0200] {dag.py:3947} INFO - Setting next_dagrun for latest_only to 2024-08-09 12:00:00+00:00, run_after=2024-08-09 16:00:00+00:00
[2024-08-09T20:13:27.009+0200] {processor.py:183} INFO - Processing /home/bvpelt/Develop/airflowtut/py_env/lib/python3.10/site-packages/airflow/example_dags/example_latest_only.py took 0.140 seconds
[2024-08-09T20:14:20.467+0200] {processor.py:161} INFO - Started process (PID=22187) to work on /home/bvpelt/Develop/airflowtut/py_env/lib/python3.10/site-packages/airflow/example_dags/example_latest_only.py
[2024-08-09T20:14:20.467+0200] {processor.py:830} INFO - Processing file /home/bvpelt/Develop/airflowtut/py_env/lib/python3.10/site-packages/airflow/example_dags/example_latest_only.py for tasks to queue
[2024-08-09T20:14:20.468+0200] {logging_mixin.py:188} INFO - [2024-08-09T20:14:20.468+0200] {dagbag.py:545} INFO - Filling up the DagBag from /home/bvpelt/Develop/airflowtut/py_env/lib/python3.10/site-packages/airflow/example_dags/example_latest_only.py
[2024-08-09T20:14:20.471+0200] {processor.py:840} INFO - DAG(s) 'latest_only' retrieved from /home/bvpelt/Develop/airflowtut/py_env/lib/python3.10/site-packages/airflow/example_dags/example_latest_only.py
[2024-08-09T20:14:20.479+0200] {logging_mixin.py:188} INFO - [2024-08-09T20:14:20.479+0200] {dag.py:3089} INFO - Sync 1 DAGs
[2024-08-09T20:14:20.489+0200] {logging_mixin.py:188} INFO - [2024-08-09T20:14:20.489+0200] {dag.py:3947} INFO - Setting next_dagrun for latest_only to 2024-08-09 12:00:00+00:00, run_after=2024-08-09 16:00:00+00:00
[2024-08-09T20:14:20.574+0200] {processor.py:183} INFO - Processing /home/bvpelt/Develop/airflowtut/py_env/lib/python3.10/site-packages/airflow/example_dags/example_latest_only.py took 0.110 seconds
[2024-08-09T20:15:32.449+0200] {processor.py:161} INFO - Started process (PID=22291) to work on /home/bvpelt/Develop/airflowtut/py_env/lib/python3.10/site-packages/airflow/example_dags/example_latest_only.py
[2024-08-09T20:15:32.450+0200] {processor.py:830} INFO - Processing file /home/bvpelt/Develop/airflowtut/py_env/lib/python3.10/site-packages/airflow/example_dags/example_latest_only.py for tasks to queue
[2024-08-09T20:15:32.451+0200] {logging_mixin.py:188} INFO - [2024-08-09T20:15:32.451+0200] {dagbag.py:545} INFO - Filling up the DagBag from /home/bvpelt/Develop/airflowtut/py_env/lib/python3.10/site-packages/airflow/example_dags/example_latest_only.py
[2024-08-09T20:15:32.453+0200] {processor.py:840} INFO - DAG(s) 'latest_only' retrieved from /home/bvpelt/Develop/airflowtut/py_env/lib/python3.10/site-packages/airflow/example_dags/example_latest_only.py
[2024-08-09T20:15:32.461+0200] {logging_mixin.py:188} INFO - [2024-08-09T20:15:32.461+0200] {dag.py:3089} INFO - Sync 1 DAGs
[2024-08-09T20:15:32.472+0200] {logging_mixin.py:188} INFO - [2024-08-09T20:15:32.472+0200] {dag.py:3947} INFO - Setting next_dagrun for latest_only to 2024-08-09 12:00:00+00:00, run_after=2024-08-09 16:00:00+00:00
[2024-08-09T20:15:32.568+0200] {processor.py:183} INFO - Processing /home/bvpelt/Develop/airflowtut/py_env/lib/python3.10/site-packages/airflow/example_dags/example_latest_only.py took 0.121 seconds
[2024-08-09T20:16:20.668+0200] {processor.py:161} INFO - Started process (PID=22349) to work on /home/bvpelt/Develop/airflowtut/py_env/lib/python3.10/site-packages/airflow/example_dags/example_latest_only.py
[2024-08-09T20:16:20.669+0200] {processor.py:830} INFO - Processing file /home/bvpelt/Develop/airflowtut/py_env/lib/python3.10/site-packages/airflow/example_dags/example_latest_only.py for tasks to queue
[2024-08-09T20:16:20.670+0200] {logging_mixin.py:188} INFO - [2024-08-09T20:16:20.670+0200] {dagbag.py:545} INFO - Filling up the DagBag from /home/bvpelt/Develop/airflowtut/py_env/lib/python3.10/site-packages/airflow/example_dags/example_latest_only.py
[2024-08-09T20:16:20.672+0200] {processor.py:840} INFO - DAG(s) 'latest_only' retrieved from /home/bvpelt/Develop/airflowtut/py_env/lib/python3.10/site-packages/airflow/example_dags/example_latest_only.py
[2024-08-09T20:16:20.680+0200] {logging_mixin.py:188} INFO - [2024-08-09T20:16:20.680+0200] {dag.py:3089} INFO - Sync 1 DAGs
[2024-08-09T20:16:20.691+0200] {logging_mixin.py:188} INFO - [2024-08-09T20:16:20.691+0200] {dag.py:3947} INFO - Setting next_dagrun for latest_only to 2024-08-09 12:00:00+00:00, run_after=2024-08-09 16:00:00+00:00
[2024-08-09T20:16:20.781+0200] {processor.py:183} INFO - Processing /home/bvpelt/Develop/airflowtut/py_env/lib/python3.10/site-packages/airflow/example_dags/example_latest_only.py took 0.116 seconds
