[2024-08-09T19:42:45.723+0200] {processor.py:161} INFO - Started process (PID=17667) to work on /home/bvpelt/Develop/airflowtut/py_env/lib/python3.10/site-packages/airflow/example_dags/example_subdag_operator.py
[2024-08-09T19:42:45.724+0200] {processor.py:830} INFO - Processing file /home/bvpelt/Develop/airflowtut/py_env/lib/python3.10/site-packages/airflow/example_dags/example_subdag_operator.py for tasks to queue
[2024-08-09T19:42:45.728+0200] {logging_mixin.py:188} INFO - [2024-08-09T19:42:45.727+0200] {dagbag.py:545} INFO - Filling up the DagBag from /home/bvpelt/Develop/airflowtut/py_env/lib/python3.10/site-packages/airflow/example_dags/example_subdag_operator.py
[2024-08-09T19:42:45.750+0200] {processor.py:840} INFO - DAG(s) 'example_subdag_operator.section-1', 'example_subdag_operator.section-2', 'example_subdag_operator' retrieved from /home/bvpelt/Develop/airflowtut/py_env/lib/python3.10/site-packages/airflow/example_dags/example_subdag_operator.py
[2024-08-09T19:42:46.016+0200] {logging_mixin.py:188} INFO - [2024-08-09T19:42:46.014+0200] {override.py:1858} INFO - Created Permission View: can edit on DAG:example_subdag_operator
[2024-08-09T19:42:46.107+0200] {logging_mixin.py:188} INFO - [2024-08-09T19:42:46.106+0200] {override.py:1858} INFO - Created Permission View: can read on DAG:example_subdag_operator
[2024-08-09T19:42:46.190+0200] {logging_mixin.py:188} INFO - [2024-08-09T19:42:46.189+0200] {override.py:1858} INFO - Created Permission View: can delete on DAG:example_subdag_operator
[2024-08-09T19:42:46.191+0200] {logging_mixin.py:188} INFO - [2024-08-09T19:42:46.191+0200] {dag.py:3089} INFO - Sync 3 DAGs
[2024-08-09T19:42:46.201+0200] {logging_mixin.py:188} INFO - [2024-08-09T19:42:46.200+0200] {dag.py:3111} INFO - Creating ORM DAG for example_subdag_operator.section-2
[2024-08-09T19:42:46.201+0200] {logging_mixin.py:188} INFO - [2024-08-09T19:42:46.201+0200] {dag.py:3111} INFO - Creating ORM DAG for example_subdag_operator
[2024-08-09T19:42:46.202+0200] {logging_mixin.py:188} INFO - [2024-08-09T19:42:46.202+0200] {dag.py:3111} INFO - Creating ORM DAG for example_subdag_operator.section-1
[2024-08-09T19:42:46.208+0200] {logging_mixin.py:188} INFO - [2024-08-09T19:42:46.208+0200] {dag.py:3947} INFO - Setting next_dagrun for example_subdag_operator to 2022-01-01 00:00:00+00:00, run_after=2022-01-01 00:00:00+00:00
[2024-08-09T19:42:46.209+0200] {logging_mixin.py:188} INFO - [2024-08-09T19:42:46.208+0200] {dag.py:3947} INFO - Setting next_dagrun for example_subdag_operator.section-1 to None, run_after=None
[2024-08-09T19:42:46.209+0200] {logging_mixin.py:188} INFO - [2024-08-09T19:42:46.209+0200] {dag.py:3947} INFO - Setting next_dagrun for example_subdag_operator.section-2 to None, run_after=None
[2024-08-09T19:42:46.214+0200] {logging_mixin.py:188} INFO - [2024-08-09T19:42:46.214+0200] {dag.py:3089} INFO - Sync 2 DAGs
[2024-08-09T19:42:46.217+0200] {logging_mixin.py:188} INFO - [2024-08-09T19:42:46.217+0200] {dag.py:3947} INFO - Setting next_dagrun for example_subdag_operator.section-1 to None, run_after=None
[2024-08-09T19:42:46.219+0200] {logging_mixin.py:188} INFO - [2024-08-09T19:42:46.219+0200] {dag.py:3947} INFO - Setting next_dagrun for example_subdag_operator.section-2 to None, run_after=None
[2024-08-09T19:42:46.353+0200] {processor.py:183} INFO - Processing /home/bvpelt/Develop/airflowtut/py_env/lib/python3.10/site-packages/airflow/example_dags/example_subdag_operator.py took 0.636 seconds
[2024-08-09T19:43:59.440+0200] {processor.py:161} INFO - Started process (PID=17894) to work on /home/bvpelt/Develop/airflowtut/py_env/lib/python3.10/site-packages/airflow/example_dags/example_subdag_operator.py
[2024-08-09T19:43:59.441+0200] {processor.py:830} INFO - Processing file /home/bvpelt/Develop/airflowtut/py_env/lib/python3.10/site-packages/airflow/example_dags/example_subdag_operator.py for tasks to queue
[2024-08-09T19:43:59.444+0200] {logging_mixin.py:188} INFO - [2024-08-09T19:43:59.443+0200] {dagbag.py:545} INFO - Filling up the DagBag from /home/bvpelt/Develop/airflowtut/py_env/lib/python3.10/site-packages/airflow/example_dags/example_subdag_operator.py
[2024-08-09T19:43:59.470+0200] {processor.py:840} INFO - DAG(s) 'example_subdag_operator.section-1', 'example_subdag_operator.section-2', 'example_subdag_operator' retrieved from /home/bvpelt/Develop/airflowtut/py_env/lib/python3.10/site-packages/airflow/example_dags/example_subdag_operator.py
[2024-08-09T19:43:59.482+0200] {logging_mixin.py:188} INFO - [2024-08-09T19:43:59.482+0200] {dag.py:3089} INFO - Sync 3 DAGs
[2024-08-09T19:43:59.495+0200] {logging_mixin.py:188} INFO - [2024-08-09T19:43:59.494+0200] {dag.py:3947} INFO - Setting next_dagrun for example_subdag_operator to 2022-01-01 00:00:00+00:00, run_after=2022-01-01 00:00:00+00:00
[2024-08-09T19:43:59.496+0200] {logging_mixin.py:188} INFO - [2024-08-09T19:43:59.496+0200] {dag.py:3947} INFO - Setting next_dagrun for example_subdag_operator.section-1 to None, run_after=None
[2024-08-09T19:43:59.497+0200] {logging_mixin.py:188} INFO - [2024-08-09T19:43:59.497+0200] {dag.py:3947} INFO - Setting next_dagrun for example_subdag_operator.section-2 to None, run_after=None
[2024-08-09T19:43:59.500+0200] {logging_mixin.py:188} INFO - [2024-08-09T19:43:59.500+0200] {dag.py:3089} INFO - Sync 2 DAGs
[2024-08-09T19:43:59.502+0200] {logging_mixin.py:188} INFO - [2024-08-09T19:43:59.502+0200] {dag.py:3947} INFO - Setting next_dagrun for example_subdag_operator.section-1 to None, run_after=None
[2024-08-09T19:43:59.503+0200] {logging_mixin.py:188} INFO - [2024-08-09T19:43:59.503+0200] {dag.py:3947} INFO - Setting next_dagrun for example_subdag_operator.section-2 to None, run_after=None
[2024-08-09T19:43:59.589+0200] {processor.py:183} INFO - Processing /home/bvpelt/Develop/airflowtut/py_env/lib/python3.10/site-packages/airflow/example_dags/example_subdag_operator.py took 0.159 seconds
[2024-08-09T19:44:54.491+0200] {processor.py:161} INFO - Started process (PID=18194) to work on /home/bvpelt/Develop/airflowtut/py_env/lib/python3.10/site-packages/airflow/example_dags/example_subdag_operator.py
[2024-08-09T19:44:54.507+0200] {processor.py:830} INFO - Processing file /home/bvpelt/Develop/airflowtut/py_env/lib/python3.10/site-packages/airflow/example_dags/example_subdag_operator.py for tasks to queue
[2024-08-09T19:44:54.508+0200] {logging_mixin.py:188} INFO - [2024-08-09T19:44:54.508+0200] {dagbag.py:545} INFO - Filling up the DagBag from /home/bvpelt/Develop/airflowtut/py_env/lib/python3.10/site-packages/airflow/example_dags/example_subdag_operator.py
[2024-08-09T19:44:54.520+0200] {processor.py:840} INFO - DAG(s) 'example_subdag_operator.section-1', 'example_subdag_operator.section-2', 'example_subdag_operator' retrieved from /home/bvpelt/Develop/airflowtut/py_env/lib/python3.10/site-packages/airflow/example_dags/example_subdag_operator.py
[2024-08-09T19:44:54.528+0200] {logging_mixin.py:188} INFO - [2024-08-09T19:44:54.528+0200] {dag.py:3089} INFO - Sync 3 DAGs
[2024-08-09T19:44:54.539+0200] {logging_mixin.py:188} INFO - [2024-08-09T19:44:54.538+0200] {dag.py:3947} INFO - Setting next_dagrun for example_subdag_operator to 2022-01-01 00:00:00+00:00, run_after=2022-01-01 00:00:00+00:00
[2024-08-09T19:44:54.589+0200] {logging_mixin.py:188} INFO - [2024-08-09T19:44:54.589+0200] {dag.py:3947} INFO - Setting next_dagrun for example_subdag_operator.section-1 to None, run_after=None
[2024-08-09T19:44:54.590+0200] {logging_mixin.py:188} INFO - [2024-08-09T19:44:54.589+0200] {dag.py:3947} INFO - Setting next_dagrun for example_subdag_operator.section-2 to None, run_after=None
[2024-08-09T19:44:54.593+0200] {logging_mixin.py:188} INFO - [2024-08-09T19:44:54.593+0200] {dag.py:3089} INFO - Sync 2 DAGs
[2024-08-09T19:44:54.595+0200] {logging_mixin.py:188} INFO - [2024-08-09T19:44:54.595+0200] {dag.py:3947} INFO - Setting next_dagrun for example_subdag_operator.section-1 to None, run_after=None
[2024-08-09T19:44:54.595+0200] {logging_mixin.py:188} INFO - [2024-08-09T19:44:54.595+0200] {dag.py:3947} INFO - Setting next_dagrun for example_subdag_operator.section-2 to None, run_after=None
[2024-08-09T19:44:54.675+0200] {processor.py:183} INFO - Processing /home/bvpelt/Develop/airflowtut/py_env/lib/python3.10/site-packages/airflow/example_dags/example_subdag_operator.py took 0.188 seconds
[2024-08-09T19:45:48.874+0200] {processor.py:161} INFO - Started process (PID=18312) to work on /home/bvpelt/Develop/airflowtut/py_env/lib/python3.10/site-packages/airflow/example_dags/example_subdag_operator.py
[2024-08-09T19:45:48.891+0200] {processor.py:830} INFO - Processing file /home/bvpelt/Develop/airflowtut/py_env/lib/python3.10/site-packages/airflow/example_dags/example_subdag_operator.py for tasks to queue
[2024-08-09T19:45:48.892+0200] {logging_mixin.py:188} INFO - [2024-08-09T19:45:48.892+0200] {dagbag.py:545} INFO - Filling up the DagBag from /home/bvpelt/Develop/airflowtut/py_env/lib/python3.10/site-packages/airflow/example_dags/example_subdag_operator.py
[2024-08-09T19:45:48.908+0200] {processor.py:840} INFO - DAG(s) 'example_subdag_operator.section-1', 'example_subdag_operator.section-2', 'example_subdag_operator' retrieved from /home/bvpelt/Develop/airflowtut/py_env/lib/python3.10/site-packages/airflow/example_dags/example_subdag_operator.py
[2024-08-09T19:45:48.916+0200] {logging_mixin.py:188} INFO - [2024-08-09T19:45:48.916+0200] {dag.py:3089} INFO - Sync 3 DAGs
[2024-08-09T19:45:48.928+0200] {logging_mixin.py:188} INFO - [2024-08-09T19:45:48.928+0200] {dag.py:3947} INFO - Setting next_dagrun for example_subdag_operator to 2022-01-01 00:00:00+00:00, run_after=2022-01-01 00:00:00+00:00
[2024-08-09T19:45:48.932+0200] {logging_mixin.py:188} INFO - [2024-08-09T19:45:48.931+0200] {dag.py:3947} INFO - Setting next_dagrun for example_subdag_operator.section-1 to None, run_after=None
[2024-08-09T19:45:48.932+0200] {logging_mixin.py:188} INFO - [2024-08-09T19:45:48.932+0200] {dag.py:3947} INFO - Setting next_dagrun for example_subdag_operator.section-2 to None, run_after=None
[2024-08-09T19:45:48.936+0200] {logging_mixin.py:188} INFO - [2024-08-09T19:45:48.936+0200] {dag.py:3089} INFO - Sync 2 DAGs
[2024-08-09T19:45:48.940+0200] {logging_mixin.py:188} INFO - [2024-08-09T19:45:48.939+0200] {dag.py:3947} INFO - Setting next_dagrun for example_subdag_operator.section-1 to None, run_after=None
[2024-08-09T19:45:48.940+0200] {logging_mixin.py:188} INFO - [2024-08-09T19:45:48.940+0200] {dag.py:3947} INFO - Setting next_dagrun for example_subdag_operator.section-2 to None, run_after=None
[2024-08-09T19:45:48.996+0200] {processor.py:183} INFO - Processing /home/bvpelt/Develop/airflowtut/py_env/lib/python3.10/site-packages/airflow/example_dags/example_subdag_operator.py took 0.126 seconds
[2024-08-09T19:47:12.915+0200] {processor.py:161} INFO - Started process (PID=18806) to work on /home/bvpelt/Develop/airflowtut/py_env/lib/python3.10/site-packages/airflow/example_dags/example_subdag_operator.py
[2024-08-09T19:47:12.930+0200] {processor.py:830} INFO - Processing file /home/bvpelt/Develop/airflowtut/py_env/lib/python3.10/site-packages/airflow/example_dags/example_subdag_operator.py for tasks to queue
[2024-08-09T19:47:12.931+0200] {logging_mixin.py:188} INFO - [2024-08-09T19:47:12.930+0200] {dagbag.py:545} INFO - Filling up the DagBag from /home/bvpelt/Develop/airflowtut/py_env/lib/python3.10/site-packages/airflow/example_dags/example_subdag_operator.py
[2024-08-09T19:47:12.946+0200] {processor.py:840} INFO - DAG(s) 'example_subdag_operator.section-1', 'example_subdag_operator.section-2', 'example_subdag_operator' retrieved from /home/bvpelt/Develop/airflowtut/py_env/lib/python3.10/site-packages/airflow/example_dags/example_subdag_operator.py
[2024-08-09T19:47:12.958+0200] {logging_mixin.py:188} INFO - [2024-08-09T19:47:12.958+0200] {dag.py:3089} INFO - Sync 3 DAGs
[2024-08-09T19:47:12.971+0200] {logging_mixin.py:188} INFO - [2024-08-09T19:47:12.971+0200] {dag.py:3947} INFO - Setting next_dagrun for example_subdag_operator to 2022-01-01 00:00:00+00:00, run_after=2022-01-01 00:00:00+00:00
[2024-08-09T19:47:12.973+0200] {logging_mixin.py:188} INFO - [2024-08-09T19:47:12.972+0200] {dag.py:3947} INFO - Setting next_dagrun for example_subdag_operator.section-1 to None, run_after=None
[2024-08-09T19:47:12.973+0200] {logging_mixin.py:188} INFO - [2024-08-09T19:47:12.973+0200] {dag.py:3947} INFO - Setting next_dagrun for example_subdag_operator.section-2 to None, run_after=None
[2024-08-09T19:47:12.977+0200] {logging_mixin.py:188} INFO - [2024-08-09T19:47:12.977+0200] {dag.py:3089} INFO - Sync 2 DAGs
[2024-08-09T19:47:12.980+0200] {logging_mixin.py:188} INFO - [2024-08-09T19:47:12.980+0200] {dag.py:3947} INFO - Setting next_dagrun for example_subdag_operator.section-1 to None, run_after=None
[2024-08-09T19:47:12.981+0200] {logging_mixin.py:188} INFO - [2024-08-09T19:47:12.981+0200] {dag.py:3947} INFO - Setting next_dagrun for example_subdag_operator.section-2 to None, run_after=None
[2024-08-09T19:47:13.035+0200] {processor.py:183} INFO - Processing /home/bvpelt/Develop/airflowtut/py_env/lib/python3.10/site-packages/airflow/example_dags/example_subdag_operator.py took 0.124 seconds
[2024-08-09T19:48:02.186+0200] {processor.py:161} INFO - Started process (PID=19020) to work on /home/bvpelt/Develop/airflowtut/py_env/lib/python3.10/site-packages/airflow/example_dags/example_subdag_operator.py
[2024-08-09T19:48:02.186+0200] {processor.py:830} INFO - Processing file /home/bvpelt/Develop/airflowtut/py_env/lib/python3.10/site-packages/airflow/example_dags/example_subdag_operator.py for tasks to queue
[2024-08-09T19:48:02.187+0200] {logging_mixin.py:188} INFO - [2024-08-09T19:48:02.187+0200] {dagbag.py:545} INFO - Filling up the DagBag from /home/bvpelt/Develop/airflowtut/py_env/lib/python3.10/site-packages/airflow/example_dags/example_subdag_operator.py
[2024-08-09T19:48:02.198+0200] {processor.py:840} INFO - DAG(s) 'example_subdag_operator.section-1', 'example_subdag_operator.section-2', 'example_subdag_operator' retrieved from /home/bvpelt/Develop/airflowtut/py_env/lib/python3.10/site-packages/airflow/example_dags/example_subdag_operator.py
[2024-08-09T19:48:02.207+0200] {logging_mixin.py:188} INFO - [2024-08-09T19:48:02.207+0200] {dag.py:3089} INFO - Sync 3 DAGs
[2024-08-09T19:48:02.217+0200] {logging_mixin.py:188} INFO - [2024-08-09T19:48:02.217+0200] {dag.py:3947} INFO - Setting next_dagrun for example_subdag_operator to 2022-01-01 00:00:00+00:00, run_after=2022-01-01 00:00:00+00:00
[2024-08-09T19:48:02.219+0200] {logging_mixin.py:188} INFO - [2024-08-09T19:48:02.219+0200] {dag.py:3947} INFO - Setting next_dagrun for example_subdag_operator.section-1 to None, run_after=None
[2024-08-09T19:48:02.220+0200] {logging_mixin.py:188} INFO - [2024-08-09T19:48:02.219+0200] {dag.py:3947} INFO - Setting next_dagrun for example_subdag_operator.section-2 to None, run_after=None
[2024-08-09T19:48:02.223+0200] {logging_mixin.py:188} INFO - [2024-08-09T19:48:02.223+0200] {dag.py:3089} INFO - Sync 2 DAGs
[2024-08-09T19:48:02.225+0200] {logging_mixin.py:188} INFO - [2024-08-09T19:48:02.225+0200] {dag.py:3947} INFO - Setting next_dagrun for example_subdag_operator.section-1 to None, run_after=None
[2024-08-09T19:48:02.226+0200] {logging_mixin.py:188} INFO - [2024-08-09T19:48:02.226+0200] {dag.py:3947} INFO - Setting next_dagrun for example_subdag_operator.section-2 to None, run_after=None
[2024-08-09T19:48:02.320+0200] {processor.py:183} INFO - Processing /home/bvpelt/Develop/airflowtut/py_env/lib/python3.10/site-packages/airflow/example_dags/example_subdag_operator.py took 0.137 seconds
[2024-08-09T19:48:52.848+0200] {processor.py:161} INFO - Started process (PID=19130) to work on /home/bvpelt/Develop/airflowtut/py_env/lib/python3.10/site-packages/airflow/example_dags/example_subdag_operator.py
[2024-08-09T19:48:52.850+0200] {processor.py:830} INFO - Processing file /home/bvpelt/Develop/airflowtut/py_env/lib/python3.10/site-packages/airflow/example_dags/example_subdag_operator.py for tasks to queue
[2024-08-09T19:48:52.853+0200] {logging_mixin.py:188} INFO - [2024-08-09T19:48:52.852+0200] {dagbag.py:545} INFO - Filling up the DagBag from /home/bvpelt/Develop/airflowtut/py_env/lib/python3.10/site-packages/airflow/example_dags/example_subdag_operator.py
[2024-08-09T19:48:52.881+0200] {processor.py:840} INFO - DAG(s) 'example_subdag_operator.section-1', 'example_subdag_operator.section-2', 'example_subdag_operator' retrieved from /home/bvpelt/Develop/airflowtut/py_env/lib/python3.10/site-packages/airflow/example_dags/example_subdag_operator.py
[2024-08-09T19:48:52.893+0200] {logging_mixin.py:188} INFO - [2024-08-09T19:48:52.893+0200] {dag.py:3089} INFO - Sync 3 DAGs
[2024-08-09T19:48:52.905+0200] {logging_mixin.py:188} INFO - [2024-08-09T19:48:52.905+0200] {dag.py:3947} INFO - Setting next_dagrun for example_subdag_operator to 2022-01-01 00:00:00+00:00, run_after=2022-01-01 00:00:00+00:00
[2024-08-09T19:48:52.907+0200] {logging_mixin.py:188} INFO - [2024-08-09T19:48:52.907+0200] {dag.py:3947} INFO - Setting next_dagrun for example_subdag_operator.section-1 to None, run_after=None
[2024-08-09T19:48:52.907+0200] {logging_mixin.py:188} INFO - [2024-08-09T19:48:52.907+0200] {dag.py:3947} INFO - Setting next_dagrun for example_subdag_operator.section-2 to None, run_after=None
[2024-08-09T19:48:52.911+0200] {logging_mixin.py:188} INFO - [2024-08-09T19:48:52.911+0200] {dag.py:3089} INFO - Sync 2 DAGs
[2024-08-09T19:48:52.913+0200] {logging_mixin.py:188} INFO - [2024-08-09T19:48:52.913+0200] {dag.py:3947} INFO - Setting next_dagrun for example_subdag_operator.section-1 to None, run_after=None
[2024-08-09T19:48:52.913+0200] {logging_mixin.py:188} INFO - [2024-08-09T19:48:52.913+0200] {dag.py:3947} INFO - Setting next_dagrun for example_subdag_operator.section-2 to None, run_after=None
[2024-08-09T19:48:53.001+0200] {processor.py:183} INFO - Processing /home/bvpelt/Develop/airflowtut/py_env/lib/python3.10/site-packages/airflow/example_dags/example_subdag_operator.py took 0.166 seconds
[2024-08-09T19:49:42.849+0200] {processor.py:161} INFO - Started process (PID=19213) to work on /home/bvpelt/Develop/airflowtut/py_env/lib/python3.10/site-packages/airflow/example_dags/example_subdag_operator.py
[2024-08-09T19:49:42.849+0200] {processor.py:830} INFO - Processing file /home/bvpelt/Develop/airflowtut/py_env/lib/python3.10/site-packages/airflow/example_dags/example_subdag_operator.py for tasks to queue
[2024-08-09T19:49:42.850+0200] {logging_mixin.py:188} INFO - [2024-08-09T19:49:42.850+0200] {dagbag.py:545} INFO - Filling up the DagBag from /home/bvpelt/Develop/airflowtut/py_env/lib/python3.10/site-packages/airflow/example_dags/example_subdag_operator.py
[2024-08-09T19:49:42.861+0200] {processor.py:840} INFO - DAG(s) 'example_subdag_operator.section-1', 'example_subdag_operator.section-2', 'example_subdag_operator' retrieved from /home/bvpelt/Develop/airflowtut/py_env/lib/python3.10/site-packages/airflow/example_dags/example_subdag_operator.py
[2024-08-09T19:49:42.870+0200] {logging_mixin.py:188} INFO - [2024-08-09T19:49:42.870+0200] {dag.py:3089} INFO - Sync 3 DAGs
[2024-08-09T19:49:42.882+0200] {logging_mixin.py:188} INFO - [2024-08-09T19:49:42.882+0200] {dag.py:3947} INFO - Setting next_dagrun for example_subdag_operator to 2022-01-01 00:00:00+00:00, run_after=2022-01-01 00:00:00+00:00
[2024-08-09T19:49:42.885+0200] {logging_mixin.py:188} INFO - [2024-08-09T19:49:42.885+0200] {dag.py:3947} INFO - Setting next_dagrun for example_subdag_operator.section-1 to None, run_after=None
[2024-08-09T19:49:42.885+0200] {logging_mixin.py:188} INFO - [2024-08-09T19:49:42.885+0200] {dag.py:3947} INFO - Setting next_dagrun for example_subdag_operator.section-2 to None, run_after=None
[2024-08-09T19:49:42.889+0200] {logging_mixin.py:188} INFO - [2024-08-09T19:49:42.889+0200] {dag.py:3089} INFO - Sync 2 DAGs
[2024-08-09T19:49:42.891+0200] {logging_mixin.py:188} INFO - [2024-08-09T19:49:42.891+0200] {dag.py:3947} INFO - Setting next_dagrun for example_subdag_operator.section-1 to None, run_after=None
[2024-08-09T19:49:42.891+0200] {logging_mixin.py:188} INFO - [2024-08-09T19:49:42.891+0200] {dag.py:3947} INFO - Setting next_dagrun for example_subdag_operator.section-2 to None, run_after=None
[2024-08-09T19:49:42.965+0200] {processor.py:183} INFO - Processing /home/bvpelt/Develop/airflowtut/py_env/lib/python3.10/site-packages/airflow/example_dags/example_subdag_operator.py took 0.120 seconds
[2024-08-09T19:50:36.600+0200] {processor.py:161} INFO - Started process (PID=19368) to work on /home/bvpelt/Develop/airflowtut/py_env/lib/python3.10/site-packages/airflow/example_dags/example_subdag_operator.py
[2024-08-09T19:50:36.606+0200] {processor.py:830} INFO - Processing file /home/bvpelt/Develop/airflowtut/py_env/lib/python3.10/site-packages/airflow/example_dags/example_subdag_operator.py for tasks to queue
[2024-08-09T19:50:36.610+0200] {logging_mixin.py:188} INFO - [2024-08-09T19:50:36.609+0200] {dagbag.py:545} INFO - Filling up the DagBag from /home/bvpelt/Develop/airflowtut/py_env/lib/python3.10/site-packages/airflow/example_dags/example_subdag_operator.py
[2024-08-09T19:50:36.621+0200] {processor.py:840} INFO - DAG(s) 'example_subdag_operator.section-1', 'example_subdag_operator.section-2', 'example_subdag_operator' retrieved from /home/bvpelt/Develop/airflowtut/py_env/lib/python3.10/site-packages/airflow/example_dags/example_subdag_operator.py
[2024-08-09T19:50:36.630+0200] {logging_mixin.py:188} INFO - [2024-08-09T19:50:36.630+0200] {dag.py:3089} INFO - Sync 3 DAGs
[2024-08-09T19:50:36.640+0200] {logging_mixin.py:188} INFO - [2024-08-09T19:50:36.640+0200] {dag.py:3947} INFO - Setting next_dagrun for example_subdag_operator to 2022-01-01 00:00:00+00:00, run_after=2022-01-01 00:00:00+00:00
[2024-08-09T19:50:36.642+0200] {logging_mixin.py:188} INFO - [2024-08-09T19:50:36.642+0200] {dag.py:3947} INFO - Setting next_dagrun for example_subdag_operator.section-1 to None, run_after=None
[2024-08-09T19:50:36.643+0200] {logging_mixin.py:188} INFO - [2024-08-09T19:50:36.643+0200] {dag.py:3947} INFO - Setting next_dagrun for example_subdag_operator.section-2 to None, run_after=None
[2024-08-09T19:50:36.646+0200] {logging_mixin.py:188} INFO - [2024-08-09T19:50:36.646+0200] {dag.py:3089} INFO - Sync 2 DAGs
[2024-08-09T19:50:36.648+0200] {logging_mixin.py:188} INFO - [2024-08-09T19:50:36.648+0200] {dag.py:3947} INFO - Setting next_dagrun for example_subdag_operator.section-1 to None, run_after=None
[2024-08-09T19:50:36.648+0200] {logging_mixin.py:188} INFO - [2024-08-09T19:50:36.648+0200] {dag.py:3947} INFO - Setting next_dagrun for example_subdag_operator.section-2 to None, run_after=None
[2024-08-09T19:50:36.715+0200] {processor.py:183} INFO - Processing /home/bvpelt/Develop/airflowtut/py_env/lib/python3.10/site-packages/airflow/example_dags/example_subdag_operator.py took 0.119 seconds
[2024-08-09T19:51:26.542+0200] {processor.py:161} INFO - Started process (PID=19524) to work on /home/bvpelt/Develop/airflowtut/py_env/lib/python3.10/site-packages/airflow/example_dags/example_subdag_operator.py
[2024-08-09T19:51:26.551+0200] {processor.py:830} INFO - Processing file /home/bvpelt/Develop/airflowtut/py_env/lib/python3.10/site-packages/airflow/example_dags/example_subdag_operator.py for tasks to queue
[2024-08-09T19:51:26.552+0200] {logging_mixin.py:188} INFO - [2024-08-09T19:51:26.551+0200] {dagbag.py:545} INFO - Filling up the DagBag from /home/bvpelt/Develop/airflowtut/py_env/lib/python3.10/site-packages/airflow/example_dags/example_subdag_operator.py
[2024-08-09T19:51:26.562+0200] {processor.py:840} INFO - DAG(s) 'example_subdag_operator.section-1', 'example_subdag_operator.section-2', 'example_subdag_operator' retrieved from /home/bvpelt/Develop/airflowtut/py_env/lib/python3.10/site-packages/airflow/example_dags/example_subdag_operator.py
[2024-08-09T19:51:26.571+0200] {logging_mixin.py:188} INFO - [2024-08-09T19:51:26.571+0200] {dag.py:3089} INFO - Sync 3 DAGs
[2024-08-09T19:51:26.581+0200] {logging_mixin.py:188} INFO - [2024-08-09T19:51:26.581+0200] {dag.py:3947} INFO - Setting next_dagrun for example_subdag_operator to 2022-01-01 00:00:00+00:00, run_after=2022-01-01 00:00:00+00:00
[2024-08-09T19:51:26.583+0200] {logging_mixin.py:188} INFO - [2024-08-09T19:51:26.583+0200] {dag.py:3947} INFO - Setting next_dagrun for example_subdag_operator.section-1 to None, run_after=None
[2024-08-09T19:51:26.584+0200] {logging_mixin.py:188} INFO - [2024-08-09T19:51:26.584+0200] {dag.py:3947} INFO - Setting next_dagrun for example_subdag_operator.section-2 to None, run_after=None
[2024-08-09T19:51:26.587+0200] {logging_mixin.py:188} INFO - [2024-08-09T19:51:26.587+0200] {dag.py:3089} INFO - Sync 2 DAGs
[2024-08-09T19:51:26.589+0200] {logging_mixin.py:188} INFO - [2024-08-09T19:51:26.589+0200] {dag.py:3947} INFO - Setting next_dagrun for example_subdag_operator.section-1 to None, run_after=None
[2024-08-09T19:51:26.589+0200] {logging_mixin.py:188} INFO - [2024-08-09T19:51:26.589+0200] {dag.py:3947} INFO - Setting next_dagrun for example_subdag_operator.section-2 to None, run_after=None
[2024-08-09T19:51:26.681+0200] {processor.py:183} INFO - Processing /home/bvpelt/Develop/airflowtut/py_env/lib/python3.10/site-packages/airflow/example_dags/example_subdag_operator.py took 0.142 seconds
[2024-08-09T19:52:44.765+0200] {processor.py:161} INFO - Started process (PID=20051) to work on /home/bvpelt/Develop/airflowtut/py_env/lib/python3.10/site-packages/airflow/example_dags/example_subdag_operator.py
[2024-08-09T19:52:44.787+0200] {processor.py:830} INFO - Processing file /home/bvpelt/Develop/airflowtut/py_env/lib/python3.10/site-packages/airflow/example_dags/example_subdag_operator.py for tasks to queue
[2024-08-09T19:52:44.791+0200] {logging_mixin.py:188} INFO - [2024-08-09T19:52:44.790+0200] {dagbag.py:545} INFO - Filling up the DagBag from /home/bvpelt/Develop/airflowtut/py_env/lib/python3.10/site-packages/airflow/example_dags/example_subdag_operator.py
[2024-08-09T19:52:44.826+0200] {processor.py:840} INFO - DAG(s) 'example_subdag_operator.section-1', 'example_subdag_operator.section-2', 'example_subdag_operator' retrieved from /home/bvpelt/Develop/airflowtut/py_env/lib/python3.10/site-packages/airflow/example_dags/example_subdag_operator.py
[2024-08-09T19:52:44.838+0200] {logging_mixin.py:188} INFO - [2024-08-09T19:52:44.838+0200] {dag.py:3089} INFO - Sync 3 DAGs
[2024-08-09T19:52:44.850+0200] {logging_mixin.py:188} INFO - [2024-08-09T19:52:44.850+0200] {dag.py:3947} INFO - Setting next_dagrun for example_subdag_operator to 2022-01-01 00:00:00+00:00, run_after=2022-01-01 00:00:00+00:00
[2024-08-09T19:52:44.852+0200] {logging_mixin.py:188} INFO - [2024-08-09T19:52:44.852+0200] {dag.py:3947} INFO - Setting next_dagrun for example_subdag_operator.section-1 to None, run_after=None
[2024-08-09T19:52:44.852+0200] {logging_mixin.py:188} INFO - [2024-08-09T19:52:44.852+0200] {dag.py:3947} INFO - Setting next_dagrun for example_subdag_operator.section-2 to None, run_after=None
[2024-08-09T19:52:44.857+0200] {logging_mixin.py:188} INFO - [2024-08-09T19:52:44.856+0200] {dag.py:3089} INFO - Sync 2 DAGs
[2024-08-09T19:52:44.860+0200] {logging_mixin.py:188} INFO - [2024-08-09T19:52:44.860+0200] {dag.py:3947} INFO - Setting next_dagrun for example_subdag_operator.section-1 to None, run_after=None
[2024-08-09T19:52:44.861+0200] {logging_mixin.py:188} INFO - [2024-08-09T19:52:44.861+0200] {dag.py:3947} INFO - Setting next_dagrun for example_subdag_operator.section-2 to None, run_after=None
[2024-08-09T19:52:44.956+0200] {processor.py:183} INFO - Processing /home/bvpelt/Develop/airflowtut/py_env/lib/python3.10/site-packages/airflow/example_dags/example_subdag_operator.py took 0.207 seconds
[2024-08-09T19:53:41.856+0200] {processor.py:161} INFO - Started process (PID=20110) to work on /home/bvpelt/Develop/airflowtut/py_env/lib/python3.10/site-packages/airflow/example_dags/example_subdag_operator.py
[2024-08-09T19:53:41.881+0200] {processor.py:830} INFO - Processing file /home/bvpelt/Develop/airflowtut/py_env/lib/python3.10/site-packages/airflow/example_dags/example_subdag_operator.py for tasks to queue
[2024-08-09T19:53:41.882+0200] {logging_mixin.py:188} INFO - [2024-08-09T19:53:41.882+0200] {dagbag.py:545} INFO - Filling up the DagBag from /home/bvpelt/Develop/airflowtut/py_env/lib/python3.10/site-packages/airflow/example_dags/example_subdag_operator.py
[2024-08-09T19:53:41.895+0200] {processor.py:840} INFO - DAG(s) 'example_subdag_operator.section-1', 'example_subdag_operator.section-2', 'example_subdag_operator' retrieved from /home/bvpelt/Develop/airflowtut/py_env/lib/python3.10/site-packages/airflow/example_dags/example_subdag_operator.py
[2024-08-09T19:53:41.903+0200] {logging_mixin.py:188} INFO - [2024-08-09T19:53:41.903+0200] {dag.py:3089} INFO - Sync 3 DAGs
[2024-08-09T19:53:41.913+0200] {logging_mixin.py:188} INFO - [2024-08-09T19:53:41.913+0200] {dag.py:3947} INFO - Setting next_dagrun for example_subdag_operator to 2022-01-01 00:00:00+00:00, run_after=2022-01-01 00:00:00+00:00
[2024-08-09T19:53:41.916+0200] {logging_mixin.py:188} INFO - [2024-08-09T19:53:41.916+0200] {dag.py:3947} INFO - Setting next_dagrun for example_subdag_operator.section-1 to None, run_after=None
[2024-08-09T19:53:41.916+0200] {logging_mixin.py:188} INFO - [2024-08-09T19:53:41.916+0200] {dag.py:3947} INFO - Setting next_dagrun for example_subdag_operator.section-2 to None, run_after=None
[2024-08-09T19:53:41.919+0200] {logging_mixin.py:188} INFO - [2024-08-09T19:53:41.919+0200] {dag.py:3089} INFO - Sync 2 DAGs
[2024-08-09T19:53:41.922+0200] {logging_mixin.py:188} INFO - [2024-08-09T19:53:41.922+0200] {dag.py:3947} INFO - Setting next_dagrun for example_subdag_operator.section-1 to None, run_after=None
[2024-08-09T19:53:41.922+0200] {logging_mixin.py:188} INFO - [2024-08-09T19:53:41.922+0200] {dag.py:3947} INFO - Setting next_dagrun for example_subdag_operator.section-2 to None, run_after=None
[2024-08-09T19:53:42.002+0200] {processor.py:183} INFO - Processing /home/bvpelt/Develop/airflowtut/py_env/lib/python3.10/site-packages/airflow/example_dags/example_subdag_operator.py took 0.149 seconds
[2024-08-09T19:54:33.838+0200] {processor.py:161} INFO - Started process (PID=20179) to work on /home/bvpelt/Develop/airflowtut/py_env/lib/python3.10/site-packages/airflow/example_dags/example_subdag_operator.py
[2024-08-09T19:54:33.838+0200] {processor.py:830} INFO - Processing file /home/bvpelt/Develop/airflowtut/py_env/lib/python3.10/site-packages/airflow/example_dags/example_subdag_operator.py for tasks to queue
[2024-08-09T19:54:33.839+0200] {logging_mixin.py:188} INFO - [2024-08-09T19:54:33.839+0200] {dagbag.py:545} INFO - Filling up the DagBag from /home/bvpelt/Develop/airflowtut/py_env/lib/python3.10/site-packages/airflow/example_dags/example_subdag_operator.py
[2024-08-09T19:54:33.850+0200] {processor.py:840} INFO - DAG(s) 'example_subdag_operator.section-1', 'example_subdag_operator.section-2', 'example_subdag_operator' retrieved from /home/bvpelt/Develop/airflowtut/py_env/lib/python3.10/site-packages/airflow/example_dags/example_subdag_operator.py
[2024-08-09T19:54:33.858+0200] {logging_mixin.py:188} INFO - [2024-08-09T19:54:33.858+0200] {dag.py:3089} INFO - Sync 3 DAGs
[2024-08-09T19:54:33.868+0200] {logging_mixin.py:188} INFO - [2024-08-09T19:54:33.868+0200] {dag.py:3947} INFO - Setting next_dagrun for example_subdag_operator to 2022-01-01 00:00:00+00:00, run_after=2022-01-01 00:00:00+00:00
[2024-08-09T19:54:33.870+0200] {logging_mixin.py:188} INFO - [2024-08-09T19:54:33.870+0200] {dag.py:3947} INFO - Setting next_dagrun for example_subdag_operator.section-1 to None, run_after=None
[2024-08-09T19:54:33.871+0200] {logging_mixin.py:188} INFO - [2024-08-09T19:54:33.871+0200] {dag.py:3947} INFO - Setting next_dagrun for example_subdag_operator.section-2 to None, run_after=None
[2024-08-09T19:54:33.874+0200] {logging_mixin.py:188} INFO - [2024-08-09T19:54:33.874+0200] {dag.py:3089} INFO - Sync 2 DAGs
[2024-08-09T19:54:33.876+0200] {logging_mixin.py:188} INFO - [2024-08-09T19:54:33.876+0200] {dag.py:3947} INFO - Setting next_dagrun for example_subdag_operator.section-1 to None, run_after=None
[2024-08-09T19:54:33.876+0200] {logging_mixin.py:188} INFO - [2024-08-09T19:54:33.876+0200] {dag.py:3947} INFO - Setting next_dagrun for example_subdag_operator.section-2 to None, run_after=None
[2024-08-09T19:54:33.963+0200] {processor.py:183} INFO - Processing /home/bvpelt/Develop/airflowtut/py_env/lib/python3.10/site-packages/airflow/example_dags/example_subdag_operator.py took 0.128 seconds
[2024-08-09T19:55:24.838+0200] {processor.py:161} INFO - Started process (PID=20277) to work on /home/bvpelt/Develop/airflowtut/py_env/lib/python3.10/site-packages/airflow/example_dags/example_subdag_operator.py
[2024-08-09T19:55:24.839+0200] {processor.py:830} INFO - Processing file /home/bvpelt/Develop/airflowtut/py_env/lib/python3.10/site-packages/airflow/example_dags/example_subdag_operator.py for tasks to queue
[2024-08-09T19:55:24.839+0200] {logging_mixin.py:188} INFO - [2024-08-09T19:55:24.839+0200] {dagbag.py:545} INFO - Filling up the DagBag from /home/bvpelt/Develop/airflowtut/py_env/lib/python3.10/site-packages/airflow/example_dags/example_subdag_operator.py
[2024-08-09T19:55:24.850+0200] {processor.py:840} INFO - DAG(s) 'example_subdag_operator.section-1', 'example_subdag_operator.section-2', 'example_subdag_operator' retrieved from /home/bvpelt/Develop/airflowtut/py_env/lib/python3.10/site-packages/airflow/example_dags/example_subdag_operator.py
[2024-08-09T19:55:24.858+0200] {logging_mixin.py:188} INFO - [2024-08-09T19:55:24.858+0200] {dag.py:3089} INFO - Sync 3 DAGs
[2024-08-09T19:55:24.868+0200] {logging_mixin.py:188} INFO - [2024-08-09T19:55:24.868+0200] {dag.py:3947} INFO - Setting next_dagrun for example_subdag_operator to 2022-01-01 00:00:00+00:00, run_after=2022-01-01 00:00:00+00:00
[2024-08-09T19:55:24.870+0200] {logging_mixin.py:188} INFO - [2024-08-09T19:55:24.870+0200] {dag.py:3947} INFO - Setting next_dagrun for example_subdag_operator.section-1 to None, run_after=None
[2024-08-09T19:55:24.871+0200] {logging_mixin.py:188} INFO - [2024-08-09T19:55:24.871+0200] {dag.py:3947} INFO - Setting next_dagrun for example_subdag_operator.section-2 to None, run_after=None
[2024-08-09T19:55:24.874+0200] {logging_mixin.py:188} INFO - [2024-08-09T19:55:24.874+0200] {dag.py:3089} INFO - Sync 2 DAGs
[2024-08-09T19:55:24.876+0200] {logging_mixin.py:188} INFO - [2024-08-09T19:55:24.876+0200] {dag.py:3947} INFO - Setting next_dagrun for example_subdag_operator.section-1 to None, run_after=None
[2024-08-09T19:55:24.877+0200] {logging_mixin.py:188} INFO - [2024-08-09T19:55:24.876+0200] {dag.py:3947} INFO - Setting next_dagrun for example_subdag_operator.section-2 to None, run_after=None
[2024-08-09T19:55:24.958+0200] {processor.py:183} INFO - Processing /home/bvpelt/Develop/airflowtut/py_env/lib/python3.10/site-packages/airflow/example_dags/example_subdag_operator.py took 0.123 seconds
[2024-08-09T19:56:13.046+0200] {processor.py:161} INFO - Started process (PID=20341) to work on /home/bvpelt/Develop/airflowtut/py_env/lib/python3.10/site-packages/airflow/example_dags/example_subdag_operator.py
[2024-08-09T19:56:13.050+0200] {processor.py:830} INFO - Processing file /home/bvpelt/Develop/airflowtut/py_env/lib/python3.10/site-packages/airflow/example_dags/example_subdag_operator.py for tasks to queue
[2024-08-09T19:56:13.051+0200] {logging_mixin.py:188} INFO - [2024-08-09T19:56:13.051+0200] {dagbag.py:545} INFO - Filling up the DagBag from /home/bvpelt/Develop/airflowtut/py_env/lib/python3.10/site-packages/airflow/example_dags/example_subdag_operator.py
[2024-08-09T19:56:13.063+0200] {processor.py:840} INFO - DAG(s) 'example_subdag_operator.section-1', 'example_subdag_operator.section-2', 'example_subdag_operator' retrieved from /home/bvpelt/Develop/airflowtut/py_env/lib/python3.10/site-packages/airflow/example_dags/example_subdag_operator.py
[2024-08-09T19:56:13.074+0200] {logging_mixin.py:188} INFO - [2024-08-09T19:56:13.073+0200] {dag.py:3089} INFO - Sync 3 DAGs
[2024-08-09T19:56:13.086+0200] {logging_mixin.py:188} INFO - [2024-08-09T19:56:13.086+0200] {dag.py:3947} INFO - Setting next_dagrun for example_subdag_operator to 2022-01-01 00:00:00+00:00, run_after=2022-01-01 00:00:00+00:00
[2024-08-09T19:56:13.088+0200] {logging_mixin.py:188} INFO - [2024-08-09T19:56:13.087+0200] {dag.py:3947} INFO - Setting next_dagrun for example_subdag_operator.section-1 to None, run_after=None
[2024-08-09T19:56:13.088+0200] {logging_mixin.py:188} INFO - [2024-08-09T19:56:13.088+0200] {dag.py:3947} INFO - Setting next_dagrun for example_subdag_operator.section-2 to None, run_after=None
[2024-08-09T19:56:13.091+0200] {logging_mixin.py:188} INFO - [2024-08-09T19:56:13.091+0200] {dag.py:3089} INFO - Sync 2 DAGs
[2024-08-09T19:56:13.094+0200] {logging_mixin.py:188} INFO - [2024-08-09T19:56:13.094+0200] {dag.py:3947} INFO - Setting next_dagrun for example_subdag_operator.section-1 to None, run_after=None
[2024-08-09T19:56:13.094+0200] {logging_mixin.py:188} INFO - [2024-08-09T19:56:13.094+0200] {dag.py:3947} INFO - Setting next_dagrun for example_subdag_operator.section-2 to None, run_after=None
[2024-08-09T19:56:13.202+0200] {processor.py:183} INFO - Processing /home/bvpelt/Develop/airflowtut/py_env/lib/python3.10/site-packages/airflow/example_dags/example_subdag_operator.py took 0.159 seconds
[2024-08-09T19:57:01.233+0200] {processor.py:161} INFO - Started process (PID=20394) to work on /home/bvpelt/Develop/airflowtut/py_env/lib/python3.10/site-packages/airflow/example_dags/example_subdag_operator.py
[2024-08-09T19:57:01.234+0200] {processor.py:830} INFO - Processing file /home/bvpelt/Develop/airflowtut/py_env/lib/python3.10/site-packages/airflow/example_dags/example_subdag_operator.py for tasks to queue
[2024-08-09T19:57:01.235+0200] {logging_mixin.py:188} INFO - [2024-08-09T19:57:01.235+0200] {dagbag.py:545} INFO - Filling up the DagBag from /home/bvpelt/Develop/airflowtut/py_env/lib/python3.10/site-packages/airflow/example_dags/example_subdag_operator.py
[2024-08-09T19:57:01.246+0200] {processor.py:840} INFO - DAG(s) 'example_subdag_operator.section-1', 'example_subdag_operator.section-2', 'example_subdag_operator' retrieved from /home/bvpelt/Develop/airflowtut/py_env/lib/python3.10/site-packages/airflow/example_dags/example_subdag_operator.py
[2024-08-09T19:57:01.254+0200] {logging_mixin.py:188} INFO - [2024-08-09T19:57:01.254+0200] {dag.py:3089} INFO - Sync 3 DAGs
[2024-08-09T19:57:01.265+0200] {logging_mixin.py:188} INFO - [2024-08-09T19:57:01.264+0200] {dag.py:3947} INFO - Setting next_dagrun for example_subdag_operator to 2022-01-01 00:00:00+00:00, run_after=2022-01-01 00:00:00+00:00
[2024-08-09T19:57:01.266+0200] {logging_mixin.py:188} INFO - [2024-08-09T19:57:01.266+0200] {dag.py:3947} INFO - Setting next_dagrun for example_subdag_operator.section-1 to None, run_after=None
[2024-08-09T19:57:01.267+0200] {logging_mixin.py:188} INFO - [2024-08-09T19:57:01.267+0200] {dag.py:3947} INFO - Setting next_dagrun for example_subdag_operator.section-2 to None, run_after=None
[2024-08-09T19:57:01.271+0200] {logging_mixin.py:188} INFO - [2024-08-09T19:57:01.271+0200] {dag.py:3089} INFO - Sync 2 DAGs
[2024-08-09T19:57:01.273+0200] {logging_mixin.py:188} INFO - [2024-08-09T19:57:01.273+0200] {dag.py:3947} INFO - Setting next_dagrun for example_subdag_operator.section-1 to None, run_after=None
[2024-08-09T19:57:01.273+0200] {logging_mixin.py:188} INFO - [2024-08-09T19:57:01.273+0200] {dag.py:3947} INFO - Setting next_dagrun for example_subdag_operator.section-2 to None, run_after=None
[2024-08-09T19:57:01.353+0200] {processor.py:183} INFO - Processing /home/bvpelt/Develop/airflowtut/py_env/lib/python3.10/site-packages/airflow/example_dags/example_subdag_operator.py took 0.122 seconds
[2024-08-09T19:57:52.696+0200] {processor.py:161} INFO - Started process (PID=20519) to work on /home/bvpelt/Develop/airflowtut/py_env/lib/python3.10/site-packages/airflow/example_dags/example_subdag_operator.py
[2024-08-09T19:57:52.696+0200] {processor.py:830} INFO - Processing file /home/bvpelt/Develop/airflowtut/py_env/lib/python3.10/site-packages/airflow/example_dags/example_subdag_operator.py for tasks to queue
[2024-08-09T19:57:52.697+0200] {logging_mixin.py:188} INFO - [2024-08-09T19:57:52.697+0200] {dagbag.py:545} INFO - Filling up the DagBag from /home/bvpelt/Develop/airflowtut/py_env/lib/python3.10/site-packages/airflow/example_dags/example_subdag_operator.py
[2024-08-09T19:57:52.708+0200] {processor.py:840} INFO - DAG(s) 'example_subdag_operator.section-1', 'example_subdag_operator.section-2', 'example_subdag_operator' retrieved from /home/bvpelt/Develop/airflowtut/py_env/lib/python3.10/site-packages/airflow/example_dags/example_subdag_operator.py
[2024-08-09T19:57:52.716+0200] {logging_mixin.py:188} INFO - [2024-08-09T19:57:52.716+0200] {dag.py:3089} INFO - Sync 3 DAGs
[2024-08-09T19:57:52.726+0200] {logging_mixin.py:188} INFO - [2024-08-09T19:57:52.726+0200] {dag.py:3947} INFO - Setting next_dagrun for example_subdag_operator to 2022-01-01 00:00:00+00:00, run_after=2022-01-01 00:00:00+00:00
[2024-08-09T19:57:52.728+0200] {logging_mixin.py:188} INFO - [2024-08-09T19:57:52.728+0200] {dag.py:3947} INFO - Setting next_dagrun for example_subdag_operator.section-1 to None, run_after=None
[2024-08-09T19:57:52.729+0200] {logging_mixin.py:188} INFO - [2024-08-09T19:57:52.729+0200] {dag.py:3947} INFO - Setting next_dagrun for example_subdag_operator.section-2 to None, run_after=None
[2024-08-09T19:57:52.732+0200] {logging_mixin.py:188} INFO - [2024-08-09T19:57:52.732+0200] {dag.py:3089} INFO - Sync 2 DAGs
[2024-08-09T19:57:52.734+0200] {logging_mixin.py:188} INFO - [2024-08-09T19:57:52.734+0200] {dag.py:3947} INFO - Setting next_dagrun for example_subdag_operator.section-1 to None, run_after=None
[2024-08-09T19:57:52.734+0200] {logging_mixin.py:188} INFO - [2024-08-09T19:57:52.734+0200] {dag.py:3947} INFO - Setting next_dagrun for example_subdag_operator.section-2 to None, run_after=None
[2024-08-09T19:57:52.823+0200] {processor.py:183} INFO - Processing /home/bvpelt/Develop/airflowtut/py_env/lib/python3.10/site-packages/airflow/example_dags/example_subdag_operator.py took 0.130 seconds
[2024-08-09T19:58:47.982+0200] {processor.py:161} INFO - Started process (PID=20647) to work on /home/bvpelt/Develop/airflowtut/py_env/lib/python3.10/site-packages/airflow/example_dags/example_subdag_operator.py
[2024-08-09T19:58:47.983+0200] {processor.py:830} INFO - Processing file /home/bvpelt/Develop/airflowtut/py_env/lib/python3.10/site-packages/airflow/example_dags/example_subdag_operator.py for tasks to queue
[2024-08-09T19:58:47.984+0200] {logging_mixin.py:188} INFO - [2024-08-09T19:58:47.983+0200] {dagbag.py:545} INFO - Filling up the DagBag from /home/bvpelt/Develop/airflowtut/py_env/lib/python3.10/site-packages/airflow/example_dags/example_subdag_operator.py
[2024-08-09T19:58:47.995+0200] {processor.py:840} INFO - DAG(s) 'example_subdag_operator.section-1', 'example_subdag_operator.section-2', 'example_subdag_operator' retrieved from /home/bvpelt/Develop/airflowtut/py_env/lib/python3.10/site-packages/airflow/example_dags/example_subdag_operator.py
[2024-08-09T19:58:48.004+0200] {logging_mixin.py:188} INFO - [2024-08-09T19:58:48.003+0200] {dag.py:3089} INFO - Sync 3 DAGs
[2024-08-09T19:58:48.015+0200] {logging_mixin.py:188} INFO - [2024-08-09T19:58:48.015+0200] {dag.py:3947} INFO - Setting next_dagrun for example_subdag_operator to 2022-01-01 00:00:00+00:00, run_after=2022-01-01 00:00:00+00:00
[2024-08-09T19:58:48.017+0200] {logging_mixin.py:188} INFO - [2024-08-09T19:58:48.016+0200] {dag.py:3947} INFO - Setting next_dagrun for example_subdag_operator.section-1 to None, run_after=None
[2024-08-09T19:58:48.017+0200] {logging_mixin.py:188} INFO - [2024-08-09T19:58:48.017+0200] {dag.py:3947} INFO - Setting next_dagrun for example_subdag_operator.section-2 to None, run_after=None
[2024-08-09T19:58:48.021+0200] {logging_mixin.py:188} INFO - [2024-08-09T19:58:48.021+0200] {dag.py:3089} INFO - Sync 2 DAGs
[2024-08-09T19:58:48.024+0200] {logging_mixin.py:188} INFO - [2024-08-09T19:58:48.024+0200] {dag.py:3947} INFO - Setting next_dagrun for example_subdag_operator.section-1 to None, run_after=None
[2024-08-09T19:58:48.024+0200] {logging_mixin.py:188} INFO - [2024-08-09T19:58:48.024+0200] {dag.py:3947} INFO - Setting next_dagrun for example_subdag_operator.section-2 to None, run_after=None
[2024-08-09T19:58:48.212+0200] {processor.py:183} INFO - Processing /home/bvpelt/Develop/airflowtut/py_env/lib/python3.10/site-packages/airflow/example_dags/example_subdag_operator.py took 0.233 seconds
[2024-08-09T19:59:44.731+0200] {processor.py:161} INFO - Started process (PID=20719) to work on /home/bvpelt/Develop/airflowtut/py_env/lib/python3.10/site-packages/airflow/example_dags/example_subdag_operator.py
[2024-08-09T19:59:44.731+0200] {processor.py:830} INFO - Processing file /home/bvpelt/Develop/airflowtut/py_env/lib/python3.10/site-packages/airflow/example_dags/example_subdag_operator.py for tasks to queue
[2024-08-09T19:59:44.732+0200] {logging_mixin.py:188} INFO - [2024-08-09T19:59:44.732+0200] {dagbag.py:545} INFO - Filling up the DagBag from /home/bvpelt/Develop/airflowtut/py_env/lib/python3.10/site-packages/airflow/example_dags/example_subdag_operator.py
[2024-08-09T19:59:44.743+0200] {processor.py:840} INFO - DAG(s) 'example_subdag_operator.section-1', 'example_subdag_operator.section-2', 'example_subdag_operator' retrieved from /home/bvpelt/Develop/airflowtut/py_env/lib/python3.10/site-packages/airflow/example_dags/example_subdag_operator.py
[2024-08-09T19:59:44.752+0200] {logging_mixin.py:188} INFO - [2024-08-09T19:59:44.751+0200] {dag.py:3089} INFO - Sync 3 DAGs
[2024-08-09T19:59:44.762+0200] {logging_mixin.py:188} INFO - [2024-08-09T19:59:44.762+0200] {dag.py:3947} INFO - Setting next_dagrun for example_subdag_operator to 2022-01-01 00:00:00+00:00, run_after=2022-01-01 00:00:00+00:00
[2024-08-09T19:59:44.764+0200] {logging_mixin.py:188} INFO - [2024-08-09T19:59:44.764+0200] {dag.py:3947} INFO - Setting next_dagrun for example_subdag_operator.section-1 to None, run_after=None
[2024-08-09T19:59:44.765+0200] {logging_mixin.py:188} INFO - [2024-08-09T19:59:44.764+0200] {dag.py:3947} INFO - Setting next_dagrun for example_subdag_operator.section-2 to None, run_after=None
[2024-08-09T19:59:44.768+0200] {logging_mixin.py:188} INFO - [2024-08-09T19:59:44.768+0200] {dag.py:3089} INFO - Sync 2 DAGs
[2024-08-09T19:59:44.770+0200] {logging_mixin.py:188} INFO - [2024-08-09T19:59:44.770+0200] {dag.py:3947} INFO - Setting next_dagrun for example_subdag_operator.section-1 to None, run_after=None
[2024-08-09T19:59:44.770+0200] {logging_mixin.py:188} INFO - [2024-08-09T19:59:44.770+0200] {dag.py:3947} INFO - Setting next_dagrun for example_subdag_operator.section-2 to None, run_after=None
[2024-08-09T19:59:44.887+0200] {processor.py:183} INFO - Processing /home/bvpelt/Develop/airflowtut/py_env/lib/python3.10/site-packages/airflow/example_dags/example_subdag_operator.py took 0.159 seconds
[2024-08-09T20:00:34.545+0200] {processor.py:161} INFO - Started process (PID=20795) to work on /home/bvpelt/Develop/airflowtut/py_env/lib/python3.10/site-packages/airflow/example_dags/example_subdag_operator.py
[2024-08-09T20:00:34.545+0200] {processor.py:830} INFO - Processing file /home/bvpelt/Develop/airflowtut/py_env/lib/python3.10/site-packages/airflow/example_dags/example_subdag_operator.py for tasks to queue
[2024-08-09T20:00:34.546+0200] {logging_mixin.py:188} INFO - [2024-08-09T20:00:34.546+0200] {dagbag.py:545} INFO - Filling up the DagBag from /home/bvpelt/Develop/airflowtut/py_env/lib/python3.10/site-packages/airflow/example_dags/example_subdag_operator.py
[2024-08-09T20:00:34.557+0200] {processor.py:840} INFO - DAG(s) 'example_subdag_operator.section-1', 'example_subdag_operator.section-2', 'example_subdag_operator' retrieved from /home/bvpelt/Develop/airflowtut/py_env/lib/python3.10/site-packages/airflow/example_dags/example_subdag_operator.py
[2024-08-09T20:00:34.565+0200] {logging_mixin.py:188} INFO - [2024-08-09T20:00:34.565+0200] {dag.py:3089} INFO - Sync 3 DAGs
[2024-08-09T20:00:34.576+0200] {logging_mixin.py:188} INFO - [2024-08-09T20:00:34.576+0200] {dag.py:3947} INFO - Setting next_dagrun for example_subdag_operator to 2022-01-01 00:00:00+00:00, run_after=2022-01-01 00:00:00+00:00
[2024-08-09T20:00:34.578+0200] {logging_mixin.py:188} INFO - [2024-08-09T20:00:34.577+0200] {dag.py:3947} INFO - Setting next_dagrun for example_subdag_operator.section-1 to None, run_after=None
[2024-08-09T20:00:34.578+0200] {logging_mixin.py:188} INFO - [2024-08-09T20:00:34.578+0200] {dag.py:3947} INFO - Setting next_dagrun for example_subdag_operator.section-2 to None, run_after=None
[2024-08-09T20:00:34.582+0200] {logging_mixin.py:188} INFO - [2024-08-09T20:00:34.581+0200] {dag.py:3089} INFO - Sync 2 DAGs
[2024-08-09T20:00:34.584+0200] {logging_mixin.py:188} INFO - [2024-08-09T20:00:34.584+0200] {dag.py:3947} INFO - Setting next_dagrun for example_subdag_operator.section-1 to None, run_after=None
[2024-08-09T20:00:34.584+0200] {logging_mixin.py:188} INFO - [2024-08-09T20:00:34.584+0200] {dag.py:3947} INFO - Setting next_dagrun for example_subdag_operator.section-2 to None, run_after=None
[2024-08-09T20:00:34.679+0200] {processor.py:183} INFO - Processing /home/bvpelt/Develop/airflowtut/py_env/lib/python3.10/site-packages/airflow/example_dags/example_subdag_operator.py took 0.137 seconds
[2024-08-09T20:01:25.300+0200] {processor.py:161} INFO - Started process (PID=20855) to work on /home/bvpelt/Develop/airflowtut/py_env/lib/python3.10/site-packages/airflow/example_dags/example_subdag_operator.py
[2024-08-09T20:01:25.301+0200] {processor.py:830} INFO - Processing file /home/bvpelt/Develop/airflowtut/py_env/lib/python3.10/site-packages/airflow/example_dags/example_subdag_operator.py for tasks to queue
[2024-08-09T20:01:25.302+0200] {logging_mixin.py:188} INFO - [2024-08-09T20:01:25.301+0200] {dagbag.py:545} INFO - Filling up the DagBag from /home/bvpelt/Develop/airflowtut/py_env/lib/python3.10/site-packages/airflow/example_dags/example_subdag_operator.py
[2024-08-09T20:01:25.312+0200] {processor.py:840} INFO - DAG(s) 'example_subdag_operator.section-1', 'example_subdag_operator.section-2', 'example_subdag_operator' retrieved from /home/bvpelt/Develop/airflowtut/py_env/lib/python3.10/site-packages/airflow/example_dags/example_subdag_operator.py
[2024-08-09T20:01:25.320+0200] {logging_mixin.py:188} INFO - [2024-08-09T20:01:25.320+0200] {dag.py:3089} INFO - Sync 3 DAGs
[2024-08-09T20:01:25.331+0200] {logging_mixin.py:188} INFO - [2024-08-09T20:01:25.331+0200] {dag.py:3947} INFO - Setting next_dagrun for example_subdag_operator to 2022-01-01 00:00:00+00:00, run_after=2022-01-01 00:00:00+00:00
[2024-08-09T20:01:25.333+0200] {logging_mixin.py:188} INFO - [2024-08-09T20:01:25.333+0200] {dag.py:3947} INFO - Setting next_dagrun for example_subdag_operator.section-1 to None, run_after=None
[2024-08-09T20:01:25.333+0200] {logging_mixin.py:188} INFO - [2024-08-09T20:01:25.333+0200] {dag.py:3947} INFO - Setting next_dagrun for example_subdag_operator.section-2 to None, run_after=None
[2024-08-09T20:01:25.337+0200] {logging_mixin.py:188} INFO - [2024-08-09T20:01:25.337+0200] {dag.py:3089} INFO - Sync 2 DAGs
[2024-08-09T20:01:25.339+0200] {logging_mixin.py:188} INFO - [2024-08-09T20:01:25.339+0200] {dag.py:3947} INFO - Setting next_dagrun for example_subdag_operator.section-1 to None, run_after=None
[2024-08-09T20:01:25.339+0200] {logging_mixin.py:188} INFO - [2024-08-09T20:01:25.339+0200] {dag.py:3947} INFO - Setting next_dagrun for example_subdag_operator.section-2 to None, run_after=None
[2024-08-09T20:01:25.399+0200] {processor.py:183} INFO - Processing /home/bvpelt/Develop/airflowtut/py_env/lib/python3.10/site-packages/airflow/example_dags/example_subdag_operator.py took 0.101 seconds
[2024-08-09T20:02:15.092+0200] {processor.py:161} INFO - Started process (PID=20985) to work on /home/bvpelt/Develop/airflowtut/py_env/lib/python3.10/site-packages/airflow/example_dags/example_subdag_operator.py
[2024-08-09T20:02:15.104+0200] {processor.py:830} INFO - Processing file /home/bvpelt/Develop/airflowtut/py_env/lib/python3.10/site-packages/airflow/example_dags/example_subdag_operator.py for tasks to queue
[2024-08-09T20:02:15.105+0200] {logging_mixin.py:188} INFO - [2024-08-09T20:02:15.105+0200] {dagbag.py:545} INFO - Filling up the DagBag from /home/bvpelt/Develop/airflowtut/py_env/lib/python3.10/site-packages/airflow/example_dags/example_subdag_operator.py
[2024-08-09T20:02:15.116+0200] {processor.py:840} INFO - DAG(s) 'example_subdag_operator.section-1', 'example_subdag_operator.section-2', 'example_subdag_operator' retrieved from /home/bvpelt/Develop/airflowtut/py_env/lib/python3.10/site-packages/airflow/example_dags/example_subdag_operator.py
[2024-08-09T20:02:15.126+0200] {logging_mixin.py:188} INFO - [2024-08-09T20:02:15.125+0200] {dag.py:3089} INFO - Sync 3 DAGs
[2024-08-09T20:02:15.138+0200] {logging_mixin.py:188} INFO - [2024-08-09T20:02:15.138+0200] {dag.py:3947} INFO - Setting next_dagrun for example_subdag_operator to 2022-01-01 00:00:00+00:00, run_after=2022-01-01 00:00:00+00:00
[2024-08-09T20:02:15.140+0200] {logging_mixin.py:188} INFO - [2024-08-09T20:02:15.140+0200] {dag.py:3947} INFO - Setting next_dagrun for example_subdag_operator.section-1 to None, run_after=None
[2024-08-09T20:02:15.140+0200] {logging_mixin.py:188} INFO - [2024-08-09T20:02:15.140+0200] {dag.py:3947} INFO - Setting next_dagrun for example_subdag_operator.section-2 to None, run_after=None
[2024-08-09T20:02:15.144+0200] {logging_mixin.py:188} INFO - [2024-08-09T20:02:15.144+0200] {dag.py:3089} INFO - Sync 2 DAGs
[2024-08-09T20:02:15.146+0200] {logging_mixin.py:188} INFO - [2024-08-09T20:02:15.146+0200] {dag.py:3947} INFO - Setting next_dagrun for example_subdag_operator.section-1 to None, run_after=None
[2024-08-09T20:02:15.147+0200] {logging_mixin.py:188} INFO - [2024-08-09T20:02:15.146+0200] {dag.py:3947} INFO - Setting next_dagrun for example_subdag_operator.section-2 to None, run_after=None
[2024-08-09T20:02:15.232+0200] {processor.py:183} INFO - Processing /home/bvpelt/Develop/airflowtut/py_env/lib/python3.10/site-packages/airflow/example_dags/example_subdag_operator.py took 0.142 seconds
[2024-08-09T20:03:11.093+0200] {processor.py:161} INFO - Started process (PID=21081) to work on /home/bvpelt/Develop/airflowtut/py_env/lib/python3.10/site-packages/airflow/example_dags/example_subdag_operator.py
[2024-08-09T20:03:11.097+0200] {processor.py:830} INFO - Processing file /home/bvpelt/Develop/airflowtut/py_env/lib/python3.10/site-packages/airflow/example_dags/example_subdag_operator.py for tasks to queue
[2024-08-09T20:03:11.098+0200] {logging_mixin.py:188} INFO - [2024-08-09T20:03:11.098+0200] {dagbag.py:545} INFO - Filling up the DagBag from /home/bvpelt/Develop/airflowtut/py_env/lib/python3.10/site-packages/airflow/example_dags/example_subdag_operator.py
[2024-08-09T20:03:11.109+0200] {processor.py:840} INFO - DAG(s) 'example_subdag_operator.section-1', 'example_subdag_operator.section-2', 'example_subdag_operator' retrieved from /home/bvpelt/Develop/airflowtut/py_env/lib/python3.10/site-packages/airflow/example_dags/example_subdag_operator.py
[2024-08-09T20:03:11.117+0200] {logging_mixin.py:188} INFO - [2024-08-09T20:03:11.117+0200] {dag.py:3089} INFO - Sync 3 DAGs
[2024-08-09T20:03:11.128+0200] {logging_mixin.py:188} INFO - [2024-08-09T20:03:11.127+0200] {dag.py:3947} INFO - Setting next_dagrun for example_subdag_operator to 2022-01-01 00:00:00+00:00, run_after=2022-01-01 00:00:00+00:00
[2024-08-09T20:03:11.129+0200] {logging_mixin.py:188} INFO - [2024-08-09T20:03:11.129+0200] {dag.py:3947} INFO - Setting next_dagrun for example_subdag_operator.section-1 to None, run_after=None
[2024-08-09T20:03:11.130+0200] {logging_mixin.py:188} INFO - [2024-08-09T20:03:11.130+0200] {dag.py:3947} INFO - Setting next_dagrun for example_subdag_operator.section-2 to None, run_after=None
[2024-08-09T20:03:11.133+0200] {logging_mixin.py:188} INFO - [2024-08-09T20:03:11.133+0200] {dag.py:3089} INFO - Sync 2 DAGs
[2024-08-09T20:03:11.135+0200] {logging_mixin.py:188} INFO - [2024-08-09T20:03:11.135+0200] {dag.py:3947} INFO - Setting next_dagrun for example_subdag_operator.section-1 to None, run_after=None
[2024-08-09T20:03:11.136+0200] {logging_mixin.py:188} INFO - [2024-08-09T20:03:11.136+0200] {dag.py:3947} INFO - Setting next_dagrun for example_subdag_operator.section-2 to None, run_after=None
[2024-08-09T20:03:11.212+0200] {processor.py:183} INFO - Processing /home/bvpelt/Develop/airflowtut/py_env/lib/python3.10/site-packages/airflow/example_dags/example_subdag_operator.py took 0.123 seconds
[2024-08-09T20:04:07.533+0200] {processor.py:161} INFO - Started process (PID=21138) to work on /home/bvpelt/Develop/airflowtut/py_env/lib/python3.10/site-packages/airflow/example_dags/example_subdag_operator.py
[2024-08-09T20:04:07.534+0200] {processor.py:830} INFO - Processing file /home/bvpelt/Develop/airflowtut/py_env/lib/python3.10/site-packages/airflow/example_dags/example_subdag_operator.py for tasks to queue
[2024-08-09T20:04:07.535+0200] {logging_mixin.py:188} INFO - [2024-08-09T20:04:07.534+0200] {dagbag.py:545} INFO - Filling up the DagBag from /home/bvpelt/Develop/airflowtut/py_env/lib/python3.10/site-packages/airflow/example_dags/example_subdag_operator.py
[2024-08-09T20:04:07.546+0200] {processor.py:840} INFO - DAG(s) 'example_subdag_operator.section-1', 'example_subdag_operator.section-2', 'example_subdag_operator' retrieved from /home/bvpelt/Develop/airflowtut/py_env/lib/python3.10/site-packages/airflow/example_dags/example_subdag_operator.py
[2024-08-09T20:04:07.555+0200] {logging_mixin.py:188} INFO - [2024-08-09T20:04:07.555+0200] {dag.py:3089} INFO - Sync 3 DAGs
[2024-08-09T20:04:07.567+0200] {logging_mixin.py:188} INFO - [2024-08-09T20:04:07.567+0200] {dag.py:3947} INFO - Setting next_dagrun for example_subdag_operator to 2022-01-01 00:00:00+00:00, run_after=2022-01-01 00:00:00+00:00
[2024-08-09T20:04:07.569+0200] {logging_mixin.py:188} INFO - [2024-08-09T20:04:07.569+0200] {dag.py:3947} INFO - Setting next_dagrun for example_subdag_operator.section-1 to None, run_after=None
[2024-08-09T20:04:07.570+0200] {logging_mixin.py:188} INFO - [2024-08-09T20:04:07.569+0200] {dag.py:3947} INFO - Setting next_dagrun for example_subdag_operator.section-2 to None, run_after=None
[2024-08-09T20:04:07.573+0200] {logging_mixin.py:188} INFO - [2024-08-09T20:04:07.573+0200] {dag.py:3089} INFO - Sync 2 DAGs
[2024-08-09T20:04:07.575+0200] {logging_mixin.py:188} INFO - [2024-08-09T20:04:07.575+0200] {dag.py:3947} INFO - Setting next_dagrun for example_subdag_operator.section-1 to None, run_after=None
[2024-08-09T20:04:07.575+0200] {logging_mixin.py:188} INFO - [2024-08-09T20:04:07.575+0200] {dag.py:3947} INFO - Setting next_dagrun for example_subdag_operator.section-2 to None, run_after=None
[2024-08-09T20:04:07.664+0200] {processor.py:183} INFO - Processing /home/bvpelt/Develop/airflowtut/py_env/lib/python3.10/site-packages/airflow/example_dags/example_subdag_operator.py took 0.134 seconds
[2024-08-09T20:04:57.492+0200] {processor.py:161} INFO - Started process (PID=21259) to work on /home/bvpelt/Develop/airflowtut/py_env/lib/python3.10/site-packages/airflow/example_dags/example_subdag_operator.py
[2024-08-09T20:04:57.492+0200] {processor.py:830} INFO - Processing file /home/bvpelt/Develop/airflowtut/py_env/lib/python3.10/site-packages/airflow/example_dags/example_subdag_operator.py for tasks to queue
[2024-08-09T20:04:57.493+0200] {logging_mixin.py:188} INFO - [2024-08-09T20:04:57.493+0200] {dagbag.py:545} INFO - Filling up the DagBag from /home/bvpelt/Develop/airflowtut/py_env/lib/python3.10/site-packages/airflow/example_dags/example_subdag_operator.py
[2024-08-09T20:04:57.504+0200] {processor.py:840} INFO - DAG(s) 'example_subdag_operator.section-1', 'example_subdag_operator.section-2', 'example_subdag_operator' retrieved from /home/bvpelt/Develop/airflowtut/py_env/lib/python3.10/site-packages/airflow/example_dags/example_subdag_operator.py
[2024-08-09T20:04:57.513+0200] {logging_mixin.py:188} INFO - [2024-08-09T20:04:57.513+0200] {dag.py:3089} INFO - Sync 3 DAGs
[2024-08-09T20:04:57.525+0200] {logging_mixin.py:188} INFO - [2024-08-09T20:04:57.524+0200] {dag.py:3947} INFO - Setting next_dagrun for example_subdag_operator to 2022-01-01 00:00:00+00:00, run_after=2022-01-01 00:00:00+00:00
[2024-08-09T20:04:57.527+0200] {logging_mixin.py:188} INFO - [2024-08-09T20:04:57.527+0200] {dag.py:3947} INFO - Setting next_dagrun for example_subdag_operator.section-1 to None, run_after=None
[2024-08-09T20:04:57.527+0200] {logging_mixin.py:188} INFO - [2024-08-09T20:04:57.527+0200] {dag.py:3947} INFO - Setting next_dagrun for example_subdag_operator.section-2 to None, run_after=None
[2024-08-09T20:04:57.531+0200] {logging_mixin.py:188} INFO - [2024-08-09T20:04:57.531+0200] {dag.py:3089} INFO - Sync 2 DAGs
[2024-08-09T20:04:57.534+0200] {logging_mixin.py:188} INFO - [2024-08-09T20:04:57.533+0200] {dag.py:3947} INFO - Setting next_dagrun for example_subdag_operator.section-1 to None, run_after=None
[2024-08-09T20:04:57.534+0200] {logging_mixin.py:188} INFO - [2024-08-09T20:04:57.534+0200] {dag.py:3947} INFO - Setting next_dagrun for example_subdag_operator.section-2 to None, run_after=None
[2024-08-09T20:04:57.610+0200] {processor.py:183} INFO - Processing /home/bvpelt/Develop/airflowtut/py_env/lib/python3.10/site-packages/airflow/example_dags/example_subdag_operator.py took 0.122 seconds
[2024-08-09T20:05:53.322+0200] {processor.py:161} INFO - Started process (PID=21382) to work on /home/bvpelt/Develop/airflowtut/py_env/lib/python3.10/site-packages/airflow/example_dags/example_subdag_operator.py
[2024-08-09T20:05:53.340+0200] {processor.py:830} INFO - Processing file /home/bvpelt/Develop/airflowtut/py_env/lib/python3.10/site-packages/airflow/example_dags/example_subdag_operator.py for tasks to queue
[2024-08-09T20:05:53.341+0200] {logging_mixin.py:188} INFO - [2024-08-09T20:05:53.341+0200] {dagbag.py:545} INFO - Filling up the DagBag from /home/bvpelt/Develop/airflowtut/py_env/lib/python3.10/site-packages/airflow/example_dags/example_subdag_operator.py
[2024-08-09T20:05:53.353+0200] {processor.py:840} INFO - DAG(s) 'example_subdag_operator.section-1', 'example_subdag_operator.section-2', 'example_subdag_operator' retrieved from /home/bvpelt/Develop/airflowtut/py_env/lib/python3.10/site-packages/airflow/example_dags/example_subdag_operator.py
[2024-08-09T20:05:53.362+0200] {logging_mixin.py:188} INFO - [2024-08-09T20:05:53.362+0200] {dag.py:3089} INFO - Sync 3 DAGs
[2024-08-09T20:05:53.372+0200] {logging_mixin.py:188} INFO - [2024-08-09T20:05:53.372+0200] {dag.py:3947} INFO - Setting next_dagrun for example_subdag_operator to 2022-01-01 00:00:00+00:00, run_after=2022-01-01 00:00:00+00:00
[2024-08-09T20:05:53.374+0200] {logging_mixin.py:188} INFO - [2024-08-09T20:05:53.374+0200] {dag.py:3947} INFO - Setting next_dagrun for example_subdag_operator.section-1 to None, run_after=None
[2024-08-09T20:05:53.375+0200] {logging_mixin.py:188} INFO - [2024-08-09T20:05:53.375+0200] {dag.py:3947} INFO - Setting next_dagrun for example_subdag_operator.section-2 to None, run_after=None
[2024-08-09T20:05:53.378+0200] {logging_mixin.py:188} INFO - [2024-08-09T20:05:53.378+0200] {dag.py:3089} INFO - Sync 2 DAGs
[2024-08-09T20:05:53.380+0200] {logging_mixin.py:188} INFO - [2024-08-09T20:05:53.380+0200] {dag.py:3947} INFO - Setting next_dagrun for example_subdag_operator.section-1 to None, run_after=None
[2024-08-09T20:05:53.381+0200] {logging_mixin.py:188} INFO - [2024-08-09T20:05:53.381+0200] {dag.py:3947} INFO - Setting next_dagrun for example_subdag_operator.section-2 to None, run_after=None
[2024-08-09T20:05:53.591+0200] {processor.py:183} INFO - Processing /home/bvpelt/Develop/airflowtut/py_env/lib/python3.10/site-packages/airflow/example_dags/example_subdag_operator.py took 0.272 seconds
[2024-08-09T20:06:49.500+0200] {processor.py:161} INFO - Started process (PID=21475) to work on /home/bvpelt/Develop/airflowtut/py_env/lib/python3.10/site-packages/airflow/example_dags/example_subdag_operator.py
[2024-08-09T20:06:49.501+0200] {processor.py:830} INFO - Processing file /home/bvpelt/Develop/airflowtut/py_env/lib/python3.10/site-packages/airflow/example_dags/example_subdag_operator.py for tasks to queue
[2024-08-09T20:06:49.502+0200] {logging_mixin.py:188} INFO - [2024-08-09T20:06:49.501+0200] {dagbag.py:545} INFO - Filling up the DagBag from /home/bvpelt/Develop/airflowtut/py_env/lib/python3.10/site-packages/airflow/example_dags/example_subdag_operator.py
[2024-08-09T20:06:49.512+0200] {processor.py:840} INFO - DAG(s) 'example_subdag_operator.section-1', 'example_subdag_operator.section-2', 'example_subdag_operator' retrieved from /home/bvpelt/Develop/airflowtut/py_env/lib/python3.10/site-packages/airflow/example_dags/example_subdag_operator.py
[2024-08-09T20:06:49.521+0200] {logging_mixin.py:188} INFO - [2024-08-09T20:06:49.521+0200] {dag.py:3089} INFO - Sync 3 DAGs
[2024-08-09T20:06:49.533+0200] {logging_mixin.py:188} INFO - [2024-08-09T20:06:49.532+0200] {dag.py:3947} INFO - Setting next_dagrun for example_subdag_operator to 2022-01-01 00:00:00+00:00, run_after=2022-01-01 00:00:00+00:00
[2024-08-09T20:06:49.534+0200] {logging_mixin.py:188} INFO - [2024-08-09T20:06:49.534+0200] {dag.py:3947} INFO - Setting next_dagrun for example_subdag_operator.section-1 to None, run_after=None
[2024-08-09T20:06:49.535+0200] {logging_mixin.py:188} INFO - [2024-08-09T20:06:49.535+0200] {dag.py:3947} INFO - Setting next_dagrun for example_subdag_operator.section-2 to None, run_after=None
[2024-08-09T20:06:49.538+0200] {logging_mixin.py:188} INFO - [2024-08-09T20:06:49.538+0200] {dag.py:3089} INFO - Sync 2 DAGs
[2024-08-09T20:06:49.540+0200] {logging_mixin.py:188} INFO - [2024-08-09T20:06:49.540+0200] {dag.py:3947} INFO - Setting next_dagrun for example_subdag_operator.section-1 to None, run_after=None
[2024-08-09T20:06:49.541+0200] {logging_mixin.py:188} INFO - [2024-08-09T20:06:49.540+0200] {dag.py:3947} INFO - Setting next_dagrun for example_subdag_operator.section-2 to None, run_after=None
[2024-08-09T20:06:49.633+0200] {processor.py:183} INFO - Processing /home/bvpelt/Develop/airflowtut/py_env/lib/python3.10/site-packages/airflow/example_dags/example_subdag_operator.py took 0.135 seconds
[2024-08-09T20:07:40.956+0200] {processor.py:161} INFO - Started process (PID=21603) to work on /home/bvpelt/Develop/airflowtut/py_env/lib/python3.10/site-packages/airflow/example_dags/example_subdag_operator.py
[2024-08-09T20:07:40.967+0200] {processor.py:830} INFO - Processing file /home/bvpelt/Develop/airflowtut/py_env/lib/python3.10/site-packages/airflow/example_dags/example_subdag_operator.py for tasks to queue
[2024-08-09T20:07:40.971+0200] {logging_mixin.py:188} INFO - [2024-08-09T20:07:40.970+0200] {dagbag.py:545} INFO - Filling up the DagBag from /home/bvpelt/Develop/airflowtut/py_env/lib/python3.10/site-packages/airflow/example_dags/example_subdag_operator.py
[2024-08-09T20:07:40.983+0200] {processor.py:840} INFO - DAG(s) 'example_subdag_operator.section-1', 'example_subdag_operator.section-2', 'example_subdag_operator' retrieved from /home/bvpelt/Develop/airflowtut/py_env/lib/python3.10/site-packages/airflow/example_dags/example_subdag_operator.py
[2024-08-09T20:07:40.991+0200] {logging_mixin.py:188} INFO - [2024-08-09T20:07:40.991+0200] {dag.py:3089} INFO - Sync 3 DAGs
[2024-08-09T20:07:41.002+0200] {logging_mixin.py:188} INFO - [2024-08-09T20:07:41.002+0200] {dag.py:3947} INFO - Setting next_dagrun for example_subdag_operator to 2022-01-01 00:00:00+00:00, run_after=2022-01-01 00:00:00+00:00
[2024-08-09T20:07:41.005+0200] {logging_mixin.py:188} INFO - [2024-08-09T20:07:41.004+0200] {dag.py:3947} INFO - Setting next_dagrun for example_subdag_operator.section-1 to None, run_after=None
[2024-08-09T20:07:41.005+0200] {logging_mixin.py:188} INFO - [2024-08-09T20:07:41.005+0200] {dag.py:3947} INFO - Setting next_dagrun for example_subdag_operator.section-2 to None, run_after=None
[2024-08-09T20:07:41.008+0200] {logging_mixin.py:188} INFO - [2024-08-09T20:07:41.008+0200] {dag.py:3089} INFO - Sync 2 DAGs
[2024-08-09T20:07:41.011+0200] {logging_mixin.py:188} INFO - [2024-08-09T20:07:41.010+0200] {dag.py:3947} INFO - Setting next_dagrun for example_subdag_operator.section-1 to None, run_after=None
[2024-08-09T20:07:41.011+0200] {logging_mixin.py:188} INFO - [2024-08-09T20:07:41.011+0200] {dag.py:3947} INFO - Setting next_dagrun for example_subdag_operator.section-2 to None, run_after=None
[2024-08-09T20:07:41.105+0200] {processor.py:183} INFO - Processing /home/bvpelt/Develop/airflowtut/py_env/lib/python3.10/site-packages/airflow/example_dags/example_subdag_operator.py took 0.152 seconds
[2024-08-09T20:08:31.776+0200] {processor.py:161} INFO - Started process (PID=21687) to work on /home/bvpelt/Develop/airflowtut/py_env/lib/python3.10/site-packages/airflow/example_dags/example_subdag_operator.py
[2024-08-09T20:08:31.797+0200] {processor.py:830} INFO - Processing file /home/bvpelt/Develop/airflowtut/py_env/lib/python3.10/site-packages/airflow/example_dags/example_subdag_operator.py for tasks to queue
[2024-08-09T20:08:31.799+0200] {logging_mixin.py:188} INFO - [2024-08-09T20:08:31.798+0200] {dagbag.py:545} INFO - Filling up the DagBag from /home/bvpelt/Develop/airflowtut/py_env/lib/python3.10/site-packages/airflow/example_dags/example_subdag_operator.py
[2024-08-09T20:08:31.811+0200] {processor.py:840} INFO - DAG(s) 'example_subdag_operator.section-1', 'example_subdag_operator.section-2', 'example_subdag_operator' retrieved from /home/bvpelt/Develop/airflowtut/py_env/lib/python3.10/site-packages/airflow/example_dags/example_subdag_operator.py
[2024-08-09T20:08:31.819+0200] {logging_mixin.py:188} INFO - [2024-08-09T20:08:31.819+0200] {dag.py:3089} INFO - Sync 3 DAGs
[2024-08-09T20:08:31.830+0200] {logging_mixin.py:188} INFO - [2024-08-09T20:08:31.830+0200] {dag.py:3947} INFO - Setting next_dagrun for example_subdag_operator to 2022-01-01 00:00:00+00:00, run_after=2022-01-01 00:00:00+00:00
[2024-08-09T20:08:31.832+0200] {logging_mixin.py:188} INFO - [2024-08-09T20:08:31.832+0200] {dag.py:3947} INFO - Setting next_dagrun for example_subdag_operator.section-1 to None, run_after=None
[2024-08-09T20:08:31.832+0200] {logging_mixin.py:188} INFO - [2024-08-09T20:08:31.832+0200] {dag.py:3947} INFO - Setting next_dagrun for example_subdag_operator.section-2 to None, run_after=None
[2024-08-09T20:08:31.836+0200] {logging_mixin.py:188} INFO - [2024-08-09T20:08:31.836+0200] {dag.py:3089} INFO - Sync 2 DAGs
[2024-08-09T20:08:31.838+0200] {logging_mixin.py:188} INFO - [2024-08-09T20:08:31.838+0200] {dag.py:3947} INFO - Setting next_dagrun for example_subdag_operator.section-1 to None, run_after=None
[2024-08-09T20:08:31.838+0200] {logging_mixin.py:188} INFO - [2024-08-09T20:08:31.838+0200] {dag.py:3947} INFO - Setting next_dagrun for example_subdag_operator.section-2 to None, run_after=None
[2024-08-09T20:08:31.911+0200] {processor.py:183} INFO - Processing /home/bvpelt/Develop/airflowtut/py_env/lib/python3.10/site-packages/airflow/example_dags/example_subdag_operator.py took 0.138 seconds
[2024-08-09T20:09:25.344+0200] {processor.py:161} INFO - Started process (PID=21745) to work on /home/bvpelt/Develop/airflowtut/py_env/lib/python3.10/site-packages/airflow/example_dags/example_subdag_operator.py
[2024-08-09T20:09:25.354+0200] {processor.py:830} INFO - Processing file /home/bvpelt/Develop/airflowtut/py_env/lib/python3.10/site-packages/airflow/example_dags/example_subdag_operator.py for tasks to queue
[2024-08-09T20:09:25.355+0200] {logging_mixin.py:188} INFO - [2024-08-09T20:09:25.355+0200] {dagbag.py:545} INFO - Filling up the DagBag from /home/bvpelt/Develop/airflowtut/py_env/lib/python3.10/site-packages/airflow/example_dags/example_subdag_operator.py
[2024-08-09T20:09:25.369+0200] {processor.py:840} INFO - DAG(s) 'example_subdag_operator.section-1', 'example_subdag_operator.section-2', 'example_subdag_operator' retrieved from /home/bvpelt/Develop/airflowtut/py_env/lib/python3.10/site-packages/airflow/example_dags/example_subdag_operator.py
[2024-08-09T20:09:25.381+0200] {logging_mixin.py:188} INFO - [2024-08-09T20:09:25.381+0200] {dag.py:3089} INFO - Sync 3 DAGs
[2024-08-09T20:09:25.394+0200] {logging_mixin.py:188} INFO - [2024-08-09T20:09:25.394+0200] {dag.py:3947} INFO - Setting next_dagrun for example_subdag_operator to 2022-01-01 00:00:00+00:00, run_after=2022-01-01 00:00:00+00:00
[2024-08-09T20:09:25.396+0200] {logging_mixin.py:188} INFO - [2024-08-09T20:09:25.396+0200] {dag.py:3947} INFO - Setting next_dagrun for example_subdag_operator.section-1 to None, run_after=None
[2024-08-09T20:09:25.397+0200] {logging_mixin.py:188} INFO - [2024-08-09T20:09:25.397+0200] {dag.py:3947} INFO - Setting next_dagrun for example_subdag_operator.section-2 to None, run_after=None
[2024-08-09T20:09:25.400+0200] {logging_mixin.py:188} INFO - [2024-08-09T20:09:25.400+0200] {dag.py:3089} INFO - Sync 2 DAGs
[2024-08-09T20:09:25.403+0200] {logging_mixin.py:188} INFO - [2024-08-09T20:09:25.403+0200] {dag.py:3947} INFO - Setting next_dagrun for example_subdag_operator.section-1 to None, run_after=None
[2024-08-09T20:09:25.403+0200] {logging_mixin.py:188} INFO - [2024-08-09T20:09:25.403+0200] {dag.py:3947} INFO - Setting next_dagrun for example_subdag_operator.section-2 to None, run_after=None
[2024-08-09T20:09:25.491+0200] {processor.py:183} INFO - Processing /home/bvpelt/Develop/airflowtut/py_env/lib/python3.10/site-packages/airflow/example_dags/example_subdag_operator.py took 0.150 seconds
[2024-08-09T20:10:14.023+0200] {processor.py:161} INFO - Started process (PID=21815) to work on /home/bvpelt/Develop/airflowtut/py_env/lib/python3.10/site-packages/airflow/example_dags/example_subdag_operator.py
[2024-08-09T20:10:14.035+0200] {processor.py:830} INFO - Processing file /home/bvpelt/Develop/airflowtut/py_env/lib/python3.10/site-packages/airflow/example_dags/example_subdag_operator.py for tasks to queue
[2024-08-09T20:10:14.036+0200] {logging_mixin.py:188} INFO - [2024-08-09T20:10:14.036+0200] {dagbag.py:545} INFO - Filling up the DagBag from /home/bvpelt/Develop/airflowtut/py_env/lib/python3.10/site-packages/airflow/example_dags/example_subdag_operator.py
[2024-08-09T20:10:14.047+0200] {processor.py:840} INFO - DAG(s) 'example_subdag_operator.section-1', 'example_subdag_operator.section-2', 'example_subdag_operator' retrieved from /home/bvpelt/Develop/airflowtut/py_env/lib/python3.10/site-packages/airflow/example_dags/example_subdag_operator.py
[2024-08-09T20:10:14.056+0200] {logging_mixin.py:188} INFO - [2024-08-09T20:10:14.056+0200] {dag.py:3089} INFO - Sync 3 DAGs
[2024-08-09T20:10:14.067+0200] {logging_mixin.py:188} INFO - [2024-08-09T20:10:14.066+0200] {dag.py:3947} INFO - Setting next_dagrun for example_subdag_operator to 2022-01-01 00:00:00+00:00, run_after=2022-01-01 00:00:00+00:00
[2024-08-09T20:10:14.068+0200] {logging_mixin.py:188} INFO - [2024-08-09T20:10:14.068+0200] {dag.py:3947} INFO - Setting next_dagrun for example_subdag_operator.section-1 to None, run_after=None
[2024-08-09T20:10:14.069+0200] {logging_mixin.py:188} INFO - [2024-08-09T20:10:14.069+0200] {dag.py:3947} INFO - Setting next_dagrun for example_subdag_operator.section-2 to None, run_after=None
[2024-08-09T20:10:14.072+0200] {logging_mixin.py:188} INFO - [2024-08-09T20:10:14.072+0200] {dag.py:3089} INFO - Sync 2 DAGs
[2024-08-09T20:10:14.075+0200] {logging_mixin.py:188} INFO - [2024-08-09T20:10:14.074+0200] {dag.py:3947} INFO - Setting next_dagrun for example_subdag_operator.section-1 to None, run_after=None
[2024-08-09T20:10:14.075+0200] {logging_mixin.py:188} INFO - [2024-08-09T20:10:14.075+0200] {dag.py:3947} INFO - Setting next_dagrun for example_subdag_operator.section-2 to None, run_after=None
[2024-08-09T20:10:14.160+0200] {processor.py:183} INFO - Processing /home/bvpelt/Develop/airflowtut/py_env/lib/python3.10/site-packages/airflow/example_dags/example_subdag_operator.py took 0.140 seconds
[2024-08-09T20:11:04.481+0200] {processor.py:161} INFO - Started process (PID=21872) to work on /home/bvpelt/Develop/airflowtut/py_env/lib/python3.10/site-packages/airflow/example_dags/example_subdag_operator.py
[2024-08-09T20:11:04.499+0200] {processor.py:830} INFO - Processing file /home/bvpelt/Develop/airflowtut/py_env/lib/python3.10/site-packages/airflow/example_dags/example_subdag_operator.py for tasks to queue
[2024-08-09T20:11:04.500+0200] {logging_mixin.py:188} INFO - [2024-08-09T20:11:04.500+0200] {dagbag.py:545} INFO - Filling up the DagBag from /home/bvpelt/Develop/airflowtut/py_env/lib/python3.10/site-packages/airflow/example_dags/example_subdag_operator.py
[2024-08-09T20:11:04.512+0200] {processor.py:840} INFO - DAG(s) 'example_subdag_operator.section-1', 'example_subdag_operator.section-2', 'example_subdag_operator' retrieved from /home/bvpelt/Develop/airflowtut/py_env/lib/python3.10/site-packages/airflow/example_dags/example_subdag_operator.py
[2024-08-09T20:11:04.520+0200] {logging_mixin.py:188} INFO - [2024-08-09T20:11:04.520+0200] {dag.py:3089} INFO - Sync 3 DAGs
[2024-08-09T20:11:04.531+0200] {logging_mixin.py:188} INFO - [2024-08-09T20:11:04.531+0200] {dag.py:3947} INFO - Setting next_dagrun for example_subdag_operator to 2022-01-01 00:00:00+00:00, run_after=2022-01-01 00:00:00+00:00
[2024-08-09T20:11:04.532+0200] {logging_mixin.py:188} INFO - [2024-08-09T20:11:04.532+0200] {dag.py:3947} INFO - Setting next_dagrun for example_subdag_operator.section-1 to None, run_after=None
[2024-08-09T20:11:04.533+0200] {logging_mixin.py:188} INFO - [2024-08-09T20:11:04.533+0200] {dag.py:3947} INFO - Setting next_dagrun for example_subdag_operator.section-2 to None, run_after=None
[2024-08-09T20:11:04.537+0200] {logging_mixin.py:188} INFO - [2024-08-09T20:11:04.537+0200] {dag.py:3089} INFO - Sync 2 DAGs
[2024-08-09T20:11:04.539+0200] {logging_mixin.py:188} INFO - [2024-08-09T20:11:04.539+0200] {dag.py:3947} INFO - Setting next_dagrun for example_subdag_operator.section-1 to None, run_after=None
[2024-08-09T20:11:04.539+0200] {logging_mixin.py:188} INFO - [2024-08-09T20:11:04.539+0200] {dag.py:3947} INFO - Setting next_dagrun for example_subdag_operator.section-2 to None, run_after=None
[2024-08-09T20:11:04.623+0200] {processor.py:183} INFO - Processing /home/bvpelt/Develop/airflowtut/py_env/lib/python3.10/site-packages/airflow/example_dags/example_subdag_operator.py took 0.145 seconds
[2024-08-09T20:11:54.344+0200] {processor.py:161} INFO - Started process (PID=21922) to work on /home/bvpelt/Develop/airflowtut/py_env/lib/python3.10/site-packages/airflow/example_dags/example_subdag_operator.py
[2024-08-09T20:11:54.363+0200] {processor.py:830} INFO - Processing file /home/bvpelt/Develop/airflowtut/py_env/lib/python3.10/site-packages/airflow/example_dags/example_subdag_operator.py for tasks to queue
[2024-08-09T20:11:54.364+0200] {logging_mixin.py:188} INFO - [2024-08-09T20:11:54.364+0200] {dagbag.py:545} INFO - Filling up the DagBag from /home/bvpelt/Develop/airflowtut/py_env/lib/python3.10/site-packages/airflow/example_dags/example_subdag_operator.py
[2024-08-09T20:11:54.380+0200] {processor.py:840} INFO - DAG(s) 'example_subdag_operator.section-1', 'example_subdag_operator.section-2', 'example_subdag_operator' retrieved from /home/bvpelt/Develop/airflowtut/py_env/lib/python3.10/site-packages/airflow/example_dags/example_subdag_operator.py
[2024-08-09T20:11:54.391+0200] {logging_mixin.py:188} INFO - [2024-08-09T20:11:54.391+0200] {dag.py:3089} INFO - Sync 3 DAGs
[2024-08-09T20:11:54.402+0200] {logging_mixin.py:188} INFO - [2024-08-09T20:11:54.402+0200] {dag.py:3947} INFO - Setting next_dagrun for example_subdag_operator to 2022-01-01 00:00:00+00:00, run_after=2022-01-01 00:00:00+00:00
[2024-08-09T20:11:54.404+0200] {logging_mixin.py:188} INFO - [2024-08-09T20:11:54.404+0200] {dag.py:3947} INFO - Setting next_dagrun for example_subdag_operator.section-1 to None, run_after=None
[2024-08-09T20:11:54.404+0200] {logging_mixin.py:188} INFO - [2024-08-09T20:11:54.404+0200] {dag.py:3947} INFO - Setting next_dagrun for example_subdag_operator.section-2 to None, run_after=None
[2024-08-09T20:11:54.408+0200] {logging_mixin.py:188} INFO - [2024-08-09T20:11:54.407+0200] {dag.py:3089} INFO - Sync 2 DAGs
[2024-08-09T20:11:54.410+0200] {logging_mixin.py:188} INFO - [2024-08-09T20:11:54.410+0200] {dag.py:3947} INFO - Setting next_dagrun for example_subdag_operator.section-1 to None, run_after=None
[2024-08-09T20:11:54.410+0200] {logging_mixin.py:188} INFO - [2024-08-09T20:11:54.410+0200] {dag.py:3947} INFO - Setting next_dagrun for example_subdag_operator.section-2 to None, run_after=None
[2024-08-09T20:11:54.474+0200] {processor.py:183} INFO - Processing /home/bvpelt/Develop/airflowtut/py_env/lib/python3.10/site-packages/airflow/example_dags/example_subdag_operator.py took 0.134 seconds
[2024-08-09T20:12:43.948+0200] {processor.py:161} INFO - Started process (PID=22033) to work on /home/bvpelt/Develop/airflowtut/py_env/lib/python3.10/site-packages/airflow/example_dags/example_subdag_operator.py
[2024-08-09T20:12:43.953+0200] {processor.py:830} INFO - Processing file /home/bvpelt/Develop/airflowtut/py_env/lib/python3.10/site-packages/airflow/example_dags/example_subdag_operator.py for tasks to queue
[2024-08-09T20:12:43.953+0200] {logging_mixin.py:188} INFO - [2024-08-09T20:12:43.953+0200] {dagbag.py:545} INFO - Filling up the DagBag from /home/bvpelt/Develop/airflowtut/py_env/lib/python3.10/site-packages/airflow/example_dags/example_subdag_operator.py
[2024-08-09T20:12:43.965+0200] {processor.py:840} INFO - DAG(s) 'example_subdag_operator.section-1', 'example_subdag_operator.section-2', 'example_subdag_operator' retrieved from /home/bvpelt/Develop/airflowtut/py_env/lib/python3.10/site-packages/airflow/example_dags/example_subdag_operator.py
[2024-08-09T20:12:43.974+0200] {logging_mixin.py:188} INFO - [2024-08-09T20:12:43.973+0200] {dag.py:3089} INFO - Sync 3 DAGs
[2024-08-09T20:12:43.985+0200] {logging_mixin.py:188} INFO - [2024-08-09T20:12:43.985+0200] {dag.py:3947} INFO - Setting next_dagrun for example_subdag_operator to 2022-01-01 00:00:00+00:00, run_after=2022-01-01 00:00:00+00:00
[2024-08-09T20:12:43.987+0200] {logging_mixin.py:188} INFO - [2024-08-09T20:12:43.987+0200] {dag.py:3947} INFO - Setting next_dagrun for example_subdag_operator.section-1 to None, run_after=None
[2024-08-09T20:12:43.987+0200] {logging_mixin.py:188} INFO - [2024-08-09T20:12:43.987+0200] {dag.py:3947} INFO - Setting next_dagrun for example_subdag_operator.section-2 to None, run_after=None
[2024-08-09T20:12:43.991+0200] {logging_mixin.py:188} INFO - [2024-08-09T20:12:43.991+0200] {dag.py:3089} INFO - Sync 2 DAGs
[2024-08-09T20:12:43.993+0200] {logging_mixin.py:188} INFO - [2024-08-09T20:12:43.993+0200] {dag.py:3947} INFO - Setting next_dagrun for example_subdag_operator.section-1 to None, run_after=None
[2024-08-09T20:12:43.993+0200] {logging_mixin.py:188} INFO - [2024-08-09T20:12:43.993+0200] {dag.py:3947} INFO - Setting next_dagrun for example_subdag_operator.section-2 to None, run_after=None
[2024-08-09T20:12:44.065+0200] {processor.py:183} INFO - Processing /home/bvpelt/Develop/airflowtut/py_env/lib/python3.10/site-packages/airflow/example_dags/example_subdag_operator.py took 0.120 seconds
[2024-08-09T20:13:38.142+0200] {processor.py:161} INFO - Started process (PID=22120) to work on /home/bvpelt/Develop/airflowtut/py_env/lib/python3.10/site-packages/airflow/example_dags/example_subdag_operator.py
[2024-08-09T20:13:38.150+0200] {processor.py:830} INFO - Processing file /home/bvpelt/Develop/airflowtut/py_env/lib/python3.10/site-packages/airflow/example_dags/example_subdag_operator.py for tasks to queue
[2024-08-09T20:13:38.151+0200] {logging_mixin.py:188} INFO - [2024-08-09T20:13:38.151+0200] {dagbag.py:545} INFO - Filling up the DagBag from /home/bvpelt/Develop/airflowtut/py_env/lib/python3.10/site-packages/airflow/example_dags/example_subdag_operator.py
[2024-08-09T20:13:38.165+0200] {processor.py:840} INFO - DAG(s) 'example_subdag_operator.section-1', 'example_subdag_operator.section-2', 'example_subdag_operator' retrieved from /home/bvpelt/Develop/airflowtut/py_env/lib/python3.10/site-packages/airflow/example_dags/example_subdag_operator.py
[2024-08-09T20:13:38.176+0200] {logging_mixin.py:188} INFO - [2024-08-09T20:13:38.176+0200] {dag.py:3089} INFO - Sync 3 DAGs
[2024-08-09T20:13:38.189+0200] {logging_mixin.py:188} INFO - [2024-08-09T20:13:38.189+0200] {dag.py:3947} INFO - Setting next_dagrun for example_subdag_operator to 2022-01-01 00:00:00+00:00, run_after=2022-01-01 00:00:00+00:00
[2024-08-09T20:13:38.191+0200] {logging_mixin.py:188} INFO - [2024-08-09T20:13:38.191+0200] {dag.py:3947} INFO - Setting next_dagrun for example_subdag_operator.section-1 to None, run_after=None
[2024-08-09T20:13:38.192+0200] {logging_mixin.py:188} INFO - [2024-08-09T20:13:38.191+0200] {dag.py:3947} INFO - Setting next_dagrun for example_subdag_operator.section-2 to None, run_after=None
[2024-08-09T20:13:38.195+0200] {logging_mixin.py:188} INFO - [2024-08-09T20:13:38.195+0200] {dag.py:3089} INFO - Sync 2 DAGs
[2024-08-09T20:13:38.197+0200] {logging_mixin.py:188} INFO - [2024-08-09T20:13:38.197+0200] {dag.py:3947} INFO - Setting next_dagrun for example_subdag_operator.section-1 to None, run_after=None
[2024-08-09T20:13:38.197+0200] {logging_mixin.py:188} INFO - [2024-08-09T20:13:38.197+0200] {dag.py:3947} INFO - Setting next_dagrun for example_subdag_operator.section-2 to None, run_after=None
[2024-08-09T20:13:38.260+0200] {processor.py:183} INFO - Processing /home/bvpelt/Develop/airflowtut/py_env/lib/python3.10/site-packages/airflow/example_dags/example_subdag_operator.py took 0.122 seconds
[2024-08-09T20:14:31.446+0200] {processor.py:161} INFO - Started process (PID=22199) to work on /home/bvpelt/Develop/airflowtut/py_env/lib/python3.10/site-packages/airflow/example_dags/example_subdag_operator.py
[2024-08-09T20:14:31.460+0200] {processor.py:830} INFO - Processing file /home/bvpelt/Develop/airflowtut/py_env/lib/python3.10/site-packages/airflow/example_dags/example_subdag_operator.py for tasks to queue
[2024-08-09T20:14:31.461+0200] {logging_mixin.py:188} INFO - [2024-08-09T20:14:31.461+0200] {dagbag.py:545} INFO - Filling up the DagBag from /home/bvpelt/Develop/airflowtut/py_env/lib/python3.10/site-packages/airflow/example_dags/example_subdag_operator.py
[2024-08-09T20:14:31.473+0200] {processor.py:840} INFO - DAG(s) 'example_subdag_operator.section-1', 'example_subdag_operator.section-2', 'example_subdag_operator' retrieved from /home/bvpelt/Develop/airflowtut/py_env/lib/python3.10/site-packages/airflow/example_dags/example_subdag_operator.py
[2024-08-09T20:14:31.482+0200] {logging_mixin.py:188} INFO - [2024-08-09T20:14:31.482+0200] {dag.py:3089} INFO - Sync 3 DAGs
[2024-08-09T20:14:31.493+0200] {logging_mixin.py:188} INFO - [2024-08-09T20:14:31.493+0200] {dag.py:3947} INFO - Setting next_dagrun for example_subdag_operator to 2022-01-01 00:00:00+00:00, run_after=2022-01-01 00:00:00+00:00
[2024-08-09T20:14:31.495+0200] {logging_mixin.py:188} INFO - [2024-08-09T20:14:31.494+0200] {dag.py:3947} INFO - Setting next_dagrun for example_subdag_operator.section-1 to None, run_after=None
[2024-08-09T20:14:31.495+0200] {logging_mixin.py:188} INFO - [2024-08-09T20:14:31.495+0200] {dag.py:3947} INFO - Setting next_dagrun for example_subdag_operator.section-2 to None, run_after=None
[2024-08-09T20:14:31.499+0200] {logging_mixin.py:188} INFO - [2024-08-09T20:14:31.499+0200] {dag.py:3089} INFO - Sync 2 DAGs
[2024-08-09T20:14:31.501+0200] {logging_mixin.py:188} INFO - [2024-08-09T20:14:31.501+0200] {dag.py:3947} INFO - Setting next_dagrun for example_subdag_operator.section-1 to None, run_after=None
[2024-08-09T20:14:31.502+0200] {logging_mixin.py:188} INFO - [2024-08-09T20:14:31.502+0200] {dag.py:3947} INFO - Setting next_dagrun for example_subdag_operator.section-2 to None, run_after=None
[2024-08-09T20:14:31.566+0200] {processor.py:183} INFO - Processing /home/bvpelt/Develop/airflowtut/py_env/lib/python3.10/site-packages/airflow/example_dags/example_subdag_operator.py took 0.123 seconds
[2024-08-09T20:15:18.445+0200] {processor.py:161} INFO - Started process (PID=22275) to work on /home/bvpelt/Develop/airflowtut/py_env/lib/python3.10/site-packages/airflow/example_dags/example_subdag_operator.py
[2024-08-09T20:15:18.475+0200] {processor.py:830} INFO - Processing file /home/bvpelt/Develop/airflowtut/py_env/lib/python3.10/site-packages/airflow/example_dags/example_subdag_operator.py for tasks to queue
[2024-08-09T20:15:18.476+0200] {logging_mixin.py:188} INFO - [2024-08-09T20:15:18.476+0200] {dagbag.py:545} INFO - Filling up the DagBag from /home/bvpelt/Develop/airflowtut/py_env/lib/python3.10/site-packages/airflow/example_dags/example_subdag_operator.py
[2024-08-09T20:15:18.495+0200] {processor.py:840} INFO - DAG(s) 'example_subdag_operator.section-1', 'example_subdag_operator.section-2', 'example_subdag_operator' retrieved from /home/bvpelt/Develop/airflowtut/py_env/lib/python3.10/site-packages/airflow/example_dags/example_subdag_operator.py
[2024-08-09T20:15:18.510+0200] {logging_mixin.py:188} INFO - [2024-08-09T20:15:18.510+0200] {dag.py:3089} INFO - Sync 3 DAGs
[2024-08-09T20:15:18.524+0200] {logging_mixin.py:188} INFO - [2024-08-09T20:15:18.524+0200] {dag.py:3947} INFO - Setting next_dagrun for example_subdag_operator to 2022-01-01 00:00:00+00:00, run_after=2022-01-01 00:00:00+00:00
[2024-08-09T20:15:18.526+0200] {logging_mixin.py:188} INFO - [2024-08-09T20:15:18.526+0200] {dag.py:3947} INFO - Setting next_dagrun for example_subdag_operator.section-1 to None, run_after=None
[2024-08-09T20:15:18.526+0200] {logging_mixin.py:188} INFO - [2024-08-09T20:15:18.526+0200] {dag.py:3947} INFO - Setting next_dagrun for example_subdag_operator.section-2 to None, run_after=None
[2024-08-09T20:15:18.530+0200] {logging_mixin.py:188} INFO - [2024-08-09T20:15:18.530+0200] {dag.py:3089} INFO - Sync 2 DAGs
[2024-08-09T20:15:18.532+0200] {logging_mixin.py:188} INFO - [2024-08-09T20:15:18.532+0200] {dag.py:3947} INFO - Setting next_dagrun for example_subdag_operator.section-1 to None, run_after=None
[2024-08-09T20:15:18.532+0200] {logging_mixin.py:188} INFO - [2024-08-09T20:15:18.532+0200] {dag.py:3947} INFO - Setting next_dagrun for example_subdag_operator.section-2 to None, run_after=None
[2024-08-09T20:15:18.597+0200] {processor.py:183} INFO - Processing /home/bvpelt/Develop/airflowtut/py_env/lib/python3.10/site-packages/airflow/example_dags/example_subdag_operator.py took 0.155 seconds
[2024-08-09T20:16:07.148+0200] {processor.py:161} INFO - Started process (PID=22332) to work on /home/bvpelt/Develop/airflowtut/py_env/lib/python3.10/site-packages/airflow/example_dags/example_subdag_operator.py
[2024-08-09T20:16:07.156+0200] {processor.py:830} INFO - Processing file /home/bvpelt/Develop/airflowtut/py_env/lib/python3.10/site-packages/airflow/example_dags/example_subdag_operator.py for tasks to queue
[2024-08-09T20:16:07.157+0200] {logging_mixin.py:188} INFO - [2024-08-09T20:16:07.157+0200] {dagbag.py:545} INFO - Filling up the DagBag from /home/bvpelt/Develop/airflowtut/py_env/lib/python3.10/site-packages/airflow/example_dags/example_subdag_operator.py
[2024-08-09T20:16:07.169+0200] {processor.py:840} INFO - DAG(s) 'example_subdag_operator.section-1', 'example_subdag_operator.section-2', 'example_subdag_operator' retrieved from /home/bvpelt/Develop/airflowtut/py_env/lib/python3.10/site-packages/airflow/example_dags/example_subdag_operator.py
[2024-08-09T20:16:07.179+0200] {logging_mixin.py:188} INFO - [2024-08-09T20:16:07.179+0200] {dag.py:3089} INFO - Sync 3 DAGs
[2024-08-09T20:16:07.191+0200] {logging_mixin.py:188} INFO - [2024-08-09T20:16:07.191+0200] {dag.py:3947} INFO - Setting next_dagrun for example_subdag_operator to 2022-01-01 00:00:00+00:00, run_after=2022-01-01 00:00:00+00:00
[2024-08-09T20:16:07.193+0200] {logging_mixin.py:188} INFO - [2024-08-09T20:16:07.193+0200] {dag.py:3947} INFO - Setting next_dagrun for example_subdag_operator.section-1 to None, run_after=None
[2024-08-09T20:16:07.193+0200] {logging_mixin.py:188} INFO - [2024-08-09T20:16:07.193+0200] {dag.py:3947} INFO - Setting next_dagrun for example_subdag_operator.section-2 to None, run_after=None
[2024-08-09T20:16:07.197+0200] {logging_mixin.py:188} INFO - [2024-08-09T20:16:07.197+0200] {dag.py:3089} INFO - Sync 2 DAGs
[2024-08-09T20:16:07.199+0200] {logging_mixin.py:188} INFO - [2024-08-09T20:16:07.199+0200] {dag.py:3947} INFO - Setting next_dagrun for example_subdag_operator.section-1 to None, run_after=None
[2024-08-09T20:16:07.200+0200] {logging_mixin.py:188} INFO - [2024-08-09T20:16:07.200+0200] {dag.py:3947} INFO - Setting next_dagrun for example_subdag_operator.section-2 to None, run_after=None
[2024-08-09T20:16:07.268+0200] {processor.py:183} INFO - Processing /home/bvpelt/Develop/airflowtut/py_env/lib/python3.10/site-packages/airflow/example_dags/example_subdag_operator.py took 0.123 seconds
