[2024-08-09T19:43:18.985+0200] {processor.py:161} INFO - Started process (PID=17757) to work on /home/bvpelt/Develop/airflowtut/py_env/lib/python3.10/site-packages/airflow/example_dags/example_external_task_marker_dag.py
[2024-08-09T19:43:18.987+0200] {processor.py:830} INFO - Processing file /home/bvpelt/Develop/airflowtut/py_env/lib/python3.10/site-packages/airflow/example_dags/example_external_task_marker_dag.py for tasks to queue
[2024-08-09T19:43:18.991+0200] {logging_mixin.py:188} INFO - [2024-08-09T19:43:18.990+0200] {dagbag.py:545} INFO - Filling up the DagBag from /home/bvpelt/Develop/airflowtut/py_env/lib/python3.10/site-packages/airflow/example_dags/example_external_task_marker_dag.py
[2024-08-09T19:43:19.001+0200] {processor.py:840} INFO - DAG(s) 'example_external_task_marker_parent', 'example_external_task_marker_child' retrieved from /home/bvpelt/Develop/airflowtut/py_env/lib/python3.10/site-packages/airflow/example_dags/example_external_task_marker_dag.py
[2024-08-09T19:43:19.281+0200] {logging_mixin.py:188} INFO - [2024-08-09T19:43:19.280+0200] {override.py:1858} INFO - Created Permission View: can edit on DAG:example_external_task_marker_parent
[2024-08-09T19:43:19.347+0200] {logging_mixin.py:188} INFO - [2024-08-09T19:43:19.346+0200] {override.py:1858} INFO - Created Permission View: can read on DAG:example_external_task_marker_parent
[2024-08-09T19:43:19.422+0200] {logging_mixin.py:188} INFO - [2024-08-09T19:43:19.421+0200] {override.py:1858} INFO - Created Permission View: can delete on DAG:example_external_task_marker_parent
[2024-08-09T19:43:19.597+0200] {logging_mixin.py:188} INFO - [2024-08-09T19:43:19.596+0200] {override.py:1858} INFO - Created Permission View: can edit on DAG:example_external_task_marker_child
[2024-08-09T19:43:19.679+0200] {logging_mixin.py:188} INFO - [2024-08-09T19:43:19.679+0200] {override.py:1858} INFO - Created Permission View: can read on DAG:example_external_task_marker_child
[2024-08-09T19:43:19.883+0200] {logging_mixin.py:188} INFO - [2024-08-09T19:43:19.882+0200] {override.py:1858} INFO - Created Permission View: can delete on DAG:example_external_task_marker_child
[2024-08-09T19:43:19.884+0200] {logging_mixin.py:188} INFO - [2024-08-09T19:43:19.884+0200] {dag.py:3089} INFO - Sync 2 DAGs
[2024-08-09T19:43:19.892+0200] {logging_mixin.py:188} INFO - [2024-08-09T19:43:19.892+0200] {dag.py:3111} INFO - Creating ORM DAG for example_external_task_marker_parent
[2024-08-09T19:43:19.892+0200] {logging_mixin.py:188} INFO - [2024-08-09T19:43:19.892+0200] {dag.py:3111} INFO - Creating ORM DAG for example_external_task_marker_child
[2024-08-09T19:43:19.892+0200] {logging_mixin.py:188} INFO - [2024-08-09T19:43:19.892+0200] {dag.py:3947} INFO - Setting next_dagrun for example_external_task_marker_child to None, run_after=None
[2024-08-09T19:43:19.893+0200] {logging_mixin.py:188} INFO - [2024-08-09T19:43:19.893+0200] {dag.py:3947} INFO - Setting next_dagrun for example_external_task_marker_parent to None, run_after=None
[2024-08-09T19:43:20.153+0200] {processor.py:183} INFO - Processing /home/bvpelt/Develop/airflowtut/py_env/lib/python3.10/site-packages/airflow/example_dags/example_external_task_marker_dag.py took 1.184 seconds
[2024-08-09T19:44:29.068+0200] {processor.py:161} INFO - Started process (PID=18043) to work on /home/bvpelt/Develop/airflowtut/py_env/lib/python3.10/site-packages/airflow/example_dags/example_external_task_marker_dag.py
[2024-08-09T19:44:29.069+0200] {processor.py:830} INFO - Processing file /home/bvpelt/Develop/airflowtut/py_env/lib/python3.10/site-packages/airflow/example_dags/example_external_task_marker_dag.py for tasks to queue
[2024-08-09T19:44:29.070+0200] {logging_mixin.py:188} INFO - [2024-08-09T19:44:29.069+0200] {dagbag.py:545} INFO - Filling up the DagBag from /home/bvpelt/Develop/airflowtut/py_env/lib/python3.10/site-packages/airflow/example_dags/example_external_task_marker_dag.py
[2024-08-09T19:44:29.073+0200] {processor.py:840} INFO - DAG(s) 'example_external_task_marker_parent', 'example_external_task_marker_child' retrieved from /home/bvpelt/Develop/airflowtut/py_env/lib/python3.10/site-packages/airflow/example_dags/example_external_task_marker_dag.py
[2024-08-09T19:44:29.083+0200] {logging_mixin.py:188} INFO - [2024-08-09T19:44:29.083+0200] {dag.py:3089} INFO - Sync 2 DAGs
[2024-08-09T19:44:29.090+0200] {logging_mixin.py:188} INFO - [2024-08-09T19:44:29.089+0200] {dag.py:3947} INFO - Setting next_dagrun for example_external_task_marker_child to None, run_after=None
[2024-08-09T19:44:29.091+0200] {logging_mixin.py:188} INFO - [2024-08-09T19:44:29.091+0200] {dag.py:3947} INFO - Setting next_dagrun for example_external_task_marker_parent to None, run_after=None
[2024-08-09T19:44:29.181+0200] {processor.py:183} INFO - Processing /home/bvpelt/Develop/airflowtut/py_env/lib/python3.10/site-packages/airflow/example_dags/example_external_task_marker_dag.py took 0.116 seconds
[2024-08-09T19:45:26.873+0200] {processor.py:161} INFO - Started process (PID=18282) to work on /home/bvpelt/Develop/airflowtut/py_env/lib/python3.10/site-packages/airflow/example_dags/example_external_task_marker_dag.py
[2024-08-09T19:45:26.874+0200] {processor.py:830} INFO - Processing file /home/bvpelt/Develop/airflowtut/py_env/lib/python3.10/site-packages/airflow/example_dags/example_external_task_marker_dag.py for tasks to queue
[2024-08-09T19:45:26.874+0200] {logging_mixin.py:188} INFO - [2024-08-09T19:45:26.874+0200] {dagbag.py:545} INFO - Filling up the DagBag from /home/bvpelt/Develop/airflowtut/py_env/lib/python3.10/site-packages/airflow/example_dags/example_external_task_marker_dag.py
[2024-08-09T19:45:26.878+0200] {processor.py:840} INFO - DAG(s) 'example_external_task_marker_child', 'example_external_task_marker_parent' retrieved from /home/bvpelt/Develop/airflowtut/py_env/lib/python3.10/site-packages/airflow/example_dags/example_external_task_marker_dag.py
[2024-08-09T19:45:26.935+0200] {logging_mixin.py:188} INFO - [2024-08-09T19:45:26.935+0200] {dag.py:3089} INFO - Sync 2 DAGs
[2024-08-09T19:45:26.941+0200] {logging_mixin.py:188} INFO - [2024-08-09T19:45:26.941+0200] {dag.py:3947} INFO - Setting next_dagrun for example_external_task_marker_child to None, run_after=None
[2024-08-09T19:45:26.943+0200] {logging_mixin.py:188} INFO - [2024-08-09T19:45:26.943+0200] {dag.py:3947} INFO - Setting next_dagrun for example_external_task_marker_parent to None, run_after=None
[2024-08-09T19:45:27.052+0200] {processor.py:183} INFO - Processing /home/bvpelt/Develop/airflowtut/py_env/lib/python3.10/site-packages/airflow/example_dags/example_external_task_marker_dag.py took 0.182 seconds
[2024-08-09T19:46:50.651+0200] {processor.py:161} INFO - Started process (PID=18648) to work on /home/bvpelt/Develop/airflowtut/py_env/lib/python3.10/site-packages/airflow/example_dags/example_external_task_marker_dag.py
[2024-08-09T19:46:50.660+0200] {processor.py:830} INFO - Processing file /home/bvpelt/Develop/airflowtut/py_env/lib/python3.10/site-packages/airflow/example_dags/example_external_task_marker_dag.py for tasks to queue
[2024-08-09T19:46:50.661+0200] {logging_mixin.py:188} INFO - [2024-08-09T19:46:50.661+0200] {dagbag.py:545} INFO - Filling up the DagBag from /home/bvpelt/Develop/airflowtut/py_env/lib/python3.10/site-packages/airflow/example_dags/example_external_task_marker_dag.py
[2024-08-09T19:46:50.665+0200] {processor.py:840} INFO - DAG(s) 'example_external_task_marker_child', 'example_external_task_marker_parent' retrieved from /home/bvpelt/Develop/airflowtut/py_env/lib/python3.10/site-packages/airflow/example_dags/example_external_task_marker_dag.py
[2024-08-09T19:46:50.677+0200] {logging_mixin.py:188} INFO - [2024-08-09T19:46:50.677+0200] {dag.py:3089} INFO - Sync 2 DAGs
[2024-08-09T19:46:50.685+0200] {logging_mixin.py:188} INFO - [2024-08-09T19:46:50.684+0200] {dag.py:3947} INFO - Setting next_dagrun for example_external_task_marker_child to None, run_after=None
[2024-08-09T19:46:50.687+0200] {logging_mixin.py:188} INFO - [2024-08-09T19:46:50.687+0200] {dag.py:3947} INFO - Setting next_dagrun for example_external_task_marker_parent to None, run_after=None
[2024-08-09T19:46:50.760+0200] {processor.py:183} INFO - Processing /home/bvpelt/Develop/airflowtut/py_env/lib/python3.10/site-packages/airflow/example_dags/example_external_task_marker_dag.py took 0.112 seconds
[2024-08-09T19:47:44.681+0200] {processor.py:161} INFO - Started process (PID=18987) to work on /home/bvpelt/Develop/airflowtut/py_env/lib/python3.10/site-packages/airflow/example_dags/example_external_task_marker_dag.py
[2024-08-09T19:47:44.682+0200] {processor.py:830} INFO - Processing file /home/bvpelt/Develop/airflowtut/py_env/lib/python3.10/site-packages/airflow/example_dags/example_external_task_marker_dag.py for tasks to queue
[2024-08-09T19:47:44.683+0200] {logging_mixin.py:188} INFO - [2024-08-09T19:47:44.683+0200] {dagbag.py:545} INFO - Filling up the DagBag from /home/bvpelt/Develop/airflowtut/py_env/lib/python3.10/site-packages/airflow/example_dags/example_external_task_marker_dag.py
[2024-08-09T19:47:44.687+0200] {processor.py:840} INFO - DAG(s) 'example_external_task_marker_child', 'example_external_task_marker_parent' retrieved from /home/bvpelt/Develop/airflowtut/py_env/lib/python3.10/site-packages/airflow/example_dags/example_external_task_marker_dag.py
[2024-08-09T19:47:44.697+0200] {logging_mixin.py:188} INFO - [2024-08-09T19:47:44.697+0200] {dag.py:3089} INFO - Sync 2 DAGs
[2024-08-09T19:47:44.703+0200] {logging_mixin.py:188} INFO - [2024-08-09T19:47:44.703+0200] {dag.py:3947} INFO - Setting next_dagrun for example_external_task_marker_child to None, run_after=None
[2024-08-09T19:47:44.705+0200] {logging_mixin.py:188} INFO - [2024-08-09T19:47:44.705+0200] {dag.py:3947} INFO - Setting next_dagrun for example_external_task_marker_parent to None, run_after=None
[2024-08-09T19:47:44.783+0200] {processor.py:183} INFO - Processing /home/bvpelt/Develop/airflowtut/py_env/lib/python3.10/site-packages/airflow/example_dags/example_external_task_marker_dag.py took 0.105 seconds
[2024-08-09T19:48:59.047+0200] {processor.py:161} INFO - Started process (PID=19137) to work on /home/bvpelt/Develop/airflowtut/py_env/lib/python3.10/site-packages/airflow/example_dags/example_external_task_marker_dag.py
[2024-08-09T19:48:59.064+0200] {processor.py:830} INFO - Processing file /home/bvpelt/Develop/airflowtut/py_env/lib/python3.10/site-packages/airflow/example_dags/example_external_task_marker_dag.py for tasks to queue
[2024-08-09T19:48:59.065+0200] {logging_mixin.py:188} INFO - [2024-08-09T19:48:59.065+0200] {dagbag.py:545} INFO - Filling up the DagBag from /home/bvpelt/Develop/airflowtut/py_env/lib/python3.10/site-packages/airflow/example_dags/example_external_task_marker_dag.py
[2024-08-09T19:48:59.069+0200] {processor.py:840} INFO - DAG(s) 'example_external_task_marker_child', 'example_external_task_marker_parent' retrieved from /home/bvpelt/Develop/airflowtut/py_env/lib/python3.10/site-packages/airflow/example_dags/example_external_task_marker_dag.py
[2024-08-09T19:48:59.082+0200] {logging_mixin.py:188} INFO - [2024-08-09T19:48:59.082+0200] {dag.py:3089} INFO - Sync 2 DAGs
[2024-08-09T19:48:59.091+0200] {logging_mixin.py:188} INFO - [2024-08-09T19:48:59.091+0200] {dag.py:3947} INFO - Setting next_dagrun for example_external_task_marker_child to None, run_after=None
[2024-08-09T19:48:59.094+0200] {logging_mixin.py:188} INFO - [2024-08-09T19:48:59.094+0200] {dag.py:3947} INFO - Setting next_dagrun for example_external_task_marker_parent to None, run_after=None
[2024-08-09T19:48:59.178+0200] {processor.py:183} INFO - Processing /home/bvpelt/Develop/airflowtut/py_env/lib/python3.10/site-packages/airflow/example_dags/example_external_task_marker_dag.py took 0.135 seconds
[2024-08-09T19:50:16.362+0200] {processor.py:161} INFO - Started process (PID=19349) to work on /home/bvpelt/Develop/airflowtut/py_env/lib/python3.10/site-packages/airflow/example_dags/example_external_task_marker_dag.py
[2024-08-09T19:50:16.362+0200] {processor.py:830} INFO - Processing file /home/bvpelt/Develop/airflowtut/py_env/lib/python3.10/site-packages/airflow/example_dags/example_external_task_marker_dag.py for tasks to queue
[2024-08-09T19:50:16.363+0200] {logging_mixin.py:188} INFO - [2024-08-09T19:50:16.363+0200] {dagbag.py:545} INFO - Filling up the DagBag from /home/bvpelt/Develop/airflowtut/py_env/lib/python3.10/site-packages/airflow/example_dags/example_external_task_marker_dag.py
[2024-08-09T19:50:16.367+0200] {processor.py:840} INFO - DAG(s) 'example_external_task_marker_parent', 'example_external_task_marker_child' retrieved from /home/bvpelt/Develop/airflowtut/py_env/lib/python3.10/site-packages/airflow/example_dags/example_external_task_marker_dag.py
[2024-08-09T19:50:16.378+0200] {logging_mixin.py:188} INFO - [2024-08-09T19:50:16.378+0200] {dag.py:3089} INFO - Sync 2 DAGs
[2024-08-09T19:50:16.385+0200] {logging_mixin.py:188} INFO - [2024-08-09T19:50:16.385+0200] {dag.py:3947} INFO - Setting next_dagrun for example_external_task_marker_child to None, run_after=None
[2024-08-09T19:50:16.388+0200] {logging_mixin.py:188} INFO - [2024-08-09T19:50:16.387+0200] {dag.py:3947} INFO - Setting next_dagrun for example_external_task_marker_parent to None, run_after=None
[2024-08-09T19:50:16.488+0200] {processor.py:183} INFO - Processing /home/bvpelt/Develop/airflowtut/py_env/lib/python3.10/site-packages/airflow/example_dags/example_external_task_marker_dag.py took 0.129 seconds
[2024-08-09T19:51:09.573+0200] {processor.py:161} INFO - Started process (PID=19425) to work on /home/bvpelt/Develop/airflowtut/py_env/lib/python3.10/site-packages/airflow/example_dags/example_external_task_marker_dag.py
[2024-08-09T19:51:09.574+0200] {processor.py:830} INFO - Processing file /home/bvpelt/Develop/airflowtut/py_env/lib/python3.10/site-packages/airflow/example_dags/example_external_task_marker_dag.py for tasks to queue
[2024-08-09T19:51:09.575+0200] {logging_mixin.py:188} INFO - [2024-08-09T19:51:09.575+0200] {dagbag.py:545} INFO - Filling up the DagBag from /home/bvpelt/Develop/airflowtut/py_env/lib/python3.10/site-packages/airflow/example_dags/example_external_task_marker_dag.py
[2024-08-09T19:51:09.578+0200] {processor.py:840} INFO - DAG(s) 'example_external_task_marker_parent', 'example_external_task_marker_child' retrieved from /home/bvpelt/Develop/airflowtut/py_env/lib/python3.10/site-packages/airflow/example_dags/example_external_task_marker_dag.py
[2024-08-09T19:51:09.589+0200] {logging_mixin.py:188} INFO - [2024-08-09T19:51:09.589+0200] {dag.py:3089} INFO - Sync 2 DAGs
[2024-08-09T19:51:09.596+0200] {logging_mixin.py:188} INFO - [2024-08-09T19:51:09.596+0200] {dag.py:3947} INFO - Setting next_dagrun for example_external_task_marker_child to None, run_after=None
[2024-08-09T19:51:09.598+0200] {logging_mixin.py:188} INFO - [2024-08-09T19:51:09.598+0200] {dag.py:3947} INFO - Setting next_dagrun for example_external_task_marker_parent to None, run_after=None
[2024-08-09T19:51:09.691+0200] {processor.py:183} INFO - Processing /home/bvpelt/Develop/airflowtut/py_env/lib/python3.10/site-packages/airflow/example_dags/example_external_task_marker_dag.py took 0.121 seconds
[2024-08-09T19:53:00.432+0200] {processor.py:161} INFO - Started process (PID=20070) to work on /home/bvpelt/Develop/airflowtut/py_env/lib/python3.10/site-packages/airflow/example_dags/example_external_task_marker_dag.py
[2024-08-09T19:53:00.432+0200] {processor.py:830} INFO - Processing file /home/bvpelt/Develop/airflowtut/py_env/lib/python3.10/site-packages/airflow/example_dags/example_external_task_marker_dag.py for tasks to queue
[2024-08-09T19:53:00.433+0200] {logging_mixin.py:188} INFO - [2024-08-09T19:53:00.433+0200] {dagbag.py:545} INFO - Filling up the DagBag from /home/bvpelt/Develop/airflowtut/py_env/lib/python3.10/site-packages/airflow/example_dags/example_external_task_marker_dag.py
[2024-08-09T19:53:00.436+0200] {processor.py:840} INFO - DAG(s) 'example_external_task_marker_parent', 'example_external_task_marker_child' retrieved from /home/bvpelt/Develop/airflowtut/py_env/lib/python3.10/site-packages/airflow/example_dags/example_external_task_marker_dag.py
[2024-08-09T19:53:00.446+0200] {logging_mixin.py:188} INFO - [2024-08-09T19:53:00.446+0200] {dag.py:3089} INFO - Sync 2 DAGs
[2024-08-09T19:53:00.453+0200] {logging_mixin.py:188} INFO - [2024-08-09T19:53:00.453+0200] {dag.py:3947} INFO - Setting next_dagrun for example_external_task_marker_child to None, run_after=None
[2024-08-09T19:53:00.455+0200] {logging_mixin.py:188} INFO - [2024-08-09T19:53:00.454+0200] {dag.py:3947} INFO - Setting next_dagrun for example_external_task_marker_parent to None, run_after=None
[2024-08-09T19:53:00.575+0200] {processor.py:183} INFO - Processing /home/bvpelt/Develop/airflowtut/py_env/lib/python3.10/site-packages/airflow/example_dags/example_external_task_marker_dag.py took 0.146 seconds
[2024-08-09T19:53:56.535+0200] {processor.py:161} INFO - Started process (PID=20131) to work on /home/bvpelt/Develop/airflowtut/py_env/lib/python3.10/site-packages/airflow/example_dags/example_external_task_marker_dag.py
[2024-08-09T19:53:56.577+0200] {processor.py:830} INFO - Processing file /home/bvpelt/Develop/airflowtut/py_env/lib/python3.10/site-packages/airflow/example_dags/example_external_task_marker_dag.py for tasks to queue
[2024-08-09T19:53:56.579+0200] {logging_mixin.py:188} INFO - [2024-08-09T19:53:56.578+0200] {dagbag.py:545} INFO - Filling up the DagBag from /home/bvpelt/Develop/airflowtut/py_env/lib/python3.10/site-packages/airflow/example_dags/example_external_task_marker_dag.py
[2024-08-09T19:53:56.586+0200] {processor.py:840} INFO - DAG(s) 'example_external_task_marker_child', 'example_external_task_marker_parent' retrieved from /home/bvpelt/Develop/airflowtut/py_env/lib/python3.10/site-packages/airflow/example_dags/example_external_task_marker_dag.py
[2024-08-09T19:53:56.610+0200] {logging_mixin.py:188} INFO - [2024-08-09T19:53:56.610+0200] {dag.py:3089} INFO - Sync 2 DAGs
[2024-08-09T19:53:56.622+0200] {logging_mixin.py:188} INFO - [2024-08-09T19:53:56.622+0200] {dag.py:3947} INFO - Setting next_dagrun for example_external_task_marker_child to None, run_after=None
[2024-08-09T19:53:56.624+0200] {logging_mixin.py:188} INFO - [2024-08-09T19:53:56.624+0200] {dag.py:3947} INFO - Setting next_dagrun for example_external_task_marker_parent to None, run_after=None
[2024-08-09T19:53:56.777+0200] {processor.py:183} INFO - Processing /home/bvpelt/Develop/airflowtut/py_env/lib/python3.10/site-packages/airflow/example_dags/example_external_task_marker_dag.py took 0.246 seconds
[2024-08-09T19:54:49.286+0200] {processor.py:161} INFO - Started process (PID=20200) to work on /home/bvpelt/Develop/airflowtut/py_env/lib/python3.10/site-packages/airflow/example_dags/example_external_task_marker_dag.py
[2024-08-09T19:54:49.365+0200] {processor.py:830} INFO - Processing file /home/bvpelt/Develop/airflowtut/py_env/lib/python3.10/site-packages/airflow/example_dags/example_external_task_marker_dag.py for tasks to queue
[2024-08-09T19:54:49.369+0200] {logging_mixin.py:188} INFO - [2024-08-09T19:54:49.368+0200] {dagbag.py:545} INFO - Filling up the DagBag from /home/bvpelt/Develop/airflowtut/py_env/lib/python3.10/site-packages/airflow/example_dags/example_external_task_marker_dag.py
[2024-08-09T19:54:49.385+0200] {processor.py:840} INFO - DAG(s) 'example_external_task_marker_parent', 'example_external_task_marker_child' retrieved from /home/bvpelt/Develop/airflowtut/py_env/lib/python3.10/site-packages/airflow/example_dags/example_external_task_marker_dag.py
[2024-08-09T19:54:49.415+0200] {logging_mixin.py:188} INFO - [2024-08-09T19:54:49.414+0200] {dag.py:3089} INFO - Sync 2 DAGs
[2024-08-09T19:54:49.424+0200] {logging_mixin.py:188} INFO - [2024-08-09T19:54:49.424+0200] {dag.py:3947} INFO - Setting next_dagrun for example_external_task_marker_child to None, run_after=None
[2024-08-09T19:54:49.427+0200] {logging_mixin.py:188} INFO - [2024-08-09T19:54:49.427+0200] {dag.py:3947} INFO - Setting next_dagrun for example_external_task_marker_parent to None, run_after=None
[2024-08-09T19:54:49.496+0200] {processor.py:183} INFO - Processing /home/bvpelt/Develop/airflowtut/py_env/lib/python3.10/site-packages/airflow/example_dags/example_external_task_marker_dag.py took 0.213 seconds
[2024-08-09T19:56:01.363+0200] {processor.py:161} INFO - Started process (PID=20323) to work on /home/bvpelt/Develop/airflowtut/py_env/lib/python3.10/site-packages/airflow/example_dags/example_external_task_marker_dag.py
[2024-08-09T19:56:01.363+0200] {processor.py:830} INFO - Processing file /home/bvpelt/Develop/airflowtut/py_env/lib/python3.10/site-packages/airflow/example_dags/example_external_task_marker_dag.py for tasks to queue
[2024-08-09T19:56:01.364+0200] {logging_mixin.py:188} INFO - [2024-08-09T19:56:01.364+0200] {dagbag.py:545} INFO - Filling up the DagBag from /home/bvpelt/Develop/airflowtut/py_env/lib/python3.10/site-packages/airflow/example_dags/example_external_task_marker_dag.py
[2024-08-09T19:56:01.367+0200] {processor.py:840} INFO - DAG(s) 'example_external_task_marker_parent', 'example_external_task_marker_child' retrieved from /home/bvpelt/Develop/airflowtut/py_env/lib/python3.10/site-packages/airflow/example_dags/example_external_task_marker_dag.py
[2024-08-09T19:56:01.377+0200] {logging_mixin.py:188} INFO - [2024-08-09T19:56:01.377+0200] {dag.py:3089} INFO - Sync 2 DAGs
[2024-08-09T19:56:01.384+0200] {logging_mixin.py:188} INFO - [2024-08-09T19:56:01.384+0200] {dag.py:3947} INFO - Setting next_dagrun for example_external_task_marker_child to None, run_after=None
[2024-08-09T19:56:01.386+0200] {logging_mixin.py:188} INFO - [2024-08-09T19:56:01.386+0200] {dag.py:3947} INFO - Setting next_dagrun for example_external_task_marker_parent to None, run_after=None
[2024-08-09T19:56:01.476+0200] {processor.py:183} INFO - Processing /home/bvpelt/Develop/airflowtut/py_env/lib/python3.10/site-packages/airflow/example_dags/example_external_task_marker_dag.py took 0.116 seconds
[2024-08-09T19:57:16.518+0200] {processor.py:161} INFO - Started process (PID=20466) to work on /home/bvpelt/Develop/airflowtut/py_env/lib/python3.10/site-packages/airflow/example_dags/example_external_task_marker_dag.py
[2024-08-09T19:57:16.519+0200] {processor.py:830} INFO - Processing file /home/bvpelt/Develop/airflowtut/py_env/lib/python3.10/site-packages/airflow/example_dags/example_external_task_marker_dag.py for tasks to queue
[2024-08-09T19:57:16.521+0200] {logging_mixin.py:188} INFO - [2024-08-09T19:57:16.520+0200] {dagbag.py:545} INFO - Filling up the DagBag from /home/bvpelt/Develop/airflowtut/py_env/lib/python3.10/site-packages/airflow/example_dags/example_external_task_marker_dag.py
[2024-08-09T19:57:16.526+0200] {processor.py:840} INFO - DAG(s) 'example_external_task_marker_child', 'example_external_task_marker_parent' retrieved from /home/bvpelt/Develop/airflowtut/py_env/lib/python3.10/site-packages/airflow/example_dags/example_external_task_marker_dag.py
[2024-08-09T19:57:16.539+0200] {logging_mixin.py:188} INFO - [2024-08-09T19:57:16.539+0200] {dag.py:3089} INFO - Sync 2 DAGs
[2024-08-09T19:57:16.551+0200] {logging_mixin.py:188} INFO - [2024-08-09T19:57:16.550+0200] {dag.py:3947} INFO - Setting next_dagrun for example_external_task_marker_child to None, run_after=None
[2024-08-09T19:57:16.554+0200] {logging_mixin.py:188} INFO - [2024-08-09T19:57:16.553+0200] {dag.py:3947} INFO - Setting next_dagrun for example_external_task_marker_parent to None, run_after=None
[2024-08-09T19:57:16.618+0200] {processor.py:183} INFO - Processing /home/bvpelt/Develop/airflowtut/py_env/lib/python3.10/site-packages/airflow/example_dags/example_external_task_marker_dag.py took 0.108 seconds
[2024-08-09T19:58:08.464+0200] {processor.py:161} INFO - Started process (PID=20537) to work on /home/bvpelt/Develop/airflowtut/py_env/lib/python3.10/site-packages/airflow/example_dags/example_external_task_marker_dag.py
[2024-08-09T19:58:08.480+0200] {processor.py:830} INFO - Processing file /home/bvpelt/Develop/airflowtut/py_env/lib/python3.10/site-packages/airflow/example_dags/example_external_task_marker_dag.py for tasks to queue
[2024-08-09T19:58:08.481+0200] {logging_mixin.py:188} INFO - [2024-08-09T19:58:08.481+0200] {dagbag.py:545} INFO - Filling up the DagBag from /home/bvpelt/Develop/airflowtut/py_env/lib/python3.10/site-packages/airflow/example_dags/example_external_task_marker_dag.py
[2024-08-09T19:58:08.486+0200] {processor.py:840} INFO - DAG(s) 'example_external_task_marker_parent', 'example_external_task_marker_child' retrieved from /home/bvpelt/Develop/airflowtut/py_env/lib/python3.10/site-packages/airflow/example_dags/example_external_task_marker_dag.py
[2024-08-09T19:58:08.499+0200] {logging_mixin.py:188} INFO - [2024-08-09T19:58:08.499+0200] {dag.py:3089} INFO - Sync 2 DAGs
[2024-08-09T19:58:08.508+0200] {logging_mixin.py:188} INFO - [2024-08-09T19:58:08.508+0200] {dag.py:3947} INFO - Setting next_dagrun for example_external_task_marker_child to None, run_after=None
[2024-08-09T19:58:08.511+0200] {logging_mixin.py:188} INFO - [2024-08-09T19:58:08.510+0200] {dag.py:3947} INFO - Setting next_dagrun for example_external_task_marker_parent to None, run_after=None
[2024-08-09T19:58:08.585+0200] {processor.py:183} INFO - Processing /home/bvpelt/Develop/airflowtut/py_env/lib/python3.10/site-packages/airflow/example_dags/example_external_task_marker_dag.py took 0.125 seconds
[2024-08-09T19:59:05.424+0200] {processor.py:161} INFO - Started process (PID=20681) to work on /home/bvpelt/Develop/airflowtut/py_env/lib/python3.10/site-packages/airflow/example_dags/example_external_task_marker_dag.py
[2024-08-09T19:59:05.438+0200] {processor.py:830} INFO - Processing file /home/bvpelt/Develop/airflowtut/py_env/lib/python3.10/site-packages/airflow/example_dags/example_external_task_marker_dag.py for tasks to queue
[2024-08-09T19:59:05.439+0200] {logging_mixin.py:188} INFO - [2024-08-09T19:59:05.438+0200] {dagbag.py:545} INFO - Filling up the DagBag from /home/bvpelt/Develop/airflowtut/py_env/lib/python3.10/site-packages/airflow/example_dags/example_external_task_marker_dag.py
[2024-08-09T19:59:05.442+0200] {processor.py:840} INFO - DAG(s) 'example_external_task_marker_child', 'example_external_task_marker_parent' retrieved from /home/bvpelt/Develop/airflowtut/py_env/lib/python3.10/site-packages/airflow/example_dags/example_external_task_marker_dag.py
[2024-08-09T19:59:05.453+0200] {logging_mixin.py:188} INFO - [2024-08-09T19:59:05.453+0200] {dag.py:3089} INFO - Sync 2 DAGs
[2024-08-09T19:59:05.461+0200] {logging_mixin.py:188} INFO - [2024-08-09T19:59:05.461+0200] {dag.py:3947} INFO - Setting next_dagrun for example_external_task_marker_child to None, run_after=None
[2024-08-09T19:59:05.463+0200] {logging_mixin.py:188} INFO - [2024-08-09T19:59:05.463+0200] {dag.py:3947} INFO - Setting next_dagrun for example_external_task_marker_parent to None, run_after=None
[2024-08-09T19:59:05.529+0200] {processor.py:183} INFO - Processing /home/bvpelt/Develop/airflowtut/py_env/lib/python3.10/site-packages/airflow/example_dags/example_external_task_marker_dag.py took 0.109 seconds
[2024-08-09T20:00:00.945+0200] {processor.py:161} INFO - Started process (PID=20737) to work on /home/bvpelt/Develop/airflowtut/py_env/lib/python3.10/site-packages/airflow/example_dags/example_external_task_marker_dag.py
[2024-08-09T20:00:00.960+0200] {processor.py:830} INFO - Processing file /home/bvpelt/Develop/airflowtut/py_env/lib/python3.10/site-packages/airflow/example_dags/example_external_task_marker_dag.py for tasks to queue
[2024-08-09T20:00:00.964+0200] {logging_mixin.py:188} INFO - [2024-08-09T20:00:00.963+0200] {dagbag.py:545} INFO - Filling up the DagBag from /home/bvpelt/Develop/airflowtut/py_env/lib/python3.10/site-packages/airflow/example_dags/example_external_task_marker_dag.py
[2024-08-09T20:00:00.968+0200] {processor.py:840} INFO - DAG(s) 'example_external_task_marker_child', 'example_external_task_marker_parent' retrieved from /home/bvpelt/Develop/airflowtut/py_env/lib/python3.10/site-packages/airflow/example_dags/example_external_task_marker_dag.py
[2024-08-09T20:00:00.978+0200] {logging_mixin.py:188} INFO - [2024-08-09T20:00:00.977+0200] {dag.py:3089} INFO - Sync 2 DAGs
[2024-08-09T20:00:00.984+0200] {logging_mixin.py:188} INFO - [2024-08-09T20:00:00.984+0200] {dag.py:3947} INFO - Setting next_dagrun for example_external_task_marker_child to None, run_after=None
[2024-08-09T20:00:00.986+0200] {logging_mixin.py:188} INFO - [2024-08-09T20:00:00.986+0200] {dag.py:3947} INFO - Setting next_dagrun for example_external_task_marker_parent to None, run_after=None
[2024-08-09T20:00:01.060+0200] {processor.py:183} INFO - Processing /home/bvpelt/Develop/airflowtut/py_env/lib/python3.10/site-packages/airflow/example_dags/example_external_task_marker_dag.py took 0.118 seconds
[2024-08-09T20:01:16.676+0200] {processor.py:161} INFO - Started process (PID=20846) to work on /home/bvpelt/Develop/airflowtut/py_env/lib/python3.10/site-packages/airflow/example_dags/example_external_task_marker_dag.py
[2024-08-09T20:01:16.689+0200] {processor.py:830} INFO - Processing file /home/bvpelt/Develop/airflowtut/py_env/lib/python3.10/site-packages/airflow/example_dags/example_external_task_marker_dag.py for tasks to queue
[2024-08-09T20:01:16.693+0200] {logging_mixin.py:188} INFO - [2024-08-09T20:01:16.692+0200] {dagbag.py:545} INFO - Filling up the DagBag from /home/bvpelt/Develop/airflowtut/py_env/lib/python3.10/site-packages/airflow/example_dags/example_external_task_marker_dag.py
[2024-08-09T20:01:16.697+0200] {processor.py:840} INFO - DAG(s) 'example_external_task_marker_child', 'example_external_task_marker_parent' retrieved from /home/bvpelt/Develop/airflowtut/py_env/lib/python3.10/site-packages/airflow/example_dags/example_external_task_marker_dag.py
[2024-08-09T20:01:16.706+0200] {logging_mixin.py:188} INFO - [2024-08-09T20:01:16.706+0200] {dag.py:3089} INFO - Sync 2 DAGs
[2024-08-09T20:01:16.713+0200] {logging_mixin.py:188} INFO - [2024-08-09T20:01:16.713+0200] {dag.py:3947} INFO - Setting next_dagrun for example_external_task_marker_child to None, run_after=None
[2024-08-09T20:01:16.715+0200] {logging_mixin.py:188} INFO - [2024-08-09T20:01:16.715+0200] {dag.py:3947} INFO - Setting next_dagrun for example_external_task_marker_parent to None, run_after=None
[2024-08-09T20:01:16.800+0200] {processor.py:183} INFO - Processing /home/bvpelt/Develop/airflowtut/py_env/lib/python3.10/site-packages/airflow/example_dags/example_external_task_marker_dag.py took 0.127 seconds
[2024-08-09T20:02:32.510+0200] {processor.py:161} INFO - Started process (PID=21034) to work on /home/bvpelt/Develop/airflowtut/py_env/lib/python3.10/site-packages/airflow/example_dags/example_external_task_marker_dag.py
[2024-08-09T20:02:32.510+0200] {processor.py:830} INFO - Processing file /home/bvpelt/Develop/airflowtut/py_env/lib/python3.10/site-packages/airflow/example_dags/example_external_task_marker_dag.py for tasks to queue
[2024-08-09T20:02:32.511+0200] {logging_mixin.py:188} INFO - [2024-08-09T20:02:32.511+0200] {dagbag.py:545} INFO - Filling up the DagBag from /home/bvpelt/Develop/airflowtut/py_env/lib/python3.10/site-packages/airflow/example_dags/example_external_task_marker_dag.py
[2024-08-09T20:02:32.514+0200] {processor.py:840} INFO - DAG(s) 'example_external_task_marker_parent', 'example_external_task_marker_child' retrieved from /home/bvpelt/Develop/airflowtut/py_env/lib/python3.10/site-packages/airflow/example_dags/example_external_task_marker_dag.py
[2024-08-09T20:02:32.525+0200] {logging_mixin.py:188} INFO - [2024-08-09T20:02:32.524+0200] {dag.py:3089} INFO - Sync 2 DAGs
[2024-08-09T20:02:32.531+0200] {logging_mixin.py:188} INFO - [2024-08-09T20:02:32.531+0200] {dag.py:3947} INFO - Setting next_dagrun for example_external_task_marker_child to None, run_after=None
[2024-08-09T20:02:32.533+0200] {logging_mixin.py:188} INFO - [2024-08-09T20:02:32.533+0200] {dag.py:3947} INFO - Setting next_dagrun for example_external_task_marker_parent to None, run_after=None
[2024-08-09T20:02:32.612+0200] {processor.py:183} INFO - Processing /home/bvpelt/Develop/airflowtut/py_env/lib/python3.10/site-packages/airflow/example_dags/example_external_task_marker_dag.py took 0.105 seconds
[2024-08-09T20:03:29.033+0200] {processor.py:161} INFO - Started process (PID=21099) to work on /home/bvpelt/Develop/airflowtut/py_env/lib/python3.10/site-packages/airflow/example_dags/example_external_task_marker_dag.py
[2024-08-09T20:03:29.033+0200] {processor.py:830} INFO - Processing file /home/bvpelt/Develop/airflowtut/py_env/lib/python3.10/site-packages/airflow/example_dags/example_external_task_marker_dag.py for tasks to queue
[2024-08-09T20:03:29.034+0200] {logging_mixin.py:188} INFO - [2024-08-09T20:03:29.034+0200] {dagbag.py:545} INFO - Filling up the DagBag from /home/bvpelt/Develop/airflowtut/py_env/lib/python3.10/site-packages/airflow/example_dags/example_external_task_marker_dag.py
[2024-08-09T20:03:29.037+0200] {processor.py:840} INFO - DAG(s) 'example_external_task_marker_child', 'example_external_task_marker_parent' retrieved from /home/bvpelt/Develop/airflowtut/py_env/lib/python3.10/site-packages/airflow/example_dags/example_external_task_marker_dag.py
[2024-08-09T20:03:29.047+0200] {logging_mixin.py:188} INFO - [2024-08-09T20:03:29.047+0200] {dag.py:3089} INFO - Sync 2 DAGs
[2024-08-09T20:03:29.053+0200] {logging_mixin.py:188} INFO - [2024-08-09T20:03:29.053+0200] {dag.py:3947} INFO - Setting next_dagrun for example_external_task_marker_child to None, run_after=None
[2024-08-09T20:03:29.055+0200] {logging_mixin.py:188} INFO - [2024-08-09T20:03:29.055+0200] {dag.py:3947} INFO - Setting next_dagrun for example_external_task_marker_parent to None, run_after=None
[2024-08-09T20:03:29.139+0200] {processor.py:183} INFO - Processing /home/bvpelt/Develop/airflowtut/py_env/lib/python3.10/site-packages/airflow/example_dags/example_external_task_marker_dag.py took 0.109 seconds
[2024-08-09T20:04:23.275+0200] {processor.py:161} INFO - Started process (PID=21188) to work on /home/bvpelt/Develop/airflowtut/py_env/lib/python3.10/site-packages/airflow/example_dags/example_external_task_marker_dag.py
[2024-08-09T20:04:23.275+0200] {processor.py:830} INFO - Processing file /home/bvpelt/Develop/airflowtut/py_env/lib/python3.10/site-packages/airflow/example_dags/example_external_task_marker_dag.py for tasks to queue
[2024-08-09T20:04:23.276+0200] {logging_mixin.py:188} INFO - [2024-08-09T20:04:23.276+0200] {dagbag.py:545} INFO - Filling up the DagBag from /home/bvpelt/Develop/airflowtut/py_env/lib/python3.10/site-packages/airflow/example_dags/example_external_task_marker_dag.py
[2024-08-09T20:04:23.280+0200] {processor.py:840} INFO - DAG(s) 'example_external_task_marker_parent', 'example_external_task_marker_child' retrieved from /home/bvpelt/Develop/airflowtut/py_env/lib/python3.10/site-packages/airflow/example_dags/example_external_task_marker_dag.py
[2024-08-09T20:04:23.290+0200] {logging_mixin.py:188} INFO - [2024-08-09T20:04:23.289+0200] {dag.py:3089} INFO - Sync 2 DAGs
[2024-08-09T20:04:23.296+0200] {logging_mixin.py:188} INFO - [2024-08-09T20:04:23.296+0200] {dag.py:3947} INFO - Setting next_dagrun for example_external_task_marker_child to None, run_after=None
[2024-08-09T20:04:23.298+0200] {logging_mixin.py:188} INFO - [2024-08-09T20:04:23.298+0200] {dag.py:3947} INFO - Setting next_dagrun for example_external_task_marker_parent to None, run_after=None
[2024-08-09T20:04:23.420+0200] {processor.py:183} INFO - Processing /home/bvpelt/Develop/airflowtut/py_env/lib/python3.10/site-packages/airflow/example_dags/example_external_task_marker_dag.py took 0.148 seconds
[2024-08-09T20:05:43.199+0200] {processor.py:161} INFO - Started process (PID=21374) to work on /home/bvpelt/Develop/airflowtut/py_env/lib/python3.10/site-packages/airflow/example_dags/example_external_task_marker_dag.py
[2024-08-09T20:05:43.215+0200] {processor.py:830} INFO - Processing file /home/bvpelt/Develop/airflowtut/py_env/lib/python3.10/site-packages/airflow/example_dags/example_external_task_marker_dag.py for tasks to queue
[2024-08-09T20:05:43.219+0200] {logging_mixin.py:188} INFO - [2024-08-09T20:05:43.218+0200] {dagbag.py:545} INFO - Filling up the DagBag from /home/bvpelt/Develop/airflowtut/py_env/lib/python3.10/site-packages/airflow/example_dags/example_external_task_marker_dag.py
[2024-08-09T20:05:43.234+0200] {processor.py:840} INFO - DAG(s) 'example_external_task_marker_child', 'example_external_task_marker_parent' retrieved from /home/bvpelt/Develop/airflowtut/py_env/lib/python3.10/site-packages/airflow/example_dags/example_external_task_marker_dag.py
[2024-08-09T20:05:43.255+0200] {logging_mixin.py:188} INFO - [2024-08-09T20:05:43.255+0200] {dag.py:3089} INFO - Sync 2 DAGs
[2024-08-09T20:05:43.265+0200] {logging_mixin.py:188} INFO - [2024-08-09T20:05:43.265+0200] {dag.py:3947} INFO - Setting next_dagrun for example_external_task_marker_child to None, run_after=None
[2024-08-09T20:05:43.267+0200] {logging_mixin.py:188} INFO - [2024-08-09T20:05:43.267+0200] {dag.py:3947} INFO - Setting next_dagrun for example_external_task_marker_parent to None, run_after=None
[2024-08-09T20:05:43.336+0200] {processor.py:183} INFO - Processing /home/bvpelt/Develop/airflowtut/py_env/lib/python3.10/site-packages/airflow/example_dags/example_external_task_marker_dag.py took 0.152 seconds
[2024-08-09T20:06:40.084+0200] {processor.py:161} INFO - Started process (PID=21465) to work on /home/bvpelt/Develop/airflowtut/py_env/lib/python3.10/site-packages/airflow/example_dags/example_external_task_marker_dag.py
[2024-08-09T20:06:40.084+0200] {processor.py:830} INFO - Processing file /home/bvpelt/Develop/airflowtut/py_env/lib/python3.10/site-packages/airflow/example_dags/example_external_task_marker_dag.py for tasks to queue
[2024-08-09T20:06:40.085+0200] {logging_mixin.py:188} INFO - [2024-08-09T20:06:40.085+0200] {dagbag.py:545} INFO - Filling up the DagBag from /home/bvpelt/Develop/airflowtut/py_env/lib/python3.10/site-packages/airflow/example_dags/example_external_task_marker_dag.py
[2024-08-09T20:06:40.089+0200] {processor.py:840} INFO - DAG(s) 'example_external_task_marker_parent', 'example_external_task_marker_child' retrieved from /home/bvpelt/Develop/airflowtut/py_env/lib/python3.10/site-packages/airflow/example_dags/example_external_task_marker_dag.py
[2024-08-09T20:06:40.100+0200] {logging_mixin.py:188} INFO - [2024-08-09T20:06:40.100+0200] {dag.py:3089} INFO - Sync 2 DAGs
[2024-08-09T20:06:40.108+0200] {logging_mixin.py:188} INFO - [2024-08-09T20:06:40.108+0200] {dag.py:3947} INFO - Setting next_dagrun for example_external_task_marker_child to None, run_after=None
[2024-08-09T20:06:40.110+0200] {logging_mixin.py:188} INFO - [2024-08-09T20:06:40.110+0200] {dag.py:3947} INFO - Setting next_dagrun for example_external_task_marker_parent to None, run_after=None
[2024-08-09T20:06:40.191+0200] {processor.py:183} INFO - Processing /home/bvpelt/Develop/airflowtut/py_env/lib/python3.10/site-packages/airflow/example_dags/example_external_task_marker_dag.py took 0.111 seconds
[2024-08-09T20:07:34.631+0200] {processor.py:161} INFO - Started process (PID=21596) to work on /home/bvpelt/Develop/airflowtut/py_env/lib/python3.10/site-packages/airflow/example_dags/example_external_task_marker_dag.py
[2024-08-09T20:07:34.632+0200] {processor.py:830} INFO - Processing file /home/bvpelt/Develop/airflowtut/py_env/lib/python3.10/site-packages/airflow/example_dags/example_external_task_marker_dag.py for tasks to queue
[2024-08-09T20:07:34.633+0200] {logging_mixin.py:188} INFO - [2024-08-09T20:07:34.632+0200] {dagbag.py:545} INFO - Filling up the DagBag from /home/bvpelt/Develop/airflowtut/py_env/lib/python3.10/site-packages/airflow/example_dags/example_external_task_marker_dag.py
[2024-08-09T20:07:34.636+0200] {processor.py:840} INFO - DAG(s) 'example_external_task_marker_child', 'example_external_task_marker_parent' retrieved from /home/bvpelt/Develop/airflowtut/py_env/lib/python3.10/site-packages/airflow/example_dags/example_external_task_marker_dag.py
[2024-08-09T20:07:34.646+0200] {logging_mixin.py:188} INFO - [2024-08-09T20:07:34.645+0200] {dag.py:3089} INFO - Sync 2 DAGs
[2024-08-09T20:07:34.653+0200] {logging_mixin.py:188} INFO - [2024-08-09T20:07:34.653+0200] {dag.py:3947} INFO - Setting next_dagrun for example_external_task_marker_child to None, run_after=None
[2024-08-09T20:07:34.655+0200] {logging_mixin.py:188} INFO - [2024-08-09T20:07:34.655+0200] {dag.py:3947} INFO - Setting next_dagrun for example_external_task_marker_parent to None, run_after=None
[2024-08-09T20:07:34.850+0200] {processor.py:183} INFO - Processing /home/bvpelt/Develop/airflowtut/py_env/lib/python3.10/site-packages/airflow/example_dags/example_external_task_marker_dag.py took 0.222 seconds
[2024-08-09T20:08:51.219+0200] {processor.py:161} INFO - Started process (PID=21710) to work on /home/bvpelt/Develop/airflowtut/py_env/lib/python3.10/site-packages/airflow/example_dags/example_external_task_marker_dag.py
[2024-08-09T20:08:51.220+0200] {processor.py:830} INFO - Processing file /home/bvpelt/Develop/airflowtut/py_env/lib/python3.10/site-packages/airflow/example_dags/example_external_task_marker_dag.py for tasks to queue
[2024-08-09T20:08:51.220+0200] {logging_mixin.py:188} INFO - [2024-08-09T20:08:51.220+0200] {dagbag.py:545} INFO - Filling up the DagBag from /home/bvpelt/Develop/airflowtut/py_env/lib/python3.10/site-packages/airflow/example_dags/example_external_task_marker_dag.py
[2024-08-09T20:08:51.224+0200] {processor.py:840} INFO - DAG(s) 'example_external_task_marker_parent', 'example_external_task_marker_child' retrieved from /home/bvpelt/Develop/airflowtut/py_env/lib/python3.10/site-packages/airflow/example_dags/example_external_task_marker_dag.py
[2024-08-09T20:08:51.234+0200] {logging_mixin.py:188} INFO - [2024-08-09T20:08:51.234+0200] {dag.py:3089} INFO - Sync 2 DAGs
[2024-08-09T20:08:51.240+0200] {logging_mixin.py:188} INFO - [2024-08-09T20:08:51.240+0200] {dag.py:3947} INFO - Setting next_dagrun for example_external_task_marker_child to None, run_after=None
[2024-08-09T20:08:51.242+0200] {logging_mixin.py:188} INFO - [2024-08-09T20:08:51.242+0200] {dag.py:3947} INFO - Setting next_dagrun for example_external_task_marker_parent to None, run_after=None
[2024-08-09T20:08:51.371+0200] {processor.py:183} INFO - Processing /home/bvpelt/Develop/airflowtut/py_env/lib/python3.10/site-packages/airflow/example_dags/example_external_task_marker_dag.py took 0.156 seconds
[2024-08-09T20:10:06.238+0200] {processor.py:161} INFO - Started process (PID=21796) to work on /home/bvpelt/Develop/airflowtut/py_env/lib/python3.10/site-packages/airflow/example_dags/example_external_task_marker_dag.py
[2024-08-09T20:10:06.253+0200] {processor.py:830} INFO - Processing file /home/bvpelt/Develop/airflowtut/py_env/lib/python3.10/site-packages/airflow/example_dags/example_external_task_marker_dag.py for tasks to queue
[2024-08-09T20:10:06.254+0200] {logging_mixin.py:188} INFO - [2024-08-09T20:10:06.254+0200] {dagbag.py:545} INFO - Filling up the DagBag from /home/bvpelt/Develop/airflowtut/py_env/lib/python3.10/site-packages/airflow/example_dags/example_external_task_marker_dag.py
[2024-08-09T20:10:06.258+0200] {processor.py:840} INFO - DAG(s) 'example_external_task_marker_parent', 'example_external_task_marker_child' retrieved from /home/bvpelt/Develop/airflowtut/py_env/lib/python3.10/site-packages/airflow/example_dags/example_external_task_marker_dag.py
[2024-08-09T20:10:06.272+0200] {logging_mixin.py:188} INFO - [2024-08-09T20:10:06.272+0200] {dag.py:3089} INFO - Sync 2 DAGs
[2024-08-09T20:10:06.281+0200] {logging_mixin.py:188} INFO - [2024-08-09T20:10:06.281+0200] {dag.py:3947} INFO - Setting next_dagrun for example_external_task_marker_child to None, run_after=None
[2024-08-09T20:10:06.283+0200] {logging_mixin.py:188} INFO - [2024-08-09T20:10:06.283+0200] {dag.py:3947} INFO - Setting next_dagrun for example_external_task_marker_parent to None, run_after=None
[2024-08-09T20:10:06.365+0200] {processor.py:183} INFO - Processing /home/bvpelt/Develop/airflowtut/py_env/lib/python3.10/site-packages/airflow/example_dags/example_external_task_marker_dag.py took 0.130 seconds
[2024-08-09T20:11:21.082+0200] {processor.py:161} INFO - Started process (PID=21890) to work on /home/bvpelt/Develop/airflowtut/py_env/lib/python3.10/site-packages/airflow/example_dags/example_external_task_marker_dag.py
[2024-08-09T20:11:21.095+0200] {processor.py:830} INFO - Processing file /home/bvpelt/Develop/airflowtut/py_env/lib/python3.10/site-packages/airflow/example_dags/example_external_task_marker_dag.py for tasks to queue
[2024-08-09T20:11:21.096+0200] {logging_mixin.py:188} INFO - [2024-08-09T20:11:21.096+0200] {dagbag.py:545} INFO - Filling up the DagBag from /home/bvpelt/Develop/airflowtut/py_env/lib/python3.10/site-packages/airflow/example_dags/example_external_task_marker_dag.py
[2024-08-09T20:11:21.101+0200] {processor.py:840} INFO - DAG(s) 'example_external_task_marker_child', 'example_external_task_marker_parent' retrieved from /home/bvpelt/Develop/airflowtut/py_env/lib/python3.10/site-packages/airflow/example_dags/example_external_task_marker_dag.py
[2024-08-09T20:11:21.111+0200] {logging_mixin.py:188} INFO - [2024-08-09T20:11:21.111+0200] {dag.py:3089} INFO - Sync 2 DAGs
[2024-08-09T20:11:21.118+0200] {logging_mixin.py:188} INFO - [2024-08-09T20:11:21.118+0200] {dag.py:3947} INFO - Setting next_dagrun for example_external_task_marker_child to None, run_after=None
[2024-08-09T20:11:21.120+0200] {logging_mixin.py:188} INFO - [2024-08-09T20:11:21.120+0200] {dag.py:3947} INFO - Setting next_dagrun for example_external_task_marker_parent to None, run_after=None
[2024-08-09T20:11:21.202+0200] {processor.py:183} INFO - Processing /home/bvpelt/Develop/airflowtut/py_env/lib/python3.10/site-packages/airflow/example_dags/example_external_task_marker_dag.py took 0.123 seconds
[2024-08-09T20:12:34.836+0200] {processor.py:161} INFO - Started process (PID=22025) to work on /home/bvpelt/Develop/airflowtut/py_env/lib/python3.10/site-packages/airflow/example_dags/example_external_task_marker_dag.py
[2024-08-09T20:12:34.836+0200] {processor.py:830} INFO - Processing file /home/bvpelt/Develop/airflowtut/py_env/lib/python3.10/site-packages/airflow/example_dags/example_external_task_marker_dag.py for tasks to queue
[2024-08-09T20:12:34.837+0200] {logging_mixin.py:188} INFO - [2024-08-09T20:12:34.837+0200] {dagbag.py:545} INFO - Filling up the DagBag from /home/bvpelt/Develop/airflowtut/py_env/lib/python3.10/site-packages/airflow/example_dags/example_external_task_marker_dag.py
[2024-08-09T20:12:34.840+0200] {processor.py:840} INFO - DAG(s) 'example_external_task_marker_parent', 'example_external_task_marker_child' retrieved from /home/bvpelt/Develop/airflowtut/py_env/lib/python3.10/site-packages/airflow/example_dags/example_external_task_marker_dag.py
[2024-08-09T20:12:34.850+0200] {logging_mixin.py:188} INFO - [2024-08-09T20:12:34.850+0200] {dag.py:3089} INFO - Sync 2 DAGs
[2024-08-09T20:12:34.857+0200] {logging_mixin.py:188} INFO - [2024-08-09T20:12:34.857+0200] {dag.py:3947} INFO - Setting next_dagrun for example_external_task_marker_child to None, run_after=None
[2024-08-09T20:12:34.859+0200] {logging_mixin.py:188} INFO - [2024-08-09T20:12:34.859+0200] {dag.py:3947} INFO - Setting next_dagrun for example_external_task_marker_parent to None, run_after=None
[2024-08-09T20:12:34.937+0200] {processor.py:183} INFO - Processing /home/bvpelt/Develop/airflowtut/py_env/lib/python3.10/site-packages/airflow/example_dags/example_external_task_marker_dag.py took 0.104 seconds
[2024-08-09T20:13:30.610+0200] {processor.py:161} INFO - Started process (PID=22112) to work on /home/bvpelt/Develop/airflowtut/py_env/lib/python3.10/site-packages/airflow/example_dags/example_external_task_marker_dag.py
[2024-08-09T20:13:30.611+0200] {processor.py:830} INFO - Processing file /home/bvpelt/Develop/airflowtut/py_env/lib/python3.10/site-packages/airflow/example_dags/example_external_task_marker_dag.py for tasks to queue
[2024-08-09T20:13:30.611+0200] {logging_mixin.py:188} INFO - [2024-08-09T20:13:30.611+0200] {dagbag.py:545} INFO - Filling up the DagBag from /home/bvpelt/Develop/airflowtut/py_env/lib/python3.10/site-packages/airflow/example_dags/example_external_task_marker_dag.py
[2024-08-09T20:13:30.615+0200] {processor.py:840} INFO - DAG(s) 'example_external_task_marker_child', 'example_external_task_marker_parent' retrieved from /home/bvpelt/Develop/airflowtut/py_env/lib/python3.10/site-packages/airflow/example_dags/example_external_task_marker_dag.py
[2024-08-09T20:13:30.625+0200] {logging_mixin.py:188} INFO - [2024-08-09T20:13:30.625+0200] {dag.py:3089} INFO - Sync 2 DAGs
[2024-08-09T20:13:30.631+0200] {logging_mixin.py:188} INFO - [2024-08-09T20:13:30.631+0200] {dag.py:3947} INFO - Setting next_dagrun for example_external_task_marker_child to None, run_after=None
[2024-08-09T20:13:30.633+0200] {logging_mixin.py:188} INFO - [2024-08-09T20:13:30.633+0200] {dag.py:3947} INFO - Setting next_dagrun for example_external_task_marker_parent to None, run_after=None
[2024-08-09T20:13:30.710+0200] {processor.py:183} INFO - Processing /home/bvpelt/Develop/airflowtut/py_env/lib/python3.10/site-packages/airflow/example_dags/example_external_task_marker_dag.py took 0.103 seconds
[2024-08-09T20:14:24.708+0200] {processor.py:161} INFO - Started process (PID=22191) to work on /home/bvpelt/Develop/airflowtut/py_env/lib/python3.10/site-packages/airflow/example_dags/example_external_task_marker_dag.py
[2024-08-09T20:14:24.708+0200] {processor.py:830} INFO - Processing file /home/bvpelt/Develop/airflowtut/py_env/lib/python3.10/site-packages/airflow/example_dags/example_external_task_marker_dag.py for tasks to queue
[2024-08-09T20:14:24.709+0200] {logging_mixin.py:188} INFO - [2024-08-09T20:14:24.709+0200] {dagbag.py:545} INFO - Filling up the DagBag from /home/bvpelt/Develop/airflowtut/py_env/lib/python3.10/site-packages/airflow/example_dags/example_external_task_marker_dag.py
[2024-08-09T20:14:24.713+0200] {processor.py:840} INFO - DAG(s) 'example_external_task_marker_child', 'example_external_task_marker_parent' retrieved from /home/bvpelt/Develop/airflowtut/py_env/lib/python3.10/site-packages/airflow/example_dags/example_external_task_marker_dag.py
[2024-08-09T20:14:24.722+0200] {logging_mixin.py:188} INFO - [2024-08-09T20:14:24.722+0200] {dag.py:3089} INFO - Sync 2 DAGs
[2024-08-09T20:14:24.729+0200] {logging_mixin.py:188} INFO - [2024-08-09T20:14:24.729+0200] {dag.py:3947} INFO - Setting next_dagrun for example_external_task_marker_child to None, run_after=None
[2024-08-09T20:14:24.731+0200] {logging_mixin.py:188} INFO - [2024-08-09T20:14:24.731+0200] {dag.py:3947} INFO - Setting next_dagrun for example_external_task_marker_parent to None, run_after=None
[2024-08-09T20:14:24.864+0200] {processor.py:183} INFO - Processing /home/bvpelt/Develop/airflowtut/py_env/lib/python3.10/site-packages/airflow/example_dags/example_external_task_marker_dag.py took 0.159 seconds
[2024-08-09T20:15:36.833+0200] {processor.py:161} INFO - Started process (PID=22296) to work on /home/bvpelt/Develop/airflowtut/py_env/lib/python3.10/site-packages/airflow/example_dags/example_external_task_marker_dag.py
[2024-08-09T20:15:36.834+0200] {processor.py:830} INFO - Processing file /home/bvpelt/Develop/airflowtut/py_env/lib/python3.10/site-packages/airflow/example_dags/example_external_task_marker_dag.py for tasks to queue
[2024-08-09T20:15:36.835+0200] {logging_mixin.py:188} INFO - [2024-08-09T20:15:36.834+0200] {dagbag.py:545} INFO - Filling up the DagBag from /home/bvpelt/Develop/airflowtut/py_env/lib/python3.10/site-packages/airflow/example_dags/example_external_task_marker_dag.py
[2024-08-09T20:15:36.838+0200] {processor.py:840} INFO - DAG(s) 'example_external_task_marker_child', 'example_external_task_marker_parent' retrieved from /home/bvpelt/Develop/airflowtut/py_env/lib/python3.10/site-packages/airflow/example_dags/example_external_task_marker_dag.py
[2024-08-09T20:15:36.847+0200] {logging_mixin.py:188} INFO - [2024-08-09T20:15:36.847+0200] {dag.py:3089} INFO - Sync 2 DAGs
[2024-08-09T20:15:36.854+0200] {logging_mixin.py:188} INFO - [2024-08-09T20:15:36.854+0200] {dag.py:3947} INFO - Setting next_dagrun for example_external_task_marker_child to None, run_after=None
[2024-08-09T20:15:36.855+0200] {logging_mixin.py:188} INFO - [2024-08-09T20:15:36.855+0200] {dag.py:3947} INFO - Setting next_dagrun for example_external_task_marker_parent to None, run_after=None
[2024-08-09T20:15:36.960+0200] {processor.py:183} INFO - Processing /home/bvpelt/Develop/airflowtut/py_env/lib/python3.10/site-packages/airflow/example_dags/example_external_task_marker_dag.py took 0.129 seconds
