[2024-08-09T19:43:03.985+0200] {processor.py:161} INFO - Started process (PID=17684) to work on /home/bvpelt/Develop/airflowtut/py_env/lib/python3.10/site-packages/airflow/example_dags/example_params_trigger_ui.py
[2024-08-09T19:43:03.987+0200] {processor.py:830} INFO - Processing file /home/bvpelt/Develop/airflowtut/py_env/lib/python3.10/site-packages/airflow/example_dags/example_params_trigger_ui.py for tasks to queue
[2024-08-09T19:43:03.989+0200] {logging_mixin.py:188} INFO - [2024-08-09T19:43:03.988+0200] {dagbag.py:545} INFO - Filling up the DagBag from /home/bvpelt/Develop/airflowtut/py_env/lib/python3.10/site-packages/airflow/example_dags/example_params_trigger_ui.py
[2024-08-09T19:43:04.002+0200] {processor.py:840} INFO - DAG(s) 'example_params_trigger_ui' retrieved from /home/bvpelt/Develop/airflowtut/py_env/lib/python3.10/site-packages/airflow/example_dags/example_params_trigger_ui.py
[2024-08-09T19:43:04.257+0200] {logging_mixin.py:188} INFO - [2024-08-09T19:43:04.255+0200] {override.py:1858} INFO - Created Permission View: can edit on DAG:example_params_trigger_ui
[2024-08-09T19:43:04.350+0200] {logging_mixin.py:188} INFO - [2024-08-09T19:43:04.350+0200] {override.py:1858} INFO - Created Permission View: can read on DAG:example_params_trigger_ui
[2024-08-09T19:43:04.426+0200] {logging_mixin.py:188} INFO - [2024-08-09T19:43:04.425+0200] {override.py:1858} INFO - Created Permission View: can delete on DAG:example_params_trigger_ui
[2024-08-09T19:43:04.427+0200] {logging_mixin.py:188} INFO - [2024-08-09T19:43:04.427+0200] {dag.py:3089} INFO - Sync 1 DAGs
[2024-08-09T19:43:04.459+0200] {logging_mixin.py:188} INFO - [2024-08-09T19:43:04.459+0200] {dag.py:3111} INFO - Creating ORM DAG for example_params_trigger_ui
[2024-08-09T19:43:04.461+0200] {logging_mixin.py:188} INFO - [2024-08-09T19:43:04.460+0200] {dag.py:3947} INFO - Setting next_dagrun for example_params_trigger_ui to None, run_after=None
[2024-08-09T19:43:04.581+0200] {processor.py:183} INFO - Processing /home/bvpelt/Develop/airflowtut/py_env/lib/python3.10/site-packages/airflow/example_dags/example_params_trigger_ui.py took 0.611 seconds
[2024-08-09T19:44:13.278+0200] {processor.py:161} INFO - Started process (PID=17968) to work on /home/bvpelt/Develop/airflowtut/py_env/lib/python3.10/site-packages/airflow/example_dags/example_params_trigger_ui.py
[2024-08-09T19:44:13.279+0200] {processor.py:830} INFO - Processing file /home/bvpelt/Develop/airflowtut/py_env/lib/python3.10/site-packages/airflow/example_dags/example_params_trigger_ui.py for tasks to queue
[2024-08-09T19:44:13.280+0200] {logging_mixin.py:188} INFO - [2024-08-09T19:44:13.279+0200] {dagbag.py:545} INFO - Filling up the DagBag from /home/bvpelt/Develop/airflowtut/py_env/lib/python3.10/site-packages/airflow/example_dags/example_params_trigger_ui.py
[2024-08-09T19:44:13.285+0200] {processor.py:840} INFO - DAG(s) 'example_params_trigger_ui' retrieved from /home/bvpelt/Develop/airflowtut/py_env/lib/python3.10/site-packages/airflow/example_dags/example_params_trigger_ui.py
[2024-08-09T19:44:13.314+0200] {logging_mixin.py:188} INFO - [2024-08-09T19:44:13.314+0200] {dag.py:3089} INFO - Sync 1 DAGs
[2024-08-09T19:44:13.320+0200] {logging_mixin.py:188} INFO - [2024-08-09T19:44:13.320+0200] {dag.py:3947} INFO - Setting next_dagrun for example_params_trigger_ui to None, run_after=None
[2024-08-09T19:44:13.406+0200] {processor.py:183} INFO - Processing /home/bvpelt/Develop/airflowtut/py_env/lib/python3.10/site-packages/airflow/example_dags/example_params_trigger_ui.py took 0.131 seconds
[2024-08-09T19:45:16.471+0200] {processor.py:161} INFO - Started process (PID=18269) to work on /home/bvpelt/Develop/airflowtut/py_env/lib/python3.10/site-packages/airflow/example_dags/example_params_trigger_ui.py
[2024-08-09T19:45:16.473+0200] {processor.py:830} INFO - Processing file /home/bvpelt/Develop/airflowtut/py_env/lib/python3.10/site-packages/airflow/example_dags/example_params_trigger_ui.py for tasks to queue
[2024-08-09T19:45:16.475+0200] {logging_mixin.py:188} INFO - [2024-08-09T19:45:16.474+0200] {dagbag.py:545} INFO - Filling up the DagBag from /home/bvpelt/Develop/airflowtut/py_env/lib/python3.10/site-packages/airflow/example_dags/example_params_trigger_ui.py
[2024-08-09T19:45:16.488+0200] {processor.py:840} INFO - DAG(s) 'example_params_trigger_ui' retrieved from /home/bvpelt/Develop/airflowtut/py_env/lib/python3.10/site-packages/airflow/example_dags/example_params_trigger_ui.py
[2024-08-09T19:45:16.577+0200] {logging_mixin.py:188} INFO - [2024-08-09T19:45:16.577+0200] {dag.py:3089} INFO - Sync 1 DAGs
[2024-08-09T19:45:16.583+0200] {logging_mixin.py:188} INFO - [2024-08-09T19:45:16.583+0200] {dag.py:3947} INFO - Setting next_dagrun for example_params_trigger_ui to None, run_after=None
[2024-08-09T19:45:16.687+0200] {processor.py:183} INFO - Processing /home/bvpelt/Develop/airflowtut/py_env/lib/python3.10/site-packages/airflow/example_dags/example_params_trigger_ui.py took 0.223 seconds
[2024-08-09T19:46:40.247+0200] {processor.py:161} INFO - Started process (PID=18639) to work on /home/bvpelt/Develop/airflowtut/py_env/lib/python3.10/site-packages/airflow/example_dags/example_params_trigger_ui.py
[2024-08-09T19:46:40.248+0200] {processor.py:830} INFO - Processing file /home/bvpelt/Develop/airflowtut/py_env/lib/python3.10/site-packages/airflow/example_dags/example_params_trigger_ui.py for tasks to queue
[2024-08-09T19:46:40.249+0200] {logging_mixin.py:188} INFO - [2024-08-09T19:46:40.249+0200] {dagbag.py:545} INFO - Filling up the DagBag from /home/bvpelt/Develop/airflowtut/py_env/lib/python3.10/site-packages/airflow/example_dags/example_params_trigger_ui.py
[2024-08-09T19:46:40.255+0200] {processor.py:840} INFO - DAG(s) 'example_params_trigger_ui' retrieved from /home/bvpelt/Develop/airflowtut/py_env/lib/python3.10/site-packages/airflow/example_dags/example_params_trigger_ui.py
[2024-08-09T19:46:40.281+0200] {logging_mixin.py:188} INFO - [2024-08-09T19:46:40.281+0200] {dag.py:3089} INFO - Sync 1 DAGs
[2024-08-09T19:46:40.288+0200] {logging_mixin.py:188} INFO - [2024-08-09T19:46:40.288+0200] {dag.py:3947} INFO - Setting next_dagrun for example_params_trigger_ui to None, run_after=None
[2024-08-09T19:46:40.442+0200] {processor.py:183} INFO - Processing /home/bvpelt/Develop/airflowtut/py_env/lib/python3.10/site-packages/airflow/example_dags/example_params_trigger_ui.py took 0.198 seconds
[2024-08-09T19:47:34.361+0200] {processor.py:161} INFO - Started process (PID=18967) to work on /home/bvpelt/Develop/airflowtut/py_env/lib/python3.10/site-packages/airflow/example_dags/example_params_trigger_ui.py
[2024-08-09T19:47:34.362+0200] {processor.py:830} INFO - Processing file /home/bvpelt/Develop/airflowtut/py_env/lib/python3.10/site-packages/airflow/example_dags/example_params_trigger_ui.py for tasks to queue
[2024-08-09T19:47:34.362+0200] {logging_mixin.py:188} INFO - [2024-08-09T19:47:34.362+0200] {dagbag.py:545} INFO - Filling up the DagBag from /home/bvpelt/Develop/airflowtut/py_env/lib/python3.10/site-packages/airflow/example_dags/example_params_trigger_ui.py
[2024-08-09T19:47:34.367+0200] {processor.py:840} INFO - DAG(s) 'example_params_trigger_ui' retrieved from /home/bvpelt/Develop/airflowtut/py_env/lib/python3.10/site-packages/airflow/example_dags/example_params_trigger_ui.py
[2024-08-09T19:47:34.393+0200] {logging_mixin.py:188} INFO - [2024-08-09T19:47:34.393+0200] {dag.py:3089} INFO - Sync 1 DAGs
[2024-08-09T19:47:34.399+0200] {logging_mixin.py:188} INFO - [2024-08-09T19:47:34.399+0200] {dag.py:3947} INFO - Setting next_dagrun for example_params_trigger_ui to None, run_after=None
[2024-08-09T19:47:34.476+0200] {processor.py:183} INFO - Processing /home/bvpelt/Develop/airflowtut/py_env/lib/python3.10/site-packages/airflow/example_dags/example_params_trigger_ui.py took 0.119 seconds
[2024-08-09T19:48:27.126+0200] {processor.py:161} INFO - Started process (PID=19104) to work on /home/bvpelt/Develop/airflowtut/py_env/lib/python3.10/site-packages/airflow/example_dags/example_params_trigger_ui.py
[2024-08-09T19:48:27.127+0200] {processor.py:830} INFO - Processing file /home/bvpelt/Develop/airflowtut/py_env/lib/python3.10/site-packages/airflow/example_dags/example_params_trigger_ui.py for tasks to queue
[2024-08-09T19:48:27.128+0200] {logging_mixin.py:188} INFO - [2024-08-09T19:48:27.128+0200] {dagbag.py:545} INFO - Filling up the DagBag from /home/bvpelt/Develop/airflowtut/py_env/lib/python3.10/site-packages/airflow/example_dags/example_params_trigger_ui.py
[2024-08-09T19:48:27.133+0200] {processor.py:840} INFO - DAG(s) 'example_params_trigger_ui' retrieved from /home/bvpelt/Develop/airflowtut/py_env/lib/python3.10/site-packages/airflow/example_dags/example_params_trigger_ui.py
[2024-08-09T19:48:27.162+0200] {logging_mixin.py:188} INFO - [2024-08-09T19:48:27.162+0200] {dag.py:3089} INFO - Sync 1 DAGs
[2024-08-09T19:48:27.168+0200] {logging_mixin.py:188} INFO - [2024-08-09T19:48:27.168+0200] {dag.py:3947} INFO - Setting next_dagrun for example_params_trigger_ui to None, run_after=None
[2024-08-09T19:48:27.244+0200] {processor.py:183} INFO - Processing /home/bvpelt/Develop/airflowtut/py_env/lib/python3.10/site-packages/airflow/example_dags/example_params_trigger_ui.py took 0.121 seconds
[2024-08-09T19:49:17.379+0200] {processor.py:161} INFO - Started process (PID=19190) to work on /home/bvpelt/Develop/airflowtut/py_env/lib/python3.10/site-packages/airflow/example_dags/example_params_trigger_ui.py
[2024-08-09T19:49:17.379+0200] {processor.py:830} INFO - Processing file /home/bvpelt/Develop/airflowtut/py_env/lib/python3.10/site-packages/airflow/example_dags/example_params_trigger_ui.py for tasks to queue
[2024-08-09T19:49:17.380+0200] {logging_mixin.py:188} INFO - [2024-08-09T19:49:17.380+0200] {dagbag.py:545} INFO - Filling up the DagBag from /home/bvpelt/Develop/airflowtut/py_env/lib/python3.10/site-packages/airflow/example_dags/example_params_trigger_ui.py
[2024-08-09T19:49:17.386+0200] {processor.py:840} INFO - DAG(s) 'example_params_trigger_ui' retrieved from /home/bvpelt/Develop/airflowtut/py_env/lib/python3.10/site-packages/airflow/example_dags/example_params_trigger_ui.py
[2024-08-09T19:49:17.414+0200] {logging_mixin.py:188} INFO - [2024-08-09T19:49:17.414+0200] {dag.py:3089} INFO - Sync 1 DAGs
[2024-08-09T19:49:17.421+0200] {logging_mixin.py:188} INFO - [2024-08-09T19:49:17.420+0200] {dag.py:3947} INFO - Setting next_dagrun for example_params_trigger_ui to None, run_after=None
[2024-08-09T19:49:17.534+0200] {processor.py:183} INFO - Processing /home/bvpelt/Develop/airflowtut/py_env/lib/python3.10/site-packages/airflow/example_dags/example_params_trigger_ui.py took 0.158 seconds
[2024-08-09T19:50:10.178+0200] {processor.py:161} INFO - Started process (PID=19343) to work on /home/bvpelt/Develop/airflowtut/py_env/lib/python3.10/site-packages/airflow/example_dags/example_params_trigger_ui.py
[2024-08-09T19:50:10.178+0200] {processor.py:830} INFO - Processing file /home/bvpelt/Develop/airflowtut/py_env/lib/python3.10/site-packages/airflow/example_dags/example_params_trigger_ui.py for tasks to queue
[2024-08-09T19:50:10.179+0200] {logging_mixin.py:188} INFO - [2024-08-09T19:50:10.179+0200] {dagbag.py:545} INFO - Filling up the DagBag from /home/bvpelt/Develop/airflowtut/py_env/lib/python3.10/site-packages/airflow/example_dags/example_params_trigger_ui.py
[2024-08-09T19:50:10.185+0200] {processor.py:840} INFO - DAG(s) 'example_params_trigger_ui' retrieved from /home/bvpelt/Develop/airflowtut/py_env/lib/python3.10/site-packages/airflow/example_dags/example_params_trigger_ui.py
[2024-08-09T19:50:10.214+0200] {logging_mixin.py:188} INFO - [2024-08-09T19:50:10.213+0200] {dag.py:3089} INFO - Sync 1 DAGs
[2024-08-09T19:50:10.221+0200] {logging_mixin.py:188} INFO - [2024-08-09T19:50:10.221+0200] {dag.py:3947} INFO - Setting next_dagrun for example_params_trigger_ui to None, run_after=None
[2024-08-09T19:50:10.323+0200] {processor.py:183} INFO - Processing /home/bvpelt/Develop/airflowtut/py_env/lib/python3.10/site-packages/airflow/example_dags/example_params_trigger_ui.py took 0.149 seconds
[2024-08-09T19:51:02.309+0200] {processor.py:161} INFO - Started process (PID=19415) to work on /home/bvpelt/Develop/airflowtut/py_env/lib/python3.10/site-packages/airflow/example_dags/example_params_trigger_ui.py
[2024-08-09T19:51:02.311+0200] {processor.py:830} INFO - Processing file /home/bvpelt/Develop/airflowtut/py_env/lib/python3.10/site-packages/airflow/example_dags/example_params_trigger_ui.py for tasks to queue
[2024-08-09T19:51:02.315+0200] {logging_mixin.py:188} INFO - [2024-08-09T19:51:02.314+0200] {dagbag.py:545} INFO - Filling up the DagBag from /home/bvpelt/Develop/airflowtut/py_env/lib/python3.10/site-packages/airflow/example_dags/example_params_trigger_ui.py
[2024-08-09T19:51:02.331+0200] {processor.py:840} INFO - DAG(s) 'example_params_trigger_ui' retrieved from /home/bvpelt/Develop/airflowtut/py_env/lib/python3.10/site-packages/airflow/example_dags/example_params_trigger_ui.py
[2024-08-09T19:51:02.365+0200] {logging_mixin.py:188} INFO - [2024-08-09T19:51:02.365+0200] {dag.py:3089} INFO - Sync 1 DAGs
[2024-08-09T19:51:02.372+0200] {logging_mixin.py:188} INFO - [2024-08-09T19:51:02.372+0200] {dag.py:3947} INFO - Setting next_dagrun for example_params_trigger_ui to None, run_after=None
[2024-08-09T19:51:02.459+0200] {processor.py:183} INFO - Processing /home/bvpelt/Develop/airflowtut/py_env/lib/python3.10/site-packages/airflow/example_dags/example_params_trigger_ui.py took 0.165 seconds
[2024-08-09T19:51:52.708+0200] {processor.py:161} INFO - Started process (PID=19621) to work on /home/bvpelt/Develop/airflowtut/py_env/lib/python3.10/site-packages/airflow/example_dags/example_params_trigger_ui.py
[2024-08-09T19:51:52.708+0200] {processor.py:830} INFO - Processing file /home/bvpelt/Develop/airflowtut/py_env/lib/python3.10/site-packages/airflow/example_dags/example_params_trigger_ui.py for tasks to queue
[2024-08-09T19:51:52.709+0200] {logging_mixin.py:188} INFO - [2024-08-09T19:51:52.709+0200] {dagbag.py:545} INFO - Filling up the DagBag from /home/bvpelt/Develop/airflowtut/py_env/lib/python3.10/site-packages/airflow/example_dags/example_params_trigger_ui.py
[2024-08-09T19:51:52.714+0200] {processor.py:840} INFO - DAG(s) 'example_params_trigger_ui' retrieved from /home/bvpelt/Develop/airflowtut/py_env/lib/python3.10/site-packages/airflow/example_dags/example_params_trigger_ui.py
[2024-08-09T19:51:52.740+0200] {logging_mixin.py:188} INFO - [2024-08-09T19:51:52.740+0200] {dag.py:3089} INFO - Sync 1 DAGs
[2024-08-09T19:51:52.746+0200] {logging_mixin.py:188} INFO - [2024-08-09T19:51:52.746+0200] {dag.py:3947} INFO - Setting next_dagrun for example_params_trigger_ui to None, run_after=None
[2024-08-09T19:51:52.854+0200] {processor.py:183} INFO - Processing /home/bvpelt/Develop/airflowtut/py_env/lib/python3.10/site-packages/airflow/example_dags/example_params_trigger_ui.py took 0.149 seconds
[2024-08-09T19:53:22.751+0200] {processor.py:161} INFO - Started process (PID=20091) to work on /home/bvpelt/Develop/airflowtut/py_env/lib/python3.10/site-packages/airflow/example_dags/example_params_trigger_ui.py
[2024-08-09T19:53:22.752+0200] {processor.py:830} INFO - Processing file /home/bvpelt/Develop/airflowtut/py_env/lib/python3.10/site-packages/airflow/example_dags/example_params_trigger_ui.py for tasks to queue
[2024-08-09T19:53:22.752+0200] {logging_mixin.py:188} INFO - [2024-08-09T19:53:22.752+0200] {dagbag.py:545} INFO - Filling up the DagBag from /home/bvpelt/Develop/airflowtut/py_env/lib/python3.10/site-packages/airflow/example_dags/example_params_trigger_ui.py
[2024-08-09T19:53:22.758+0200] {processor.py:840} INFO - DAG(s) 'example_params_trigger_ui' retrieved from /home/bvpelt/Develop/airflowtut/py_env/lib/python3.10/site-packages/airflow/example_dags/example_params_trigger_ui.py
[2024-08-09T19:53:22.784+0200] {logging_mixin.py:188} INFO - [2024-08-09T19:53:22.784+0200] {dag.py:3089} INFO - Sync 1 DAGs
[2024-08-09T19:53:22.790+0200] {logging_mixin.py:188} INFO - [2024-08-09T19:53:22.790+0200] {dag.py:3947} INFO - Setting next_dagrun for example_params_trigger_ui to None, run_after=None
[2024-08-09T19:53:22.870+0200] {processor.py:183} INFO - Processing /home/bvpelt/Develop/airflowtut/py_env/lib/python3.10/site-packages/airflow/example_dags/example_params_trigger_ui.py took 0.122 seconds
[2024-08-09T19:54:16.311+0200] {processor.py:161} INFO - Started process (PID=20156) to work on /home/bvpelt/Develop/airflowtut/py_env/lib/python3.10/site-packages/airflow/example_dags/example_params_trigger_ui.py
[2024-08-09T19:54:16.316+0200] {processor.py:830} INFO - Processing file /home/bvpelt/Develop/airflowtut/py_env/lib/python3.10/site-packages/airflow/example_dags/example_params_trigger_ui.py for tasks to queue
[2024-08-09T19:54:16.316+0200] {logging_mixin.py:188} INFO - [2024-08-09T19:54:16.316+0200] {dagbag.py:545} INFO - Filling up the DagBag from /home/bvpelt/Develop/airflowtut/py_env/lib/python3.10/site-packages/airflow/example_dags/example_params_trigger_ui.py
[2024-08-09T19:54:16.322+0200] {processor.py:840} INFO - DAG(s) 'example_params_trigger_ui' retrieved from /home/bvpelt/Develop/airflowtut/py_env/lib/python3.10/site-packages/airflow/example_dags/example_params_trigger_ui.py
[2024-08-09T19:54:16.350+0200] {logging_mixin.py:188} INFO - [2024-08-09T19:54:16.350+0200] {dag.py:3089} INFO - Sync 1 DAGs
[2024-08-09T19:54:16.356+0200] {logging_mixin.py:188} INFO - [2024-08-09T19:54:16.356+0200] {dag.py:3947} INFO - Setting next_dagrun for example_params_trigger_ui to None, run_after=None
[2024-08-09T19:54:16.443+0200] {processor.py:183} INFO - Processing /home/bvpelt/Develop/airflowtut/py_env/lib/python3.10/site-packages/airflow/example_dags/example_params_trigger_ui.py took 0.135 seconds
[2024-08-09T19:55:09.149+0200] {processor.py:161} INFO - Started process (PID=20254) to work on /home/bvpelt/Develop/airflowtut/py_env/lib/python3.10/site-packages/airflow/example_dags/example_params_trigger_ui.py
[2024-08-09T19:55:09.150+0200] {processor.py:830} INFO - Processing file /home/bvpelt/Develop/airflowtut/py_env/lib/python3.10/site-packages/airflow/example_dags/example_params_trigger_ui.py for tasks to queue
[2024-08-09T19:55:09.151+0200] {logging_mixin.py:188} INFO - [2024-08-09T19:55:09.151+0200] {dagbag.py:545} INFO - Filling up the DagBag from /home/bvpelt/Develop/airflowtut/py_env/lib/python3.10/site-packages/airflow/example_dags/example_params_trigger_ui.py
[2024-08-09T19:55:09.156+0200] {processor.py:840} INFO - DAG(s) 'example_params_trigger_ui' retrieved from /home/bvpelt/Develop/airflowtut/py_env/lib/python3.10/site-packages/airflow/example_dags/example_params_trigger_ui.py
[2024-08-09T19:55:09.182+0200] {logging_mixin.py:188} INFO - [2024-08-09T19:55:09.182+0200] {dag.py:3089} INFO - Sync 1 DAGs
[2024-08-09T19:55:09.188+0200] {logging_mixin.py:188} INFO - [2024-08-09T19:55:09.188+0200] {dag.py:3947} INFO - Setting next_dagrun for example_params_trigger_ui to None, run_after=None
[2024-08-09T19:55:09.296+0200] {processor.py:183} INFO - Processing /home/bvpelt/Develop/airflowtut/py_env/lib/python3.10/site-packages/airflow/example_dags/example_params_trigger_ui.py took 0.149 seconds
[2024-08-09T19:55:56.322+0200] {processor.py:161} INFO - Started process (PID=20318) to work on /home/bvpelt/Develop/airflowtut/py_env/lib/python3.10/site-packages/airflow/example_dags/example_params_trigger_ui.py
[2024-08-09T19:55:56.325+0200] {processor.py:830} INFO - Processing file /home/bvpelt/Develop/airflowtut/py_env/lib/python3.10/site-packages/airflow/example_dags/example_params_trigger_ui.py for tasks to queue
[2024-08-09T19:55:56.325+0200] {logging_mixin.py:188} INFO - [2024-08-09T19:55:56.325+0200] {dagbag.py:545} INFO - Filling up the DagBag from /home/bvpelt/Develop/airflowtut/py_env/lib/python3.10/site-packages/airflow/example_dags/example_params_trigger_ui.py
[2024-08-09T19:55:56.331+0200] {processor.py:840} INFO - DAG(s) 'example_params_trigger_ui' retrieved from /home/bvpelt/Develop/airflowtut/py_env/lib/python3.10/site-packages/airflow/example_dags/example_params_trigger_ui.py
[2024-08-09T19:55:56.357+0200] {logging_mixin.py:188} INFO - [2024-08-09T19:55:56.357+0200] {dag.py:3089} INFO - Sync 1 DAGs
[2024-08-09T19:55:56.363+0200] {logging_mixin.py:188} INFO - [2024-08-09T19:55:56.363+0200] {dag.py:3947} INFO - Setting next_dagrun for example_params_trigger_ui to None, run_after=None
[2024-08-09T19:55:56.469+0200] {processor.py:183} INFO - Processing /home/bvpelt/Develop/airflowtut/py_env/lib/python3.10/site-packages/airflow/example_dags/example_params_trigger_ui.py took 0.150 seconds
[2024-08-09T19:56:47.006+0200] {processor.py:161} INFO - Started process (PID=20378) to work on /home/bvpelt/Develop/airflowtut/py_env/lib/python3.10/site-packages/airflow/example_dags/example_params_trigger_ui.py
[2024-08-09T19:56:47.007+0200] {processor.py:830} INFO - Processing file /home/bvpelt/Develop/airflowtut/py_env/lib/python3.10/site-packages/airflow/example_dags/example_params_trigger_ui.py for tasks to queue
[2024-08-09T19:56:47.007+0200] {logging_mixin.py:188} INFO - [2024-08-09T19:56:47.007+0200] {dagbag.py:545} INFO - Filling up the DagBag from /home/bvpelt/Develop/airflowtut/py_env/lib/python3.10/site-packages/airflow/example_dags/example_params_trigger_ui.py
[2024-08-09T19:56:47.013+0200] {processor.py:840} INFO - DAG(s) 'example_params_trigger_ui' retrieved from /home/bvpelt/Develop/airflowtut/py_env/lib/python3.10/site-packages/airflow/example_dags/example_params_trigger_ui.py
[2024-08-09T19:56:47.039+0200] {logging_mixin.py:188} INFO - [2024-08-09T19:56:47.039+0200] {dag.py:3089} INFO - Sync 1 DAGs
[2024-08-09T19:56:47.045+0200] {logging_mixin.py:188} INFO - [2024-08-09T19:56:47.045+0200] {dag.py:3947} INFO - Setting next_dagrun for example_params_trigger_ui to None, run_after=None
[2024-08-09T19:56:47.121+0200] {processor.py:183} INFO - Processing /home/bvpelt/Develop/airflowtut/py_env/lib/python3.10/site-packages/airflow/example_dags/example_params_trigger_ui.py took 0.118 seconds
[2024-08-09T19:57:39.089+0200] {processor.py:161} INFO - Started process (PID=20505) to work on /home/bvpelt/Develop/airflowtut/py_env/lib/python3.10/site-packages/airflow/example_dags/example_params_trigger_ui.py
[2024-08-09T19:57:39.089+0200] {processor.py:830} INFO - Processing file /home/bvpelt/Develop/airflowtut/py_env/lib/python3.10/site-packages/airflow/example_dags/example_params_trigger_ui.py for tasks to queue
[2024-08-09T19:57:39.090+0200] {logging_mixin.py:188} INFO - [2024-08-09T19:57:39.090+0200] {dagbag.py:545} INFO - Filling up the DagBag from /home/bvpelt/Develop/airflowtut/py_env/lib/python3.10/site-packages/airflow/example_dags/example_params_trigger_ui.py
[2024-08-09T19:57:39.095+0200] {processor.py:840} INFO - DAG(s) 'example_params_trigger_ui' retrieved from /home/bvpelt/Develop/airflowtut/py_env/lib/python3.10/site-packages/airflow/example_dags/example_params_trigger_ui.py
[2024-08-09T19:57:39.121+0200] {logging_mixin.py:188} INFO - [2024-08-09T19:57:39.121+0200] {dag.py:3089} INFO - Sync 1 DAGs
[2024-08-09T19:57:39.127+0200] {logging_mixin.py:188} INFO - [2024-08-09T19:57:39.127+0200] {dag.py:3947} INFO - Setting next_dagrun for example_params_trigger_ui to None, run_after=None
[2024-08-09T19:57:39.199+0200] {processor.py:183} INFO - Processing /home/bvpelt/Develop/airflowtut/py_env/lib/python3.10/site-packages/airflow/example_dags/example_params_trigger_ui.py took 0.114 seconds
[2024-08-09T19:58:30.155+0200] {processor.py:161} INFO - Started process (PID=20606) to work on /home/bvpelt/Develop/airflowtut/py_env/lib/python3.10/site-packages/airflow/example_dags/example_params_trigger_ui.py
[2024-08-09T19:58:30.157+0200] {processor.py:830} INFO - Processing file /home/bvpelt/Develop/airflowtut/py_env/lib/python3.10/site-packages/airflow/example_dags/example_params_trigger_ui.py for tasks to queue
[2024-08-09T19:58:30.160+0200] {logging_mixin.py:188} INFO - [2024-08-09T19:58:30.159+0200] {dagbag.py:545} INFO - Filling up the DagBag from /home/bvpelt/Develop/airflowtut/py_env/lib/python3.10/site-packages/airflow/example_dags/example_params_trigger_ui.py
[2024-08-09T19:58:30.173+0200] {processor.py:840} INFO - DAG(s) 'example_params_trigger_ui' retrieved from /home/bvpelt/Develop/airflowtut/py_env/lib/python3.10/site-packages/airflow/example_dags/example_params_trigger_ui.py
[2024-08-09T19:58:30.207+0200] {logging_mixin.py:188} INFO - [2024-08-09T19:58:30.206+0200] {dag.py:3089} INFO - Sync 1 DAGs
[2024-08-09T19:58:30.213+0200] {logging_mixin.py:188} INFO - [2024-08-09T19:58:30.213+0200] {dag.py:3947} INFO - Setting next_dagrun for example_params_trigger_ui to None, run_after=None
[2024-08-09T19:58:30.316+0200] {processor.py:183} INFO - Processing /home/bvpelt/Develop/airflowtut/py_env/lib/python3.10/site-packages/airflow/example_dags/example_params_trigger_ui.py took 0.177 seconds
[2024-08-09T19:59:28.758+0200] {processor.py:161} INFO - Started process (PID=20703) to work on /home/bvpelt/Develop/airflowtut/py_env/lib/python3.10/site-packages/airflow/example_dags/example_params_trigger_ui.py
[2024-08-09T19:59:28.788+0200] {processor.py:830} INFO - Processing file /home/bvpelt/Develop/airflowtut/py_env/lib/python3.10/site-packages/airflow/example_dags/example_params_trigger_ui.py for tasks to queue
[2024-08-09T19:59:28.790+0200] {logging_mixin.py:188} INFO - [2024-08-09T19:59:28.789+0200] {dagbag.py:545} INFO - Filling up the DagBag from /home/bvpelt/Develop/airflowtut/py_env/lib/python3.10/site-packages/airflow/example_dags/example_params_trigger_ui.py
[2024-08-09T19:59:28.799+0200] {processor.py:840} INFO - DAG(s) 'example_params_trigger_ui' retrieved from /home/bvpelt/Develop/airflowtut/py_env/lib/python3.10/site-packages/airflow/example_dags/example_params_trigger_ui.py
[2024-08-09T19:59:28.841+0200] {logging_mixin.py:188} INFO - [2024-08-09T19:59:28.841+0200] {dag.py:3089} INFO - Sync 1 DAGs
[2024-08-09T19:59:28.848+0200] {logging_mixin.py:188} INFO - [2024-08-09T19:59:28.848+0200] {dag.py:3947} INFO - Setting next_dagrun for example_params_trigger_ui to None, run_after=None
[2024-08-09T19:59:28.917+0200] {processor.py:183} INFO - Processing /home/bvpelt/Develop/airflowtut/py_env/lib/python3.10/site-packages/airflow/example_dags/example_params_trigger_ui.py took 0.163 seconds
[2024-08-09T20:00:20.809+0200] {processor.py:161} INFO - Started process (PID=20780) to work on /home/bvpelt/Develop/airflowtut/py_env/lib/python3.10/site-packages/airflow/example_dags/example_params_trigger_ui.py
[2024-08-09T20:00:20.827+0200] {processor.py:830} INFO - Processing file /home/bvpelt/Develop/airflowtut/py_env/lib/python3.10/site-packages/airflow/example_dags/example_params_trigger_ui.py for tasks to queue
[2024-08-09T20:00:20.831+0200] {logging_mixin.py:188} INFO - [2024-08-09T20:00:20.830+0200] {dagbag.py:545} INFO - Filling up the DagBag from /home/bvpelt/Develop/airflowtut/py_env/lib/python3.10/site-packages/airflow/example_dags/example_params_trigger_ui.py
[2024-08-09T20:00:20.839+0200] {processor.py:840} INFO - DAG(s) 'example_params_trigger_ui' retrieved from /home/bvpelt/Develop/airflowtut/py_env/lib/python3.10/site-packages/airflow/example_dags/example_params_trigger_ui.py
[2024-08-09T20:00:20.870+0200] {logging_mixin.py:188} INFO - [2024-08-09T20:00:20.869+0200] {dag.py:3089} INFO - Sync 1 DAGs
[2024-08-09T20:00:20.876+0200] {logging_mixin.py:188} INFO - [2024-08-09T20:00:20.876+0200] {dag.py:3947} INFO - Setting next_dagrun for example_params_trigger_ui to None, run_after=None
[2024-08-09T20:00:21.191+0200] {processor.py:183} INFO - Processing /home/bvpelt/Develop/airflowtut/py_env/lib/python3.10/site-packages/airflow/example_dags/example_params_trigger_ui.py took 0.385 seconds
[2024-08-09T20:01:11.346+0200] {processor.py:161} INFO - Started process (PID=20841) to work on /home/bvpelt/Develop/airflowtut/py_env/lib/python3.10/site-packages/airflow/example_dags/example_params_trigger_ui.py
[2024-08-09T20:01:11.346+0200] {processor.py:830} INFO - Processing file /home/bvpelt/Develop/airflowtut/py_env/lib/python3.10/site-packages/airflow/example_dags/example_params_trigger_ui.py for tasks to queue
[2024-08-09T20:01:11.347+0200] {logging_mixin.py:188} INFO - [2024-08-09T20:01:11.347+0200] {dagbag.py:545} INFO - Filling up the DagBag from /home/bvpelt/Develop/airflowtut/py_env/lib/python3.10/site-packages/airflow/example_dags/example_params_trigger_ui.py
[2024-08-09T20:01:11.353+0200] {processor.py:840} INFO - DAG(s) 'example_params_trigger_ui' retrieved from /home/bvpelt/Develop/airflowtut/py_env/lib/python3.10/site-packages/airflow/example_dags/example_params_trigger_ui.py
[2024-08-09T20:01:11.382+0200] {logging_mixin.py:188} INFO - [2024-08-09T20:01:11.382+0200] {dag.py:3089} INFO - Sync 1 DAGs
[2024-08-09T20:01:11.388+0200] {logging_mixin.py:188} INFO - [2024-08-09T20:01:11.388+0200] {dag.py:3947} INFO - Setting next_dagrun for example_params_trigger_ui to None, run_after=None
[2024-08-09T20:01:11.472+0200] {processor.py:183} INFO - Processing /home/bvpelt/Develop/airflowtut/py_env/lib/python3.10/site-packages/airflow/example_dags/example_params_trigger_ui.py took 0.130 seconds
[2024-08-09T20:02:02.045+0200] {processor.py:161} INFO - Started process (PID=20971) to work on /home/bvpelt/Develop/airflowtut/py_env/lib/python3.10/site-packages/airflow/example_dags/example_params_trigger_ui.py
[2024-08-09T20:02:02.046+0200] {processor.py:830} INFO - Processing file /home/bvpelt/Develop/airflowtut/py_env/lib/python3.10/site-packages/airflow/example_dags/example_params_trigger_ui.py for tasks to queue
[2024-08-09T20:02:02.047+0200] {logging_mixin.py:188} INFO - [2024-08-09T20:02:02.046+0200] {dagbag.py:545} INFO - Filling up the DagBag from /home/bvpelt/Develop/airflowtut/py_env/lib/python3.10/site-packages/airflow/example_dags/example_params_trigger_ui.py
[2024-08-09T20:02:02.052+0200] {processor.py:840} INFO - DAG(s) 'example_params_trigger_ui' retrieved from /home/bvpelt/Develop/airflowtut/py_env/lib/python3.10/site-packages/airflow/example_dags/example_params_trigger_ui.py
[2024-08-09T20:02:02.081+0200] {logging_mixin.py:188} INFO - [2024-08-09T20:02:02.081+0200] {dag.py:3089} INFO - Sync 1 DAGs
[2024-08-09T20:02:02.088+0200] {logging_mixin.py:188} INFO - [2024-08-09T20:02:02.088+0200] {dag.py:3947} INFO - Setting next_dagrun for example_params_trigger_ui to None, run_after=None
[2024-08-09T20:02:02.168+0200] {processor.py:183} INFO - Processing /home/bvpelt/Develop/airflowtut/py_env/lib/python3.10/site-packages/airflow/example_dags/example_params_trigger_ui.py took 0.127 seconds
[2024-08-09T20:02:53.274+0200] {processor.py:161} INFO - Started process (PID=21066) to work on /home/bvpelt/Develop/airflowtut/py_env/lib/python3.10/site-packages/airflow/example_dags/example_params_trigger_ui.py
[2024-08-09T20:02:53.276+0200] {processor.py:830} INFO - Processing file /home/bvpelt/Develop/airflowtut/py_env/lib/python3.10/site-packages/airflow/example_dags/example_params_trigger_ui.py for tasks to queue
[2024-08-09T20:02:53.280+0200] {logging_mixin.py:188} INFO - [2024-08-09T20:02:53.279+0200] {dagbag.py:545} INFO - Filling up the DagBag from /home/bvpelt/Develop/airflowtut/py_env/lib/python3.10/site-packages/airflow/example_dags/example_params_trigger_ui.py
[2024-08-09T20:02:53.294+0200] {processor.py:840} INFO - DAG(s) 'example_params_trigger_ui' retrieved from /home/bvpelt/Develop/airflowtut/py_env/lib/python3.10/site-packages/airflow/example_dags/example_params_trigger_ui.py
[2024-08-09T20:02:53.328+0200] {logging_mixin.py:188} INFO - [2024-08-09T20:02:53.328+0200] {dag.py:3089} INFO - Sync 1 DAGs
[2024-08-09T20:02:53.334+0200] {logging_mixin.py:188} INFO - [2024-08-09T20:02:53.334+0200] {dag.py:3947} INFO - Setting next_dagrun for example_params_trigger_ui to None, run_after=None
[2024-08-09T20:02:53.425+0200] {processor.py:183} INFO - Processing /home/bvpelt/Develop/airflowtut/py_env/lib/python3.10/site-packages/airflow/example_dags/example_params_trigger_ui.py took 0.167 seconds
[2024-08-09T20:03:51.831+0200] {processor.py:161} INFO - Started process (PID=21124) to work on /home/bvpelt/Develop/airflowtut/py_env/lib/python3.10/site-packages/airflow/example_dags/example_params_trigger_ui.py
[2024-08-09T20:03:51.833+0200] {processor.py:830} INFO - Processing file /home/bvpelt/Develop/airflowtut/py_env/lib/python3.10/site-packages/airflow/example_dags/example_params_trigger_ui.py for tasks to queue
[2024-08-09T20:03:51.837+0200] {logging_mixin.py:188} INFO - [2024-08-09T20:03:51.836+0200] {dagbag.py:545} INFO - Filling up the DagBag from /home/bvpelt/Develop/airflowtut/py_env/lib/python3.10/site-packages/airflow/example_dags/example_params_trigger_ui.py
[2024-08-09T20:03:51.853+0200] {processor.py:840} INFO - DAG(s) 'example_params_trigger_ui' retrieved from /home/bvpelt/Develop/airflowtut/py_env/lib/python3.10/site-packages/airflow/example_dags/example_params_trigger_ui.py
[2024-08-09T20:03:51.887+0200] {logging_mixin.py:188} INFO - [2024-08-09T20:03:51.887+0200] {dag.py:3089} INFO - Sync 1 DAGs
[2024-08-09T20:03:51.894+0200] {logging_mixin.py:188} INFO - [2024-08-09T20:03:51.894+0200] {dag.py:3947} INFO - Setting next_dagrun for example_params_trigger_ui to None, run_after=None
[2024-08-09T20:03:51.978+0200] {processor.py:183} INFO - Processing /home/bvpelt/Develop/airflowtut/py_env/lib/python3.10/site-packages/airflow/example_dags/example_params_trigger_ui.py took 0.163 seconds
[2024-08-09T20:04:44.346+0200] {processor.py:161} INFO - Started process (PID=21217) to work on /home/bvpelt/Develop/airflowtut/py_env/lib/python3.10/site-packages/airflow/example_dags/example_params_trigger_ui.py
[2024-08-09T20:04:44.347+0200] {processor.py:830} INFO - Processing file /home/bvpelt/Develop/airflowtut/py_env/lib/python3.10/site-packages/airflow/example_dags/example_params_trigger_ui.py for tasks to queue
[2024-08-09T20:04:44.348+0200] {logging_mixin.py:188} INFO - [2024-08-09T20:04:44.348+0200] {dagbag.py:545} INFO - Filling up the DagBag from /home/bvpelt/Develop/airflowtut/py_env/lib/python3.10/site-packages/airflow/example_dags/example_params_trigger_ui.py
[2024-08-09T20:04:44.353+0200] {processor.py:840} INFO - DAG(s) 'example_params_trigger_ui' retrieved from /home/bvpelt/Develop/airflowtut/py_env/lib/python3.10/site-packages/airflow/example_dags/example_params_trigger_ui.py
[2024-08-09T20:04:44.382+0200] {logging_mixin.py:188} INFO - [2024-08-09T20:04:44.382+0200] {dag.py:3089} INFO - Sync 1 DAGs
[2024-08-09T20:04:44.388+0200] {logging_mixin.py:188} INFO - [2024-08-09T20:04:44.388+0200] {dag.py:3947} INFO - Setting next_dagrun for example_params_trigger_ui to None, run_after=None
[2024-08-09T20:04:44.467+0200] {processor.py:183} INFO - Processing /home/bvpelt/Develop/airflowtut/py_env/lib/python3.10/site-packages/airflow/example_dags/example_params_trigger_ui.py took 0.123 seconds
[2024-08-09T20:05:36.853+0200] {processor.py:161} INFO - Started process (PID=21369) to work on /home/bvpelt/Develop/airflowtut/py_env/lib/python3.10/site-packages/airflow/example_dags/example_params_trigger_ui.py
[2024-08-09T20:05:36.855+0200] {processor.py:830} INFO - Processing file /home/bvpelt/Develop/airflowtut/py_env/lib/python3.10/site-packages/airflow/example_dags/example_params_trigger_ui.py for tasks to queue
[2024-08-09T20:05:36.859+0200] {logging_mixin.py:188} INFO - [2024-08-09T20:05:36.858+0200] {dagbag.py:545} INFO - Filling up the DagBag from /home/bvpelt/Develop/airflowtut/py_env/lib/python3.10/site-packages/airflow/example_dags/example_params_trigger_ui.py
[2024-08-09T20:05:36.875+0200] {processor.py:840} INFO - DAG(s) 'example_params_trigger_ui' retrieved from /home/bvpelt/Develop/airflowtut/py_env/lib/python3.10/site-packages/airflow/example_dags/example_params_trigger_ui.py
[2024-08-09T20:05:36.910+0200] {logging_mixin.py:188} INFO - [2024-08-09T20:05:36.910+0200] {dag.py:3089} INFO - Sync 1 DAGs
[2024-08-09T20:05:36.916+0200] {logging_mixin.py:188} INFO - [2024-08-09T20:05:36.916+0200] {dag.py:3947} INFO - Setting next_dagrun for example_params_trigger_ui to None, run_after=None
[2024-08-09T20:05:36.996+0200] {processor.py:183} INFO - Processing /home/bvpelt/Develop/airflowtut/py_env/lib/python3.10/site-packages/airflow/example_dags/example_params_trigger_ui.py took 0.159 seconds
[2024-08-09T20:06:35.631+0200] {processor.py:161} INFO - Started process (PID=21460) to work on /home/bvpelt/Develop/airflowtut/py_env/lib/python3.10/site-packages/airflow/example_dags/example_params_trigger_ui.py
[2024-08-09T20:06:35.632+0200] {processor.py:830} INFO - Processing file /home/bvpelt/Develop/airflowtut/py_env/lib/python3.10/site-packages/airflow/example_dags/example_params_trigger_ui.py for tasks to queue
[2024-08-09T20:06:35.632+0200] {logging_mixin.py:188} INFO - [2024-08-09T20:06:35.632+0200] {dagbag.py:545} INFO - Filling up the DagBag from /home/bvpelt/Develop/airflowtut/py_env/lib/python3.10/site-packages/airflow/example_dags/example_params_trigger_ui.py
[2024-08-09T20:06:35.638+0200] {processor.py:840} INFO - DAG(s) 'example_params_trigger_ui' retrieved from /home/bvpelt/Develop/airflowtut/py_env/lib/python3.10/site-packages/airflow/example_dags/example_params_trigger_ui.py
[2024-08-09T20:06:35.665+0200] {logging_mixin.py:188} INFO - [2024-08-09T20:06:35.665+0200] {dag.py:3089} INFO - Sync 1 DAGs
[2024-08-09T20:06:35.671+0200] {logging_mixin.py:188} INFO - [2024-08-09T20:06:35.671+0200] {dag.py:3947} INFO - Setting next_dagrun for example_params_trigger_ui to None, run_after=None
[2024-08-09T20:06:35.741+0200] {processor.py:183} INFO - Processing /home/bvpelt/Develop/airflowtut/py_env/lib/python3.10/site-packages/airflow/example_dags/example_params_trigger_ui.py took 0.113 seconds
[2024-08-09T20:07:29.441+0200] {processor.py:161} INFO - Started process (PID=21590) to work on /home/bvpelt/Develop/airflowtut/py_env/lib/python3.10/site-packages/airflow/example_dags/example_params_trigger_ui.py
[2024-08-09T20:07:29.441+0200] {processor.py:830} INFO - Processing file /home/bvpelt/Develop/airflowtut/py_env/lib/python3.10/site-packages/airflow/example_dags/example_params_trigger_ui.py for tasks to queue
[2024-08-09T20:07:29.442+0200] {logging_mixin.py:188} INFO - [2024-08-09T20:07:29.442+0200] {dagbag.py:545} INFO - Filling up the DagBag from /home/bvpelt/Develop/airflowtut/py_env/lib/python3.10/site-packages/airflow/example_dags/example_params_trigger_ui.py
[2024-08-09T20:07:29.447+0200] {processor.py:840} INFO - DAG(s) 'example_params_trigger_ui' retrieved from /home/bvpelt/Develop/airflowtut/py_env/lib/python3.10/site-packages/airflow/example_dags/example_params_trigger_ui.py
[2024-08-09T20:07:29.474+0200] {logging_mixin.py:188} INFO - [2024-08-09T20:07:29.474+0200] {dag.py:3089} INFO - Sync 1 DAGs
[2024-08-09T20:07:29.480+0200] {logging_mixin.py:188} INFO - [2024-08-09T20:07:29.480+0200] {dag.py:3947} INFO - Setting next_dagrun for example_params_trigger_ui to None, run_after=None
[2024-08-09T20:07:29.565+0200] {processor.py:183} INFO - Processing /home/bvpelt/Develop/airflowtut/py_env/lib/python3.10/site-packages/airflow/example_dags/example_params_trigger_ui.py took 0.128 seconds
[2024-08-09T20:08:19.777+0200] {processor.py:161} INFO - Started process (PID=21672) to work on /home/bvpelt/Develop/airflowtut/py_env/lib/python3.10/site-packages/airflow/example_dags/example_params_trigger_ui.py
[2024-08-09T20:08:19.778+0200] {processor.py:830} INFO - Processing file /home/bvpelt/Develop/airflowtut/py_env/lib/python3.10/site-packages/airflow/example_dags/example_params_trigger_ui.py for tasks to queue
[2024-08-09T20:08:19.779+0200] {logging_mixin.py:188} INFO - [2024-08-09T20:08:19.778+0200] {dagbag.py:545} INFO - Filling up the DagBag from /home/bvpelt/Develop/airflowtut/py_env/lib/python3.10/site-packages/airflow/example_dags/example_params_trigger_ui.py
[2024-08-09T20:08:19.784+0200] {processor.py:840} INFO - DAG(s) 'example_params_trigger_ui' retrieved from /home/bvpelt/Develop/airflowtut/py_env/lib/python3.10/site-packages/airflow/example_dags/example_params_trigger_ui.py
[2024-08-09T20:08:19.809+0200] {logging_mixin.py:188} INFO - [2024-08-09T20:08:19.809+0200] {dag.py:3089} INFO - Sync 1 DAGs
[2024-08-09T20:08:19.815+0200] {logging_mixin.py:188} INFO - [2024-08-09T20:08:19.815+0200] {dag.py:3947} INFO - Setting next_dagrun for example_params_trigger_ui to None, run_after=None
[2024-08-09T20:08:19.990+0200] {processor.py:183} INFO - Processing /home/bvpelt/Develop/airflowtut/py_env/lib/python3.10/site-packages/airflow/example_dags/example_params_trigger_ui.py took 0.216 seconds
[2024-08-09T20:09:11.951+0200] {processor.py:161} INFO - Started process (PID=21730) to work on /home/bvpelt/Develop/airflowtut/py_env/lib/python3.10/site-packages/airflow/example_dags/example_params_trigger_ui.py
[2024-08-09T20:09:11.951+0200] {processor.py:830} INFO - Processing file /home/bvpelt/Develop/airflowtut/py_env/lib/python3.10/site-packages/airflow/example_dags/example_params_trigger_ui.py for tasks to queue
[2024-08-09T20:09:11.952+0200] {logging_mixin.py:188} INFO - [2024-08-09T20:09:11.952+0200] {dagbag.py:545} INFO - Filling up the DagBag from /home/bvpelt/Develop/airflowtut/py_env/lib/python3.10/site-packages/airflow/example_dags/example_params_trigger_ui.py
[2024-08-09T20:09:11.957+0200] {processor.py:840} INFO - DAG(s) 'example_params_trigger_ui' retrieved from /home/bvpelt/Develop/airflowtut/py_env/lib/python3.10/site-packages/airflow/example_dags/example_params_trigger_ui.py
[2024-08-09T20:09:11.984+0200] {logging_mixin.py:188} INFO - [2024-08-09T20:09:11.984+0200] {dag.py:3089} INFO - Sync 1 DAGs
[2024-08-09T20:09:11.991+0200] {logging_mixin.py:188} INFO - [2024-08-09T20:09:11.990+0200] {dag.py:3947} INFO - Setting next_dagrun for example_params_trigger_ui to None, run_after=None
[2024-08-09T20:09:12.087+0200] {processor.py:183} INFO - Processing /home/bvpelt/Develop/airflowtut/py_env/lib/python3.10/site-packages/airflow/example_dags/example_params_trigger_ui.py took 0.139 seconds
[2024-08-09T20:10:03.309+0200] {processor.py:161} INFO - Started process (PID=21782) to work on /home/bvpelt/Develop/airflowtut/py_env/lib/python3.10/site-packages/airflow/example_dags/example_params_trigger_ui.py
[2024-08-09T20:10:03.310+0200] {processor.py:830} INFO - Processing file /home/bvpelt/Develop/airflowtut/py_env/lib/python3.10/site-packages/airflow/example_dags/example_params_trigger_ui.py for tasks to queue
[2024-08-09T20:10:03.311+0200] {logging_mixin.py:188} INFO - [2024-08-09T20:10:03.311+0200] {dagbag.py:545} INFO - Filling up the DagBag from /home/bvpelt/Develop/airflowtut/py_env/lib/python3.10/site-packages/airflow/example_dags/example_params_trigger_ui.py
[2024-08-09T20:10:03.316+0200] {processor.py:840} INFO - DAG(s) 'example_params_trigger_ui' retrieved from /home/bvpelt/Develop/airflowtut/py_env/lib/python3.10/site-packages/airflow/example_dags/example_params_trigger_ui.py
[2024-08-09T20:10:03.342+0200] {logging_mixin.py:188} INFO - [2024-08-09T20:10:03.342+0200] {dag.py:3089} INFO - Sync 1 DAGs
[2024-08-09T20:10:03.348+0200] {logging_mixin.py:188} INFO - [2024-08-09T20:10:03.348+0200] {dag.py:3947} INFO - Setting next_dagrun for example_params_trigger_ui to None, run_after=None
[2024-08-09T20:10:03.436+0200] {processor.py:183} INFO - Processing /home/bvpelt/Develop/airflowtut/py_env/lib/python3.10/site-packages/airflow/example_dags/example_params_trigger_ui.py took 0.130 seconds
[2024-08-09T20:10:52.520+0200] {processor.py:161} INFO - Started process (PID=21858) to work on /home/bvpelt/Develop/airflowtut/py_env/lib/python3.10/site-packages/airflow/example_dags/example_params_trigger_ui.py
[2024-08-09T20:10:52.520+0200] {processor.py:830} INFO - Processing file /home/bvpelt/Develop/airflowtut/py_env/lib/python3.10/site-packages/airflow/example_dags/example_params_trigger_ui.py for tasks to queue
[2024-08-09T20:10:52.521+0200] {logging_mixin.py:188} INFO - [2024-08-09T20:10:52.521+0200] {dagbag.py:545} INFO - Filling up the DagBag from /home/bvpelt/Develop/airflowtut/py_env/lib/python3.10/site-packages/airflow/example_dags/example_params_trigger_ui.py
[2024-08-09T20:10:52.526+0200] {processor.py:840} INFO - DAG(s) 'example_params_trigger_ui' retrieved from /home/bvpelt/Develop/airflowtut/py_env/lib/python3.10/site-packages/airflow/example_dags/example_params_trigger_ui.py
[2024-08-09T20:10:52.552+0200] {logging_mixin.py:188} INFO - [2024-08-09T20:10:52.552+0200] {dag.py:3089} INFO - Sync 1 DAGs
[2024-08-09T20:10:52.558+0200] {logging_mixin.py:188} INFO - [2024-08-09T20:10:52.558+0200] {dag.py:3947} INFO - Setting next_dagrun for example_params_trigger_ui to None, run_after=None
[2024-08-09T20:10:52.664+0200] {processor.py:183} INFO - Processing /home/bvpelt/Develop/airflowtut/py_env/lib/python3.10/site-packages/airflow/example_dags/example_params_trigger_ui.py took 0.148 seconds
[2024-08-09T20:11:42.531+0200] {processor.py:161} INFO - Started process (PID=21911) to work on /home/bvpelt/Develop/airflowtut/py_env/lib/python3.10/site-packages/airflow/example_dags/example_params_trigger_ui.py
[2024-08-09T20:11:42.532+0200] {processor.py:830} INFO - Processing file /home/bvpelt/Develop/airflowtut/py_env/lib/python3.10/site-packages/airflow/example_dags/example_params_trigger_ui.py for tasks to queue
[2024-08-09T20:11:42.533+0200] {logging_mixin.py:188} INFO - [2024-08-09T20:11:42.532+0200] {dagbag.py:545} INFO - Filling up the DagBag from /home/bvpelt/Develop/airflowtut/py_env/lib/python3.10/site-packages/airflow/example_dags/example_params_trigger_ui.py
[2024-08-09T20:11:42.538+0200] {processor.py:840} INFO - DAG(s) 'example_params_trigger_ui' retrieved from /home/bvpelt/Develop/airflowtut/py_env/lib/python3.10/site-packages/airflow/example_dags/example_params_trigger_ui.py
[2024-08-09T20:11:42.567+0200] {logging_mixin.py:188} INFO - [2024-08-09T20:11:42.567+0200] {dag.py:3089} INFO - Sync 1 DAGs
[2024-08-09T20:11:42.573+0200] {logging_mixin.py:188} INFO - [2024-08-09T20:11:42.573+0200] {dag.py:3947} INFO - Setting next_dagrun for example_params_trigger_ui to None, run_after=None
[2024-08-09T20:11:42.648+0200] {processor.py:183} INFO - Processing /home/bvpelt/Develop/airflowtut/py_env/lib/python3.10/site-packages/airflow/example_dags/example_params_trigger_ui.py took 0.120 seconds
[2024-08-09T20:12:30.750+0200] {processor.py:161} INFO - Started process (PID=22020) to work on /home/bvpelt/Develop/airflowtut/py_env/lib/python3.10/site-packages/airflow/example_dags/example_params_trigger_ui.py
[2024-08-09T20:12:30.764+0200] {processor.py:830} INFO - Processing file /home/bvpelt/Develop/airflowtut/py_env/lib/python3.10/site-packages/airflow/example_dags/example_params_trigger_ui.py for tasks to queue
[2024-08-09T20:12:30.767+0200] {logging_mixin.py:188} INFO - [2024-08-09T20:12:30.766+0200] {dagbag.py:545} INFO - Filling up the DagBag from /home/bvpelt/Develop/airflowtut/py_env/lib/python3.10/site-packages/airflow/example_dags/example_params_trigger_ui.py
[2024-08-09T20:12:30.794+0200] {processor.py:840} INFO - DAG(s) 'example_params_trigger_ui' retrieved from /home/bvpelt/Develop/airflowtut/py_env/lib/python3.10/site-packages/airflow/example_dags/example_params_trigger_ui.py
[2024-08-09T20:12:30.837+0200] {logging_mixin.py:188} INFO - [2024-08-09T20:12:30.837+0200] {dag.py:3089} INFO - Sync 1 DAGs
[2024-08-09T20:12:30.844+0200] {logging_mixin.py:188} INFO - [2024-08-09T20:12:30.844+0200] {dag.py:3947} INFO - Setting next_dagrun for example_params_trigger_ui to None, run_after=None
[2024-08-09T20:12:30.925+0200] {processor.py:183} INFO - Processing /home/bvpelt/Develop/airflowtut/py_env/lib/python3.10/site-packages/airflow/example_dags/example_params_trigger_ui.py took 0.187 seconds
[2024-08-09T20:13:24.320+0200] {processor.py:161} INFO - Started process (PID=22105) to work on /home/bvpelt/Develop/airflowtut/py_env/lib/python3.10/site-packages/airflow/example_dags/example_params_trigger_ui.py
[2024-08-09T20:13:24.320+0200] {processor.py:830} INFO - Processing file /home/bvpelt/Develop/airflowtut/py_env/lib/python3.10/site-packages/airflow/example_dags/example_params_trigger_ui.py for tasks to queue
[2024-08-09T20:13:24.321+0200] {logging_mixin.py:188} INFO - [2024-08-09T20:13:24.321+0200] {dagbag.py:545} INFO - Filling up the DagBag from /home/bvpelt/Develop/airflowtut/py_env/lib/python3.10/site-packages/airflow/example_dags/example_params_trigger_ui.py
[2024-08-09T20:13:24.326+0200] {processor.py:840} INFO - DAG(s) 'example_params_trigger_ui' retrieved from /home/bvpelt/Develop/airflowtut/py_env/lib/python3.10/site-packages/airflow/example_dags/example_params_trigger_ui.py
[2024-08-09T20:13:24.353+0200] {logging_mixin.py:188} INFO - [2024-08-09T20:13:24.353+0200] {dag.py:3089} INFO - Sync 1 DAGs
[2024-08-09T20:13:24.359+0200] {logging_mixin.py:188} INFO - [2024-08-09T20:13:24.359+0200] {dag.py:3947} INFO - Setting next_dagrun for example_params_trigger_ui to None, run_after=None
[2024-08-09T20:13:24.449+0200] {processor.py:183} INFO - Processing /home/bvpelt/Develop/airflowtut/py_env/lib/python3.10/site-packages/airflow/example_dags/example_params_trigger_ui.py took 0.132 seconds
[2024-08-09T20:14:18.792+0200] {processor.py:161} INFO - Started process (PID=22185) to work on /home/bvpelt/Develop/airflowtut/py_env/lib/python3.10/site-packages/airflow/example_dags/example_params_trigger_ui.py
[2024-08-09T20:14:18.793+0200] {processor.py:830} INFO - Processing file /home/bvpelt/Develop/airflowtut/py_env/lib/python3.10/site-packages/airflow/example_dags/example_params_trigger_ui.py for tasks to queue
[2024-08-09T20:14:18.793+0200] {logging_mixin.py:188} INFO - [2024-08-09T20:14:18.793+0200] {dagbag.py:545} INFO - Filling up the DagBag from /home/bvpelt/Develop/airflowtut/py_env/lib/python3.10/site-packages/airflow/example_dags/example_params_trigger_ui.py
[2024-08-09T20:14:18.799+0200] {processor.py:840} INFO - DAG(s) 'example_params_trigger_ui' retrieved from /home/bvpelt/Develop/airflowtut/py_env/lib/python3.10/site-packages/airflow/example_dags/example_params_trigger_ui.py
[2024-08-09T20:14:18.825+0200] {logging_mixin.py:188} INFO - [2024-08-09T20:14:18.825+0200] {dag.py:3089} INFO - Sync 1 DAGs
[2024-08-09T20:14:18.831+0200] {logging_mixin.py:188} INFO - [2024-08-09T20:14:18.831+0200] {dag.py:3947} INFO - Setting next_dagrun for example_params_trigger_ui to None, run_after=None
[2024-08-09T20:14:18.912+0200] {processor.py:183} INFO - Processing /home/bvpelt/Develop/airflowtut/py_env/lib/python3.10/site-packages/airflow/example_dags/example_params_trigger_ui.py took 0.124 seconds
[2024-08-09T20:15:07.745+0200] {processor.py:161} INFO - Started process (PID=22249) to work on /home/bvpelt/Develop/airflowtut/py_env/lib/python3.10/site-packages/airflow/example_dags/example_params_trigger_ui.py
[2024-08-09T20:15:07.746+0200] {processor.py:830} INFO - Processing file /home/bvpelt/Develop/airflowtut/py_env/lib/python3.10/site-packages/airflow/example_dags/example_params_trigger_ui.py for tasks to queue
[2024-08-09T20:15:07.747+0200] {logging_mixin.py:188} INFO - [2024-08-09T20:15:07.747+0200] {dagbag.py:545} INFO - Filling up the DagBag from /home/bvpelt/Develop/airflowtut/py_env/lib/python3.10/site-packages/airflow/example_dags/example_params_trigger_ui.py
[2024-08-09T20:15:07.752+0200] {processor.py:840} INFO - DAG(s) 'example_params_trigger_ui' retrieved from /home/bvpelt/Develop/airflowtut/py_env/lib/python3.10/site-packages/airflow/example_dags/example_params_trigger_ui.py
[2024-08-09T20:15:07.779+0200] {logging_mixin.py:188} INFO - [2024-08-09T20:15:07.779+0200] {dag.py:3089} INFO - Sync 1 DAGs
[2024-08-09T20:15:07.785+0200] {logging_mixin.py:188} INFO - [2024-08-09T20:15:07.785+0200] {dag.py:3947} INFO - Setting next_dagrun for example_params_trigger_ui to None, run_after=None
[2024-08-09T20:15:07.882+0200] {processor.py:183} INFO - Processing /home/bvpelt/Develop/airflowtut/py_env/lib/python3.10/site-packages/airflow/example_dags/example_params_trigger_ui.py took 0.140 seconds
[2024-08-09T20:15:56.146+0200] {processor.py:161} INFO - Started process (PID=22320) to work on /home/bvpelt/Develop/airflowtut/py_env/lib/python3.10/site-packages/airflow/example_dags/example_params_trigger_ui.py
[2024-08-09T20:15:56.147+0200] {processor.py:830} INFO - Processing file /home/bvpelt/Develop/airflowtut/py_env/lib/python3.10/site-packages/airflow/example_dags/example_params_trigger_ui.py for tasks to queue
[2024-08-09T20:15:56.148+0200] {logging_mixin.py:188} INFO - [2024-08-09T20:15:56.147+0200] {dagbag.py:545} INFO - Filling up the DagBag from /home/bvpelt/Develop/airflowtut/py_env/lib/python3.10/site-packages/airflow/example_dags/example_params_trigger_ui.py
[2024-08-09T20:15:56.153+0200] {processor.py:840} INFO - DAG(s) 'example_params_trigger_ui' retrieved from /home/bvpelt/Develop/airflowtut/py_env/lib/python3.10/site-packages/airflow/example_dags/example_params_trigger_ui.py
[2024-08-09T20:15:56.179+0200] {logging_mixin.py:188} INFO - [2024-08-09T20:15:56.178+0200] {dag.py:3089} INFO - Sync 1 DAGs
[2024-08-09T20:15:56.185+0200] {logging_mixin.py:188} INFO - [2024-08-09T20:15:56.185+0200] {dag.py:3947} INFO - Setting next_dagrun for example_params_trigger_ui to None, run_after=None
[2024-08-09T20:15:56.267+0200] {processor.py:183} INFO - Processing /home/bvpelt/Develop/airflowtut/py_env/lib/python3.10/site-packages/airflow/example_dags/example_params_trigger_ui.py took 0.124 seconds
