[2024-08-09T19:43:35.417+0200] {processor.py:161} INFO - Started process (PID=17795) to work on /home/bvpelt/Develop/airflowtut/py_env/lib/python3.10/site-packages/airflow/example_dags/example_dag_decorator.py
[2024-08-09T19:43:35.418+0200] {processor.py:830} INFO - Processing file /home/bvpelt/Develop/airflowtut/py_env/lib/python3.10/site-packages/airflow/example_dags/example_dag_decorator.py for tasks to queue
[2024-08-09T19:43:35.419+0200] {logging_mixin.py:188} INFO - [2024-08-09T19:43:35.418+0200] {dagbag.py:545} INFO - Filling up the DagBag from /home/bvpelt/Develop/airflowtut/py_env/lib/python3.10/site-packages/airflow/example_dags/example_dag_decorator.py
[2024-08-09T19:43:35.466+0200] {processor.py:840} INFO - DAG(s) 'example_dag_decorator' retrieved from /home/bvpelt/Develop/airflowtut/py_env/lib/python3.10/site-packages/airflow/example_dags/example_dag_decorator.py
[2024-08-09T19:43:35.755+0200] {logging_mixin.py:188} INFO - [2024-08-09T19:43:35.754+0200] {override.py:1858} INFO - Created Permission View: can edit on DAG:example_dag_decorator
[2024-08-09T19:43:35.830+0200] {logging_mixin.py:188} INFO - [2024-08-09T19:43:35.829+0200] {override.py:1858} INFO - Created Permission View: can read on DAG:example_dag_decorator
[2024-08-09T19:43:36.005+0200] {logging_mixin.py:188} INFO - [2024-08-09T19:43:36.004+0200] {override.py:1858} INFO - Created Permission View: can delete on DAG:example_dag_decorator
[2024-08-09T19:43:36.006+0200] {logging_mixin.py:188} INFO - [2024-08-09T19:43:36.006+0200] {dag.py:3089} INFO - Sync 1 DAGs
[2024-08-09T19:43:36.035+0200] {logging_mixin.py:188} INFO - [2024-08-09T19:43:36.034+0200] {dag.py:3111} INFO - Creating ORM DAG for example_dag_decorator
[2024-08-09T19:43:36.036+0200] {logging_mixin.py:188} INFO - [2024-08-09T19:43:36.036+0200] {dag.py:3947} INFO - Setting next_dagrun for example_dag_decorator to None, run_after=None
[2024-08-09T19:43:36.186+0200] {processor.py:183} INFO - Processing /home/bvpelt/Develop/airflowtut/py_env/lib/python3.10/site-packages/airflow/example_dags/example_dag_decorator.py took 0.771 seconds
[2024-08-09T19:44:38.239+0200] {processor.py:161} INFO - Started process (PID=18111) to work on /home/bvpelt/Develop/airflowtut/py_env/lib/python3.10/site-packages/airflow/example_dags/example_dag_decorator.py
[2024-08-09T19:44:38.240+0200] {processor.py:830} INFO - Processing file /home/bvpelt/Develop/airflowtut/py_env/lib/python3.10/site-packages/airflow/example_dags/example_dag_decorator.py for tasks to queue
[2024-08-09T19:44:38.241+0200] {logging_mixin.py:188} INFO - [2024-08-09T19:44:38.241+0200] {dagbag.py:545} INFO - Filling up the DagBag from /home/bvpelt/Develop/airflowtut/py_env/lib/python3.10/site-packages/airflow/example_dags/example_dag_decorator.py
[2024-08-09T19:44:38.331+0200] {processor.py:840} INFO - DAG(s) 'example_dag_decorator' retrieved from /home/bvpelt/Develop/airflowtut/py_env/lib/python3.10/site-packages/airflow/example_dags/example_dag_decorator.py
[2024-08-09T19:44:38.380+0200] {logging_mixin.py:188} INFO - [2024-08-09T19:44:38.380+0200] {dag.py:3089} INFO - Sync 1 DAGs
[2024-08-09T19:44:38.385+0200] {logging_mixin.py:188} INFO - [2024-08-09T19:44:38.385+0200] {dag.py:3947} INFO - Setting next_dagrun for example_dag_decorator to None, run_after=None
[2024-08-09T19:44:38.458+0200] {processor.py:183} INFO - Processing /home/bvpelt/Develop/airflowtut/py_env/lib/python3.10/site-packages/airflow/example_dags/example_dag_decorator.py took 0.222 seconds
[2024-08-09T19:45:34.309+0200] {processor.py:161} INFO - Started process (PID=18291) to work on /home/bvpelt/Develop/airflowtut/py_env/lib/python3.10/site-packages/airflow/example_dags/example_dag_decorator.py
[2024-08-09T19:45:34.311+0200] {processor.py:830} INFO - Processing file /home/bvpelt/Develop/airflowtut/py_env/lib/python3.10/site-packages/airflow/example_dags/example_dag_decorator.py for tasks to queue
[2024-08-09T19:45:34.314+0200] {logging_mixin.py:188} INFO - [2024-08-09T19:45:34.313+0200] {dagbag.py:545} INFO - Filling up the DagBag from /home/bvpelt/Develop/airflowtut/py_env/lib/python3.10/site-packages/airflow/example_dags/example_dag_decorator.py
[2024-08-09T19:45:34.377+0200] {processor.py:840} INFO - DAG(s) 'example_dag_decorator' retrieved from /home/bvpelt/Develop/airflowtut/py_env/lib/python3.10/site-packages/airflow/example_dags/example_dag_decorator.py
[2024-08-09T19:45:34.445+0200] {logging_mixin.py:188} INFO - [2024-08-09T19:45:34.445+0200] {dag.py:3089} INFO - Sync 1 DAGs
[2024-08-09T19:45:34.451+0200] {logging_mixin.py:188} INFO - [2024-08-09T19:45:34.451+0200] {dag.py:3947} INFO - Setting next_dagrun for example_dag_decorator to None, run_after=None
[2024-08-09T19:45:34.527+0200] {processor.py:183} INFO - Processing /home/bvpelt/Develop/airflowtut/py_env/lib/python3.10/site-packages/airflow/example_dags/example_dag_decorator.py took 0.234 seconds
[2024-08-09T19:46:57.468+0200] {processor.py:161} INFO - Started process (PID=18717) to work on /home/bvpelt/Develop/airflowtut/py_env/lib/python3.10/site-packages/airflow/example_dags/example_dag_decorator.py
[2024-08-09T19:46:57.484+0200] {processor.py:830} INFO - Processing file /home/bvpelt/Develop/airflowtut/py_env/lib/python3.10/site-packages/airflow/example_dags/example_dag_decorator.py for tasks to queue
[2024-08-09T19:46:57.485+0200] {logging_mixin.py:188} INFO - [2024-08-09T19:46:57.485+0200] {dagbag.py:545} INFO - Filling up the DagBag from /home/bvpelt/Develop/airflowtut/py_env/lib/python3.10/site-packages/airflow/example_dags/example_dag_decorator.py
[2024-08-09T19:46:57.534+0200] {processor.py:840} INFO - DAG(s) 'example_dag_decorator' retrieved from /home/bvpelt/Develop/airflowtut/py_env/lib/python3.10/site-packages/airflow/example_dags/example_dag_decorator.py
[2024-08-09T19:46:57.546+0200] {logging_mixin.py:188} INFO - [2024-08-09T19:46:57.546+0200] {dag.py:3089} INFO - Sync 1 DAGs
[2024-08-09T19:46:57.554+0200] {logging_mixin.py:188} INFO - [2024-08-09T19:46:57.554+0200] {dag.py:3947} INFO - Setting next_dagrun for example_dag_decorator to None, run_after=None
[2024-08-09T19:46:57.649+0200] {processor.py:183} INFO - Processing /home/bvpelt/Develop/airflowtut/py_env/lib/python3.10/site-packages/airflow/example_dags/example_dag_decorator.py took 0.184 seconds
[2024-08-09T19:48:14.170+0200] {processor.py:161} INFO - Started process (PID=19031) to work on /home/bvpelt/Develop/airflowtut/py_env/lib/python3.10/site-packages/airflow/example_dags/example_dag_decorator.py
[2024-08-09T19:48:14.170+0200] {processor.py:830} INFO - Processing file /home/bvpelt/Develop/airflowtut/py_env/lib/python3.10/site-packages/airflow/example_dags/example_dag_decorator.py for tasks to queue
[2024-08-09T19:48:14.171+0200] {logging_mixin.py:188} INFO - [2024-08-09T19:48:14.171+0200] {dagbag.py:545} INFO - Filling up the DagBag from /home/bvpelt/Develop/airflowtut/py_env/lib/python3.10/site-packages/airflow/example_dags/example_dag_decorator.py
[2024-08-09T19:48:14.218+0200] {processor.py:840} INFO - DAG(s) 'example_dag_decorator' retrieved from /home/bvpelt/Develop/airflowtut/py_env/lib/python3.10/site-packages/airflow/example_dags/example_dag_decorator.py
[2024-08-09T19:48:14.273+0200] {logging_mixin.py:188} INFO - [2024-08-09T19:48:14.273+0200] {dag.py:3089} INFO - Sync 1 DAGs
[2024-08-09T19:48:14.279+0200] {logging_mixin.py:188} INFO - [2024-08-09T19:48:14.279+0200] {dag.py:3947} INFO - Setting next_dagrun for example_dag_decorator to None, run_after=None
[2024-08-09T19:48:14.364+0200] {processor.py:183} INFO - Processing /home/bvpelt/Develop/airflowtut/py_env/lib/python3.10/site-packages/airflow/example_dags/example_dag_decorator.py took 0.197 seconds
[2024-08-09T19:49:27.476+0200] {processor.py:161} INFO - Started process (PID=19199) to work on /home/bvpelt/Develop/airflowtut/py_env/lib/python3.10/site-packages/airflow/example_dags/example_dag_decorator.py
[2024-08-09T19:49:27.477+0200] {processor.py:830} INFO - Processing file /home/bvpelt/Develop/airflowtut/py_env/lib/python3.10/site-packages/airflow/example_dags/example_dag_decorator.py for tasks to queue
[2024-08-09T19:49:27.478+0200] {logging_mixin.py:188} INFO - [2024-08-09T19:49:27.477+0200] {dagbag.py:545} INFO - Filling up the DagBag from /home/bvpelt/Develop/airflowtut/py_env/lib/python3.10/site-packages/airflow/example_dags/example_dag_decorator.py
[2024-08-09T19:49:27.525+0200] {processor.py:840} INFO - DAG(s) 'example_dag_decorator' retrieved from /home/bvpelt/Develop/airflowtut/py_env/lib/python3.10/site-packages/airflow/example_dags/example_dag_decorator.py
[2024-08-09T19:49:27.581+0200] {logging_mixin.py:188} INFO - [2024-08-09T19:49:27.581+0200] {dag.py:3089} INFO - Sync 1 DAGs
[2024-08-09T19:49:27.586+0200] {logging_mixin.py:188} INFO - [2024-08-09T19:49:27.586+0200] {dag.py:3947} INFO - Setting next_dagrun for example_dag_decorator to None, run_after=None
[2024-08-09T19:49:27.674+0200] {processor.py:183} INFO - Processing /home/bvpelt/Develop/airflowtut/py_env/lib/python3.10/site-packages/airflow/example_dags/example_dag_decorator.py took 0.201 seconds
[2024-08-09T19:50:48.025+0200] {processor.py:161} INFO - Started process (PID=19382) to work on /home/bvpelt/Develop/airflowtut/py_env/lib/python3.10/site-packages/airflow/example_dags/example_dag_decorator.py
[2024-08-09T19:50:48.025+0200] {processor.py:830} INFO - Processing file /home/bvpelt/Develop/airflowtut/py_env/lib/python3.10/site-packages/airflow/example_dags/example_dag_decorator.py for tasks to queue
[2024-08-09T19:50:48.026+0200] {logging_mixin.py:188} INFO - [2024-08-09T19:50:48.026+0200] {dagbag.py:545} INFO - Filling up the DagBag from /home/bvpelt/Develop/airflowtut/py_env/lib/python3.10/site-packages/airflow/example_dags/example_dag_decorator.py
[2024-08-09T19:50:48.072+0200] {processor.py:840} INFO - DAG(s) 'example_dag_decorator' retrieved from /home/bvpelt/Develop/airflowtut/py_env/lib/python3.10/site-packages/airflow/example_dags/example_dag_decorator.py
[2024-08-09T19:50:48.125+0200] {logging_mixin.py:188} INFO - [2024-08-09T19:50:48.125+0200] {dag.py:3089} INFO - Sync 1 DAGs
[2024-08-09T19:50:48.130+0200] {logging_mixin.py:188} INFO - [2024-08-09T19:50:48.130+0200] {dag.py:3947} INFO - Setting next_dagrun for example_dag_decorator to None, run_after=None
[2024-08-09T19:50:48.210+0200] {processor.py:183} INFO - Processing /home/bvpelt/Develop/airflowtut/py_env/lib/python3.10/site-packages/airflow/example_dags/example_dag_decorator.py took 0.188 seconds
[2024-08-09T19:52:20.647+0200] {processor.py:161} INFO - Started process (PID=19951) to work on /home/bvpelt/Develop/airflowtut/py_env/lib/python3.10/site-packages/airflow/example_dags/example_dag_decorator.py
[2024-08-09T19:52:20.648+0200] {processor.py:830} INFO - Processing file /home/bvpelt/Develop/airflowtut/py_env/lib/python3.10/site-packages/airflow/example_dags/example_dag_decorator.py for tasks to queue
[2024-08-09T19:52:20.648+0200] {logging_mixin.py:188} INFO - [2024-08-09T19:52:20.648+0200] {dagbag.py:545} INFO - Filling up the DagBag from /home/bvpelt/Develop/airflowtut/py_env/lib/python3.10/site-packages/airflow/example_dags/example_dag_decorator.py
[2024-08-09T19:52:20.693+0200] {processor.py:840} INFO - DAG(s) 'example_dag_decorator' retrieved from /home/bvpelt/Develop/airflowtut/py_env/lib/python3.10/site-packages/airflow/example_dags/example_dag_decorator.py
[2024-08-09T19:52:20.746+0200] {logging_mixin.py:188} INFO - [2024-08-09T19:52:20.746+0200] {dag.py:3089} INFO - Sync 1 DAGs
[2024-08-09T19:52:20.751+0200] {logging_mixin.py:188} INFO - [2024-08-09T19:52:20.751+0200] {dag.py:3947} INFO - Setting next_dagrun for example_dag_decorator to None, run_after=None
[2024-08-09T19:52:20.822+0200] {processor.py:183} INFO - Processing /home/bvpelt/Develop/airflowtut/py_env/lib/python3.10/site-packages/airflow/example_dags/example_dag_decorator.py took 0.178 seconds
[2024-08-09T19:53:34.248+0200] {processor.py:161} INFO - Started process (PID=20103) to work on /home/bvpelt/Develop/airflowtut/py_env/lib/python3.10/site-packages/airflow/example_dags/example_dag_decorator.py
[2024-08-09T19:53:34.248+0200] {processor.py:830} INFO - Processing file /home/bvpelt/Develop/airflowtut/py_env/lib/python3.10/site-packages/airflow/example_dags/example_dag_decorator.py for tasks to queue
[2024-08-09T19:53:34.249+0200] {logging_mixin.py:188} INFO - [2024-08-09T19:53:34.249+0200] {dagbag.py:545} INFO - Filling up the DagBag from /home/bvpelt/Develop/airflowtut/py_env/lib/python3.10/site-packages/airflow/example_dags/example_dag_decorator.py
[2024-08-09T19:53:34.294+0200] {processor.py:840} INFO - DAG(s) 'example_dag_decorator' retrieved from /home/bvpelt/Develop/airflowtut/py_env/lib/python3.10/site-packages/airflow/example_dags/example_dag_decorator.py
[2024-08-09T19:53:34.346+0200] {logging_mixin.py:188} INFO - [2024-08-09T19:53:34.346+0200] {dag.py:3089} INFO - Sync 1 DAGs
[2024-08-09T19:53:34.351+0200] {logging_mixin.py:188} INFO - [2024-08-09T19:53:34.351+0200] {dag.py:3947} INFO - Setting next_dagrun for example_dag_decorator to None, run_after=None
[2024-08-09T19:53:34.434+0200] {processor.py:183} INFO - Processing /home/bvpelt/Develop/airflowtut/py_env/lib/python3.10/site-packages/airflow/example_dags/example_dag_decorator.py took 0.190 seconds
[2024-08-09T19:54:54.258+0200] {processor.py:161} INFO - Started process (PID=20212) to work on /home/bvpelt/Develop/airflowtut/py_env/lib/python3.10/site-packages/airflow/example_dags/example_dag_decorator.py
[2024-08-09T19:54:54.259+0200] {processor.py:830} INFO - Processing file /home/bvpelt/Develop/airflowtut/py_env/lib/python3.10/site-packages/airflow/example_dags/example_dag_decorator.py for tasks to queue
[2024-08-09T19:54:54.260+0200] {logging_mixin.py:188} INFO - [2024-08-09T19:54:54.259+0200] {dagbag.py:545} INFO - Filling up the DagBag from /home/bvpelt/Develop/airflowtut/py_env/lib/python3.10/site-packages/airflow/example_dags/example_dag_decorator.py
[2024-08-09T19:54:54.304+0200] {processor.py:840} INFO - DAG(s) 'example_dag_decorator' retrieved from /home/bvpelt/Develop/airflowtut/py_env/lib/python3.10/site-packages/airflow/example_dags/example_dag_decorator.py
[2024-08-09T19:54:54.315+0200] {logging_mixin.py:188} INFO - [2024-08-09T19:54:54.314+0200] {dag.py:3089} INFO - Sync 1 DAGs
[2024-08-09T19:54:54.321+0200] {logging_mixin.py:188} INFO - [2024-08-09T19:54:54.320+0200] {dag.py:3947} INFO - Setting next_dagrun for example_dag_decorator to None, run_after=None
[2024-08-09T19:54:54.395+0200] {processor.py:183} INFO - Processing /home/bvpelt/Develop/airflowtut/py_env/lib/python3.10/site-packages/airflow/example_dags/example_dag_decorator.py took 0.140 seconds
[2024-08-09T19:56:05.835+0200] {processor.py:161} INFO - Started process (PID=20328) to work on /home/bvpelt/Develop/airflowtut/py_env/lib/python3.10/site-packages/airflow/example_dags/example_dag_decorator.py
[2024-08-09T19:56:05.836+0200] {processor.py:830} INFO - Processing file /home/bvpelt/Develop/airflowtut/py_env/lib/python3.10/site-packages/airflow/example_dags/example_dag_decorator.py for tasks to queue
[2024-08-09T19:56:05.837+0200] {logging_mixin.py:188} INFO - [2024-08-09T19:56:05.836+0200] {dagbag.py:545} INFO - Filling up the DagBag from /home/bvpelt/Develop/airflowtut/py_env/lib/python3.10/site-packages/airflow/example_dags/example_dag_decorator.py
[2024-08-09T19:56:05.882+0200] {processor.py:840} INFO - DAG(s) 'example_dag_decorator' retrieved from /home/bvpelt/Develop/airflowtut/py_env/lib/python3.10/site-packages/airflow/example_dags/example_dag_decorator.py
[2024-08-09T19:56:05.892+0200] {logging_mixin.py:188} INFO - [2024-08-09T19:56:05.892+0200] {dag.py:3089} INFO - Sync 1 DAGs
[2024-08-09T19:56:05.898+0200] {logging_mixin.py:188} INFO - [2024-08-09T19:56:05.898+0200] {dag.py:3947} INFO - Setting next_dagrun for example_dag_decorator to None, run_after=None
[2024-08-09T19:56:06.020+0200] {processor.py:183} INFO - Processing /home/bvpelt/Develop/airflowtut/py_env/lib/python3.10/site-packages/airflow/example_dags/example_dag_decorator.py took 0.188 seconds
[2024-08-09T19:57:20.847+0200] {processor.py:161} INFO - Started process (PID=20487) to work on /home/bvpelt/Develop/airflowtut/py_env/lib/python3.10/site-packages/airflow/example_dags/example_dag_decorator.py
[2024-08-09T19:57:20.849+0200] {processor.py:830} INFO - Processing file /home/bvpelt/Develop/airflowtut/py_env/lib/python3.10/site-packages/airflow/example_dags/example_dag_decorator.py for tasks to queue
[2024-08-09T19:57:20.853+0200] {logging_mixin.py:188} INFO - [2024-08-09T19:57:20.852+0200] {dagbag.py:545} INFO - Filling up the DagBag from /home/bvpelt/Develop/airflowtut/py_env/lib/python3.10/site-packages/airflow/example_dags/example_dag_decorator.py
[2024-08-09T19:57:20.918+0200] {processor.py:840} INFO - DAG(s) 'example_dag_decorator' retrieved from /home/bvpelt/Develop/airflowtut/py_env/lib/python3.10/site-packages/airflow/example_dags/example_dag_decorator.py
[2024-08-09T19:57:20.929+0200] {logging_mixin.py:188} INFO - [2024-08-09T19:57:20.928+0200] {dag.py:3089} INFO - Sync 1 DAGs
[2024-08-09T19:57:20.935+0200] {logging_mixin.py:188} INFO - [2024-08-09T19:57:20.935+0200] {dag.py:3947} INFO - Setting next_dagrun for example_dag_decorator to None, run_after=None
[2024-08-09T19:57:21.029+0200] {processor.py:183} INFO - Processing /home/bvpelt/Develop/airflowtut/py_env/lib/python3.10/site-packages/airflow/example_dags/example_dag_decorator.py took 0.197 seconds
[2024-08-09T19:58:40.354+0200] {processor.py:161} INFO - Started process (PID=20625) to work on /home/bvpelt/Develop/airflowtut/py_env/lib/python3.10/site-packages/airflow/example_dags/example_dag_decorator.py
[2024-08-09T19:58:40.356+0200] {processor.py:830} INFO - Processing file /home/bvpelt/Develop/airflowtut/py_env/lib/python3.10/site-packages/airflow/example_dags/example_dag_decorator.py for tasks to queue
[2024-08-09T19:58:40.360+0200] {logging_mixin.py:188} INFO - [2024-08-09T19:58:40.359+0200] {dagbag.py:545} INFO - Filling up the DagBag from /home/bvpelt/Develop/airflowtut/py_env/lib/python3.10/site-packages/airflow/example_dags/example_dag_decorator.py
[2024-08-09T19:58:40.422+0200] {processor.py:840} INFO - DAG(s) 'example_dag_decorator' retrieved from /home/bvpelt/Develop/airflowtut/py_env/lib/python3.10/site-packages/airflow/example_dags/example_dag_decorator.py
[2024-08-09T19:58:40.478+0200] {logging_mixin.py:188} INFO - [2024-08-09T19:58:40.477+0200] {dag.py:3089} INFO - Sync 1 DAGs
[2024-08-09T19:58:40.483+0200] {logging_mixin.py:188} INFO - [2024-08-09T19:58:40.483+0200] {dag.py:3947} INFO - Setting next_dagrun for example_dag_decorator to None, run_after=None
[2024-08-09T19:58:40.594+0200] {processor.py:183} INFO - Processing /home/bvpelt/Develop/airflowtut/py_env/lib/python3.10/site-packages/airflow/example_dags/example_dag_decorator.py took 0.255 seconds
[2024-08-09T19:59:36.934+0200] {processor.py:161} INFO - Started process (PID=20712) to work on /home/bvpelt/Develop/airflowtut/py_env/lib/python3.10/site-packages/airflow/example_dags/example_dag_decorator.py
[2024-08-09T19:59:36.935+0200] {processor.py:830} INFO - Processing file /home/bvpelt/Develop/airflowtut/py_env/lib/python3.10/site-packages/airflow/example_dags/example_dag_decorator.py for tasks to queue
[2024-08-09T19:59:36.935+0200] {logging_mixin.py:188} INFO - [2024-08-09T19:59:36.935+0200] {dagbag.py:545} INFO - Filling up the DagBag from /home/bvpelt/Develop/airflowtut/py_env/lib/python3.10/site-packages/airflow/example_dags/example_dag_decorator.py
[2024-08-09T19:59:36.981+0200] {processor.py:840} INFO - DAG(s) 'example_dag_decorator' retrieved from /home/bvpelt/Develop/airflowtut/py_env/lib/python3.10/site-packages/airflow/example_dags/example_dag_decorator.py
[2024-08-09T19:59:37.033+0200] {logging_mixin.py:188} INFO - [2024-08-09T19:59:37.033+0200] {dag.py:3089} INFO - Sync 1 DAGs
[2024-08-09T19:59:37.038+0200] {logging_mixin.py:188} INFO - [2024-08-09T19:59:37.038+0200] {dag.py:3947} INFO - Setting next_dagrun for example_dag_decorator to None, run_after=None
[2024-08-09T19:59:37.107+0200] {processor.py:183} INFO - Processing /home/bvpelt/Develop/airflowtut/py_env/lib/python3.10/site-packages/airflow/example_dags/example_dag_decorator.py took 0.176 seconds
[2024-08-09T20:00:51.953+0200] {processor.py:161} INFO - Started process (PID=20816) to work on /home/bvpelt/Develop/airflowtut/py_env/lib/python3.10/site-packages/airflow/example_dags/example_dag_decorator.py
[2024-08-09T20:00:51.953+0200] {processor.py:830} INFO - Processing file /home/bvpelt/Develop/airflowtut/py_env/lib/python3.10/site-packages/airflow/example_dags/example_dag_decorator.py for tasks to queue
[2024-08-09T20:00:51.954+0200] {logging_mixin.py:188} INFO - [2024-08-09T20:00:51.954+0200] {dagbag.py:545} INFO - Filling up the DagBag from /home/bvpelt/Develop/airflowtut/py_env/lib/python3.10/site-packages/airflow/example_dags/example_dag_decorator.py
[2024-08-09T20:00:52.000+0200] {processor.py:840} INFO - DAG(s) 'example_dag_decorator' retrieved from /home/bvpelt/Develop/airflowtut/py_env/lib/python3.10/site-packages/airflow/example_dags/example_dag_decorator.py
[2024-08-09T20:00:52.053+0200] {logging_mixin.py:188} INFO - [2024-08-09T20:00:52.053+0200] {dag.py:3089} INFO - Sync 1 DAGs
[2024-08-09T20:00:52.058+0200] {logging_mixin.py:188} INFO - [2024-08-09T20:00:52.058+0200] {dag.py:3947} INFO - Setting next_dagrun for example_dag_decorator to None, run_after=None
[2024-08-09T20:00:52.268+0200] {processor.py:183} INFO - Processing /home/bvpelt/Develop/airflowtut/py_env/lib/python3.10/site-packages/airflow/example_dags/example_dag_decorator.py took 0.318 seconds
[2024-08-09T20:02:07.287+0200] {processor.py:161} INFO - Started process (PID=20978) to work on /home/bvpelt/Develop/airflowtut/py_env/lib/python3.10/site-packages/airflow/example_dags/example_dag_decorator.py
[2024-08-09T20:02:07.288+0200] {processor.py:830} INFO - Processing file /home/bvpelt/Develop/airflowtut/py_env/lib/python3.10/site-packages/airflow/example_dags/example_dag_decorator.py for tasks to queue
[2024-08-09T20:02:07.289+0200] {logging_mixin.py:188} INFO - [2024-08-09T20:02:07.288+0200] {dagbag.py:545} INFO - Filling up the DagBag from /home/bvpelt/Develop/airflowtut/py_env/lib/python3.10/site-packages/airflow/example_dags/example_dag_decorator.py
[2024-08-09T20:02:07.333+0200] {processor.py:840} INFO - DAG(s) 'example_dag_decorator' retrieved from /home/bvpelt/Develop/airflowtut/py_env/lib/python3.10/site-packages/airflow/example_dags/example_dag_decorator.py
[2024-08-09T20:02:07.384+0200] {logging_mixin.py:188} INFO - [2024-08-09T20:02:07.384+0200] {dag.py:3089} INFO - Sync 1 DAGs
[2024-08-09T20:02:07.389+0200] {logging_mixin.py:188} INFO - [2024-08-09T20:02:07.389+0200] {dag.py:3947} INFO - Setting next_dagrun for example_dag_decorator to None, run_after=None
[2024-08-09T20:02:07.464+0200] {processor.py:183} INFO - Processing /home/bvpelt/Develop/airflowtut/py_env/lib/python3.10/site-packages/airflow/example_dags/example_dag_decorator.py took 0.180 seconds
[2024-08-09T20:03:33.173+0200] {processor.py:161} INFO - Started process (PID=21104) to work on /home/bvpelt/Develop/airflowtut/py_env/lib/python3.10/site-packages/airflow/example_dags/example_dag_decorator.py
[2024-08-09T20:03:33.174+0200] {processor.py:830} INFO - Processing file /home/bvpelt/Develop/airflowtut/py_env/lib/python3.10/site-packages/airflow/example_dags/example_dag_decorator.py for tasks to queue
[2024-08-09T20:03:33.175+0200] {logging_mixin.py:188} INFO - [2024-08-09T20:03:33.174+0200] {dagbag.py:545} INFO - Filling up the DagBag from /home/bvpelt/Develop/airflowtut/py_env/lib/python3.10/site-packages/airflow/example_dags/example_dag_decorator.py
[2024-08-09T20:03:33.219+0200] {processor.py:840} INFO - DAG(s) 'example_dag_decorator' retrieved from /home/bvpelt/Develop/airflowtut/py_env/lib/python3.10/site-packages/airflow/example_dags/example_dag_decorator.py
[2024-08-09T20:03:33.229+0200] {logging_mixin.py:188} INFO - [2024-08-09T20:03:33.229+0200] {dag.py:3089} INFO - Sync 1 DAGs
[2024-08-09T20:03:33.235+0200] {logging_mixin.py:188} INFO - [2024-08-09T20:03:33.235+0200] {dag.py:3947} INFO - Setting next_dagrun for example_dag_decorator to None, run_after=None
[2024-08-09T20:03:33.328+0200] {processor.py:183} INFO - Processing /home/bvpelt/Develop/airflowtut/py_env/lib/python3.10/site-packages/airflow/example_dags/example_dag_decorator.py took 0.158 seconds
[2024-08-09T20:04:50.979+0200] {processor.py:161} INFO - Started process (PID=21237) to work on /home/bvpelt/Develop/airflowtut/py_env/lib/python3.10/site-packages/airflow/example_dags/example_dag_decorator.py
[2024-08-09T20:04:51.055+0200] {processor.py:830} INFO - Processing file /home/bvpelt/Develop/airflowtut/py_env/lib/python3.10/site-packages/airflow/example_dags/example_dag_decorator.py for tasks to queue
[2024-08-09T20:04:51.059+0200] {logging_mixin.py:188} INFO - [2024-08-09T20:04:51.058+0200] {dagbag.py:545} INFO - Filling up the DagBag from /home/bvpelt/Develop/airflowtut/py_env/lib/python3.10/site-packages/airflow/example_dags/example_dag_decorator.py
[2024-08-09T20:04:51.142+0200] {processor.py:840} INFO - DAG(s) 'example_dag_decorator' retrieved from /home/bvpelt/Develop/airflowtut/py_env/lib/python3.10/site-packages/airflow/example_dags/example_dag_decorator.py
[2024-08-09T20:04:51.194+0200] {logging_mixin.py:188} INFO - [2024-08-09T20:04:51.194+0200] {dag.py:3089} INFO - Sync 1 DAGs
[2024-08-09T20:04:51.199+0200] {logging_mixin.py:188} INFO - [2024-08-09T20:04:51.199+0200] {dag.py:3947} INFO - Setting next_dagrun for example_dag_decorator to None, run_after=None
[2024-08-09T20:04:51.263+0200] {processor.py:183} INFO - Processing /home/bvpelt/Develop/airflowtut/py_env/lib/python3.10/site-packages/airflow/example_dags/example_dag_decorator.py took 0.287 seconds
[2024-08-09T20:06:14.228+0200] {processor.py:161} INFO - Started process (PID=21405) to work on /home/bvpelt/Develop/airflowtut/py_env/lib/python3.10/site-packages/airflow/example_dags/example_dag_decorator.py
[2024-08-09T20:06:14.229+0200] {processor.py:830} INFO - Processing file /home/bvpelt/Develop/airflowtut/py_env/lib/python3.10/site-packages/airflow/example_dags/example_dag_decorator.py for tasks to queue
[2024-08-09T20:06:14.229+0200] {logging_mixin.py:188} INFO - [2024-08-09T20:06:14.229+0200] {dagbag.py:545} INFO - Filling up the DagBag from /home/bvpelt/Develop/airflowtut/py_env/lib/python3.10/site-packages/airflow/example_dags/example_dag_decorator.py
[2024-08-09T20:06:14.277+0200] {processor.py:840} INFO - DAG(s) 'example_dag_decorator' retrieved from /home/bvpelt/Develop/airflowtut/py_env/lib/python3.10/site-packages/airflow/example_dags/example_dag_decorator.py
[2024-08-09T20:06:14.330+0200] {logging_mixin.py:188} INFO - [2024-08-09T20:06:14.329+0200] {dag.py:3089} INFO - Sync 1 DAGs
[2024-08-09T20:06:14.335+0200] {logging_mixin.py:188} INFO - [2024-08-09T20:06:14.335+0200] {dag.py:3947} INFO - Setting next_dagrun for example_dag_decorator to None, run_after=None
[2024-08-09T20:06:14.410+0200] {processor.py:183} INFO - Processing /home/bvpelt/Develop/airflowtut/py_env/lib/python3.10/site-packages/airflow/example_dags/example_dag_decorator.py took 0.185 seconds
[2024-08-09T20:07:09.899+0200] {processor.py:161} INFO - Started process (PID=21495) to work on /home/bvpelt/Develop/airflowtut/py_env/lib/python3.10/site-packages/airflow/example_dags/example_dag_decorator.py
[2024-08-09T20:07:09.923+0200] {processor.py:830} INFO - Processing file /home/bvpelt/Develop/airflowtut/py_env/lib/python3.10/site-packages/airflow/example_dags/example_dag_decorator.py for tasks to queue
[2024-08-09T20:07:09.923+0200] {logging_mixin.py:188} INFO - [2024-08-09T20:07:09.923+0200] {dagbag.py:545} INFO - Filling up the DagBag from /home/bvpelt/Develop/airflowtut/py_env/lib/python3.10/site-packages/airflow/example_dags/example_dag_decorator.py
[2024-08-09T20:07:09.969+0200] {processor.py:840} INFO - DAG(s) 'example_dag_decorator' retrieved from /home/bvpelt/Develop/airflowtut/py_env/lib/python3.10/site-packages/airflow/example_dags/example_dag_decorator.py
[2024-08-09T20:07:10.021+0200] {logging_mixin.py:188} INFO - [2024-08-09T20:07:10.021+0200] {dag.py:3089} INFO - Sync 1 DAGs
[2024-08-09T20:07:10.027+0200] {logging_mixin.py:188} INFO - [2024-08-09T20:07:10.027+0200] {dag.py:3947} INFO - Setting next_dagrun for example_dag_decorator to None, run_after=None
[2024-08-09T20:07:10.126+0200] {processor.py:183} INFO - Processing /home/bvpelt/Develop/airflowtut/py_env/lib/python3.10/site-packages/airflow/example_dags/example_dag_decorator.py took 0.230 seconds
[2024-08-09T20:08:25.190+0200] {processor.py:161} INFO - Started process (PID=21677) to work on /home/bvpelt/Develop/airflowtut/py_env/lib/python3.10/site-packages/airflow/example_dags/example_dag_decorator.py
[2024-08-09T20:08:25.219+0200] {processor.py:830} INFO - Processing file /home/bvpelt/Develop/airflowtut/py_env/lib/python3.10/site-packages/airflow/example_dags/example_dag_decorator.py for tasks to queue
[2024-08-09T20:08:25.220+0200] {logging_mixin.py:188} INFO - [2024-08-09T20:08:25.220+0200] {dagbag.py:545} INFO - Filling up the DagBag from /home/bvpelt/Develop/airflowtut/py_env/lib/python3.10/site-packages/airflow/example_dags/example_dag_decorator.py
[2024-08-09T20:08:25.266+0200] {processor.py:840} INFO - DAG(s) 'example_dag_decorator' retrieved from /home/bvpelt/Develop/airflowtut/py_env/lib/python3.10/site-packages/airflow/example_dags/example_dag_decorator.py
[2024-08-09T20:08:25.319+0200] {logging_mixin.py:188} INFO - [2024-08-09T20:08:25.319+0200] {dag.py:3089} INFO - Sync 1 DAGs
[2024-08-09T20:08:25.324+0200] {logging_mixin.py:188} INFO - [2024-08-09T20:08:25.324+0200] {dag.py:3947} INFO - Setting next_dagrun for example_dag_decorator to None, run_after=None
[2024-08-09T20:08:25.414+0200] {processor.py:183} INFO - Processing /home/bvpelt/Develop/airflowtut/py_env/lib/python3.10/site-packages/airflow/example_dags/example_dag_decorator.py took 0.227 seconds
[2024-08-09T20:09:43.952+0200] {processor.py:161} INFO - Started process (PID=21765) to work on /home/bvpelt/Develop/airflowtut/py_env/lib/python3.10/site-packages/airflow/example_dags/example_dag_decorator.py
[2024-08-09T20:09:43.952+0200] {processor.py:830} INFO - Processing file /home/bvpelt/Develop/airflowtut/py_env/lib/python3.10/site-packages/airflow/example_dags/example_dag_decorator.py for tasks to queue
[2024-08-09T20:09:43.953+0200] {logging_mixin.py:188} INFO - [2024-08-09T20:09:43.953+0200] {dagbag.py:545} INFO - Filling up the DagBag from /home/bvpelt/Develop/airflowtut/py_env/lib/python3.10/site-packages/airflow/example_dags/example_dag_decorator.py
[2024-08-09T20:09:43.998+0200] {processor.py:840} INFO - DAG(s) 'example_dag_decorator' retrieved from /home/bvpelt/Develop/airflowtut/py_env/lib/python3.10/site-packages/airflow/example_dags/example_dag_decorator.py
[2024-08-09T20:09:44.051+0200] {logging_mixin.py:188} INFO - [2024-08-09T20:09:44.051+0200] {dag.py:3089} INFO - Sync 1 DAGs
[2024-08-09T20:09:44.057+0200] {logging_mixin.py:188} INFO - [2024-08-09T20:09:44.057+0200] {dag.py:3947} INFO - Setting next_dagrun for example_dag_decorator to None, run_after=None
[2024-08-09T20:09:44.114+0200] {processor.py:183} INFO - Processing /home/bvpelt/Develop/airflowtut/py_env/lib/python3.10/site-packages/airflow/example_dags/example_dag_decorator.py took 0.166 seconds
[2024-08-09T20:10:58.346+0200] {processor.py:161} INFO - Started process (PID=21866) to work on /home/bvpelt/Develop/airflowtut/py_env/lib/python3.10/site-packages/airflow/example_dags/example_dag_decorator.py
[2024-08-09T20:10:58.346+0200] {processor.py:830} INFO - Processing file /home/bvpelt/Develop/airflowtut/py_env/lib/python3.10/site-packages/airflow/example_dags/example_dag_decorator.py for tasks to queue
[2024-08-09T20:10:58.347+0200] {logging_mixin.py:188} INFO - [2024-08-09T20:10:58.347+0200] {dagbag.py:545} INFO - Filling up the DagBag from /home/bvpelt/Develop/airflowtut/py_env/lib/python3.10/site-packages/airflow/example_dags/example_dag_decorator.py
[2024-08-09T20:10:58.393+0200] {processor.py:840} INFO - DAG(s) 'example_dag_decorator' retrieved from /home/bvpelt/Develop/airflowtut/py_env/lib/python3.10/site-packages/airflow/example_dags/example_dag_decorator.py
[2024-08-09T20:10:58.447+0200] {logging_mixin.py:188} INFO - [2024-08-09T20:10:58.447+0200] {dag.py:3089} INFO - Sync 1 DAGs
[2024-08-09T20:10:58.453+0200] {logging_mixin.py:188} INFO - [2024-08-09T20:10:58.452+0200] {dag.py:3947} INFO - Setting next_dagrun for example_dag_decorator to None, run_after=None
[2024-08-09T20:10:58.520+0200] {processor.py:183} INFO - Processing /home/bvpelt/Develop/airflowtut/py_env/lib/python3.10/site-packages/airflow/example_dags/example_dag_decorator.py took 0.178 seconds
[2024-08-09T20:12:13.786+0200] {processor.py:161} INFO - Started process (PID=21975) to work on /home/bvpelt/Develop/airflowtut/py_env/lib/python3.10/site-packages/airflow/example_dags/example_dag_decorator.py
[2024-08-09T20:12:13.788+0200] {processor.py:830} INFO - Processing file /home/bvpelt/Develop/airflowtut/py_env/lib/python3.10/site-packages/airflow/example_dags/example_dag_decorator.py for tasks to queue
[2024-08-09T20:12:13.792+0200] {logging_mixin.py:188} INFO - [2024-08-09T20:12:13.791+0200] {dagbag.py:545} INFO - Filling up the DagBag from /home/bvpelt/Develop/airflowtut/py_env/lib/python3.10/site-packages/airflow/example_dags/example_dag_decorator.py
[2024-08-09T20:12:13.856+0200] {processor.py:840} INFO - DAG(s) 'example_dag_decorator' retrieved from /home/bvpelt/Develop/airflowtut/py_env/lib/python3.10/site-packages/airflow/example_dags/example_dag_decorator.py
[2024-08-09T20:12:13.914+0200] {logging_mixin.py:188} INFO - [2024-08-09T20:12:13.914+0200] {dag.py:3089} INFO - Sync 1 DAGs
[2024-08-09T20:12:13.920+0200] {logging_mixin.py:188} INFO - [2024-08-09T20:12:13.920+0200] {dag.py:3947} INFO - Setting next_dagrun for example_dag_decorator to None, run_after=None
[2024-08-09T20:12:14.022+0200] {processor.py:183} INFO - Processing /home/bvpelt/Develop/airflowtut/py_env/lib/python3.10/site-packages/airflow/example_dags/example_dag_decorator.py took 0.251 seconds
[2024-08-09T20:13:33.139+0200] {processor.py:161} INFO - Started process (PID=22115) to work on /home/bvpelt/Develop/airflowtut/py_env/lib/python3.10/site-packages/airflow/example_dags/example_dag_decorator.py
[2024-08-09T20:13:33.140+0200] {processor.py:830} INFO - Processing file /home/bvpelt/Develop/airflowtut/py_env/lib/python3.10/site-packages/airflow/example_dags/example_dag_decorator.py for tasks to queue
[2024-08-09T20:13:33.140+0200] {logging_mixin.py:188} INFO - [2024-08-09T20:13:33.140+0200] {dagbag.py:545} INFO - Filling up the DagBag from /home/bvpelt/Develop/airflowtut/py_env/lib/python3.10/site-packages/airflow/example_dags/example_dag_decorator.py
[2024-08-09T20:13:33.188+0200] {processor.py:840} INFO - DAG(s) 'example_dag_decorator' retrieved from /home/bvpelt/Develop/airflowtut/py_env/lib/python3.10/site-packages/airflow/example_dags/example_dag_decorator.py
[2024-08-09T20:13:33.241+0200] {logging_mixin.py:188} INFO - [2024-08-09T20:13:33.241+0200] {dag.py:3089} INFO - Sync 1 DAGs
[2024-08-09T20:13:33.246+0200] {logging_mixin.py:188} INFO - [2024-08-09T20:13:33.246+0200] {dag.py:3947} INFO - Setting next_dagrun for example_dag_decorator to None, run_after=None
[2024-08-09T20:13:33.332+0200] {processor.py:183} INFO - Processing /home/bvpelt/Develop/airflowtut/py_env/lib/python3.10/site-packages/airflow/example_dags/example_dag_decorator.py took 0.197 seconds
[2024-08-09T20:14:48.383+0200] {processor.py:161} INFO - Started process (PID=22218) to work on /home/bvpelt/Develop/airflowtut/py_env/lib/python3.10/site-packages/airflow/example_dags/example_dag_decorator.py
[2024-08-09T20:14:48.384+0200] {processor.py:830} INFO - Processing file /home/bvpelt/Develop/airflowtut/py_env/lib/python3.10/site-packages/airflow/example_dags/example_dag_decorator.py for tasks to queue
[2024-08-09T20:14:48.385+0200] {logging_mixin.py:188} INFO - [2024-08-09T20:14:48.384+0200] {dagbag.py:545} INFO - Filling up the DagBag from /home/bvpelt/Develop/airflowtut/py_env/lib/python3.10/site-packages/airflow/example_dags/example_dag_decorator.py
[2024-08-09T20:14:48.432+0200] {processor.py:840} INFO - DAG(s) 'example_dag_decorator' retrieved from /home/bvpelt/Develop/airflowtut/py_env/lib/python3.10/site-packages/airflow/example_dags/example_dag_decorator.py
[2024-08-09T20:14:48.484+0200] {logging_mixin.py:188} INFO - [2024-08-09T20:14:48.483+0200] {dag.py:3089} INFO - Sync 1 DAGs
[2024-08-09T20:14:48.489+0200] {logging_mixin.py:188} INFO - [2024-08-09T20:14:48.489+0200] {dag.py:3947} INFO - Setting next_dagrun for example_dag_decorator to None, run_after=None
[2024-08-09T20:14:48.558+0200] {processor.py:183} INFO - Processing /home/bvpelt/Develop/airflowtut/py_env/lib/python3.10/site-packages/airflow/example_dags/example_dag_decorator.py took 0.178 seconds
[2024-08-09T20:16:01.853+0200] {processor.py:161} INFO - Started process (PID=22326) to work on /home/bvpelt/Develop/airflowtut/py_env/lib/python3.10/site-packages/airflow/example_dags/example_dag_decorator.py
[2024-08-09T20:16:01.853+0200] {processor.py:830} INFO - Processing file /home/bvpelt/Develop/airflowtut/py_env/lib/python3.10/site-packages/airflow/example_dags/example_dag_decorator.py for tasks to queue
[2024-08-09T20:16:01.854+0200] {logging_mixin.py:188} INFO - [2024-08-09T20:16:01.854+0200] {dagbag.py:545} INFO - Filling up the DagBag from /home/bvpelt/Develop/airflowtut/py_env/lib/python3.10/site-packages/airflow/example_dags/example_dag_decorator.py
[2024-08-09T20:16:01.900+0200] {processor.py:840} INFO - DAG(s) 'example_dag_decorator' retrieved from /home/bvpelt/Develop/airflowtut/py_env/lib/python3.10/site-packages/airflow/example_dags/example_dag_decorator.py
[2024-08-09T20:16:01.953+0200] {logging_mixin.py:188} INFO - [2024-08-09T20:16:01.952+0200] {dag.py:3089} INFO - Sync 1 DAGs
[2024-08-09T20:16:01.958+0200] {logging_mixin.py:188} INFO - [2024-08-09T20:16:01.958+0200] {dag.py:3947} INFO - Setting next_dagrun for example_dag_decorator to None, run_after=None
[2024-08-09T20:16:02.031+0200] {processor.py:183} INFO - Processing /home/bvpelt/Develop/airflowtut/py_env/lib/python3.10/site-packages/airflow/example_dags/example_dag_decorator.py took 0.181 seconds
