[2024-08-09T19:42:27.164+0200] {processor.py:161} INFO - Started process (PID=17574) to work on /home/bvpelt/Develop/airflowtut/py_env/lib/python3.10/site-packages/airflow/example_dags/example_setup_teardown_taskflow.py
[2024-08-09T19:42:27.166+0200] {processor.py:830} INFO - Processing file /home/bvpelt/Develop/airflowtut/py_env/lib/python3.10/site-packages/airflow/example_dags/example_setup_teardown_taskflow.py for tasks to queue
[2024-08-09T19:42:27.170+0200] {logging_mixin.py:188} INFO - [2024-08-09T19:42:27.169+0200] {dagbag.py:545} INFO - Filling up the DagBag from /home/bvpelt/Develop/airflowtut/py_env/lib/python3.10/site-packages/airflow/example_dags/example_setup_teardown_taskflow.py
[2024-08-09T19:42:27.187+0200] {processor.py:840} INFO - DAG(s) 'example_setup_teardown_taskflow' retrieved from /home/bvpelt/Develop/airflowtut/py_env/lib/python3.10/site-packages/airflow/example_dags/example_setup_teardown_taskflow.py
[2024-08-09T19:42:27.400+0200] {logging_mixin.py:188} INFO - [2024-08-09T19:42:27.398+0200] {override.py:1858} INFO - Created Permission View: can edit on DAG:example_setup_teardown_taskflow
[2024-08-09T19:42:27.483+0200] {logging_mixin.py:188} INFO - [2024-08-09T19:42:27.482+0200] {override.py:1858} INFO - Created Permission View: can read on DAG:example_setup_teardown_taskflow
[2024-08-09T19:42:27.549+0200] {logging_mixin.py:188} INFO - [2024-08-09T19:42:27.548+0200] {override.py:1858} INFO - Created Permission View: can delete on DAG:example_setup_teardown_taskflow
[2024-08-09T19:42:27.550+0200] {logging_mixin.py:188} INFO - [2024-08-09T19:42:27.549+0200] {dag.py:3089} INFO - Sync 1 DAGs
[2024-08-09T19:42:27.558+0200] {logging_mixin.py:188} INFO - [2024-08-09T19:42:27.558+0200] {dag.py:3111} INFO - Creating ORM DAG for example_setup_teardown_taskflow
[2024-08-09T19:42:27.563+0200] {logging_mixin.py:188} INFO - [2024-08-09T19:42:27.563+0200] {dag.py:3947} INFO - Setting next_dagrun for example_setup_teardown_taskflow to 2024-08-08 00:00:00+00:00, run_after=2024-08-09 00:00:00+00:00
[2024-08-09T19:42:27.696+0200] {processor.py:183} INFO - Processing /home/bvpelt/Develop/airflowtut/py_env/lib/python3.10/site-packages/airflow/example_dags/example_setup_teardown_taskflow.py took 0.546 seconds
[2024-08-09T19:43:49.193+0200] {processor.py:161} INFO - Started process (PID=17879) to work on /home/bvpelt/Develop/airflowtut/py_env/lib/python3.10/site-packages/airflow/example_dags/example_setup_teardown_taskflow.py
[2024-08-09T19:43:49.195+0200] {processor.py:830} INFO - Processing file /home/bvpelt/Develop/airflowtut/py_env/lib/python3.10/site-packages/airflow/example_dags/example_setup_teardown_taskflow.py for tasks to queue
[2024-08-09T19:43:49.198+0200] {logging_mixin.py:188} INFO - [2024-08-09T19:43:49.198+0200] {dagbag.py:545} INFO - Filling up the DagBag from /home/bvpelt/Develop/airflowtut/py_env/lib/python3.10/site-packages/airflow/example_dags/example_setup_teardown_taskflow.py
[2024-08-09T19:43:49.216+0200] {processor.py:840} INFO - DAG(s) 'example_setup_teardown_taskflow' retrieved from /home/bvpelt/Develop/airflowtut/py_env/lib/python3.10/site-packages/airflow/example_dags/example_setup_teardown_taskflow.py
[2024-08-09T19:43:49.236+0200] {logging_mixin.py:188} INFO - [2024-08-09T19:43:49.236+0200] {dag.py:3089} INFO - Sync 1 DAGs
[2024-08-09T19:43:49.249+0200] {logging_mixin.py:188} INFO - [2024-08-09T19:43:49.249+0200] {dag.py:3947} INFO - Setting next_dagrun for example_setup_teardown_taskflow to 2024-08-08 00:00:00+00:00, run_after=2024-08-09 00:00:00+00:00
[2024-08-09T19:43:49.335+0200] {processor.py:183} INFO - Processing /home/bvpelt/Develop/airflowtut/py_env/lib/python3.10/site-packages/airflow/example_dags/example_setup_teardown_taskflow.py took 0.157 seconds
[2024-08-09T19:44:44.253+0200] {processor.py:161} INFO - Started process (PID=18147) to work on /home/bvpelt/Develop/airflowtut/py_env/lib/python3.10/site-packages/airflow/example_dags/example_setup_teardown_taskflow.py
[2024-08-09T19:44:44.253+0200] {processor.py:830} INFO - Processing file /home/bvpelt/Develop/airflowtut/py_env/lib/python3.10/site-packages/airflow/example_dags/example_setup_teardown_taskflow.py for tasks to queue
[2024-08-09T19:44:44.254+0200] {logging_mixin.py:188} INFO - [2024-08-09T19:44:44.254+0200] {dagbag.py:545} INFO - Filling up the DagBag from /home/bvpelt/Develop/airflowtut/py_env/lib/python3.10/site-packages/airflow/example_dags/example_setup_teardown_taskflow.py
[2024-08-09T19:44:44.259+0200] {processor.py:840} INFO - DAG(s) 'example_setup_teardown_taskflow' retrieved from /home/bvpelt/Develop/airflowtut/py_env/lib/python3.10/site-packages/airflow/example_dags/example_setup_teardown_taskflow.py
[2024-08-09T19:44:44.268+0200] {logging_mixin.py:188} INFO - [2024-08-09T19:44:44.268+0200] {dag.py:3089} INFO - Sync 1 DAGs
[2024-08-09T19:44:44.279+0200] {logging_mixin.py:188} INFO - [2024-08-09T19:44:44.278+0200] {dag.py:3947} INFO - Setting next_dagrun for example_setup_teardown_taskflow to 2024-08-08 00:00:00+00:00, run_after=2024-08-09 00:00:00+00:00
[2024-08-09T19:44:44.511+0200] {processor.py:183} INFO - Processing /home/bvpelt/Develop/airflowtut/py_env/lib/python3.10/site-packages/airflow/example_dags/example_setup_teardown_taskflow.py took 0.262 seconds
[2024-08-09T19:45:38.193+0200] {processor.py:161} INFO - Started process (PID=18294) to work on /home/bvpelt/Develop/airflowtut/py_env/lib/python3.10/site-packages/airflow/example_dags/example_setup_teardown_taskflow.py
[2024-08-09T19:45:38.194+0200] {processor.py:830} INFO - Processing file /home/bvpelt/Develop/airflowtut/py_env/lib/python3.10/site-packages/airflow/example_dags/example_setup_teardown_taskflow.py for tasks to queue
[2024-08-09T19:45:38.196+0200] {logging_mixin.py:188} INFO - [2024-08-09T19:45:38.196+0200] {dagbag.py:545} INFO - Filling up the DagBag from /home/bvpelt/Develop/airflowtut/py_env/lib/python3.10/site-packages/airflow/example_dags/example_setup_teardown_taskflow.py
[2024-08-09T19:45:38.205+0200] {processor.py:840} INFO - DAG(s) 'example_setup_teardown_taskflow' retrieved from /home/bvpelt/Develop/airflowtut/py_env/lib/python3.10/site-packages/airflow/example_dags/example_setup_teardown_taskflow.py
[2024-08-09T19:45:38.218+0200] {logging_mixin.py:188} INFO - [2024-08-09T19:45:38.217+0200] {dag.py:3089} INFO - Sync 1 DAGs
[2024-08-09T19:45:38.231+0200] {logging_mixin.py:188} INFO - [2024-08-09T19:45:38.231+0200] {dag.py:3947} INFO - Setting next_dagrun for example_setup_teardown_taskflow to 2024-08-08 00:00:00+00:00, run_after=2024-08-09 00:00:00+00:00
[2024-08-09T19:45:38.308+0200] {processor.py:183} INFO - Processing /home/bvpelt/Develop/airflowtut/py_env/lib/python3.10/site-packages/airflow/example_dags/example_setup_teardown_taskflow.py took 0.125 seconds
[2024-08-09T19:46:26.170+0200] {processor.py:161} INFO - Started process (PID=18594) to work on /home/bvpelt/Develop/airflowtut/py_env/lib/python3.10/site-packages/airflow/example_dags/example_setup_teardown_taskflow.py
[2024-08-09T19:46:26.170+0200] {processor.py:830} INFO - Processing file /home/bvpelt/Develop/airflowtut/py_env/lib/python3.10/site-packages/airflow/example_dags/example_setup_teardown_taskflow.py for tasks to queue
[2024-08-09T19:46:26.171+0200] {logging_mixin.py:188} INFO - [2024-08-09T19:46:26.171+0200] {dagbag.py:545} INFO - Filling up the DagBag from /home/bvpelt/Develop/airflowtut/py_env/lib/python3.10/site-packages/airflow/example_dags/example_setup_teardown_taskflow.py
[2024-08-09T19:46:26.176+0200] {processor.py:840} INFO - DAG(s) 'example_setup_teardown_taskflow' retrieved from /home/bvpelt/Develop/airflowtut/py_env/lib/python3.10/site-packages/airflow/example_dags/example_setup_teardown_taskflow.py
[2024-08-09T19:46:26.186+0200] {logging_mixin.py:188} INFO - [2024-08-09T19:46:26.186+0200] {dag.py:3089} INFO - Sync 1 DAGs
[2024-08-09T19:46:26.198+0200] {logging_mixin.py:188} INFO - [2024-08-09T19:46:26.197+0200] {dag.py:3947} INFO - Setting next_dagrun for example_setup_teardown_taskflow to 2024-08-08 00:00:00+00:00, run_after=2024-08-09 00:00:00+00:00
[2024-08-09T19:46:26.288+0200] {processor.py:183} INFO - Processing /home/bvpelt/Develop/airflowtut/py_env/lib/python3.10/site-packages/airflow/example_dags/example_setup_teardown_taskflow.py took 0.121 seconds
[2024-08-09T19:47:07.946+0200] {processor.py:161} INFO - Started process (PID=18787) to work on /home/bvpelt/Develop/airflowtut/py_env/lib/python3.10/site-packages/airflow/example_dags/example_setup_teardown_taskflow.py
[2024-08-09T19:47:07.957+0200] {processor.py:830} INFO - Processing file /home/bvpelt/Develop/airflowtut/py_env/lib/python3.10/site-packages/airflow/example_dags/example_setup_teardown_taskflow.py for tasks to queue
[2024-08-09T19:47:07.958+0200] {logging_mixin.py:188} INFO - [2024-08-09T19:47:07.958+0200] {dagbag.py:545} INFO - Filling up the DagBag from /home/bvpelt/Develop/airflowtut/py_env/lib/python3.10/site-packages/airflow/example_dags/example_setup_teardown_taskflow.py
[2024-08-09T19:47:07.964+0200] {processor.py:840} INFO - DAG(s) 'example_setup_teardown_taskflow' retrieved from /home/bvpelt/Develop/airflowtut/py_env/lib/python3.10/site-packages/airflow/example_dags/example_setup_teardown_taskflow.py
[2024-08-09T19:47:07.974+0200] {logging_mixin.py:188} INFO - [2024-08-09T19:47:07.973+0200] {dag.py:3089} INFO - Sync 1 DAGs
[2024-08-09T19:47:07.984+0200] {logging_mixin.py:188} INFO - [2024-08-09T19:47:07.984+0200] {dag.py:3947} INFO - Setting next_dagrun for example_setup_teardown_taskflow to 2024-08-08 00:00:00+00:00, run_after=2024-08-09 00:00:00+00:00
[2024-08-09T19:47:08.055+0200] {processor.py:183} INFO - Processing /home/bvpelt/Develop/airflowtut/py_env/lib/python3.10/site-packages/airflow/example_dags/example_setup_teardown_taskflow.py took 0.112 seconds
[2024-08-09T19:47:57.833+0200] {processor.py:161} INFO - Started process (PID=19016) to work on /home/bvpelt/Develop/airflowtut/py_env/lib/python3.10/site-packages/airflow/example_dags/example_setup_teardown_taskflow.py
[2024-08-09T19:47:57.839+0200] {processor.py:830} INFO - Processing file /home/bvpelt/Develop/airflowtut/py_env/lib/python3.10/site-packages/airflow/example_dags/example_setup_teardown_taskflow.py for tasks to queue
[2024-08-09T19:47:57.843+0200] {logging_mixin.py:188} INFO - [2024-08-09T19:47:57.842+0200] {dagbag.py:545} INFO - Filling up the DagBag from /home/bvpelt/Develop/airflowtut/py_env/lib/python3.10/site-packages/airflow/example_dags/example_setup_teardown_taskflow.py
[2024-08-09T19:47:57.861+0200] {processor.py:840} INFO - DAG(s) 'example_setup_teardown_taskflow' retrieved from /home/bvpelt/Develop/airflowtut/py_env/lib/python3.10/site-packages/airflow/example_dags/example_setup_teardown_taskflow.py
[2024-08-09T19:47:57.877+0200] {logging_mixin.py:188} INFO - [2024-08-09T19:47:57.877+0200] {dag.py:3089} INFO - Sync 1 DAGs
[2024-08-09T19:47:57.890+0200] {logging_mixin.py:188} INFO - [2024-08-09T19:47:57.890+0200] {dag.py:3947} INFO - Setting next_dagrun for example_setup_teardown_taskflow to 2024-08-08 00:00:00+00:00, run_after=2024-08-09 00:00:00+00:00
[2024-08-09T19:47:57.972+0200] {processor.py:183} INFO - Processing /home/bvpelt/Develop/airflowtut/py_env/lib/python3.10/site-packages/airflow/example_dags/example_setup_teardown_taskflow.py took 0.155 seconds
[2024-08-09T19:48:48.814+0200] {processor.py:161} INFO - Started process (PID=19125) to work on /home/bvpelt/Develop/airflowtut/py_env/lib/python3.10/site-packages/airflow/example_dags/example_setup_teardown_taskflow.py
[2024-08-09T19:48:48.815+0200] {processor.py:830} INFO - Processing file /home/bvpelt/Develop/airflowtut/py_env/lib/python3.10/site-packages/airflow/example_dags/example_setup_teardown_taskflow.py for tasks to queue
[2024-08-09T19:48:48.815+0200] {logging_mixin.py:188} INFO - [2024-08-09T19:48:48.815+0200] {dagbag.py:545} INFO - Filling up the DagBag from /home/bvpelt/Develop/airflowtut/py_env/lib/python3.10/site-packages/airflow/example_dags/example_setup_teardown_taskflow.py
[2024-08-09T19:48:48.821+0200] {processor.py:840} INFO - DAG(s) 'example_setup_teardown_taskflow' retrieved from /home/bvpelt/Develop/airflowtut/py_env/lib/python3.10/site-packages/airflow/example_dags/example_setup_teardown_taskflow.py
[2024-08-09T19:48:48.830+0200] {logging_mixin.py:188} INFO - [2024-08-09T19:48:48.830+0200] {dag.py:3089} INFO - Sync 1 DAGs
[2024-08-09T19:48:48.841+0200] {logging_mixin.py:188} INFO - [2024-08-09T19:48:48.841+0200] {dag.py:3947} INFO - Setting next_dagrun for example_setup_teardown_taskflow to 2024-08-08 00:00:00+00:00, run_after=2024-08-09 00:00:00+00:00
[2024-08-09T19:48:48.960+0200] {processor.py:183} INFO - Processing /home/bvpelt/Develop/airflowtut/py_env/lib/python3.10/site-packages/airflow/example_dags/example_setup_teardown_taskflow.py took 0.150 seconds
[2024-08-09T19:49:38.587+0200] {processor.py:161} INFO - Started process (PID=19209) to work on /home/bvpelt/Develop/airflowtut/py_env/lib/python3.10/site-packages/airflow/example_dags/example_setup_teardown_taskflow.py
[2024-08-09T19:49:38.593+0200] {processor.py:830} INFO - Processing file /home/bvpelt/Develop/airflowtut/py_env/lib/python3.10/site-packages/airflow/example_dags/example_setup_teardown_taskflow.py for tasks to queue
[2024-08-09T19:49:38.594+0200] {logging_mixin.py:188} INFO - [2024-08-09T19:49:38.594+0200] {dagbag.py:545} INFO - Filling up the DagBag from /home/bvpelt/Develop/airflowtut/py_env/lib/python3.10/site-packages/airflow/example_dags/example_setup_teardown_taskflow.py
[2024-08-09T19:49:38.600+0200] {processor.py:840} INFO - DAG(s) 'example_setup_teardown_taskflow' retrieved from /home/bvpelt/Develop/airflowtut/py_env/lib/python3.10/site-packages/airflow/example_dags/example_setup_teardown_taskflow.py
[2024-08-09T19:49:38.613+0200] {logging_mixin.py:188} INFO - [2024-08-09T19:49:38.613+0200] {dag.py:3089} INFO - Sync 1 DAGs
[2024-08-09T19:49:38.626+0200] {logging_mixin.py:188} INFO - [2024-08-09T19:49:38.626+0200] {dag.py:3947} INFO - Setting next_dagrun for example_setup_teardown_taskflow to 2024-08-08 00:00:00+00:00, run_after=2024-08-09 00:00:00+00:00
[2024-08-09T19:49:38.743+0200] {processor.py:183} INFO - Processing /home/bvpelt/Develop/airflowtut/py_env/lib/python3.10/site-packages/airflow/example_dags/example_setup_teardown_taskflow.py took 0.159 seconds
[2024-08-09T19:50:31.574+0200] {processor.py:161} INFO - Started process (PID=19364) to work on /home/bvpelt/Develop/airflowtut/py_env/lib/python3.10/site-packages/airflow/example_dags/example_setup_teardown_taskflow.py
[2024-08-09T19:50:31.574+0200] {processor.py:830} INFO - Processing file /home/bvpelt/Develop/airflowtut/py_env/lib/python3.10/site-packages/airflow/example_dags/example_setup_teardown_taskflow.py for tasks to queue
[2024-08-09T19:50:31.575+0200] {logging_mixin.py:188} INFO - [2024-08-09T19:50:31.575+0200] {dagbag.py:545} INFO - Filling up the DagBag from /home/bvpelt/Develop/airflowtut/py_env/lib/python3.10/site-packages/airflow/example_dags/example_setup_teardown_taskflow.py
[2024-08-09T19:50:31.580+0200] {processor.py:840} INFO - DAG(s) 'example_setup_teardown_taskflow' retrieved from /home/bvpelt/Develop/airflowtut/py_env/lib/python3.10/site-packages/airflow/example_dags/example_setup_teardown_taskflow.py
[2024-08-09T19:50:31.590+0200] {logging_mixin.py:188} INFO - [2024-08-09T19:50:31.589+0200] {dag.py:3089} INFO - Sync 1 DAGs
[2024-08-09T19:50:31.600+0200] {logging_mixin.py:188} INFO - [2024-08-09T19:50:31.600+0200] {dag.py:3947} INFO - Setting next_dagrun for example_setup_teardown_taskflow to 2024-08-08 00:00:00+00:00, run_after=2024-08-09 00:00:00+00:00
[2024-08-09T19:50:31.690+0200] {processor.py:183} INFO - Processing /home/bvpelt/Develop/airflowtut/py_env/lib/python3.10/site-packages/airflow/example_dags/example_setup_teardown_taskflow.py took 0.120 seconds
[2024-08-09T19:51:22.443+0200] {processor.py:161} INFO - Started process (PID=19520) to work on /home/bvpelt/Develop/airflowtut/py_env/lib/python3.10/site-packages/airflow/example_dags/example_setup_teardown_taskflow.py
[2024-08-09T19:51:22.536+0200] {processor.py:830} INFO - Processing file /home/bvpelt/Develop/airflowtut/py_env/lib/python3.10/site-packages/airflow/example_dags/example_setup_teardown_taskflow.py for tasks to queue
[2024-08-09T19:51:22.540+0200] {logging_mixin.py:188} INFO - [2024-08-09T19:51:22.539+0200] {dagbag.py:545} INFO - Filling up the DagBag from /home/bvpelt/Develop/airflowtut/py_env/lib/python3.10/site-packages/airflow/example_dags/example_setup_teardown_taskflow.py
[2024-08-09T19:51:22.566+0200] {processor.py:840} INFO - DAG(s) 'example_setup_teardown_taskflow' retrieved from /home/bvpelt/Develop/airflowtut/py_env/lib/python3.10/site-packages/airflow/example_dags/example_setup_teardown_taskflow.py
[2024-08-09T19:51:22.587+0200] {logging_mixin.py:188} INFO - [2024-08-09T19:51:22.587+0200] {dag.py:3089} INFO - Sync 1 DAGs
[2024-08-09T19:51:22.602+0200] {logging_mixin.py:188} INFO - [2024-08-09T19:51:22.601+0200] {dag.py:3947} INFO - Setting next_dagrun for example_setup_teardown_taskflow to 2024-08-08 00:00:00+00:00, run_after=2024-08-09 00:00:00+00:00
[2024-08-09T19:51:22.691+0200] {processor.py:183} INFO - Processing /home/bvpelt/Develop/airflowtut/py_env/lib/python3.10/site-packages/airflow/example_dags/example_setup_teardown_taskflow.py took 0.252 seconds
[2024-08-09T19:52:31.976+0200] {processor.py:161} INFO - Started process (PID=20013) to work on /home/bvpelt/Develop/airflowtut/py_env/lib/python3.10/site-packages/airflow/example_dags/example_setup_teardown_taskflow.py
[2024-08-09T19:52:31.986+0200] {processor.py:830} INFO - Processing file /home/bvpelt/Develop/airflowtut/py_env/lib/python3.10/site-packages/airflow/example_dags/example_setup_teardown_taskflow.py for tasks to queue
[2024-08-09T19:52:31.987+0200] {logging_mixin.py:188} INFO - [2024-08-09T19:52:31.987+0200] {dagbag.py:545} INFO - Filling up the DagBag from /home/bvpelt/Develop/airflowtut/py_env/lib/python3.10/site-packages/airflow/example_dags/example_setup_teardown_taskflow.py
[2024-08-09T19:52:31.993+0200] {processor.py:840} INFO - DAG(s) 'example_setup_teardown_taskflow' retrieved from /home/bvpelt/Develop/airflowtut/py_env/lib/python3.10/site-packages/airflow/example_dags/example_setup_teardown_taskflow.py
[2024-08-09T19:52:32.003+0200] {logging_mixin.py:188} INFO - [2024-08-09T19:52:32.003+0200] {dag.py:3089} INFO - Sync 1 DAGs
[2024-08-09T19:52:32.014+0200] {logging_mixin.py:188} INFO - [2024-08-09T19:52:32.014+0200] {dag.py:3947} INFO - Setting next_dagrun for example_setup_teardown_taskflow to 2024-08-08 00:00:00+00:00, run_after=2024-08-09 00:00:00+00:00
[2024-08-09T19:52:32.128+0200] {processor.py:183} INFO - Processing /home/bvpelt/Develop/airflowtut/py_env/lib/python3.10/site-packages/airflow/example_dags/example_setup_teardown_taskflow.py took 0.155 seconds
[2024-08-09T19:53:17.002+0200] {processor.py:161} INFO - Started process (PID=20086) to work on /home/bvpelt/Develop/airflowtut/py_env/lib/python3.10/site-packages/airflow/example_dags/example_setup_teardown_taskflow.py
[2024-08-09T19:53:17.083+0200] {processor.py:830} INFO - Processing file /home/bvpelt/Develop/airflowtut/py_env/lib/python3.10/site-packages/airflow/example_dags/example_setup_teardown_taskflow.py for tasks to queue
[2024-08-09T19:53:17.086+0200] {logging_mixin.py:188} INFO - [2024-08-09T19:53:17.085+0200] {dagbag.py:545} INFO - Filling up the DagBag from /home/bvpelt/Develop/airflowtut/py_env/lib/python3.10/site-packages/airflow/example_dags/example_setup_teardown_taskflow.py
[2024-08-09T19:53:17.092+0200] {processor.py:840} INFO - DAG(s) 'example_setup_teardown_taskflow' retrieved from /home/bvpelt/Develop/airflowtut/py_env/lib/python3.10/site-packages/airflow/example_dags/example_setup_teardown_taskflow.py
[2024-08-09T19:53:17.102+0200] {logging_mixin.py:188} INFO - [2024-08-09T19:53:17.102+0200] {dag.py:3089} INFO - Sync 1 DAGs
[2024-08-09T19:53:17.113+0200] {logging_mixin.py:188} INFO - [2024-08-09T19:53:17.113+0200] {dag.py:3947} INFO - Setting next_dagrun for example_setup_teardown_taskflow to 2024-08-08 00:00:00+00:00, run_after=2024-08-09 00:00:00+00:00
[2024-08-09T19:53:17.204+0200] {processor.py:183} INFO - Processing /home/bvpelt/Develop/airflowtut/py_env/lib/python3.10/site-packages/airflow/example_dags/example_setup_teardown_taskflow.py took 0.205 seconds
[2024-08-09T19:54:11.001+0200] {processor.py:161} INFO - Started process (PID=20148) to work on /home/bvpelt/Develop/airflowtut/py_env/lib/python3.10/site-packages/airflow/example_dags/example_setup_teardown_taskflow.py
[2024-08-09T19:54:11.019+0200] {processor.py:830} INFO - Processing file /home/bvpelt/Develop/airflowtut/py_env/lib/python3.10/site-packages/airflow/example_dags/example_setup_teardown_taskflow.py for tasks to queue
[2024-08-09T19:54:11.020+0200] {logging_mixin.py:188} INFO - [2024-08-09T19:54:11.020+0200] {dagbag.py:545} INFO - Filling up the DagBag from /home/bvpelt/Develop/airflowtut/py_env/lib/python3.10/site-packages/airflow/example_dags/example_setup_teardown_taskflow.py
[2024-08-09T19:54:11.028+0200] {processor.py:840} INFO - DAG(s) 'example_setup_teardown_taskflow' retrieved from /home/bvpelt/Develop/airflowtut/py_env/lib/python3.10/site-packages/airflow/example_dags/example_setup_teardown_taskflow.py
[2024-08-09T19:54:11.042+0200] {logging_mixin.py:188} INFO - [2024-08-09T19:54:11.042+0200] {dag.py:3089} INFO - Sync 1 DAGs
[2024-08-09T19:54:11.057+0200] {logging_mixin.py:188} INFO - [2024-08-09T19:54:11.057+0200] {dag.py:3947} INFO - Setting next_dagrun for example_setup_teardown_taskflow to 2024-08-08 00:00:00+00:00, run_after=2024-08-09 00:00:00+00:00
[2024-08-09T19:54:11.166+0200] {processor.py:183} INFO - Processing /home/bvpelt/Develop/airflowtut/py_env/lib/python3.10/site-packages/airflow/example_dags/example_setup_teardown_taskflow.py took 0.169 seconds
[2024-08-09T19:55:03.804+0200] {processor.py:161} INFO - Started process (PID=20226) to work on /home/bvpelt/Develop/airflowtut/py_env/lib/python3.10/site-packages/airflow/example_dags/example_setup_teardown_taskflow.py
[2024-08-09T19:55:03.804+0200] {processor.py:830} INFO - Processing file /home/bvpelt/Develop/airflowtut/py_env/lib/python3.10/site-packages/airflow/example_dags/example_setup_teardown_taskflow.py for tasks to queue
[2024-08-09T19:55:03.805+0200] {logging_mixin.py:188} INFO - [2024-08-09T19:55:03.805+0200] {dagbag.py:545} INFO - Filling up the DagBag from /home/bvpelt/Develop/airflowtut/py_env/lib/python3.10/site-packages/airflow/example_dags/example_setup_teardown_taskflow.py
[2024-08-09T19:55:03.810+0200] {processor.py:840} INFO - DAG(s) 'example_setup_teardown_taskflow' retrieved from /home/bvpelt/Develop/airflowtut/py_env/lib/python3.10/site-packages/airflow/example_dags/example_setup_teardown_taskflow.py
[2024-08-09T19:55:03.820+0200] {logging_mixin.py:188} INFO - [2024-08-09T19:55:03.820+0200] {dag.py:3089} INFO - Sync 1 DAGs
[2024-08-09T19:55:03.830+0200] {logging_mixin.py:188} INFO - [2024-08-09T19:55:03.830+0200] {dag.py:3947} INFO - Setting next_dagrun for example_setup_teardown_taskflow to 2024-08-08 00:00:00+00:00, run_after=2024-08-09 00:00:00+00:00
[2024-08-09T19:55:03.973+0200] {processor.py:183} INFO - Processing /home/bvpelt/Develop/airflowtut/py_env/lib/python3.10/site-packages/airflow/example_dags/example_setup_teardown_taskflow.py took 0.172 seconds
[2024-08-09T19:55:51.013+0200] {processor.py:161} INFO - Started process (PID=20313) to work on /home/bvpelt/Develop/airflowtut/py_env/lib/python3.10/site-packages/airflow/example_dags/example_setup_teardown_taskflow.py
[2024-08-09T19:55:51.014+0200] {processor.py:830} INFO - Processing file /home/bvpelt/Develop/airflowtut/py_env/lib/python3.10/site-packages/airflow/example_dags/example_setup_teardown_taskflow.py for tasks to queue
[2024-08-09T19:55:51.014+0200] {logging_mixin.py:188} INFO - [2024-08-09T19:55:51.014+0200] {dagbag.py:545} INFO - Filling up the DagBag from /home/bvpelt/Develop/airflowtut/py_env/lib/python3.10/site-packages/airflow/example_dags/example_setup_teardown_taskflow.py
[2024-08-09T19:55:51.020+0200] {processor.py:840} INFO - DAG(s) 'example_setup_teardown_taskflow' retrieved from /home/bvpelt/Develop/airflowtut/py_env/lib/python3.10/site-packages/airflow/example_dags/example_setup_teardown_taskflow.py
[2024-08-09T19:55:51.029+0200] {logging_mixin.py:188} INFO - [2024-08-09T19:55:51.029+0200] {dag.py:3089} INFO - Sync 1 DAGs
[2024-08-09T19:55:51.039+0200] {logging_mixin.py:188} INFO - [2024-08-09T19:55:51.039+0200] {dag.py:3947} INFO - Setting next_dagrun for example_setup_teardown_taskflow to 2024-08-08 00:00:00+00:00, run_after=2024-08-09 00:00:00+00:00
[2024-08-09T19:55:51.145+0200] {processor.py:183} INFO - Processing /home/bvpelt/Develop/airflowtut/py_env/lib/python3.10/site-packages/airflow/example_dags/example_setup_teardown_taskflow.py took 0.134 seconds
[2024-08-09T19:56:39.311+0200] {processor.py:161} INFO - Started process (PID=20370) to work on /home/bvpelt/Develop/airflowtut/py_env/lib/python3.10/site-packages/airflow/example_dags/example_setup_teardown_taskflow.py
[2024-08-09T19:56:39.328+0200] {processor.py:830} INFO - Processing file /home/bvpelt/Develop/airflowtut/py_env/lib/python3.10/site-packages/airflow/example_dags/example_setup_teardown_taskflow.py for tasks to queue
[2024-08-09T19:56:39.330+0200] {logging_mixin.py:188} INFO - [2024-08-09T19:56:39.329+0200] {dagbag.py:545} INFO - Filling up the DagBag from /home/bvpelt/Develop/airflowtut/py_env/lib/python3.10/site-packages/airflow/example_dags/example_setup_teardown_taskflow.py
[2024-08-09T19:56:39.337+0200] {processor.py:840} INFO - DAG(s) 'example_setup_teardown_taskflow' retrieved from /home/bvpelt/Develop/airflowtut/py_env/lib/python3.10/site-packages/airflow/example_dags/example_setup_teardown_taskflow.py
[2024-08-09T19:56:39.350+0200] {logging_mixin.py:188} INFO - [2024-08-09T19:56:39.350+0200] {dag.py:3089} INFO - Sync 1 DAGs
[2024-08-09T19:56:39.364+0200] {logging_mixin.py:188} INFO - [2024-08-09T19:56:39.364+0200] {dag.py:3947} INFO - Setting next_dagrun for example_setup_teardown_taskflow to 2024-08-08 00:00:00+00:00, run_after=2024-08-09 00:00:00+00:00
[2024-08-09T19:56:39.456+0200] {processor.py:183} INFO - Processing /home/bvpelt/Develop/airflowtut/py_env/lib/python3.10/site-packages/airflow/example_dags/example_setup_teardown_taskflow.py took 0.149 seconds
[2024-08-09T19:57:31.416+0200] {processor.py:161} INFO - Started process (PID=20496) to work on /home/bvpelt/Develop/airflowtut/py_env/lib/python3.10/site-packages/airflow/example_dags/example_setup_teardown_taskflow.py
[2024-08-09T19:57:31.459+0200] {processor.py:830} INFO - Processing file /home/bvpelt/Develop/airflowtut/py_env/lib/python3.10/site-packages/airflow/example_dags/example_setup_teardown_taskflow.py for tasks to queue
[2024-08-09T19:57:31.463+0200] {logging_mixin.py:188} INFO - [2024-08-09T19:57:31.462+0200] {dagbag.py:545} INFO - Filling up the DagBag from /home/bvpelt/Develop/airflowtut/py_env/lib/python3.10/site-packages/airflow/example_dags/example_setup_teardown_taskflow.py
[2024-08-09T19:57:31.490+0200] {processor.py:840} INFO - DAG(s) 'example_setup_teardown_taskflow' retrieved from /home/bvpelt/Develop/airflowtut/py_env/lib/python3.10/site-packages/airflow/example_dags/example_setup_teardown_taskflow.py
[2024-08-09T19:57:31.513+0200] {logging_mixin.py:188} INFO - [2024-08-09T19:57:31.512+0200] {dag.py:3089} INFO - Sync 1 DAGs
[2024-08-09T19:57:31.527+0200] {logging_mixin.py:188} INFO - [2024-08-09T19:57:31.527+0200] {dag.py:3947} INFO - Setting next_dagrun for example_setup_teardown_taskflow to 2024-08-08 00:00:00+00:00, run_after=2024-08-09 00:00:00+00:00
[2024-08-09T19:57:31.628+0200] {processor.py:183} INFO - Processing /home/bvpelt/Develop/airflowtut/py_env/lib/python3.10/site-packages/airflow/example_dags/example_setup_teardown_taskflow.py took 0.215 seconds
[2024-08-09T19:58:21.198+0200] {processor.py:161} INFO - Started process (PID=20599) to work on /home/bvpelt/Develop/airflowtut/py_env/lib/python3.10/site-packages/airflow/example_dags/example_setup_teardown_taskflow.py
[2024-08-09T19:58:21.230+0200] {processor.py:830} INFO - Processing file /home/bvpelt/Develop/airflowtut/py_env/lib/python3.10/site-packages/airflow/example_dags/example_setup_teardown_taskflow.py for tasks to queue
[2024-08-09T19:58:21.231+0200] {logging_mixin.py:188} INFO - [2024-08-09T19:58:21.231+0200] {dagbag.py:545} INFO - Filling up the DagBag from /home/bvpelt/Develop/airflowtut/py_env/lib/python3.10/site-packages/airflow/example_dags/example_setup_teardown_taskflow.py
[2024-08-09T19:58:21.240+0200] {processor.py:840} INFO - DAG(s) 'example_setup_teardown_taskflow' retrieved from /home/bvpelt/Develop/airflowtut/py_env/lib/python3.10/site-packages/airflow/example_dags/example_setup_teardown_taskflow.py
[2024-08-09T19:58:21.258+0200] {logging_mixin.py:188} INFO - [2024-08-09T19:58:21.258+0200] {dag.py:3089} INFO - Sync 1 DAGs
[2024-08-09T19:58:21.275+0200] {logging_mixin.py:188} INFO - [2024-08-09T19:58:21.275+0200] {dag.py:3947} INFO - Setting next_dagrun for example_setup_teardown_taskflow to 2024-08-08 00:00:00+00:00, run_after=2024-08-09 00:00:00+00:00
[2024-08-09T19:58:21.347+0200] {processor.py:183} INFO - Processing /home/bvpelt/Develop/airflowtut/py_env/lib/python3.10/site-packages/airflow/example_dags/example_setup_teardown_taskflow.py took 0.153 seconds
[2024-08-09T19:59:19.959+0200] {processor.py:161} INFO - Started process (PID=20696) to work on /home/bvpelt/Develop/airflowtut/py_env/lib/python3.10/site-packages/airflow/example_dags/example_setup_teardown_taskflow.py
[2024-08-09T19:59:19.960+0200] {processor.py:830} INFO - Processing file /home/bvpelt/Develop/airflowtut/py_env/lib/python3.10/site-packages/airflow/example_dags/example_setup_teardown_taskflow.py for tasks to queue
[2024-08-09T19:59:19.960+0200] {logging_mixin.py:188} INFO - [2024-08-09T19:59:19.960+0200] {dagbag.py:545} INFO - Filling up the DagBag from /home/bvpelt/Develop/airflowtut/py_env/lib/python3.10/site-packages/airflow/example_dags/example_setup_teardown_taskflow.py
[2024-08-09T19:59:19.966+0200] {processor.py:840} INFO - DAG(s) 'example_setup_teardown_taskflow' retrieved from /home/bvpelt/Develop/airflowtut/py_env/lib/python3.10/site-packages/airflow/example_dags/example_setup_teardown_taskflow.py
[2024-08-09T19:59:19.975+0200] {logging_mixin.py:188} INFO - [2024-08-09T19:59:19.975+0200] {dag.py:3089} INFO - Sync 1 DAGs
[2024-08-09T19:59:19.986+0200] {logging_mixin.py:188} INFO - [2024-08-09T19:59:19.986+0200] {dag.py:3947} INFO - Setting next_dagrun for example_setup_teardown_taskflow to 2024-08-08 00:00:00+00:00, run_after=2024-08-09 00:00:00+00:00
[2024-08-09T19:59:20.060+0200] {processor.py:183} INFO - Processing /home/bvpelt/Develop/airflowtut/py_env/lib/python3.10/site-packages/airflow/example_dags/example_setup_teardown_taskflow.py took 0.105 seconds
[2024-08-09T20:00:13.420+0200] {processor.py:161} INFO - Started process (PID=20773) to work on /home/bvpelt/Develop/airflowtut/py_env/lib/python3.10/site-packages/airflow/example_dags/example_setup_teardown_taskflow.py
[2024-08-09T20:00:13.420+0200] {processor.py:830} INFO - Processing file /home/bvpelt/Develop/airflowtut/py_env/lib/python3.10/site-packages/airflow/example_dags/example_setup_teardown_taskflow.py for tasks to queue
[2024-08-09T20:00:13.421+0200] {logging_mixin.py:188} INFO - [2024-08-09T20:00:13.421+0200] {dagbag.py:545} INFO - Filling up the DagBag from /home/bvpelt/Develop/airflowtut/py_env/lib/python3.10/site-packages/airflow/example_dags/example_setup_teardown_taskflow.py
[2024-08-09T20:00:13.426+0200] {processor.py:840} INFO - DAG(s) 'example_setup_teardown_taskflow' retrieved from /home/bvpelt/Develop/airflowtut/py_env/lib/python3.10/site-packages/airflow/example_dags/example_setup_teardown_taskflow.py
[2024-08-09T20:00:13.436+0200] {logging_mixin.py:188} INFO - [2024-08-09T20:00:13.436+0200] {dag.py:3089} INFO - Sync 1 DAGs
[2024-08-09T20:00:13.447+0200] {logging_mixin.py:188} INFO - [2024-08-09T20:00:13.446+0200] {dag.py:3947} INFO - Setting next_dagrun for example_setup_teardown_taskflow to 2024-08-08 00:00:00+00:00, run_after=2024-08-09 00:00:00+00:00
[2024-08-09T20:00:13.513+0200] {processor.py:183} INFO - Processing /home/bvpelt/Develop/airflowtut/py_env/lib/python3.10/site-packages/airflow/example_dags/example_setup_teardown_taskflow.py took 0.097 seconds
[2024-08-09T20:01:03.687+0200] {processor.py:161} INFO - Started process (PID=20831) to work on /home/bvpelt/Develop/airflowtut/py_env/lib/python3.10/site-packages/airflow/example_dags/example_setup_teardown_taskflow.py
[2024-08-09T20:01:03.688+0200] {processor.py:830} INFO - Processing file /home/bvpelt/Develop/airflowtut/py_env/lib/python3.10/site-packages/airflow/example_dags/example_setup_teardown_taskflow.py for tasks to queue
[2024-08-09T20:01:03.689+0200] {logging_mixin.py:188} INFO - [2024-08-09T20:01:03.689+0200] {dagbag.py:545} INFO - Filling up the DagBag from /home/bvpelt/Develop/airflowtut/py_env/lib/python3.10/site-packages/airflow/example_dags/example_setup_teardown_taskflow.py
[2024-08-09T20:01:03.694+0200] {processor.py:840} INFO - DAG(s) 'example_setup_teardown_taskflow' retrieved from /home/bvpelt/Develop/airflowtut/py_env/lib/python3.10/site-packages/airflow/example_dags/example_setup_teardown_taskflow.py
[2024-08-09T20:01:03.705+0200] {logging_mixin.py:188} INFO - [2024-08-09T20:01:03.705+0200] {dag.py:3089} INFO - Sync 1 DAGs
[2024-08-09T20:01:03.716+0200] {logging_mixin.py:188} INFO - [2024-08-09T20:01:03.716+0200] {dag.py:3947} INFO - Setting next_dagrun for example_setup_teardown_taskflow to 2024-08-08 00:00:00+00:00, run_after=2024-08-09 00:00:00+00:00
[2024-08-09T20:01:03.784+0200] {processor.py:183} INFO - Processing /home/bvpelt/Develop/airflowtut/py_env/lib/python3.10/site-packages/airflow/example_dags/example_setup_teardown_taskflow.py took 0.100 seconds
[2024-08-09T20:01:53.323+0200] {processor.py:161} INFO - Started process (PID=20964) to work on /home/bvpelt/Develop/airflowtut/py_env/lib/python3.10/site-packages/airflow/example_dags/example_setup_teardown_taskflow.py
[2024-08-09T20:01:53.339+0200] {processor.py:830} INFO - Processing file /home/bvpelt/Develop/airflowtut/py_env/lib/python3.10/site-packages/airflow/example_dags/example_setup_teardown_taskflow.py for tasks to queue
[2024-08-09T20:01:53.342+0200] {logging_mixin.py:188} INFO - [2024-08-09T20:01:53.341+0200] {dagbag.py:545} INFO - Filling up the DagBag from /home/bvpelt/Develop/airflowtut/py_env/lib/python3.10/site-packages/airflow/example_dags/example_setup_teardown_taskflow.py
[2024-08-09T20:01:53.348+0200] {processor.py:840} INFO - DAG(s) 'example_setup_teardown_taskflow' retrieved from /home/bvpelt/Develop/airflowtut/py_env/lib/python3.10/site-packages/airflow/example_dags/example_setup_teardown_taskflow.py
[2024-08-09T20:01:53.358+0200] {logging_mixin.py:188} INFO - [2024-08-09T20:01:53.358+0200] {dag.py:3089} INFO - Sync 1 DAGs
[2024-08-09T20:01:53.368+0200] {logging_mixin.py:188} INFO - [2024-08-09T20:01:53.368+0200] {dag.py:3947} INFO - Setting next_dagrun for example_setup_teardown_taskflow to 2024-08-08 00:00:00+00:00, run_after=2024-08-09 00:00:00+00:00
[2024-08-09T20:01:53.442+0200] {processor.py:183} INFO - Processing /home/bvpelt/Develop/airflowtut/py_env/lib/python3.10/site-packages/airflow/example_dags/example_setup_teardown_taskflow.py took 0.122 seconds
[2024-08-09T20:02:44.439+0200] {processor.py:161} INFO - Started process (PID=21059) to work on /home/bvpelt/Develop/airflowtut/py_env/lib/python3.10/site-packages/airflow/example_dags/example_setup_teardown_taskflow.py
[2024-08-09T20:02:44.460+0200] {processor.py:830} INFO - Processing file /home/bvpelt/Develop/airflowtut/py_env/lib/python3.10/site-packages/airflow/example_dags/example_setup_teardown_taskflow.py for tasks to queue
[2024-08-09T20:02:44.461+0200] {logging_mixin.py:188} INFO - [2024-08-09T20:02:44.461+0200] {dagbag.py:545} INFO - Filling up the DagBag from /home/bvpelt/Develop/airflowtut/py_env/lib/python3.10/site-packages/airflow/example_dags/example_setup_teardown_taskflow.py
[2024-08-09T20:02:44.468+0200] {processor.py:840} INFO - DAG(s) 'example_setup_teardown_taskflow' retrieved from /home/bvpelt/Develop/airflowtut/py_env/lib/python3.10/site-packages/airflow/example_dags/example_setup_teardown_taskflow.py
[2024-08-09T20:02:44.480+0200] {logging_mixin.py:188} INFO - [2024-08-09T20:02:44.480+0200] {dag.py:3089} INFO - Sync 1 DAGs
[2024-08-09T20:02:44.494+0200] {logging_mixin.py:188} INFO - [2024-08-09T20:02:44.494+0200] {dag.py:3947} INFO - Setting next_dagrun for example_setup_teardown_taskflow to 2024-08-08 00:00:00+00:00, run_after=2024-08-09 00:00:00+00:00
[2024-08-09T20:02:44.618+0200] {processor.py:183} INFO - Processing /home/bvpelt/Develop/airflowtut/py_env/lib/python3.10/site-packages/airflow/example_dags/example_setup_teardown_taskflow.py took 0.182 seconds
[2024-08-09T20:03:43.726+0200] {processor.py:161} INFO - Started process (PID=21115) to work on /home/bvpelt/Develop/airflowtut/py_env/lib/python3.10/site-packages/airflow/example_dags/example_setup_teardown_taskflow.py
[2024-08-09T20:03:43.727+0200] {processor.py:830} INFO - Processing file /home/bvpelt/Develop/airflowtut/py_env/lib/python3.10/site-packages/airflow/example_dags/example_setup_teardown_taskflow.py for tasks to queue
[2024-08-09T20:03:43.728+0200] {logging_mixin.py:188} INFO - [2024-08-09T20:03:43.728+0200] {dagbag.py:545} INFO - Filling up the DagBag from /home/bvpelt/Develop/airflowtut/py_env/lib/python3.10/site-packages/airflow/example_dags/example_setup_teardown_taskflow.py
[2024-08-09T20:03:43.733+0200] {processor.py:840} INFO - DAG(s) 'example_setup_teardown_taskflow' retrieved from /home/bvpelt/Develop/airflowtut/py_env/lib/python3.10/site-packages/airflow/example_dags/example_setup_teardown_taskflow.py
[2024-08-09T20:03:43.745+0200] {logging_mixin.py:188} INFO - [2024-08-09T20:03:43.744+0200] {dag.py:3089} INFO - Sync 1 DAGs
[2024-08-09T20:03:43.756+0200] {logging_mixin.py:188} INFO - [2024-08-09T20:03:43.756+0200] {dag.py:3947} INFO - Setting next_dagrun for example_setup_teardown_taskflow to 2024-08-08 00:00:00+00:00, run_after=2024-08-09 00:00:00+00:00
[2024-08-09T20:03:43.836+0200] {processor.py:183} INFO - Processing /home/bvpelt/Develop/airflowtut/py_env/lib/python3.10/site-packages/airflow/example_dags/example_setup_teardown_taskflow.py took 0.112 seconds
[2024-08-09T20:04:37.012+0200] {processor.py:161} INFO - Started process (PID=21203) to work on /home/bvpelt/Develop/airflowtut/py_env/lib/python3.10/site-packages/airflow/example_dags/example_setup_teardown_taskflow.py
[2024-08-09T20:04:37.012+0200] {processor.py:830} INFO - Processing file /home/bvpelt/Develop/airflowtut/py_env/lib/python3.10/site-packages/airflow/example_dags/example_setup_teardown_taskflow.py for tasks to queue
[2024-08-09T20:04:37.013+0200] {logging_mixin.py:188} INFO - [2024-08-09T20:04:37.013+0200] {dagbag.py:545} INFO - Filling up the DagBag from /home/bvpelt/Develop/airflowtut/py_env/lib/python3.10/site-packages/airflow/example_dags/example_setup_teardown_taskflow.py
[2024-08-09T20:04:37.019+0200] {processor.py:840} INFO - DAG(s) 'example_setup_teardown_taskflow' retrieved from /home/bvpelt/Develop/airflowtut/py_env/lib/python3.10/site-packages/airflow/example_dags/example_setup_teardown_taskflow.py
[2024-08-09T20:04:37.028+0200] {logging_mixin.py:188} INFO - [2024-08-09T20:04:37.028+0200] {dag.py:3089} INFO - Sync 1 DAGs
[2024-08-09T20:04:37.039+0200] {logging_mixin.py:188} INFO - [2024-08-09T20:04:37.039+0200] {dag.py:3947} INFO - Setting next_dagrun for example_setup_teardown_taskflow to 2024-08-08 00:00:00+00:00, run_after=2024-08-09 00:00:00+00:00
[2024-08-09T20:04:37.120+0200] {processor.py:183} INFO - Processing /home/bvpelt/Develop/airflowtut/py_env/lib/python3.10/site-packages/airflow/example_dags/example_setup_teardown_taskflow.py took 0.112 seconds
[2024-08-09T20:05:27.497+0200] {processor.py:161} INFO - Started process (PID=21360) to work on /home/bvpelt/Develop/airflowtut/py_env/lib/python3.10/site-packages/airflow/example_dags/example_setup_teardown_taskflow.py
[2024-08-09T20:05:27.498+0200] {processor.py:830} INFO - Processing file /home/bvpelt/Develop/airflowtut/py_env/lib/python3.10/site-packages/airflow/example_dags/example_setup_teardown_taskflow.py for tasks to queue
[2024-08-09T20:05:27.499+0200] {logging_mixin.py:188} INFO - [2024-08-09T20:05:27.499+0200] {dagbag.py:545} INFO - Filling up the DagBag from /home/bvpelt/Develop/airflowtut/py_env/lib/python3.10/site-packages/airflow/example_dags/example_setup_teardown_taskflow.py
[2024-08-09T20:05:27.504+0200] {processor.py:840} INFO - DAG(s) 'example_setup_teardown_taskflow' retrieved from /home/bvpelt/Develop/airflowtut/py_env/lib/python3.10/site-packages/airflow/example_dags/example_setup_teardown_taskflow.py
[2024-08-09T20:05:27.514+0200] {logging_mixin.py:188} INFO - [2024-08-09T20:05:27.514+0200] {dag.py:3089} INFO - Sync 1 DAGs
[2024-08-09T20:05:27.524+0200] {logging_mixin.py:188} INFO - [2024-08-09T20:05:27.524+0200] {dag.py:3947} INFO - Setting next_dagrun for example_setup_teardown_taskflow to 2024-08-08 00:00:00+00:00, run_after=2024-08-09 00:00:00+00:00
[2024-08-09T20:05:28.059+0200] {processor.py:183} INFO - Processing /home/bvpelt/Develop/airflowtut/py_env/lib/python3.10/site-packages/airflow/example_dags/example_setup_teardown_taskflow.py took 0.565 seconds
[2024-08-09T20:06:26.084+0200] {processor.py:161} INFO - Started process (PID=21427) to work on /home/bvpelt/Develop/airflowtut/py_env/lib/python3.10/site-packages/airflow/example_dags/example_setup_teardown_taskflow.py
[2024-08-09T20:06:26.098+0200] {processor.py:830} INFO - Processing file /home/bvpelt/Develop/airflowtut/py_env/lib/python3.10/site-packages/airflow/example_dags/example_setup_teardown_taskflow.py for tasks to queue
[2024-08-09T20:06:26.102+0200] {logging_mixin.py:188} INFO - [2024-08-09T20:06:26.101+0200] {dagbag.py:545} INFO - Filling up the DagBag from /home/bvpelt/Develop/airflowtut/py_env/lib/python3.10/site-packages/airflow/example_dags/example_setup_teardown_taskflow.py
[2024-08-09T20:06:26.127+0200] {processor.py:840} INFO - DAG(s) 'example_setup_teardown_taskflow' retrieved from /home/bvpelt/Develop/airflowtut/py_env/lib/python3.10/site-packages/airflow/example_dags/example_setup_teardown_taskflow.py
[2024-08-09T20:06:26.147+0200] {logging_mixin.py:188} INFO - [2024-08-09T20:06:26.147+0200] {dag.py:3089} INFO - Sync 1 DAGs
[2024-08-09T20:06:26.161+0200] {logging_mixin.py:188} INFO - [2024-08-09T20:06:26.161+0200] {dag.py:3947} INFO - Setting next_dagrun for example_setup_teardown_taskflow to 2024-08-08 00:00:00+00:00, run_after=2024-08-09 00:00:00+00:00
[2024-08-09T20:06:26.235+0200] {processor.py:183} INFO - Processing /home/bvpelt/Develop/airflowtut/py_env/lib/python3.10/site-packages/airflow/example_dags/example_setup_teardown_taskflow.py took 0.154 seconds
[2024-08-09T20:07:20.238+0200] {processor.py:161} INFO - Started process (PID=21534) to work on /home/bvpelt/Develop/airflowtut/py_env/lib/python3.10/site-packages/airflow/example_dags/example_setup_teardown_taskflow.py
[2024-08-09T20:07:20.239+0200] {processor.py:830} INFO - Processing file /home/bvpelt/Develop/airflowtut/py_env/lib/python3.10/site-packages/airflow/example_dags/example_setup_teardown_taskflow.py for tasks to queue
[2024-08-09T20:07:20.240+0200] {logging_mixin.py:188} INFO - [2024-08-09T20:07:20.239+0200] {dagbag.py:545} INFO - Filling up the DagBag from /home/bvpelt/Develop/airflowtut/py_env/lib/python3.10/site-packages/airflow/example_dags/example_setup_teardown_taskflow.py
[2024-08-09T20:07:20.245+0200] {processor.py:840} INFO - DAG(s) 'example_setup_teardown_taskflow' retrieved from /home/bvpelt/Develop/airflowtut/py_env/lib/python3.10/site-packages/airflow/example_dags/example_setup_teardown_taskflow.py
[2024-08-09T20:07:20.255+0200] {logging_mixin.py:188} INFO - [2024-08-09T20:07:20.255+0200] {dag.py:3089} INFO - Sync 1 DAGs
[2024-08-09T20:07:20.266+0200] {logging_mixin.py:188} INFO - [2024-08-09T20:07:20.266+0200] {dag.py:3947} INFO - Setting next_dagrun for example_setup_teardown_taskflow to 2024-08-08 00:00:00+00:00, run_after=2024-08-09 00:00:00+00:00
[2024-08-09T20:07:20.332+0200] {processor.py:183} INFO - Processing /home/bvpelt/Develop/airflowtut/py_env/lib/python3.10/site-packages/airflow/example_dags/example_setup_teardown_taskflow.py took 0.097 seconds
[2024-08-09T20:08:11.382+0200] {processor.py:161} INFO - Started process (PID=21663) to work on /home/bvpelt/Develop/airflowtut/py_env/lib/python3.10/site-packages/airflow/example_dags/example_setup_teardown_taskflow.py
[2024-08-09T20:08:11.392+0200] {processor.py:830} INFO - Processing file /home/bvpelt/Develop/airflowtut/py_env/lib/python3.10/site-packages/airflow/example_dags/example_setup_teardown_taskflow.py for tasks to queue
[2024-08-09T20:08:11.393+0200] {logging_mixin.py:188} INFO - [2024-08-09T20:08:11.392+0200] {dagbag.py:545} INFO - Filling up the DagBag from /home/bvpelt/Develop/airflowtut/py_env/lib/python3.10/site-packages/airflow/example_dags/example_setup_teardown_taskflow.py
[2024-08-09T20:08:11.398+0200] {processor.py:840} INFO - DAG(s) 'example_setup_teardown_taskflow' retrieved from /home/bvpelt/Develop/airflowtut/py_env/lib/python3.10/site-packages/airflow/example_dags/example_setup_teardown_taskflow.py
[2024-08-09T20:08:11.408+0200] {logging_mixin.py:188} INFO - [2024-08-09T20:08:11.408+0200] {dag.py:3089} INFO - Sync 1 DAGs
[2024-08-09T20:08:11.419+0200] {logging_mixin.py:188} INFO - [2024-08-09T20:08:11.419+0200] {dag.py:3947} INFO - Setting next_dagrun for example_setup_teardown_taskflow to 2024-08-08 00:00:00+00:00, run_after=2024-08-09 00:00:00+00:00
[2024-08-09T20:08:11.487+0200] {processor.py:183} INFO - Processing /home/bvpelt/Develop/airflowtut/py_env/lib/python3.10/site-packages/airflow/example_dags/example_setup_teardown_taskflow.py took 0.108 seconds
[2024-08-09T20:09:02.106+0200] {processor.py:161} INFO - Started process (PID=21722) to work on /home/bvpelt/Develop/airflowtut/py_env/lib/python3.10/site-packages/airflow/example_dags/example_setup_teardown_taskflow.py
[2024-08-09T20:09:02.106+0200] {processor.py:830} INFO - Processing file /home/bvpelt/Develop/airflowtut/py_env/lib/python3.10/site-packages/airflow/example_dags/example_setup_teardown_taskflow.py for tasks to queue
[2024-08-09T20:09:02.107+0200] {logging_mixin.py:188} INFO - [2024-08-09T20:09:02.107+0200] {dagbag.py:545} INFO - Filling up the DagBag from /home/bvpelt/Develop/airflowtut/py_env/lib/python3.10/site-packages/airflow/example_dags/example_setup_teardown_taskflow.py
[2024-08-09T20:09:02.112+0200] {processor.py:840} INFO - DAG(s) 'example_setup_teardown_taskflow' retrieved from /home/bvpelt/Develop/airflowtut/py_env/lib/python3.10/site-packages/airflow/example_dags/example_setup_teardown_taskflow.py
[2024-08-09T20:09:02.122+0200] {logging_mixin.py:188} INFO - [2024-08-09T20:09:02.121+0200] {dag.py:3089} INFO - Sync 1 DAGs
[2024-08-09T20:09:02.132+0200] {logging_mixin.py:188} INFO - [2024-08-09T20:09:02.132+0200] {dag.py:3947} INFO - Setting next_dagrun for example_setup_teardown_taskflow to 2024-08-08 00:00:00+00:00, run_after=2024-08-09 00:00:00+00:00
[2024-08-09T20:09:02.223+0200] {processor.py:183} INFO - Processing /home/bvpelt/Develop/airflowtut/py_env/lib/python3.10/site-packages/airflow/example_dags/example_setup_teardown_taskflow.py took 0.120 seconds
[2024-08-09T20:09:54.283+0200] {processor.py:161} INFO - Started process (PID=21774) to work on /home/bvpelt/Develop/airflowtut/py_env/lib/python3.10/site-packages/airflow/example_dags/example_setup_teardown_taskflow.py
[2024-08-09T20:09:54.283+0200] {processor.py:830} INFO - Processing file /home/bvpelt/Develop/airflowtut/py_env/lib/python3.10/site-packages/airflow/example_dags/example_setup_teardown_taskflow.py for tasks to queue
[2024-08-09T20:09:54.284+0200] {logging_mixin.py:188} INFO - [2024-08-09T20:09:54.284+0200] {dagbag.py:545} INFO - Filling up the DagBag from /home/bvpelt/Develop/airflowtut/py_env/lib/python3.10/site-packages/airflow/example_dags/example_setup_teardown_taskflow.py
[2024-08-09T20:09:54.289+0200] {processor.py:840} INFO - DAG(s) 'example_setup_teardown_taskflow' retrieved from /home/bvpelt/Develop/airflowtut/py_env/lib/python3.10/site-packages/airflow/example_dags/example_setup_teardown_taskflow.py
[2024-08-09T20:09:54.299+0200] {logging_mixin.py:188} INFO - [2024-08-09T20:09:54.299+0200] {dag.py:3089} INFO - Sync 1 DAGs
[2024-08-09T20:09:54.309+0200] {logging_mixin.py:188} INFO - [2024-08-09T20:09:54.309+0200] {dag.py:3947} INFO - Setting next_dagrun for example_setup_teardown_taskflow to 2024-08-08 00:00:00+00:00, run_after=2024-08-09 00:00:00+00:00
[2024-08-09T20:09:54.400+0200] {processor.py:183} INFO - Processing /home/bvpelt/Develop/airflowtut/py_env/lib/python3.10/site-packages/airflow/example_dags/example_setup_teardown_taskflow.py took 0.121 seconds
[2024-08-09T20:10:44.346+0200] {processor.py:161} INFO - Started process (PID=21849) to work on /home/bvpelt/Develop/airflowtut/py_env/lib/python3.10/site-packages/airflow/example_dags/example_setup_teardown_taskflow.py
[2024-08-09T20:10:44.347+0200] {processor.py:830} INFO - Processing file /home/bvpelt/Develop/airflowtut/py_env/lib/python3.10/site-packages/airflow/example_dags/example_setup_teardown_taskflow.py for tasks to queue
[2024-08-09T20:10:44.348+0200] {logging_mixin.py:188} INFO - [2024-08-09T20:10:44.348+0200] {dagbag.py:545} INFO - Filling up the DagBag from /home/bvpelt/Develop/airflowtut/py_env/lib/python3.10/site-packages/airflow/example_dags/example_setup_teardown_taskflow.py
[2024-08-09T20:10:44.353+0200] {processor.py:840} INFO - DAG(s) 'example_setup_teardown_taskflow' retrieved from /home/bvpelt/Develop/airflowtut/py_env/lib/python3.10/site-packages/airflow/example_dags/example_setup_teardown_taskflow.py
[2024-08-09T20:10:44.363+0200] {logging_mixin.py:188} INFO - [2024-08-09T20:10:44.363+0200] {dag.py:3089} INFO - Sync 1 DAGs
[2024-08-09T20:10:44.374+0200] {logging_mixin.py:188} INFO - [2024-08-09T20:10:44.373+0200] {dag.py:3947} INFO - Setting next_dagrun for example_setup_teardown_taskflow to 2024-08-08 00:00:00+00:00, run_after=2024-08-09 00:00:00+00:00
[2024-08-09T20:10:44.474+0200] {processor.py:183} INFO - Processing /home/bvpelt/Develop/airflowtut/py_env/lib/python3.10/site-packages/airflow/example_dags/example_setup_teardown_taskflow.py took 0.130 seconds
[2024-08-09T20:11:34.318+0200] {processor.py:161} INFO - Started process (PID=21903) to work on /home/bvpelt/Develop/airflowtut/py_env/lib/python3.10/site-packages/airflow/example_dags/example_setup_teardown_taskflow.py
[2024-08-09T20:11:34.318+0200] {processor.py:830} INFO - Processing file /home/bvpelt/Develop/airflowtut/py_env/lib/python3.10/site-packages/airflow/example_dags/example_setup_teardown_taskflow.py for tasks to queue
[2024-08-09T20:11:34.319+0200] {logging_mixin.py:188} INFO - [2024-08-09T20:11:34.319+0200] {dagbag.py:545} INFO - Filling up the DagBag from /home/bvpelt/Develop/airflowtut/py_env/lib/python3.10/site-packages/airflow/example_dags/example_setup_teardown_taskflow.py
[2024-08-09T20:11:34.325+0200] {processor.py:840} INFO - DAG(s) 'example_setup_teardown_taskflow' retrieved from /home/bvpelt/Develop/airflowtut/py_env/lib/python3.10/site-packages/airflow/example_dags/example_setup_teardown_taskflow.py
[2024-08-09T20:11:34.335+0200] {logging_mixin.py:188} INFO - [2024-08-09T20:11:34.335+0200] {dag.py:3089} INFO - Sync 1 DAGs
[2024-08-09T20:11:34.346+0200] {logging_mixin.py:188} INFO - [2024-08-09T20:11:34.346+0200] {dag.py:3947} INFO - Setting next_dagrun for example_setup_teardown_taskflow to 2024-08-08 00:00:00+00:00, run_after=2024-08-09 00:00:00+00:00
[2024-08-09T20:11:34.454+0200] {processor.py:183} INFO - Processing /home/bvpelt/Develop/airflowtut/py_env/lib/python3.10/site-packages/airflow/example_dags/example_setup_teardown_taskflow.py took 0.139 seconds
[2024-08-09T20:12:21.751+0200] {processor.py:161} INFO - Started process (PID=22011) to work on /home/bvpelt/Develop/airflowtut/py_env/lib/python3.10/site-packages/airflow/example_dags/example_setup_teardown_taskflow.py
[2024-08-09T20:12:21.752+0200] {processor.py:830} INFO - Processing file /home/bvpelt/Develop/airflowtut/py_env/lib/python3.10/site-packages/airflow/example_dags/example_setup_teardown_taskflow.py for tasks to queue
[2024-08-09T20:12:21.753+0200] {logging_mixin.py:188} INFO - [2024-08-09T20:12:21.752+0200] {dagbag.py:545} INFO - Filling up the DagBag from /home/bvpelt/Develop/airflowtut/py_env/lib/python3.10/site-packages/airflow/example_dags/example_setup_teardown_taskflow.py
[2024-08-09T20:12:21.758+0200] {processor.py:840} INFO - DAG(s) 'example_setup_teardown_taskflow' retrieved from /home/bvpelt/Develop/airflowtut/py_env/lib/python3.10/site-packages/airflow/example_dags/example_setup_teardown_taskflow.py
[2024-08-09T20:12:21.767+0200] {logging_mixin.py:188} INFO - [2024-08-09T20:12:21.767+0200] {dag.py:3089} INFO - Sync 1 DAGs
[2024-08-09T20:12:21.780+0200] {logging_mixin.py:188} INFO - [2024-08-09T20:12:21.779+0200] {dag.py:3947} INFO - Setting next_dagrun for example_setup_teardown_taskflow to 2024-08-08 00:00:00+00:00, run_after=2024-08-09 00:00:00+00:00
[2024-08-09T20:12:21.861+0200] {processor.py:183} INFO - Processing /home/bvpelt/Develop/airflowtut/py_env/lib/python3.10/site-packages/airflow/example_dags/example_setup_teardown_taskflow.py took 0.113 seconds
[2024-08-09T20:13:15.243+0200] {processor.py:161} INFO - Started process (PID=22096) to work on /home/bvpelt/Develop/airflowtut/py_env/lib/python3.10/site-packages/airflow/example_dags/example_setup_teardown_taskflow.py
[2024-08-09T20:13:15.245+0200] {processor.py:830} INFO - Processing file /home/bvpelt/Develop/airflowtut/py_env/lib/python3.10/site-packages/airflow/example_dags/example_setup_teardown_taskflow.py for tasks to queue
[2024-08-09T20:13:15.247+0200] {logging_mixin.py:188} INFO - [2024-08-09T20:13:15.247+0200] {dagbag.py:545} INFO - Filling up the DagBag from /home/bvpelt/Develop/airflowtut/py_env/lib/python3.10/site-packages/airflow/example_dags/example_setup_teardown_taskflow.py
[2024-08-09T20:13:15.259+0200] {processor.py:840} INFO - DAG(s) 'example_setup_teardown_taskflow' retrieved from /home/bvpelt/Develop/airflowtut/py_env/lib/python3.10/site-packages/airflow/example_dags/example_setup_teardown_taskflow.py
[2024-08-09T20:13:15.273+0200] {logging_mixin.py:188} INFO - [2024-08-09T20:13:15.273+0200] {dag.py:3089} INFO - Sync 1 DAGs
[2024-08-09T20:13:15.284+0200] {logging_mixin.py:188} INFO - [2024-08-09T20:13:15.284+0200] {dag.py:3947} INFO - Setting next_dagrun for example_setup_teardown_taskflow to 2024-08-08 00:00:00+00:00, run_after=2024-08-09 00:00:00+00:00
[2024-08-09T20:13:15.457+0200] {processor.py:183} INFO - Processing /home/bvpelt/Develop/airflowtut/py_env/lib/python3.10/site-packages/airflow/example_dags/example_setup_teardown_taskflow.py took 0.225 seconds
[2024-08-09T20:14:11.581+0200] {processor.py:161} INFO - Started process (PID=22175) to work on /home/bvpelt/Develop/airflowtut/py_env/lib/python3.10/site-packages/airflow/example_dags/example_setup_teardown_taskflow.py
[2024-08-09T20:14:11.594+0200] {processor.py:830} INFO - Processing file /home/bvpelt/Develop/airflowtut/py_env/lib/python3.10/site-packages/airflow/example_dags/example_setup_teardown_taskflow.py for tasks to queue
[2024-08-09T20:14:11.598+0200] {logging_mixin.py:188} INFO - [2024-08-09T20:14:11.597+0200] {dagbag.py:545} INFO - Filling up the DagBag from /home/bvpelt/Develop/airflowtut/py_env/lib/python3.10/site-packages/airflow/example_dags/example_setup_teardown_taskflow.py
[2024-08-09T20:14:11.618+0200] {processor.py:840} INFO - DAG(s) 'example_setup_teardown_taskflow' retrieved from /home/bvpelt/Develop/airflowtut/py_env/lib/python3.10/site-packages/airflow/example_dags/example_setup_teardown_taskflow.py
[2024-08-09T20:14:11.635+0200] {logging_mixin.py:188} INFO - [2024-08-09T20:14:11.635+0200] {dag.py:3089} INFO - Sync 1 DAGs
[2024-08-09T20:14:11.648+0200] {logging_mixin.py:188} INFO - [2024-08-09T20:14:11.648+0200] {dag.py:3947} INFO - Setting next_dagrun for example_setup_teardown_taskflow to 2024-08-08 00:00:00+00:00, run_after=2024-08-09 00:00:00+00:00
[2024-08-09T20:14:11.737+0200] {processor.py:183} INFO - Processing /home/bvpelt/Develop/airflowtut/py_env/lib/python3.10/site-packages/airflow/example_dags/example_setup_teardown_taskflow.py took 0.172 seconds
[2024-08-09T20:14:58.720+0200] {processor.py:161} INFO - Started process (PID=22228) to work on /home/bvpelt/Develop/airflowtut/py_env/lib/python3.10/site-packages/airflow/example_dags/example_setup_teardown_taskflow.py
[2024-08-09T20:14:58.720+0200] {processor.py:830} INFO - Processing file /home/bvpelt/Develop/airflowtut/py_env/lib/python3.10/site-packages/airflow/example_dags/example_setup_teardown_taskflow.py for tasks to queue
[2024-08-09T20:14:58.721+0200] {logging_mixin.py:188} INFO - [2024-08-09T20:14:58.721+0200] {dagbag.py:545} INFO - Filling up the DagBag from /home/bvpelt/Develop/airflowtut/py_env/lib/python3.10/site-packages/airflow/example_dags/example_setup_teardown_taskflow.py
[2024-08-09T20:14:58.726+0200] {processor.py:840} INFO - DAG(s) 'example_setup_teardown_taskflow' retrieved from /home/bvpelt/Develop/airflowtut/py_env/lib/python3.10/site-packages/airflow/example_dags/example_setup_teardown_taskflow.py
[2024-08-09T20:14:58.736+0200] {logging_mixin.py:188} INFO - [2024-08-09T20:14:58.736+0200] {dag.py:3089} INFO - Sync 1 DAGs
[2024-08-09T20:14:58.747+0200] {logging_mixin.py:188} INFO - [2024-08-09T20:14:58.747+0200] {dag.py:3947} INFO - Setting next_dagrun for example_setup_teardown_taskflow to 2024-08-08 00:00:00+00:00, run_after=2024-08-09 00:00:00+00:00
[2024-08-09T20:14:58.844+0200] {processor.py:183} INFO - Processing /home/bvpelt/Develop/airflowtut/py_env/lib/python3.10/site-packages/airflow/example_dags/example_setup_teardown_taskflow.py took 0.127 seconds
[2024-08-09T20:15:47.701+0200] {processor.py:161} INFO - Started process (PID=22311) to work on /home/bvpelt/Develop/airflowtut/py_env/lib/python3.10/site-packages/airflow/example_dags/example_setup_teardown_taskflow.py
[2024-08-09T20:15:47.701+0200] {processor.py:830} INFO - Processing file /home/bvpelt/Develop/airflowtut/py_env/lib/python3.10/site-packages/airflow/example_dags/example_setup_teardown_taskflow.py for tasks to queue
[2024-08-09T20:15:47.702+0200] {logging_mixin.py:188} INFO - [2024-08-09T20:15:47.702+0200] {dagbag.py:545} INFO - Filling up the DagBag from /home/bvpelt/Develop/airflowtut/py_env/lib/python3.10/site-packages/airflow/example_dags/example_setup_teardown_taskflow.py
[2024-08-09T20:15:47.707+0200] {processor.py:840} INFO - DAG(s) 'example_setup_teardown_taskflow' retrieved from /home/bvpelt/Develop/airflowtut/py_env/lib/python3.10/site-packages/airflow/example_dags/example_setup_teardown_taskflow.py
[2024-08-09T20:15:47.717+0200] {logging_mixin.py:188} INFO - [2024-08-09T20:15:47.717+0200] {dag.py:3089} INFO - Sync 1 DAGs
[2024-08-09T20:15:47.727+0200] {logging_mixin.py:188} INFO - [2024-08-09T20:15:47.727+0200] {dag.py:3947} INFO - Setting next_dagrun for example_setup_teardown_taskflow to 2024-08-08 00:00:00+00:00, run_after=2024-08-09 00:00:00+00:00
[2024-08-09T20:15:47.848+0200] {processor.py:183} INFO - Processing /home/bvpelt/Develop/airflowtut/py_env/lib/python3.10/site-packages/airflow/example_dags/example_setup_teardown_taskflow.py took 0.151 seconds
[2024-08-09T20:16:33.463+0200] {processor.py:161} INFO - Started process (PID=22374) to work on /home/bvpelt/Develop/airflowtut/py_env/lib/python3.10/site-packages/airflow/example_dags/example_setup_teardown_taskflow.py
[2024-08-09T20:16:33.465+0200] {processor.py:830} INFO - Processing file /home/bvpelt/Develop/airflowtut/py_env/lib/python3.10/site-packages/airflow/example_dags/example_setup_teardown_taskflow.py for tasks to queue
[2024-08-09T20:16:33.469+0200] {logging_mixin.py:188} INFO - [2024-08-09T20:16:33.468+0200] {dagbag.py:545} INFO - Filling up the DagBag from /home/bvpelt/Develop/airflowtut/py_env/lib/python3.10/site-packages/airflow/example_dags/example_setup_teardown_taskflow.py
[2024-08-09T20:16:33.483+0200] {processor.py:840} INFO - DAG(s) 'example_setup_teardown_taskflow' retrieved from /home/bvpelt/Develop/airflowtut/py_env/lib/python3.10/site-packages/airflow/example_dags/example_setup_teardown_taskflow.py
[2024-08-09T20:16:33.498+0200] {logging_mixin.py:188} INFO - [2024-08-09T20:16:33.498+0200] {dag.py:3089} INFO - Sync 1 DAGs
[2024-08-09T20:16:33.511+0200] {logging_mixin.py:188} INFO - [2024-08-09T20:16:33.511+0200] {dag.py:3947} INFO - Setting next_dagrun for example_setup_teardown_taskflow to 2024-08-08 00:00:00+00:00, run_after=2024-08-09 00:00:00+00:00
[2024-08-09T20:16:33.575+0200] {processor.py:183} INFO - Processing /home/bvpelt/Develop/airflowtut/py_env/lib/python3.10/site-packages/airflow/example_dags/example_setup_teardown_taskflow.py took 0.128 seconds
