[2024-08-09T19:42:15.336+0200] {processor.py:161} INFO - Started process (PID=17488) to work on /home/bvpelt/Develop/airflowtut/py_env/lib/python3.10/site-packages/airflow/example_dags/example_short_circuit_decorator.py
[2024-08-09T19:42:15.337+0200] {processor.py:830} INFO - Processing file /home/bvpelt/Develop/airflowtut/py_env/lib/python3.10/site-packages/airflow/example_dags/example_short_circuit_decorator.py for tasks to queue
[2024-08-09T19:42:15.338+0200] {logging_mixin.py:188} INFO - [2024-08-09T19:42:15.337+0200] {dagbag.py:545} INFO - Filling up the DagBag from /home/bvpelt/Develop/airflowtut/py_env/lib/python3.10/site-packages/airflow/example_dags/example_short_circuit_decorator.py
[2024-08-09T19:42:15.343+0200] {processor.py:840} INFO - DAG(s) 'example_short_circuit_decorator' retrieved from /home/bvpelt/Develop/airflowtut/py_env/lib/python3.10/site-packages/airflow/example_dags/example_short_circuit_decorator.py
[2024-08-09T19:42:15.586+0200] {logging_mixin.py:188} INFO - [2024-08-09T19:42:15.585+0200] {override.py:1858} INFO - Created Permission View: can edit on DAG:example_short_circuit_decorator
[2024-08-09T19:42:15.675+0200] {logging_mixin.py:188} INFO - [2024-08-09T19:42:15.674+0200] {override.py:1858} INFO - Created Permission View: can read on DAG:example_short_circuit_decorator
[2024-08-09T19:42:15.758+0200] {logging_mixin.py:188} INFO - [2024-08-09T19:42:15.757+0200] {override.py:1858} INFO - Created Permission View: can delete on DAG:example_short_circuit_decorator
[2024-08-09T19:42:15.760+0200] {logging_mixin.py:188} INFO - [2024-08-09T19:42:15.759+0200] {dag.py:3089} INFO - Sync 1 DAGs
[2024-08-09T19:42:15.790+0200] {logging_mixin.py:188} INFO - [2024-08-09T19:42:15.790+0200] {dag.py:3111} INFO - Creating ORM DAG for example_short_circuit_decorator
[2024-08-09T19:42:15.802+0200] {logging_mixin.py:188} INFO - [2024-08-09T19:42:15.802+0200] {dag.py:3947} INFO - Setting next_dagrun for example_short_circuit_decorator to 2024-08-08 00:00:00+00:00, run_after=2024-08-09 00:00:00+00:00
[2024-08-09T19:42:15.924+0200] {processor.py:183} INFO - Processing /home/bvpelt/Develop/airflowtut/py_env/lib/python3.10/site-packages/airflow/example_dags/example_short_circuit_decorator.py took 0.590 seconds
[2024-08-09T19:43:41.328+0200] {processor.py:161} INFO - Started process (PID=17829) to work on /home/bvpelt/Develop/airflowtut/py_env/lib/python3.10/site-packages/airflow/example_dags/example_short_circuit_decorator.py
[2024-08-09T19:43:41.329+0200] {processor.py:830} INFO - Processing file /home/bvpelt/Develop/airflowtut/py_env/lib/python3.10/site-packages/airflow/example_dags/example_short_circuit_decorator.py for tasks to queue
[2024-08-09T19:43:41.330+0200] {logging_mixin.py:188} INFO - [2024-08-09T19:43:41.329+0200] {dagbag.py:545} INFO - Filling up the DagBag from /home/bvpelt/Develop/airflowtut/py_env/lib/python3.10/site-packages/airflow/example_dags/example_short_circuit_decorator.py
[2024-08-09T19:43:41.336+0200] {processor.py:840} INFO - DAG(s) 'example_short_circuit_decorator' retrieved from /home/bvpelt/Develop/airflowtut/py_env/lib/python3.10/site-packages/airflow/example_dags/example_short_circuit_decorator.py
[2024-08-09T19:43:41.348+0200] {logging_mixin.py:188} INFO - [2024-08-09T19:43:41.348+0200] {dag.py:3089} INFO - Sync 1 DAGs
[2024-08-09T19:43:41.365+0200] {logging_mixin.py:188} INFO - [2024-08-09T19:43:41.365+0200] {dag.py:3947} INFO - Setting next_dagrun for example_short_circuit_decorator to 2024-08-08 00:00:00+00:00, run_after=2024-08-09 00:00:00+00:00
[2024-08-09T19:43:41.482+0200] {processor.py:183} INFO - Processing /home/bvpelt/Develop/airflowtut/py_env/lib/python3.10/site-packages/airflow/example_dags/example_short_circuit_decorator.py took 0.159 seconds
[2024-08-09T19:44:17.696+0200] {processor.py:161} INFO - Started process (PID=17973) to work on /home/bvpelt/Develop/airflowtut/py_env/lib/python3.10/site-packages/airflow/example_dags/example_short_circuit_decorator.py
[2024-08-09T19:44:17.696+0200] {processor.py:830} INFO - Processing file /home/bvpelt/Develop/airflowtut/py_env/lib/python3.10/site-packages/airflow/example_dags/example_short_circuit_decorator.py for tasks to queue
[2024-08-09T19:44:17.697+0200] {logging_mixin.py:188} INFO - [2024-08-09T19:44:17.697+0200] {dagbag.py:545} INFO - Filling up the DagBag from /home/bvpelt/Develop/airflowtut/py_env/lib/python3.10/site-packages/airflow/example_dags/example_short_circuit_decorator.py
[2024-08-09T19:44:17.703+0200] {processor.py:840} INFO - DAG(s) 'example_short_circuit_decorator' retrieved from /home/bvpelt/Develop/airflowtut/py_env/lib/python3.10/site-packages/airflow/example_dags/example_short_circuit_decorator.py
[2024-08-09T19:44:17.713+0200] {logging_mixin.py:188} INFO - [2024-08-09T19:44:17.713+0200] {dag.py:3089} INFO - Sync 1 DAGs
[2024-08-09T19:44:17.724+0200] {logging_mixin.py:188} INFO - [2024-08-09T19:44:17.724+0200] {dag.py:3947} INFO - Setting next_dagrun for example_short_circuit_decorator to 2024-08-08 00:00:00+00:00, run_after=2024-08-09 00:00:00+00:00
[2024-08-09T19:44:17.805+0200] {processor.py:183} INFO - Processing /home/bvpelt/Develop/airflowtut/py_env/lib/python3.10/site-packages/airflow/example_dags/example_short_circuit_decorator.py took 0.113 seconds
[2024-08-09T19:45:09.827+0200] {processor.py:161} INFO - Started process (PID=18235) to work on /home/bvpelt/Develop/airflowtut/py_env/lib/python3.10/site-packages/airflow/example_dags/example_short_circuit_decorator.py
[2024-08-09T19:45:09.828+0200] {processor.py:830} INFO - Processing file /home/bvpelt/Develop/airflowtut/py_env/lib/python3.10/site-packages/airflow/example_dags/example_short_circuit_decorator.py for tasks to queue
[2024-08-09T19:45:09.829+0200] {logging_mixin.py:188} INFO - [2024-08-09T19:45:09.828+0200] {dagbag.py:545} INFO - Filling up the DagBag from /home/bvpelt/Develop/airflowtut/py_env/lib/python3.10/site-packages/airflow/example_dags/example_short_circuit_decorator.py
[2024-08-09T19:45:09.834+0200] {processor.py:840} INFO - DAG(s) 'example_short_circuit_decorator' retrieved from /home/bvpelt/Develop/airflowtut/py_env/lib/python3.10/site-packages/airflow/example_dags/example_short_circuit_decorator.py
[2024-08-09T19:45:09.845+0200] {logging_mixin.py:188} INFO - [2024-08-09T19:45:09.845+0200] {dag.py:3089} INFO - Sync 1 DAGs
[2024-08-09T19:45:09.908+0200] {logging_mixin.py:188} INFO - [2024-08-09T19:45:09.908+0200] {dag.py:3947} INFO - Setting next_dagrun for example_short_circuit_decorator to 2024-08-08 00:00:00+00:00, run_after=2024-08-09 00:00:00+00:00
[2024-08-09T19:45:09.984+0200] {processor.py:183} INFO - Processing /home/bvpelt/Develop/airflowtut/py_env/lib/python3.10/site-packages/airflow/example_dags/example_short_circuit_decorator.py took 0.160 seconds
[2024-08-09T19:46:18.251+0200] {processor.py:161} INFO - Started process (PID=18587) to work on /home/bvpelt/Develop/airflowtut/py_env/lib/python3.10/site-packages/airflow/example_dags/example_short_circuit_decorator.py
[2024-08-09T19:46:18.251+0200] {processor.py:830} INFO - Processing file /home/bvpelt/Develop/airflowtut/py_env/lib/python3.10/site-packages/airflow/example_dags/example_short_circuit_decorator.py for tasks to queue
[2024-08-09T19:46:18.252+0200] {logging_mixin.py:188} INFO - [2024-08-09T19:46:18.252+0200] {dagbag.py:545} INFO - Filling up the DagBag from /home/bvpelt/Develop/airflowtut/py_env/lib/python3.10/site-packages/airflow/example_dags/example_short_circuit_decorator.py
[2024-08-09T19:46:18.257+0200] {processor.py:840} INFO - DAG(s) 'example_short_circuit_decorator' retrieved from /home/bvpelt/Develop/airflowtut/py_env/lib/python3.10/site-packages/airflow/example_dags/example_short_circuit_decorator.py
[2024-08-09T19:46:18.268+0200] {logging_mixin.py:188} INFO - [2024-08-09T19:46:18.268+0200] {dag.py:3089} INFO - Sync 1 DAGs
[2024-08-09T19:46:18.279+0200] {logging_mixin.py:188} INFO - [2024-08-09T19:46:18.279+0200] {dag.py:3947} INFO - Setting next_dagrun for example_short_circuit_decorator to 2024-08-08 00:00:00+00:00, run_after=2024-08-09 00:00:00+00:00
[2024-08-09T19:46:18.368+0200] {processor.py:183} INFO - Processing /home/bvpelt/Develop/airflowtut/py_env/lib/python3.10/site-packages/airflow/example_dags/example_short_circuit_decorator.py took 0.121 seconds
[2024-08-09T19:47:00.310+0200] {processor.py:161} INFO - Started process (PID=18750) to work on /home/bvpelt/Develop/airflowtut/py_env/lib/python3.10/site-packages/airflow/example_dags/example_short_circuit_decorator.py
[2024-08-09T19:47:00.332+0200] {processor.py:830} INFO - Processing file /home/bvpelt/Develop/airflowtut/py_env/lib/python3.10/site-packages/airflow/example_dags/example_short_circuit_decorator.py for tasks to queue
[2024-08-09T19:47:00.336+0200] {logging_mixin.py:188} INFO - [2024-08-09T19:47:00.335+0200] {dagbag.py:545} INFO - Filling up the DagBag from /home/bvpelt/Develop/airflowtut/py_env/lib/python3.10/site-packages/airflow/example_dags/example_short_circuit_decorator.py
[2024-08-09T19:47:00.361+0200] {processor.py:840} INFO - DAG(s) 'example_short_circuit_decorator' retrieved from /home/bvpelt/Develop/airflowtut/py_env/lib/python3.10/site-packages/airflow/example_dags/example_short_circuit_decorator.py
[2024-08-09T19:47:00.384+0200] {logging_mixin.py:188} INFO - [2024-08-09T19:47:00.384+0200] {dag.py:3089} INFO - Sync 1 DAGs
[2024-08-09T19:47:00.399+0200] {logging_mixin.py:188} INFO - [2024-08-09T19:47:00.399+0200] {dag.py:3947} INFO - Setting next_dagrun for example_short_circuit_decorator to 2024-08-08 00:00:00+00:00, run_after=2024-08-09 00:00:00+00:00
[2024-08-09T19:47:00.476+0200] {processor.py:183} INFO - Processing /home/bvpelt/Develop/airflowtut/py_env/lib/python3.10/site-packages/airflow/example_dags/example_short_circuit_decorator.py took 0.170 seconds
[2024-08-09T19:47:50.085+0200] {processor.py:161} INFO - Started process (PID=19005) to work on /home/bvpelt/Develop/airflowtut/py_env/lib/python3.10/site-packages/airflow/example_dags/example_short_circuit_decorator.py
[2024-08-09T19:47:50.096+0200] {processor.py:830} INFO - Processing file /home/bvpelt/Develop/airflowtut/py_env/lib/python3.10/site-packages/airflow/example_dags/example_short_circuit_decorator.py for tasks to queue
[2024-08-09T19:47:50.098+0200] {logging_mixin.py:188} INFO - [2024-08-09T19:47:50.098+0200] {dagbag.py:545} INFO - Filling up the DagBag from /home/bvpelt/Develop/airflowtut/py_env/lib/python3.10/site-packages/airflow/example_dags/example_short_circuit_decorator.py
[2024-08-09T19:47:50.107+0200] {processor.py:840} INFO - DAG(s) 'example_short_circuit_decorator' retrieved from /home/bvpelt/Develop/airflowtut/py_env/lib/python3.10/site-packages/airflow/example_dags/example_short_circuit_decorator.py
[2024-08-09T19:47:50.121+0200] {logging_mixin.py:188} INFO - [2024-08-09T19:47:50.121+0200] {dag.py:3089} INFO - Sync 1 DAGs
[2024-08-09T19:47:50.137+0200] {logging_mixin.py:188} INFO - [2024-08-09T19:47:50.137+0200] {dag.py:3947} INFO - Setting next_dagrun for example_short_circuit_decorator to 2024-08-08 00:00:00+00:00, run_after=2024-08-09 00:00:00+00:00
[2024-08-09T19:47:50.202+0200] {processor.py:183} INFO - Processing /home/bvpelt/Develop/airflowtut/py_env/lib/python3.10/site-packages/airflow/example_dags/example_short_circuit_decorator.py took 0.127 seconds
[2024-08-09T19:48:41.087+0200] {processor.py:161} INFO - Started process (PID=19118) to work on /home/bvpelt/Develop/airflowtut/py_env/lib/python3.10/site-packages/airflow/example_dags/example_short_circuit_decorator.py
[2024-08-09T19:48:41.111+0200] {processor.py:830} INFO - Processing file /home/bvpelt/Develop/airflowtut/py_env/lib/python3.10/site-packages/airflow/example_dags/example_short_circuit_decorator.py for tasks to queue
[2024-08-09T19:48:41.112+0200] {logging_mixin.py:188} INFO - [2024-08-09T19:48:41.112+0200] {dagbag.py:545} INFO - Filling up the DagBag from /home/bvpelt/Develop/airflowtut/py_env/lib/python3.10/site-packages/airflow/example_dags/example_short_circuit_decorator.py
[2024-08-09T19:48:41.119+0200] {processor.py:840} INFO - DAG(s) 'example_short_circuit_decorator' retrieved from /home/bvpelt/Develop/airflowtut/py_env/lib/python3.10/site-packages/airflow/example_dags/example_short_circuit_decorator.py
[2024-08-09T19:48:41.135+0200] {logging_mixin.py:188} INFO - [2024-08-09T19:48:41.135+0200] {dag.py:3089} INFO - Sync 1 DAGs
[2024-08-09T19:48:41.151+0200] {logging_mixin.py:188} INFO - [2024-08-09T19:48:41.151+0200] {dag.py:3947} INFO - Setting next_dagrun for example_short_circuit_decorator to 2024-08-08 00:00:00+00:00, run_after=2024-08-09 00:00:00+00:00
[2024-08-09T19:48:41.225+0200] {processor.py:183} INFO - Processing /home/bvpelt/Develop/airflowtut/py_env/lib/python3.10/site-packages/airflow/example_dags/example_short_circuit_decorator.py took 0.142 seconds
[2024-08-09T19:49:29.914+0200] {processor.py:161} INFO - Started process (PID=19201) to work on /home/bvpelt/Develop/airflowtut/py_env/lib/python3.10/site-packages/airflow/example_dags/example_short_circuit_decorator.py
[2024-08-09T19:49:29.921+0200] {processor.py:830} INFO - Processing file /home/bvpelt/Develop/airflowtut/py_env/lib/python3.10/site-packages/airflow/example_dags/example_short_circuit_decorator.py for tasks to queue
[2024-08-09T19:49:29.922+0200] {logging_mixin.py:188} INFO - [2024-08-09T19:49:29.922+0200] {dagbag.py:545} INFO - Filling up the DagBag from /home/bvpelt/Develop/airflowtut/py_env/lib/python3.10/site-packages/airflow/example_dags/example_short_circuit_decorator.py
[2024-08-09T19:49:29.927+0200] {processor.py:840} INFO - DAG(s) 'example_short_circuit_decorator' retrieved from /home/bvpelt/Develop/airflowtut/py_env/lib/python3.10/site-packages/airflow/example_dags/example_short_circuit_decorator.py
[2024-08-09T19:49:29.938+0200] {logging_mixin.py:188} INFO - [2024-08-09T19:49:29.938+0200] {dag.py:3089} INFO - Sync 1 DAGs
[2024-08-09T19:49:29.949+0200] {logging_mixin.py:188} INFO - [2024-08-09T19:49:29.948+0200] {dag.py:3947} INFO - Setting next_dagrun for example_short_circuit_decorator to 2024-08-08 00:00:00+00:00, run_after=2024-08-09 00:00:00+00:00
[2024-08-09T19:49:30.029+0200] {processor.py:183} INFO - Processing /home/bvpelt/Develop/airflowtut/py_env/lib/python3.10/site-packages/airflow/example_dags/example_short_circuit_decorator.py took 0.119 seconds
[2024-08-09T19:50:23.758+0200] {processor.py:161} INFO - Started process (PID=19356) to work on /home/bvpelt/Develop/airflowtut/py_env/lib/python3.10/site-packages/airflow/example_dags/example_short_circuit_decorator.py
[2024-08-09T19:50:23.774+0200] {processor.py:830} INFO - Processing file /home/bvpelt/Develop/airflowtut/py_env/lib/python3.10/site-packages/airflow/example_dags/example_short_circuit_decorator.py for tasks to queue
[2024-08-09T19:50:23.775+0200] {logging_mixin.py:188} INFO - [2024-08-09T19:50:23.775+0200] {dagbag.py:545} INFO - Filling up the DagBag from /home/bvpelt/Develop/airflowtut/py_env/lib/python3.10/site-packages/airflow/example_dags/example_short_circuit_decorator.py
[2024-08-09T19:50:23.782+0200] {processor.py:840} INFO - DAG(s) 'example_short_circuit_decorator' retrieved from /home/bvpelt/Develop/airflowtut/py_env/lib/python3.10/site-packages/airflow/example_dags/example_short_circuit_decorator.py
[2024-08-09T19:50:23.792+0200] {logging_mixin.py:188} INFO - [2024-08-09T19:50:23.792+0200] {dag.py:3089} INFO - Sync 1 DAGs
[2024-08-09T19:50:23.803+0200] {logging_mixin.py:188} INFO - [2024-08-09T19:50:23.803+0200] {dag.py:3947} INFO - Setting next_dagrun for example_short_circuit_decorator to 2024-08-08 00:00:00+00:00, run_after=2024-08-09 00:00:00+00:00
[2024-08-09T19:50:23.897+0200] {processor.py:183} INFO - Processing /home/bvpelt/Develop/airflowtut/py_env/lib/python3.10/site-packages/airflow/example_dags/example_short_circuit_decorator.py took 0.142 seconds
[2024-08-09T19:51:14.569+0200] {processor.py:161} INFO - Started process (PID=19482) to work on /home/bvpelt/Develop/airflowtut/py_env/lib/python3.10/site-packages/airflow/example_dags/example_short_circuit_decorator.py
[2024-08-09T19:51:14.570+0200] {processor.py:830} INFO - Processing file /home/bvpelt/Develop/airflowtut/py_env/lib/python3.10/site-packages/airflow/example_dags/example_short_circuit_decorator.py for tasks to queue
[2024-08-09T19:51:14.571+0200] {logging_mixin.py:188} INFO - [2024-08-09T19:51:14.571+0200] {dagbag.py:545} INFO - Filling up the DagBag from /home/bvpelt/Develop/airflowtut/py_env/lib/python3.10/site-packages/airflow/example_dags/example_short_circuit_decorator.py
[2024-08-09T19:51:14.576+0200] {processor.py:840} INFO - DAG(s) 'example_short_circuit_decorator' retrieved from /home/bvpelt/Develop/airflowtut/py_env/lib/python3.10/site-packages/airflow/example_dags/example_short_circuit_decorator.py
[2024-08-09T19:51:14.586+0200] {logging_mixin.py:188} INFO - [2024-08-09T19:51:14.586+0200] {dag.py:3089} INFO - Sync 1 DAGs
[2024-08-09T19:51:14.596+0200] {logging_mixin.py:188} INFO - [2024-08-09T19:51:14.596+0200] {dag.py:3947} INFO - Setting next_dagrun for example_short_circuit_decorator to 2024-08-08 00:00:00+00:00, run_after=2024-08-09 00:00:00+00:00
[2024-08-09T19:51:14.685+0200] {processor.py:183} INFO - Processing /home/bvpelt/Develop/airflowtut/py_env/lib/python3.10/site-packages/airflow/example_dags/example_short_circuit_decorator.py took 0.119 seconds
[2024-08-09T19:52:23.205+0200] {processor.py:161} INFO - Started process (PID=19983) to work on /home/bvpelt/Develop/airflowtut/py_env/lib/python3.10/site-packages/airflow/example_dags/example_short_circuit_decorator.py
[2024-08-09T19:52:23.205+0200] {processor.py:830} INFO - Processing file /home/bvpelt/Develop/airflowtut/py_env/lib/python3.10/site-packages/airflow/example_dags/example_short_circuit_decorator.py for tasks to queue
[2024-08-09T19:52:23.206+0200] {logging_mixin.py:188} INFO - [2024-08-09T19:52:23.206+0200] {dagbag.py:545} INFO - Filling up the DagBag from /home/bvpelt/Develop/airflowtut/py_env/lib/python3.10/site-packages/airflow/example_dags/example_short_circuit_decorator.py
[2024-08-09T19:52:23.212+0200] {processor.py:840} INFO - DAG(s) 'example_short_circuit_decorator' retrieved from /home/bvpelt/Develop/airflowtut/py_env/lib/python3.10/site-packages/airflow/example_dags/example_short_circuit_decorator.py
[2024-08-09T19:52:23.222+0200] {logging_mixin.py:188} INFO - [2024-08-09T19:52:23.221+0200] {dag.py:3089} INFO - Sync 1 DAGs
[2024-08-09T19:52:23.232+0200] {logging_mixin.py:188} INFO - [2024-08-09T19:52:23.232+0200] {dag.py:3947} INFO - Setting next_dagrun for example_short_circuit_decorator to 2024-08-08 00:00:00+00:00, run_after=2024-08-09 00:00:00+00:00
[2024-08-09T19:52:23.309+0200] {processor.py:183} INFO - Processing /home/bvpelt/Develop/airflowtut/py_env/lib/python3.10/site-packages/airflow/example_dags/example_short_circuit_decorator.py took 0.107 seconds
[2024-08-09T19:53:09.735+0200] {processor.py:161} INFO - Started process (PID=20079) to work on /home/bvpelt/Develop/airflowtut/py_env/lib/python3.10/site-packages/airflow/example_dags/example_short_circuit_decorator.py
[2024-08-09T19:53:09.736+0200] {processor.py:830} INFO - Processing file /home/bvpelt/Develop/airflowtut/py_env/lib/python3.10/site-packages/airflow/example_dags/example_short_circuit_decorator.py for tasks to queue
[2024-08-09T19:53:09.737+0200] {logging_mixin.py:188} INFO - [2024-08-09T19:53:09.736+0200] {dagbag.py:545} INFO - Filling up the DagBag from /home/bvpelt/Develop/airflowtut/py_env/lib/python3.10/site-packages/airflow/example_dags/example_short_circuit_decorator.py
[2024-08-09T19:53:09.742+0200] {processor.py:840} INFO - DAG(s) 'example_short_circuit_decorator' retrieved from /home/bvpelt/Develop/airflowtut/py_env/lib/python3.10/site-packages/airflow/example_dags/example_short_circuit_decorator.py
[2024-08-09T19:53:09.753+0200] {logging_mixin.py:188} INFO - [2024-08-09T19:53:09.753+0200] {dag.py:3089} INFO - Sync 1 DAGs
[2024-08-09T19:53:09.764+0200] {logging_mixin.py:188} INFO - [2024-08-09T19:53:09.763+0200] {dag.py:3947} INFO - Setting next_dagrun for example_short_circuit_decorator to 2024-08-08 00:00:00+00:00, run_after=2024-08-09 00:00:00+00:00
[2024-08-09T19:53:09.909+0200] {processor.py:183} INFO - Processing /home/bvpelt/Develop/airflowtut/py_env/lib/python3.10/site-packages/airflow/example_dags/example_short_circuit_decorator.py took 0.177 seconds
[2024-08-09T19:54:03.079+0200] {processor.py:161} INFO - Started process (PID=20137) to work on /home/bvpelt/Develop/airflowtut/py_env/lib/python3.10/site-packages/airflow/example_dags/example_short_circuit_decorator.py
[2024-08-09T19:54:03.080+0200] {processor.py:830} INFO - Processing file /home/bvpelt/Develop/airflowtut/py_env/lib/python3.10/site-packages/airflow/example_dags/example_short_circuit_decorator.py for tasks to queue
[2024-08-09T19:54:03.080+0200] {logging_mixin.py:188} INFO - [2024-08-09T19:54:03.080+0200] {dagbag.py:545} INFO - Filling up the DagBag from /home/bvpelt/Develop/airflowtut/py_env/lib/python3.10/site-packages/airflow/example_dags/example_short_circuit_decorator.py
[2024-08-09T19:54:03.085+0200] {processor.py:840} INFO - DAG(s) 'example_short_circuit_decorator' retrieved from /home/bvpelt/Develop/airflowtut/py_env/lib/python3.10/site-packages/airflow/example_dags/example_short_circuit_decorator.py
[2024-08-09T19:54:03.096+0200] {logging_mixin.py:188} INFO - [2024-08-09T19:54:03.095+0200] {dag.py:3089} INFO - Sync 1 DAGs
[2024-08-09T19:54:03.106+0200] {logging_mixin.py:188} INFO - [2024-08-09T19:54:03.106+0200] {dag.py:3947} INFO - Setting next_dagrun for example_short_circuit_decorator to 2024-08-08 00:00:00+00:00, run_after=2024-08-09 00:00:00+00:00
[2024-08-09T19:54:03.199+0200] {processor.py:183} INFO - Processing /home/bvpelt/Develop/airflowtut/py_env/lib/python3.10/site-packages/airflow/example_dags/example_short_circuit_decorator.py took 0.123 seconds
[2024-08-09T19:54:56.773+0200] {processor.py:161} INFO - Started process (PID=20214) to work on /home/bvpelt/Develop/airflowtut/py_env/lib/python3.10/site-packages/airflow/example_dags/example_short_circuit_decorator.py
[2024-08-09T19:54:56.774+0200] {processor.py:830} INFO - Processing file /home/bvpelt/Develop/airflowtut/py_env/lib/python3.10/site-packages/airflow/example_dags/example_short_circuit_decorator.py for tasks to queue
[2024-08-09T19:54:56.775+0200] {logging_mixin.py:188} INFO - [2024-08-09T19:54:56.775+0200] {dagbag.py:545} INFO - Filling up the DagBag from /home/bvpelt/Develop/airflowtut/py_env/lib/python3.10/site-packages/airflow/example_dags/example_short_circuit_decorator.py
[2024-08-09T19:54:56.780+0200] {processor.py:840} INFO - DAG(s) 'example_short_circuit_decorator' retrieved from /home/bvpelt/Develop/airflowtut/py_env/lib/python3.10/site-packages/airflow/example_dags/example_short_circuit_decorator.py
[2024-08-09T19:54:56.790+0200] {logging_mixin.py:188} INFO - [2024-08-09T19:54:56.790+0200] {dag.py:3089} INFO - Sync 1 DAGs
[2024-08-09T19:54:56.800+0200] {logging_mixin.py:188} INFO - [2024-08-09T19:54:56.800+0200] {dag.py:3947} INFO - Setting next_dagrun for example_short_circuit_decorator to 2024-08-08 00:00:00+00:00, run_after=2024-08-09 00:00:00+00:00
[2024-08-09T19:54:56.893+0200] {processor.py:183} INFO - Processing /home/bvpelt/Develop/airflowtut/py_env/lib/python3.10/site-packages/airflow/example_dags/example_short_circuit_decorator.py took 0.122 seconds
[2024-08-09T19:55:44.941+0200] {processor.py:161} INFO - Started process (PID=20305) to work on /home/bvpelt/Develop/airflowtut/py_env/lib/python3.10/site-packages/airflow/example_dags/example_short_circuit_decorator.py
[2024-08-09T19:55:44.941+0200] {processor.py:830} INFO - Processing file /home/bvpelt/Develop/airflowtut/py_env/lib/python3.10/site-packages/airflow/example_dags/example_short_circuit_decorator.py for tasks to queue
[2024-08-09T19:55:44.942+0200] {logging_mixin.py:188} INFO - [2024-08-09T19:55:44.942+0200] {dagbag.py:545} INFO - Filling up the DagBag from /home/bvpelt/Develop/airflowtut/py_env/lib/python3.10/site-packages/airflow/example_dags/example_short_circuit_decorator.py
[2024-08-09T19:55:44.947+0200] {processor.py:840} INFO - DAG(s) 'example_short_circuit_decorator' retrieved from /home/bvpelt/Develop/airflowtut/py_env/lib/python3.10/site-packages/airflow/example_dags/example_short_circuit_decorator.py
[2024-08-09T19:55:44.957+0200] {logging_mixin.py:188} INFO - [2024-08-09T19:55:44.957+0200] {dag.py:3089} INFO - Sync 1 DAGs
[2024-08-09T19:55:44.968+0200] {logging_mixin.py:188} INFO - [2024-08-09T19:55:44.968+0200] {dag.py:3947} INFO - Setting next_dagrun for example_short_circuit_decorator to 2024-08-08 00:00:00+00:00, run_after=2024-08-09 00:00:00+00:00
[2024-08-09T19:55:45.143+0200] {processor.py:183} INFO - Processing /home/bvpelt/Develop/airflowtut/py_env/lib/python3.10/site-packages/airflow/example_dags/example_short_circuit_decorator.py took 0.205 seconds
[2024-08-09T19:56:30.629+0200] {processor.py:161} INFO - Started process (PID=20360) to work on /home/bvpelt/Develop/airflowtut/py_env/lib/python3.10/site-packages/airflow/example_dags/example_short_circuit_decorator.py
[2024-08-09T19:56:30.631+0200] {processor.py:830} INFO - Processing file /home/bvpelt/Develop/airflowtut/py_env/lib/python3.10/site-packages/airflow/example_dags/example_short_circuit_decorator.py for tasks to queue
[2024-08-09T19:56:30.635+0200] {logging_mixin.py:188} INFO - [2024-08-09T19:56:30.634+0200] {dagbag.py:545} INFO - Filling up the DagBag from /home/bvpelt/Develop/airflowtut/py_env/lib/python3.10/site-packages/airflow/example_dags/example_short_circuit_decorator.py
[2024-08-09T19:56:30.650+0200] {processor.py:840} INFO - DAG(s) 'example_short_circuit_decorator' retrieved from /home/bvpelt/Develop/airflowtut/py_env/lib/python3.10/site-packages/airflow/example_dags/example_short_circuit_decorator.py
[2024-08-09T19:56:30.667+0200] {logging_mixin.py:188} INFO - [2024-08-09T19:56:30.667+0200] {dag.py:3089} INFO - Sync 1 DAGs
[2024-08-09T19:56:30.679+0200] {logging_mixin.py:188} INFO - [2024-08-09T19:56:30.679+0200] {dag.py:3947} INFO - Setting next_dagrun for example_short_circuit_decorator to 2024-08-08 00:00:00+00:00, run_after=2024-08-09 00:00:00+00:00
[2024-08-09T19:56:30.815+0200] {processor.py:183} INFO - Processing /home/bvpelt/Develop/airflowtut/py_env/lib/python3.10/site-packages/airflow/example_dags/example_short_circuit_decorator.py took 0.201 seconds
[2024-08-09T19:57:23.492+0200] {processor.py:161} INFO - Started process (PID=20489) to work on /home/bvpelt/Develop/airflowtut/py_env/lib/python3.10/site-packages/airflow/example_dags/example_short_circuit_decorator.py
[2024-08-09T19:57:23.499+0200] {processor.py:830} INFO - Processing file /home/bvpelt/Develop/airflowtut/py_env/lib/python3.10/site-packages/airflow/example_dags/example_short_circuit_decorator.py for tasks to queue
[2024-08-09T19:57:23.500+0200] {logging_mixin.py:188} INFO - [2024-08-09T19:57:23.500+0200] {dagbag.py:545} INFO - Filling up the DagBag from /home/bvpelt/Develop/airflowtut/py_env/lib/python3.10/site-packages/airflow/example_dags/example_short_circuit_decorator.py
[2024-08-09T19:57:23.507+0200] {processor.py:840} INFO - DAG(s) 'example_short_circuit_decorator' retrieved from /home/bvpelt/Develop/airflowtut/py_env/lib/python3.10/site-packages/airflow/example_dags/example_short_circuit_decorator.py
[2024-08-09T19:57:23.520+0200] {logging_mixin.py:188} INFO - [2024-08-09T19:57:23.520+0200] {dag.py:3089} INFO - Sync 1 DAGs
[2024-08-09T19:57:23.535+0200] {logging_mixin.py:188} INFO - [2024-08-09T19:57:23.535+0200] {dag.py:3947} INFO - Setting next_dagrun for example_short_circuit_decorator to 2024-08-08 00:00:00+00:00, run_after=2024-08-09 00:00:00+00:00
[2024-08-09T19:57:23.610+0200] {processor.py:183} INFO - Processing /home/bvpelt/Develop/airflowtut/py_env/lib/python3.10/site-packages/airflow/example_dags/example_short_circuit_decorator.py took 0.121 seconds
[2024-08-09T19:58:14.664+0200] {processor.py:161} INFO - Started process (PID=20552) to work on /home/bvpelt/Develop/airflowtut/py_env/lib/python3.10/site-packages/airflow/example_dags/example_short_circuit_decorator.py
[2024-08-09T19:58:14.679+0200] {processor.py:830} INFO - Processing file /home/bvpelt/Develop/airflowtut/py_env/lib/python3.10/site-packages/airflow/example_dags/example_short_circuit_decorator.py for tasks to queue
[2024-08-09T19:58:14.680+0200] {logging_mixin.py:188} INFO - [2024-08-09T19:58:14.680+0200] {dagbag.py:545} INFO - Filling up the DagBag from /home/bvpelt/Develop/airflowtut/py_env/lib/python3.10/site-packages/airflow/example_dags/example_short_circuit_decorator.py
[2024-08-09T19:58:14.689+0200] {processor.py:840} INFO - DAG(s) 'example_short_circuit_decorator' retrieved from /home/bvpelt/Develop/airflowtut/py_env/lib/python3.10/site-packages/airflow/example_dags/example_short_circuit_decorator.py
[2024-08-09T19:58:14.705+0200] {logging_mixin.py:188} INFO - [2024-08-09T19:58:14.704+0200] {dag.py:3089} INFO - Sync 1 DAGs
[2024-08-09T19:58:14.721+0200] {logging_mixin.py:188} INFO - [2024-08-09T19:58:14.720+0200] {dag.py:3947} INFO - Setting next_dagrun for example_short_circuit_decorator to 2024-08-08 00:00:00+00:00, run_after=2024-08-09 00:00:00+00:00
[2024-08-09T19:58:14.815+0200] {processor.py:183} INFO - Processing /home/bvpelt/Develop/airflowtut/py_env/lib/python3.10/site-packages/airflow/example_dags/example_short_circuit_decorator.py took 0.156 seconds
[2024-08-09T19:59:12.212+0200] {processor.py:161} INFO - Started process (PID=20687) to work on /home/bvpelt/Develop/airflowtut/py_env/lib/python3.10/site-packages/airflow/example_dags/example_short_circuit_decorator.py
[2024-08-09T19:59:12.213+0200] {processor.py:830} INFO - Processing file /home/bvpelt/Develop/airflowtut/py_env/lib/python3.10/site-packages/airflow/example_dags/example_short_circuit_decorator.py for tasks to queue
[2024-08-09T19:59:12.213+0200] {logging_mixin.py:188} INFO - [2024-08-09T19:59:12.213+0200] {dagbag.py:545} INFO - Filling up the DagBag from /home/bvpelt/Develop/airflowtut/py_env/lib/python3.10/site-packages/airflow/example_dags/example_short_circuit_decorator.py
[2024-08-09T19:59:12.219+0200] {processor.py:840} INFO - DAG(s) 'example_short_circuit_decorator' retrieved from /home/bvpelt/Develop/airflowtut/py_env/lib/python3.10/site-packages/airflow/example_dags/example_short_circuit_decorator.py
[2024-08-09T19:59:12.230+0200] {logging_mixin.py:188} INFO - [2024-08-09T19:59:12.230+0200] {dag.py:3089} INFO - Sync 1 DAGs
[2024-08-09T19:59:12.241+0200] {logging_mixin.py:188} INFO - [2024-08-09T19:59:12.241+0200] {dag.py:3947} INFO - Setting next_dagrun for example_short_circuit_decorator to 2024-08-08 00:00:00+00:00, run_after=2024-08-09 00:00:00+00:00
[2024-08-09T19:59:12.329+0200] {processor.py:183} INFO - Processing /home/bvpelt/Develop/airflowtut/py_env/lib/python3.10/site-packages/airflow/example_dags/example_short_circuit_decorator.py took 0.120 seconds
[2024-08-09T20:00:05.541+0200] {processor.py:161} INFO - Started process (PID=20743) to work on /home/bvpelt/Develop/airflowtut/py_env/lib/python3.10/site-packages/airflow/example_dags/example_short_circuit_decorator.py
[2024-08-09T20:00:05.549+0200] {processor.py:830} INFO - Processing file /home/bvpelt/Develop/airflowtut/py_env/lib/python3.10/site-packages/airflow/example_dags/example_short_circuit_decorator.py for tasks to queue
[2024-08-09T20:00:05.550+0200] {logging_mixin.py:188} INFO - [2024-08-09T20:00:05.550+0200] {dagbag.py:545} INFO - Filling up the DagBag from /home/bvpelt/Develop/airflowtut/py_env/lib/python3.10/site-packages/airflow/example_dags/example_short_circuit_decorator.py
[2024-08-09T20:00:05.555+0200] {processor.py:840} INFO - DAG(s) 'example_short_circuit_decorator' retrieved from /home/bvpelt/Develop/airflowtut/py_env/lib/python3.10/site-packages/airflow/example_dags/example_short_circuit_decorator.py
[2024-08-09T20:00:05.566+0200] {logging_mixin.py:188} INFO - [2024-08-09T20:00:05.566+0200] {dag.py:3089} INFO - Sync 1 DAGs
[2024-08-09T20:00:05.578+0200] {logging_mixin.py:188} INFO - [2024-08-09T20:00:05.578+0200] {dag.py:3947} INFO - Setting next_dagrun for example_short_circuit_decorator to 2024-08-08 00:00:00+00:00, run_after=2024-08-09 00:00:00+00:00
[2024-08-09T20:00:05.659+0200] {processor.py:183} INFO - Processing /home/bvpelt/Develop/airflowtut/py_env/lib/python3.10/site-packages/airflow/example_dags/example_short_circuit_decorator.py took 0.122 seconds
[2024-08-09T20:00:55.619+0200] {processor.py:161} INFO - Started process (PID=20819) to work on /home/bvpelt/Develop/airflowtut/py_env/lib/python3.10/site-packages/airflow/example_dags/example_short_circuit_decorator.py
[2024-08-09T20:00:55.619+0200] {processor.py:830} INFO - Processing file /home/bvpelt/Develop/airflowtut/py_env/lib/python3.10/site-packages/airflow/example_dags/example_short_circuit_decorator.py for tasks to queue
[2024-08-09T20:00:55.620+0200] {logging_mixin.py:188} INFO - [2024-08-09T20:00:55.620+0200] {dagbag.py:545} INFO - Filling up the DagBag from /home/bvpelt/Develop/airflowtut/py_env/lib/python3.10/site-packages/airflow/example_dags/example_short_circuit_decorator.py
[2024-08-09T20:00:55.625+0200] {processor.py:840} INFO - DAG(s) 'example_short_circuit_decorator' retrieved from /home/bvpelt/Develop/airflowtut/py_env/lib/python3.10/site-packages/airflow/example_dags/example_short_circuit_decorator.py
[2024-08-09T20:00:55.635+0200] {logging_mixin.py:188} INFO - [2024-08-09T20:00:55.635+0200] {dag.py:3089} INFO - Sync 1 DAGs
[2024-08-09T20:00:55.646+0200] {logging_mixin.py:188} INFO - [2024-08-09T20:00:55.645+0200] {dag.py:3947} INFO - Setting next_dagrun for example_short_circuit_decorator to 2024-08-08 00:00:00+00:00, run_after=2024-08-09 00:00:00+00:00
[2024-08-09T20:00:55.736+0200] {processor.py:183} INFO - Processing /home/bvpelt/Develop/airflowtut/py_env/lib/python3.10/site-packages/airflow/example_dags/example_short_circuit_decorator.py took 0.121 seconds
[2024-08-09T20:01:45.802+0200] {processor.py:161} INFO - Started process (PID=20957) to work on /home/bvpelt/Develop/airflowtut/py_env/lib/python3.10/site-packages/airflow/example_dags/example_short_circuit_decorator.py
[2024-08-09T20:01:45.816+0200] {processor.py:830} INFO - Processing file /home/bvpelt/Develop/airflowtut/py_env/lib/python3.10/site-packages/airflow/example_dags/example_short_circuit_decorator.py for tasks to queue
[2024-08-09T20:01:45.816+0200] {logging_mixin.py:188} INFO - [2024-08-09T20:01:45.816+0200] {dagbag.py:545} INFO - Filling up the DagBag from /home/bvpelt/Develop/airflowtut/py_env/lib/python3.10/site-packages/airflow/example_dags/example_short_circuit_decorator.py
[2024-08-09T20:01:45.822+0200] {processor.py:840} INFO - DAG(s) 'example_short_circuit_decorator' retrieved from /home/bvpelt/Develop/airflowtut/py_env/lib/python3.10/site-packages/airflow/example_dags/example_short_circuit_decorator.py
[2024-08-09T20:01:45.834+0200] {logging_mixin.py:188} INFO - [2024-08-09T20:01:45.834+0200] {dag.py:3089} INFO - Sync 1 DAGs
[2024-08-09T20:01:45.846+0200] {logging_mixin.py:188} INFO - [2024-08-09T20:01:45.846+0200] {dag.py:3947} INFO - Setting next_dagrun for example_short_circuit_decorator to 2024-08-08 00:00:00+00:00, run_after=2024-08-09 00:00:00+00:00
[2024-08-09T20:01:45.937+0200] {processor.py:183} INFO - Processing /home/bvpelt/Develop/airflowtut/py_env/lib/python3.10/site-packages/airflow/example_dags/example_short_circuit_decorator.py took 0.139 seconds
[2024-08-09T20:02:36.439+0200] {processor.py:161} INFO - Started process (PID=21038) to work on /home/bvpelt/Develop/airflowtut/py_env/lib/python3.10/site-packages/airflow/example_dags/example_short_circuit_decorator.py
[2024-08-09T20:02:36.439+0200] {processor.py:830} INFO - Processing file /home/bvpelt/Develop/airflowtut/py_env/lib/python3.10/site-packages/airflow/example_dags/example_short_circuit_decorator.py for tasks to queue
[2024-08-09T20:02:36.440+0200] {logging_mixin.py:188} INFO - [2024-08-09T20:02:36.440+0200] {dagbag.py:545} INFO - Filling up the DagBag from /home/bvpelt/Develop/airflowtut/py_env/lib/python3.10/site-packages/airflow/example_dags/example_short_circuit_decorator.py
[2024-08-09T20:02:36.445+0200] {processor.py:840} INFO - DAG(s) 'example_short_circuit_decorator' retrieved from /home/bvpelt/Develop/airflowtut/py_env/lib/python3.10/site-packages/airflow/example_dags/example_short_circuit_decorator.py
[2024-08-09T20:02:36.456+0200] {logging_mixin.py:188} INFO - [2024-08-09T20:02:36.455+0200] {dag.py:3089} INFO - Sync 1 DAGs
[2024-08-09T20:02:36.466+0200] {logging_mixin.py:188} INFO - [2024-08-09T20:02:36.466+0200] {dag.py:3947} INFO - Setting next_dagrun for example_short_circuit_decorator to 2024-08-08 00:00:00+00:00, run_after=2024-08-09 00:00:00+00:00
[2024-08-09T20:02:37.038+0200] {processor.py:183} INFO - Processing /home/bvpelt/Develop/airflowtut/py_env/lib/python3.10/site-packages/airflow/example_dags/example_short_circuit_decorator.py took 0.603 seconds
[2024-08-09T20:03:35.925+0200] {processor.py:161} INFO - Started process (PID=21107) to work on /home/bvpelt/Develop/airflowtut/py_env/lib/python3.10/site-packages/airflow/example_dags/example_short_circuit_decorator.py
[2024-08-09T20:03:35.938+0200] {processor.py:830} INFO - Processing file /home/bvpelt/Develop/airflowtut/py_env/lib/python3.10/site-packages/airflow/example_dags/example_short_circuit_decorator.py for tasks to queue
[2024-08-09T20:03:35.939+0200] {logging_mixin.py:188} INFO - [2024-08-09T20:03:35.939+0200] {dagbag.py:545} INFO - Filling up the DagBag from /home/bvpelt/Develop/airflowtut/py_env/lib/python3.10/site-packages/airflow/example_dags/example_short_circuit_decorator.py
[2024-08-09T20:03:35.945+0200] {processor.py:840} INFO - DAG(s) 'example_short_circuit_decorator' retrieved from /home/bvpelt/Develop/airflowtut/py_env/lib/python3.10/site-packages/airflow/example_dags/example_short_circuit_decorator.py
[2024-08-09T20:03:35.956+0200] {logging_mixin.py:188} INFO - [2024-08-09T20:03:35.956+0200] {dag.py:3089} INFO - Sync 1 DAGs
[2024-08-09T20:03:35.968+0200] {logging_mixin.py:188} INFO - [2024-08-09T20:03:35.968+0200] {dag.py:3947} INFO - Setting next_dagrun for example_short_circuit_decorator to 2024-08-08 00:00:00+00:00, run_after=2024-08-09 00:00:00+00:00
[2024-08-09T20:03:36.068+0200] {processor.py:183} INFO - Processing /home/bvpelt/Develop/airflowtut/py_env/lib/python3.10/site-packages/airflow/example_dags/example_short_circuit_decorator.py took 0.146 seconds
[2024-08-09T20:04:28.604+0200] {processor.py:161} INFO - Started process (PID=21194) to work on /home/bvpelt/Develop/airflowtut/py_env/lib/python3.10/site-packages/airflow/example_dags/example_short_circuit_decorator.py
[2024-08-09T20:04:28.606+0200] {processor.py:830} INFO - Processing file /home/bvpelt/Develop/airflowtut/py_env/lib/python3.10/site-packages/airflow/example_dags/example_short_circuit_decorator.py for tasks to queue
[2024-08-09T20:04:28.610+0200] {logging_mixin.py:188} INFO - [2024-08-09T20:04:28.609+0200] {dagbag.py:545} INFO - Filling up the DagBag from /home/bvpelt/Develop/airflowtut/py_env/lib/python3.10/site-packages/airflow/example_dags/example_short_circuit_decorator.py
[2024-08-09T20:04:28.625+0200] {processor.py:840} INFO - DAG(s) 'example_short_circuit_decorator' retrieved from /home/bvpelt/Develop/airflowtut/py_env/lib/python3.10/site-packages/airflow/example_dags/example_short_circuit_decorator.py
[2024-08-09T20:04:28.642+0200] {logging_mixin.py:188} INFO - [2024-08-09T20:04:28.642+0200] {dag.py:3089} INFO - Sync 1 DAGs
[2024-08-09T20:04:28.655+0200] {logging_mixin.py:188} INFO - [2024-08-09T20:04:28.655+0200] {dag.py:3947} INFO - Setting next_dagrun for example_short_circuit_decorator to 2024-08-08 00:00:00+00:00, run_after=2024-08-09 00:00:00+00:00
[2024-08-09T20:04:28.745+0200] {processor.py:183} INFO - Processing /home/bvpelt/Develop/airflowtut/py_env/lib/python3.10/site-packages/airflow/example_dags/example_short_circuit_decorator.py took 0.157 seconds
[2024-08-09T20:05:19.977+0200] {processor.py:161} INFO - Started process (PID=21353) to work on /home/bvpelt/Develop/airflowtut/py_env/lib/python3.10/site-packages/airflow/example_dags/example_short_circuit_decorator.py
[2024-08-09T20:05:19.991+0200] {processor.py:830} INFO - Processing file /home/bvpelt/Develop/airflowtut/py_env/lib/python3.10/site-packages/airflow/example_dags/example_short_circuit_decorator.py for tasks to queue
[2024-08-09T20:05:19.992+0200] {logging_mixin.py:188} INFO - [2024-08-09T20:05:19.992+0200] {dagbag.py:545} INFO - Filling up the DagBag from /home/bvpelt/Develop/airflowtut/py_env/lib/python3.10/site-packages/airflow/example_dags/example_short_circuit_decorator.py
[2024-08-09T20:05:19.997+0200] {processor.py:840} INFO - DAG(s) 'example_short_circuit_decorator' retrieved from /home/bvpelt/Develop/airflowtut/py_env/lib/python3.10/site-packages/airflow/example_dags/example_short_circuit_decorator.py
[2024-08-09T20:05:20.008+0200] {logging_mixin.py:188} INFO - [2024-08-09T20:05:20.008+0200] {dag.py:3089} INFO - Sync 1 DAGs
[2024-08-09T20:05:20.020+0200] {logging_mixin.py:188} INFO - [2024-08-09T20:05:20.020+0200] {dag.py:3947} INFO - Setting next_dagrun for example_short_circuit_decorator to 2024-08-08 00:00:00+00:00, run_after=2024-08-09 00:00:00+00:00
[2024-08-09T20:05:20.115+0200] {processor.py:183} INFO - Processing /home/bvpelt/Develop/airflowtut/py_env/lib/python3.10/site-packages/airflow/example_dags/example_short_circuit_decorator.py took 0.141 seconds
[2024-08-09T20:06:18.225+0200] {processor.py:161} INFO - Started process (PID=21409) to work on /home/bvpelt/Develop/airflowtut/py_env/lib/python3.10/site-packages/airflow/example_dags/example_short_circuit_decorator.py
[2024-08-09T20:06:18.234+0200] {processor.py:830} INFO - Processing file /home/bvpelt/Develop/airflowtut/py_env/lib/python3.10/site-packages/airflow/example_dags/example_short_circuit_decorator.py for tasks to queue
[2024-08-09T20:06:18.235+0200] {logging_mixin.py:188} INFO - [2024-08-09T20:06:18.234+0200] {dagbag.py:545} INFO - Filling up the DagBag from /home/bvpelt/Develop/airflowtut/py_env/lib/python3.10/site-packages/airflow/example_dags/example_short_circuit_decorator.py
[2024-08-09T20:06:18.240+0200] {processor.py:840} INFO - DAG(s) 'example_short_circuit_decorator' retrieved from /home/bvpelt/Develop/airflowtut/py_env/lib/python3.10/site-packages/airflow/example_dags/example_short_circuit_decorator.py
[2024-08-09T20:06:18.250+0200] {logging_mixin.py:188} INFO - [2024-08-09T20:06:18.250+0200] {dag.py:3089} INFO - Sync 1 DAGs
[2024-08-09T20:06:18.261+0200] {logging_mixin.py:188} INFO - [2024-08-09T20:06:18.260+0200] {dag.py:3947} INFO - Setting next_dagrun for example_short_circuit_decorator to 2024-08-08 00:00:00+00:00, run_after=2024-08-09 00:00:00+00:00
[2024-08-09T20:06:18.336+0200] {processor.py:183} INFO - Processing /home/bvpelt/Develop/airflowtut/py_env/lib/python3.10/site-packages/airflow/example_dags/example_short_circuit_decorator.py took 0.114 seconds
[2024-08-09T20:07:11.483+0200] {processor.py:161} INFO - Started process (PID=21497) to work on /home/bvpelt/Develop/airflowtut/py_env/lib/python3.10/site-packages/airflow/example_dags/example_short_circuit_decorator.py
[2024-08-09T20:07:11.498+0200] {processor.py:830} INFO - Processing file /home/bvpelt/Develop/airflowtut/py_env/lib/python3.10/site-packages/airflow/example_dags/example_short_circuit_decorator.py for tasks to queue
[2024-08-09T20:07:11.499+0200] {logging_mixin.py:188} INFO - [2024-08-09T20:07:11.498+0200] {dagbag.py:545} INFO - Filling up the DagBag from /home/bvpelt/Develop/airflowtut/py_env/lib/python3.10/site-packages/airflow/example_dags/example_short_circuit_decorator.py
[2024-08-09T20:07:11.505+0200] {processor.py:840} INFO - DAG(s) 'example_short_circuit_decorator' retrieved from /home/bvpelt/Develop/airflowtut/py_env/lib/python3.10/site-packages/airflow/example_dags/example_short_circuit_decorator.py
[2024-08-09T20:07:11.519+0200] {logging_mixin.py:188} INFO - [2024-08-09T20:07:11.519+0200] {dag.py:3089} INFO - Sync 1 DAGs
[2024-08-09T20:07:11.533+0200] {logging_mixin.py:188} INFO - [2024-08-09T20:07:11.533+0200] {dag.py:3947} INFO - Setting next_dagrun for example_short_circuit_decorator to 2024-08-08 00:00:00+00:00, run_after=2024-08-09 00:00:00+00:00
[2024-08-09T20:07:11.625+0200] {processor.py:183} INFO - Processing /home/bvpelt/Develop/airflowtut/py_env/lib/python3.10/site-packages/airflow/example_dags/example_short_circuit_decorator.py took 0.145 seconds
[2024-08-09T20:08:03.619+0200] {processor.py:161} INFO - Started process (PID=21653) to work on /home/bvpelt/Develop/airflowtut/py_env/lib/python3.10/site-packages/airflow/example_dags/example_short_circuit_decorator.py
[2024-08-09T20:08:03.619+0200] {processor.py:830} INFO - Processing file /home/bvpelt/Develop/airflowtut/py_env/lib/python3.10/site-packages/airflow/example_dags/example_short_circuit_decorator.py for tasks to queue
[2024-08-09T20:08:03.620+0200] {logging_mixin.py:188} INFO - [2024-08-09T20:08:03.620+0200] {dagbag.py:545} INFO - Filling up the DagBag from /home/bvpelt/Develop/airflowtut/py_env/lib/python3.10/site-packages/airflow/example_dags/example_short_circuit_decorator.py
[2024-08-09T20:08:03.625+0200] {processor.py:840} INFO - DAG(s) 'example_short_circuit_decorator' retrieved from /home/bvpelt/Develop/airflowtut/py_env/lib/python3.10/site-packages/airflow/example_dags/example_short_circuit_decorator.py
[2024-08-09T20:08:03.635+0200] {logging_mixin.py:188} INFO - [2024-08-09T20:08:03.635+0200] {dag.py:3089} INFO - Sync 1 DAGs
[2024-08-09T20:08:03.645+0200] {logging_mixin.py:188} INFO - [2024-08-09T20:08:03.645+0200] {dag.py:3947} INFO - Setting next_dagrun for example_short_circuit_decorator to 2024-08-08 00:00:00+00:00, run_after=2024-08-09 00:00:00+00:00
[2024-08-09T20:08:03.722+0200] {processor.py:183} INFO - Processing /home/bvpelt/Develop/airflowtut/py_env/lib/python3.10/site-packages/airflow/example_dags/example_short_circuit_decorator.py took 0.106 seconds
[2024-08-09T20:08:54.321+0200] {processor.py:161} INFO - Started process (PID=21714) to work on /home/bvpelt/Develop/airflowtut/py_env/lib/python3.10/site-packages/airflow/example_dags/example_short_circuit_decorator.py
[2024-08-09T20:08:54.337+0200] {processor.py:830} INFO - Processing file /home/bvpelt/Develop/airflowtut/py_env/lib/python3.10/site-packages/airflow/example_dags/example_short_circuit_decorator.py for tasks to queue
[2024-08-09T20:08:54.338+0200] {logging_mixin.py:188} INFO - [2024-08-09T20:08:54.338+0200] {dagbag.py:545} INFO - Filling up the DagBag from /home/bvpelt/Develop/airflowtut/py_env/lib/python3.10/site-packages/airflow/example_dags/example_short_circuit_decorator.py
[2024-08-09T20:08:54.344+0200] {processor.py:840} INFO - DAG(s) 'example_short_circuit_decorator' retrieved from /home/bvpelt/Develop/airflowtut/py_env/lib/python3.10/site-packages/airflow/example_dags/example_short_circuit_decorator.py
[2024-08-09T20:08:54.354+0200] {logging_mixin.py:188} INFO - [2024-08-09T20:08:54.354+0200] {dag.py:3089} INFO - Sync 1 DAGs
[2024-08-09T20:08:54.364+0200] {logging_mixin.py:188} INFO - [2024-08-09T20:08:54.364+0200] {dag.py:3947} INFO - Setting next_dagrun for example_short_circuit_decorator to 2024-08-08 00:00:00+00:00, run_after=2024-08-09 00:00:00+00:00
[2024-08-09T20:08:54.446+0200] {processor.py:183} INFO - Processing /home/bvpelt/Develop/airflowtut/py_env/lib/python3.10/site-packages/airflow/example_dags/example_short_circuit_decorator.py took 0.128 seconds
[2024-08-09T20:09:46.495+0200] {processor.py:161} INFO - Started process (PID=21767) to work on /home/bvpelt/Develop/airflowtut/py_env/lib/python3.10/site-packages/airflow/example_dags/example_short_circuit_decorator.py
[2024-08-09T20:09:46.495+0200] {processor.py:830} INFO - Processing file /home/bvpelt/Develop/airflowtut/py_env/lib/python3.10/site-packages/airflow/example_dags/example_short_circuit_decorator.py for tasks to queue
[2024-08-09T20:09:46.496+0200] {logging_mixin.py:188} INFO - [2024-08-09T20:09:46.496+0200] {dagbag.py:545} INFO - Filling up the DagBag from /home/bvpelt/Develop/airflowtut/py_env/lib/python3.10/site-packages/airflow/example_dags/example_short_circuit_decorator.py
[2024-08-09T20:09:46.501+0200] {processor.py:840} INFO - DAG(s) 'example_short_circuit_decorator' retrieved from /home/bvpelt/Develop/airflowtut/py_env/lib/python3.10/site-packages/airflow/example_dags/example_short_circuit_decorator.py
[2024-08-09T20:09:46.512+0200] {logging_mixin.py:188} INFO - [2024-08-09T20:09:46.511+0200] {dag.py:3089} INFO - Sync 1 DAGs
[2024-08-09T20:09:46.522+0200] {logging_mixin.py:188} INFO - [2024-08-09T20:09:46.522+0200] {dag.py:3947} INFO - Setting next_dagrun for example_short_circuit_decorator to 2024-08-08 00:00:00+00:00, run_after=2024-08-09 00:00:00+00:00
[2024-08-09T20:09:46.613+0200] {processor.py:183} INFO - Processing /home/bvpelt/Develop/airflowtut/py_env/lib/python3.10/site-packages/airflow/example_dags/example_short_circuit_decorator.py took 0.122 seconds
[2024-08-09T20:10:35.664+0200] {processor.py:161} INFO - Started process (PID=21838) to work on /home/bvpelt/Develop/airflowtut/py_env/lib/python3.10/site-packages/airflow/example_dags/example_short_circuit_decorator.py
[2024-08-09T20:10:35.664+0200] {processor.py:830} INFO - Processing file /home/bvpelt/Develop/airflowtut/py_env/lib/python3.10/site-packages/airflow/example_dags/example_short_circuit_decorator.py for tasks to queue
[2024-08-09T20:10:35.665+0200] {logging_mixin.py:188} INFO - [2024-08-09T20:10:35.665+0200] {dagbag.py:545} INFO - Filling up the DagBag from /home/bvpelt/Develop/airflowtut/py_env/lib/python3.10/site-packages/airflow/example_dags/example_short_circuit_decorator.py
[2024-08-09T20:10:35.670+0200] {processor.py:840} INFO - DAG(s) 'example_short_circuit_decorator' retrieved from /home/bvpelt/Develop/airflowtut/py_env/lib/python3.10/site-packages/airflow/example_dags/example_short_circuit_decorator.py
[2024-08-09T20:10:35.681+0200] {logging_mixin.py:188} INFO - [2024-08-09T20:10:35.681+0200] {dag.py:3089} INFO - Sync 1 DAGs
[2024-08-09T20:10:35.693+0200] {logging_mixin.py:188} INFO - [2024-08-09T20:10:35.692+0200] {dag.py:3947} INFO - Setting next_dagrun for example_short_circuit_decorator to 2024-08-08 00:00:00+00:00, run_after=2024-08-09 00:00:00+00:00
[2024-08-09T20:10:35.762+0200] {processor.py:183} INFO - Processing /home/bvpelt/Develop/airflowtut/py_env/lib/python3.10/site-packages/airflow/example_dags/example_short_circuit_decorator.py took 0.102 seconds
[2024-08-09T20:11:26.667+0200] {processor.py:161} INFO - Started process (PID=21895) to work on /home/bvpelt/Develop/airflowtut/py_env/lib/python3.10/site-packages/airflow/example_dags/example_short_circuit_decorator.py
[2024-08-09T20:11:26.682+0200] {processor.py:830} INFO - Processing file /home/bvpelt/Develop/airflowtut/py_env/lib/python3.10/site-packages/airflow/example_dags/example_short_circuit_decorator.py for tasks to queue
[2024-08-09T20:11:26.686+0200] {logging_mixin.py:188} INFO - [2024-08-09T20:11:26.685+0200] {dagbag.py:545} INFO - Filling up the DagBag from /home/bvpelt/Develop/airflowtut/py_env/lib/python3.10/site-packages/airflow/example_dags/example_short_circuit_decorator.py
[2024-08-09T20:11:26.711+0200] {processor.py:840} INFO - DAG(s) 'example_short_circuit_decorator' retrieved from /home/bvpelt/Develop/airflowtut/py_env/lib/python3.10/site-packages/airflow/example_dags/example_short_circuit_decorator.py
[2024-08-09T20:11:26.735+0200] {logging_mixin.py:188} INFO - [2024-08-09T20:11:26.735+0200] {dag.py:3089} INFO - Sync 1 DAGs
[2024-08-09T20:11:26.750+0200] {logging_mixin.py:188} INFO - [2024-08-09T20:11:26.750+0200] {dag.py:3947} INFO - Setting next_dagrun for example_short_circuit_decorator to 2024-08-08 00:00:00+00:00, run_after=2024-08-09 00:00:00+00:00
[2024-08-09T20:11:26.828+0200] {processor.py:183} INFO - Processing /home/bvpelt/Develop/airflowtut/py_env/lib/python3.10/site-packages/airflow/example_dags/example_short_circuit_decorator.py took 0.164 seconds
[2024-08-09T20:12:15.540+0200] {processor.py:161} INFO - Started process (PID=21977) to work on /home/bvpelt/Develop/airflowtut/py_env/lib/python3.10/site-packages/airflow/example_dags/example_short_circuit_decorator.py
[2024-08-09T20:12:15.541+0200] {processor.py:830} INFO - Processing file /home/bvpelt/Develop/airflowtut/py_env/lib/python3.10/site-packages/airflow/example_dags/example_short_circuit_decorator.py for tasks to queue
[2024-08-09T20:12:15.542+0200] {logging_mixin.py:188} INFO - [2024-08-09T20:12:15.541+0200] {dagbag.py:545} INFO - Filling up the DagBag from /home/bvpelt/Develop/airflowtut/py_env/lib/python3.10/site-packages/airflow/example_dags/example_short_circuit_decorator.py
[2024-08-09T20:12:15.546+0200] {processor.py:840} INFO - DAG(s) 'example_short_circuit_decorator' retrieved from /home/bvpelt/Develop/airflowtut/py_env/lib/python3.10/site-packages/airflow/example_dags/example_short_circuit_decorator.py
[2024-08-09T20:12:15.557+0200] {logging_mixin.py:188} INFO - [2024-08-09T20:12:15.556+0200] {dag.py:3089} INFO - Sync 1 DAGs
[2024-08-09T20:12:15.567+0200] {logging_mixin.py:188} INFO - [2024-08-09T20:12:15.567+0200] {dag.py:3947} INFO - Setting next_dagrun for example_short_circuit_decorator to 2024-08-08 00:00:00+00:00, run_after=2024-08-09 00:00:00+00:00
[2024-08-09T20:12:15.655+0200] {processor.py:183} INFO - Processing /home/bvpelt/Develop/airflowtut/py_env/lib/python3.10/site-packages/airflow/example_dags/example_short_circuit_decorator.py took 0.118 seconds
[2024-08-09T20:13:06.404+0200] {processor.py:161} INFO - Started process (PID=22088) to work on /home/bvpelt/Develop/airflowtut/py_env/lib/python3.10/site-packages/airflow/example_dags/example_short_circuit_decorator.py
[2024-08-09T20:13:06.413+0200] {processor.py:830} INFO - Processing file /home/bvpelt/Develop/airflowtut/py_env/lib/python3.10/site-packages/airflow/example_dags/example_short_circuit_decorator.py for tasks to queue
[2024-08-09T20:13:06.414+0200] {logging_mixin.py:188} INFO - [2024-08-09T20:13:06.414+0200] {dagbag.py:545} INFO - Filling up the DagBag from /home/bvpelt/Develop/airflowtut/py_env/lib/python3.10/site-packages/airflow/example_dags/example_short_circuit_decorator.py
[2024-08-09T20:13:06.419+0200] {processor.py:840} INFO - DAG(s) 'example_short_circuit_decorator' retrieved from /home/bvpelt/Develop/airflowtut/py_env/lib/python3.10/site-packages/airflow/example_dags/example_short_circuit_decorator.py
[2024-08-09T20:13:06.432+0200] {logging_mixin.py:188} INFO - [2024-08-09T20:13:06.432+0200] {dag.py:3089} INFO - Sync 1 DAGs
[2024-08-09T20:13:06.443+0200] {logging_mixin.py:188} INFO - [2024-08-09T20:13:06.443+0200] {dag.py:3947} INFO - Setting next_dagrun for example_short_circuit_decorator to 2024-08-08 00:00:00+00:00, run_after=2024-08-09 00:00:00+00:00
[2024-08-09T20:13:06.519+0200] {processor.py:183} INFO - Processing /home/bvpelt/Develop/airflowtut/py_env/lib/python3.10/site-packages/airflow/example_dags/example_short_circuit_decorator.py took 0.118 seconds
[2024-08-09T20:14:04.567+0200] {processor.py:161} INFO - Started process (PID=22158) to work on /home/bvpelt/Develop/airflowtut/py_env/lib/python3.10/site-packages/airflow/example_dags/example_short_circuit_decorator.py
[2024-08-09T20:14:04.567+0200] {processor.py:830} INFO - Processing file /home/bvpelt/Develop/airflowtut/py_env/lib/python3.10/site-packages/airflow/example_dags/example_short_circuit_decorator.py for tasks to queue
[2024-08-09T20:14:04.568+0200] {logging_mixin.py:188} INFO - [2024-08-09T20:14:04.568+0200] {dagbag.py:545} INFO - Filling up the DagBag from /home/bvpelt/Develop/airflowtut/py_env/lib/python3.10/site-packages/airflow/example_dags/example_short_circuit_decorator.py
[2024-08-09T20:14:04.573+0200] {processor.py:840} INFO - DAG(s) 'example_short_circuit_decorator' retrieved from /home/bvpelt/Develop/airflowtut/py_env/lib/python3.10/site-packages/airflow/example_dags/example_short_circuit_decorator.py
[2024-08-09T20:14:04.584+0200] {logging_mixin.py:188} INFO - [2024-08-09T20:14:04.583+0200] {dag.py:3089} INFO - Sync 1 DAGs
[2024-08-09T20:14:04.594+0200] {logging_mixin.py:188} INFO - [2024-08-09T20:14:04.594+0200] {dag.py:3947} INFO - Setting next_dagrun for example_short_circuit_decorator to 2024-08-08 00:00:00+00:00, run_after=2024-08-09 00:00:00+00:00
[2024-08-09T20:14:04.689+0200] {processor.py:183} INFO - Processing /home/bvpelt/Develop/airflowtut/py_env/lib/python3.10/site-packages/airflow/example_dags/example_short_circuit_decorator.py took 0.125 seconds
[2024-08-09T20:14:50.710+0200] {processor.py:161} INFO - Started process (PID=22220) to work on /home/bvpelt/Develop/airflowtut/py_env/lib/python3.10/site-packages/airflow/example_dags/example_short_circuit_decorator.py
[2024-08-09T20:14:50.725+0200] {processor.py:830} INFO - Processing file /home/bvpelt/Develop/airflowtut/py_env/lib/python3.10/site-packages/airflow/example_dags/example_short_circuit_decorator.py for tasks to queue
[2024-08-09T20:14:50.726+0200] {logging_mixin.py:188} INFO - [2024-08-09T20:14:50.726+0200] {dagbag.py:545} INFO - Filling up the DagBag from /home/bvpelt/Develop/airflowtut/py_env/lib/python3.10/site-packages/airflow/example_dags/example_short_circuit_decorator.py
[2024-08-09T20:14:50.732+0200] {processor.py:840} INFO - DAG(s) 'example_short_circuit_decorator' retrieved from /home/bvpelt/Develop/airflowtut/py_env/lib/python3.10/site-packages/airflow/example_dags/example_short_circuit_decorator.py
[2024-08-09T20:14:50.743+0200] {logging_mixin.py:188} INFO - [2024-08-09T20:14:50.742+0200] {dag.py:3089} INFO - Sync 1 DAGs
[2024-08-09T20:14:50.754+0200] {logging_mixin.py:188} INFO - [2024-08-09T20:14:50.753+0200] {dag.py:3947} INFO - Setting next_dagrun for example_short_circuit_decorator to 2024-08-08 00:00:00+00:00, run_after=2024-08-09 00:00:00+00:00
[2024-08-09T20:14:50.816+0200] {processor.py:183} INFO - Processing /home/bvpelt/Develop/airflowtut/py_env/lib/python3.10/site-packages/airflow/example_dags/example_short_circuit_decorator.py took 0.109 seconds
[2024-08-09T20:15:40.537+0200] {processor.py:161} INFO - Started process (PID=22303) to work on /home/bvpelt/Develop/airflowtut/py_env/lib/python3.10/site-packages/airflow/example_dags/example_short_circuit_decorator.py
[2024-08-09T20:15:40.538+0200] {processor.py:830} INFO - Processing file /home/bvpelt/Develop/airflowtut/py_env/lib/python3.10/site-packages/airflow/example_dags/example_short_circuit_decorator.py for tasks to queue
[2024-08-09T20:15:40.539+0200] {logging_mixin.py:188} INFO - [2024-08-09T20:15:40.538+0200] {dagbag.py:545} INFO - Filling up the DagBag from /home/bvpelt/Develop/airflowtut/py_env/lib/python3.10/site-packages/airflow/example_dags/example_short_circuit_decorator.py
[2024-08-09T20:15:40.544+0200] {processor.py:840} INFO - DAG(s) 'example_short_circuit_decorator' retrieved from /home/bvpelt/Develop/airflowtut/py_env/lib/python3.10/site-packages/airflow/example_dags/example_short_circuit_decorator.py
[2024-08-09T20:15:40.554+0200] {logging_mixin.py:188} INFO - [2024-08-09T20:15:40.554+0200] {dag.py:3089} INFO - Sync 1 DAGs
[2024-08-09T20:15:40.565+0200] {logging_mixin.py:188} INFO - [2024-08-09T20:15:40.564+0200] {dag.py:3947} INFO - Setting next_dagrun for example_short_circuit_decorator to 2024-08-08 00:00:00+00:00, run_after=2024-08-09 00:00:00+00:00
[2024-08-09T20:15:40.644+0200] {processor.py:183} INFO - Processing /home/bvpelt/Develop/airflowtut/py_env/lib/python3.10/site-packages/airflow/example_dags/example_short_circuit_decorator.py took 0.110 seconds
[2024-08-09T20:16:26.571+0200] {processor.py:161} INFO - Started process (PID=22358) to work on /home/bvpelt/Develop/airflowtut/py_env/lib/python3.10/site-packages/airflow/example_dags/example_short_circuit_decorator.py
[2024-08-09T20:16:26.572+0200] {processor.py:830} INFO - Processing file /home/bvpelt/Develop/airflowtut/py_env/lib/python3.10/site-packages/airflow/example_dags/example_short_circuit_decorator.py for tasks to queue
[2024-08-09T20:16:26.573+0200] {logging_mixin.py:188} INFO - [2024-08-09T20:16:26.572+0200] {dagbag.py:545} INFO - Filling up the DagBag from /home/bvpelt/Develop/airflowtut/py_env/lib/python3.10/site-packages/airflow/example_dags/example_short_circuit_decorator.py
[2024-08-09T20:16:26.578+0200] {processor.py:840} INFO - DAG(s) 'example_short_circuit_decorator' retrieved from /home/bvpelt/Develop/airflowtut/py_env/lib/python3.10/site-packages/airflow/example_dags/example_short_circuit_decorator.py
[2024-08-09T20:16:26.588+0200] {logging_mixin.py:188} INFO - [2024-08-09T20:16:26.588+0200] {dag.py:3089} INFO - Sync 1 DAGs
[2024-08-09T20:16:26.599+0200] {logging_mixin.py:188} INFO - [2024-08-09T20:16:26.599+0200] {dag.py:3947} INFO - Setting next_dagrun for example_short_circuit_decorator to 2024-08-08 00:00:00+00:00, run_after=2024-08-09 00:00:00+00:00
[2024-08-09T20:16:26.671+0200] {processor.py:183} INFO - Processing /home/bvpelt/Develop/airflowtut/py_env/lib/python3.10/site-packages/airflow/example_dags/example_short_circuit_decorator.py took 0.103 seconds
