[2024-08-09T19:42:23.743+0200] {processor.py:161} INFO - Started process (PID=17569) to work on /home/bvpelt/Develop/airflowtut/py_env/lib/python3.10/site-packages/airflow/example_dags/example_python_decorator.py
[2024-08-09T19:42:23.744+0200] {processor.py:830} INFO - Processing file /home/bvpelt/Develop/airflowtut/py_env/lib/python3.10/site-packages/airflow/example_dags/example_python_decorator.py for tasks to queue
[2024-08-09T19:42:23.745+0200] {logging_mixin.py:188} INFO - [2024-08-09T19:42:23.745+0200] {dagbag.py:545} INFO - Filling up the DagBag from /home/bvpelt/Develop/airflowtut/py_env/lib/python3.10/site-packages/airflow/example_dags/example_python_decorator.py
[2024-08-09T19:42:23.750+0200] {logging_mixin.py:188} INFO - [2024-08-09T19:42:23.750+0200] {example_python_decorator.py:80} WARNING - The virtalenv_python example task requires virtualenv, please install it.
[2024-08-09T19:42:23.751+0200] {processor.py:840} INFO - DAG(s) 'example_python_decorator' retrieved from /home/bvpelt/Develop/airflowtut/py_env/lib/python3.10/site-packages/airflow/example_dags/example_python_decorator.py
[2024-08-09T19:42:24.015+0200] {logging_mixin.py:188} INFO - [2024-08-09T19:42:24.015+0200] {override.py:1858} INFO - Created Permission View: can edit on DAG:example_python_decorator
[2024-08-09T19:42:24.086+0200] {logging_mixin.py:188} INFO - [2024-08-09T19:42:24.085+0200] {override.py:1858} INFO - Created Permission View: can read on DAG:example_python_decorator
[2024-08-09T19:42:24.158+0200] {logging_mixin.py:188} INFO - [2024-08-09T19:42:24.157+0200] {override.py:1858} INFO - Created Permission View: can delete on DAG:example_python_decorator
[2024-08-09T19:42:24.159+0200] {logging_mixin.py:188} INFO - [2024-08-09T19:42:24.159+0200] {dag.py:3089} INFO - Sync 1 DAGs
[2024-08-09T19:42:24.190+0200] {logging_mixin.py:188} INFO - [2024-08-09T19:42:24.189+0200] {dag.py:3111} INFO - Creating ORM DAG for example_python_decorator
[2024-08-09T19:42:24.191+0200] {logging_mixin.py:188} INFO - [2024-08-09T19:42:24.191+0200] {dag.py:3947} INFO - Setting next_dagrun for example_python_decorator to None, run_after=None
[2024-08-09T19:42:24.321+0200] {processor.py:183} INFO - Processing /home/bvpelt/Develop/airflowtut/py_env/lib/python3.10/site-packages/airflow/example_dags/example_python_decorator.py took 0.581 seconds
[2024-08-09T19:43:46.661+0200] {processor.py:161} INFO - Started process (PID=17871) to work on /home/bvpelt/Develop/airflowtut/py_env/lib/python3.10/site-packages/airflow/example_dags/example_python_decorator.py
[2024-08-09T19:43:46.695+0200] {processor.py:830} INFO - Processing file /home/bvpelt/Develop/airflowtut/py_env/lib/python3.10/site-packages/airflow/example_dags/example_python_decorator.py for tasks to queue
[2024-08-09T19:43:46.697+0200] {logging_mixin.py:188} INFO - [2024-08-09T19:43:46.697+0200] {dagbag.py:545} INFO - Filling up the DagBag from /home/bvpelt/Develop/airflowtut/py_env/lib/python3.10/site-packages/airflow/example_dags/example_python_decorator.py
[2024-08-09T19:43:46.704+0200] {logging_mixin.py:188} INFO - [2024-08-09T19:43:46.704+0200] {example_python_decorator.py:80} WARNING - The virtalenv_python example task requires virtualenv, please install it.
[2024-08-09T19:43:46.704+0200] {processor.py:840} INFO - DAG(s) 'example_python_decorator' retrieved from /home/bvpelt/Develop/airflowtut/py_env/lib/python3.10/site-packages/airflow/example_dags/example_python_decorator.py
[2024-08-09T19:43:46.714+0200] {logging_mixin.py:188} INFO - [2024-08-09T19:43:46.714+0200] {dag.py:3089} INFO - Sync 1 DAGs
[2024-08-09T19:43:46.721+0200] {logging_mixin.py:188} INFO - [2024-08-09T19:43:46.721+0200] {dag.py:3947} INFO - Setting next_dagrun for example_python_decorator to None, run_after=None
[2024-08-09T19:43:46.990+0200] {processor.py:183} INFO - Processing /home/bvpelt/Develop/airflowtut/py_env/lib/python3.10/site-packages/airflow/example_dags/example_python_decorator.py took 0.332 seconds
[2024-08-09T19:44:41.787+0200] {processor.py:161} INFO - Started process (PID=18129) to work on /home/bvpelt/Develop/airflowtut/py_env/lib/python3.10/site-packages/airflow/example_dags/example_python_decorator.py
[2024-08-09T19:44:41.802+0200] {processor.py:830} INFO - Processing file /home/bvpelt/Develop/airflowtut/py_env/lib/python3.10/site-packages/airflow/example_dags/example_python_decorator.py for tasks to queue
[2024-08-09T19:44:41.802+0200] {logging_mixin.py:188} INFO - [2024-08-09T19:44:41.802+0200] {dagbag.py:545} INFO - Filling up the DagBag from /home/bvpelt/Develop/airflowtut/py_env/lib/python3.10/site-packages/airflow/example_dags/example_python_decorator.py
[2024-08-09T19:44:41.808+0200] {logging_mixin.py:188} INFO - [2024-08-09T19:44:41.807+0200] {example_python_decorator.py:80} WARNING - The virtalenv_python example task requires virtualenv, please install it.
[2024-08-09T19:44:41.808+0200] {processor.py:840} INFO - DAG(s) 'example_python_decorator' retrieved from /home/bvpelt/Develop/airflowtut/py_env/lib/python3.10/site-packages/airflow/example_dags/example_python_decorator.py
[2024-08-09T19:44:41.818+0200] {logging_mixin.py:188} INFO - [2024-08-09T19:44:41.818+0200] {dag.py:3089} INFO - Sync 1 DAGs
[2024-08-09T19:44:41.825+0200] {logging_mixin.py:188} INFO - [2024-08-09T19:44:41.825+0200] {dag.py:3947} INFO - Setting next_dagrun for example_python_decorator to None, run_after=None
[2024-08-09T19:44:41.886+0200] {processor.py:183} INFO - Processing /home/bvpelt/Develop/airflowtut/py_env/lib/python3.10/site-packages/airflow/example_dags/example_python_decorator.py took 0.102 seconds
[2024-08-09T19:45:35.686+0200] {processor.py:161} INFO - Started process (PID=18292) to work on /home/bvpelt/Develop/airflowtut/py_env/lib/python3.10/site-packages/airflow/example_dags/example_python_decorator.py
[2024-08-09T19:45:35.699+0200] {processor.py:830} INFO - Processing file /home/bvpelt/Develop/airflowtut/py_env/lib/python3.10/site-packages/airflow/example_dags/example_python_decorator.py for tasks to queue
[2024-08-09T19:45:35.701+0200] {logging_mixin.py:188} INFO - [2024-08-09T19:45:35.701+0200] {dagbag.py:545} INFO - Filling up the DagBag from /home/bvpelt/Develop/airflowtut/py_env/lib/python3.10/site-packages/airflow/example_dags/example_python_decorator.py
[2024-08-09T19:45:35.718+0200] {logging_mixin.py:188} INFO - [2024-08-09T19:45:35.717+0200] {example_python_decorator.py:80} WARNING - The virtalenv_python example task requires virtualenv, please install it.
[2024-08-09T19:45:35.718+0200] {processor.py:840} INFO - DAG(s) 'example_python_decorator' retrieved from /home/bvpelt/Develop/airflowtut/py_env/lib/python3.10/site-packages/airflow/example_dags/example_python_decorator.py
[2024-08-09T19:45:35.737+0200] {logging_mixin.py:188} INFO - [2024-08-09T19:45:35.736+0200] {dag.py:3089} INFO - Sync 1 DAGs
[2024-08-09T19:45:35.745+0200] {logging_mixin.py:188} INFO - [2024-08-09T19:45:35.745+0200] {dag.py:3947} INFO - Setting next_dagrun for example_python_decorator to None, run_after=None
[2024-08-09T19:45:35.838+0200] {processor.py:183} INFO - Processing /home/bvpelt/Develop/airflowtut/py_env/lib/python3.10/site-packages/airflow/example_dags/example_python_decorator.py took 0.162 seconds
[2024-08-09T19:46:24.528+0200] {processor.py:161} INFO - Started process (PID=18592) to work on /home/bvpelt/Develop/airflowtut/py_env/lib/python3.10/site-packages/airflow/example_dags/example_python_decorator.py
[2024-08-09T19:46:24.528+0200] {processor.py:830} INFO - Processing file /home/bvpelt/Develop/airflowtut/py_env/lib/python3.10/site-packages/airflow/example_dags/example_python_decorator.py for tasks to queue
[2024-08-09T19:46:24.529+0200] {logging_mixin.py:188} INFO - [2024-08-09T19:46:24.529+0200] {dagbag.py:545} INFO - Filling up the DagBag from /home/bvpelt/Develop/airflowtut/py_env/lib/python3.10/site-packages/airflow/example_dags/example_python_decorator.py
[2024-08-09T19:46:24.534+0200] {logging_mixin.py:188} INFO - [2024-08-09T19:46:24.534+0200] {example_python_decorator.py:80} WARNING - The virtalenv_python example task requires virtualenv, please install it.
[2024-08-09T19:46:24.535+0200] {processor.py:840} INFO - DAG(s) 'example_python_decorator' retrieved from /home/bvpelt/Develop/airflowtut/py_env/lib/python3.10/site-packages/airflow/example_dags/example_python_decorator.py
[2024-08-09T19:46:24.544+0200] {logging_mixin.py:188} INFO - [2024-08-09T19:46:24.544+0200] {dag.py:3089} INFO - Sync 1 DAGs
[2024-08-09T19:46:24.551+0200] {logging_mixin.py:188} INFO - [2024-08-09T19:46:24.550+0200] {dag.py:3947} INFO - Setting next_dagrun for example_python_decorator to None, run_after=None
[2024-08-09T19:46:24.627+0200] {processor.py:183} INFO - Processing /home/bvpelt/Develop/airflowtut/py_env/lib/python3.10/site-packages/airflow/example_dags/example_python_decorator.py took 0.103 seconds
[2024-08-09T19:47:06.422+0200] {processor.py:161} INFO - Started process (PID=18785) to work on /home/bvpelt/Develop/airflowtut/py_env/lib/python3.10/site-packages/airflow/example_dags/example_python_decorator.py
[2024-08-09T19:47:06.431+0200] {processor.py:830} INFO - Processing file /home/bvpelt/Develop/airflowtut/py_env/lib/python3.10/site-packages/airflow/example_dags/example_python_decorator.py for tasks to queue
[2024-08-09T19:47:06.432+0200] {logging_mixin.py:188} INFO - [2024-08-09T19:47:06.431+0200] {dagbag.py:545} INFO - Filling up the DagBag from /home/bvpelt/Develop/airflowtut/py_env/lib/python3.10/site-packages/airflow/example_dags/example_python_decorator.py
[2024-08-09T19:47:06.437+0200] {logging_mixin.py:188} INFO - [2024-08-09T19:47:06.437+0200] {example_python_decorator.py:80} WARNING - The virtalenv_python example task requires virtualenv, please install it.
[2024-08-09T19:47:06.438+0200] {processor.py:840} INFO - DAG(s) 'example_python_decorator' retrieved from /home/bvpelt/Develop/airflowtut/py_env/lib/python3.10/site-packages/airflow/example_dags/example_python_decorator.py
[2024-08-09T19:47:06.447+0200] {logging_mixin.py:188} INFO - [2024-08-09T19:47:06.447+0200] {dag.py:3089} INFO - Sync 1 DAGs
[2024-08-09T19:47:06.453+0200] {logging_mixin.py:188} INFO - [2024-08-09T19:47:06.453+0200] {dag.py:3947} INFO - Setting next_dagrun for example_python_decorator to None, run_after=None
[2024-08-09T19:47:06.522+0200] {processor.py:183} INFO - Processing /home/bvpelt/Develop/airflowtut/py_env/lib/python3.10/site-packages/airflow/example_dags/example_python_decorator.py took 0.103 seconds
[2024-08-09T19:47:55.431+0200] {processor.py:161} INFO - Started process (PID=19013) to work on /home/bvpelt/Develop/airflowtut/py_env/lib/python3.10/site-packages/airflow/example_dags/example_python_decorator.py
[2024-08-09T19:47:55.496+0200] {processor.py:830} INFO - Processing file /home/bvpelt/Develop/airflowtut/py_env/lib/python3.10/site-packages/airflow/example_dags/example_python_decorator.py for tasks to queue
[2024-08-09T19:47:55.496+0200] {logging_mixin.py:188} INFO - [2024-08-09T19:47:55.496+0200] {dagbag.py:545} INFO - Filling up the DagBag from /home/bvpelt/Develop/airflowtut/py_env/lib/python3.10/site-packages/airflow/example_dags/example_python_decorator.py
[2024-08-09T19:47:55.502+0200] {logging_mixin.py:188} INFO - [2024-08-09T19:47:55.502+0200] {example_python_decorator.py:80} WARNING - The virtalenv_python example task requires virtualenv, please install it.
[2024-08-09T19:47:55.502+0200] {processor.py:840} INFO - DAG(s) 'example_python_decorator' retrieved from /home/bvpelt/Develop/airflowtut/py_env/lib/python3.10/site-packages/airflow/example_dags/example_python_decorator.py
[2024-08-09T19:47:55.512+0200] {logging_mixin.py:188} INFO - [2024-08-09T19:47:55.512+0200] {dag.py:3089} INFO - Sync 1 DAGs
[2024-08-09T19:47:55.519+0200] {logging_mixin.py:188} INFO - [2024-08-09T19:47:55.519+0200] {dag.py:3947} INFO - Setting next_dagrun for example_python_decorator to None, run_after=None
[2024-08-09T19:47:55.632+0200] {processor.py:183} INFO - Processing /home/bvpelt/Develop/airflowtut/py_env/lib/python3.10/site-packages/airflow/example_dags/example_python_decorator.py took 0.217 seconds
[2024-08-09T19:48:46.705+0200] {processor.py:161} INFO - Started process (PID=19123) to work on /home/bvpelt/Develop/airflowtut/py_env/lib/python3.10/site-packages/airflow/example_dags/example_python_decorator.py
[2024-08-09T19:48:46.769+0200] {processor.py:830} INFO - Processing file /home/bvpelt/Develop/airflowtut/py_env/lib/python3.10/site-packages/airflow/example_dags/example_python_decorator.py for tasks to queue
[2024-08-09T19:48:46.773+0200] {logging_mixin.py:188} INFO - [2024-08-09T19:48:46.772+0200] {dagbag.py:545} INFO - Filling up the DagBag from /home/bvpelt/Develop/airflowtut/py_env/lib/python3.10/site-packages/airflow/example_dags/example_python_decorator.py
[2024-08-09T19:48:46.798+0200] {logging_mixin.py:188} INFO - [2024-08-09T19:48:46.798+0200] {example_python_decorator.py:80} WARNING - The virtalenv_python example task requires virtualenv, please install it.
[2024-08-09T19:48:46.800+0200] {processor.py:840} INFO - DAG(s) 'example_python_decorator' retrieved from /home/bvpelt/Develop/airflowtut/py_env/lib/python3.10/site-packages/airflow/example_dags/example_python_decorator.py
[2024-08-09T19:48:46.822+0200] {logging_mixin.py:188} INFO - [2024-08-09T19:48:46.821+0200] {dag.py:3089} INFO - Sync 1 DAGs
[2024-08-09T19:48:46.831+0200] {logging_mixin.py:188} INFO - [2024-08-09T19:48:46.831+0200] {dag.py:3947} INFO - Setting next_dagrun for example_python_decorator to None, run_after=None
[2024-08-09T19:48:46.929+0200] {processor.py:183} INFO - Processing /home/bvpelt/Develop/airflowtut/py_env/lib/python3.10/site-packages/airflow/example_dags/example_python_decorator.py took 0.227 seconds
[2024-08-09T19:49:36.303+0200] {processor.py:161} INFO - Started process (PID=19207) to work on /home/bvpelt/Develop/airflowtut/py_env/lib/python3.10/site-packages/airflow/example_dags/example_python_decorator.py
[2024-08-09T19:49:36.304+0200] {processor.py:830} INFO - Processing file /home/bvpelt/Develop/airflowtut/py_env/lib/python3.10/site-packages/airflow/example_dags/example_python_decorator.py for tasks to queue
[2024-08-09T19:49:36.305+0200] {logging_mixin.py:188} INFO - [2024-08-09T19:49:36.305+0200] {dagbag.py:545} INFO - Filling up the DagBag from /home/bvpelt/Develop/airflowtut/py_env/lib/python3.10/site-packages/airflow/example_dags/example_python_decorator.py
[2024-08-09T19:49:36.310+0200] {logging_mixin.py:188} INFO - [2024-08-09T19:49:36.310+0200] {example_python_decorator.py:80} WARNING - The virtalenv_python example task requires virtualenv, please install it.
[2024-08-09T19:49:36.310+0200] {processor.py:840} INFO - DAG(s) 'example_python_decorator' retrieved from /home/bvpelt/Develop/airflowtut/py_env/lib/python3.10/site-packages/airflow/example_dags/example_python_decorator.py
[2024-08-09T19:49:36.320+0200] {logging_mixin.py:188} INFO - [2024-08-09T19:49:36.320+0200] {dag.py:3089} INFO - Sync 1 DAGs
[2024-08-09T19:49:36.327+0200] {logging_mixin.py:188} INFO - [2024-08-09T19:49:36.327+0200] {dag.py:3947} INFO - Setting next_dagrun for example_python_decorator to None, run_after=None
[2024-08-09T19:49:36.413+0200] {processor.py:183} INFO - Processing /home/bvpelt/Develop/airflowtut/py_env/lib/python3.10/site-packages/airflow/example_dags/example_python_decorator.py took 0.113 seconds
[2024-08-09T19:50:29.079+0200] {processor.py:161} INFO - Started process (PID=19361) to work on /home/bvpelt/Develop/airflowtut/py_env/lib/python3.10/site-packages/airflow/example_dags/example_python_decorator.py
[2024-08-09T19:50:29.085+0200] {processor.py:830} INFO - Processing file /home/bvpelt/Develop/airflowtut/py_env/lib/python3.10/site-packages/airflow/example_dags/example_python_decorator.py for tasks to queue
[2024-08-09T19:50:29.086+0200] {logging_mixin.py:188} INFO - [2024-08-09T19:50:29.086+0200] {dagbag.py:545} INFO - Filling up the DagBag from /home/bvpelt/Develop/airflowtut/py_env/lib/python3.10/site-packages/airflow/example_dags/example_python_decorator.py
[2024-08-09T19:50:29.091+0200] {logging_mixin.py:188} INFO - [2024-08-09T19:50:29.091+0200] {example_python_decorator.py:80} WARNING - The virtalenv_python example task requires virtualenv, please install it.
[2024-08-09T19:50:29.091+0200] {processor.py:840} INFO - DAG(s) 'example_python_decorator' retrieved from /home/bvpelt/Develop/airflowtut/py_env/lib/python3.10/site-packages/airflow/example_dags/example_python_decorator.py
[2024-08-09T19:50:29.100+0200] {logging_mixin.py:188} INFO - [2024-08-09T19:50:29.100+0200] {dag.py:3089} INFO - Sync 1 DAGs
[2024-08-09T19:50:29.107+0200] {logging_mixin.py:188} INFO - [2024-08-09T19:50:29.107+0200] {dag.py:3947} INFO - Setting next_dagrun for example_python_decorator to None, run_after=None
[2024-08-09T19:50:29.246+0200] {processor.py:183} INFO - Processing /home/bvpelt/Develop/airflowtut/py_env/lib/python3.10/site-packages/airflow/example_dags/example_python_decorator.py took 0.170 seconds
[2024-08-09T19:51:19.887+0200] {processor.py:161} INFO - Started process (PID=19518) to work on /home/bvpelt/Develop/airflowtut/py_env/lib/python3.10/site-packages/airflow/example_dags/example_python_decorator.py
[2024-08-09T19:51:19.966+0200] {processor.py:830} INFO - Processing file /home/bvpelt/Develop/airflowtut/py_env/lib/python3.10/site-packages/airflow/example_dags/example_python_decorator.py for tasks to queue
[2024-08-09T19:51:19.970+0200] {logging_mixin.py:188} INFO - [2024-08-09T19:51:19.969+0200] {dagbag.py:545} INFO - Filling up the DagBag from /home/bvpelt/Develop/airflowtut/py_env/lib/python3.10/site-packages/airflow/example_dags/example_python_decorator.py
[2024-08-09T19:51:19.975+0200] {logging_mixin.py:188} INFO - [2024-08-09T19:51:19.975+0200] {example_python_decorator.py:80} WARNING - The virtalenv_python example task requires virtualenv, please install it.
[2024-08-09T19:51:19.975+0200] {processor.py:840} INFO - DAG(s) 'example_python_decorator' retrieved from /home/bvpelt/Develop/airflowtut/py_env/lib/python3.10/site-packages/airflow/example_dags/example_python_decorator.py
[2024-08-09T19:51:19.984+0200] {logging_mixin.py:188} INFO - [2024-08-09T19:51:19.984+0200] {dag.py:3089} INFO - Sync 1 DAGs
[2024-08-09T19:51:19.991+0200] {logging_mixin.py:188} INFO - [2024-08-09T19:51:19.991+0200] {dag.py:3947} INFO - Setting next_dagrun for example_python_decorator to None, run_after=None
[2024-08-09T19:51:20.079+0200] {processor.py:183} INFO - Processing /home/bvpelt/Develop/airflowtut/py_env/lib/python3.10/site-packages/airflow/example_dags/example_python_decorator.py took 0.195 seconds
[2024-08-09T19:52:29.507+0200] {processor.py:161} INFO - Started process (PID=19988) to work on /home/bvpelt/Develop/airflowtut/py_env/lib/python3.10/site-packages/airflow/example_dags/example_python_decorator.py
[2024-08-09T19:52:29.526+0200] {processor.py:830} INFO - Processing file /home/bvpelt/Develop/airflowtut/py_env/lib/python3.10/site-packages/airflow/example_dags/example_python_decorator.py for tasks to queue
[2024-08-09T19:52:29.527+0200] {logging_mixin.py:188} INFO - [2024-08-09T19:52:29.527+0200] {dagbag.py:545} INFO - Filling up the DagBag from /home/bvpelt/Develop/airflowtut/py_env/lib/python3.10/site-packages/airflow/example_dags/example_python_decorator.py
[2024-08-09T19:52:29.533+0200] {logging_mixin.py:188} INFO - [2024-08-09T19:52:29.533+0200] {example_python_decorator.py:80} WARNING - The virtalenv_python example task requires virtualenv, please install it.
[2024-08-09T19:52:29.533+0200] {processor.py:840} INFO - DAG(s) 'example_python_decorator' retrieved from /home/bvpelt/Develop/airflowtut/py_env/lib/python3.10/site-packages/airflow/example_dags/example_python_decorator.py
[2024-08-09T19:52:29.542+0200] {logging_mixin.py:188} INFO - [2024-08-09T19:52:29.542+0200] {dag.py:3089} INFO - Sync 1 DAGs
[2024-08-09T19:52:29.548+0200] {logging_mixin.py:188} INFO - [2024-08-09T19:52:29.548+0200] {dag.py:3947} INFO - Setting next_dagrun for example_python_decorator to None, run_after=None
[2024-08-09T19:52:29.625+0200] {processor.py:183} INFO - Processing /home/bvpelt/Develop/airflowtut/py_env/lib/python3.10/site-packages/airflow/example_dags/example_python_decorator.py took 0.121 seconds
[2024-08-09T19:53:14.952+0200] {processor.py:161} INFO - Started process (PID=20084) to work on /home/bvpelt/Develop/airflowtut/py_env/lib/python3.10/site-packages/airflow/example_dags/example_python_decorator.py
[2024-08-09T19:53:14.972+0200] {processor.py:830} INFO - Processing file /home/bvpelt/Develop/airflowtut/py_env/lib/python3.10/site-packages/airflow/example_dags/example_python_decorator.py for tasks to queue
[2024-08-09T19:53:14.973+0200] {logging_mixin.py:188} INFO - [2024-08-09T19:53:14.972+0200] {dagbag.py:545} INFO - Filling up the DagBag from /home/bvpelt/Develop/airflowtut/py_env/lib/python3.10/site-packages/airflow/example_dags/example_python_decorator.py
[2024-08-09T19:53:14.979+0200] {logging_mixin.py:188} INFO - [2024-08-09T19:53:14.979+0200] {example_python_decorator.py:80} WARNING - The virtalenv_python example task requires virtualenv, please install it.
[2024-08-09T19:53:14.979+0200] {processor.py:840} INFO - DAG(s) 'example_python_decorator' retrieved from /home/bvpelt/Develop/airflowtut/py_env/lib/python3.10/site-packages/airflow/example_dags/example_python_decorator.py
[2024-08-09T19:53:14.988+0200] {logging_mixin.py:188} INFO - [2024-08-09T19:53:14.988+0200] {dag.py:3089} INFO - Sync 1 DAGs
[2024-08-09T19:53:14.995+0200] {logging_mixin.py:188} INFO - [2024-08-09T19:53:14.994+0200] {dag.py:3947} INFO - Setting next_dagrun for example_python_decorator to None, run_after=None
[2024-08-09T19:53:15.061+0200] {processor.py:183} INFO - Processing /home/bvpelt/Develop/airflowtut/py_env/lib/python3.10/site-packages/airflow/example_dags/example_python_decorator.py took 0.113 seconds
[2024-08-09T19:54:08.535+0200] {processor.py:161} INFO - Started process (PID=20145) to work on /home/bvpelt/Develop/airflowtut/py_env/lib/python3.10/site-packages/airflow/example_dags/example_python_decorator.py
[2024-08-09T19:54:08.536+0200] {processor.py:830} INFO - Processing file /home/bvpelt/Develop/airflowtut/py_env/lib/python3.10/site-packages/airflow/example_dags/example_python_decorator.py for tasks to queue
[2024-08-09T19:54:08.537+0200] {logging_mixin.py:188} INFO - [2024-08-09T19:54:08.537+0200] {dagbag.py:545} INFO - Filling up the DagBag from /home/bvpelt/Develop/airflowtut/py_env/lib/python3.10/site-packages/airflow/example_dags/example_python_decorator.py
[2024-08-09T19:54:08.542+0200] {logging_mixin.py:188} INFO - [2024-08-09T19:54:08.542+0200] {example_python_decorator.py:80} WARNING - The virtalenv_python example task requires virtualenv, please install it.
[2024-08-09T19:54:08.542+0200] {processor.py:840} INFO - DAG(s) 'example_python_decorator' retrieved from /home/bvpelt/Develop/airflowtut/py_env/lib/python3.10/site-packages/airflow/example_dags/example_python_decorator.py
[2024-08-09T19:54:08.551+0200] {logging_mixin.py:188} INFO - [2024-08-09T19:54:08.551+0200] {dag.py:3089} INFO - Sync 1 DAGs
[2024-08-09T19:54:08.558+0200] {logging_mixin.py:188} INFO - [2024-08-09T19:54:08.558+0200] {dag.py:3947} INFO - Setting next_dagrun for example_python_decorator to None, run_after=None
[2024-08-09T19:54:08.665+0200] {processor.py:183} INFO - Processing /home/bvpelt/Develop/airflowtut/py_env/lib/python3.10/site-packages/airflow/example_dags/example_python_decorator.py took 0.134 seconds
[2024-08-09T19:55:01.578+0200] {processor.py:161} INFO - Started process (PID=20220) to work on /home/bvpelt/Develop/airflowtut/py_env/lib/python3.10/site-packages/airflow/example_dags/example_python_decorator.py
[2024-08-09T19:55:01.606+0200] {processor.py:830} INFO - Processing file /home/bvpelt/Develop/airflowtut/py_env/lib/python3.10/site-packages/airflow/example_dags/example_python_decorator.py for tasks to queue
[2024-08-09T19:55:01.610+0200] {logging_mixin.py:188} INFO - [2024-08-09T19:55:01.609+0200] {dagbag.py:545} INFO - Filling up the DagBag from /home/bvpelt/Develop/airflowtut/py_env/lib/python3.10/site-packages/airflow/example_dags/example_python_decorator.py
[2024-08-09T19:55:01.634+0200] {logging_mixin.py:188} INFO - [2024-08-09T19:55:01.633+0200] {example_python_decorator.py:80} WARNING - The virtalenv_python example task requires virtualenv, please install it.
[2024-08-09T19:55:01.634+0200] {processor.py:840} INFO - DAG(s) 'example_python_decorator' retrieved from /home/bvpelt/Develop/airflowtut/py_env/lib/python3.10/site-packages/airflow/example_dags/example_python_decorator.py
[2024-08-09T19:55:01.653+0200] {logging_mixin.py:188} INFO - [2024-08-09T19:55:01.653+0200] {dag.py:3089} INFO - Sync 1 DAGs
[2024-08-09T19:55:01.662+0200] {logging_mixin.py:188} INFO - [2024-08-09T19:55:01.662+0200] {dag.py:3947} INFO - Setting next_dagrun for example_python_decorator to None, run_after=None
[2024-08-09T19:55:01.724+0200] {processor.py:183} INFO - Processing /home/bvpelt/Develop/airflowtut/py_env/lib/python3.10/site-packages/airflow/example_dags/example_python_decorator.py took 0.162 seconds
[2024-08-09T19:55:49.472+0200] {processor.py:161} INFO - Started process (PID=20310) to work on /home/bvpelt/Develop/airflowtut/py_env/lib/python3.10/site-packages/airflow/example_dags/example_python_decorator.py
[2024-08-09T19:55:49.474+0200] {processor.py:830} INFO - Processing file /home/bvpelt/Develop/airflowtut/py_env/lib/python3.10/site-packages/airflow/example_dags/example_python_decorator.py for tasks to queue
[2024-08-09T19:55:49.474+0200] {logging_mixin.py:188} INFO - [2024-08-09T19:55:49.474+0200] {dagbag.py:545} INFO - Filling up the DagBag from /home/bvpelt/Develop/airflowtut/py_env/lib/python3.10/site-packages/airflow/example_dags/example_python_decorator.py
[2024-08-09T19:55:49.480+0200] {logging_mixin.py:188} INFO - [2024-08-09T19:55:49.479+0200] {example_python_decorator.py:80} WARNING - The virtalenv_python example task requires virtualenv, please install it.
[2024-08-09T19:55:49.480+0200] {processor.py:840} INFO - DAG(s) 'example_python_decorator' retrieved from /home/bvpelt/Develop/airflowtut/py_env/lib/python3.10/site-packages/airflow/example_dags/example_python_decorator.py
[2024-08-09T19:55:49.489+0200] {logging_mixin.py:188} INFO - [2024-08-09T19:55:49.489+0200] {dag.py:3089} INFO - Sync 1 DAGs
[2024-08-09T19:55:49.495+0200] {logging_mixin.py:188} INFO - [2024-08-09T19:55:49.495+0200] {dag.py:3947} INFO - Setting next_dagrun for example_python_decorator to None, run_after=None
[2024-08-09T19:55:49.563+0200] {processor.py:183} INFO - Processing /home/bvpelt/Develop/airflowtut/py_env/lib/python3.10/site-packages/airflow/example_dags/example_python_decorator.py took 0.094 seconds
[2024-08-09T19:56:36.639+0200] {processor.py:161} INFO - Started process (PID=20367) to work on /home/bvpelt/Develop/airflowtut/py_env/lib/python3.10/site-packages/airflow/example_dags/example_python_decorator.py
[2024-08-09T19:56:36.639+0200] {processor.py:830} INFO - Processing file /home/bvpelt/Develop/airflowtut/py_env/lib/python3.10/site-packages/airflow/example_dags/example_python_decorator.py for tasks to queue
[2024-08-09T19:56:36.640+0200] {logging_mixin.py:188} INFO - [2024-08-09T19:56:36.640+0200] {dagbag.py:545} INFO - Filling up the DagBag from /home/bvpelt/Develop/airflowtut/py_env/lib/python3.10/site-packages/airflow/example_dags/example_python_decorator.py
[2024-08-09T19:56:36.645+0200] {logging_mixin.py:188} INFO - [2024-08-09T19:56:36.645+0200] {example_python_decorator.py:80} WARNING - The virtalenv_python example task requires virtualenv, please install it.
[2024-08-09T19:56:36.645+0200] {processor.py:840} INFO - DAG(s) 'example_python_decorator' retrieved from /home/bvpelt/Develop/airflowtut/py_env/lib/python3.10/site-packages/airflow/example_dags/example_python_decorator.py
[2024-08-09T19:56:36.654+0200] {logging_mixin.py:188} INFO - [2024-08-09T19:56:36.654+0200] {dag.py:3089} INFO - Sync 1 DAGs
[2024-08-09T19:56:36.661+0200] {logging_mixin.py:188} INFO - [2024-08-09T19:56:36.661+0200] {dag.py:3947} INFO - Setting next_dagrun for example_python_decorator to None, run_after=None
[2024-08-09T19:56:36.835+0200] {processor.py:183} INFO - Processing /home/bvpelt/Develop/airflowtut/py_env/lib/python3.10/site-packages/airflow/example_dags/example_python_decorator.py took 0.200 seconds
[2024-08-09T19:57:29.046+0200] {processor.py:161} INFO - Started process (PID=20494) to work on /home/bvpelt/Develop/airflowtut/py_env/lib/python3.10/site-packages/airflow/example_dags/example_python_decorator.py
[2024-08-09T19:57:29.047+0200] {processor.py:830} INFO - Processing file /home/bvpelt/Develop/airflowtut/py_env/lib/python3.10/site-packages/airflow/example_dags/example_python_decorator.py for tasks to queue
[2024-08-09T19:57:29.050+0200] {logging_mixin.py:188} INFO - [2024-08-09T19:57:29.049+0200] {dagbag.py:545} INFO - Filling up the DagBag from /home/bvpelt/Develop/airflowtut/py_env/lib/python3.10/site-packages/airflow/example_dags/example_python_decorator.py
[2024-08-09T19:57:29.064+0200] {logging_mixin.py:188} INFO - [2024-08-09T19:57:29.064+0200] {example_python_decorator.py:80} WARNING - The virtalenv_python example task requires virtualenv, please install it.
[2024-08-09T19:57:29.065+0200] {processor.py:840} INFO - DAG(s) 'example_python_decorator' retrieved from /home/bvpelt/Develop/airflowtut/py_env/lib/python3.10/site-packages/airflow/example_dags/example_python_decorator.py
[2024-08-09T19:57:29.080+0200] {logging_mixin.py:188} INFO - [2024-08-09T19:57:29.080+0200] {dag.py:3089} INFO - Sync 1 DAGs
[2024-08-09T19:57:29.088+0200] {logging_mixin.py:188} INFO - [2024-08-09T19:57:29.088+0200] {dag.py:3947} INFO - Setting next_dagrun for example_python_decorator to None, run_after=None
[2024-08-09T19:57:29.203+0200] {processor.py:183} INFO - Processing /home/bvpelt/Develop/airflowtut/py_env/lib/python3.10/site-packages/airflow/example_dags/example_python_decorator.py took 0.168 seconds
[2024-08-09T19:58:18.737+0200] {processor.py:161} INFO - Started process (PID=20597) to work on /home/bvpelt/Develop/airflowtut/py_env/lib/python3.10/site-packages/airflow/example_dags/example_python_decorator.py
[2024-08-09T19:58:18.739+0200] {processor.py:830} INFO - Processing file /home/bvpelt/Develop/airflowtut/py_env/lib/python3.10/site-packages/airflow/example_dags/example_python_decorator.py for tasks to queue
[2024-08-09T19:58:18.743+0200] {logging_mixin.py:188} INFO - [2024-08-09T19:58:18.742+0200] {dagbag.py:545} INFO - Filling up the DagBag from /home/bvpelt/Develop/airflowtut/py_env/lib/python3.10/site-packages/airflow/example_dags/example_python_decorator.py
[2024-08-09T19:58:18.756+0200] {logging_mixin.py:188} INFO - [2024-08-09T19:58:18.756+0200] {example_python_decorator.py:80} WARNING - The virtalenv_python example task requires virtualenv, please install it.
[2024-08-09T19:58:18.757+0200] {processor.py:840} INFO - DAG(s) 'example_python_decorator' retrieved from /home/bvpelt/Develop/airflowtut/py_env/lib/python3.10/site-packages/airflow/example_dags/example_python_decorator.py
[2024-08-09T19:58:18.771+0200] {logging_mixin.py:188} INFO - [2024-08-09T19:58:18.771+0200] {dag.py:3089} INFO - Sync 1 DAGs
[2024-08-09T19:58:18.779+0200] {logging_mixin.py:188} INFO - [2024-08-09T19:58:18.779+0200] {dag.py:3947} INFO - Setting next_dagrun for example_python_decorator to None, run_after=None
[2024-08-09T19:58:18.856+0200] {processor.py:183} INFO - Processing /home/bvpelt/Develop/airflowtut/py_env/lib/python3.10/site-packages/airflow/example_dags/example_python_decorator.py took 0.135 seconds
[2024-08-09T19:59:18.254+0200] {processor.py:161} INFO - Started process (PID=20692) to work on /home/bvpelt/Develop/airflowtut/py_env/lib/python3.10/site-packages/airflow/example_dags/example_python_decorator.py
[2024-08-09T19:59:18.255+0200] {processor.py:830} INFO - Processing file /home/bvpelt/Develop/airflowtut/py_env/lib/python3.10/site-packages/airflow/example_dags/example_python_decorator.py for tasks to queue
[2024-08-09T19:59:18.256+0200] {logging_mixin.py:188} INFO - [2024-08-09T19:59:18.255+0200] {dagbag.py:545} INFO - Filling up the DagBag from /home/bvpelt/Develop/airflowtut/py_env/lib/python3.10/site-packages/airflow/example_dags/example_python_decorator.py
[2024-08-09T19:59:18.261+0200] {logging_mixin.py:188} INFO - [2024-08-09T19:59:18.261+0200] {example_python_decorator.py:80} WARNING - The virtalenv_python example task requires virtualenv, please install it.
[2024-08-09T19:59:18.261+0200] {processor.py:840} INFO - DAG(s) 'example_python_decorator' retrieved from /home/bvpelt/Develop/airflowtut/py_env/lib/python3.10/site-packages/airflow/example_dags/example_python_decorator.py
[2024-08-09T19:59:18.271+0200] {logging_mixin.py:188} INFO - [2024-08-09T19:59:18.271+0200] {dag.py:3089} INFO - Sync 1 DAGs
[2024-08-09T19:59:18.279+0200] {logging_mixin.py:188} INFO - [2024-08-09T19:59:18.279+0200] {dag.py:3947} INFO - Setting next_dagrun for example_python_decorator to None, run_after=None
[2024-08-09T19:59:18.412+0200] {processor.py:183} INFO - Processing /home/bvpelt/Develop/airflowtut/py_env/lib/python3.10/site-packages/airflow/example_dags/example_python_decorator.py took 0.161 seconds
[2024-08-09T20:00:11.210+0200] {processor.py:161} INFO - Started process (PID=20771) to work on /home/bvpelt/Develop/airflowtut/py_env/lib/python3.10/site-packages/airflow/example_dags/example_python_decorator.py
[2024-08-09T20:00:11.211+0200] {processor.py:830} INFO - Processing file /home/bvpelt/Develop/airflowtut/py_env/lib/python3.10/site-packages/airflow/example_dags/example_python_decorator.py for tasks to queue
[2024-08-09T20:00:11.212+0200] {logging_mixin.py:188} INFO - [2024-08-09T20:00:11.212+0200] {dagbag.py:545} INFO - Filling up the DagBag from /home/bvpelt/Develop/airflowtut/py_env/lib/python3.10/site-packages/airflow/example_dags/example_python_decorator.py
[2024-08-09T20:00:11.218+0200] {logging_mixin.py:188} INFO - [2024-08-09T20:00:11.217+0200] {example_python_decorator.py:80} WARNING - The virtalenv_python example task requires virtualenv, please install it.
[2024-08-09T20:00:11.218+0200] {processor.py:840} INFO - DAG(s) 'example_python_decorator' retrieved from /home/bvpelt/Develop/airflowtut/py_env/lib/python3.10/site-packages/airflow/example_dags/example_python_decorator.py
[2024-08-09T20:00:11.228+0200] {logging_mixin.py:188} INFO - [2024-08-09T20:00:11.228+0200] {dag.py:3089} INFO - Sync 1 DAGs
[2024-08-09T20:00:11.235+0200] {logging_mixin.py:188} INFO - [2024-08-09T20:00:11.235+0200] {dag.py:3947} INFO - Setting next_dagrun for example_python_decorator to None, run_after=None
[2024-08-09T20:00:11.305+0200] {processor.py:183} INFO - Processing /home/bvpelt/Develop/airflowtut/py_env/lib/python3.10/site-packages/airflow/example_dags/example_python_decorator.py took 0.098 seconds
[2024-08-09T20:01:01.920+0200] {processor.py:161} INFO - Started process (PID=20828) to work on /home/bvpelt/Develop/airflowtut/py_env/lib/python3.10/site-packages/airflow/example_dags/example_python_decorator.py
[2024-08-09T20:01:01.920+0200] {processor.py:830} INFO - Processing file /home/bvpelt/Develop/airflowtut/py_env/lib/python3.10/site-packages/airflow/example_dags/example_python_decorator.py for tasks to queue
[2024-08-09T20:01:01.921+0200] {logging_mixin.py:188} INFO - [2024-08-09T20:01:01.921+0200] {dagbag.py:545} INFO - Filling up the DagBag from /home/bvpelt/Develop/airflowtut/py_env/lib/python3.10/site-packages/airflow/example_dags/example_python_decorator.py
[2024-08-09T20:01:01.926+0200] {logging_mixin.py:188} INFO - [2024-08-09T20:01:01.926+0200] {example_python_decorator.py:80} WARNING - The virtalenv_python example task requires virtualenv, please install it.
[2024-08-09T20:01:01.926+0200] {processor.py:840} INFO - DAG(s) 'example_python_decorator' retrieved from /home/bvpelt/Develop/airflowtut/py_env/lib/python3.10/site-packages/airflow/example_dags/example_python_decorator.py
[2024-08-09T20:01:01.935+0200] {logging_mixin.py:188} INFO - [2024-08-09T20:01:01.935+0200] {dag.py:3089} INFO - Sync 1 DAGs
[2024-08-09T20:01:01.942+0200] {logging_mixin.py:188} INFO - [2024-08-09T20:01:01.942+0200] {dag.py:3947} INFO - Setting next_dagrun for example_python_decorator to None, run_after=None
[2024-08-09T20:01:02.046+0200] {processor.py:183} INFO - Processing /home/bvpelt/Develop/airflowtut/py_env/lib/python3.10/site-packages/airflow/example_dags/example_python_decorator.py took 0.130 seconds
[2024-08-09T20:01:50.919+0200] {processor.py:161} INFO - Started process (PID=20962) to work on /home/bvpelt/Develop/airflowtut/py_env/lib/python3.10/site-packages/airflow/example_dags/example_python_decorator.py
[2024-08-09T20:01:50.919+0200] {processor.py:830} INFO - Processing file /home/bvpelt/Develop/airflowtut/py_env/lib/python3.10/site-packages/airflow/example_dags/example_python_decorator.py for tasks to queue
[2024-08-09T20:01:50.920+0200] {logging_mixin.py:188} INFO - [2024-08-09T20:01:50.920+0200] {dagbag.py:545} INFO - Filling up the DagBag from /home/bvpelt/Develop/airflowtut/py_env/lib/python3.10/site-packages/airflow/example_dags/example_python_decorator.py
[2024-08-09T20:01:50.925+0200] {logging_mixin.py:188} INFO - [2024-08-09T20:01:50.925+0200] {example_python_decorator.py:80} WARNING - The virtalenv_python example task requires virtualenv, please install it.
[2024-08-09T20:01:50.926+0200] {processor.py:840} INFO - DAG(s) 'example_python_decorator' retrieved from /home/bvpelt/Develop/airflowtut/py_env/lib/python3.10/site-packages/airflow/example_dags/example_python_decorator.py
[2024-08-09T20:01:50.935+0200] {logging_mixin.py:188} INFO - [2024-08-09T20:01:50.935+0200] {dag.py:3089} INFO - Sync 1 DAGs
[2024-08-09T20:01:50.942+0200] {logging_mixin.py:188} INFO - [2024-08-09T20:01:50.942+0200] {dag.py:3947} INFO - Setting next_dagrun for example_python_decorator to None, run_after=None
[2024-08-09T20:01:51.026+0200] {processor.py:183} INFO - Processing /home/bvpelt/Develop/airflowtut/py_env/lib/python3.10/site-packages/airflow/example_dags/example_python_decorator.py took 0.111 seconds
[2024-08-09T20:02:42.793+0200] {processor.py:161} INFO - Started process (PID=21057) to work on /home/bvpelt/Develop/airflowtut/py_env/lib/python3.10/site-packages/airflow/example_dags/example_python_decorator.py
[2024-08-09T20:02:42.793+0200] {processor.py:830} INFO - Processing file /home/bvpelt/Develop/airflowtut/py_env/lib/python3.10/site-packages/airflow/example_dags/example_python_decorator.py for tasks to queue
[2024-08-09T20:02:42.794+0200] {logging_mixin.py:188} INFO - [2024-08-09T20:02:42.794+0200] {dagbag.py:545} INFO - Filling up the DagBag from /home/bvpelt/Develop/airflowtut/py_env/lib/python3.10/site-packages/airflow/example_dags/example_python_decorator.py
[2024-08-09T20:02:42.799+0200] {logging_mixin.py:188} INFO - [2024-08-09T20:02:42.799+0200] {example_python_decorator.py:80} WARNING - The virtalenv_python example task requires virtualenv, please install it.
[2024-08-09T20:02:42.799+0200] {processor.py:840} INFO - DAG(s) 'example_python_decorator' retrieved from /home/bvpelt/Develop/airflowtut/py_env/lib/python3.10/site-packages/airflow/example_dags/example_python_decorator.py
[2024-08-09T20:02:42.809+0200] {logging_mixin.py:188} INFO - [2024-08-09T20:02:42.809+0200] {dag.py:3089} INFO - Sync 1 DAGs
[2024-08-09T20:02:42.815+0200] {logging_mixin.py:188} INFO - [2024-08-09T20:02:42.815+0200] {dag.py:3947} INFO - Setting next_dagrun for example_python_decorator to None, run_after=None
[2024-08-09T20:02:42.890+0200] {processor.py:183} INFO - Processing /home/bvpelt/Develop/airflowtut/py_env/lib/python3.10/site-packages/airflow/example_dags/example_python_decorator.py took 0.100 seconds
[2024-08-09T20:03:41.181+0200] {processor.py:161} INFO - Started process (PID=21112) to work on /home/bvpelt/Develop/airflowtut/py_env/lib/python3.10/site-packages/airflow/example_dags/example_python_decorator.py
[2024-08-09T20:03:41.182+0200] {processor.py:830} INFO - Processing file /home/bvpelt/Develop/airflowtut/py_env/lib/python3.10/site-packages/airflow/example_dags/example_python_decorator.py for tasks to queue
[2024-08-09T20:03:41.182+0200] {logging_mixin.py:188} INFO - [2024-08-09T20:03:41.182+0200] {dagbag.py:545} INFO - Filling up the DagBag from /home/bvpelt/Develop/airflowtut/py_env/lib/python3.10/site-packages/airflow/example_dags/example_python_decorator.py
[2024-08-09T20:03:41.187+0200] {logging_mixin.py:188} INFO - [2024-08-09T20:03:41.187+0200] {example_python_decorator.py:80} WARNING - The virtalenv_python example task requires virtualenv, please install it.
[2024-08-09T20:03:41.188+0200] {processor.py:840} INFO - DAG(s) 'example_python_decorator' retrieved from /home/bvpelt/Develop/airflowtut/py_env/lib/python3.10/site-packages/airflow/example_dags/example_python_decorator.py
[2024-08-09T20:03:41.197+0200] {logging_mixin.py:188} INFO - [2024-08-09T20:03:41.197+0200] {dag.py:3089} INFO - Sync 1 DAGs
[2024-08-09T20:03:41.203+0200] {logging_mixin.py:188} INFO - [2024-08-09T20:03:41.203+0200] {dag.py:3947} INFO - Setting next_dagrun for example_python_decorator to None, run_after=None
[2024-08-09T20:03:41.306+0200] {processor.py:183} INFO - Processing /home/bvpelt/Develop/airflowtut/py_env/lib/python3.10/site-packages/airflow/example_dags/example_python_decorator.py took 0.128 seconds
[2024-08-09T20:04:35.018+0200] {processor.py:161} INFO - Started process (PID=21201) to work on /home/bvpelt/Develop/airflowtut/py_env/lib/python3.10/site-packages/airflow/example_dags/example_python_decorator.py
[2024-08-09T20:04:35.019+0200] {processor.py:830} INFO - Processing file /home/bvpelt/Develop/airflowtut/py_env/lib/python3.10/site-packages/airflow/example_dags/example_python_decorator.py for tasks to queue
[2024-08-09T20:04:35.020+0200] {logging_mixin.py:188} INFO - [2024-08-09T20:04:35.019+0200] {dagbag.py:545} INFO - Filling up the DagBag from /home/bvpelt/Develop/airflowtut/py_env/lib/python3.10/site-packages/airflow/example_dags/example_python_decorator.py
[2024-08-09T20:04:35.024+0200] {logging_mixin.py:188} INFO - [2024-08-09T20:04:35.024+0200] {example_python_decorator.py:80} WARNING - The virtalenv_python example task requires virtualenv, please install it.
[2024-08-09T20:04:35.025+0200] {processor.py:840} INFO - DAG(s) 'example_python_decorator' retrieved from /home/bvpelt/Develop/airflowtut/py_env/lib/python3.10/site-packages/airflow/example_dags/example_python_decorator.py
[2024-08-09T20:04:35.034+0200] {logging_mixin.py:188} INFO - [2024-08-09T20:04:35.034+0200] {dag.py:3089} INFO - Sync 1 DAGs
[2024-08-09T20:04:35.040+0200] {logging_mixin.py:188} INFO - [2024-08-09T20:04:35.040+0200] {dag.py:3947} INFO - Setting next_dagrun for example_python_decorator to None, run_after=None
[2024-08-09T20:04:35.134+0200] {processor.py:183} INFO - Processing /home/bvpelt/Develop/airflowtut/py_env/lib/python3.10/site-packages/airflow/example_dags/example_python_decorator.py took 0.119 seconds
[2024-08-09T20:05:25.443+0200] {processor.py:161} INFO - Started process (PID=21358) to work on /home/bvpelt/Develop/airflowtut/py_env/lib/python3.10/site-packages/airflow/example_dags/example_python_decorator.py
[2024-08-09T20:05:25.444+0200] {processor.py:830} INFO - Processing file /home/bvpelt/Develop/airflowtut/py_env/lib/python3.10/site-packages/airflow/example_dags/example_python_decorator.py for tasks to queue
[2024-08-09T20:05:25.444+0200] {logging_mixin.py:188} INFO - [2024-08-09T20:05:25.444+0200] {dagbag.py:545} INFO - Filling up the DagBag from /home/bvpelt/Develop/airflowtut/py_env/lib/python3.10/site-packages/airflow/example_dags/example_python_decorator.py
[2024-08-09T20:05:25.449+0200] {logging_mixin.py:188} INFO - [2024-08-09T20:05:25.449+0200] {example_python_decorator.py:80} WARNING - The virtalenv_python example task requires virtualenv, please install it.
[2024-08-09T20:05:25.450+0200] {processor.py:840} INFO - DAG(s) 'example_python_decorator' retrieved from /home/bvpelt/Develop/airflowtut/py_env/lib/python3.10/site-packages/airflow/example_dags/example_python_decorator.py
[2024-08-09T20:05:25.458+0200] {logging_mixin.py:188} INFO - [2024-08-09T20:05:25.458+0200] {dag.py:3089} INFO - Sync 1 DAGs
[2024-08-09T20:05:25.465+0200] {logging_mixin.py:188} INFO - [2024-08-09T20:05:25.465+0200] {dag.py:3947} INFO - Setting next_dagrun for example_python_decorator to None, run_after=None
[2024-08-09T20:05:25.539+0200] {processor.py:183} INFO - Processing /home/bvpelt/Develop/airflowtut/py_env/lib/python3.10/site-packages/airflow/example_dags/example_python_decorator.py took 0.099 seconds
[2024-08-09T20:06:23.529+0200] {processor.py:161} INFO - Started process (PID=21414) to work on /home/bvpelt/Develop/airflowtut/py_env/lib/python3.10/site-packages/airflow/example_dags/example_python_decorator.py
[2024-08-09T20:06:23.530+0200] {processor.py:830} INFO - Processing file /home/bvpelt/Develop/airflowtut/py_env/lib/python3.10/site-packages/airflow/example_dags/example_python_decorator.py for tasks to queue
[2024-08-09T20:06:23.531+0200] {logging_mixin.py:188} INFO - [2024-08-09T20:06:23.530+0200] {dagbag.py:545} INFO - Filling up the DagBag from /home/bvpelt/Develop/airflowtut/py_env/lib/python3.10/site-packages/airflow/example_dags/example_python_decorator.py
[2024-08-09T20:06:23.536+0200] {logging_mixin.py:188} INFO - [2024-08-09T20:06:23.535+0200] {example_python_decorator.py:80} WARNING - The virtalenv_python example task requires virtualenv, please install it.
[2024-08-09T20:06:23.536+0200] {processor.py:840} INFO - DAG(s) 'example_python_decorator' retrieved from /home/bvpelt/Develop/airflowtut/py_env/lib/python3.10/site-packages/airflow/example_dags/example_python_decorator.py
[2024-08-09T20:06:23.545+0200] {logging_mixin.py:188} INFO - [2024-08-09T20:06:23.545+0200] {dag.py:3089} INFO - Sync 1 DAGs
[2024-08-09T20:06:23.551+0200] {logging_mixin.py:188} INFO - [2024-08-09T20:06:23.551+0200] {dag.py:3947} INFO - Setting next_dagrun for example_python_decorator to None, run_after=None
[2024-08-09T20:06:23.654+0200] {processor.py:183} INFO - Processing /home/bvpelt/Develop/airflowtut/py_env/lib/python3.10/site-packages/airflow/example_dags/example_python_decorator.py took 0.128 seconds
[2024-08-09T20:07:17.855+0200] {processor.py:161} INFO - Started process (PID=21532) to work on /home/bvpelt/Develop/airflowtut/py_env/lib/python3.10/site-packages/airflow/example_dags/example_python_decorator.py
[2024-08-09T20:07:17.871+0200] {processor.py:830} INFO - Processing file /home/bvpelt/Develop/airflowtut/py_env/lib/python3.10/site-packages/airflow/example_dags/example_python_decorator.py for tasks to queue
[2024-08-09T20:07:17.872+0200] {logging_mixin.py:188} INFO - [2024-08-09T20:07:17.871+0200] {dagbag.py:545} INFO - Filling up the DagBag from /home/bvpelt/Develop/airflowtut/py_env/lib/python3.10/site-packages/airflow/example_dags/example_python_decorator.py
[2024-08-09T20:07:17.878+0200] {logging_mixin.py:188} INFO - [2024-08-09T20:07:17.878+0200] {example_python_decorator.py:80} WARNING - The virtalenv_python example task requires virtualenv, please install it.
[2024-08-09T20:07:17.879+0200] {processor.py:840} INFO - DAG(s) 'example_python_decorator' retrieved from /home/bvpelt/Develop/airflowtut/py_env/lib/python3.10/site-packages/airflow/example_dags/example_python_decorator.py
[2024-08-09T20:07:17.892+0200] {logging_mixin.py:188} INFO - [2024-08-09T20:07:17.892+0200] {dag.py:3089} INFO - Sync 1 DAGs
[2024-08-09T20:07:17.902+0200] {logging_mixin.py:188} INFO - [2024-08-09T20:07:17.902+0200] {dag.py:3947} INFO - Setting next_dagrun for example_python_decorator to None, run_after=None
[2024-08-09T20:07:17.974+0200] {processor.py:183} INFO - Processing /home/bvpelt/Develop/airflowtut/py_env/lib/python3.10/site-packages/airflow/example_dags/example_python_decorator.py took 0.122 seconds
[2024-08-09T20:08:09.029+0200] {processor.py:161} INFO - Started process (PID=21659) to work on /home/bvpelt/Develop/airflowtut/py_env/lib/python3.10/site-packages/airflow/example_dags/example_python_decorator.py
[2024-08-09T20:08:09.051+0200] {processor.py:830} INFO - Processing file /home/bvpelt/Develop/airflowtut/py_env/lib/python3.10/site-packages/airflow/example_dags/example_python_decorator.py for tasks to queue
[2024-08-09T20:08:09.052+0200] {logging_mixin.py:188} INFO - [2024-08-09T20:08:09.052+0200] {dagbag.py:545} INFO - Filling up the DagBag from /home/bvpelt/Develop/airflowtut/py_env/lib/python3.10/site-packages/airflow/example_dags/example_python_decorator.py
[2024-08-09T20:08:09.058+0200] {logging_mixin.py:188} INFO - [2024-08-09T20:08:09.058+0200] {example_python_decorator.py:80} WARNING - The virtalenv_python example task requires virtualenv, please install it.
[2024-08-09T20:08:09.059+0200] {processor.py:840} INFO - DAG(s) 'example_python_decorator' retrieved from /home/bvpelt/Develop/airflowtut/py_env/lib/python3.10/site-packages/airflow/example_dags/example_python_decorator.py
[2024-08-09T20:08:09.068+0200] {logging_mixin.py:188} INFO - [2024-08-09T20:08:09.067+0200] {dag.py:3089} INFO - Sync 1 DAGs
[2024-08-09T20:08:09.074+0200] {logging_mixin.py:188} INFO - [2024-08-09T20:08:09.074+0200] {dag.py:3947} INFO - Setting next_dagrun for example_python_decorator to None, run_after=None
[2024-08-09T20:08:09.171+0200] {processor.py:183} INFO - Processing /home/bvpelt/Develop/airflowtut/py_env/lib/python3.10/site-packages/airflow/example_dags/example_python_decorator.py took 0.145 seconds
[2024-08-09T20:09:00.481+0200] {processor.py:161} INFO - Started process (PID=21720) to work on /home/bvpelt/Develop/airflowtut/py_env/lib/python3.10/site-packages/airflow/example_dags/example_python_decorator.py
[2024-08-09T20:09:00.482+0200] {processor.py:830} INFO - Processing file /home/bvpelt/Develop/airflowtut/py_env/lib/python3.10/site-packages/airflow/example_dags/example_python_decorator.py for tasks to queue
[2024-08-09T20:09:00.483+0200] {logging_mixin.py:188} INFO - [2024-08-09T20:09:00.483+0200] {dagbag.py:545} INFO - Filling up the DagBag from /home/bvpelt/Develop/airflowtut/py_env/lib/python3.10/site-packages/airflow/example_dags/example_python_decorator.py
[2024-08-09T20:09:00.488+0200] {logging_mixin.py:188} INFO - [2024-08-09T20:09:00.488+0200] {example_python_decorator.py:80} WARNING - The virtalenv_python example task requires virtualenv, please install it.
[2024-08-09T20:09:00.488+0200] {processor.py:840} INFO - DAG(s) 'example_python_decorator' retrieved from /home/bvpelt/Develop/airflowtut/py_env/lib/python3.10/site-packages/airflow/example_dags/example_python_decorator.py
[2024-08-09T20:09:00.497+0200] {logging_mixin.py:188} INFO - [2024-08-09T20:09:00.497+0200] {dag.py:3089} INFO - Sync 1 DAGs
[2024-08-09T20:09:00.503+0200] {logging_mixin.py:188} INFO - [2024-08-09T20:09:00.503+0200] {dag.py:3947} INFO - Setting next_dagrun for example_python_decorator to None, run_after=None
[2024-08-09T20:09:00.608+0200] {processor.py:183} INFO - Processing /home/bvpelt/Develop/airflowtut/py_env/lib/python3.10/site-packages/airflow/example_dags/example_python_decorator.py took 0.130 seconds
[2024-08-09T20:09:52.752+0200] {processor.py:161} INFO - Started process (PID=21772) to work on /home/bvpelt/Develop/airflowtut/py_env/lib/python3.10/site-packages/airflow/example_dags/example_python_decorator.py
[2024-08-09T20:09:52.767+0200] {processor.py:830} INFO - Processing file /home/bvpelt/Develop/airflowtut/py_env/lib/python3.10/site-packages/airflow/example_dags/example_python_decorator.py for tasks to queue
[2024-08-09T20:09:52.768+0200] {logging_mixin.py:188} INFO - [2024-08-09T20:09:52.768+0200] {dagbag.py:545} INFO - Filling up the DagBag from /home/bvpelt/Develop/airflowtut/py_env/lib/python3.10/site-packages/airflow/example_dags/example_python_decorator.py
[2024-08-09T20:09:52.774+0200] {logging_mixin.py:188} INFO - [2024-08-09T20:09:52.774+0200] {example_python_decorator.py:80} WARNING - The virtalenv_python example task requires virtualenv, please install it.
[2024-08-09T20:09:52.775+0200] {processor.py:840} INFO - DAG(s) 'example_python_decorator' retrieved from /home/bvpelt/Develop/airflowtut/py_env/lib/python3.10/site-packages/airflow/example_dags/example_python_decorator.py
[2024-08-09T20:09:52.787+0200] {logging_mixin.py:188} INFO - [2024-08-09T20:09:52.787+0200] {dag.py:3089} INFO - Sync 1 DAGs
[2024-08-09T20:09:52.796+0200] {logging_mixin.py:188} INFO - [2024-08-09T20:09:52.796+0200] {dag.py:3947} INFO - Setting next_dagrun for example_python_decorator to None, run_after=None
[2024-08-09T20:09:52.868+0200] {processor.py:183} INFO - Processing /home/bvpelt/Develop/airflowtut/py_env/lib/python3.10/site-packages/airflow/example_dags/example_python_decorator.py took 0.119 seconds
[2024-08-09T20:10:41.760+0200] {processor.py:161} INFO - Started process (PID=21847) to work on /home/bvpelt/Develop/airflowtut/py_env/lib/python3.10/site-packages/airflow/example_dags/example_python_decorator.py
[2024-08-09T20:10:41.798+0200] {processor.py:830} INFO - Processing file /home/bvpelt/Develop/airflowtut/py_env/lib/python3.10/site-packages/airflow/example_dags/example_python_decorator.py for tasks to queue
[2024-08-09T20:10:41.800+0200] {logging_mixin.py:188} INFO - [2024-08-09T20:10:41.800+0200] {dagbag.py:545} INFO - Filling up the DagBag from /home/bvpelt/Develop/airflowtut/py_env/lib/python3.10/site-packages/airflow/example_dags/example_python_decorator.py
[2024-08-09T20:10:41.807+0200] {logging_mixin.py:188} INFO - [2024-08-09T20:10:41.807+0200] {example_python_decorator.py:80} WARNING - The virtalenv_python example task requires virtualenv, please install it.
[2024-08-09T20:10:41.807+0200] {processor.py:840} INFO - DAG(s) 'example_python_decorator' retrieved from /home/bvpelt/Develop/airflowtut/py_env/lib/python3.10/site-packages/airflow/example_dags/example_python_decorator.py
[2024-08-09T20:10:41.817+0200] {logging_mixin.py:188} INFO - [2024-08-09T20:10:41.816+0200] {dag.py:3089} INFO - Sync 1 DAGs
[2024-08-09T20:10:41.823+0200] {logging_mixin.py:188} INFO - [2024-08-09T20:10:41.823+0200] {dag.py:3947} INFO - Setting next_dagrun for example_python_decorator to None, run_after=None
[2024-08-09T20:10:41.940+0200] {processor.py:183} INFO - Processing /home/bvpelt/Develop/airflowtut/py_env/lib/python3.10/site-packages/airflow/example_dags/example_python_decorator.py took 0.183 seconds
[2024-08-09T20:11:31.953+0200] {processor.py:161} INFO - Started process (PID=21900) to work on /home/bvpelt/Develop/airflowtut/py_env/lib/python3.10/site-packages/airflow/example_dags/example_python_decorator.py
[2024-08-09T20:11:31.954+0200] {processor.py:830} INFO - Processing file /home/bvpelt/Develop/airflowtut/py_env/lib/python3.10/site-packages/airflow/example_dags/example_python_decorator.py for tasks to queue
[2024-08-09T20:11:31.955+0200] {logging_mixin.py:188} INFO - [2024-08-09T20:11:31.955+0200] {dagbag.py:545} INFO - Filling up the DagBag from /home/bvpelt/Develop/airflowtut/py_env/lib/python3.10/site-packages/airflow/example_dags/example_python_decorator.py
[2024-08-09T20:11:31.960+0200] {logging_mixin.py:188} INFO - [2024-08-09T20:11:31.960+0200] {example_python_decorator.py:80} WARNING - The virtalenv_python example task requires virtualenv, please install it.
[2024-08-09T20:11:31.960+0200] {processor.py:840} INFO - DAG(s) 'example_python_decorator' retrieved from /home/bvpelt/Develop/airflowtut/py_env/lib/python3.10/site-packages/airflow/example_dags/example_python_decorator.py
[2024-08-09T20:11:31.969+0200] {logging_mixin.py:188} INFO - [2024-08-09T20:11:31.969+0200] {dag.py:3089} INFO - Sync 1 DAGs
[2024-08-09T20:11:31.976+0200] {logging_mixin.py:188} INFO - [2024-08-09T20:11:31.976+0200] {dag.py:3947} INFO - Setting next_dagrun for example_python_decorator to None, run_after=None
[2024-08-09T20:11:32.071+0200] {processor.py:183} INFO - Processing /home/bvpelt/Develop/airflowtut/py_env/lib/python3.10/site-packages/airflow/example_dags/example_python_decorator.py took 0.121 seconds
[2024-08-09T20:12:20.095+0200] {processor.py:161} INFO - Started process (PID=22009) to work on /home/bvpelt/Develop/airflowtut/py_env/lib/python3.10/site-packages/airflow/example_dags/example_python_decorator.py
[2024-08-09T20:12:20.096+0200] {processor.py:830} INFO - Processing file /home/bvpelt/Develop/airflowtut/py_env/lib/python3.10/site-packages/airflow/example_dags/example_python_decorator.py for tasks to queue
[2024-08-09T20:12:20.097+0200] {logging_mixin.py:188} INFO - [2024-08-09T20:12:20.096+0200] {dagbag.py:545} INFO - Filling up the DagBag from /home/bvpelt/Develop/airflowtut/py_env/lib/python3.10/site-packages/airflow/example_dags/example_python_decorator.py
[2024-08-09T20:12:20.102+0200] {logging_mixin.py:188} INFO - [2024-08-09T20:12:20.102+0200] {example_python_decorator.py:80} WARNING - The virtalenv_python example task requires virtualenv, please install it.
[2024-08-09T20:12:20.102+0200] {processor.py:840} INFO - DAG(s) 'example_python_decorator' retrieved from /home/bvpelt/Develop/airflowtut/py_env/lib/python3.10/site-packages/airflow/example_dags/example_python_decorator.py
[2024-08-09T20:12:20.111+0200] {logging_mixin.py:188} INFO - [2024-08-09T20:12:20.111+0200] {dag.py:3089} INFO - Sync 1 DAGs
[2024-08-09T20:12:20.118+0200] {logging_mixin.py:188} INFO - [2024-08-09T20:12:20.118+0200] {dag.py:3947} INFO - Setting next_dagrun for example_python_decorator to None, run_after=None
[2024-08-09T20:12:20.216+0200] {processor.py:183} INFO - Processing /home/bvpelt/Develop/airflowtut/py_env/lib/python3.10/site-packages/airflow/example_dags/example_python_decorator.py took 0.124 seconds
[2024-08-09T20:13:12.708+0200] {processor.py:161} INFO - Started process (PID=22094) to work on /home/bvpelt/Develop/airflowtut/py_env/lib/python3.10/site-packages/airflow/example_dags/example_python_decorator.py
[2024-08-09T20:13:12.708+0200] {processor.py:830} INFO - Processing file /home/bvpelt/Develop/airflowtut/py_env/lib/python3.10/site-packages/airflow/example_dags/example_python_decorator.py for tasks to queue
[2024-08-09T20:13:12.709+0200] {logging_mixin.py:188} INFO - [2024-08-09T20:13:12.709+0200] {dagbag.py:545} INFO - Filling up the DagBag from /home/bvpelt/Develop/airflowtut/py_env/lib/python3.10/site-packages/airflow/example_dags/example_python_decorator.py
[2024-08-09T20:13:12.714+0200] {logging_mixin.py:188} INFO - [2024-08-09T20:13:12.714+0200] {example_python_decorator.py:80} WARNING - The virtalenv_python example task requires virtualenv, please install it.
[2024-08-09T20:13:12.714+0200] {processor.py:840} INFO - DAG(s) 'example_python_decorator' retrieved from /home/bvpelt/Develop/airflowtut/py_env/lib/python3.10/site-packages/airflow/example_dags/example_python_decorator.py
[2024-08-09T20:13:12.724+0200] {logging_mixin.py:188} INFO - [2024-08-09T20:13:12.724+0200] {dag.py:3089} INFO - Sync 1 DAGs
[2024-08-09T20:13:12.731+0200] {logging_mixin.py:188} INFO - [2024-08-09T20:13:12.731+0200] {dag.py:3947} INFO - Setting next_dagrun for example_python_decorator to None, run_after=None
[2024-08-09T20:13:12.840+0200] {processor.py:183} INFO - Processing /home/bvpelt/Develop/airflowtut/py_env/lib/python3.10/site-packages/airflow/example_dags/example_python_decorator.py took 0.136 seconds
[2024-08-09T20:14:09.791+0200] {processor.py:161} INFO - Started process (PID=22163) to work on /home/bvpelt/Develop/airflowtut/py_env/lib/python3.10/site-packages/airflow/example_dags/example_python_decorator.py
[2024-08-09T20:14:09.792+0200] {processor.py:830} INFO - Processing file /home/bvpelt/Develop/airflowtut/py_env/lib/python3.10/site-packages/airflow/example_dags/example_python_decorator.py for tasks to queue
[2024-08-09T20:14:09.793+0200] {logging_mixin.py:188} INFO - [2024-08-09T20:14:09.793+0200] {dagbag.py:545} INFO - Filling up the DagBag from /home/bvpelt/Develop/airflowtut/py_env/lib/python3.10/site-packages/airflow/example_dags/example_python_decorator.py
[2024-08-09T20:14:09.798+0200] {logging_mixin.py:188} INFO - [2024-08-09T20:14:09.798+0200] {example_python_decorator.py:80} WARNING - The virtalenv_python example task requires virtualenv, please install it.
[2024-08-09T20:14:09.798+0200] {processor.py:840} INFO - DAG(s) 'example_python_decorator' retrieved from /home/bvpelt/Develop/airflowtut/py_env/lib/python3.10/site-packages/airflow/example_dags/example_python_decorator.py
[2024-08-09T20:14:09.808+0200] {logging_mixin.py:188} INFO - [2024-08-09T20:14:09.808+0200] {dag.py:3089} INFO - Sync 1 DAGs
[2024-08-09T20:14:09.814+0200] {logging_mixin.py:188} INFO - [2024-08-09T20:14:09.814+0200] {dag.py:3947} INFO - Setting next_dagrun for example_python_decorator to None, run_after=None
[2024-08-09T20:14:09.888+0200] {processor.py:183} INFO - Processing /home/bvpelt/Develop/airflowtut/py_env/lib/python3.10/site-packages/airflow/example_dags/example_python_decorator.py took 0.100 seconds
[2024-08-09T20:14:56.246+0200] {processor.py:161} INFO - Started process (PID=22225) to work on /home/bvpelt/Develop/airflowtut/py_env/lib/python3.10/site-packages/airflow/example_dags/example_python_decorator.py
[2024-08-09T20:14:56.247+0200] {processor.py:830} INFO - Processing file /home/bvpelt/Develop/airflowtut/py_env/lib/python3.10/site-packages/airflow/example_dags/example_python_decorator.py for tasks to queue
[2024-08-09T20:14:56.248+0200] {logging_mixin.py:188} INFO - [2024-08-09T20:14:56.247+0200] {dagbag.py:545} INFO - Filling up the DagBag from /home/bvpelt/Develop/airflowtut/py_env/lib/python3.10/site-packages/airflow/example_dags/example_python_decorator.py
[2024-08-09T20:14:56.253+0200] {logging_mixin.py:188} INFO - [2024-08-09T20:14:56.253+0200] {example_python_decorator.py:80} WARNING - The virtalenv_python example task requires virtualenv, please install it.
[2024-08-09T20:14:56.253+0200] {processor.py:840} INFO - DAG(s) 'example_python_decorator' retrieved from /home/bvpelt/Develop/airflowtut/py_env/lib/python3.10/site-packages/airflow/example_dags/example_python_decorator.py
[2024-08-09T20:14:56.262+0200] {logging_mixin.py:188} INFO - [2024-08-09T20:14:56.262+0200] {dag.py:3089} INFO - Sync 1 DAGs
[2024-08-09T20:14:56.269+0200] {logging_mixin.py:188} INFO - [2024-08-09T20:14:56.268+0200] {dag.py:3947} INFO - Setting next_dagrun for example_python_decorator to None, run_after=None
[2024-08-09T20:14:56.357+0200] {processor.py:183} INFO - Processing /home/bvpelt/Develop/airflowtut/py_env/lib/python3.10/site-packages/airflow/example_dags/example_python_decorator.py took 0.114 seconds
[2024-08-09T20:15:45.877+0200] {processor.py:161} INFO - Started process (PID=22309) to work on /home/bvpelt/Develop/airflowtut/py_env/lib/python3.10/site-packages/airflow/example_dags/example_python_decorator.py
[2024-08-09T20:15:45.879+0200] {processor.py:830} INFO - Processing file /home/bvpelt/Develop/airflowtut/py_env/lib/python3.10/site-packages/airflow/example_dags/example_python_decorator.py for tasks to queue
[2024-08-09T20:15:45.883+0200] {logging_mixin.py:188} INFO - [2024-08-09T20:15:45.882+0200] {dagbag.py:545} INFO - Filling up the DagBag from /home/bvpelt/Develop/airflowtut/py_env/lib/python3.10/site-packages/airflow/example_dags/example_python_decorator.py
[2024-08-09T20:15:45.896+0200] {logging_mixin.py:188} INFO - [2024-08-09T20:15:45.896+0200] {example_python_decorator.py:80} WARNING - The virtalenv_python example task requires virtualenv, please install it.
[2024-08-09T20:15:45.896+0200] {processor.py:840} INFO - DAG(s) 'example_python_decorator' retrieved from /home/bvpelt/Develop/airflowtut/py_env/lib/python3.10/site-packages/airflow/example_dags/example_python_decorator.py
[2024-08-09T20:15:45.905+0200] {logging_mixin.py:188} INFO - [2024-08-09T20:15:45.905+0200] {dag.py:3089} INFO - Sync 1 DAGs
[2024-08-09T20:15:45.911+0200] {logging_mixin.py:188} INFO - [2024-08-09T20:15:45.911+0200] {dag.py:3947} INFO - Setting next_dagrun for example_python_decorator to None, run_after=None
[2024-08-09T20:15:45.981+0200] {processor.py:183} INFO - Processing /home/bvpelt/Develop/airflowtut/py_env/lib/python3.10/site-packages/airflow/example_dags/example_python_decorator.py took 0.119 seconds
[2024-08-09T20:16:31.895+0200] {processor.py:161} INFO - Started process (PID=22369) to work on /home/bvpelt/Develop/airflowtut/py_env/lib/python3.10/site-packages/airflow/example_dags/example_python_decorator.py
[2024-08-09T20:16:31.896+0200] {processor.py:830} INFO - Processing file /home/bvpelt/Develop/airflowtut/py_env/lib/python3.10/site-packages/airflow/example_dags/example_python_decorator.py for tasks to queue
[2024-08-09T20:16:31.897+0200] {logging_mixin.py:188} INFO - [2024-08-09T20:16:31.896+0200] {dagbag.py:545} INFO - Filling up the DagBag from /home/bvpelt/Develop/airflowtut/py_env/lib/python3.10/site-packages/airflow/example_dags/example_python_decorator.py
[2024-08-09T20:16:31.902+0200] {logging_mixin.py:188} INFO - [2024-08-09T20:16:31.902+0200] {example_python_decorator.py:80} WARNING - The virtalenv_python example task requires virtualenv, please install it.
[2024-08-09T20:16:31.902+0200] {processor.py:840} INFO - DAG(s) 'example_python_decorator' retrieved from /home/bvpelt/Develop/airflowtut/py_env/lib/python3.10/site-packages/airflow/example_dags/example_python_decorator.py
[2024-08-09T20:16:31.911+0200] {logging_mixin.py:188} INFO - [2024-08-09T20:16:31.911+0200] {dag.py:3089} INFO - Sync 1 DAGs
[2024-08-09T20:16:31.917+0200] {logging_mixin.py:188} INFO - [2024-08-09T20:16:31.917+0200] {dag.py:3947} INFO - Setting next_dagrun for example_python_decorator to None, run_after=None
[2024-08-09T20:16:32.001+0200] {processor.py:183} INFO - Processing /home/bvpelt/Develop/airflowtut/py_env/lib/python3.10/site-packages/airflow/example_dags/example_python_decorator.py took 0.109 seconds
