[2024-08-09T19:42:34.471+0200] {processor.py:161} INFO - Started process (PID=17622) to work on /home/bvpelt/Develop/airflowtut/py_env/lib/python3.10/site-packages/airflow/example_dags/example_trigger_controller_dag.py
[2024-08-09T19:42:34.472+0200] {processor.py:830} INFO - Processing file /home/bvpelt/Develop/airflowtut/py_env/lib/python3.10/site-packages/airflow/example_dags/example_trigger_controller_dag.py for tasks to queue
[2024-08-09T19:42:34.473+0200] {logging_mixin.py:188} INFO - [2024-08-09T19:42:34.472+0200] {dagbag.py:545} INFO - Filling up the DagBag from /home/bvpelt/Develop/airflowtut/py_env/lib/python3.10/site-packages/airflow/example_dags/example_trigger_controller_dag.py
[2024-08-09T19:42:34.477+0200] {processor.py:840} INFO - DAG(s) 'example_trigger_controller_dag' retrieved from /home/bvpelt/Develop/airflowtut/py_env/lib/python3.10/site-packages/airflow/example_dags/example_trigger_controller_dag.py
[2024-08-09T19:42:35.061+0200] {logging_mixin.py:188} INFO - [2024-08-09T19:42:35.059+0200] {override.py:1858} INFO - Created Permission View: can edit on DAG:example_trigger_controller_dag
[2024-08-09T19:42:35.232+0200] {logging_mixin.py:188} INFO - [2024-08-09T19:42:35.231+0200] {override.py:1858} INFO - Created Permission View: can read on DAG:example_trigger_controller_dag
[2024-08-09T19:42:35.316+0200] {logging_mixin.py:188} INFO - [2024-08-09T19:42:35.315+0200] {override.py:1858} INFO - Created Permission View: can delete on DAG:example_trigger_controller_dag
[2024-08-09T19:42:35.317+0200] {logging_mixin.py:188} INFO - [2024-08-09T19:42:35.317+0200] {dag.py:3089} INFO - Sync 1 DAGs
[2024-08-09T19:42:35.349+0200] {logging_mixin.py:188} INFO - [2024-08-09T19:42:35.349+0200] {dag.py:3111} INFO - Creating ORM DAG for example_trigger_controller_dag
[2024-08-09T19:42:35.361+0200] {logging_mixin.py:188} INFO - [2024-08-09T19:42:35.360+0200] {dag.py:3947} INFO - Setting next_dagrun for example_trigger_controller_dag to 2021-01-01 00:00:00+00:00, run_after=2021-01-01 00:00:00+00:00
[2024-08-09T19:42:35.498+0200] {processor.py:183} INFO - Processing /home/bvpelt/Develop/airflowtut/py_env/lib/python3.10/site-packages/airflow/example_dags/example_trigger_controller_dag.py took 1.031 seconds
[2024-08-09T19:43:53.487+0200] {processor.py:161} INFO - Started process (PID=17886) to work on /home/bvpelt/Develop/airflowtut/py_env/lib/python3.10/site-packages/airflow/example_dags/example_trigger_controller_dag.py
[2024-08-09T19:43:53.488+0200] {processor.py:830} INFO - Processing file /home/bvpelt/Develop/airflowtut/py_env/lib/python3.10/site-packages/airflow/example_dags/example_trigger_controller_dag.py for tasks to queue
[2024-08-09T19:43:53.489+0200] {logging_mixin.py:188} INFO - [2024-08-09T19:43:53.489+0200] {dagbag.py:545} INFO - Filling up the DagBag from /home/bvpelt/Develop/airflowtut/py_env/lib/python3.10/site-packages/airflow/example_dags/example_trigger_controller_dag.py
[2024-08-09T19:43:53.493+0200] {processor.py:840} INFO - DAG(s) 'example_trigger_controller_dag' retrieved from /home/bvpelt/Develop/airflowtut/py_env/lib/python3.10/site-packages/airflow/example_dags/example_trigger_controller_dag.py
[2024-08-09T19:43:53.502+0200] {logging_mixin.py:188} INFO - [2024-08-09T19:43:53.501+0200] {dag.py:3089} INFO - Sync 1 DAGs
[2024-08-09T19:43:53.512+0200] {logging_mixin.py:188} INFO - [2024-08-09T19:43:53.512+0200] {dag.py:3947} INFO - Setting next_dagrun for example_trigger_controller_dag to 2021-01-01 00:00:00+00:00, run_after=2021-01-01 00:00:00+00:00
[2024-08-09T19:43:53.580+0200] {processor.py:183} INFO - Processing /home/bvpelt/Develop/airflowtut/py_env/lib/python3.10/site-packages/airflow/example_dags/example_trigger_controller_dag.py took 0.097 seconds
[2024-08-09T19:44:48.257+0200] {processor.py:161} INFO - Started process (PID=18187) to work on /home/bvpelt/Develop/airflowtut/py_env/lib/python3.10/site-packages/airflow/example_dags/example_trigger_controller_dag.py
[2024-08-09T19:44:48.259+0200] {processor.py:830} INFO - Processing file /home/bvpelt/Develop/airflowtut/py_env/lib/python3.10/site-packages/airflow/example_dags/example_trigger_controller_dag.py for tasks to queue
[2024-08-09T19:44:48.263+0200] {logging_mixin.py:188} INFO - [2024-08-09T19:44:48.262+0200] {dagbag.py:545} INFO - Filling up the DagBag from /home/bvpelt/Develop/airflowtut/py_env/lib/python3.10/site-packages/airflow/example_dags/example_trigger_controller_dag.py
[2024-08-09T19:44:48.270+0200] {processor.py:840} INFO - DAG(s) 'example_trigger_controller_dag' retrieved from /home/bvpelt/Develop/airflowtut/py_env/lib/python3.10/site-packages/airflow/example_dags/example_trigger_controller_dag.py
[2024-08-09T19:44:48.284+0200] {logging_mixin.py:188} INFO - [2024-08-09T19:44:48.284+0200] {dag.py:3089} INFO - Sync 1 DAGs
[2024-08-09T19:44:48.298+0200] {logging_mixin.py:188} INFO - [2024-08-09T19:44:48.298+0200] {dag.py:3947} INFO - Setting next_dagrun for example_trigger_controller_dag to 2021-01-01 00:00:00+00:00, run_after=2021-01-01 00:00:00+00:00
[2024-08-09T19:44:48.460+0200] {processor.py:183} INFO - Processing /home/bvpelt/Develop/airflowtut/py_env/lib/python3.10/site-packages/airflow/example_dags/example_trigger_controller_dag.py took 0.219 seconds
[2024-08-09T19:45:43.033+0200] {processor.py:161} INFO - Started process (PID=18305) to work on /home/bvpelt/Develop/airflowtut/py_env/lib/python3.10/site-packages/airflow/example_dags/example_trigger_controller_dag.py
[2024-08-09T19:45:43.034+0200] {processor.py:830} INFO - Processing file /home/bvpelt/Develop/airflowtut/py_env/lib/python3.10/site-packages/airflow/example_dags/example_trigger_controller_dag.py for tasks to queue
[2024-08-09T19:45:43.034+0200] {logging_mixin.py:188} INFO - [2024-08-09T19:45:43.034+0200] {dagbag.py:545} INFO - Filling up the DagBag from /home/bvpelt/Develop/airflowtut/py_env/lib/python3.10/site-packages/airflow/example_dags/example_trigger_controller_dag.py
[2024-08-09T19:45:43.037+0200] {processor.py:840} INFO - DAG(s) 'example_trigger_controller_dag' retrieved from /home/bvpelt/Develop/airflowtut/py_env/lib/python3.10/site-packages/airflow/example_dags/example_trigger_controller_dag.py
[2024-08-09T19:45:43.045+0200] {logging_mixin.py:188} INFO - [2024-08-09T19:45:43.045+0200] {dag.py:3089} INFO - Sync 1 DAGs
[2024-08-09T19:45:43.056+0200] {logging_mixin.py:188} INFO - [2024-08-09T19:45:43.056+0200] {dag.py:3947} INFO - Setting next_dagrun for example_trigger_controller_dag to 2021-01-01 00:00:00+00:00, run_after=2021-01-01 00:00:00+00:00
[2024-08-09T19:45:43.154+0200] {processor.py:183} INFO - Processing /home/bvpelt/Develop/airflowtut/py_env/lib/python3.10/site-packages/airflow/example_dags/example_trigger_controller_dag.py took 0.124 seconds
[2024-08-09T19:46:31.286+0200] {processor.py:161} INFO - Started process (PID=18600) to work on /home/bvpelt/Develop/airflowtut/py_env/lib/python3.10/site-packages/airflow/example_dags/example_trigger_controller_dag.py
[2024-08-09T19:46:31.286+0200] {processor.py:830} INFO - Processing file /home/bvpelt/Develop/airflowtut/py_env/lib/python3.10/site-packages/airflow/example_dags/example_trigger_controller_dag.py for tasks to queue
[2024-08-09T19:46:31.288+0200] {logging_mixin.py:188} INFO - [2024-08-09T19:46:31.287+0200] {dagbag.py:545} INFO - Filling up the DagBag from /home/bvpelt/Develop/airflowtut/py_env/lib/python3.10/site-packages/airflow/example_dags/example_trigger_controller_dag.py
[2024-08-09T19:46:31.290+0200] {processor.py:840} INFO - DAG(s) 'example_trigger_controller_dag' retrieved from /home/bvpelt/Develop/airflowtut/py_env/lib/python3.10/site-packages/airflow/example_dags/example_trigger_controller_dag.py
[2024-08-09T19:46:31.298+0200] {logging_mixin.py:188} INFO - [2024-08-09T19:46:31.298+0200] {dag.py:3089} INFO - Sync 1 DAGs
[2024-08-09T19:46:31.309+0200] {logging_mixin.py:188} INFO - [2024-08-09T19:46:31.309+0200] {dag.py:3947} INFO - Setting next_dagrun for example_trigger_controller_dag to 2021-01-01 00:00:00+00:00, run_after=2021-01-01 00:00:00+00:00
[2024-08-09T19:46:31.383+0200] {processor.py:183} INFO - Processing /home/bvpelt/Develop/airflowtut/py_env/lib/python3.10/site-packages/airflow/example_dags/example_trigger_controller_dag.py took 0.100 seconds
[2024-08-09T19:47:26.282+0200] {processor.py:161} INFO - Started process (PID=18892) to work on /home/bvpelt/Develop/airflowtut/py_env/lib/python3.10/site-packages/airflow/example_dags/example_trigger_controller_dag.py
[2024-08-09T19:47:26.297+0200] {processor.py:830} INFO - Processing file /home/bvpelt/Develop/airflowtut/py_env/lib/python3.10/site-packages/airflow/example_dags/example_trigger_controller_dag.py for tasks to queue
[2024-08-09T19:47:26.298+0200] {logging_mixin.py:188} INFO - [2024-08-09T19:47:26.298+0200] {dagbag.py:545} INFO - Filling up the DagBag from /home/bvpelt/Develop/airflowtut/py_env/lib/python3.10/site-packages/airflow/example_dags/example_trigger_controller_dag.py
[2024-08-09T19:47:26.302+0200] {processor.py:840} INFO - DAG(s) 'example_trigger_controller_dag' retrieved from /home/bvpelt/Develop/airflowtut/py_env/lib/python3.10/site-packages/airflow/example_dags/example_trigger_controller_dag.py
[2024-08-09T19:47:26.309+0200] {logging_mixin.py:188} INFO - [2024-08-09T19:47:26.309+0200] {dag.py:3089} INFO - Sync 1 DAGs
[2024-08-09T19:47:26.320+0200] {logging_mixin.py:188} INFO - [2024-08-09T19:47:26.320+0200] {dag.py:3947} INFO - Setting next_dagrun for example_trigger_controller_dag to 2021-01-01 00:00:00+00:00, run_after=2021-01-01 00:00:00+00:00
[2024-08-09T19:47:26.387+0200] {processor.py:183} INFO - Processing /home/bvpelt/Develop/airflowtut/py_env/lib/python3.10/site-packages/airflow/example_dags/example_trigger_controller_dag.py took 0.108 seconds
[2024-08-09T19:48:16.555+0200] {processor.py:161} INFO - Started process (PID=19034) to work on /home/bvpelt/Develop/airflowtut/py_env/lib/python3.10/site-packages/airflow/example_dags/example_trigger_controller_dag.py
[2024-08-09T19:48:16.588+0200] {processor.py:830} INFO - Processing file /home/bvpelt/Develop/airflowtut/py_env/lib/python3.10/site-packages/airflow/example_dags/example_trigger_controller_dag.py for tasks to queue
[2024-08-09T19:48:16.592+0200] {logging_mixin.py:188} INFO - [2024-08-09T19:48:16.591+0200] {dagbag.py:545} INFO - Filling up the DagBag from /home/bvpelt/Develop/airflowtut/py_env/lib/python3.10/site-packages/airflow/example_dags/example_trigger_controller_dag.py
[2024-08-09T19:48:16.604+0200] {processor.py:840} INFO - DAG(s) 'example_trigger_controller_dag' retrieved from /home/bvpelt/Develop/airflowtut/py_env/lib/python3.10/site-packages/airflow/example_dags/example_trigger_controller_dag.py
[2024-08-09T19:48:16.628+0200] {logging_mixin.py:188} INFO - [2024-08-09T19:48:16.628+0200] {dag.py:3089} INFO - Sync 1 DAGs
[2024-08-09T19:48:16.644+0200] {logging_mixin.py:188} INFO - [2024-08-09T19:48:16.644+0200] {dag.py:3947} INFO - Setting next_dagrun for example_trigger_controller_dag to 2021-01-01 00:00:00+00:00, run_after=2021-01-01 00:00:00+00:00
[2024-08-09T19:48:16.738+0200] {processor.py:183} INFO - Processing /home/bvpelt/Develop/airflowtut/py_env/lib/python3.10/site-packages/airflow/example_dags/example_trigger_controller_dag.py took 0.198 seconds
[2024-08-09T19:49:06.529+0200] {processor.py:161} INFO - Started process (PID=19143) to work on /home/bvpelt/Develop/airflowtut/py_env/lib/python3.10/site-packages/airflow/example_dags/example_trigger_controller_dag.py
[2024-08-09T19:49:06.544+0200] {processor.py:830} INFO - Processing file /home/bvpelt/Develop/airflowtut/py_env/lib/python3.10/site-packages/airflow/example_dags/example_trigger_controller_dag.py for tasks to queue
[2024-08-09T19:49:06.545+0200] {logging_mixin.py:188} INFO - [2024-08-09T19:49:06.544+0200] {dagbag.py:545} INFO - Filling up the DagBag from /home/bvpelt/Develop/airflowtut/py_env/lib/python3.10/site-packages/airflow/example_dags/example_trigger_controller_dag.py
[2024-08-09T19:49:06.548+0200] {processor.py:840} INFO - DAG(s) 'example_trigger_controller_dag' retrieved from /home/bvpelt/Develop/airflowtut/py_env/lib/python3.10/site-packages/airflow/example_dags/example_trigger_controller_dag.py
[2024-08-09T19:49:06.556+0200] {logging_mixin.py:188} INFO - [2024-08-09T19:49:06.556+0200] {dag.py:3089} INFO - Sync 1 DAGs
[2024-08-09T19:49:06.567+0200] {logging_mixin.py:188} INFO - [2024-08-09T19:49:06.567+0200] {dag.py:3947} INFO - Setting next_dagrun for example_trigger_controller_dag to 2021-01-01 00:00:00+00:00, run_after=2021-01-01 00:00:00+00:00
[2024-08-09T19:49:06.679+0200] {processor.py:183} INFO - Processing /home/bvpelt/Develop/airflowtut/py_env/lib/python3.10/site-packages/airflow/example_dags/example_trigger_controller_dag.py took 0.154 seconds
[2024-08-09T19:49:58.431+0200] {processor.py:161} INFO - Started process (PID=19310) to work on /home/bvpelt/Develop/airflowtut/py_env/lib/python3.10/site-packages/airflow/example_dags/example_trigger_controller_dag.py
[2024-08-09T19:49:58.432+0200] {processor.py:830} INFO - Processing file /home/bvpelt/Develop/airflowtut/py_env/lib/python3.10/site-packages/airflow/example_dags/example_trigger_controller_dag.py for tasks to queue
[2024-08-09T19:49:58.433+0200] {logging_mixin.py:188} INFO - [2024-08-09T19:49:58.432+0200] {dagbag.py:545} INFO - Filling up the DagBag from /home/bvpelt/Develop/airflowtut/py_env/lib/python3.10/site-packages/airflow/example_dags/example_trigger_controller_dag.py
[2024-08-09T19:49:58.435+0200] {processor.py:840} INFO - DAG(s) 'example_trigger_controller_dag' retrieved from /home/bvpelt/Develop/airflowtut/py_env/lib/python3.10/site-packages/airflow/example_dags/example_trigger_controller_dag.py
[2024-08-09T19:49:58.445+0200] {logging_mixin.py:188} INFO - [2024-08-09T19:49:58.444+0200] {dag.py:3089} INFO - Sync 1 DAGs
[2024-08-09T19:49:58.456+0200] {logging_mixin.py:188} INFO - [2024-08-09T19:49:58.455+0200] {dag.py:3947} INFO - Setting next_dagrun for example_trigger_controller_dag to 2021-01-01 00:00:00+00:00, run_after=2021-01-01 00:00:00+00:00
[2024-08-09T19:49:58.558+0200] {processor.py:183} INFO - Processing /home/bvpelt/Develop/airflowtut/py_env/lib/python3.10/site-packages/airflow/example_dags/example_trigger_controller_dag.py took 0.130 seconds
[2024-08-09T19:50:51.028+0200] {processor.py:161} INFO - Started process (PID=19403) to work on /home/bvpelt/Develop/airflowtut/py_env/lib/python3.10/site-packages/airflow/example_dags/example_trigger_controller_dag.py
[2024-08-09T19:50:51.029+0200] {processor.py:830} INFO - Processing file /home/bvpelt/Develop/airflowtut/py_env/lib/python3.10/site-packages/airflow/example_dags/example_trigger_controller_dag.py for tasks to queue
[2024-08-09T19:50:51.030+0200] {logging_mixin.py:188} INFO - [2024-08-09T19:50:51.030+0200] {dagbag.py:545} INFO - Filling up the DagBag from /home/bvpelt/Develop/airflowtut/py_env/lib/python3.10/site-packages/airflow/example_dags/example_trigger_controller_dag.py
[2024-08-09T19:50:51.033+0200] {processor.py:840} INFO - DAG(s) 'example_trigger_controller_dag' retrieved from /home/bvpelt/Develop/airflowtut/py_env/lib/python3.10/site-packages/airflow/example_dags/example_trigger_controller_dag.py
[2024-08-09T19:50:51.044+0200] {logging_mixin.py:188} INFO - [2024-08-09T19:50:51.043+0200] {dag.py:3089} INFO - Sync 1 DAGs
[2024-08-09T19:50:51.057+0200] {logging_mixin.py:188} INFO - [2024-08-09T19:50:51.057+0200] {dag.py:3947} INFO - Setting next_dagrun for example_trigger_controller_dag to 2021-01-01 00:00:00+00:00, run_after=2021-01-01 00:00:00+00:00
[2024-08-09T19:50:51.191+0200] {processor.py:183} INFO - Processing /home/bvpelt/Develop/airflowtut/py_env/lib/python3.10/site-packages/airflow/example_dags/example_trigger_controller_dag.py took 0.167 seconds
[2024-08-09T19:51:40.958+0200] {processor.py:161} INFO - Started process (PID=19548) to work on /home/bvpelt/Develop/airflowtut/py_env/lib/python3.10/site-packages/airflow/example_dags/example_trigger_controller_dag.py
[2024-08-09T19:51:40.959+0200] {processor.py:830} INFO - Processing file /home/bvpelt/Develop/airflowtut/py_env/lib/python3.10/site-packages/airflow/example_dags/example_trigger_controller_dag.py for tasks to queue
[2024-08-09T19:51:40.960+0200] {logging_mixin.py:188} INFO - [2024-08-09T19:51:40.960+0200] {dagbag.py:545} INFO - Filling up the DagBag from /home/bvpelt/Develop/airflowtut/py_env/lib/python3.10/site-packages/airflow/example_dags/example_trigger_controller_dag.py
[2024-08-09T19:51:40.966+0200] {processor.py:840} INFO - DAG(s) 'example_trigger_controller_dag' retrieved from /home/bvpelt/Develop/airflowtut/py_env/lib/python3.10/site-packages/airflow/example_dags/example_trigger_controller_dag.py
[2024-08-09T19:51:40.981+0200] {logging_mixin.py:188} INFO - [2024-08-09T19:51:40.980+0200] {dag.py:3089} INFO - Sync 1 DAGs
[2024-08-09T19:51:40.995+0200] {logging_mixin.py:188} INFO - [2024-08-09T19:51:40.995+0200] {dag.py:3947} INFO - Setting next_dagrun for example_trigger_controller_dag to 2021-01-01 00:00:00+00:00, run_after=2021-01-01 00:00:00+00:00
[2024-08-09T19:51:41.110+0200] {processor.py:183} INFO - Processing /home/bvpelt/Develop/airflowtut/py_env/lib/python3.10/site-packages/airflow/example_dags/example_trigger_controller_dag.py took 0.159 seconds
[2024-08-09T19:52:37.045+0200] {processor.py:161} INFO - Started process (PID=20044) to work on /home/bvpelt/Develop/airflowtut/py_env/lib/python3.10/site-packages/airflow/example_dags/example_trigger_controller_dag.py
[2024-08-09T19:52:37.046+0200] {processor.py:830} INFO - Processing file /home/bvpelt/Develop/airflowtut/py_env/lib/python3.10/site-packages/airflow/example_dags/example_trigger_controller_dag.py for tasks to queue
[2024-08-09T19:52:37.047+0200] {logging_mixin.py:188} INFO - [2024-08-09T19:52:37.047+0200] {dagbag.py:545} INFO - Filling up the DagBag from /home/bvpelt/Develop/airflowtut/py_env/lib/python3.10/site-packages/airflow/example_dags/example_trigger_controller_dag.py
[2024-08-09T19:52:37.052+0200] {processor.py:840} INFO - DAG(s) 'example_trigger_controller_dag' retrieved from /home/bvpelt/Develop/airflowtut/py_env/lib/python3.10/site-packages/airflow/example_dags/example_trigger_controller_dag.py
[2024-08-09T19:52:37.067+0200] {logging_mixin.py:188} INFO - [2024-08-09T19:52:37.067+0200] {dag.py:3089} INFO - Sync 1 DAGs
[2024-08-09T19:52:37.082+0200] {logging_mixin.py:188} INFO - [2024-08-09T19:52:37.082+0200] {dag.py:3947} INFO - Setting next_dagrun for example_trigger_controller_dag to 2021-01-01 00:00:00+00:00, run_after=2021-01-01 00:00:00+00:00
[2024-08-09T19:52:37.185+0200] {processor.py:183} INFO - Processing /home/bvpelt/Develop/airflowtut/py_env/lib/python3.10/site-packages/airflow/example_dags/example_trigger_controller_dag.py took 0.145 seconds
[2024-08-09T19:53:21.515+0200] {processor.py:161} INFO - Started process (PID=20090) to work on /home/bvpelt/Develop/airflowtut/py_env/lib/python3.10/site-packages/airflow/example_dags/example_trigger_controller_dag.py
[2024-08-09T19:53:21.515+0200] {processor.py:830} INFO - Processing file /home/bvpelt/Develop/airflowtut/py_env/lib/python3.10/site-packages/airflow/example_dags/example_trigger_controller_dag.py for tasks to queue
[2024-08-09T19:53:21.516+0200] {logging_mixin.py:188} INFO - [2024-08-09T19:53:21.516+0200] {dagbag.py:545} INFO - Filling up the DagBag from /home/bvpelt/Develop/airflowtut/py_env/lib/python3.10/site-packages/airflow/example_dags/example_trigger_controller_dag.py
[2024-08-09T19:53:21.519+0200] {processor.py:840} INFO - DAG(s) 'example_trigger_controller_dag' retrieved from /home/bvpelt/Develop/airflowtut/py_env/lib/python3.10/site-packages/airflow/example_dags/example_trigger_controller_dag.py
[2024-08-09T19:53:21.527+0200] {logging_mixin.py:188} INFO - [2024-08-09T19:53:21.527+0200] {dag.py:3089} INFO - Sync 1 DAGs
[2024-08-09T19:53:21.537+0200] {logging_mixin.py:188} INFO - [2024-08-09T19:53:21.537+0200] {dag.py:3947} INFO - Setting next_dagrun for example_trigger_controller_dag to 2021-01-01 00:00:00+00:00, run_after=2021-01-01 00:00:00+00:00
[2024-08-09T19:53:21.654+0200] {processor.py:183} INFO - Processing /home/bvpelt/Develop/airflowtut/py_env/lib/python3.10/site-packages/airflow/example_dags/example_trigger_controller_dag.py took 0.143 seconds
[2024-08-09T19:54:15.908+0200] {processor.py:161} INFO - Started process (PID=20155) to work on /home/bvpelt/Develop/airflowtut/py_env/lib/python3.10/site-packages/airflow/example_dags/example_trigger_controller_dag.py
[2024-08-09T19:54:15.909+0200] {processor.py:830} INFO - Processing file /home/bvpelt/Develop/airflowtut/py_env/lib/python3.10/site-packages/airflow/example_dags/example_trigger_controller_dag.py for tasks to queue
[2024-08-09T19:54:15.910+0200] {logging_mixin.py:188} INFO - [2024-08-09T19:54:15.910+0200] {dagbag.py:545} INFO - Filling up the DagBag from /home/bvpelt/Develop/airflowtut/py_env/lib/python3.10/site-packages/airflow/example_dags/example_trigger_controller_dag.py
[2024-08-09T19:54:15.915+0200] {processor.py:840} INFO - DAG(s) 'example_trigger_controller_dag' retrieved from /home/bvpelt/Develop/airflowtut/py_env/lib/python3.10/site-packages/airflow/example_dags/example_trigger_controller_dag.py
[2024-08-09T19:54:15.927+0200] {logging_mixin.py:188} INFO - [2024-08-09T19:54:15.927+0200] {dag.py:3089} INFO - Sync 1 DAGs
[2024-08-09T19:54:15.942+0200] {logging_mixin.py:188} INFO - [2024-08-09T19:54:15.942+0200] {dag.py:3947} INFO - Setting next_dagrun for example_trigger_controller_dag to 2021-01-01 00:00:00+00:00, run_after=2021-01-01 00:00:00+00:00
[2024-08-09T19:54:16.015+0200] {processor.py:183} INFO - Processing /home/bvpelt/Develop/airflowtut/py_env/lib/python3.10/site-packages/airflow/example_dags/example_trigger_controller_dag.py took 0.112 seconds
[2024-08-09T19:55:08.248+0200] {processor.py:161} INFO - Started process (PID=20251) to work on /home/bvpelt/Develop/airflowtut/py_env/lib/python3.10/site-packages/airflow/example_dags/example_trigger_controller_dag.py
[2024-08-09T19:55:08.261+0200] {processor.py:830} INFO - Processing file /home/bvpelt/Develop/airflowtut/py_env/lib/python3.10/site-packages/airflow/example_dags/example_trigger_controller_dag.py for tasks to queue
[2024-08-09T19:55:08.262+0200] {logging_mixin.py:188} INFO - [2024-08-09T19:55:08.262+0200] {dagbag.py:545} INFO - Filling up the DagBag from /home/bvpelt/Develop/airflowtut/py_env/lib/python3.10/site-packages/airflow/example_dags/example_trigger_controller_dag.py
[2024-08-09T19:55:08.265+0200] {processor.py:840} INFO - DAG(s) 'example_trigger_controller_dag' retrieved from /home/bvpelt/Develop/airflowtut/py_env/lib/python3.10/site-packages/airflow/example_dags/example_trigger_controller_dag.py
[2024-08-09T19:55:08.273+0200] {logging_mixin.py:188} INFO - [2024-08-09T19:55:08.273+0200] {dag.py:3089} INFO - Sync 1 DAGs
[2024-08-09T19:55:08.285+0200] {logging_mixin.py:188} INFO - [2024-08-09T19:55:08.285+0200] {dag.py:3947} INFO - Setting next_dagrun for example_trigger_controller_dag to 2021-01-01 00:00:00+00:00, run_after=2021-01-01 00:00:00+00:00
[2024-08-09T19:55:08.381+0200] {processor.py:183} INFO - Processing /home/bvpelt/Develop/airflowtut/py_env/lib/python3.10/site-packages/airflow/example_dags/example_trigger_controller_dag.py took 0.136 seconds
[2024-08-09T19:55:55.602+0200] {processor.py:161} INFO - Started process (PID=20317) to work on /home/bvpelt/Develop/airflowtut/py_env/lib/python3.10/site-packages/airflow/example_dags/example_trigger_controller_dag.py
[2024-08-09T19:55:55.602+0200] {processor.py:830} INFO - Processing file /home/bvpelt/Develop/airflowtut/py_env/lib/python3.10/site-packages/airflow/example_dags/example_trigger_controller_dag.py for tasks to queue
[2024-08-09T19:55:55.603+0200] {logging_mixin.py:188} INFO - [2024-08-09T19:55:55.603+0200] {dagbag.py:545} INFO - Filling up the DagBag from /home/bvpelt/Develop/airflowtut/py_env/lib/python3.10/site-packages/airflow/example_dags/example_trigger_controller_dag.py
[2024-08-09T19:55:55.606+0200] {processor.py:840} INFO - DAG(s) 'example_trigger_controller_dag' retrieved from /home/bvpelt/Develop/airflowtut/py_env/lib/python3.10/site-packages/airflow/example_dags/example_trigger_controller_dag.py
[2024-08-09T19:55:55.614+0200] {logging_mixin.py:188} INFO - [2024-08-09T19:55:55.613+0200] {dag.py:3089} INFO - Sync 1 DAGs
[2024-08-09T19:55:55.624+0200] {logging_mixin.py:188} INFO - [2024-08-09T19:55:55.624+0200] {dag.py:3947} INFO - Setting next_dagrun for example_trigger_controller_dag to 2021-01-01 00:00:00+00:00, run_after=2021-01-01 00:00:00+00:00
[2024-08-09T19:55:55.706+0200] {processor.py:183} INFO - Processing /home/bvpelt/Develop/airflowtut/py_env/lib/python3.10/site-packages/airflow/example_dags/example_trigger_controller_dag.py took 0.108 seconds
[2024-08-09T19:56:44.382+0200] {processor.py:161} INFO - Started process (PID=20375) to work on /home/bvpelt/Develop/airflowtut/py_env/lib/python3.10/site-packages/airflow/example_dags/example_trigger_controller_dag.py
[2024-08-09T19:56:44.384+0200] {processor.py:830} INFO - Processing file /home/bvpelt/Develop/airflowtut/py_env/lib/python3.10/site-packages/airflow/example_dags/example_trigger_controller_dag.py for tasks to queue
[2024-08-09T19:56:44.388+0200] {logging_mixin.py:188} INFO - [2024-08-09T19:56:44.387+0200] {dagbag.py:545} INFO - Filling up the DagBag from /home/bvpelt/Develop/airflowtut/py_env/lib/python3.10/site-packages/airflow/example_dags/example_trigger_controller_dag.py
[2024-08-09T19:56:44.396+0200] {processor.py:840} INFO - DAG(s) 'example_trigger_controller_dag' retrieved from /home/bvpelt/Develop/airflowtut/py_env/lib/python3.10/site-packages/airflow/example_dags/example_trigger_controller_dag.py
[2024-08-09T19:56:44.411+0200] {logging_mixin.py:188} INFO - [2024-08-09T19:56:44.410+0200] {dag.py:3089} INFO - Sync 1 DAGs
[2024-08-09T19:56:44.424+0200] {logging_mixin.py:188} INFO - [2024-08-09T19:56:44.424+0200] {dag.py:3947} INFO - Setting next_dagrun for example_trigger_controller_dag to 2021-01-01 00:00:00+00:00, run_after=2021-01-01 00:00:00+00:00
[2024-08-09T19:56:44.523+0200] {processor.py:183} INFO - Processing /home/bvpelt/Develop/airflowtut/py_env/lib/python3.10/site-packages/airflow/example_dags/example_trigger_controller_dag.py took 0.157 seconds
[2024-08-09T19:57:35.415+0200] {processor.py:161} INFO - Started process (PID=20502) to work on /home/bvpelt/Develop/airflowtut/py_env/lib/python3.10/site-packages/airflow/example_dags/example_trigger_controller_dag.py
[2024-08-09T19:57:35.416+0200] {processor.py:830} INFO - Processing file /home/bvpelt/Develop/airflowtut/py_env/lib/python3.10/site-packages/airflow/example_dags/example_trigger_controller_dag.py for tasks to queue
[2024-08-09T19:57:35.417+0200] {logging_mixin.py:188} INFO - [2024-08-09T19:57:35.416+0200] {dagbag.py:545} INFO - Filling up the DagBag from /home/bvpelt/Develop/airflowtut/py_env/lib/python3.10/site-packages/airflow/example_dags/example_trigger_controller_dag.py
[2024-08-09T19:57:35.419+0200] {processor.py:840} INFO - DAG(s) 'example_trigger_controller_dag' retrieved from /home/bvpelt/Develop/airflowtut/py_env/lib/python3.10/site-packages/airflow/example_dags/example_trigger_controller_dag.py
[2024-08-09T19:57:35.428+0200] {logging_mixin.py:188} INFO - [2024-08-09T19:57:35.428+0200] {dag.py:3089} INFO - Sync 1 DAGs
[2024-08-09T19:57:35.438+0200] {logging_mixin.py:188} INFO - [2024-08-09T19:57:35.438+0200] {dag.py:3947} INFO - Setting next_dagrun for example_trigger_controller_dag to 2021-01-01 00:00:00+00:00, run_after=2021-01-01 00:00:00+00:00
[2024-08-09T19:57:35.535+0200] {processor.py:183} INFO - Processing /home/bvpelt/Develop/airflowtut/py_env/lib/python3.10/site-packages/airflow/example_dags/example_trigger_controller_dag.py took 0.123 seconds
[2024-08-09T19:58:26.377+0200] {processor.py:161} INFO - Started process (PID=20603) to work on /home/bvpelt/Develop/airflowtut/py_env/lib/python3.10/site-packages/airflow/example_dags/example_trigger_controller_dag.py
[2024-08-09T19:58:26.387+0200] {processor.py:830} INFO - Processing file /home/bvpelt/Develop/airflowtut/py_env/lib/python3.10/site-packages/airflow/example_dags/example_trigger_controller_dag.py for tasks to queue
[2024-08-09T19:58:26.388+0200] {logging_mixin.py:188} INFO - [2024-08-09T19:58:26.388+0200] {dagbag.py:545} INFO - Filling up the DagBag from /home/bvpelt/Develop/airflowtut/py_env/lib/python3.10/site-packages/airflow/example_dags/example_trigger_controller_dag.py
[2024-08-09T19:58:26.391+0200] {processor.py:840} INFO - DAG(s) 'example_trigger_controller_dag' retrieved from /home/bvpelt/Develop/airflowtut/py_env/lib/python3.10/site-packages/airflow/example_dags/example_trigger_controller_dag.py
[2024-08-09T19:58:26.401+0200] {logging_mixin.py:188} INFO - [2024-08-09T19:58:26.400+0200] {dag.py:3089} INFO - Sync 1 DAGs
[2024-08-09T19:58:26.414+0200] {logging_mixin.py:188} INFO - [2024-08-09T19:58:26.414+0200] {dag.py:3947} INFO - Setting next_dagrun for example_trigger_controller_dag to 2021-01-01 00:00:00+00:00, run_after=2021-01-01 00:00:00+00:00
[2024-08-09T19:58:26.515+0200] {processor.py:183} INFO - Processing /home/bvpelt/Develop/airflowtut/py_env/lib/python3.10/site-packages/airflow/example_dags/example_trigger_controller_dag.py took 0.142 seconds
[2024-08-09T19:59:25.173+0200] {processor.py:161} INFO - Started process (PID=20700) to work on /home/bvpelt/Develop/airflowtut/py_env/lib/python3.10/site-packages/airflow/example_dags/example_trigger_controller_dag.py
[2024-08-09T19:59:25.187+0200] {processor.py:830} INFO - Processing file /home/bvpelt/Develop/airflowtut/py_env/lib/python3.10/site-packages/airflow/example_dags/example_trigger_controller_dag.py for tasks to queue
[2024-08-09T19:59:25.188+0200] {logging_mixin.py:188} INFO - [2024-08-09T19:59:25.188+0200] {dagbag.py:545} INFO - Filling up the DagBag from /home/bvpelt/Develop/airflowtut/py_env/lib/python3.10/site-packages/airflow/example_dags/example_trigger_controller_dag.py
[2024-08-09T19:59:25.192+0200] {processor.py:840} INFO - DAG(s) 'example_trigger_controller_dag' retrieved from /home/bvpelt/Develop/airflowtut/py_env/lib/python3.10/site-packages/airflow/example_dags/example_trigger_controller_dag.py
[2024-08-09T19:59:25.200+0200] {logging_mixin.py:188} INFO - [2024-08-09T19:59:25.200+0200] {dag.py:3089} INFO - Sync 1 DAGs
[2024-08-09T19:59:25.210+0200] {logging_mixin.py:188} INFO - [2024-08-09T19:59:25.210+0200] {dag.py:3947} INFO - Setting next_dagrun for example_trigger_controller_dag to 2021-01-01 00:00:00+00:00, run_after=2021-01-01 00:00:00+00:00
[2024-08-09T19:59:25.287+0200] {processor.py:183} INFO - Processing /home/bvpelt/Develop/airflowtut/py_env/lib/python3.10/site-packages/airflow/example_dags/example_trigger_controller_dag.py took 0.117 seconds
[2024-08-09T20:00:17.251+0200] {processor.py:161} INFO - Started process (PID=20777) to work on /home/bvpelt/Develop/airflowtut/py_env/lib/python3.10/site-packages/airflow/example_dags/example_trigger_controller_dag.py
[2024-08-09T20:00:17.267+0200] {processor.py:830} INFO - Processing file /home/bvpelt/Develop/airflowtut/py_env/lib/python3.10/site-packages/airflow/example_dags/example_trigger_controller_dag.py for tasks to queue
[2024-08-09T20:00:17.269+0200] {logging_mixin.py:188} INFO - [2024-08-09T20:00:17.268+0200] {dagbag.py:545} INFO - Filling up the DagBag from /home/bvpelt/Develop/airflowtut/py_env/lib/python3.10/site-packages/airflow/example_dags/example_trigger_controller_dag.py
[2024-08-09T20:00:17.272+0200] {processor.py:840} INFO - DAG(s) 'example_trigger_controller_dag' retrieved from /home/bvpelt/Develop/airflowtut/py_env/lib/python3.10/site-packages/airflow/example_dags/example_trigger_controller_dag.py
[2024-08-09T20:00:17.283+0200] {logging_mixin.py:188} INFO - [2024-08-09T20:00:17.283+0200] {dag.py:3089} INFO - Sync 1 DAGs
[2024-08-09T20:00:17.298+0200] {logging_mixin.py:188} INFO - [2024-08-09T20:00:17.298+0200] {dag.py:3947} INFO - Setting next_dagrun for example_trigger_controller_dag to 2021-01-01 00:00:00+00:00, run_after=2021-01-01 00:00:00+00:00
[2024-08-09T20:00:17.388+0200] {processor.py:183} INFO - Processing /home/bvpelt/Develop/airflowtut/py_env/lib/python3.10/site-packages/airflow/example_dags/example_trigger_controller_dag.py took 0.140 seconds
[2024-08-09T20:01:07.721+0200] {processor.py:161} INFO - Started process (PID=20836) to work on /home/bvpelt/Develop/airflowtut/py_env/lib/python3.10/site-packages/airflow/example_dags/example_trigger_controller_dag.py
[2024-08-09T20:01:07.748+0200] {processor.py:830} INFO - Processing file /home/bvpelt/Develop/airflowtut/py_env/lib/python3.10/site-packages/airflow/example_dags/example_trigger_controller_dag.py for tasks to queue
[2024-08-09T20:01:07.752+0200] {logging_mixin.py:188} INFO - [2024-08-09T20:01:07.751+0200] {dagbag.py:545} INFO - Filling up the DagBag from /home/bvpelt/Develop/airflowtut/py_env/lib/python3.10/site-packages/airflow/example_dags/example_trigger_controller_dag.py
[2024-08-09T20:01:07.765+0200] {processor.py:840} INFO - DAG(s) 'example_trigger_controller_dag' retrieved from /home/bvpelt/Develop/airflowtut/py_env/lib/python3.10/site-packages/airflow/example_dags/example_trigger_controller_dag.py
[2024-08-09T20:01:07.788+0200] {logging_mixin.py:188} INFO - [2024-08-09T20:01:07.788+0200] {dag.py:3089} INFO - Sync 1 DAGs
[2024-08-09T20:01:07.804+0200] {logging_mixin.py:188} INFO - [2024-08-09T20:01:07.804+0200] {dag.py:3947} INFO - Setting next_dagrun for example_trigger_controller_dag to 2021-01-01 00:00:00+00:00, run_after=2021-01-01 00:00:00+00:00
[2024-08-09T20:01:07.923+0200] {processor.py:183} INFO - Processing /home/bvpelt/Develop/airflowtut/py_env/lib/python3.10/site-packages/airflow/example_dags/example_trigger_controller_dag.py took 0.218 seconds
[2024-08-09T20:01:58.382+0200] {processor.py:161} INFO - Started process (PID=20968) to work on /home/bvpelt/Develop/airflowtut/py_env/lib/python3.10/site-packages/airflow/example_dags/example_trigger_controller_dag.py
[2024-08-09T20:01:58.382+0200] {processor.py:830} INFO - Processing file /home/bvpelt/Develop/airflowtut/py_env/lib/python3.10/site-packages/airflow/example_dags/example_trigger_controller_dag.py for tasks to queue
[2024-08-09T20:01:58.383+0200] {logging_mixin.py:188} INFO - [2024-08-09T20:01:58.383+0200] {dagbag.py:545} INFO - Filling up the DagBag from /home/bvpelt/Develop/airflowtut/py_env/lib/python3.10/site-packages/airflow/example_dags/example_trigger_controller_dag.py
[2024-08-09T20:01:58.386+0200] {processor.py:840} INFO - DAG(s) 'example_trigger_controller_dag' retrieved from /home/bvpelt/Develop/airflowtut/py_env/lib/python3.10/site-packages/airflow/example_dags/example_trigger_controller_dag.py
[2024-08-09T20:01:58.393+0200] {logging_mixin.py:188} INFO - [2024-08-09T20:01:58.393+0200] {dag.py:3089} INFO - Sync 1 DAGs
[2024-08-09T20:01:58.404+0200] {logging_mixin.py:188} INFO - [2024-08-09T20:01:58.404+0200] {dag.py:3947} INFO - Setting next_dagrun for example_trigger_controller_dag to 2021-01-01 00:00:00+00:00, run_after=2021-01-01 00:00:00+00:00
[2024-08-09T20:01:58.486+0200] {processor.py:183} INFO - Processing /home/bvpelt/Develop/airflowtut/py_env/lib/python3.10/site-packages/airflow/example_dags/example_trigger_controller_dag.py took 0.107 seconds
[2024-08-09T20:02:49.512+0200] {processor.py:161} INFO - Started process (PID=21063) to work on /home/bvpelt/Develop/airflowtut/py_env/lib/python3.10/site-packages/airflow/example_dags/example_trigger_controller_dag.py
[2024-08-09T20:02:49.512+0200] {processor.py:830} INFO - Processing file /home/bvpelt/Develop/airflowtut/py_env/lib/python3.10/site-packages/airflow/example_dags/example_trigger_controller_dag.py for tasks to queue
[2024-08-09T20:02:49.513+0200] {logging_mixin.py:188} INFO - [2024-08-09T20:02:49.513+0200] {dagbag.py:545} INFO - Filling up the DagBag from /home/bvpelt/Develop/airflowtut/py_env/lib/python3.10/site-packages/airflow/example_dags/example_trigger_controller_dag.py
[2024-08-09T20:02:49.516+0200] {processor.py:840} INFO - DAG(s) 'example_trigger_controller_dag' retrieved from /home/bvpelt/Develop/airflowtut/py_env/lib/python3.10/site-packages/airflow/example_dags/example_trigger_controller_dag.py
[2024-08-09T20:02:49.526+0200] {logging_mixin.py:188} INFO - [2024-08-09T20:02:49.525+0200] {dag.py:3089} INFO - Sync 1 DAGs
[2024-08-09T20:02:49.539+0200] {logging_mixin.py:188} INFO - [2024-08-09T20:02:49.539+0200] {dag.py:3947} INFO - Setting next_dagrun for example_trigger_controller_dag to 2021-01-01 00:00:00+00:00, run_after=2021-01-01 00:00:00+00:00
[2024-08-09T20:02:49.652+0200] {processor.py:183} INFO - Processing /home/bvpelt/Develop/airflowtut/py_env/lib/python3.10/site-packages/airflow/example_dags/example_trigger_controller_dag.py took 0.144 seconds
[2024-08-09T20:03:47.815+0200] {processor.py:161} INFO - Started process (PID=21119) to work on /home/bvpelt/Develop/airflowtut/py_env/lib/python3.10/site-packages/airflow/example_dags/example_trigger_controller_dag.py
[2024-08-09T20:03:47.832+0200] {processor.py:830} INFO - Processing file /home/bvpelt/Develop/airflowtut/py_env/lib/python3.10/site-packages/airflow/example_dags/example_trigger_controller_dag.py for tasks to queue
[2024-08-09T20:03:47.836+0200] {logging_mixin.py:188} INFO - [2024-08-09T20:03:47.835+0200] {dagbag.py:545} INFO - Filling up the DagBag from /home/bvpelt/Develop/airflowtut/py_env/lib/python3.10/site-packages/airflow/example_dags/example_trigger_controller_dag.py
[2024-08-09T20:03:47.848+0200] {processor.py:840} INFO - DAG(s) 'example_trigger_controller_dag' retrieved from /home/bvpelt/Develop/airflowtut/py_env/lib/python3.10/site-packages/airflow/example_dags/example_trigger_controller_dag.py
[2024-08-09T20:03:47.874+0200] {logging_mixin.py:188} INFO - [2024-08-09T20:03:47.874+0200] {dag.py:3089} INFO - Sync 1 DAGs
[2024-08-09T20:03:47.891+0200] {logging_mixin.py:188} INFO - [2024-08-09T20:03:47.891+0200] {dag.py:3947} INFO - Setting next_dagrun for example_trigger_controller_dag to 2021-01-01 00:00:00+00:00, run_after=2021-01-01 00:00:00+00:00
[2024-08-09T20:03:47.988+0200] {processor.py:183} INFO - Processing /home/bvpelt/Develop/airflowtut/py_env/lib/python3.10/site-packages/airflow/example_dags/example_trigger_controller_dag.py took 0.176 seconds
[2024-08-09T20:04:40.348+0200] {processor.py:161} INFO - Started process (PID=21207) to work on /home/bvpelt/Develop/airflowtut/py_env/lib/python3.10/site-packages/airflow/example_dags/example_trigger_controller_dag.py
[2024-08-09T20:04:40.348+0200] {processor.py:830} INFO - Processing file /home/bvpelt/Develop/airflowtut/py_env/lib/python3.10/site-packages/airflow/example_dags/example_trigger_controller_dag.py for tasks to queue
[2024-08-09T20:04:40.349+0200] {logging_mixin.py:188} INFO - [2024-08-09T20:04:40.349+0200] {dagbag.py:545} INFO - Filling up the DagBag from /home/bvpelt/Develop/airflowtut/py_env/lib/python3.10/site-packages/airflow/example_dags/example_trigger_controller_dag.py
[2024-08-09T20:04:40.352+0200] {processor.py:840} INFO - DAG(s) 'example_trigger_controller_dag' retrieved from /home/bvpelt/Develop/airflowtut/py_env/lib/python3.10/site-packages/airflow/example_dags/example_trigger_controller_dag.py
[2024-08-09T20:04:40.360+0200] {logging_mixin.py:188} INFO - [2024-08-09T20:04:40.360+0200] {dag.py:3089} INFO - Sync 1 DAGs
[2024-08-09T20:04:40.371+0200] {logging_mixin.py:188} INFO - [2024-08-09T20:04:40.371+0200] {dag.py:3947} INFO - Setting next_dagrun for example_trigger_controller_dag to 2021-01-01 00:00:00+00:00, run_after=2021-01-01 00:00:00+00:00
[2024-08-09T20:04:40.438+0200] {processor.py:183} INFO - Processing /home/bvpelt/Develop/airflowtut/py_env/lib/python3.10/site-packages/airflow/example_dags/example_trigger_controller_dag.py took 0.093 seconds
[2024-08-09T20:05:32.821+0200] {processor.py:161} INFO - Started process (PID=21365) to work on /home/bvpelt/Develop/airflowtut/py_env/lib/python3.10/site-packages/airflow/example_dags/example_trigger_controller_dag.py
[2024-08-09T20:05:32.822+0200] {processor.py:830} INFO - Processing file /home/bvpelt/Develop/airflowtut/py_env/lib/python3.10/site-packages/airflow/example_dags/example_trigger_controller_dag.py for tasks to queue
[2024-08-09T20:05:32.822+0200] {logging_mixin.py:188} INFO - [2024-08-09T20:05:32.822+0200] {dagbag.py:545} INFO - Filling up the DagBag from /home/bvpelt/Develop/airflowtut/py_env/lib/python3.10/site-packages/airflow/example_dags/example_trigger_controller_dag.py
[2024-08-09T20:05:32.825+0200] {processor.py:840} INFO - DAG(s) 'example_trigger_controller_dag' retrieved from /home/bvpelt/Develop/airflowtut/py_env/lib/python3.10/site-packages/airflow/example_dags/example_trigger_controller_dag.py
[2024-08-09T20:05:32.833+0200] {logging_mixin.py:188} INFO - [2024-08-09T20:05:32.833+0200] {dag.py:3089} INFO - Sync 1 DAGs
[2024-08-09T20:05:32.845+0200] {logging_mixin.py:188} INFO - [2024-08-09T20:05:32.844+0200] {dag.py:3947} INFO - Setting next_dagrun for example_trigger_controller_dag to 2021-01-01 00:00:00+00:00, run_after=2021-01-01 00:00:00+00:00
[2024-08-09T20:05:32.940+0200] {processor.py:183} INFO - Processing /home/bvpelt/Develop/airflowtut/py_env/lib/python3.10/site-packages/airflow/example_dags/example_trigger_controller_dag.py took 0.122 seconds
[2024-08-09T20:06:31.532+0200] {processor.py:161} INFO - Started process (PID=21455) to work on /home/bvpelt/Develop/airflowtut/py_env/lib/python3.10/site-packages/airflow/example_dags/example_trigger_controller_dag.py
[2024-08-09T20:06:31.532+0200] {processor.py:830} INFO - Processing file /home/bvpelt/Develop/airflowtut/py_env/lib/python3.10/site-packages/airflow/example_dags/example_trigger_controller_dag.py for tasks to queue
[2024-08-09T20:06:31.533+0200] {logging_mixin.py:188} INFO - [2024-08-09T20:06:31.533+0200] {dagbag.py:545} INFO - Filling up the DagBag from /home/bvpelt/Develop/airflowtut/py_env/lib/python3.10/site-packages/airflow/example_dags/example_trigger_controller_dag.py
[2024-08-09T20:06:31.536+0200] {processor.py:840} INFO - DAG(s) 'example_trigger_controller_dag' retrieved from /home/bvpelt/Develop/airflowtut/py_env/lib/python3.10/site-packages/airflow/example_dags/example_trigger_controller_dag.py
[2024-08-09T20:06:31.544+0200] {logging_mixin.py:188} INFO - [2024-08-09T20:06:31.544+0200] {dag.py:3089} INFO - Sync 1 DAGs
[2024-08-09T20:06:31.554+0200] {logging_mixin.py:188} INFO - [2024-08-09T20:06:31.554+0200] {dag.py:3947} INFO - Setting next_dagrun for example_trigger_controller_dag to 2021-01-01 00:00:00+00:00, run_after=2021-01-01 00:00:00+00:00
[2024-08-09T20:06:31.638+0200] {processor.py:183} INFO - Processing /home/bvpelt/Develop/airflowtut/py_env/lib/python3.10/site-packages/airflow/example_dags/example_trigger_controller_dag.py took 0.109 seconds
[2024-08-09T20:07:24.454+0200] {processor.py:161} INFO - Started process (PID=21572) to work on /home/bvpelt/Develop/airflowtut/py_env/lib/python3.10/site-packages/airflow/example_dags/example_trigger_controller_dag.py
[2024-08-09T20:07:24.455+0200] {processor.py:830} INFO - Processing file /home/bvpelt/Develop/airflowtut/py_env/lib/python3.10/site-packages/airflow/example_dags/example_trigger_controller_dag.py for tasks to queue
[2024-08-09T20:07:24.456+0200] {logging_mixin.py:188} INFO - [2024-08-09T20:07:24.456+0200] {dagbag.py:545} INFO - Filling up the DagBag from /home/bvpelt/Develop/airflowtut/py_env/lib/python3.10/site-packages/airflow/example_dags/example_trigger_controller_dag.py
[2024-08-09T20:07:24.459+0200] {processor.py:840} INFO - DAG(s) 'example_trigger_controller_dag' retrieved from /home/bvpelt/Develop/airflowtut/py_env/lib/python3.10/site-packages/airflow/example_dags/example_trigger_controller_dag.py
[2024-08-09T20:07:24.466+0200] {logging_mixin.py:188} INFO - [2024-08-09T20:07:24.466+0200] {dag.py:3089} INFO - Sync 1 DAGs
[2024-08-09T20:07:24.477+0200] {logging_mixin.py:188} INFO - [2024-08-09T20:07:24.477+0200] {dag.py:3947} INFO - Setting next_dagrun for example_trigger_controller_dag to 2021-01-01 00:00:00+00:00, run_after=2021-01-01 00:00:00+00:00
[2024-08-09T20:07:24.601+0200] {processor.py:183} INFO - Processing /home/bvpelt/Develop/airflowtut/py_env/lib/python3.10/site-packages/airflow/example_dags/example_trigger_controller_dag.py took 0.151 seconds
[2024-08-09T20:08:16.571+0200] {processor.py:161} INFO - Started process (PID=21668) to work on /home/bvpelt/Develop/airflowtut/py_env/lib/python3.10/site-packages/airflow/example_dags/example_trigger_controller_dag.py
[2024-08-09T20:08:16.571+0200] {processor.py:830} INFO - Processing file /home/bvpelt/Develop/airflowtut/py_env/lib/python3.10/site-packages/airflow/example_dags/example_trigger_controller_dag.py for tasks to queue
[2024-08-09T20:08:16.572+0200] {logging_mixin.py:188} INFO - [2024-08-09T20:08:16.572+0200] {dagbag.py:545} INFO - Filling up the DagBag from /home/bvpelt/Develop/airflowtut/py_env/lib/python3.10/site-packages/airflow/example_dags/example_trigger_controller_dag.py
[2024-08-09T20:08:16.575+0200] {processor.py:840} INFO - DAG(s) 'example_trigger_controller_dag' retrieved from /home/bvpelt/Develop/airflowtut/py_env/lib/python3.10/site-packages/airflow/example_dags/example_trigger_controller_dag.py
[2024-08-09T20:08:16.583+0200] {logging_mixin.py:188} INFO - [2024-08-09T20:08:16.582+0200] {dag.py:3089} INFO - Sync 1 DAGs
[2024-08-09T20:08:16.593+0200] {logging_mixin.py:188} INFO - [2024-08-09T20:08:16.593+0200] {dag.py:3947} INFO - Setting next_dagrun for example_trigger_controller_dag to 2021-01-01 00:00:00+00:00, run_after=2021-01-01 00:00:00+00:00
[2024-08-09T20:08:16.678+0200] {processor.py:183} INFO - Processing /home/bvpelt/Develop/airflowtut/py_env/lib/python3.10/site-packages/airflow/example_dags/example_trigger_controller_dag.py took 0.110 seconds
[2024-08-09T20:09:07.139+0200] {processor.py:161} INFO - Started process (PID=21726) to work on /home/bvpelt/Develop/airflowtut/py_env/lib/python3.10/site-packages/airflow/example_dags/example_trigger_controller_dag.py
[2024-08-09T20:09:07.139+0200] {processor.py:830} INFO - Processing file /home/bvpelt/Develop/airflowtut/py_env/lib/python3.10/site-packages/airflow/example_dags/example_trigger_controller_dag.py for tasks to queue
[2024-08-09T20:09:07.140+0200] {logging_mixin.py:188} INFO - [2024-08-09T20:09:07.140+0200] {dagbag.py:545} INFO - Filling up the DagBag from /home/bvpelt/Develop/airflowtut/py_env/lib/python3.10/site-packages/airflow/example_dags/example_trigger_controller_dag.py
[2024-08-09T20:09:07.143+0200] {processor.py:840} INFO - DAG(s) 'example_trigger_controller_dag' retrieved from /home/bvpelt/Develop/airflowtut/py_env/lib/python3.10/site-packages/airflow/example_dags/example_trigger_controller_dag.py
[2024-08-09T20:09:07.150+0200] {logging_mixin.py:188} INFO - [2024-08-09T20:09:07.150+0200] {dag.py:3089} INFO - Sync 1 DAGs
[2024-08-09T20:09:07.161+0200] {logging_mixin.py:188} INFO - [2024-08-09T20:09:07.161+0200] {dag.py:3947} INFO - Setting next_dagrun for example_trigger_controller_dag to 2021-01-01 00:00:00+00:00, run_after=2021-01-01 00:00:00+00:00
[2024-08-09T20:09:07.236+0200] {processor.py:183} INFO - Processing /home/bvpelt/Develop/airflowtut/py_env/lib/python3.10/site-packages/airflow/example_dags/example_trigger_controller_dag.py took 0.101 seconds
[2024-08-09T20:09:58.799+0200] {processor.py:161} INFO - Started process (PID=21778) to work on /home/bvpelt/Develop/airflowtut/py_env/lib/python3.10/site-packages/airflow/example_dags/example_trigger_controller_dag.py
[2024-08-09T20:09:58.800+0200] {processor.py:830} INFO - Processing file /home/bvpelt/Develop/airflowtut/py_env/lib/python3.10/site-packages/airflow/example_dags/example_trigger_controller_dag.py for tasks to queue
[2024-08-09T20:09:58.801+0200] {logging_mixin.py:188} INFO - [2024-08-09T20:09:58.801+0200] {dagbag.py:545} INFO - Filling up the DagBag from /home/bvpelt/Develop/airflowtut/py_env/lib/python3.10/site-packages/airflow/example_dags/example_trigger_controller_dag.py
[2024-08-09T20:09:58.804+0200] {processor.py:840} INFO - DAG(s) 'example_trigger_controller_dag' retrieved from /home/bvpelt/Develop/airflowtut/py_env/lib/python3.10/site-packages/airflow/example_dags/example_trigger_controller_dag.py
[2024-08-09T20:09:58.811+0200] {logging_mixin.py:188} INFO - [2024-08-09T20:09:58.811+0200] {dag.py:3089} INFO - Sync 1 DAGs
[2024-08-09T20:09:58.822+0200] {logging_mixin.py:188} INFO - [2024-08-09T20:09:58.821+0200] {dag.py:3947} INFO - Setting next_dagrun for example_trigger_controller_dag to 2021-01-01 00:00:00+00:00, run_after=2021-01-01 00:00:00+00:00
[2024-08-09T20:09:58.950+0200] {processor.py:183} INFO - Processing /home/bvpelt/Develop/airflowtut/py_env/lib/python3.10/site-packages/airflow/example_dags/example_trigger_controller_dag.py took 0.154 seconds
[2024-08-09T20:10:48.504+0200] {processor.py:161} INFO - Started process (PID=21854) to work on /home/bvpelt/Develop/airflowtut/py_env/lib/python3.10/site-packages/airflow/example_dags/example_trigger_controller_dag.py
[2024-08-09T20:10:48.505+0200] {processor.py:830} INFO - Processing file /home/bvpelt/Develop/airflowtut/py_env/lib/python3.10/site-packages/airflow/example_dags/example_trigger_controller_dag.py for tasks to queue
[2024-08-09T20:10:48.506+0200] {logging_mixin.py:188} INFO - [2024-08-09T20:10:48.505+0200] {dagbag.py:545} INFO - Filling up the DagBag from /home/bvpelt/Develop/airflowtut/py_env/lib/python3.10/site-packages/airflow/example_dags/example_trigger_controller_dag.py
[2024-08-09T20:10:48.509+0200] {processor.py:840} INFO - DAG(s) 'example_trigger_controller_dag' retrieved from /home/bvpelt/Develop/airflowtut/py_env/lib/python3.10/site-packages/airflow/example_dags/example_trigger_controller_dag.py
[2024-08-09T20:10:48.517+0200] {logging_mixin.py:188} INFO - [2024-08-09T20:10:48.517+0200] {dag.py:3089} INFO - Sync 1 DAGs
[2024-08-09T20:10:48.527+0200] {logging_mixin.py:188} INFO - [2024-08-09T20:10:48.527+0200] {dag.py:3947} INFO - Setting next_dagrun for example_trigger_controller_dag to 2021-01-01 00:00:00+00:00, run_after=2021-01-01 00:00:00+00:00
[2024-08-09T20:10:48.613+0200] {processor.py:183} INFO - Processing /home/bvpelt/Develop/airflowtut/py_env/lib/python3.10/site-packages/airflow/example_dags/example_trigger_controller_dag.py took 0.112 seconds
[2024-08-09T20:11:38.139+0200] {processor.py:161} INFO - Started process (PID=21907) to work on /home/bvpelt/Develop/airflowtut/py_env/lib/python3.10/site-packages/airflow/example_dags/example_trigger_controller_dag.py
[2024-08-09T20:11:38.139+0200] {processor.py:830} INFO - Processing file /home/bvpelt/Develop/airflowtut/py_env/lib/python3.10/site-packages/airflow/example_dags/example_trigger_controller_dag.py for tasks to queue
[2024-08-09T20:11:38.140+0200] {logging_mixin.py:188} INFO - [2024-08-09T20:11:38.140+0200] {dagbag.py:545} INFO - Filling up the DagBag from /home/bvpelt/Develop/airflowtut/py_env/lib/python3.10/site-packages/airflow/example_dags/example_trigger_controller_dag.py
[2024-08-09T20:11:38.143+0200] {processor.py:840} INFO - DAG(s) 'example_trigger_controller_dag' retrieved from /home/bvpelt/Develop/airflowtut/py_env/lib/python3.10/site-packages/airflow/example_dags/example_trigger_controller_dag.py
[2024-08-09T20:11:38.151+0200] {logging_mixin.py:188} INFO - [2024-08-09T20:11:38.151+0200] {dag.py:3089} INFO - Sync 1 DAGs
[2024-08-09T20:11:38.161+0200] {logging_mixin.py:188} INFO - [2024-08-09T20:11:38.161+0200] {dag.py:3947} INFO - Setting next_dagrun for example_trigger_controller_dag to 2021-01-01 00:00:00+00:00, run_after=2021-01-01 00:00:00+00:00
[2024-08-09T20:11:38.453+0200] {processor.py:183} INFO - Processing /home/bvpelt/Develop/airflowtut/py_env/lib/python3.10/site-packages/airflow/example_dags/example_trigger_controller_dag.py took 0.317 seconds
[2024-08-09T20:12:26.744+0200] {processor.py:161} INFO - Started process (PID=22016) to work on /home/bvpelt/Develop/airflowtut/py_env/lib/python3.10/site-packages/airflow/example_dags/example_trigger_controller_dag.py
[2024-08-09T20:12:26.745+0200] {processor.py:830} INFO - Processing file /home/bvpelt/Develop/airflowtut/py_env/lib/python3.10/site-packages/airflow/example_dags/example_trigger_controller_dag.py for tasks to queue
[2024-08-09T20:12:26.746+0200] {logging_mixin.py:188} INFO - [2024-08-09T20:12:26.745+0200] {dagbag.py:545} INFO - Filling up the DagBag from /home/bvpelt/Develop/airflowtut/py_env/lib/python3.10/site-packages/airflow/example_dags/example_trigger_controller_dag.py
[2024-08-09T20:12:26.748+0200] {processor.py:840} INFO - DAG(s) 'example_trigger_controller_dag' retrieved from /home/bvpelt/Develop/airflowtut/py_env/lib/python3.10/site-packages/airflow/example_dags/example_trigger_controller_dag.py
[2024-08-09T20:12:26.756+0200] {logging_mixin.py:188} INFO - [2024-08-09T20:12:26.755+0200] {dag.py:3089} INFO - Sync 1 DAGs
[2024-08-09T20:12:26.766+0200] {logging_mixin.py:188} INFO - [2024-08-09T20:12:26.766+0200] {dag.py:3947} INFO - Setting next_dagrun for example_trigger_controller_dag to 2021-01-01 00:00:00+00:00, run_after=2021-01-01 00:00:00+00:00
[2024-08-09T20:12:26.856+0200] {processor.py:183} INFO - Processing /home/bvpelt/Develop/airflowtut/py_env/lib/python3.10/site-packages/airflow/example_dags/example_trigger_controller_dag.py took 0.115 seconds
[2024-08-09T20:13:20.320+0200] {processor.py:161} INFO - Started process (PID=22100) to work on /home/bvpelt/Develop/airflowtut/py_env/lib/python3.10/site-packages/airflow/example_dags/example_trigger_controller_dag.py
[2024-08-09T20:13:20.320+0200] {processor.py:830} INFO - Processing file /home/bvpelt/Develop/airflowtut/py_env/lib/python3.10/site-packages/airflow/example_dags/example_trigger_controller_dag.py for tasks to queue
[2024-08-09T20:13:20.321+0200] {logging_mixin.py:188} INFO - [2024-08-09T20:13:20.321+0200] {dagbag.py:545} INFO - Filling up the DagBag from /home/bvpelt/Develop/airflowtut/py_env/lib/python3.10/site-packages/airflow/example_dags/example_trigger_controller_dag.py
[2024-08-09T20:13:20.324+0200] {processor.py:840} INFO - DAG(s) 'example_trigger_controller_dag' retrieved from /home/bvpelt/Develop/airflowtut/py_env/lib/python3.10/site-packages/airflow/example_dags/example_trigger_controller_dag.py
[2024-08-09T20:13:20.332+0200] {logging_mixin.py:188} INFO - [2024-08-09T20:13:20.331+0200] {dag.py:3089} INFO - Sync 1 DAGs
[2024-08-09T20:13:20.342+0200] {logging_mixin.py:188} INFO - [2024-08-09T20:13:20.342+0200] {dag.py:3947} INFO - Setting next_dagrun for example_trigger_controller_dag to 2021-01-01 00:00:00+00:00, run_after=2021-01-01 00:00:00+00:00
[2024-08-09T20:13:20.410+0200] {processor.py:183} INFO - Processing /home/bvpelt/Develop/airflowtut/py_env/lib/python3.10/site-packages/airflow/example_dags/example_trigger_controller_dag.py took 0.094 seconds
[2024-08-09T20:14:16.196+0200] {processor.py:161} INFO - Started process (PID=22181) to work on /home/bvpelt/Develop/airflowtut/py_env/lib/python3.10/site-packages/airflow/example_dags/example_trigger_controller_dag.py
[2024-08-09T20:14:16.197+0200] {processor.py:830} INFO - Processing file /home/bvpelt/Develop/airflowtut/py_env/lib/python3.10/site-packages/airflow/example_dags/example_trigger_controller_dag.py for tasks to queue
[2024-08-09T20:14:16.197+0200] {logging_mixin.py:188} INFO - [2024-08-09T20:14:16.197+0200] {dagbag.py:545} INFO - Filling up the DagBag from /home/bvpelt/Develop/airflowtut/py_env/lib/python3.10/site-packages/airflow/example_dags/example_trigger_controller_dag.py
[2024-08-09T20:14:16.200+0200] {processor.py:840} INFO - DAG(s) 'example_trigger_controller_dag' retrieved from /home/bvpelt/Develop/airflowtut/py_env/lib/python3.10/site-packages/airflow/example_dags/example_trigger_controller_dag.py
[2024-08-09T20:14:16.207+0200] {logging_mixin.py:188} INFO - [2024-08-09T20:14:16.207+0200] {dag.py:3089} INFO - Sync 1 DAGs
[2024-08-09T20:14:16.217+0200] {logging_mixin.py:188} INFO - [2024-08-09T20:14:16.217+0200] {dag.py:3947} INFO - Setting next_dagrun for example_trigger_controller_dag to 2021-01-01 00:00:00+00:00, run_after=2021-01-01 00:00:00+00:00
[2024-08-09T20:14:16.313+0200] {processor.py:183} INFO - Processing /home/bvpelt/Develop/airflowtut/py_env/lib/python3.10/site-packages/airflow/example_dags/example_trigger_controller_dag.py took 0.120 seconds
[2024-08-09T20:15:03.193+0200] {processor.py:161} INFO - Started process (PID=22235) to work on /home/bvpelt/Develop/airflowtut/py_env/lib/python3.10/site-packages/airflow/example_dags/example_trigger_controller_dag.py
[2024-08-09T20:15:03.194+0200] {processor.py:830} INFO - Processing file /home/bvpelt/Develop/airflowtut/py_env/lib/python3.10/site-packages/airflow/example_dags/example_trigger_controller_dag.py for tasks to queue
[2024-08-09T20:15:03.195+0200] {logging_mixin.py:188} INFO - [2024-08-09T20:15:03.195+0200] {dagbag.py:545} INFO - Filling up the DagBag from /home/bvpelt/Develop/airflowtut/py_env/lib/python3.10/site-packages/airflow/example_dags/example_trigger_controller_dag.py
[2024-08-09T20:15:03.198+0200] {processor.py:840} INFO - DAG(s) 'example_trigger_controller_dag' retrieved from /home/bvpelt/Develop/airflowtut/py_env/lib/python3.10/site-packages/airflow/example_dags/example_trigger_controller_dag.py
[2024-08-09T20:15:03.205+0200] {logging_mixin.py:188} INFO - [2024-08-09T20:15:03.205+0200] {dag.py:3089} INFO - Sync 1 DAGs
[2024-08-09T20:15:03.216+0200] {logging_mixin.py:188} INFO - [2024-08-09T20:15:03.216+0200] {dag.py:3947} INFO - Setting next_dagrun for example_trigger_controller_dag to 2021-01-01 00:00:00+00:00, run_after=2021-01-01 00:00:00+00:00
[2024-08-09T20:15:03.307+0200] {processor.py:183} INFO - Processing /home/bvpelt/Develop/airflowtut/py_env/lib/python3.10/site-packages/airflow/example_dags/example_trigger_controller_dag.py took 0.116 seconds
[2024-08-09T20:15:51.228+0200] {processor.py:161} INFO - Started process (PID=22316) to work on /home/bvpelt/Develop/airflowtut/py_env/lib/python3.10/site-packages/airflow/example_dags/example_trigger_controller_dag.py
[2024-08-09T20:15:51.230+0200] {processor.py:830} INFO - Processing file /home/bvpelt/Develop/airflowtut/py_env/lib/python3.10/site-packages/airflow/example_dags/example_trigger_controller_dag.py for tasks to queue
[2024-08-09T20:15:51.234+0200] {logging_mixin.py:188} INFO - [2024-08-09T20:15:51.233+0200] {dagbag.py:545} INFO - Filling up the DagBag from /home/bvpelt/Develop/airflowtut/py_env/lib/python3.10/site-packages/airflow/example_dags/example_trigger_controller_dag.py
[2024-08-09T20:15:51.243+0200] {processor.py:840} INFO - DAG(s) 'example_trigger_controller_dag' retrieved from /home/bvpelt/Develop/airflowtut/py_env/lib/python3.10/site-packages/airflow/example_dags/example_trigger_controller_dag.py
[2024-08-09T20:15:51.258+0200] {logging_mixin.py:188} INFO - [2024-08-09T20:15:51.258+0200] {dag.py:3089} INFO - Sync 1 DAGs
[2024-08-09T20:15:51.272+0200] {logging_mixin.py:188} INFO - [2024-08-09T20:15:51.272+0200] {dag.py:3947} INFO - Setting next_dagrun for example_trigger_controller_dag to 2021-01-01 00:00:00+00:00, run_after=2021-01-01 00:00:00+00:00
[2024-08-09T20:15:51.347+0200] {processor.py:183} INFO - Processing /home/bvpelt/Develop/airflowtut/py_env/lib/python3.10/site-packages/airflow/example_dags/example_trigger_controller_dag.py took 0.134 seconds
