[2024-08-09T19:43:05.721+0200] {processor.py:161} INFO - Started process (PID=17688) to work on /home/bvpelt/Develop/airflowtut/py_env/lib/python3.10/site-packages/airflow/example_dags/example_bash_operator.py
[2024-08-09T19:43:05.722+0200] {processor.py:830} INFO - Processing file /home/bvpelt/Develop/airflowtut/py_env/lib/python3.10/site-packages/airflow/example_dags/example_bash_operator.py for tasks to queue
[2024-08-09T19:43:05.723+0200] {logging_mixin.py:188} INFO - [2024-08-09T19:43:05.722+0200] {dagbag.py:545} INFO - Filling up the DagBag from /home/bvpelt/Develop/airflowtut/py_env/lib/python3.10/site-packages/airflow/example_dags/example_bash_operator.py
[2024-08-09T19:43:05.729+0200] {processor.py:840} INFO - DAG(s) 'example_bash_operator' retrieved from /home/bvpelt/Develop/airflowtut/py_env/lib/python3.10/site-packages/airflow/example_dags/example_bash_operator.py
[2024-08-09T19:43:05.965+0200] {logging_mixin.py:188} INFO - [2024-08-09T19:43:05.963+0200] {override.py:1858} INFO - Created Permission View: can edit on DAG:example_bash_operator
[2024-08-09T19:43:06.073+0200] {logging_mixin.py:188} INFO - [2024-08-09T19:43:06.072+0200] {override.py:1858} INFO - Created Permission View: can read on DAG:example_bash_operator
[2024-08-09T19:43:06.148+0200] {logging_mixin.py:188} INFO - [2024-08-09T19:43:06.147+0200] {override.py:1858} INFO - Created Permission View: can delete on DAG:example_bash_operator
[2024-08-09T19:43:06.149+0200] {logging_mixin.py:188} INFO - [2024-08-09T19:43:06.149+0200] {dag.py:3089} INFO - Sync 1 DAGs
[2024-08-09T19:43:06.180+0200] {logging_mixin.py:188} INFO - [2024-08-09T19:43:06.179+0200] {dag.py:3111} INFO - Creating ORM DAG for example_bash_operator
[2024-08-09T19:43:06.193+0200] {logging_mixin.py:188} INFO - [2024-08-09T19:43:06.192+0200] {dag.py:3947} INFO - Setting next_dagrun for example_bash_operator to 2024-08-08 00:00:00+00:00, run_after=2024-08-09 00:00:00+00:00
[2024-08-09T19:43:06.361+0200] {processor.py:183} INFO - Processing /home/bvpelt/Develop/airflowtut/py_env/lib/python3.10/site-packages/airflow/example_dags/example_bash_operator.py took 0.643 seconds
[2024-08-09T19:44:13.773+0200] {processor.py:161} INFO - Started process (PID=17969) to work on /home/bvpelt/Develop/airflowtut/py_env/lib/python3.10/site-packages/airflow/example_dags/example_bash_operator.py
[2024-08-09T19:44:13.775+0200] {processor.py:830} INFO - Processing file /home/bvpelt/Develop/airflowtut/py_env/lib/python3.10/site-packages/airflow/example_dags/example_bash_operator.py for tasks to queue
[2024-08-09T19:44:13.779+0200] {logging_mixin.py:188} INFO - [2024-08-09T19:44:13.778+0200] {dagbag.py:545} INFO - Filling up the DagBag from /home/bvpelt/Develop/airflowtut/py_env/lib/python3.10/site-packages/airflow/example_dags/example_bash_operator.py
[2024-08-09T19:44:13.798+0200] {processor.py:840} INFO - DAG(s) 'example_bash_operator' retrieved from /home/bvpelt/Develop/airflowtut/py_env/lib/python3.10/site-packages/airflow/example_dags/example_bash_operator.py
[2024-08-09T19:44:13.818+0200] {logging_mixin.py:188} INFO - [2024-08-09T19:44:13.818+0200] {dag.py:3089} INFO - Sync 1 DAGs
[2024-08-09T19:44:13.830+0200] {logging_mixin.py:188} INFO - [2024-08-09T19:44:13.830+0200] {dag.py:3947} INFO - Setting next_dagrun for example_bash_operator to 2024-08-08 00:00:00+00:00, run_after=2024-08-09 00:00:00+00:00
[2024-08-09T19:44:13.915+0200] {processor.py:183} INFO - Processing /home/bvpelt/Develop/airflowtut/py_env/lib/python3.10/site-packages/airflow/example_dags/example_bash_operator.py took 0.157 seconds
[2024-08-09T19:45:17.421+0200] {processor.py:161} INFO - Started process (PID=18270) to work on /home/bvpelt/Develop/airflowtut/py_env/lib/python3.10/site-packages/airflow/example_dags/example_bash_operator.py
[2024-08-09T19:45:17.423+0200] {processor.py:830} INFO - Processing file /home/bvpelt/Develop/airflowtut/py_env/lib/python3.10/site-packages/airflow/example_dags/example_bash_operator.py for tasks to queue
[2024-08-09T19:45:17.425+0200] {logging_mixin.py:188} INFO - [2024-08-09T19:45:17.424+0200] {dagbag.py:545} INFO - Filling up the DagBag from /home/bvpelt/Develop/airflowtut/py_env/lib/python3.10/site-packages/airflow/example_dags/example_bash_operator.py
[2024-08-09T19:45:17.438+0200] {processor.py:840} INFO - DAG(s) 'example_bash_operator' retrieved from /home/bvpelt/Develop/airflowtut/py_env/lib/python3.10/site-packages/airflow/example_dags/example_bash_operator.py
[2024-08-09T19:45:17.512+0200] {logging_mixin.py:188} INFO - [2024-08-09T19:45:17.512+0200] {dag.py:3089} INFO - Sync 1 DAGs
[2024-08-09T19:45:17.523+0200] {logging_mixin.py:188} INFO - [2024-08-09T19:45:17.523+0200] {dag.py:3947} INFO - Setting next_dagrun for example_bash_operator to 2024-08-08 00:00:00+00:00, run_after=2024-08-09 00:00:00+00:00
[2024-08-09T19:45:17.599+0200] {processor.py:183} INFO - Processing /home/bvpelt/Develop/airflowtut/py_env/lib/python3.10/site-packages/airflow/example_dags/example_bash_operator.py took 0.191 seconds
[2024-08-09T19:46:41.579+0200] {processor.py:161} INFO - Started process (PID=18640) to work on /home/bvpelt/Develop/airflowtut/py_env/lib/python3.10/site-packages/airflow/example_dags/example_bash_operator.py
[2024-08-09T19:46:41.580+0200] {processor.py:830} INFO - Processing file /home/bvpelt/Develop/airflowtut/py_env/lib/python3.10/site-packages/airflow/example_dags/example_bash_operator.py for tasks to queue
[2024-08-09T19:46:41.581+0200] {logging_mixin.py:188} INFO - [2024-08-09T19:46:41.581+0200] {dagbag.py:545} INFO - Filling up the DagBag from /home/bvpelt/Develop/airflowtut/py_env/lib/python3.10/site-packages/airflow/example_dags/example_bash_operator.py
[2024-08-09T19:46:41.588+0200] {processor.py:840} INFO - DAG(s) 'example_bash_operator' retrieved from /home/bvpelt/Develop/airflowtut/py_env/lib/python3.10/site-packages/airflow/example_dags/example_bash_operator.py
[2024-08-09T19:46:41.602+0200] {logging_mixin.py:188} INFO - [2024-08-09T19:46:41.602+0200] {dag.py:3089} INFO - Sync 1 DAGs
[2024-08-09T19:46:41.614+0200] {logging_mixin.py:188} INFO - [2024-08-09T19:46:41.614+0200] {dag.py:3947} INFO - Setting next_dagrun for example_bash_operator to 2024-08-09 00:00:00+00:00, run_after=2024-08-10 00:00:00+00:00
[2024-08-09T19:46:41.691+0200] {processor.py:183} INFO - Processing /home/bvpelt/Develop/airflowtut/py_env/lib/python3.10/site-packages/airflow/example_dags/example_bash_operator.py took 0.115 seconds
[2024-08-09T19:47:35.684+0200] {processor.py:161} INFO - Started process (PID=18968) to work on /home/bvpelt/Develop/airflowtut/py_env/lib/python3.10/site-packages/airflow/example_dags/example_bash_operator.py
[2024-08-09T19:47:35.684+0200] {processor.py:830} INFO - Processing file /home/bvpelt/Develop/airflowtut/py_env/lib/python3.10/site-packages/airflow/example_dags/example_bash_operator.py for tasks to queue
[2024-08-09T19:47:35.685+0200] {logging_mixin.py:188} INFO - [2024-08-09T19:47:35.685+0200] {dagbag.py:545} INFO - Filling up the DagBag from /home/bvpelt/Develop/airflowtut/py_env/lib/python3.10/site-packages/airflow/example_dags/example_bash_operator.py
[2024-08-09T19:47:35.692+0200] {processor.py:840} INFO - DAG(s) 'example_bash_operator' retrieved from /home/bvpelt/Develop/airflowtut/py_env/lib/python3.10/site-packages/airflow/example_dags/example_bash_operator.py
[2024-08-09T19:47:35.705+0200] {logging_mixin.py:188} INFO - [2024-08-09T19:47:35.705+0200] {dag.py:3089} INFO - Sync 1 DAGs
[2024-08-09T19:47:35.717+0200] {logging_mixin.py:188} INFO - [2024-08-09T19:47:35.717+0200] {dag.py:3947} INFO - Setting next_dagrun for example_bash_operator to 2024-08-09 00:00:00+00:00, run_after=2024-08-10 00:00:00+00:00
[2024-08-09T19:47:35.815+0200] {processor.py:183} INFO - Processing /home/bvpelt/Develop/airflowtut/py_env/lib/python3.10/site-packages/airflow/example_dags/example_bash_operator.py took 0.134 seconds
[2024-08-09T19:48:28.433+0200] {processor.py:161} INFO - Started process (PID=19106) to work on /home/bvpelt/Develop/airflowtut/py_env/lib/python3.10/site-packages/airflow/example_dags/example_bash_operator.py
[2024-08-09T19:48:28.433+0200] {processor.py:830} INFO - Processing file /home/bvpelt/Develop/airflowtut/py_env/lib/python3.10/site-packages/airflow/example_dags/example_bash_operator.py for tasks to queue
[2024-08-09T19:48:28.434+0200] {logging_mixin.py:188} INFO - [2024-08-09T19:48:28.434+0200] {dagbag.py:545} INFO - Filling up the DagBag from /home/bvpelt/Develop/airflowtut/py_env/lib/python3.10/site-packages/airflow/example_dags/example_bash_operator.py
[2024-08-09T19:48:28.442+0200] {processor.py:840} INFO - DAG(s) 'example_bash_operator' retrieved from /home/bvpelt/Develop/airflowtut/py_env/lib/python3.10/site-packages/airflow/example_dags/example_bash_operator.py
[2024-08-09T19:48:28.458+0200] {logging_mixin.py:188} INFO - [2024-08-09T19:48:28.457+0200] {dag.py:3089} INFO - Sync 1 DAGs
[2024-08-09T19:48:28.470+0200] {logging_mixin.py:188} INFO - [2024-08-09T19:48:28.470+0200] {dag.py:3947} INFO - Setting next_dagrun for example_bash_operator to 2024-08-09 00:00:00+00:00, run_after=2024-08-10 00:00:00+00:00
[2024-08-09T19:48:28.544+0200] {processor.py:183} INFO - Processing /home/bvpelt/Develop/airflowtut/py_env/lib/python3.10/site-packages/airflow/example_dags/example_bash_operator.py took 0.115 seconds
[2024-08-09T19:49:18.613+0200] {processor.py:161} INFO - Started process (PID=19191) to work on /home/bvpelt/Develop/airflowtut/py_env/lib/python3.10/site-packages/airflow/example_dags/example_bash_operator.py
[2024-08-09T19:49:18.614+0200] {processor.py:830} INFO - Processing file /home/bvpelt/Develop/airflowtut/py_env/lib/python3.10/site-packages/airflow/example_dags/example_bash_operator.py for tasks to queue
[2024-08-09T19:49:18.615+0200] {logging_mixin.py:188} INFO - [2024-08-09T19:49:18.614+0200] {dagbag.py:545} INFO - Filling up the DagBag from /home/bvpelt/Develop/airflowtut/py_env/lib/python3.10/site-packages/airflow/example_dags/example_bash_operator.py
[2024-08-09T19:49:18.621+0200] {processor.py:840} INFO - DAG(s) 'example_bash_operator' retrieved from /home/bvpelt/Develop/airflowtut/py_env/lib/python3.10/site-packages/airflow/example_dags/example_bash_operator.py
[2024-08-09T19:49:18.635+0200] {logging_mixin.py:188} INFO - [2024-08-09T19:49:18.635+0200] {dag.py:3089} INFO - Sync 1 DAGs
[2024-08-09T19:49:18.646+0200] {logging_mixin.py:188} INFO - [2024-08-09T19:49:18.646+0200] {dag.py:3947} INFO - Setting next_dagrun for example_bash_operator to 2024-08-09 00:00:00+00:00, run_after=2024-08-10 00:00:00+00:00
[2024-08-09T19:49:18.758+0200] {processor.py:183} INFO - Processing /home/bvpelt/Develop/airflowtut/py_env/lib/python3.10/site-packages/airflow/example_dags/example_bash_operator.py took 0.148 seconds
[2024-08-09T19:50:11.086+0200] {processor.py:161} INFO - Started process (PID=19344) to work on /home/bvpelt/Develop/airflowtut/py_env/lib/python3.10/site-packages/airflow/example_dags/example_bash_operator.py
[2024-08-09T19:50:11.086+0200] {processor.py:830} INFO - Processing file /home/bvpelt/Develop/airflowtut/py_env/lib/python3.10/site-packages/airflow/example_dags/example_bash_operator.py for tasks to queue
[2024-08-09T19:50:11.087+0200] {logging_mixin.py:188} INFO - [2024-08-09T19:50:11.087+0200] {dagbag.py:545} INFO - Filling up the DagBag from /home/bvpelt/Develop/airflowtut/py_env/lib/python3.10/site-packages/airflow/example_dags/example_bash_operator.py
[2024-08-09T19:50:11.093+0200] {processor.py:840} INFO - DAG(s) 'example_bash_operator' retrieved from /home/bvpelt/Develop/airflowtut/py_env/lib/python3.10/site-packages/airflow/example_dags/example_bash_operator.py
[2024-08-09T19:50:11.107+0200] {logging_mixin.py:188} INFO - [2024-08-09T19:50:11.107+0200] {dag.py:3089} INFO - Sync 1 DAGs
[2024-08-09T19:50:11.119+0200] {logging_mixin.py:188} INFO - [2024-08-09T19:50:11.119+0200] {dag.py:3947} INFO - Setting next_dagrun for example_bash_operator to 2024-08-09 00:00:00+00:00, run_after=2024-08-10 00:00:00+00:00
[2024-08-09T19:50:11.195+0200] {processor.py:183} INFO - Processing /home/bvpelt/Develop/airflowtut/py_env/lib/python3.10/site-packages/airflow/example_dags/example_bash_operator.py took 0.113 seconds
[2024-08-09T19:51:03.568+0200] {processor.py:161} INFO - Started process (PID=19418) to work on /home/bvpelt/Develop/airflowtut/py_env/lib/python3.10/site-packages/airflow/example_dags/example_bash_operator.py
[2024-08-09T19:51:03.570+0200] {processor.py:830} INFO - Processing file /home/bvpelt/Develop/airflowtut/py_env/lib/python3.10/site-packages/airflow/example_dags/example_bash_operator.py for tasks to queue
[2024-08-09T19:51:03.574+0200] {logging_mixin.py:188} INFO - [2024-08-09T19:51:03.573+0200] {dagbag.py:545} INFO - Filling up the DagBag from /home/bvpelt/Develop/airflowtut/py_env/lib/python3.10/site-packages/airflow/example_dags/example_bash_operator.py
[2024-08-09T19:51:03.592+0200] {processor.py:840} INFO - DAG(s) 'example_bash_operator' retrieved from /home/bvpelt/Develop/airflowtut/py_env/lib/python3.10/site-packages/airflow/example_dags/example_bash_operator.py
[2024-08-09T19:51:03.612+0200] {logging_mixin.py:188} INFO - [2024-08-09T19:51:03.612+0200] {dag.py:3089} INFO - Sync 1 DAGs
[2024-08-09T19:51:03.625+0200] {logging_mixin.py:188} INFO - [2024-08-09T19:51:03.625+0200] {dag.py:3947} INFO - Setting next_dagrun for example_bash_operator to 2024-08-09 00:00:00+00:00, run_after=2024-08-10 00:00:00+00:00
[2024-08-09T19:51:03.708+0200] {processor.py:183} INFO - Processing /home/bvpelt/Develop/airflowtut/py_env/lib/python3.10/site-packages/airflow/example_dags/example_bash_operator.py took 0.155 seconds
[2024-08-09T19:51:53.338+0200] {processor.py:161} INFO - Started process (PID=19622) to work on /home/bvpelt/Develop/airflowtut/py_env/lib/python3.10/site-packages/airflow/example_dags/example_bash_operator.py
[2024-08-09T19:51:53.351+0200] {processor.py:830} INFO - Processing file /home/bvpelt/Develop/airflowtut/py_env/lib/python3.10/site-packages/airflow/example_dags/example_bash_operator.py for tasks to queue
[2024-08-09T19:51:53.352+0200] {logging_mixin.py:188} INFO - [2024-08-09T19:51:53.352+0200] {dagbag.py:545} INFO - Filling up the DagBag from /home/bvpelt/Develop/airflowtut/py_env/lib/python3.10/site-packages/airflow/example_dags/example_bash_operator.py
[2024-08-09T19:51:53.359+0200] {processor.py:840} INFO - DAG(s) 'example_bash_operator' retrieved from /home/bvpelt/Develop/airflowtut/py_env/lib/python3.10/site-packages/airflow/example_dags/example_bash_operator.py
[2024-08-09T19:51:53.376+0200] {logging_mixin.py:188} INFO - [2024-08-09T19:51:53.375+0200] {dag.py:3089} INFO - Sync 1 DAGs
[2024-08-09T19:51:53.388+0200] {logging_mixin.py:188} INFO - [2024-08-09T19:51:53.388+0200] {dag.py:3947} INFO - Setting next_dagrun for example_bash_operator to 2024-08-09 00:00:00+00:00, run_after=2024-08-10 00:00:00+00:00
[2024-08-09T19:51:53.521+0200] {processor.py:183} INFO - Processing /home/bvpelt/Develop/airflowtut/py_env/lib/python3.10/site-packages/airflow/example_dags/example_bash_operator.py took 0.186 seconds
[2024-08-09T19:53:23.989+0200] {processor.py:161} INFO - Started process (PID=20092) to work on /home/bvpelt/Develop/airflowtut/py_env/lib/python3.10/site-packages/airflow/example_dags/example_bash_operator.py
[2024-08-09T19:53:24.018+0200] {processor.py:830} INFO - Processing file /home/bvpelt/Develop/airflowtut/py_env/lib/python3.10/site-packages/airflow/example_dags/example_bash_operator.py for tasks to queue
[2024-08-09T19:53:24.020+0200] {logging_mixin.py:188} INFO - [2024-08-09T19:53:24.019+0200] {dagbag.py:545} INFO - Filling up the DagBag from /home/bvpelt/Develop/airflowtut/py_env/lib/python3.10/site-packages/airflow/example_dags/example_bash_operator.py
[2024-08-09T19:53:24.028+0200] {processor.py:840} INFO - DAG(s) 'example_bash_operator' retrieved from /home/bvpelt/Develop/airflowtut/py_env/lib/python3.10/site-packages/airflow/example_dags/example_bash_operator.py
[2024-08-09T19:53:24.042+0200] {logging_mixin.py:188} INFO - [2024-08-09T19:53:24.042+0200] {dag.py:3089} INFO - Sync 1 DAGs
[2024-08-09T19:53:24.053+0200] {logging_mixin.py:188} INFO - [2024-08-09T19:53:24.053+0200] {dag.py:3947} INFO - Setting next_dagrun for example_bash_operator to 2024-08-09 00:00:00+00:00, run_after=2024-08-10 00:00:00+00:00
[2024-08-09T19:53:24.117+0200] {processor.py:183} INFO - Processing /home/bvpelt/Develop/airflowtut/py_env/lib/python3.10/site-packages/airflow/example_dags/example_bash_operator.py took 0.132 seconds
[2024-08-09T19:54:17.611+0200] {processor.py:161} INFO - Started process (PID=20157) to work on /home/bvpelt/Develop/airflowtut/py_env/lib/python3.10/site-packages/airflow/example_dags/example_bash_operator.py
[2024-08-09T19:54:17.626+0200] {processor.py:830} INFO - Processing file /home/bvpelt/Develop/airflowtut/py_env/lib/python3.10/site-packages/airflow/example_dags/example_bash_operator.py for tasks to queue
[2024-08-09T19:54:17.627+0200] {logging_mixin.py:188} INFO - [2024-08-09T19:54:17.627+0200] {dagbag.py:545} INFO - Filling up the DagBag from /home/bvpelt/Develop/airflowtut/py_env/lib/python3.10/site-packages/airflow/example_dags/example_bash_operator.py
[2024-08-09T19:54:17.634+0200] {processor.py:840} INFO - DAG(s) 'example_bash_operator' retrieved from /home/bvpelt/Develop/airflowtut/py_env/lib/python3.10/site-packages/airflow/example_dags/example_bash_operator.py
[2024-08-09T19:54:17.652+0200] {logging_mixin.py:188} INFO - [2024-08-09T19:54:17.651+0200] {dag.py:3089} INFO - Sync 1 DAGs
[2024-08-09T19:54:17.665+0200] {logging_mixin.py:188} INFO - [2024-08-09T19:54:17.665+0200] {dag.py:3947} INFO - Setting next_dagrun for example_bash_operator to 2024-08-09 00:00:00+00:00, run_after=2024-08-10 00:00:00+00:00
[2024-08-09T19:54:17.739+0200] {processor.py:183} INFO - Processing /home/bvpelt/Develop/airflowtut/py_env/lib/python3.10/site-packages/airflow/example_dags/example_bash_operator.py took 0.132 seconds
[2024-08-09T19:55:10.459+0200] {processor.py:161} INFO - Started process (PID=20257) to work on /home/bvpelt/Develop/airflowtut/py_env/lib/python3.10/site-packages/airflow/example_dags/example_bash_operator.py
[2024-08-09T19:55:10.459+0200] {processor.py:830} INFO - Processing file /home/bvpelt/Develop/airflowtut/py_env/lib/python3.10/site-packages/airflow/example_dags/example_bash_operator.py for tasks to queue
[2024-08-09T19:55:10.460+0200] {logging_mixin.py:188} INFO - [2024-08-09T19:55:10.460+0200] {dagbag.py:545} INFO - Filling up the DagBag from /home/bvpelt/Develop/airflowtut/py_env/lib/python3.10/site-packages/airflow/example_dags/example_bash_operator.py
[2024-08-09T19:55:10.467+0200] {processor.py:840} INFO - DAG(s) 'example_bash_operator' retrieved from /home/bvpelt/Develop/airflowtut/py_env/lib/python3.10/site-packages/airflow/example_dags/example_bash_operator.py
[2024-08-09T19:55:10.480+0200] {logging_mixin.py:188} INFO - [2024-08-09T19:55:10.480+0200] {dag.py:3089} INFO - Sync 1 DAGs
[2024-08-09T19:55:10.491+0200] {logging_mixin.py:188} INFO - [2024-08-09T19:55:10.491+0200] {dag.py:3947} INFO - Setting next_dagrun for example_bash_operator to 2024-08-09 00:00:00+00:00, run_after=2024-08-10 00:00:00+00:00
[2024-08-09T19:55:10.576+0200] {processor.py:183} INFO - Processing /home/bvpelt/Develop/airflowtut/py_env/lib/python3.10/site-packages/airflow/example_dags/example_bash_operator.py took 0.120 seconds
[2024-08-09T19:55:57.621+0200] {processor.py:161} INFO - Started process (PID=20319) to work on /home/bvpelt/Develop/airflowtut/py_env/lib/python3.10/site-packages/airflow/example_dags/example_bash_operator.py
[2024-08-09T19:55:57.660+0200] {processor.py:830} INFO - Processing file /home/bvpelt/Develop/airflowtut/py_env/lib/python3.10/site-packages/airflow/example_dags/example_bash_operator.py for tasks to queue
[2024-08-09T19:55:57.664+0200] {logging_mixin.py:188} INFO - [2024-08-09T19:55:57.663+0200] {dagbag.py:545} INFO - Filling up the DagBag from /home/bvpelt/Develop/airflowtut/py_env/lib/python3.10/site-packages/airflow/example_dags/example_bash_operator.py
[2024-08-09T19:55:57.695+0200] {processor.py:840} INFO - DAG(s) 'example_bash_operator' retrieved from /home/bvpelt/Develop/airflowtut/py_env/lib/python3.10/site-packages/airflow/example_dags/example_bash_operator.py
[2024-08-09T19:55:57.720+0200] {logging_mixin.py:188} INFO - [2024-08-09T19:55:57.720+0200] {dag.py:3089} INFO - Sync 1 DAGs
[2024-08-09T19:55:57.733+0200] {logging_mixin.py:188} INFO - [2024-08-09T19:55:57.733+0200] {dag.py:3947} INFO - Setting next_dagrun for example_bash_operator to 2024-08-09 00:00:00+00:00, run_after=2024-08-10 00:00:00+00:00
[2024-08-09T19:55:57.807+0200] {processor.py:183} INFO - Processing /home/bvpelt/Develop/airflowtut/py_env/lib/python3.10/site-packages/airflow/example_dags/example_bash_operator.py took 0.189 seconds
[2024-08-09T19:56:48.243+0200] {processor.py:161} INFO - Started process (PID=20379) to work on /home/bvpelt/Develop/airflowtut/py_env/lib/python3.10/site-packages/airflow/example_dags/example_bash_operator.py
[2024-08-09T19:56:48.244+0200] {processor.py:830} INFO - Processing file /home/bvpelt/Develop/airflowtut/py_env/lib/python3.10/site-packages/airflow/example_dags/example_bash_operator.py for tasks to queue
[2024-08-09T19:56:48.245+0200] {logging_mixin.py:188} INFO - [2024-08-09T19:56:48.244+0200] {dagbag.py:545} INFO - Filling up the DagBag from /home/bvpelt/Develop/airflowtut/py_env/lib/python3.10/site-packages/airflow/example_dags/example_bash_operator.py
[2024-08-09T19:56:48.251+0200] {processor.py:840} INFO - DAG(s) 'example_bash_operator' retrieved from /home/bvpelt/Develop/airflowtut/py_env/lib/python3.10/site-packages/airflow/example_dags/example_bash_operator.py
[2024-08-09T19:56:48.265+0200] {logging_mixin.py:188} INFO - [2024-08-09T19:56:48.265+0200] {dag.py:3089} INFO - Sync 1 DAGs
[2024-08-09T19:56:48.276+0200] {logging_mixin.py:188} INFO - [2024-08-09T19:56:48.276+0200] {dag.py:3947} INFO - Setting next_dagrun for example_bash_operator to 2024-08-09 00:00:00+00:00, run_after=2024-08-10 00:00:00+00:00
[2024-08-09T19:56:48.380+0200] {processor.py:183} INFO - Processing /home/bvpelt/Develop/airflowtut/py_env/lib/python3.10/site-packages/airflow/example_dags/example_bash_operator.py took 0.140 seconds
[2024-08-09T19:57:40.325+0200] {processor.py:161} INFO - Started process (PID=20506) to work on /home/bvpelt/Develop/airflowtut/py_env/lib/python3.10/site-packages/airflow/example_dags/example_bash_operator.py
[2024-08-09T19:57:40.325+0200] {processor.py:830} INFO - Processing file /home/bvpelt/Develop/airflowtut/py_env/lib/python3.10/site-packages/airflow/example_dags/example_bash_operator.py for tasks to queue
[2024-08-09T19:57:40.326+0200] {logging_mixin.py:188} INFO - [2024-08-09T19:57:40.326+0200] {dagbag.py:545} INFO - Filling up the DagBag from /home/bvpelt/Develop/airflowtut/py_env/lib/python3.10/site-packages/airflow/example_dags/example_bash_operator.py
[2024-08-09T19:57:40.332+0200] {processor.py:840} INFO - DAG(s) 'example_bash_operator' retrieved from /home/bvpelt/Develop/airflowtut/py_env/lib/python3.10/site-packages/airflow/example_dags/example_bash_operator.py
[2024-08-09T19:57:40.346+0200] {logging_mixin.py:188} INFO - [2024-08-09T19:57:40.346+0200] {dag.py:3089} INFO - Sync 1 DAGs
[2024-08-09T19:57:40.357+0200] {logging_mixin.py:188} INFO - [2024-08-09T19:57:40.357+0200] {dag.py:3947} INFO - Setting next_dagrun for example_bash_operator to 2024-08-09 00:00:00+00:00, run_after=2024-08-10 00:00:00+00:00
[2024-08-09T19:57:40.463+0200] {processor.py:183} INFO - Processing /home/bvpelt/Develop/airflowtut/py_env/lib/python3.10/site-packages/airflow/example_dags/example_bash_operator.py took 0.142 seconds
[2024-08-09T19:58:31.379+0200] {processor.py:161} INFO - Started process (PID=20608) to work on /home/bvpelt/Develop/airflowtut/py_env/lib/python3.10/site-packages/airflow/example_dags/example_bash_operator.py
[2024-08-09T19:58:31.379+0200] {processor.py:830} INFO - Processing file /home/bvpelt/Develop/airflowtut/py_env/lib/python3.10/site-packages/airflow/example_dags/example_bash_operator.py for tasks to queue
[2024-08-09T19:58:31.380+0200] {logging_mixin.py:188} INFO - [2024-08-09T19:58:31.380+0200] {dagbag.py:545} INFO - Filling up the DagBag from /home/bvpelt/Develop/airflowtut/py_env/lib/python3.10/site-packages/airflow/example_dags/example_bash_operator.py
[2024-08-09T19:58:31.388+0200] {processor.py:840} INFO - DAG(s) 'example_bash_operator' retrieved from /home/bvpelt/Develop/airflowtut/py_env/lib/python3.10/site-packages/airflow/example_dags/example_bash_operator.py
[2024-08-09T19:58:31.403+0200] {logging_mixin.py:188} INFO - [2024-08-09T19:58:31.403+0200] {dag.py:3089} INFO - Sync 1 DAGs
[2024-08-09T19:58:31.416+0200] {logging_mixin.py:188} INFO - [2024-08-09T19:58:31.416+0200] {dag.py:3947} INFO - Setting next_dagrun for example_bash_operator to 2024-08-09 00:00:00+00:00, run_after=2024-08-10 00:00:00+00:00
[2024-08-09T19:58:31.495+0200] {processor.py:183} INFO - Processing /home/bvpelt/Develop/airflowtut/py_env/lib/python3.10/site-packages/airflow/example_dags/example_bash_operator.py took 0.120 seconds
[2024-08-09T19:59:30.008+0200] {processor.py:161} INFO - Started process (PID=20704) to work on /home/bvpelt/Develop/airflowtut/py_env/lib/python3.10/site-packages/airflow/example_dags/example_bash_operator.py
[2024-08-09T19:59:30.008+0200] {processor.py:830} INFO - Processing file /home/bvpelt/Develop/airflowtut/py_env/lib/python3.10/site-packages/airflow/example_dags/example_bash_operator.py for tasks to queue
[2024-08-09T19:59:30.009+0200] {logging_mixin.py:188} INFO - [2024-08-09T19:59:30.009+0200] {dagbag.py:545} INFO - Filling up the DagBag from /home/bvpelt/Develop/airflowtut/py_env/lib/python3.10/site-packages/airflow/example_dags/example_bash_operator.py
[2024-08-09T19:59:30.016+0200] {processor.py:840} INFO - DAG(s) 'example_bash_operator' retrieved from /home/bvpelt/Develop/airflowtut/py_env/lib/python3.10/site-packages/airflow/example_dags/example_bash_operator.py
[2024-08-09T19:59:30.030+0200] {logging_mixin.py:188} INFO - [2024-08-09T19:59:30.030+0200] {dag.py:3089} INFO - Sync 1 DAGs
[2024-08-09T19:59:30.042+0200] {logging_mixin.py:188} INFO - [2024-08-09T19:59:30.041+0200] {dag.py:3947} INFO - Setting next_dagrun for example_bash_operator to 2024-08-09 00:00:00+00:00, run_after=2024-08-10 00:00:00+00:00
[2024-08-09T19:59:30.161+0200] {processor.py:183} INFO - Processing /home/bvpelt/Develop/airflowtut/py_env/lib/python3.10/site-packages/airflow/example_dags/example_bash_operator.py took 0.156 seconds
[2024-08-09T20:00:21.344+0200] {processor.py:161} INFO - Started process (PID=20781) to work on /home/bvpelt/Develop/airflowtut/py_env/lib/python3.10/site-packages/airflow/example_dags/example_bash_operator.py
[2024-08-09T20:00:21.345+0200] {processor.py:830} INFO - Processing file /home/bvpelt/Develop/airflowtut/py_env/lib/python3.10/site-packages/airflow/example_dags/example_bash_operator.py for tasks to queue
[2024-08-09T20:00:21.346+0200] {logging_mixin.py:188} INFO - [2024-08-09T20:00:21.345+0200] {dagbag.py:545} INFO - Filling up the DagBag from /home/bvpelt/Develop/airflowtut/py_env/lib/python3.10/site-packages/airflow/example_dags/example_bash_operator.py
[2024-08-09T20:00:21.352+0200] {processor.py:840} INFO - DAG(s) 'example_bash_operator' retrieved from /home/bvpelt/Develop/airflowtut/py_env/lib/python3.10/site-packages/airflow/example_dags/example_bash_operator.py
[2024-08-09T20:00:21.365+0200] {logging_mixin.py:188} INFO - [2024-08-09T20:00:21.365+0200] {dag.py:3089} INFO - Sync 1 DAGs
[2024-08-09T20:00:21.376+0200] {logging_mixin.py:188} INFO - [2024-08-09T20:00:21.376+0200] {dag.py:3947} INFO - Setting next_dagrun for example_bash_operator to 2024-08-09 00:00:00+00:00, run_after=2024-08-10 00:00:00+00:00
[2024-08-09T20:00:21.437+0200] {processor.py:183} INFO - Processing /home/bvpelt/Develop/airflowtut/py_env/lib/python3.10/site-packages/airflow/example_dags/example_bash_operator.py took 0.095 seconds
[2024-08-09T20:01:12.583+0200] {processor.py:161} INFO - Started process (PID=20842) to work on /home/bvpelt/Develop/airflowtut/py_env/lib/python3.10/site-packages/airflow/example_dags/example_bash_operator.py
[2024-08-09T20:01:12.583+0200] {processor.py:830} INFO - Processing file /home/bvpelt/Develop/airflowtut/py_env/lib/python3.10/site-packages/airflow/example_dags/example_bash_operator.py for tasks to queue
[2024-08-09T20:01:12.584+0200] {logging_mixin.py:188} INFO - [2024-08-09T20:01:12.584+0200] {dagbag.py:545} INFO - Filling up the DagBag from /home/bvpelt/Develop/airflowtut/py_env/lib/python3.10/site-packages/airflow/example_dags/example_bash_operator.py
[2024-08-09T20:01:12.591+0200] {processor.py:840} INFO - DAG(s) 'example_bash_operator' retrieved from /home/bvpelt/Develop/airflowtut/py_env/lib/python3.10/site-packages/airflow/example_dags/example_bash_operator.py
[2024-08-09T20:01:12.605+0200] {logging_mixin.py:188} INFO - [2024-08-09T20:01:12.605+0200] {dag.py:3089} INFO - Sync 1 DAGs
[2024-08-09T20:01:12.618+0200] {logging_mixin.py:188} INFO - [2024-08-09T20:01:12.618+0200] {dag.py:3947} INFO - Setting next_dagrun for example_bash_operator to 2024-08-09 00:00:00+00:00, run_after=2024-08-10 00:00:00+00:00
[2024-08-09T20:01:12.685+0200] {processor.py:183} INFO - Processing /home/bvpelt/Develop/airflowtut/py_env/lib/python3.10/site-packages/airflow/example_dags/example_bash_operator.py took 0.105 seconds
[2024-08-09T20:02:02.397+0200] {processor.py:161} INFO - Started process (PID=20972) to work on /home/bvpelt/Develop/airflowtut/py_env/lib/python3.10/site-packages/airflow/example_dags/example_bash_operator.py
[2024-08-09T20:02:02.430+0200] {processor.py:830} INFO - Processing file /home/bvpelt/Develop/airflowtut/py_env/lib/python3.10/site-packages/airflow/example_dags/example_bash_operator.py for tasks to queue
[2024-08-09T20:02:02.431+0200] {logging_mixin.py:188} INFO - [2024-08-09T20:02:02.430+0200] {dagbag.py:545} INFO - Filling up the DagBag from /home/bvpelt/Develop/airflowtut/py_env/lib/python3.10/site-packages/airflow/example_dags/example_bash_operator.py
[2024-08-09T20:02:02.438+0200] {processor.py:840} INFO - DAG(s) 'example_bash_operator' retrieved from /home/bvpelt/Develop/airflowtut/py_env/lib/python3.10/site-packages/airflow/example_dags/example_bash_operator.py
[2024-08-09T20:02:02.453+0200] {logging_mixin.py:188} INFO - [2024-08-09T20:02:02.453+0200] {dag.py:3089} INFO - Sync 1 DAGs
[2024-08-09T20:02:02.471+0200] {logging_mixin.py:188} INFO - [2024-08-09T20:02:02.471+0200] {dag.py:3947} INFO - Setting next_dagrun for example_bash_operator to 2024-08-09 00:00:00+00:00, run_after=2024-08-10 00:00:00+00:00
[2024-08-09T20:02:02.684+0200] {processor.py:183} INFO - Processing /home/bvpelt/Develop/airflowtut/py_env/lib/python3.10/site-packages/airflow/example_dags/example_bash_operator.py took 0.290 seconds
[2024-08-09T20:02:54.535+0200] {processor.py:161} INFO - Started process (PID=21067) to work on /home/bvpelt/Develop/airflowtut/py_env/lib/python3.10/site-packages/airflow/example_dags/example_bash_operator.py
[2024-08-09T20:02:54.535+0200] {processor.py:830} INFO - Processing file /home/bvpelt/Develop/airflowtut/py_env/lib/python3.10/site-packages/airflow/example_dags/example_bash_operator.py for tasks to queue
[2024-08-09T20:02:54.536+0200] {logging_mixin.py:188} INFO - [2024-08-09T20:02:54.536+0200] {dagbag.py:545} INFO - Filling up the DagBag from /home/bvpelt/Develop/airflowtut/py_env/lib/python3.10/site-packages/airflow/example_dags/example_bash_operator.py
[2024-08-09T20:02:54.543+0200] {processor.py:840} INFO - DAG(s) 'example_bash_operator' retrieved from /home/bvpelt/Develop/airflowtut/py_env/lib/python3.10/site-packages/airflow/example_dags/example_bash_operator.py
[2024-08-09T20:02:54.557+0200] {logging_mixin.py:188} INFO - [2024-08-09T20:02:54.557+0200] {dag.py:3089} INFO - Sync 1 DAGs
[2024-08-09T20:02:54.569+0200] {logging_mixin.py:188} INFO - [2024-08-09T20:02:54.569+0200] {dag.py:3947} INFO - Setting next_dagrun for example_bash_operator to 2024-08-09 00:00:00+00:00, run_after=2024-08-10 00:00:00+00:00
[2024-08-09T20:02:54.661+0200] {processor.py:183} INFO - Processing /home/bvpelt/Develop/airflowtut/py_env/lib/python3.10/site-packages/airflow/example_dags/example_bash_operator.py took 0.129 seconds
[2024-08-09T20:03:52.841+0200] {processor.py:161} INFO - Started process (PID=21125) to work on /home/bvpelt/Develop/airflowtut/py_env/lib/python3.10/site-packages/airflow/example_dags/example_bash_operator.py
[2024-08-09T20:03:52.841+0200] {processor.py:830} INFO - Processing file /home/bvpelt/Develop/airflowtut/py_env/lib/python3.10/site-packages/airflow/example_dags/example_bash_operator.py for tasks to queue
[2024-08-09T20:03:52.842+0200] {logging_mixin.py:188} INFO - [2024-08-09T20:03:52.842+0200] {dagbag.py:545} INFO - Filling up the DagBag from /home/bvpelt/Develop/airflowtut/py_env/lib/python3.10/site-packages/airflow/example_dags/example_bash_operator.py
[2024-08-09T20:03:52.848+0200] {processor.py:840} INFO - DAG(s) 'example_bash_operator' retrieved from /home/bvpelt/Develop/airflowtut/py_env/lib/python3.10/site-packages/airflow/example_dags/example_bash_operator.py
[2024-08-09T20:03:52.862+0200] {logging_mixin.py:188} INFO - [2024-08-09T20:03:52.862+0200] {dag.py:3089} INFO - Sync 1 DAGs
[2024-08-09T20:03:52.874+0200] {logging_mixin.py:188} INFO - [2024-08-09T20:03:52.873+0200] {dag.py:3947} INFO - Setting next_dagrun for example_bash_operator to 2024-08-09 00:00:00+00:00, run_after=2024-08-10 00:00:00+00:00
[2024-08-09T20:03:52.954+0200] {processor.py:183} INFO - Processing /home/bvpelt/Develop/airflowtut/py_env/lib/python3.10/site-packages/airflow/example_dags/example_bash_operator.py took 0.116 seconds
[2024-08-09T20:04:45.655+0200] {processor.py:161} INFO - Started process (PID=21218) to work on /home/bvpelt/Develop/airflowtut/py_env/lib/python3.10/site-packages/airflow/example_dags/example_bash_operator.py
[2024-08-09T20:04:45.656+0200] {processor.py:830} INFO - Processing file /home/bvpelt/Develop/airflowtut/py_env/lib/python3.10/site-packages/airflow/example_dags/example_bash_operator.py for tasks to queue
[2024-08-09T20:04:45.657+0200] {logging_mixin.py:188} INFO - [2024-08-09T20:04:45.656+0200] {dagbag.py:545} INFO - Filling up the DagBag from /home/bvpelt/Develop/airflowtut/py_env/lib/python3.10/site-packages/airflow/example_dags/example_bash_operator.py
[2024-08-09T20:04:45.663+0200] {processor.py:840} INFO - DAG(s) 'example_bash_operator' retrieved from /home/bvpelt/Develop/airflowtut/py_env/lib/python3.10/site-packages/airflow/example_dags/example_bash_operator.py
[2024-08-09T20:04:45.678+0200] {logging_mixin.py:188} INFO - [2024-08-09T20:04:45.677+0200] {dag.py:3089} INFO - Sync 1 DAGs
[2024-08-09T20:04:45.689+0200] {logging_mixin.py:188} INFO - [2024-08-09T20:04:45.689+0200] {dag.py:3947} INFO - Setting next_dagrun for example_bash_operator to 2024-08-09 00:00:00+00:00, run_after=2024-08-10 00:00:00+00:00
[2024-08-09T20:04:45.765+0200] {processor.py:183} INFO - Processing /home/bvpelt/Develop/airflowtut/py_env/lib/python3.10/site-packages/airflow/example_dags/example_bash_operator.py took 0.113 seconds
[2024-08-09T20:05:38.101+0200] {processor.py:161} INFO - Started process (PID=21370) to work on /home/bvpelt/Develop/airflowtut/py_env/lib/python3.10/site-packages/airflow/example_dags/example_bash_operator.py
[2024-08-09T20:05:38.116+0200] {processor.py:830} INFO - Processing file /home/bvpelt/Develop/airflowtut/py_env/lib/python3.10/site-packages/airflow/example_dags/example_bash_operator.py for tasks to queue
[2024-08-09T20:05:38.120+0200] {logging_mixin.py:188} INFO - [2024-08-09T20:05:38.119+0200] {dagbag.py:545} INFO - Filling up the DagBag from /home/bvpelt/Develop/airflowtut/py_env/lib/python3.10/site-packages/airflow/example_dags/example_bash_operator.py
[2024-08-09T20:05:38.151+0200] {processor.py:840} INFO - DAG(s) 'example_bash_operator' retrieved from /home/bvpelt/Develop/airflowtut/py_env/lib/python3.10/site-packages/airflow/example_dags/example_bash_operator.py
[2024-08-09T20:05:38.177+0200] {logging_mixin.py:188} INFO - [2024-08-09T20:05:38.176+0200] {dag.py:3089} INFO - Sync 1 DAGs
[2024-08-09T20:05:38.190+0200] {logging_mixin.py:188} INFO - [2024-08-09T20:05:38.190+0200] {dag.py:3947} INFO - Setting next_dagrun for example_bash_operator to 2024-08-09 00:00:00+00:00, run_after=2024-08-10 00:00:00+00:00
[2024-08-09T20:05:38.260+0200] {processor.py:183} INFO - Processing /home/bvpelt/Develop/airflowtut/py_env/lib/python3.10/site-packages/airflow/example_dags/example_bash_operator.py took 0.162 seconds
[2024-08-09T20:06:36.864+0200] {processor.py:161} INFO - Started process (PID=21461) to work on /home/bvpelt/Develop/airflowtut/py_env/lib/python3.10/site-packages/airflow/example_dags/example_bash_operator.py
[2024-08-09T20:06:36.864+0200] {processor.py:830} INFO - Processing file /home/bvpelt/Develop/airflowtut/py_env/lib/python3.10/site-packages/airflow/example_dags/example_bash_operator.py for tasks to queue
[2024-08-09T20:06:36.865+0200] {logging_mixin.py:188} INFO - [2024-08-09T20:06:36.865+0200] {dagbag.py:545} INFO - Filling up the DagBag from /home/bvpelt/Develop/airflowtut/py_env/lib/python3.10/site-packages/airflow/example_dags/example_bash_operator.py
[2024-08-09T20:06:36.871+0200] {processor.py:840} INFO - DAG(s) 'example_bash_operator' retrieved from /home/bvpelt/Develop/airflowtut/py_env/lib/python3.10/site-packages/airflow/example_dags/example_bash_operator.py
[2024-08-09T20:06:36.885+0200] {logging_mixin.py:188} INFO - [2024-08-09T20:06:36.884+0200] {dag.py:3089} INFO - Sync 1 DAGs
[2024-08-09T20:06:36.896+0200] {logging_mixin.py:188} INFO - [2024-08-09T20:06:36.896+0200] {dag.py:3947} INFO - Setting next_dagrun for example_bash_operator to 2024-08-09 00:00:00+00:00, run_after=2024-08-10 00:00:00+00:00
[2024-08-09T20:06:36.995+0200] {processor.py:183} INFO - Processing /home/bvpelt/Develop/airflowtut/py_env/lib/python3.10/site-packages/airflow/example_dags/example_bash_operator.py took 0.134 seconds
[2024-08-09T20:07:30.371+0200] {processor.py:161} INFO - Started process (PID=21591) to work on /home/bvpelt/Develop/airflowtut/py_env/lib/python3.10/site-packages/airflow/example_dags/example_bash_operator.py
[2024-08-09T20:07:30.371+0200] {processor.py:830} INFO - Processing file /home/bvpelt/Develop/airflowtut/py_env/lib/python3.10/site-packages/airflow/example_dags/example_bash_operator.py for tasks to queue
[2024-08-09T20:07:30.372+0200] {logging_mixin.py:188} INFO - [2024-08-09T20:07:30.372+0200] {dagbag.py:545} INFO - Filling up the DagBag from /home/bvpelt/Develop/airflowtut/py_env/lib/python3.10/site-packages/airflow/example_dags/example_bash_operator.py
[2024-08-09T20:07:30.379+0200] {processor.py:840} INFO - DAG(s) 'example_bash_operator' retrieved from /home/bvpelt/Develop/airflowtut/py_env/lib/python3.10/site-packages/airflow/example_dags/example_bash_operator.py
[2024-08-09T20:07:30.392+0200] {logging_mixin.py:188} INFO - [2024-08-09T20:07:30.392+0200] {dag.py:3089} INFO - Sync 1 DAGs
[2024-08-09T20:07:30.403+0200] {logging_mixin.py:188} INFO - [2024-08-09T20:07:30.403+0200] {dag.py:3947} INFO - Setting next_dagrun for example_bash_operator to 2024-08-09 00:00:00+00:00, run_after=2024-08-10 00:00:00+00:00
[2024-08-09T20:07:30.497+0200] {processor.py:183} INFO - Processing /home/bvpelt/Develop/airflowtut/py_env/lib/python3.10/site-packages/airflow/example_dags/example_bash_operator.py took 0.130 seconds
[2024-08-09T20:08:21.189+0200] {processor.py:161} INFO - Started process (PID=21673) to work on /home/bvpelt/Develop/airflowtut/py_env/lib/python3.10/site-packages/airflow/example_dags/example_bash_operator.py
[2024-08-09T20:08:21.189+0200] {processor.py:830} INFO - Processing file /home/bvpelt/Develop/airflowtut/py_env/lib/python3.10/site-packages/airflow/example_dags/example_bash_operator.py for tasks to queue
[2024-08-09T20:08:21.190+0200] {logging_mixin.py:188} INFO - [2024-08-09T20:08:21.190+0200] {dagbag.py:545} INFO - Filling up the DagBag from /home/bvpelt/Develop/airflowtut/py_env/lib/python3.10/site-packages/airflow/example_dags/example_bash_operator.py
[2024-08-09T20:08:21.196+0200] {processor.py:840} INFO - DAG(s) 'example_bash_operator' retrieved from /home/bvpelt/Develop/airflowtut/py_env/lib/python3.10/site-packages/airflow/example_dags/example_bash_operator.py
[2024-08-09T20:08:21.210+0200] {logging_mixin.py:188} INFO - [2024-08-09T20:08:21.210+0200] {dag.py:3089} INFO - Sync 1 DAGs
[2024-08-09T20:08:21.222+0200] {logging_mixin.py:188} INFO - [2024-08-09T20:08:21.221+0200] {dag.py:3947} INFO - Setting next_dagrun for example_bash_operator to 2024-08-09 00:00:00+00:00, run_after=2024-08-10 00:00:00+00:00
[2024-08-09T20:08:21.286+0200] {processor.py:183} INFO - Processing /home/bvpelt/Develop/airflowtut/py_env/lib/python3.10/site-packages/airflow/example_dags/example_bash_operator.py took 0.100 seconds
[2024-08-09T20:09:12.435+0200] {processor.py:161} INFO - Started process (PID=21731) to work on /home/bvpelt/Develop/airflowtut/py_env/lib/python3.10/site-packages/airflow/example_dags/example_bash_operator.py
[2024-08-09T20:09:12.436+0200] {processor.py:830} INFO - Processing file /home/bvpelt/Develop/airflowtut/py_env/lib/python3.10/site-packages/airflow/example_dags/example_bash_operator.py for tasks to queue
[2024-08-09T20:09:12.436+0200] {logging_mixin.py:188} INFO - [2024-08-09T20:09:12.436+0200] {dagbag.py:545} INFO - Filling up the DagBag from /home/bvpelt/Develop/airflowtut/py_env/lib/python3.10/site-packages/airflow/example_dags/example_bash_operator.py
[2024-08-09T20:09:12.443+0200] {processor.py:840} INFO - DAG(s) 'example_bash_operator' retrieved from /home/bvpelt/Develop/airflowtut/py_env/lib/python3.10/site-packages/airflow/example_dags/example_bash_operator.py
[2024-08-09T20:09:12.457+0200] {logging_mixin.py:188} INFO - [2024-08-09T20:09:12.457+0200] {dag.py:3089} INFO - Sync 1 DAGs
[2024-08-09T20:09:12.469+0200] {logging_mixin.py:188} INFO - [2024-08-09T20:09:12.469+0200] {dag.py:3947} INFO - Setting next_dagrun for example_bash_operator to 2024-08-09 00:00:00+00:00, run_after=2024-08-10 00:00:00+00:00
[2024-08-09T20:09:12.554+0200] {processor.py:183} INFO - Processing /home/bvpelt/Develop/airflowtut/py_env/lib/python3.10/site-packages/airflow/example_dags/example_bash_operator.py took 0.122 seconds
[2024-08-09T20:10:03.786+0200] {processor.py:161} INFO - Started process (PID=21783) to work on /home/bvpelt/Develop/airflowtut/py_env/lib/python3.10/site-packages/airflow/example_dags/example_bash_operator.py
[2024-08-09T20:10:03.787+0200] {processor.py:830} INFO - Processing file /home/bvpelt/Develop/airflowtut/py_env/lib/python3.10/site-packages/airflow/example_dags/example_bash_operator.py for tasks to queue
[2024-08-09T20:10:03.788+0200] {logging_mixin.py:188} INFO - [2024-08-09T20:10:03.787+0200] {dagbag.py:545} INFO - Filling up the DagBag from /home/bvpelt/Develop/airflowtut/py_env/lib/python3.10/site-packages/airflow/example_dags/example_bash_operator.py
[2024-08-09T20:10:03.794+0200] {processor.py:840} INFO - DAG(s) 'example_bash_operator' retrieved from /home/bvpelt/Develop/airflowtut/py_env/lib/python3.10/site-packages/airflow/example_dags/example_bash_operator.py
[2024-08-09T20:10:03.808+0200] {logging_mixin.py:188} INFO - [2024-08-09T20:10:03.808+0200] {dag.py:3089} INFO - Sync 1 DAGs
[2024-08-09T20:10:03.819+0200] {logging_mixin.py:188} INFO - [2024-08-09T20:10:03.819+0200] {dag.py:3947} INFO - Setting next_dagrun for example_bash_operator to 2024-08-09 00:00:00+00:00, run_after=2024-08-10 00:00:00+00:00
[2024-08-09T20:10:03.889+0200] {processor.py:183} INFO - Processing /home/bvpelt/Develop/airflowtut/py_env/lib/python3.10/site-packages/airflow/example_dags/example_bash_operator.py took 0.106 seconds
[2024-08-09T20:10:53.849+0200] {processor.py:161} INFO - Started process (PID=21859) to work on /home/bvpelt/Develop/airflowtut/py_env/lib/python3.10/site-packages/airflow/example_dags/example_bash_operator.py
[2024-08-09T20:10:53.850+0200] {processor.py:830} INFO - Processing file /home/bvpelt/Develop/airflowtut/py_env/lib/python3.10/site-packages/airflow/example_dags/example_bash_operator.py for tasks to queue
[2024-08-09T20:10:53.851+0200] {logging_mixin.py:188} INFO - [2024-08-09T20:10:53.851+0200] {dagbag.py:545} INFO - Filling up the DagBag from /home/bvpelt/Develop/airflowtut/py_env/lib/python3.10/site-packages/airflow/example_dags/example_bash_operator.py
[2024-08-09T20:10:53.857+0200] {processor.py:840} INFO - DAG(s) 'example_bash_operator' retrieved from /home/bvpelt/Develop/airflowtut/py_env/lib/python3.10/site-packages/airflow/example_dags/example_bash_operator.py
[2024-08-09T20:10:53.871+0200] {logging_mixin.py:188} INFO - [2024-08-09T20:10:53.871+0200] {dag.py:3089} INFO - Sync 1 DAGs
[2024-08-09T20:10:53.882+0200] {logging_mixin.py:188} INFO - [2024-08-09T20:10:53.882+0200] {dag.py:3947} INFO - Setting next_dagrun for example_bash_operator to 2024-08-09 00:00:00+00:00, run_after=2024-08-10 00:00:00+00:00
[2024-08-09T20:10:53.978+0200] {processor.py:183} INFO - Processing /home/bvpelt/Develop/airflowtut/py_env/lib/python3.10/site-packages/airflow/example_dags/example_bash_operator.py took 0.131 seconds
[2024-08-09T20:11:43.791+0200] {processor.py:161} INFO - Started process (PID=21912) to work on /home/bvpelt/Develop/airflowtut/py_env/lib/python3.10/site-packages/airflow/example_dags/example_bash_operator.py
[2024-08-09T20:11:43.792+0200] {processor.py:830} INFO - Processing file /home/bvpelt/Develop/airflowtut/py_env/lib/python3.10/site-packages/airflow/example_dags/example_bash_operator.py for tasks to queue
[2024-08-09T20:11:43.792+0200] {logging_mixin.py:188} INFO - [2024-08-09T20:11:43.792+0200] {dagbag.py:545} INFO - Filling up the DagBag from /home/bvpelt/Develop/airflowtut/py_env/lib/python3.10/site-packages/airflow/example_dags/example_bash_operator.py
[2024-08-09T20:11:43.799+0200] {processor.py:840} INFO - DAG(s) 'example_bash_operator' retrieved from /home/bvpelt/Develop/airflowtut/py_env/lib/python3.10/site-packages/airflow/example_dags/example_bash_operator.py
[2024-08-09T20:11:43.813+0200] {logging_mixin.py:188} INFO - [2024-08-09T20:11:43.812+0200] {dag.py:3089} INFO - Sync 1 DAGs
[2024-08-09T20:11:43.824+0200] {logging_mixin.py:188} INFO - [2024-08-09T20:11:43.824+0200] {dag.py:3947} INFO - Setting next_dagrun for example_bash_operator to 2024-08-09 00:00:00+00:00, run_after=2024-08-10 00:00:00+00:00
[2024-08-09T20:11:43.903+0200] {processor.py:183} INFO - Processing /home/bvpelt/Develop/airflowtut/py_env/lib/python3.10/site-packages/airflow/example_dags/example_bash_operator.py took 0.115 seconds
[2024-08-09T20:12:31.979+0200] {processor.py:161} INFO - Started process (PID=22021) to work on /home/bvpelt/Develop/airflowtut/py_env/lib/python3.10/site-packages/airflow/example_dags/example_bash_operator.py
[2024-08-09T20:12:31.996+0200] {processor.py:830} INFO - Processing file /home/bvpelt/Develop/airflowtut/py_env/lib/python3.10/site-packages/airflow/example_dags/example_bash_operator.py for tasks to queue
[2024-08-09T20:12:32.000+0200] {logging_mixin.py:188} INFO - [2024-08-09T20:12:31.999+0200] {dagbag.py:545} INFO - Filling up the DagBag from /home/bvpelt/Develop/airflowtut/py_env/lib/python3.10/site-packages/airflow/example_dags/example_bash_operator.py
[2024-08-09T20:12:32.007+0200] {processor.py:840} INFO - DAG(s) 'example_bash_operator' retrieved from /home/bvpelt/Develop/airflowtut/py_env/lib/python3.10/site-packages/airflow/example_dags/example_bash_operator.py
[2024-08-09T20:12:32.021+0200] {logging_mixin.py:188} INFO - [2024-08-09T20:12:32.021+0200] {dag.py:3089} INFO - Sync 1 DAGs
[2024-08-09T20:12:32.033+0200] {logging_mixin.py:188} INFO - [2024-08-09T20:12:32.033+0200] {dag.py:3947} INFO - Setting next_dagrun for example_bash_operator to 2024-08-09 00:00:00+00:00, run_after=2024-08-10 00:00:00+00:00
[2024-08-09T20:12:32.121+0200] {processor.py:183} INFO - Processing /home/bvpelt/Develop/airflowtut/py_env/lib/python3.10/site-packages/airflow/example_dags/example_bash_operator.py took 0.145 seconds
[2024-08-09T20:13:25.633+0200] {processor.py:161} INFO - Started process (PID=22107) to work on /home/bvpelt/Develop/airflowtut/py_env/lib/python3.10/site-packages/airflow/example_dags/example_bash_operator.py
[2024-08-09T20:13:25.634+0200] {processor.py:830} INFO - Processing file /home/bvpelt/Develop/airflowtut/py_env/lib/python3.10/site-packages/airflow/example_dags/example_bash_operator.py for tasks to queue
[2024-08-09T20:13:25.635+0200] {logging_mixin.py:188} INFO - [2024-08-09T20:13:25.635+0200] {dagbag.py:545} INFO - Filling up the DagBag from /home/bvpelt/Develop/airflowtut/py_env/lib/python3.10/site-packages/airflow/example_dags/example_bash_operator.py
[2024-08-09T20:13:25.642+0200] {processor.py:840} INFO - DAG(s) 'example_bash_operator' retrieved from /home/bvpelt/Develop/airflowtut/py_env/lib/python3.10/site-packages/airflow/example_dags/example_bash_operator.py
[2024-08-09T20:13:25.656+0200] {logging_mixin.py:188} INFO - [2024-08-09T20:13:25.656+0200] {dag.py:3089} INFO - Sync 1 DAGs
[2024-08-09T20:13:25.667+0200] {logging_mixin.py:188} INFO - [2024-08-09T20:13:25.667+0200] {dag.py:3947} INFO - Setting next_dagrun for example_bash_operator to 2024-08-09 00:00:00+00:00, run_after=2024-08-10 00:00:00+00:00
[2024-08-09T20:13:25.768+0200] {processor.py:183} INFO - Processing /home/bvpelt/Develop/airflowtut/py_env/lib/python3.10/site-packages/airflow/example_dags/example_bash_operator.py took 0.138 seconds
[2024-08-09T20:14:20.056+0200] {processor.py:161} INFO - Started process (PID=22186) to work on /home/bvpelt/Develop/airflowtut/py_env/lib/python3.10/site-packages/airflow/example_dags/example_bash_operator.py
[2024-08-09T20:14:20.056+0200] {processor.py:830} INFO - Processing file /home/bvpelt/Develop/airflowtut/py_env/lib/python3.10/site-packages/airflow/example_dags/example_bash_operator.py for tasks to queue
[2024-08-09T20:14:20.057+0200] {logging_mixin.py:188} INFO - [2024-08-09T20:14:20.057+0200] {dagbag.py:545} INFO - Filling up the DagBag from /home/bvpelt/Develop/airflowtut/py_env/lib/python3.10/site-packages/airflow/example_dags/example_bash_operator.py
[2024-08-09T20:14:20.063+0200] {processor.py:840} INFO - DAG(s) 'example_bash_operator' retrieved from /home/bvpelt/Develop/airflowtut/py_env/lib/python3.10/site-packages/airflow/example_dags/example_bash_operator.py
[2024-08-09T20:14:20.077+0200] {logging_mixin.py:188} INFO - [2024-08-09T20:14:20.077+0200] {dag.py:3089} INFO - Sync 1 DAGs
[2024-08-09T20:14:20.088+0200] {logging_mixin.py:188} INFO - [2024-08-09T20:14:20.088+0200] {dag.py:3947} INFO - Setting next_dagrun for example_bash_operator to 2024-08-09 00:00:00+00:00, run_after=2024-08-10 00:00:00+00:00
[2024-08-09T20:14:20.171+0200] {processor.py:183} INFO - Processing /home/bvpelt/Develop/airflowtut/py_env/lib/python3.10/site-packages/airflow/example_dags/example_bash_operator.py took 0.118 seconds
[2024-08-09T20:15:30.227+0200] {processor.py:161} INFO - Started process (PID=22288) to work on /home/bvpelt/Develop/airflowtut/py_env/lib/python3.10/site-packages/airflow/example_dags/example_bash_operator.py
[2024-08-09T20:15:30.228+0200] {processor.py:830} INFO - Processing file /home/bvpelt/Develop/airflowtut/py_env/lib/python3.10/site-packages/airflow/example_dags/example_bash_operator.py for tasks to queue
[2024-08-09T20:15:30.229+0200] {logging_mixin.py:188} INFO - [2024-08-09T20:15:30.229+0200] {dagbag.py:545} INFO - Filling up the DagBag from /home/bvpelt/Develop/airflowtut/py_env/lib/python3.10/site-packages/airflow/example_dags/example_bash_operator.py
[2024-08-09T20:15:30.235+0200] {processor.py:840} INFO - DAG(s) 'example_bash_operator' retrieved from /home/bvpelt/Develop/airflowtut/py_env/lib/python3.10/site-packages/airflow/example_dags/example_bash_operator.py
[2024-08-09T20:15:30.249+0200] {logging_mixin.py:188} INFO - [2024-08-09T20:15:30.249+0200] {dag.py:3089} INFO - Sync 1 DAGs
[2024-08-09T20:15:30.260+0200] {logging_mixin.py:188} INFO - [2024-08-09T20:15:30.260+0200] {dag.py:3947} INFO - Setting next_dagrun for example_bash_operator to 2024-08-09 00:00:00+00:00, run_after=2024-08-10 00:00:00+00:00
[2024-08-09T20:15:30.344+0200] {processor.py:183} INFO - Processing /home/bvpelt/Develop/airflowtut/py_env/lib/python3.10/site-packages/airflow/example_dags/example_bash_operator.py took 0.119 seconds
[2024-08-09T20:16:18.174+0200] {processor.py:161} INFO - Started process (PID=22346) to work on /home/bvpelt/Develop/airflowtut/py_env/lib/python3.10/site-packages/airflow/example_dags/example_bash_operator.py
[2024-08-09T20:16:18.175+0200] {processor.py:830} INFO - Processing file /home/bvpelt/Develop/airflowtut/py_env/lib/python3.10/site-packages/airflow/example_dags/example_bash_operator.py for tasks to queue
[2024-08-09T20:16:18.175+0200] {logging_mixin.py:188} INFO - [2024-08-09T20:16:18.175+0200] {dagbag.py:545} INFO - Filling up the DagBag from /home/bvpelt/Develop/airflowtut/py_env/lib/python3.10/site-packages/airflow/example_dags/example_bash_operator.py
[2024-08-09T20:16:18.182+0200] {processor.py:840} INFO - DAG(s) 'example_bash_operator' retrieved from /home/bvpelt/Develop/airflowtut/py_env/lib/python3.10/site-packages/airflow/example_dags/example_bash_operator.py
[2024-08-09T20:16:18.196+0200] {logging_mixin.py:188} INFO - [2024-08-09T20:16:18.196+0200] {dag.py:3089} INFO - Sync 1 DAGs
[2024-08-09T20:16:18.207+0200] {logging_mixin.py:188} INFO - [2024-08-09T20:16:18.207+0200] {dag.py:3947} INFO - Setting next_dagrun for example_bash_operator to 2024-08-09 00:00:00+00:00, run_after=2024-08-10 00:00:00+00:00
[2024-08-09T20:16:18.280+0200] {processor.py:183} INFO - Processing /home/bvpelt/Develop/airflowtut/py_env/lib/python3.10/site-packages/airflow/example_dags/example_bash_operator.py took 0.109 seconds
