[2024-08-09T19:43:07.980+0200] {processor.py:161} INFO - Started process (PID=17691) to work on /home/bvpelt/Develop/airflowtut/py_env/lib/python3.10/site-packages/airflow/example_dags/example_branch_day_of_week_operator.py
[2024-08-09T19:43:07.982+0200] {processor.py:830} INFO - Processing file /home/bvpelt/Develop/airflowtut/py_env/lib/python3.10/site-packages/airflow/example_dags/example_branch_day_of_week_operator.py for tasks to queue
[2024-08-09T19:43:07.985+0200] {logging_mixin.py:188} INFO - [2024-08-09T19:43:07.984+0200] {dagbag.py:545} INFO - Filling up the DagBag from /home/bvpelt/Develop/airflowtut/py_env/lib/python3.10/site-packages/airflow/example_dags/example_branch_day_of_week_operator.py
[2024-08-09T19:43:07.995+0200] {processor.py:840} INFO - DAG(s) 'example_weekday_branch_operator' retrieved from /home/bvpelt/Develop/airflowtut/py_env/lib/python3.10/site-packages/airflow/example_dags/example_branch_day_of_week_operator.py
[2024-08-09T19:43:08.315+0200] {logging_mixin.py:188} INFO - [2024-08-09T19:43:08.313+0200] {override.py:1858} INFO - Created Permission View: can edit on DAG:example_weekday_branch_operator
[2024-08-09T19:43:08.414+0200] {logging_mixin.py:188} INFO - [2024-08-09T19:43:08.413+0200] {override.py:1858} INFO - Created Permission View: can read on DAG:example_weekday_branch_operator
[2024-08-09T19:43:08.492+0200] {logging_mixin.py:188} INFO - [2024-08-09T19:43:08.491+0200] {override.py:1858} INFO - Created Permission View: can delete on DAG:example_weekday_branch_operator
[2024-08-09T19:43:08.494+0200] {logging_mixin.py:188} INFO - [2024-08-09T19:43:08.493+0200] {dag.py:3089} INFO - Sync 1 DAGs
[2024-08-09T19:43:08.524+0200] {logging_mixin.py:188} INFO - [2024-08-09T19:43:08.523+0200] {dag.py:3111} INFO - Creating ORM DAG for example_weekday_branch_operator
[2024-08-09T19:43:08.537+0200] {logging_mixin.py:188} INFO - [2024-08-09T19:43:08.537+0200] {dag.py:3947} INFO - Setting next_dagrun for example_weekday_branch_operator to 2024-08-08 00:00:00+00:00, run_after=2024-08-09 00:00:00+00:00
[2024-08-09T19:43:08.732+0200] {processor.py:183} INFO - Processing /home/bvpelt/Develop/airflowtut/py_env/lib/python3.10/site-packages/airflow/example_dags/example_branch_day_of_week_operator.py took 0.767 seconds
[2024-08-09T19:44:16.139+0200] {processor.py:161} INFO - Started process (PID=17971) to work on /home/bvpelt/Develop/airflowtut/py_env/lib/python3.10/site-packages/airflow/example_dags/example_branch_day_of_week_operator.py
[2024-08-09T19:44:16.140+0200] {processor.py:830} INFO - Processing file /home/bvpelt/Develop/airflowtut/py_env/lib/python3.10/site-packages/airflow/example_dags/example_branch_day_of_week_operator.py for tasks to queue
[2024-08-09T19:44:16.141+0200] {logging_mixin.py:188} INFO - [2024-08-09T19:44:16.141+0200] {dagbag.py:545} INFO - Filling up the DagBag from /home/bvpelt/Develop/airflowtut/py_env/lib/python3.10/site-packages/airflow/example_dags/example_branch_day_of_week_operator.py
[2024-08-09T19:44:16.145+0200] {processor.py:840} INFO - DAG(s) 'example_weekday_branch_operator' retrieved from /home/bvpelt/Develop/airflowtut/py_env/lib/python3.10/site-packages/airflow/example_dags/example_branch_day_of_week_operator.py
[2024-08-09T19:44:16.154+0200] {logging_mixin.py:188} INFO - [2024-08-09T19:44:16.154+0200] {dag.py:3089} INFO - Sync 1 DAGs
[2024-08-09T19:44:16.166+0200] {logging_mixin.py:188} INFO - [2024-08-09T19:44:16.166+0200] {dag.py:3947} INFO - Setting next_dagrun for example_weekday_branch_operator to 2024-08-08 00:00:00+00:00, run_after=2024-08-09 00:00:00+00:00
[2024-08-09T19:44:16.249+0200] {processor.py:183} INFO - Processing /home/bvpelt/Develop/airflowtut/py_env/lib/python3.10/site-packages/airflow/example_dags/example_branch_day_of_week_operator.py took 0.113 seconds
[2024-08-09T19:45:19.900+0200] {processor.py:161} INFO - Started process (PID=18276) to work on /home/bvpelt/Develop/airflowtut/py_env/lib/python3.10/site-packages/airflow/example_dags/example_branch_day_of_week_operator.py
[2024-08-09T19:45:19.901+0200] {processor.py:830} INFO - Processing file /home/bvpelt/Develop/airflowtut/py_env/lib/python3.10/site-packages/airflow/example_dags/example_branch_day_of_week_operator.py for tasks to queue
[2024-08-09T19:45:19.903+0200] {logging_mixin.py:188} INFO - [2024-08-09T19:45:19.902+0200] {dagbag.py:545} INFO - Filling up the DagBag from /home/bvpelt/Develop/airflowtut/py_env/lib/python3.10/site-packages/airflow/example_dags/example_branch_day_of_week_operator.py
[2024-08-09T19:45:19.911+0200] {processor.py:840} INFO - DAG(s) 'example_weekday_branch_operator' retrieved from /home/bvpelt/Develop/airflowtut/py_env/lib/python3.10/site-packages/airflow/example_dags/example_branch_day_of_week_operator.py
[2024-08-09T19:45:19.980+0200] {logging_mixin.py:188} INFO - [2024-08-09T19:45:19.980+0200] {dag.py:3089} INFO - Sync 1 DAGs
[2024-08-09T19:45:19.990+0200] {logging_mixin.py:188} INFO - [2024-08-09T19:45:19.990+0200] {dag.py:3947} INFO - Setting next_dagrun for example_weekday_branch_operator to 2024-08-08 00:00:00+00:00, run_after=2024-08-09 00:00:00+00:00
[2024-08-09T19:45:20.104+0200] {processor.py:183} INFO - Processing /home/bvpelt/Develop/airflowtut/py_env/lib/python3.10/site-packages/airflow/example_dags/example_branch_day_of_week_operator.py took 0.210 seconds
[2024-08-09T19:46:44.177+0200] {processor.py:161} INFO - Started process (PID=18642) to work on /home/bvpelt/Develop/airflowtut/py_env/lib/python3.10/site-packages/airflow/example_dags/example_branch_day_of_week_operator.py
[2024-08-09T19:46:44.177+0200] {processor.py:830} INFO - Processing file /home/bvpelt/Develop/airflowtut/py_env/lib/python3.10/site-packages/airflow/example_dags/example_branch_day_of_week_operator.py for tasks to queue
[2024-08-09T19:46:44.178+0200] {logging_mixin.py:188} INFO - [2024-08-09T19:46:44.178+0200] {dagbag.py:545} INFO - Filling up the DagBag from /home/bvpelt/Develop/airflowtut/py_env/lib/python3.10/site-packages/airflow/example_dags/example_branch_day_of_week_operator.py
[2024-08-09T19:46:44.183+0200] {processor.py:840} INFO - DAG(s) 'example_weekday_branch_operator' retrieved from /home/bvpelt/Develop/airflowtut/py_env/lib/python3.10/site-packages/airflow/example_dags/example_branch_day_of_week_operator.py
[2024-08-09T19:46:44.193+0200] {logging_mixin.py:188} INFO - [2024-08-09T19:46:44.193+0200] {dag.py:3089} INFO - Sync 1 DAGs
[2024-08-09T19:46:44.205+0200] {logging_mixin.py:188} INFO - [2024-08-09T19:46:44.205+0200] {dag.py:3947} INFO - Setting next_dagrun for example_weekday_branch_operator to 2024-08-08 00:00:00+00:00, run_after=2024-08-09 00:00:00+00:00
[2024-08-09T19:46:44.301+0200] {processor.py:183} INFO - Processing /home/bvpelt/Develop/airflowtut/py_env/lib/python3.10/site-packages/airflow/example_dags/example_branch_day_of_week_operator.py took 0.127 seconds
[2024-08-09T19:47:37.364+0200] {processor.py:161} INFO - Started process (PID=18970) to work on /home/bvpelt/Develop/airflowtut/py_env/lib/python3.10/site-packages/airflow/example_dags/example_branch_day_of_week_operator.py
[2024-08-09T19:47:37.364+0200] {processor.py:830} INFO - Processing file /home/bvpelt/Develop/airflowtut/py_env/lib/python3.10/site-packages/airflow/example_dags/example_branch_day_of_week_operator.py for tasks to queue
[2024-08-09T19:47:37.365+0200] {logging_mixin.py:188} INFO - [2024-08-09T19:47:37.365+0200] {dagbag.py:545} INFO - Filling up the DagBag from /home/bvpelt/Develop/airflowtut/py_env/lib/python3.10/site-packages/airflow/example_dags/example_branch_day_of_week_operator.py
[2024-08-09T19:47:37.370+0200] {processor.py:840} INFO - DAG(s) 'example_weekday_branch_operator' retrieved from /home/bvpelt/Develop/airflowtut/py_env/lib/python3.10/site-packages/airflow/example_dags/example_branch_day_of_week_operator.py
[2024-08-09T19:47:37.379+0200] {logging_mixin.py:188} INFO - [2024-08-09T19:47:37.379+0200] {dag.py:3089} INFO - Sync 1 DAGs
[2024-08-09T19:47:37.391+0200] {logging_mixin.py:188} INFO - [2024-08-09T19:47:37.390+0200] {dag.py:3947} INFO - Setting next_dagrun for example_weekday_branch_operator to 2024-08-08 00:00:00+00:00, run_after=2024-08-09 00:00:00+00:00
[2024-08-09T19:47:37.490+0200] {processor.py:183} INFO - Processing /home/bvpelt/Develop/airflowtut/py_env/lib/python3.10/site-packages/airflow/example_dags/example_branch_day_of_week_operator.py took 0.129 seconds
[2024-08-09T19:48:30.906+0200] {processor.py:161} INFO - Started process (PID=19108) to work on /home/bvpelt/Develop/airflowtut/py_env/lib/python3.10/site-packages/airflow/example_dags/example_branch_day_of_week_operator.py
[2024-08-09T19:48:30.918+0200] {processor.py:830} INFO - Processing file /home/bvpelt/Develop/airflowtut/py_env/lib/python3.10/site-packages/airflow/example_dags/example_branch_day_of_week_operator.py for tasks to queue
[2024-08-09T19:48:30.919+0200] {logging_mixin.py:188} INFO - [2024-08-09T19:48:30.919+0200] {dagbag.py:545} INFO - Filling up the DagBag from /home/bvpelt/Develop/airflowtut/py_env/lib/python3.10/site-packages/airflow/example_dags/example_branch_day_of_week_operator.py
[2024-08-09T19:48:30.925+0200] {processor.py:840} INFO - DAG(s) 'example_weekday_branch_operator' retrieved from /home/bvpelt/Develop/airflowtut/py_env/lib/python3.10/site-packages/airflow/example_dags/example_branch_day_of_week_operator.py
[2024-08-09T19:48:30.933+0200] {logging_mixin.py:188} INFO - [2024-08-09T19:48:30.933+0200] {dag.py:3089} INFO - Sync 1 DAGs
[2024-08-09T19:48:30.944+0200] {logging_mixin.py:188} INFO - [2024-08-09T19:48:30.944+0200] {dag.py:3947} INFO - Setting next_dagrun for example_weekday_branch_operator to 2024-08-08 00:00:00+00:00, run_after=2024-08-09 00:00:00+00:00
[2024-08-09T19:48:31.031+0200] {processor.py:183} INFO - Processing /home/bvpelt/Develop/airflowtut/py_env/lib/python3.10/site-packages/airflow/example_dags/example_branch_day_of_week_operator.py took 0.128 seconds
[2024-08-09T19:49:20.899+0200] {processor.py:161} INFO - Started process (PID=19193) to work on /home/bvpelt/Develop/airflowtut/py_env/lib/python3.10/site-packages/airflow/example_dags/example_branch_day_of_week_operator.py
[2024-08-09T19:49:20.916+0200] {processor.py:830} INFO - Processing file /home/bvpelt/Develop/airflowtut/py_env/lib/python3.10/site-packages/airflow/example_dags/example_branch_day_of_week_operator.py for tasks to queue
[2024-08-09T19:49:20.917+0200] {logging_mixin.py:188} INFO - [2024-08-09T19:49:20.917+0200] {dagbag.py:545} INFO - Filling up the DagBag from /home/bvpelt/Develop/airflowtut/py_env/lib/python3.10/site-packages/airflow/example_dags/example_branch_day_of_week_operator.py
[2024-08-09T19:49:20.923+0200] {processor.py:840} INFO - DAG(s) 'example_weekday_branch_operator' retrieved from /home/bvpelt/Develop/airflowtut/py_env/lib/python3.10/site-packages/airflow/example_dags/example_branch_day_of_week_operator.py
[2024-08-09T19:49:20.931+0200] {logging_mixin.py:188} INFO - [2024-08-09T19:49:20.931+0200] {dag.py:3089} INFO - Sync 1 DAGs
[2024-08-09T19:49:20.942+0200] {logging_mixin.py:188} INFO - [2024-08-09T19:49:20.942+0200] {dag.py:3947} INFO - Setting next_dagrun for example_weekday_branch_operator to 2024-08-08 00:00:00+00:00, run_after=2024-08-09 00:00:00+00:00
[2024-08-09T19:49:21.015+0200] {processor.py:183} INFO - Processing /home/bvpelt/Develop/airflowtut/py_env/lib/python3.10/site-packages/airflow/example_dags/example_branch_day_of_week_operator.py took 0.120 seconds
[2024-08-09T19:50:13.100+0200] {processor.py:161} INFO - Started process (PID=19346) to work on /home/bvpelt/Develop/airflowtut/py_env/lib/python3.10/site-packages/airflow/example_dags/example_branch_day_of_week_operator.py
[2024-08-09T19:50:13.111+0200] {processor.py:830} INFO - Processing file /home/bvpelt/Develop/airflowtut/py_env/lib/python3.10/site-packages/airflow/example_dags/example_branch_day_of_week_operator.py for tasks to queue
[2024-08-09T19:50:13.112+0200] {logging_mixin.py:188} INFO - [2024-08-09T19:50:13.111+0200] {dagbag.py:545} INFO - Filling up the DagBag from /home/bvpelt/Develop/airflowtut/py_env/lib/python3.10/site-packages/airflow/example_dags/example_branch_day_of_week_operator.py
[2024-08-09T19:50:13.116+0200] {processor.py:840} INFO - DAG(s) 'example_weekday_branch_operator' retrieved from /home/bvpelt/Develop/airflowtut/py_env/lib/python3.10/site-packages/airflow/example_dags/example_branch_day_of_week_operator.py
[2024-08-09T19:50:13.125+0200] {logging_mixin.py:188} INFO - [2024-08-09T19:50:13.124+0200] {dag.py:3089} INFO - Sync 1 DAGs
[2024-08-09T19:50:13.135+0200] {logging_mixin.py:188} INFO - [2024-08-09T19:50:13.135+0200] {dag.py:3947} INFO - Setting next_dagrun for example_weekday_branch_operator to 2024-08-08 00:00:00+00:00, run_after=2024-08-09 00:00:00+00:00
[2024-08-09T19:50:13.203+0200] {processor.py:183} INFO - Processing /home/bvpelt/Develop/airflowtut/py_env/lib/python3.10/site-packages/airflow/example_dags/example_branch_day_of_week_operator.py took 0.106 seconds
[2024-08-09T19:51:05.577+0200] {processor.py:161} INFO - Started process (PID=19420) to work on /home/bvpelt/Develop/airflowtut/py_env/lib/python3.10/site-packages/airflow/example_dags/example_branch_day_of_week_operator.py
[2024-08-09T19:51:05.579+0200] {processor.py:830} INFO - Processing file /home/bvpelt/Develop/airflowtut/py_env/lib/python3.10/site-packages/airflow/example_dags/example_branch_day_of_week_operator.py for tasks to queue
[2024-08-09T19:51:05.583+0200] {logging_mixin.py:188} INFO - [2024-08-09T19:51:05.582+0200] {dagbag.py:545} INFO - Filling up the DagBag from /home/bvpelt/Develop/airflowtut/py_env/lib/python3.10/site-packages/airflow/example_dags/example_branch_day_of_week_operator.py
[2024-08-09T19:51:05.595+0200] {processor.py:840} INFO - DAG(s) 'example_weekday_branch_operator' retrieved from /home/bvpelt/Develop/airflowtut/py_env/lib/python3.10/site-packages/airflow/example_dags/example_branch_day_of_week_operator.py
[2024-08-09T19:51:05.609+0200] {logging_mixin.py:188} INFO - [2024-08-09T19:51:05.609+0200] {dag.py:3089} INFO - Sync 1 DAGs
[2024-08-09T19:51:05.623+0200] {logging_mixin.py:188} INFO - [2024-08-09T19:51:05.623+0200] {dag.py:3947} INFO - Setting next_dagrun for example_weekday_branch_operator to 2024-08-08 00:00:00+00:00, run_after=2024-08-09 00:00:00+00:00
[2024-08-09T19:51:05.706+0200] {processor.py:183} INFO - Processing /home/bvpelt/Develop/airflowtut/py_env/lib/python3.10/site-packages/airflow/example_dags/example_branch_day_of_week_operator.py took 0.145 seconds
[2024-08-09T19:51:55.310+0200] {processor.py:161} INFO - Started process (PID=19624) to work on /home/bvpelt/Develop/airflowtut/py_env/lib/python3.10/site-packages/airflow/example_dags/example_branch_day_of_week_operator.py
[2024-08-09T19:51:55.319+0200] {processor.py:830} INFO - Processing file /home/bvpelt/Develop/airflowtut/py_env/lib/python3.10/site-packages/airflow/example_dags/example_branch_day_of_week_operator.py for tasks to queue
[2024-08-09T19:51:55.323+0200] {logging_mixin.py:188} INFO - [2024-08-09T19:51:55.322+0200] {dagbag.py:545} INFO - Filling up the DagBag from /home/bvpelt/Develop/airflowtut/py_env/lib/python3.10/site-packages/airflow/example_dags/example_branch_day_of_week_operator.py
[2024-08-09T19:51:55.345+0200] {processor.py:840} INFO - DAG(s) 'example_weekday_branch_operator' retrieved from /home/bvpelt/Develop/airflowtut/py_env/lib/python3.10/site-packages/airflow/example_dags/example_branch_day_of_week_operator.py
[2024-08-09T19:51:55.457+0200] {logging_mixin.py:188} INFO - [2024-08-09T19:51:55.457+0200] {dag.py:3089} INFO - Sync 1 DAGs
[2024-08-09T19:51:55.666+0200] {logging_mixin.py:188} INFO - [2024-08-09T19:51:55.666+0200] {dag.py:3947} INFO - Setting next_dagrun for example_weekday_branch_operator to 2024-08-08 00:00:00+00:00, run_after=2024-08-09 00:00:00+00:00
[2024-08-09T19:51:55.780+0200] {processor.py:183} INFO - Processing /home/bvpelt/Develop/airflowtut/py_env/lib/python3.10/site-packages/airflow/example_dags/example_branch_day_of_week_operator.py took 0.473 seconds
[2024-08-09T19:53:26.557+0200] {processor.py:161} INFO - Started process (PID=20094) to work on /home/bvpelt/Develop/airflowtut/py_env/lib/python3.10/site-packages/airflow/example_dags/example_branch_day_of_week_operator.py
[2024-08-09T19:53:26.557+0200] {processor.py:830} INFO - Processing file /home/bvpelt/Develop/airflowtut/py_env/lib/python3.10/site-packages/airflow/example_dags/example_branch_day_of_week_operator.py for tasks to queue
[2024-08-09T19:53:26.558+0200] {logging_mixin.py:188} INFO - [2024-08-09T19:53:26.558+0200] {dagbag.py:545} INFO - Filling up the DagBag from /home/bvpelt/Develop/airflowtut/py_env/lib/python3.10/site-packages/airflow/example_dags/example_branch_day_of_week_operator.py
[2024-08-09T19:53:26.563+0200] {processor.py:840} INFO - DAG(s) 'example_weekday_branch_operator' retrieved from /home/bvpelt/Develop/airflowtut/py_env/lib/python3.10/site-packages/airflow/example_dags/example_branch_day_of_week_operator.py
[2024-08-09T19:53:26.571+0200] {logging_mixin.py:188} INFO - [2024-08-09T19:53:26.571+0200] {dag.py:3089} INFO - Sync 1 DAGs
[2024-08-09T19:53:26.582+0200] {logging_mixin.py:188} INFO - [2024-08-09T19:53:26.582+0200] {dag.py:3947} INFO - Setting next_dagrun for example_weekday_branch_operator to 2024-08-08 00:00:00+00:00, run_after=2024-08-09 00:00:00+00:00
[2024-08-09T19:53:26.679+0200] {processor.py:183} INFO - Processing /home/bvpelt/Develop/airflowtut/py_env/lib/python3.10/site-packages/airflow/example_dags/example_branch_day_of_week_operator.py took 0.125 seconds
[2024-08-09T19:54:20.081+0200] {processor.py:161} INFO - Started process (PID=20160) to work on /home/bvpelt/Develop/airflowtut/py_env/lib/python3.10/site-packages/airflow/example_dags/example_branch_day_of_week_operator.py
[2024-08-09T19:54:20.083+0200] {processor.py:830} INFO - Processing file /home/bvpelt/Develop/airflowtut/py_env/lib/python3.10/site-packages/airflow/example_dags/example_branch_day_of_week_operator.py for tasks to queue
[2024-08-09T19:54:20.083+0200] {logging_mixin.py:188} INFO - [2024-08-09T19:54:20.083+0200] {dagbag.py:545} INFO - Filling up the DagBag from /home/bvpelt/Develop/airflowtut/py_env/lib/python3.10/site-packages/airflow/example_dags/example_branch_day_of_week_operator.py
[2024-08-09T19:54:20.088+0200] {processor.py:840} INFO - DAG(s) 'example_weekday_branch_operator' retrieved from /home/bvpelt/Develop/airflowtut/py_env/lib/python3.10/site-packages/airflow/example_dags/example_branch_day_of_week_operator.py
[2024-08-09T19:54:20.098+0200] {logging_mixin.py:188} INFO - [2024-08-09T19:54:20.098+0200] {dag.py:3089} INFO - Sync 1 DAGs
[2024-08-09T19:54:20.110+0200] {logging_mixin.py:188} INFO - [2024-08-09T19:54:20.110+0200] {dag.py:3947} INFO - Setting next_dagrun for example_weekday_branch_operator to 2024-08-08 00:00:00+00:00, run_after=2024-08-09 00:00:00+00:00
[2024-08-09T19:54:20.193+0200] {processor.py:183} INFO - Processing /home/bvpelt/Develop/airflowtut/py_env/lib/python3.10/site-packages/airflow/example_dags/example_branch_day_of_week_operator.py took 0.115 seconds
[2024-08-09T19:55:12.923+0200] {processor.py:161} INFO - Started process (PID=20261) to work on /home/bvpelt/Develop/airflowtut/py_env/lib/python3.10/site-packages/airflow/example_dags/example_branch_day_of_week_operator.py
[2024-08-09T19:55:12.923+0200] {processor.py:830} INFO - Processing file /home/bvpelt/Develop/airflowtut/py_env/lib/python3.10/site-packages/airflow/example_dags/example_branch_day_of_week_operator.py for tasks to queue
[2024-08-09T19:55:12.924+0200] {logging_mixin.py:188} INFO - [2024-08-09T19:55:12.924+0200] {dagbag.py:545} INFO - Filling up the DagBag from /home/bvpelt/Develop/airflowtut/py_env/lib/python3.10/site-packages/airflow/example_dags/example_branch_day_of_week_operator.py
[2024-08-09T19:55:12.929+0200] {processor.py:840} INFO - DAG(s) 'example_weekday_branch_operator' retrieved from /home/bvpelt/Develop/airflowtut/py_env/lib/python3.10/site-packages/airflow/example_dags/example_branch_day_of_week_operator.py
[2024-08-09T19:55:12.938+0200] {logging_mixin.py:188} INFO - [2024-08-09T19:55:12.938+0200] {dag.py:3089} INFO - Sync 1 DAGs
[2024-08-09T19:55:12.948+0200] {logging_mixin.py:188} INFO - [2024-08-09T19:55:12.948+0200] {dag.py:3947} INFO - Setting next_dagrun for example_weekday_branch_operator to 2024-08-08 00:00:00+00:00, run_after=2024-08-09 00:00:00+00:00
[2024-08-09T19:55:13.060+0200] {processor.py:183} INFO - Processing /home/bvpelt/Develop/airflowtut/py_env/lib/python3.10/site-packages/airflow/example_dags/example_branch_day_of_week_operator.py took 0.140 seconds
[2024-08-09T19:56:00.129+0200] {processor.py:161} INFO - Started process (PID=20322) to work on /home/bvpelt/Develop/airflowtut/py_env/lib/python3.10/site-packages/airflow/example_dags/example_branch_day_of_week_operator.py
[2024-08-09T19:56:00.130+0200] {processor.py:830} INFO - Processing file /home/bvpelt/Develop/airflowtut/py_env/lib/python3.10/site-packages/airflow/example_dags/example_branch_day_of_week_operator.py for tasks to queue
[2024-08-09T19:56:00.130+0200] {logging_mixin.py:188} INFO - [2024-08-09T19:56:00.130+0200] {dagbag.py:545} INFO - Filling up the DagBag from /home/bvpelt/Develop/airflowtut/py_env/lib/python3.10/site-packages/airflow/example_dags/example_branch_day_of_week_operator.py
[2024-08-09T19:56:00.135+0200] {processor.py:840} INFO - DAG(s) 'example_weekday_branch_operator' retrieved from /home/bvpelt/Develop/airflowtut/py_env/lib/python3.10/site-packages/airflow/example_dags/example_branch_day_of_week_operator.py
[2024-08-09T19:56:00.144+0200] {logging_mixin.py:188} INFO - [2024-08-09T19:56:00.144+0200] {dag.py:3089} INFO - Sync 1 DAGs
[2024-08-09T19:56:00.155+0200] {logging_mixin.py:188} INFO - [2024-08-09T19:56:00.155+0200] {dag.py:3947} INFO - Setting next_dagrun for example_weekday_branch_operator to 2024-08-08 00:00:00+00:00, run_after=2024-08-09 00:00:00+00:00
[2024-08-09T19:56:00.233+0200] {processor.py:183} INFO - Processing /home/bvpelt/Develop/airflowtut/py_env/lib/python3.10/site-packages/airflow/example_dags/example_branch_day_of_week_operator.py took 0.108 seconds
[2024-08-09T19:57:14.148+0200] {processor.py:161} INFO - Started process (PID=20412) to work on /home/bvpelt/Develop/airflowtut/py_env/lib/python3.10/site-packages/airflow/example_dags/example_branch_day_of_week_operator.py
[2024-08-09T19:57:14.149+0200] {processor.py:830} INFO - Processing file /home/bvpelt/Develop/airflowtut/py_env/lib/python3.10/site-packages/airflow/example_dags/example_branch_day_of_week_operator.py for tasks to queue
[2024-08-09T19:57:14.150+0200] {logging_mixin.py:188} INFO - [2024-08-09T19:57:14.150+0200] {dagbag.py:545} INFO - Filling up the DagBag from /home/bvpelt/Develop/airflowtut/py_env/lib/python3.10/site-packages/airflow/example_dags/example_branch_day_of_week_operator.py
[2024-08-09T19:57:14.155+0200] {processor.py:840} INFO - DAG(s) 'example_weekday_branch_operator' retrieved from /home/bvpelt/Develop/airflowtut/py_env/lib/python3.10/site-packages/airflow/example_dags/example_branch_day_of_week_operator.py
[2024-08-09T19:57:14.166+0200] {logging_mixin.py:188} INFO - [2024-08-09T19:57:14.166+0200] {dag.py:3089} INFO - Sync 1 DAGs
[2024-08-09T19:57:14.180+0200] {logging_mixin.py:188} INFO - [2024-08-09T19:57:14.180+0200] {dag.py:3947} INFO - Setting next_dagrun for example_weekday_branch_operator to 2024-08-08 00:00:00+00:00, run_after=2024-08-09 00:00:00+00:00
[2024-08-09T19:57:14.257+0200] {processor.py:183} INFO - Processing /home/bvpelt/Develop/airflowtut/py_env/lib/python3.10/site-packages/airflow/example_dags/example_branch_day_of_week_operator.py took 0.113 seconds
[2024-08-09T19:58:05.673+0200] {processor.py:161} INFO - Started process (PID=20534) to work on /home/bvpelt/Develop/airflowtut/py_env/lib/python3.10/site-packages/airflow/example_dags/example_branch_day_of_week_operator.py
[2024-08-09T19:58:05.673+0200] {processor.py:830} INFO - Processing file /home/bvpelt/Develop/airflowtut/py_env/lib/python3.10/site-packages/airflow/example_dags/example_branch_day_of_week_operator.py for tasks to queue
[2024-08-09T19:58:05.674+0200] {logging_mixin.py:188} INFO - [2024-08-09T19:58:05.674+0200] {dagbag.py:545} INFO - Filling up the DagBag from /home/bvpelt/Develop/airflowtut/py_env/lib/python3.10/site-packages/airflow/example_dags/example_branch_day_of_week_operator.py
[2024-08-09T19:58:05.678+0200] {processor.py:840} INFO - DAG(s) 'example_weekday_branch_operator' retrieved from /home/bvpelt/Develop/airflowtut/py_env/lib/python3.10/site-packages/airflow/example_dags/example_branch_day_of_week_operator.py
[2024-08-09T19:58:05.687+0200] {logging_mixin.py:188} INFO - [2024-08-09T19:58:05.687+0200] {dag.py:3089} INFO - Sync 1 DAGs
[2024-08-09T19:58:05.698+0200] {logging_mixin.py:188} INFO - [2024-08-09T19:58:05.697+0200] {dag.py:3947} INFO - Setting next_dagrun for example_weekday_branch_operator to 2024-08-08 00:00:00+00:00, run_after=2024-08-09 00:00:00+00:00
[2024-08-09T19:58:05.776+0200] {processor.py:183} INFO - Processing /home/bvpelt/Develop/airflowtut/py_env/lib/python3.10/site-packages/airflow/example_dags/example_branch_day_of_week_operator.py took 0.106 seconds
[2024-08-09T19:59:00.709+0200] {processor.py:161} INFO - Started process (PID=20677) to work on /home/bvpelt/Develop/airflowtut/py_env/lib/python3.10/site-packages/airflow/example_dags/example_branch_day_of_week_operator.py
[2024-08-09T19:59:00.710+0200] {processor.py:830} INFO - Processing file /home/bvpelt/Develop/airflowtut/py_env/lib/python3.10/site-packages/airflow/example_dags/example_branch_day_of_week_operator.py for tasks to queue
[2024-08-09T19:59:00.711+0200] {logging_mixin.py:188} INFO - [2024-08-09T19:59:00.711+0200] {dagbag.py:545} INFO - Filling up the DagBag from /home/bvpelt/Develop/airflowtut/py_env/lib/python3.10/site-packages/airflow/example_dags/example_branch_day_of_week_operator.py
[2024-08-09T19:59:00.715+0200] {processor.py:840} INFO - DAG(s) 'example_weekday_branch_operator' retrieved from /home/bvpelt/Develop/airflowtut/py_env/lib/python3.10/site-packages/airflow/example_dags/example_branch_day_of_week_operator.py
[2024-08-09T19:59:00.725+0200] {logging_mixin.py:188} INFO - [2024-08-09T19:59:00.725+0200] {dag.py:3089} INFO - Sync 1 DAGs
[2024-08-09T19:59:00.737+0200] {logging_mixin.py:188} INFO - [2024-08-09T19:59:00.737+0200] {dag.py:3947} INFO - Setting next_dagrun for example_weekday_branch_operator to 2024-08-08 00:00:00+00:00, run_after=2024-08-09 00:00:00+00:00
[2024-08-09T19:59:00.830+0200] {processor.py:183} INFO - Processing /home/bvpelt/Develop/airflowtut/py_env/lib/python3.10/site-packages/airflow/example_dags/example_branch_day_of_week_operator.py took 0.123 seconds
[2024-08-09T19:59:56.497+0200] {processor.py:161} INFO - Started process (PID=20732) to work on /home/bvpelt/Develop/airflowtut/py_env/lib/python3.10/site-packages/airflow/example_dags/example_branch_day_of_week_operator.py
[2024-08-09T19:59:56.498+0200] {processor.py:830} INFO - Processing file /home/bvpelt/Develop/airflowtut/py_env/lib/python3.10/site-packages/airflow/example_dags/example_branch_day_of_week_operator.py for tasks to queue
[2024-08-09T19:59:56.499+0200] {logging_mixin.py:188} INFO - [2024-08-09T19:59:56.499+0200] {dagbag.py:545} INFO - Filling up the DagBag from /home/bvpelt/Develop/airflowtut/py_env/lib/python3.10/site-packages/airflow/example_dags/example_branch_day_of_week_operator.py
[2024-08-09T19:59:56.504+0200] {processor.py:840} INFO - DAG(s) 'example_weekday_branch_operator' retrieved from /home/bvpelt/Develop/airflowtut/py_env/lib/python3.10/site-packages/airflow/example_dags/example_branch_day_of_week_operator.py
[2024-08-09T19:59:56.512+0200] {logging_mixin.py:188} INFO - [2024-08-09T19:59:56.512+0200] {dag.py:3089} INFO - Sync 1 DAGs
[2024-08-09T19:59:56.524+0200] {logging_mixin.py:188} INFO - [2024-08-09T19:59:56.523+0200] {dag.py:3947} INFO - Setting next_dagrun for example_weekday_branch_operator to 2024-08-08 00:00:00+00:00, run_after=2024-08-09 00:00:00+00:00
[2024-08-09T19:59:56.590+0200] {processor.py:183} INFO - Processing /home/bvpelt/Develop/airflowtut/py_env/lib/python3.10/site-packages/airflow/example_dags/example_branch_day_of_week_operator.py took 0.096 seconds
[2024-08-09T20:00:47.349+0200] {processor.py:161} INFO - Started process (PID=20811) to work on /home/bvpelt/Develop/airflowtut/py_env/lib/python3.10/site-packages/airflow/example_dags/example_branch_day_of_week_operator.py
[2024-08-09T20:00:47.350+0200] {processor.py:830} INFO - Processing file /home/bvpelt/Develop/airflowtut/py_env/lib/python3.10/site-packages/airflow/example_dags/example_branch_day_of_week_operator.py for tasks to queue
[2024-08-09T20:00:47.350+0200] {logging_mixin.py:188} INFO - [2024-08-09T20:00:47.350+0200] {dagbag.py:545} INFO - Filling up the DagBag from /home/bvpelt/Develop/airflowtut/py_env/lib/python3.10/site-packages/airflow/example_dags/example_branch_day_of_week_operator.py
[2024-08-09T20:00:47.355+0200] {processor.py:840} INFO - DAG(s) 'example_weekday_branch_operator' retrieved from /home/bvpelt/Develop/airflowtut/py_env/lib/python3.10/site-packages/airflow/example_dags/example_branch_day_of_week_operator.py
[2024-08-09T20:00:47.363+0200] {logging_mixin.py:188} INFO - [2024-08-09T20:00:47.363+0200] {dag.py:3089} INFO - Sync 1 DAGs
[2024-08-09T20:00:47.374+0200] {logging_mixin.py:188} INFO - [2024-08-09T20:00:47.374+0200] {dag.py:3947} INFO - Setting next_dagrun for example_weekday_branch_operator to 2024-08-08 00:00:00+00:00, run_after=2024-08-09 00:00:00+00:00
[2024-08-09T20:00:47.513+0200] {processor.py:183} INFO - Processing /home/bvpelt/Develop/airflowtut/py_env/lib/python3.10/site-packages/airflow/example_dags/example_branch_day_of_week_operator.py took 0.167 seconds
[2024-08-09T20:01:36.347+0200] {processor.py:161} INFO - Started process (PID=20868) to work on /home/bvpelt/Develop/airflowtut/py_env/lib/python3.10/site-packages/airflow/example_dags/example_branch_day_of_week_operator.py
[2024-08-09T20:01:36.348+0200] {processor.py:830} INFO - Processing file /home/bvpelt/Develop/airflowtut/py_env/lib/python3.10/site-packages/airflow/example_dags/example_branch_day_of_week_operator.py for tasks to queue
[2024-08-09T20:01:36.349+0200] {logging_mixin.py:188} INFO - [2024-08-09T20:01:36.349+0200] {dagbag.py:545} INFO - Filling up the DagBag from /home/bvpelt/Develop/airflowtut/py_env/lib/python3.10/site-packages/airflow/example_dags/example_branch_day_of_week_operator.py
[2024-08-09T20:01:36.354+0200] {processor.py:840} INFO - DAG(s) 'example_weekday_branch_operator' retrieved from /home/bvpelt/Develop/airflowtut/py_env/lib/python3.10/site-packages/airflow/example_dags/example_branch_day_of_week_operator.py
[2024-08-09T20:01:36.362+0200] {logging_mixin.py:188} INFO - [2024-08-09T20:01:36.362+0200] {dag.py:3089} INFO - Sync 1 DAGs
[2024-08-09T20:01:36.373+0200] {logging_mixin.py:188} INFO - [2024-08-09T20:01:36.373+0200] {dag.py:3947} INFO - Setting next_dagrun for example_weekday_branch_operator to 2024-08-08 00:00:00+00:00, run_after=2024-08-09 00:00:00+00:00
[2024-08-09T20:01:36.445+0200] {processor.py:183} INFO - Processing /home/bvpelt/Develop/airflowtut/py_env/lib/python3.10/site-packages/airflow/example_dags/example_branch_day_of_week_operator.py took 0.100 seconds
[2024-08-09T20:02:27.613+0200] {processor.py:161} INFO - Started process (PID=21025) to work on /home/bvpelt/Develop/airflowtut/py_env/lib/python3.10/site-packages/airflow/example_dags/example_branch_day_of_week_operator.py
[2024-08-09T20:02:27.629+0200] {processor.py:830} INFO - Processing file /home/bvpelt/Develop/airflowtut/py_env/lib/python3.10/site-packages/airflow/example_dags/example_branch_day_of_week_operator.py for tasks to queue
[2024-08-09T20:02:27.630+0200] {logging_mixin.py:188} INFO - [2024-08-09T20:02:27.630+0200] {dagbag.py:545} INFO - Filling up the DagBag from /home/bvpelt/Develop/airflowtut/py_env/lib/python3.10/site-packages/airflow/example_dags/example_branch_day_of_week_operator.py
[2024-08-09T20:02:27.635+0200] {processor.py:840} INFO - DAG(s) 'example_weekday_branch_operator' retrieved from /home/bvpelt/Develop/airflowtut/py_env/lib/python3.10/site-packages/airflow/example_dags/example_branch_day_of_week_operator.py
[2024-08-09T20:02:27.647+0200] {logging_mixin.py:188} INFO - [2024-08-09T20:02:27.647+0200] {dag.py:3089} INFO - Sync 1 DAGs
[2024-08-09T20:02:27.664+0200] {logging_mixin.py:188} INFO - [2024-08-09T20:02:27.664+0200] {dag.py:3947} INFO - Setting next_dagrun for example_weekday_branch_operator to 2024-08-08 00:00:00+00:00, run_after=2024-08-09 00:00:00+00:00
[2024-08-09T20:02:27.994+0200] {processor.py:183} INFO - Processing /home/bvpelt/Develop/airflowtut/py_env/lib/python3.10/site-packages/airflow/example_dags/example_branch_day_of_week_operator.py took 0.385 seconds
[2024-08-09T20:03:24.765+0200] {processor.py:161} INFO - Started process (PID=21093) to work on /home/bvpelt/Develop/airflowtut/py_env/lib/python3.10/site-packages/airflow/example_dags/example_branch_day_of_week_operator.py
[2024-08-09T20:03:24.766+0200] {processor.py:830} INFO - Processing file /home/bvpelt/Develop/airflowtut/py_env/lib/python3.10/site-packages/airflow/example_dags/example_branch_day_of_week_operator.py for tasks to queue
[2024-08-09T20:03:24.767+0200] {logging_mixin.py:188} INFO - [2024-08-09T20:03:24.766+0200] {dagbag.py:545} INFO - Filling up the DagBag from /home/bvpelt/Develop/airflowtut/py_env/lib/python3.10/site-packages/airflow/example_dags/example_branch_day_of_week_operator.py
[2024-08-09T20:03:24.772+0200] {processor.py:840} INFO - DAG(s) 'example_weekday_branch_operator' retrieved from /home/bvpelt/Develop/airflowtut/py_env/lib/python3.10/site-packages/airflow/example_dags/example_branch_day_of_week_operator.py
[2024-08-09T20:03:24.782+0200] {logging_mixin.py:188} INFO - [2024-08-09T20:03:24.782+0200] {dag.py:3089} INFO - Sync 1 DAGs
[2024-08-09T20:03:24.793+0200] {logging_mixin.py:188} INFO - [2024-08-09T20:03:24.793+0200] {dag.py:3947} INFO - Setting next_dagrun for example_weekday_branch_operator to 2024-08-08 00:00:00+00:00, run_after=2024-08-09 00:00:00+00:00
[2024-08-09T20:03:24.898+0200] {processor.py:183} INFO - Processing /home/bvpelt/Develop/airflowtut/py_env/lib/python3.10/site-packages/airflow/example_dags/example_branch_day_of_week_operator.py took 0.139 seconds
[2024-08-09T20:04:18.492+0200] {processor.py:161} INFO - Started process (PID=21184) to work on /home/bvpelt/Develop/airflowtut/py_env/lib/python3.10/site-packages/airflow/example_dags/example_branch_day_of_week_operator.py
[2024-08-09T20:04:18.492+0200] {processor.py:830} INFO - Processing file /home/bvpelt/Develop/airflowtut/py_env/lib/python3.10/site-packages/airflow/example_dags/example_branch_day_of_week_operator.py for tasks to queue
[2024-08-09T20:04:18.493+0200] {logging_mixin.py:188} INFO - [2024-08-09T20:04:18.493+0200] {dagbag.py:545} INFO - Filling up the DagBag from /home/bvpelt/Develop/airflowtut/py_env/lib/python3.10/site-packages/airflow/example_dags/example_branch_day_of_week_operator.py
[2024-08-09T20:04:18.498+0200] {processor.py:840} INFO - DAG(s) 'example_weekday_branch_operator' retrieved from /home/bvpelt/Develop/airflowtut/py_env/lib/python3.10/site-packages/airflow/example_dags/example_branch_day_of_week_operator.py
[2024-08-09T20:04:18.507+0200] {logging_mixin.py:188} INFO - [2024-08-09T20:04:18.507+0200] {dag.py:3089} INFO - Sync 1 DAGs
[2024-08-09T20:04:18.519+0200] {logging_mixin.py:188} INFO - [2024-08-09T20:04:18.519+0200] {dag.py:3947} INFO - Setting next_dagrun for example_weekday_branch_operator to 2024-08-08 00:00:00+00:00, run_after=2024-08-09 00:00:00+00:00
[2024-08-09T20:04:18.591+0200] {processor.py:183} INFO - Processing /home/bvpelt/Develop/airflowtut/py_env/lib/python3.10/site-packages/airflow/example_dags/example_branch_day_of_week_operator.py took 0.103 seconds
[2024-08-09T20:05:10.309+0200] {processor.py:161} INFO - Started process (PID=21318) to work on /home/bvpelt/Develop/airflowtut/py_env/lib/python3.10/site-packages/airflow/example_dags/example_branch_day_of_week_operator.py
[2024-08-09T20:05:10.309+0200] {processor.py:830} INFO - Processing file /home/bvpelt/Develop/airflowtut/py_env/lib/python3.10/site-packages/airflow/example_dags/example_branch_day_of_week_operator.py for tasks to queue
[2024-08-09T20:05:10.310+0200] {logging_mixin.py:188} INFO - [2024-08-09T20:05:10.310+0200] {dagbag.py:545} INFO - Filling up the DagBag from /home/bvpelt/Develop/airflowtut/py_env/lib/python3.10/site-packages/airflow/example_dags/example_branch_day_of_week_operator.py
[2024-08-09T20:05:10.315+0200] {processor.py:840} INFO - DAG(s) 'example_weekday_branch_operator' retrieved from /home/bvpelt/Develop/airflowtut/py_env/lib/python3.10/site-packages/airflow/example_dags/example_branch_day_of_week_operator.py
[2024-08-09T20:05:10.323+0200] {logging_mixin.py:188} INFO - [2024-08-09T20:05:10.323+0200] {dag.py:3089} INFO - Sync 1 DAGs
[2024-08-09T20:05:10.334+0200] {logging_mixin.py:188} INFO - [2024-08-09T20:05:10.334+0200] {dag.py:3947} INFO - Setting next_dagrun for example_weekday_branch_operator to 2024-08-08 00:00:00+00:00, run_after=2024-08-09 00:00:00+00:00
[2024-08-09T20:05:10.461+0200] {processor.py:183} INFO - Processing /home/bvpelt/Develop/airflowtut/py_env/lib/python3.10/site-packages/airflow/example_dags/example_branch_day_of_week_operator.py took 0.155 seconds
[2024-08-09T20:06:07.060+0200] {processor.py:161} INFO - Started process (PID=21395) to work on /home/bvpelt/Develop/airflowtut/py_env/lib/python3.10/site-packages/airflow/example_dags/example_branch_day_of_week_operator.py
[2024-08-09T20:06:07.060+0200] {processor.py:830} INFO - Processing file /home/bvpelt/Develop/airflowtut/py_env/lib/python3.10/site-packages/airflow/example_dags/example_branch_day_of_week_operator.py for tasks to queue
[2024-08-09T20:06:07.061+0200] {logging_mixin.py:188} INFO - [2024-08-09T20:06:07.061+0200] {dagbag.py:545} INFO - Filling up the DagBag from /home/bvpelt/Develop/airflowtut/py_env/lib/python3.10/site-packages/airflow/example_dags/example_branch_day_of_week_operator.py
[2024-08-09T20:06:07.066+0200] {processor.py:840} INFO - DAG(s) 'example_weekday_branch_operator' retrieved from /home/bvpelt/Develop/airflowtut/py_env/lib/python3.10/site-packages/airflow/example_dags/example_branch_day_of_week_operator.py
[2024-08-09T20:06:07.074+0200] {logging_mixin.py:188} INFO - [2024-08-09T20:06:07.074+0200] {dag.py:3089} INFO - Sync 1 DAGs
[2024-08-09T20:06:07.086+0200] {logging_mixin.py:188} INFO - [2024-08-09T20:06:07.086+0200] {dag.py:3947} INFO - Setting next_dagrun for example_weekday_branch_operator to 2024-08-08 00:00:00+00:00, run_after=2024-08-09 00:00:00+00:00
[2024-08-09T20:06:07.168+0200] {processor.py:183} INFO - Processing /home/bvpelt/Develop/airflowtut/py_env/lib/python3.10/site-packages/airflow/example_dags/example_branch_day_of_week_operator.py took 0.112 seconds
[2024-08-09T20:07:02.165+0200] {processor.py:161} INFO - Started process (PID=21487) to work on /home/bvpelt/Develop/airflowtut/py_env/lib/python3.10/site-packages/airflow/example_dags/example_branch_day_of_week_operator.py
[2024-08-09T20:07:02.165+0200] {processor.py:830} INFO - Processing file /home/bvpelt/Develop/airflowtut/py_env/lib/python3.10/site-packages/airflow/example_dags/example_branch_day_of_week_operator.py for tasks to queue
[2024-08-09T20:07:02.166+0200] {logging_mixin.py:188} INFO - [2024-08-09T20:07:02.166+0200] {dagbag.py:545} INFO - Filling up the DagBag from /home/bvpelt/Develop/airflowtut/py_env/lib/python3.10/site-packages/airflow/example_dags/example_branch_day_of_week_operator.py
[2024-08-09T20:07:02.171+0200] {processor.py:840} INFO - DAG(s) 'example_weekday_branch_operator' retrieved from /home/bvpelt/Develop/airflowtut/py_env/lib/python3.10/site-packages/airflow/example_dags/example_branch_day_of_week_operator.py
[2024-08-09T20:07:02.181+0200] {logging_mixin.py:188} INFO - [2024-08-09T20:07:02.180+0200] {dag.py:3089} INFO - Sync 1 DAGs
[2024-08-09T20:07:02.193+0200] {logging_mixin.py:188} INFO - [2024-08-09T20:07:02.193+0200] {dag.py:3947} INFO - Setting next_dagrun for example_weekday_branch_operator to 2024-08-08 00:00:00+00:00, run_after=2024-08-09 00:00:00+00:00
[2024-08-09T20:07:02.280+0200] {processor.py:183} INFO - Processing /home/bvpelt/Develop/airflowtut/py_env/lib/python3.10/site-packages/airflow/example_dags/example_branch_day_of_week_operator.py took 0.118 seconds
[2024-08-09T20:07:53.520+0200] {processor.py:161} INFO - Started process (PID=21643) to work on /home/bvpelt/Develop/airflowtut/py_env/lib/python3.10/site-packages/airflow/example_dags/example_branch_day_of_week_operator.py
[2024-08-09T20:07:53.521+0200] {processor.py:830} INFO - Processing file /home/bvpelt/Develop/airflowtut/py_env/lib/python3.10/site-packages/airflow/example_dags/example_branch_day_of_week_operator.py for tasks to queue
[2024-08-09T20:07:53.521+0200] {logging_mixin.py:188} INFO - [2024-08-09T20:07:53.521+0200] {dagbag.py:545} INFO - Filling up the DagBag from /home/bvpelt/Develop/airflowtut/py_env/lib/python3.10/site-packages/airflow/example_dags/example_branch_day_of_week_operator.py
[2024-08-09T20:07:53.526+0200] {processor.py:840} INFO - DAG(s) 'example_weekday_branch_operator' retrieved from /home/bvpelt/Develop/airflowtut/py_env/lib/python3.10/site-packages/airflow/example_dags/example_branch_day_of_week_operator.py
[2024-08-09T20:07:53.535+0200] {logging_mixin.py:188} INFO - [2024-08-09T20:07:53.535+0200] {dag.py:3089} INFO - Sync 1 DAGs
[2024-08-09T20:07:53.547+0200] {logging_mixin.py:188} INFO - [2024-08-09T20:07:53.547+0200] {dag.py:3947} INFO - Setting next_dagrun for example_weekday_branch_operator to 2024-08-08 00:00:00+00:00, run_after=2024-08-09 00:00:00+00:00
[2024-08-09T20:07:53.636+0200] {processor.py:183} INFO - Processing /home/bvpelt/Develop/airflowtut/py_env/lib/python3.10/site-packages/airflow/example_dags/example_branch_day_of_week_operator.py took 0.119 seconds
[2024-08-09T20:08:44.186+0200] {processor.py:161} INFO - Started process (PID=21701) to work on /home/bvpelt/Develop/airflowtut/py_env/lib/python3.10/site-packages/airflow/example_dags/example_branch_day_of_week_operator.py
[2024-08-09T20:08:44.199+0200] {processor.py:830} INFO - Processing file /home/bvpelt/Develop/airflowtut/py_env/lib/python3.10/site-packages/airflow/example_dags/example_branch_day_of_week_operator.py for tasks to queue
[2024-08-09T20:08:44.200+0200] {logging_mixin.py:188} INFO - [2024-08-09T20:08:44.200+0200] {dagbag.py:545} INFO - Filling up the DagBag from /home/bvpelt/Develop/airflowtut/py_env/lib/python3.10/site-packages/airflow/example_dags/example_branch_day_of_week_operator.py
[2024-08-09T20:08:44.205+0200] {processor.py:840} INFO - DAG(s) 'example_weekday_branch_operator' retrieved from /home/bvpelt/Develop/airflowtut/py_env/lib/python3.10/site-packages/airflow/example_dags/example_branch_day_of_week_operator.py
[2024-08-09T20:08:44.214+0200] {logging_mixin.py:188} INFO - [2024-08-09T20:08:44.214+0200] {dag.py:3089} INFO - Sync 1 DAGs
[2024-08-09T20:08:44.225+0200] {logging_mixin.py:188} INFO - [2024-08-09T20:08:44.225+0200] {dag.py:3947} INFO - Setting next_dagrun for example_weekday_branch_operator to 2024-08-08 00:00:00+00:00, run_after=2024-08-09 00:00:00+00:00
[2024-08-09T20:08:44.293+0200] {processor.py:183} INFO - Processing /home/bvpelt/Develop/airflowtut/py_env/lib/python3.10/site-packages/airflow/example_dags/example_branch_day_of_week_operator.py took 0.110 seconds
[2024-08-09T20:09:36.939+0200] {processor.py:161} INFO - Started process (PID=21758) to work on /home/bvpelt/Develop/airflowtut/py_env/lib/python3.10/site-packages/airflow/example_dags/example_branch_day_of_week_operator.py
[2024-08-09T20:09:36.955+0200] {processor.py:830} INFO - Processing file /home/bvpelt/Develop/airflowtut/py_env/lib/python3.10/site-packages/airflow/example_dags/example_branch_day_of_week_operator.py for tasks to queue
[2024-08-09T20:09:36.956+0200] {logging_mixin.py:188} INFO - [2024-08-09T20:09:36.956+0200] {dagbag.py:545} INFO - Filling up the DagBag from /home/bvpelt/Develop/airflowtut/py_env/lib/python3.10/site-packages/airflow/example_dags/example_branch_day_of_week_operator.py
[2024-08-09T20:09:36.961+0200] {processor.py:840} INFO - DAG(s) 'example_weekday_branch_operator' retrieved from /home/bvpelt/Develop/airflowtut/py_env/lib/python3.10/site-packages/airflow/example_dags/example_branch_day_of_week_operator.py
[2024-08-09T20:09:36.970+0200] {logging_mixin.py:188} INFO - [2024-08-09T20:09:36.970+0200] {dag.py:3089} INFO - Sync 1 DAGs
[2024-08-09T20:09:36.982+0200] {logging_mixin.py:188} INFO - [2024-08-09T20:09:36.981+0200] {dag.py:3947} INFO - Setting next_dagrun for example_weekday_branch_operator to 2024-08-08 00:00:00+00:00, run_after=2024-08-09 00:00:00+00:00
[2024-08-09T20:09:37.086+0200] {processor.py:183} INFO - Processing /home/bvpelt/Develop/airflowtut/py_env/lib/python3.10/site-packages/airflow/example_dags/example_branch_day_of_week_operator.py took 0.150 seconds
[2024-08-09T20:10:26.087+0200] {processor.py:161} INFO - Started process (PID=21828) to work on /home/bvpelt/Develop/airflowtut/py_env/lib/python3.10/site-packages/airflow/example_dags/example_branch_day_of_week_operator.py
[2024-08-09T20:10:26.103+0200] {processor.py:830} INFO - Processing file /home/bvpelt/Develop/airflowtut/py_env/lib/python3.10/site-packages/airflow/example_dags/example_branch_day_of_week_operator.py for tasks to queue
[2024-08-09T20:10:26.104+0200] {logging_mixin.py:188} INFO - [2024-08-09T20:10:26.104+0200] {dagbag.py:545} INFO - Filling up the DagBag from /home/bvpelt/Develop/airflowtut/py_env/lib/python3.10/site-packages/airflow/example_dags/example_branch_day_of_week_operator.py
[2024-08-09T20:10:26.110+0200] {processor.py:840} INFO - DAG(s) 'example_weekday_branch_operator' retrieved from /home/bvpelt/Develop/airflowtut/py_env/lib/python3.10/site-packages/airflow/example_dags/example_branch_day_of_week_operator.py
[2024-08-09T20:10:26.118+0200] {logging_mixin.py:188} INFO - [2024-08-09T20:10:26.118+0200] {dag.py:3089} INFO - Sync 1 DAGs
[2024-08-09T20:10:26.130+0200] {logging_mixin.py:188} INFO - [2024-08-09T20:10:26.129+0200] {dag.py:3947} INFO - Setting next_dagrun for example_weekday_branch_operator to 2024-08-08 00:00:00+00:00, run_after=2024-08-09 00:00:00+00:00
[2024-08-09T20:10:26.203+0200] {processor.py:183} INFO - Processing /home/bvpelt/Develop/airflowtut/py_env/lib/python3.10/site-packages/airflow/example_dags/example_branch_day_of_week_operator.py took 0.119 seconds
[2024-08-09T20:11:17.772+0200] {processor.py:161} INFO - Started process (PID=21886) to work on /home/bvpelt/Develop/airflowtut/py_env/lib/python3.10/site-packages/airflow/example_dags/example_branch_day_of_week_operator.py
[2024-08-09T20:11:17.784+0200] {processor.py:830} INFO - Processing file /home/bvpelt/Develop/airflowtut/py_env/lib/python3.10/site-packages/airflow/example_dags/example_branch_day_of_week_operator.py for tasks to queue
[2024-08-09T20:11:17.785+0200] {logging_mixin.py:188} INFO - [2024-08-09T20:11:17.784+0200] {dagbag.py:545} INFO - Filling up the DagBag from /home/bvpelt/Develop/airflowtut/py_env/lib/python3.10/site-packages/airflow/example_dags/example_branch_day_of_week_operator.py
[2024-08-09T20:11:17.790+0200] {processor.py:840} INFO - DAG(s) 'example_weekday_branch_operator' retrieved from /home/bvpelt/Develop/airflowtut/py_env/lib/python3.10/site-packages/airflow/example_dags/example_branch_day_of_week_operator.py
[2024-08-09T20:11:17.799+0200] {logging_mixin.py:188} INFO - [2024-08-09T20:11:17.799+0200] {dag.py:3089} INFO - Sync 1 DAGs
[2024-08-09T20:11:17.810+0200] {logging_mixin.py:188} INFO - [2024-08-09T20:11:17.810+0200] {dag.py:3947} INFO - Setting next_dagrun for example_weekday_branch_operator to 2024-08-08 00:00:00+00:00, run_after=2024-08-09 00:00:00+00:00
[2024-08-09T20:11:17.878+0200] {processor.py:183} INFO - Processing /home/bvpelt/Develop/airflowtut/py_env/lib/python3.10/site-packages/airflow/example_dags/example_branch_day_of_week_operator.py took 0.109 seconds
[2024-08-09T20:12:07.435+0200] {processor.py:161} INFO - Started process (PID=21970) to work on /home/bvpelt/Develop/airflowtut/py_env/lib/python3.10/site-packages/airflow/example_dags/example_branch_day_of_week_operator.py
[2024-08-09T20:12:07.448+0200] {processor.py:830} INFO - Processing file /home/bvpelt/Develop/airflowtut/py_env/lib/python3.10/site-packages/airflow/example_dags/example_branch_day_of_week_operator.py for tasks to queue
[2024-08-09T20:12:07.449+0200] {logging_mixin.py:188} INFO - [2024-08-09T20:12:07.448+0200] {dagbag.py:545} INFO - Filling up the DagBag from /home/bvpelt/Develop/airflowtut/py_env/lib/python3.10/site-packages/airflow/example_dags/example_branch_day_of_week_operator.py
[2024-08-09T20:12:07.454+0200] {processor.py:840} INFO - DAG(s) 'example_weekday_branch_operator' retrieved from /home/bvpelt/Develop/airflowtut/py_env/lib/python3.10/site-packages/airflow/example_dags/example_branch_day_of_week_operator.py
[2024-08-09T20:12:07.463+0200] {logging_mixin.py:188} INFO - [2024-08-09T20:12:07.463+0200] {dag.py:3089} INFO - Sync 1 DAGs
[2024-08-09T20:12:07.475+0200] {logging_mixin.py:188} INFO - [2024-08-09T20:12:07.475+0200] {dag.py:3947} INFO - Setting next_dagrun for example_weekday_branch_operator to 2024-08-08 00:00:00+00:00, run_after=2024-08-09 00:00:00+00:00
[2024-08-09T20:12:07.561+0200] {processor.py:183} INFO - Processing /home/bvpelt/Develop/airflowtut/py_env/lib/python3.10/site-packages/airflow/example_dags/example_branch_day_of_week_operator.py took 0.130 seconds
[2024-08-09T20:12:57.468+0200] {processor.py:161} INFO - Started process (PID=22080) to work on /home/bvpelt/Develop/airflowtut/py_env/lib/python3.10/site-packages/airflow/example_dags/example_branch_day_of_week_operator.py
[2024-08-09T20:12:57.469+0200] {processor.py:830} INFO - Processing file /home/bvpelt/Develop/airflowtut/py_env/lib/python3.10/site-packages/airflow/example_dags/example_branch_day_of_week_operator.py for tasks to queue
[2024-08-09T20:12:57.470+0200] {logging_mixin.py:188} INFO - [2024-08-09T20:12:57.469+0200] {dagbag.py:545} INFO - Filling up the DagBag from /home/bvpelt/Develop/airflowtut/py_env/lib/python3.10/site-packages/airflow/example_dags/example_branch_day_of_week_operator.py
[2024-08-09T20:12:57.474+0200] {processor.py:840} INFO - DAG(s) 'example_weekday_branch_operator' retrieved from /home/bvpelt/Develop/airflowtut/py_env/lib/python3.10/site-packages/airflow/example_dags/example_branch_day_of_week_operator.py
[2024-08-09T20:12:57.483+0200] {logging_mixin.py:188} INFO - [2024-08-09T20:12:57.483+0200] {dag.py:3089} INFO - Sync 1 DAGs
[2024-08-09T20:12:57.494+0200] {logging_mixin.py:188} INFO - [2024-08-09T20:12:57.494+0200] {dag.py:3947} INFO - Setting next_dagrun for example_weekday_branch_operator to 2024-08-08 00:00:00+00:00, run_after=2024-08-09 00:00:00+00:00
[2024-08-09T20:12:57.584+0200] {processor.py:183} INFO - Processing /home/bvpelt/Develop/airflowtut/py_env/lib/python3.10/site-packages/airflow/example_dags/example_branch_day_of_week_operator.py took 0.119 seconds
[2024-08-09T20:13:51.977+0200] {processor.py:161} INFO - Started process (PID=22146) to work on /home/bvpelt/Develop/airflowtut/py_env/lib/python3.10/site-packages/airflow/example_dags/example_branch_day_of_week_operator.py
[2024-08-09T20:13:51.977+0200] {processor.py:830} INFO - Processing file /home/bvpelt/Develop/airflowtut/py_env/lib/python3.10/site-packages/airflow/example_dags/example_branch_day_of_week_operator.py for tasks to queue
[2024-08-09T20:13:51.978+0200] {logging_mixin.py:188} INFO - [2024-08-09T20:13:51.978+0200] {dagbag.py:545} INFO - Filling up the DagBag from /home/bvpelt/Develop/airflowtut/py_env/lib/python3.10/site-packages/airflow/example_dags/example_branch_day_of_week_operator.py
[2024-08-09T20:13:51.983+0200] {processor.py:840} INFO - DAG(s) 'example_weekday_branch_operator' retrieved from /home/bvpelt/Develop/airflowtut/py_env/lib/python3.10/site-packages/airflow/example_dags/example_branch_day_of_week_operator.py
[2024-08-09T20:13:51.991+0200] {logging_mixin.py:188} INFO - [2024-08-09T20:13:51.991+0200] {dag.py:3089} INFO - Sync 1 DAGs
[2024-08-09T20:13:52.004+0200] {logging_mixin.py:188} INFO - [2024-08-09T20:13:52.004+0200] {dag.py:3947} INFO - Setting next_dagrun for example_weekday_branch_operator to 2024-08-08 00:00:00+00:00, run_after=2024-08-09 00:00:00+00:00
[2024-08-09T20:13:52.205+0200] {processor.py:183} INFO - Processing /home/bvpelt/Develop/airflowtut/py_env/lib/python3.10/site-packages/airflow/example_dags/example_branch_day_of_week_operator.py took 0.231 seconds
[2024-08-09T20:14:44.384+0200] {processor.py:161} INFO - Started process (PID=22213) to work on /home/bvpelt/Develop/airflowtut/py_env/lib/python3.10/site-packages/airflow/example_dags/example_branch_day_of_week_operator.py
[2024-08-09T20:14:44.385+0200] {processor.py:830} INFO - Processing file /home/bvpelt/Develop/airflowtut/py_env/lib/python3.10/site-packages/airflow/example_dags/example_branch_day_of_week_operator.py for tasks to queue
[2024-08-09T20:14:44.386+0200] {logging_mixin.py:188} INFO - [2024-08-09T20:14:44.386+0200] {dagbag.py:545} INFO - Filling up the DagBag from /home/bvpelt/Develop/airflowtut/py_env/lib/python3.10/site-packages/airflow/example_dags/example_branch_day_of_week_operator.py
[2024-08-09T20:14:44.390+0200] {processor.py:840} INFO - DAG(s) 'example_weekday_branch_operator' retrieved from /home/bvpelt/Develop/airflowtut/py_env/lib/python3.10/site-packages/airflow/example_dags/example_branch_day_of_week_operator.py
[2024-08-09T20:14:44.399+0200] {logging_mixin.py:188} INFO - [2024-08-09T20:14:44.399+0200] {dag.py:3089} INFO - Sync 1 DAGs
[2024-08-09T20:14:44.410+0200] {logging_mixin.py:188} INFO - [2024-08-09T20:14:44.410+0200] {dag.py:3947} INFO - Setting next_dagrun for example_weekday_branch_operator to 2024-08-08 00:00:00+00:00, run_after=2024-08-09 00:00:00+00:00
[2024-08-09T20:14:44.499+0200] {processor.py:183} INFO - Processing /home/bvpelt/Develop/airflowtut/py_env/lib/python3.10/site-packages/airflow/example_dags/example_branch_day_of_week_operator.py took 0.118 seconds
[2024-08-09T20:15:56.571+0200] {processor.py:161} INFO - Started process (PID=22321) to work on /home/bvpelt/Develop/airflowtut/py_env/lib/python3.10/site-packages/airflow/example_dags/example_branch_day_of_week_operator.py
[2024-08-09T20:15:56.573+0200] {processor.py:830} INFO - Processing file /home/bvpelt/Develop/airflowtut/py_env/lib/python3.10/site-packages/airflow/example_dags/example_branch_day_of_week_operator.py for tasks to queue
[2024-08-09T20:15:56.576+0200] {logging_mixin.py:188} INFO - [2024-08-09T20:15:56.575+0200] {dagbag.py:545} INFO - Filling up the DagBag from /home/bvpelt/Develop/airflowtut/py_env/lib/python3.10/site-packages/airflow/example_dags/example_branch_day_of_week_operator.py
[2024-08-09T20:15:56.591+0200] {processor.py:840} INFO - DAG(s) 'example_weekday_branch_operator' retrieved from /home/bvpelt/Develop/airflowtut/py_env/lib/python3.10/site-packages/airflow/example_dags/example_branch_day_of_week_operator.py
[2024-08-09T20:15:56.606+0200] {logging_mixin.py:188} INFO - [2024-08-09T20:15:56.606+0200] {dag.py:3089} INFO - Sync 1 DAGs
[2024-08-09T20:15:56.620+0200] {logging_mixin.py:188} INFO - [2024-08-09T20:15:56.620+0200] {dag.py:3947} INFO - Setting next_dagrun for example_weekday_branch_operator to 2024-08-08 00:00:00+00:00, run_after=2024-08-09 00:00:00+00:00
[2024-08-09T20:15:56.724+0200] {processor.py:183} INFO - Processing /home/bvpelt/Develop/airflowtut/py_env/lib/python3.10/site-packages/airflow/example_dags/example_branch_day_of_week_operator.py took 0.168 seconds
