[2024-08-09T19:43:13.741+0200] {processor.py:161} INFO - Started process (PID=17724) to work on /home/bvpelt/Develop/airflowtut/py_env/lib/python3.10/site-packages/airflow/example_dags/example_branch_operator.py
[2024-08-09T19:43:13.741+0200] {processor.py:830} INFO - Processing file /home/bvpelt/Develop/airflowtut/py_env/lib/python3.10/site-packages/airflow/example_dags/example_branch_operator.py for tasks to queue
[2024-08-09T19:43:13.742+0200] {logging_mixin.py:188} INFO - [2024-08-09T19:43:13.742+0200] {dagbag.py:545} INFO - Filling up the DagBag from /home/bvpelt/Develop/airflowtut/py_env/lib/python3.10/site-packages/airflow/example_dags/example_branch_operator.py
[2024-08-09T19:43:13.743+0200] {processor.py:842} WARNING - No viable dags retrieved from /home/bvpelt/Develop/airflowtut/py_env/lib/python3.10/site-packages/airflow/example_dags/example_branch_operator.py
[2024-08-09T19:43:13.748+0200] {processor.py:183} INFO - Processing /home/bvpelt/Develop/airflowtut/py_env/lib/python3.10/site-packages/airflow/example_dags/example_branch_operator.py took 0.011 seconds
[2024-08-09T19:44:26.344+0200] {processor.py:161} INFO - Started process (PID=18025) to work on /home/bvpelt/Develop/airflowtut/py_env/lib/python3.10/site-packages/airflow/example_dags/example_branch_operator.py
[2024-08-09T19:44:26.358+0200] {processor.py:830} INFO - Processing file /home/bvpelt/Develop/airflowtut/py_env/lib/python3.10/site-packages/airflow/example_dags/example_branch_operator.py for tasks to queue
[2024-08-09T19:44:26.362+0200] {logging_mixin.py:188} INFO - [2024-08-09T19:44:26.361+0200] {dagbag.py:545} INFO - Filling up the DagBag from /home/bvpelt/Develop/airflowtut/py_env/lib/python3.10/site-packages/airflow/example_dags/example_branch_operator.py
[2024-08-09T19:44:26.369+0200] {processor.py:842} WARNING - No viable dags retrieved from /home/bvpelt/Develop/airflowtut/py_env/lib/python3.10/site-packages/airflow/example_dags/example_branch_operator.py
[2024-08-09T19:44:26.385+0200] {processor.py:183} INFO - Processing /home/bvpelt/Develop/airflowtut/py_env/lib/python3.10/site-packages/airflow/example_dags/example_branch_operator.py took 0.057 seconds
[2024-08-09T19:45:23.226+0200] {processor.py:161} INFO - Started process (PID=18279) to work on /home/bvpelt/Develop/airflowtut/py_env/lib/python3.10/site-packages/airflow/example_dags/example_branch_operator.py
[2024-08-09T19:45:23.230+0200] {processor.py:830} INFO - Processing file /home/bvpelt/Develop/airflowtut/py_env/lib/python3.10/site-packages/airflow/example_dags/example_branch_operator.py for tasks to queue
[2024-08-09T19:45:23.234+0200] {logging_mixin.py:188} INFO - [2024-08-09T19:45:23.233+0200] {dagbag.py:545} INFO - Filling up the DagBag from /home/bvpelt/Develop/airflowtut/py_env/lib/python3.10/site-packages/airflow/example_dags/example_branch_operator.py
[2024-08-09T19:45:23.241+0200] {processor.py:842} WARNING - No viable dags retrieved from /home/bvpelt/Develop/airflowtut/py_env/lib/python3.10/site-packages/airflow/example_dags/example_branch_operator.py
[2024-08-09T19:45:23.263+0200] {processor.py:183} INFO - Processing /home/bvpelt/Develop/airflowtut/py_env/lib/python3.10/site-packages/airflow/example_dags/example_branch_operator.py took 0.040 seconds
[2024-08-09T19:46:46.897+0200] {processor.py:161} INFO - Started process (PID=18645) to work on /home/bvpelt/Develop/airflowtut/py_env/lib/python3.10/site-packages/airflow/example_dags/example_branch_operator.py
[2024-08-09T19:46:46.911+0200] {processor.py:830} INFO - Processing file /home/bvpelt/Develop/airflowtut/py_env/lib/python3.10/site-packages/airflow/example_dags/example_branch_operator.py for tasks to queue
[2024-08-09T19:46:46.915+0200] {logging_mixin.py:188} INFO - [2024-08-09T19:46:46.914+0200] {dagbag.py:545} INFO - Filling up the DagBag from /home/bvpelt/Develop/airflowtut/py_env/lib/python3.10/site-packages/airflow/example_dags/example_branch_operator.py
[2024-08-09T19:46:46.917+0200] {processor.py:842} WARNING - No viable dags retrieved from /home/bvpelt/Develop/airflowtut/py_env/lib/python3.10/site-packages/airflow/example_dags/example_branch_operator.py
[2024-08-09T19:46:46.922+0200] {processor.py:183} INFO - Processing /home/bvpelt/Develop/airflowtut/py_env/lib/python3.10/site-packages/airflow/example_dags/example_branch_operator.py took 0.028 seconds
[2024-08-09T19:47:41.003+0200] {processor.py:161} INFO - Started process (PID=18973) to work on /home/bvpelt/Develop/airflowtut/py_env/lib/python3.10/site-packages/airflow/example_dags/example_branch_operator.py
[2024-08-09T19:47:41.034+0200] {processor.py:830} INFO - Processing file /home/bvpelt/Develop/airflowtut/py_env/lib/python3.10/site-packages/airflow/example_dags/example_branch_operator.py for tasks to queue
[2024-08-09T19:47:41.035+0200] {logging_mixin.py:188} INFO - [2024-08-09T19:47:41.035+0200] {dagbag.py:545} INFO - Filling up the DagBag from /home/bvpelt/Develop/airflowtut/py_env/lib/python3.10/site-packages/airflow/example_dags/example_branch_operator.py
[2024-08-09T19:47:41.037+0200] {processor.py:842} WARNING - No viable dags retrieved from /home/bvpelt/Develop/airflowtut/py_env/lib/python3.10/site-packages/airflow/example_dags/example_branch_operator.py
[2024-08-09T19:47:41.047+0200] {processor.py:183} INFO - Processing /home/bvpelt/Develop/airflowtut/py_env/lib/python3.10/site-packages/airflow/example_dags/example_branch_operator.py took 0.047 seconds
[2024-08-09T19:48:34.644+0200] {processor.py:161} INFO - Started process (PID=19112) to work on /home/bvpelt/Develop/airflowtut/py_env/lib/python3.10/site-packages/airflow/example_dags/example_branch_operator.py
[2024-08-09T19:48:34.645+0200] {processor.py:830} INFO - Processing file /home/bvpelt/Develop/airflowtut/py_env/lib/python3.10/site-packages/airflow/example_dags/example_branch_operator.py for tasks to queue
[2024-08-09T19:48:34.646+0200] {logging_mixin.py:188} INFO - [2024-08-09T19:48:34.646+0200] {dagbag.py:545} INFO - Filling up the DagBag from /home/bvpelt/Develop/airflowtut/py_env/lib/python3.10/site-packages/airflow/example_dags/example_branch_operator.py
[2024-08-09T19:48:34.647+0200] {processor.py:842} WARNING - No viable dags retrieved from /home/bvpelt/Develop/airflowtut/py_env/lib/python3.10/site-packages/airflow/example_dags/example_branch_operator.py
[2024-08-09T19:48:34.653+0200] {processor.py:183} INFO - Processing /home/bvpelt/Develop/airflowtut/py_env/lib/python3.10/site-packages/airflow/example_dags/example_branch_operator.py took 0.011 seconds
[2024-08-09T19:49:50.622+0200] {processor.py:161} INFO - Started process (PID=19271) to work on /home/bvpelt/Develop/airflowtut/py_env/lib/python3.10/site-packages/airflow/example_dags/example_branch_operator.py
[2024-08-09T19:49:50.623+0200] {processor.py:830} INFO - Processing file /home/bvpelt/Develop/airflowtut/py_env/lib/python3.10/site-packages/airflow/example_dags/example_branch_operator.py for tasks to queue
[2024-08-09T19:49:50.623+0200] {logging_mixin.py:188} INFO - [2024-08-09T19:49:50.623+0200] {dagbag.py:545} INFO - Filling up the DagBag from /home/bvpelt/Develop/airflowtut/py_env/lib/python3.10/site-packages/airflow/example_dags/example_branch_operator.py
[2024-08-09T19:49:50.625+0200] {processor.py:842} WARNING - No viable dags retrieved from /home/bvpelt/Develop/airflowtut/py_env/lib/python3.10/site-packages/airflow/example_dags/example_branch_operator.py
[2024-08-09T19:49:50.630+0200] {processor.py:183} INFO - Processing /home/bvpelt/Develop/airflowtut/py_env/lib/python3.10/site-packages/airflow/example_dags/example_branch_operator.py took 0.011 seconds
[2024-08-09T19:50:44.424+0200] {processor.py:161} INFO - Started process (PID=19379) to work on /home/bvpelt/Develop/airflowtut/py_env/lib/python3.10/site-packages/airflow/example_dags/example_branch_operator.py
[2024-08-09T19:50:44.424+0200] {processor.py:830} INFO - Processing file /home/bvpelt/Develop/airflowtut/py_env/lib/python3.10/site-packages/airflow/example_dags/example_branch_operator.py for tasks to queue
[2024-08-09T19:50:44.425+0200] {logging_mixin.py:188} INFO - [2024-08-09T19:50:44.425+0200] {dagbag.py:545} INFO - Filling up the DagBag from /home/bvpelt/Develop/airflowtut/py_env/lib/python3.10/site-packages/airflow/example_dags/example_branch_operator.py
[2024-08-09T19:50:44.426+0200] {processor.py:842} WARNING - No viable dags retrieved from /home/bvpelt/Develop/airflowtut/py_env/lib/python3.10/site-packages/airflow/example_dags/example_branch_operator.py
[2024-08-09T19:50:44.432+0200] {processor.py:183} INFO - Processing /home/bvpelt/Develop/airflowtut/py_env/lib/python3.10/site-packages/airflow/example_dags/example_branch_operator.py took 0.011 seconds
[2024-08-09T19:52:15.588+0200] {processor.py:161} INFO - Started process (PID=19890) to work on /home/bvpelt/Develop/airflowtut/py_env/lib/python3.10/site-packages/airflow/example_dags/example_branch_operator.py
[2024-08-09T19:52:15.601+0200] {processor.py:830} INFO - Processing file /home/bvpelt/Develop/airflowtut/py_env/lib/python3.10/site-packages/airflow/example_dags/example_branch_operator.py for tasks to queue
[2024-08-09T19:52:15.602+0200] {logging_mixin.py:188} INFO - [2024-08-09T19:52:15.602+0200] {dagbag.py:545} INFO - Filling up the DagBag from /home/bvpelt/Develop/airflowtut/py_env/lib/python3.10/site-packages/airflow/example_dags/example_branch_operator.py
[2024-08-09T19:52:15.604+0200] {processor.py:842} WARNING - No viable dags retrieved from /home/bvpelt/Develop/airflowtut/py_env/lib/python3.10/site-packages/airflow/example_dags/example_branch_operator.py
[2024-08-09T19:52:15.611+0200] {processor.py:183} INFO - Processing /home/bvpelt/Develop/airflowtut/py_env/lib/python3.10/site-packages/airflow/example_dags/example_branch_operator.py took 0.027 seconds
[2024-08-09T19:53:30.317+0200] {processor.py:161} INFO - Started process (PID=20098) to work on /home/bvpelt/Develop/airflowtut/py_env/lib/python3.10/site-packages/airflow/example_dags/example_branch_operator.py
[2024-08-09T19:53:30.336+0200] {processor.py:830} INFO - Processing file /home/bvpelt/Develop/airflowtut/py_env/lib/python3.10/site-packages/airflow/example_dags/example_branch_operator.py for tasks to queue
[2024-08-09T19:53:30.337+0200] {logging_mixin.py:188} INFO - [2024-08-09T19:53:30.337+0200] {dagbag.py:545} INFO - Filling up the DagBag from /home/bvpelt/Develop/airflowtut/py_env/lib/python3.10/site-packages/airflow/example_dags/example_branch_operator.py
[2024-08-09T19:53:30.338+0200] {processor.py:842} WARNING - No viable dags retrieved from /home/bvpelt/Develop/airflowtut/py_env/lib/python3.10/site-packages/airflow/example_dags/example_branch_operator.py
[2024-08-09T19:53:30.344+0200] {processor.py:183} INFO - Processing /home/bvpelt/Develop/airflowtut/py_env/lib/python3.10/site-packages/airflow/example_dags/example_branch_operator.py took 0.030 seconds
[2024-08-09T19:54:23.690+0200] {processor.py:161} INFO - Started process (PID=20163) to work on /home/bvpelt/Develop/airflowtut/py_env/lib/python3.10/site-packages/airflow/example_dags/example_branch_operator.py
[2024-08-09T19:54:23.732+0200] {processor.py:830} INFO - Processing file /home/bvpelt/Develop/airflowtut/py_env/lib/python3.10/site-packages/airflow/example_dags/example_branch_operator.py for tasks to queue
[2024-08-09T19:54:23.733+0200] {logging_mixin.py:188} INFO - [2024-08-09T19:54:23.733+0200] {dagbag.py:545} INFO - Filling up the DagBag from /home/bvpelt/Develop/airflowtut/py_env/lib/python3.10/site-packages/airflow/example_dags/example_branch_operator.py
[2024-08-09T19:54:23.735+0200] {processor.py:842} WARNING - No viable dags retrieved from /home/bvpelt/Develop/airflowtut/py_env/lib/python3.10/site-packages/airflow/example_dags/example_branch_operator.py
[2024-08-09T19:54:23.746+0200] {processor.py:183} INFO - Processing /home/bvpelt/Develop/airflowtut/py_env/lib/python3.10/site-packages/airflow/example_dags/example_branch_operator.py took 0.059 seconds
[2024-08-09T19:55:15.922+0200] {processor.py:161} INFO - Started process (PID=20265) to work on /home/bvpelt/Develop/airflowtut/py_env/lib/python3.10/site-packages/airflow/example_dags/example_branch_operator.py
[2024-08-09T19:55:15.923+0200] {processor.py:830} INFO - Processing file /home/bvpelt/Develop/airflowtut/py_env/lib/python3.10/site-packages/airflow/example_dags/example_branch_operator.py for tasks to queue
[2024-08-09T19:55:15.924+0200] {logging_mixin.py:188} INFO - [2024-08-09T19:55:15.924+0200] {dagbag.py:545} INFO - Filling up the DagBag from /home/bvpelt/Develop/airflowtut/py_env/lib/python3.10/site-packages/airflow/example_dags/example_branch_operator.py
[2024-08-09T19:55:15.925+0200] {processor.py:842} WARNING - No viable dags retrieved from /home/bvpelt/Develop/airflowtut/py_env/lib/python3.10/site-packages/airflow/example_dags/example_branch_operator.py
[2024-08-09T19:55:15.930+0200] {processor.py:183} INFO - Processing /home/bvpelt/Develop/airflowtut/py_env/lib/python3.10/site-packages/airflow/example_dags/example_branch_operator.py took 0.011 seconds
[2024-08-09T19:56:26.045+0200] {processor.py:161} INFO - Started process (PID=20355) to work on /home/bvpelt/Develop/airflowtut/py_env/lib/python3.10/site-packages/airflow/example_dags/example_branch_operator.py
[2024-08-09T19:56:26.045+0200] {processor.py:830} INFO - Processing file /home/bvpelt/Develop/airflowtut/py_env/lib/python3.10/site-packages/airflow/example_dags/example_branch_operator.py for tasks to queue
[2024-08-09T19:56:26.046+0200] {logging_mixin.py:188} INFO - [2024-08-09T19:56:26.046+0200] {dagbag.py:545} INFO - Filling up the DagBag from /home/bvpelt/Develop/airflowtut/py_env/lib/python3.10/site-packages/airflow/example_dags/example_branch_operator.py
[2024-08-09T19:56:26.047+0200] {processor.py:842} WARNING - No viable dags retrieved from /home/bvpelt/Develop/airflowtut/py_env/lib/python3.10/site-packages/airflow/example_dags/example_branch_operator.py
[2024-08-09T19:56:26.053+0200] {processor.py:183} INFO - Processing /home/bvpelt/Develop/airflowtut/py_env/lib/python3.10/site-packages/airflow/example_dags/example_branch_operator.py took 0.011 seconds
[2024-08-09T19:57:42.040+0200] {processor.py:161} INFO - Started process (PID=20508) to work on /home/bvpelt/Develop/airflowtut/py_env/lib/python3.10/site-packages/airflow/example_dags/example_branch_operator.py
[2024-08-09T19:57:42.040+0200] {processor.py:830} INFO - Processing file /home/bvpelt/Develop/airflowtut/py_env/lib/python3.10/site-packages/airflow/example_dags/example_branch_operator.py for tasks to queue
[2024-08-09T19:57:42.041+0200] {logging_mixin.py:188} INFO - [2024-08-09T19:57:42.041+0200] {dagbag.py:545} INFO - Filling up the DagBag from /home/bvpelt/Develop/airflowtut/py_env/lib/python3.10/site-packages/airflow/example_dags/example_branch_operator.py
[2024-08-09T19:57:42.042+0200] {processor.py:842} WARNING - No viable dags retrieved from /home/bvpelt/Develop/airflowtut/py_env/lib/python3.10/site-packages/airflow/example_dags/example_branch_operator.py
[2024-08-09T19:57:42.048+0200] {processor.py:183} INFO - Processing /home/bvpelt/Develop/airflowtut/py_env/lib/python3.10/site-packages/airflow/example_dags/example_branch_operator.py took 0.011 seconds
[2024-08-09T19:58:33.994+0200] {processor.py:161} INFO - Started process (PID=20611) to work on /home/bvpelt/Develop/airflowtut/py_env/lib/python3.10/site-packages/airflow/example_dags/example_branch_operator.py
[2024-08-09T19:58:33.995+0200] {processor.py:830} INFO - Processing file /home/bvpelt/Develop/airflowtut/py_env/lib/python3.10/site-packages/airflow/example_dags/example_branch_operator.py for tasks to queue
[2024-08-09T19:58:33.995+0200] {logging_mixin.py:188} INFO - [2024-08-09T19:58:33.995+0200] {dagbag.py:545} INFO - Filling up the DagBag from /home/bvpelt/Develop/airflowtut/py_env/lib/python3.10/site-packages/airflow/example_dags/example_branch_operator.py
[2024-08-09T19:58:33.997+0200] {processor.py:842} WARNING - No viable dags retrieved from /home/bvpelt/Develop/airflowtut/py_env/lib/python3.10/site-packages/airflow/example_dags/example_branch_operator.py
[2024-08-09T19:58:34.003+0200] {processor.py:183} INFO - Processing /home/bvpelt/Develop/airflowtut/py_env/lib/python3.10/site-packages/airflow/example_dags/example_branch_operator.py took 0.012 seconds
[2024-08-09T19:59:31.590+0200] {processor.py:161} INFO - Started process (PID=20706) to work on /home/bvpelt/Develop/airflowtut/py_env/lib/python3.10/site-packages/airflow/example_dags/example_branch_operator.py
[2024-08-09T19:59:31.591+0200] {processor.py:830} INFO - Processing file /home/bvpelt/Develop/airflowtut/py_env/lib/python3.10/site-packages/airflow/example_dags/example_branch_operator.py for tasks to queue
[2024-08-09T19:59:31.591+0200] {logging_mixin.py:188} INFO - [2024-08-09T19:59:31.591+0200] {dagbag.py:545} INFO - Filling up the DagBag from /home/bvpelt/Develop/airflowtut/py_env/lib/python3.10/site-packages/airflow/example_dags/example_branch_operator.py
[2024-08-09T19:59:31.593+0200] {processor.py:842} WARNING - No viable dags retrieved from /home/bvpelt/Develop/airflowtut/py_env/lib/python3.10/site-packages/airflow/example_dags/example_branch_operator.py
[2024-08-09T19:59:31.599+0200] {processor.py:183} INFO - Processing /home/bvpelt/Develop/airflowtut/py_env/lib/python3.10/site-packages/airflow/example_dags/example_branch_operator.py took 0.012 seconds
[2024-08-09T20:00:23.804+0200] {processor.py:161} INFO - Started process (PID=20783) to work on /home/bvpelt/Develop/airflowtut/py_env/lib/python3.10/site-packages/airflow/example_dags/example_branch_operator.py
[2024-08-09T20:00:23.822+0200] {processor.py:830} INFO - Processing file /home/bvpelt/Develop/airflowtut/py_env/lib/python3.10/site-packages/airflow/example_dags/example_branch_operator.py for tasks to queue
[2024-08-09T20:00:23.823+0200] {logging_mixin.py:188} INFO - [2024-08-09T20:00:23.823+0200] {dagbag.py:545} INFO - Filling up the DagBag from /home/bvpelt/Develop/airflowtut/py_env/lib/python3.10/site-packages/airflow/example_dags/example_branch_operator.py
[2024-08-09T20:00:23.825+0200] {processor.py:842} WARNING - No viable dags retrieved from /home/bvpelt/Develop/airflowtut/py_env/lib/python3.10/site-packages/airflow/example_dags/example_branch_operator.py
[2024-08-09T20:00:23.832+0200] {processor.py:183} INFO - Processing /home/bvpelt/Develop/airflowtut/py_env/lib/python3.10/site-packages/airflow/example_dags/example_branch_operator.py took 0.031 seconds
[2024-08-09T20:01:15.059+0200] {processor.py:161} INFO - Started process (PID=20844) to work on /home/bvpelt/Develop/airflowtut/py_env/lib/python3.10/site-packages/airflow/example_dags/example_branch_operator.py
[2024-08-09T20:01:15.059+0200] {processor.py:830} INFO - Processing file /home/bvpelt/Develop/airflowtut/py_env/lib/python3.10/site-packages/airflow/example_dags/example_branch_operator.py for tasks to queue
[2024-08-09T20:01:15.060+0200] {logging_mixin.py:188} INFO - [2024-08-09T20:01:15.060+0200] {dagbag.py:545} INFO - Filling up the DagBag from /home/bvpelt/Develop/airflowtut/py_env/lib/python3.10/site-packages/airflow/example_dags/example_branch_operator.py
[2024-08-09T20:01:15.061+0200] {processor.py:842} WARNING - No viable dags retrieved from /home/bvpelt/Develop/airflowtut/py_env/lib/python3.10/site-packages/airflow/example_dags/example_branch_operator.py
[2024-08-09T20:01:15.067+0200] {processor.py:183} INFO - Processing /home/bvpelt/Develop/airflowtut/py_env/lib/python3.10/site-packages/airflow/example_dags/example_branch_operator.py took 0.012 seconds
[2024-08-09T20:02:30.031+0200] {processor.py:161} INFO - Started process (PID=21031) to work on /home/bvpelt/Develop/airflowtut/py_env/lib/python3.10/site-packages/airflow/example_dags/example_branch_operator.py
[2024-08-09T20:02:30.040+0200] {processor.py:830} INFO - Processing file /home/bvpelt/Develop/airflowtut/py_env/lib/python3.10/site-packages/airflow/example_dags/example_branch_operator.py for tasks to queue
[2024-08-09T20:02:30.044+0200] {logging_mixin.py:188} INFO - [2024-08-09T20:02:30.043+0200] {dagbag.py:545} INFO - Filling up the DagBag from /home/bvpelt/Develop/airflowtut/py_env/lib/python3.10/site-packages/airflow/example_dags/example_branch_operator.py
[2024-08-09T20:02:30.051+0200] {processor.py:842} WARNING - No viable dags retrieved from /home/bvpelt/Develop/airflowtut/py_env/lib/python3.10/site-packages/airflow/example_dags/example_branch_operator.py
[2024-08-09T20:02:30.065+0200] {processor.py:183} INFO - Processing /home/bvpelt/Develop/airflowtut/py_env/lib/python3.10/site-packages/airflow/example_dags/example_branch_operator.py took 0.048 seconds
[2024-08-09T20:03:26.655+0200] {processor.py:161} INFO - Started process (PID=21097) to work on /home/bvpelt/Develop/airflowtut/py_env/lib/python3.10/site-packages/airflow/example_dags/example_branch_operator.py
[2024-08-09T20:03:26.655+0200] {processor.py:830} INFO - Processing file /home/bvpelt/Develop/airflowtut/py_env/lib/python3.10/site-packages/airflow/example_dags/example_branch_operator.py for tasks to queue
[2024-08-09T20:03:26.656+0200] {logging_mixin.py:188} INFO - [2024-08-09T20:03:26.656+0200] {dagbag.py:545} INFO - Filling up the DagBag from /home/bvpelt/Develop/airflowtut/py_env/lib/python3.10/site-packages/airflow/example_dags/example_branch_operator.py
[2024-08-09T20:03:26.657+0200] {processor.py:842} WARNING - No viable dags retrieved from /home/bvpelt/Develop/airflowtut/py_env/lib/python3.10/site-packages/airflow/example_dags/example_branch_operator.py
[2024-08-09T20:03:26.663+0200] {processor.py:183} INFO - Processing /home/bvpelt/Develop/airflowtut/py_env/lib/python3.10/site-packages/airflow/example_dags/example_branch_operator.py took 0.011 seconds
[2024-08-09T20:04:20.856+0200] {processor.py:161} INFO - Started process (PID=21186) to work on /home/bvpelt/Develop/airflowtut/py_env/lib/python3.10/site-packages/airflow/example_dags/example_branch_operator.py
[2024-08-09T20:04:20.856+0200] {processor.py:830} INFO - Processing file /home/bvpelt/Develop/airflowtut/py_env/lib/python3.10/site-packages/airflow/example_dags/example_branch_operator.py for tasks to queue
[2024-08-09T20:04:20.857+0200] {logging_mixin.py:188} INFO - [2024-08-09T20:04:20.857+0200] {dagbag.py:545} INFO - Filling up the DagBag from /home/bvpelt/Develop/airflowtut/py_env/lib/python3.10/site-packages/airflow/example_dags/example_branch_operator.py
[2024-08-09T20:04:20.859+0200] {processor.py:842} WARNING - No viable dags retrieved from /home/bvpelt/Develop/airflowtut/py_env/lib/python3.10/site-packages/airflow/example_dags/example_branch_operator.py
[2024-08-09T20:04:20.864+0200] {processor.py:183} INFO - Processing /home/bvpelt/Develop/airflowtut/py_env/lib/python3.10/site-packages/airflow/example_dags/example_branch_operator.py took 0.011 seconds
[2024-08-09T20:05:12.965+0200] {processor.py:161} INFO - Started process (PID=21347) to work on /home/bvpelt/Develop/airflowtut/py_env/lib/python3.10/site-packages/airflow/example_dags/example_branch_operator.py
[2024-08-09T20:05:12.981+0200] {processor.py:830} INFO - Processing file /home/bvpelt/Develop/airflowtut/py_env/lib/python3.10/site-packages/airflow/example_dags/example_branch_operator.py for tasks to queue
[2024-08-09T20:05:12.982+0200] {logging_mixin.py:188} INFO - [2024-08-09T20:05:12.982+0200] {dagbag.py:545} INFO - Filling up the DagBag from /home/bvpelt/Develop/airflowtut/py_env/lib/python3.10/site-packages/airflow/example_dags/example_branch_operator.py
[2024-08-09T20:05:12.984+0200] {processor.py:842} WARNING - No viable dags retrieved from /home/bvpelt/Develop/airflowtut/py_env/lib/python3.10/site-packages/airflow/example_dags/example_branch_operator.py
[2024-08-09T20:05:12.990+0200] {processor.py:183} INFO - Processing /home/bvpelt/Develop/airflowtut/py_env/lib/python3.10/site-packages/airflow/example_dags/example_branch_operator.py took 0.027 seconds
[2024-08-09T20:06:08.658+0200] {processor.py:161} INFO - Started process (PID=21397) to work on /home/bvpelt/Develop/airflowtut/py_env/lib/python3.10/site-packages/airflow/example_dags/example_branch_operator.py
[2024-08-09T20:06:08.658+0200] {processor.py:830} INFO - Processing file /home/bvpelt/Develop/airflowtut/py_env/lib/python3.10/site-packages/airflow/example_dags/example_branch_operator.py for tasks to queue
[2024-08-09T20:06:08.659+0200] {logging_mixin.py:188} INFO - [2024-08-09T20:06:08.659+0200] {dagbag.py:545} INFO - Filling up the DagBag from /home/bvpelt/Develop/airflowtut/py_env/lib/python3.10/site-packages/airflow/example_dags/example_branch_operator.py
[2024-08-09T20:06:08.660+0200] {processor.py:842} WARNING - No viable dags retrieved from /home/bvpelt/Develop/airflowtut/py_env/lib/python3.10/site-packages/airflow/example_dags/example_branch_operator.py
[2024-08-09T20:06:08.666+0200] {processor.py:183} INFO - Processing /home/bvpelt/Develop/airflowtut/py_env/lib/python3.10/site-packages/airflow/example_dags/example_branch_operator.py took 0.011 seconds
[2024-08-09T20:07:04.633+0200] {processor.py:161} INFO - Started process (PID=21489) to work on /home/bvpelt/Develop/airflowtut/py_env/lib/python3.10/site-packages/airflow/example_dags/example_branch_operator.py
[2024-08-09T20:07:04.634+0200] {processor.py:830} INFO - Processing file /home/bvpelt/Develop/airflowtut/py_env/lib/python3.10/site-packages/airflow/example_dags/example_branch_operator.py for tasks to queue
[2024-08-09T20:07:04.635+0200] {logging_mixin.py:188} INFO - [2024-08-09T20:07:04.634+0200] {dagbag.py:545} INFO - Filling up the DagBag from /home/bvpelt/Develop/airflowtut/py_env/lib/python3.10/site-packages/airflow/example_dags/example_branch_operator.py
[2024-08-09T20:07:04.636+0200] {processor.py:842} WARNING - No viable dags retrieved from /home/bvpelt/Develop/airflowtut/py_env/lib/python3.10/site-packages/airflow/example_dags/example_branch_operator.py
[2024-08-09T20:07:04.642+0200] {processor.py:183} INFO - Processing /home/bvpelt/Develop/airflowtut/py_env/lib/python3.10/site-packages/airflow/example_dags/example_branch_operator.py took 0.012 seconds
[2024-08-09T20:07:56.052+0200] {processor.py:161} INFO - Started process (PID=21645) to work on /home/bvpelt/Develop/airflowtut/py_env/lib/python3.10/site-packages/airflow/example_dags/example_branch_operator.py
[2024-08-09T20:07:56.053+0200] {processor.py:830} INFO - Processing file /home/bvpelt/Develop/airflowtut/py_env/lib/python3.10/site-packages/airflow/example_dags/example_branch_operator.py for tasks to queue
[2024-08-09T20:07:56.054+0200] {logging_mixin.py:188} INFO - [2024-08-09T20:07:56.053+0200] {dagbag.py:545} INFO - Filling up the DagBag from /home/bvpelt/Develop/airflowtut/py_env/lib/python3.10/site-packages/airflow/example_dags/example_branch_operator.py
[2024-08-09T20:07:56.055+0200] {processor.py:842} WARNING - No viable dags retrieved from /home/bvpelt/Develop/airflowtut/py_env/lib/python3.10/site-packages/airflow/example_dags/example_branch_operator.py
[2024-08-09T20:07:56.061+0200] {processor.py:183} INFO - Processing /home/bvpelt/Develop/airflowtut/py_env/lib/python3.10/site-packages/airflow/example_dags/example_branch_operator.py took 0.012 seconds
[2024-08-09T20:08:47.613+0200] {processor.py:161} INFO - Started process (PID=21705) to work on /home/bvpelt/Develop/airflowtut/py_env/lib/python3.10/site-packages/airflow/example_dags/example_branch_operator.py
[2024-08-09T20:08:47.613+0200] {processor.py:830} INFO - Processing file /home/bvpelt/Develop/airflowtut/py_env/lib/python3.10/site-packages/airflow/example_dags/example_branch_operator.py for tasks to queue
[2024-08-09T20:08:47.614+0200] {logging_mixin.py:188} INFO - [2024-08-09T20:08:47.614+0200] {dagbag.py:545} INFO - Filling up the DagBag from /home/bvpelt/Develop/airflowtut/py_env/lib/python3.10/site-packages/airflow/example_dags/example_branch_operator.py
[2024-08-09T20:08:47.615+0200] {processor.py:842} WARNING - No viable dags retrieved from /home/bvpelt/Develop/airflowtut/py_env/lib/python3.10/site-packages/airflow/example_dags/example_branch_operator.py
[2024-08-09T20:08:47.621+0200] {processor.py:183} INFO - Processing /home/bvpelt/Develop/airflowtut/py_env/lib/python3.10/site-packages/airflow/example_dags/example_branch_operator.py took 0.011 seconds
[2024-08-09T20:09:39.957+0200] {processor.py:161} INFO - Started process (PID=21761) to work on /home/bvpelt/Develop/airflowtut/py_env/lib/python3.10/site-packages/airflow/example_dags/example_branch_operator.py
[2024-08-09T20:09:39.973+0200] {processor.py:830} INFO - Processing file /home/bvpelt/Develop/airflowtut/py_env/lib/python3.10/site-packages/airflow/example_dags/example_branch_operator.py for tasks to queue
[2024-08-09T20:09:39.974+0200] {logging_mixin.py:188} INFO - [2024-08-09T20:09:39.974+0200] {dagbag.py:545} INFO - Filling up the DagBag from /home/bvpelt/Develop/airflowtut/py_env/lib/python3.10/site-packages/airflow/example_dags/example_branch_operator.py
[2024-08-09T20:09:39.976+0200] {processor.py:842} WARNING - No viable dags retrieved from /home/bvpelt/Develop/airflowtut/py_env/lib/python3.10/site-packages/airflow/example_dags/example_branch_operator.py
[2024-08-09T20:09:39.982+0200] {processor.py:183} INFO - Processing /home/bvpelt/Develop/airflowtut/py_env/lib/python3.10/site-packages/airflow/example_dags/example_branch_operator.py took 0.028 seconds
[2024-08-09T20:10:54.959+0200] {processor.py:161} INFO - Started process (PID=21862) to work on /home/bvpelt/Develop/airflowtut/py_env/lib/python3.10/site-packages/airflow/example_dags/example_branch_operator.py
[2024-08-09T20:10:54.982+0200] {processor.py:830} INFO - Processing file /home/bvpelt/Develop/airflowtut/py_env/lib/python3.10/site-packages/airflow/example_dags/example_branch_operator.py for tasks to queue
[2024-08-09T20:10:54.983+0200] {logging_mixin.py:188} INFO - [2024-08-09T20:10:54.983+0200] {dagbag.py:545} INFO - Filling up the DagBag from /home/bvpelt/Develop/airflowtut/py_env/lib/python3.10/site-packages/airflow/example_dags/example_branch_operator.py
[2024-08-09T20:10:54.985+0200] {processor.py:842} WARNING - No viable dags retrieved from /home/bvpelt/Develop/airflowtut/py_env/lib/python3.10/site-packages/airflow/example_dags/example_branch_operator.py
[2024-08-09T20:10:54.991+0200] {processor.py:183} INFO - Processing /home/bvpelt/Develop/airflowtut/py_env/lib/python3.10/site-packages/airflow/example_dags/example_branch_operator.py took 0.035 seconds
[2024-08-09T20:11:44.071+0200] {processor.py:161} INFO - Started process (PID=21913) to work on /home/bvpelt/Develop/airflowtut/py_env/lib/python3.10/site-packages/airflow/example_dags/example_branch_operator.py
[2024-08-09T20:11:44.089+0200] {processor.py:830} INFO - Processing file /home/bvpelt/Develop/airflowtut/py_env/lib/python3.10/site-packages/airflow/example_dags/example_branch_operator.py for tasks to queue
[2024-08-09T20:11:44.092+0200] {logging_mixin.py:188} INFO - [2024-08-09T20:11:44.091+0200] {dagbag.py:545} INFO - Filling up the DagBag from /home/bvpelt/Develop/airflowtut/py_env/lib/python3.10/site-packages/airflow/example_dags/example_branch_operator.py
[2024-08-09T20:11:44.099+0200] {processor.py:842} WARNING - No viable dags retrieved from /home/bvpelt/Develop/airflowtut/py_env/lib/python3.10/site-packages/airflow/example_dags/example_branch_operator.py
[2024-08-09T20:11:44.122+0200] {processor.py:183} INFO - Processing /home/bvpelt/Develop/airflowtut/py_env/lib/python3.10/site-packages/airflow/example_dags/example_branch_operator.py took 0.057 seconds
[2024-08-09T20:12:33.700+0200] {processor.py:161} INFO - Started process (PID=22024) to work on /home/bvpelt/Develop/airflowtut/py_env/lib/python3.10/site-packages/airflow/example_dags/example_branch_operator.py
[2024-08-09T20:12:33.701+0200] {processor.py:830} INFO - Processing file /home/bvpelt/Develop/airflowtut/py_env/lib/python3.10/site-packages/airflow/example_dags/example_branch_operator.py for tasks to queue
[2024-08-09T20:12:33.702+0200] {logging_mixin.py:188} INFO - [2024-08-09T20:12:33.702+0200] {dagbag.py:545} INFO - Filling up the DagBag from /home/bvpelt/Develop/airflowtut/py_env/lib/python3.10/site-packages/airflow/example_dags/example_branch_operator.py
[2024-08-09T20:12:33.703+0200] {processor.py:842} WARNING - No viable dags retrieved from /home/bvpelt/Develop/airflowtut/py_env/lib/python3.10/site-packages/airflow/example_dags/example_branch_operator.py
[2024-08-09T20:12:33.708+0200] {processor.py:183} INFO - Processing /home/bvpelt/Develop/airflowtut/py_env/lib/python3.10/site-packages/airflow/example_dags/example_branch_operator.py took 0.011 seconds
[2024-08-09T20:13:28.005+0200] {processor.py:161} INFO - Started process (PID=22109) to work on /home/bvpelt/Develop/airflowtut/py_env/lib/python3.10/site-packages/airflow/example_dags/example_branch_operator.py
[2024-08-09T20:13:28.006+0200] {processor.py:830} INFO - Processing file /home/bvpelt/Develop/airflowtut/py_env/lib/python3.10/site-packages/airflow/example_dags/example_branch_operator.py for tasks to queue
[2024-08-09T20:13:28.007+0200] {logging_mixin.py:188} INFO - [2024-08-09T20:13:28.007+0200] {dagbag.py:545} INFO - Filling up the DagBag from /home/bvpelt/Develop/airflowtut/py_env/lib/python3.10/site-packages/airflow/example_dags/example_branch_operator.py
[2024-08-09T20:13:28.008+0200] {processor.py:842} WARNING - No viable dags retrieved from /home/bvpelt/Develop/airflowtut/py_env/lib/python3.10/site-packages/airflow/example_dags/example_branch_operator.py
[2024-08-09T20:13:28.014+0200] {processor.py:183} INFO - Processing /home/bvpelt/Develop/airflowtut/py_env/lib/python3.10/site-packages/airflow/example_dags/example_branch_operator.py took 0.012 seconds
[2024-08-09T20:14:21.699+0200] {processor.py:161} INFO - Started process (PID=22188) to work on /home/bvpelt/Develop/airflowtut/py_env/lib/python3.10/site-packages/airflow/example_dags/example_branch_operator.py
[2024-08-09T20:14:21.699+0200] {processor.py:830} INFO - Processing file /home/bvpelt/Develop/airflowtut/py_env/lib/python3.10/site-packages/airflow/example_dags/example_branch_operator.py for tasks to queue
[2024-08-09T20:14:21.700+0200] {logging_mixin.py:188} INFO - [2024-08-09T20:14:21.700+0200] {dagbag.py:545} INFO - Filling up the DagBag from /home/bvpelt/Develop/airflowtut/py_env/lib/python3.10/site-packages/airflow/example_dags/example_branch_operator.py
[2024-08-09T20:14:21.701+0200] {processor.py:842} WARNING - No viable dags retrieved from /home/bvpelt/Develop/airflowtut/py_env/lib/python3.10/site-packages/airflow/example_dags/example_branch_operator.py
[2024-08-09T20:14:21.707+0200] {processor.py:183} INFO - Processing /home/bvpelt/Develop/airflowtut/py_env/lib/python3.10/site-packages/airflow/example_dags/example_branch_operator.py took 0.011 seconds
[2024-08-09T20:15:33.702+0200] {processor.py:161} INFO - Started process (PID=22293) to work on /home/bvpelt/Develop/airflowtut/py_env/lib/python3.10/site-packages/airflow/example_dags/example_branch_operator.py
[2024-08-09T20:15:33.702+0200] {processor.py:830} INFO - Processing file /home/bvpelt/Develop/airflowtut/py_env/lib/python3.10/site-packages/airflow/example_dags/example_branch_operator.py for tasks to queue
[2024-08-09T20:15:33.703+0200] {logging_mixin.py:188} INFO - [2024-08-09T20:15:33.703+0200] {dagbag.py:545} INFO - Filling up the DagBag from /home/bvpelt/Develop/airflowtut/py_env/lib/python3.10/site-packages/airflow/example_dags/example_branch_operator.py
[2024-08-09T20:15:33.704+0200] {processor.py:842} WARNING - No viable dags retrieved from /home/bvpelt/Develop/airflowtut/py_env/lib/python3.10/site-packages/airflow/example_dags/example_branch_operator.py
[2024-08-09T20:15:33.710+0200] {processor.py:183} INFO - Processing /home/bvpelt/Develop/airflowtut/py_env/lib/python3.10/site-packages/airflow/example_dags/example_branch_operator.py took 0.011 seconds
