[2024-08-09T19:43:00.057+0200] {processor.py:161} INFO - Started process (PID=17681) to work on /home/bvpelt/Develop/airflowtut/py_env/lib/python3.10/site-packages/airflow/example_dags/example_branch_operator_decorator.py
[2024-08-09T19:43:00.057+0200] {processor.py:830} INFO - Processing file /home/bvpelt/Develop/airflowtut/py_env/lib/python3.10/site-packages/airflow/example_dags/example_branch_operator_decorator.py for tasks to queue
[2024-08-09T19:43:00.059+0200] {logging_mixin.py:188} INFO - [2024-08-09T19:43:00.058+0200] {dagbag.py:545} INFO - Filling up the DagBag from /home/bvpelt/Develop/airflowtut/py_env/lib/python3.10/site-packages/airflow/example_dags/example_branch_operator_decorator.py
[2024-08-09T19:43:00.061+0200] {processor.py:842} WARNING - No viable dags retrieved from /home/bvpelt/Develop/airflowtut/py_env/lib/python3.10/site-packages/airflow/example_dags/example_branch_operator_decorator.py
[2024-08-09T19:43:00.072+0200] {processor.py:183} INFO - Processing /home/bvpelt/Develop/airflowtut/py_env/lib/python3.10/site-packages/airflow/example_dags/example_branch_operator_decorator.py took 0.021 seconds
[2024-08-09T19:44:09.679+0200] {processor.py:161} INFO - Started process (PID=17950) to work on /home/bvpelt/Develop/airflowtut/py_env/lib/python3.10/site-packages/airflow/example_dags/example_branch_operator_decorator.py
[2024-08-09T19:44:09.679+0200] {processor.py:830} INFO - Processing file /home/bvpelt/Develop/airflowtut/py_env/lib/python3.10/site-packages/airflow/example_dags/example_branch_operator_decorator.py for tasks to queue
[2024-08-09T19:44:09.680+0200] {logging_mixin.py:188} INFO - [2024-08-09T19:44:09.680+0200] {dagbag.py:545} INFO - Filling up the DagBag from /home/bvpelt/Develop/airflowtut/py_env/lib/python3.10/site-packages/airflow/example_dags/example_branch_operator_decorator.py
[2024-08-09T19:44:09.681+0200] {processor.py:842} WARNING - No viable dags retrieved from /home/bvpelt/Develop/airflowtut/py_env/lib/python3.10/site-packages/airflow/example_dags/example_branch_operator_decorator.py
[2024-08-09T19:44:09.687+0200] {processor.py:183} INFO - Processing /home/bvpelt/Develop/airflowtut/py_env/lib/python3.10/site-packages/airflow/example_dags/example_branch_operator_decorator.py took 0.011 seconds
[2024-08-09T19:45:06.088+0200] {processor.py:161} INFO - Started process (PID=18208) to work on /home/bvpelt/Develop/airflowtut/py_env/lib/python3.10/site-packages/airflow/example_dags/example_branch_operator_decorator.py
[2024-08-09T19:45:06.089+0200] {processor.py:830} INFO - Processing file /home/bvpelt/Develop/airflowtut/py_env/lib/python3.10/site-packages/airflow/example_dags/example_branch_operator_decorator.py for tasks to queue
[2024-08-09T19:45:06.089+0200] {logging_mixin.py:188} INFO - [2024-08-09T19:45:06.089+0200] {dagbag.py:545} INFO - Filling up the DagBag from /home/bvpelt/Develop/airflowtut/py_env/lib/python3.10/site-packages/airflow/example_dags/example_branch_operator_decorator.py
[2024-08-09T19:45:06.091+0200] {processor.py:842} WARNING - No viable dags retrieved from /home/bvpelt/Develop/airflowtut/py_env/lib/python3.10/site-packages/airflow/example_dags/example_branch_operator_decorator.py
[2024-08-09T19:45:06.096+0200] {processor.py:183} INFO - Processing /home/bvpelt/Develop/airflowtut/py_env/lib/python3.10/site-packages/airflow/example_dags/example_branch_operator_decorator.py took 0.011 seconds
[2024-08-09T19:46:36.613+0200] {processor.py:161} INFO - Started process (PID=18636) to work on /home/bvpelt/Develop/airflowtut/py_env/lib/python3.10/site-packages/airflow/example_dags/example_branch_operator_decorator.py
[2024-08-09T19:46:36.614+0200] {processor.py:830} INFO - Processing file /home/bvpelt/Develop/airflowtut/py_env/lib/python3.10/site-packages/airflow/example_dags/example_branch_operator_decorator.py for tasks to queue
[2024-08-09T19:46:36.615+0200] {logging_mixin.py:188} INFO - [2024-08-09T19:46:36.615+0200] {dagbag.py:545} INFO - Filling up the DagBag from /home/bvpelt/Develop/airflowtut/py_env/lib/python3.10/site-packages/airflow/example_dags/example_branch_operator_decorator.py
[2024-08-09T19:46:36.616+0200] {processor.py:842} WARNING - No viable dags retrieved from /home/bvpelt/Develop/airflowtut/py_env/lib/python3.10/site-packages/airflow/example_dags/example_branch_operator_decorator.py
[2024-08-09T19:46:36.622+0200] {processor.py:183} INFO - Processing /home/bvpelt/Develop/airflowtut/py_env/lib/python3.10/site-packages/airflow/example_dags/example_branch_operator_decorator.py took 0.012 seconds
[2024-08-09T19:47:31.498+0200] {processor.py:161} INFO - Started process (PID=18964) to work on /home/bvpelt/Develop/airflowtut/py_env/lib/python3.10/site-packages/airflow/example_dags/example_branch_operator_decorator.py
[2024-08-09T19:47:31.511+0200] {processor.py:830} INFO - Processing file /home/bvpelt/Develop/airflowtut/py_env/lib/python3.10/site-packages/airflow/example_dags/example_branch_operator_decorator.py for tasks to queue
[2024-08-09T19:47:31.512+0200] {logging_mixin.py:188} INFO - [2024-08-09T19:47:31.511+0200] {dagbag.py:545} INFO - Filling up the DagBag from /home/bvpelt/Develop/airflowtut/py_env/lib/python3.10/site-packages/airflow/example_dags/example_branch_operator_decorator.py
[2024-08-09T19:47:31.513+0200] {processor.py:842} WARNING - No viable dags retrieved from /home/bvpelt/Develop/airflowtut/py_env/lib/python3.10/site-packages/airflow/example_dags/example_branch_operator_decorator.py
[2024-08-09T19:47:31.519+0200] {processor.py:183} INFO - Processing /home/bvpelt/Develop/airflowtut/py_env/lib/python3.10/site-packages/airflow/example_dags/example_branch_operator_decorator.py took 0.024 seconds
[2024-08-09T19:48:23.599+0200] {processor.py:161} INFO - Started process (PID=19101) to work on /home/bvpelt/Develop/airflowtut/py_env/lib/python3.10/site-packages/airflow/example_dags/example_branch_operator_decorator.py
[2024-08-09T19:48:23.609+0200] {processor.py:830} INFO - Processing file /home/bvpelt/Develop/airflowtut/py_env/lib/python3.10/site-packages/airflow/example_dags/example_branch_operator_decorator.py for tasks to queue
[2024-08-09T19:48:23.609+0200] {logging_mixin.py:188} INFO - [2024-08-09T19:48:23.609+0200] {dagbag.py:545} INFO - Filling up the DagBag from /home/bvpelt/Develop/airflowtut/py_env/lib/python3.10/site-packages/airflow/example_dags/example_branch_operator_decorator.py
[2024-08-09T19:48:23.611+0200] {processor.py:842} WARNING - No viable dags retrieved from /home/bvpelt/Develop/airflowtut/py_env/lib/python3.10/site-packages/airflow/example_dags/example_branch_operator_decorator.py
[2024-08-09T19:48:23.617+0200] {processor.py:183} INFO - Processing /home/bvpelt/Develop/airflowtut/py_env/lib/python3.10/site-packages/airflow/example_dags/example_branch_operator_decorator.py took 0.021 seconds
[2024-08-09T19:49:14.629+0200] {processor.py:161} INFO - Started process (PID=19181) to work on /home/bvpelt/Develop/airflowtut/py_env/lib/python3.10/site-packages/airflow/example_dags/example_branch_operator_decorator.py
[2024-08-09T19:49:14.640+0200] {processor.py:830} INFO - Processing file /home/bvpelt/Develop/airflowtut/py_env/lib/python3.10/site-packages/airflow/example_dags/example_branch_operator_decorator.py for tasks to queue
[2024-08-09T19:49:14.644+0200] {logging_mixin.py:188} INFO - [2024-08-09T19:49:14.643+0200] {dagbag.py:545} INFO - Filling up the DagBag from /home/bvpelt/Develop/airflowtut/py_env/lib/python3.10/site-packages/airflow/example_dags/example_branch_operator_decorator.py
[2024-08-09T19:49:14.651+0200] {processor.py:842} WARNING - No viable dags retrieved from /home/bvpelt/Develop/airflowtut/py_env/lib/python3.10/site-packages/airflow/example_dags/example_branch_operator_decorator.py
[2024-08-09T19:49:14.667+0200] {processor.py:183} INFO - Processing /home/bvpelt/Develop/airflowtut/py_env/lib/python3.10/site-packages/airflow/example_dags/example_branch_operator_decorator.py took 0.054 seconds
[2024-08-09T19:50:06.523+0200] {processor.py:161} INFO - Started process (PID=19329) to work on /home/bvpelt/Develop/airflowtut/py_env/lib/python3.10/site-packages/airflow/example_dags/example_branch_operator_decorator.py
[2024-08-09T19:50:06.535+0200] {processor.py:830} INFO - Processing file /home/bvpelt/Develop/airflowtut/py_env/lib/python3.10/site-packages/airflow/example_dags/example_branch_operator_decorator.py for tasks to queue
[2024-08-09T19:50:06.536+0200] {logging_mixin.py:188} INFO - [2024-08-09T19:50:06.535+0200] {dagbag.py:545} INFO - Filling up the DagBag from /home/bvpelt/Develop/airflowtut/py_env/lib/python3.10/site-packages/airflow/example_dags/example_branch_operator_decorator.py
[2024-08-09T19:50:06.537+0200] {processor.py:842} WARNING - No viable dags retrieved from /home/bvpelt/Develop/airflowtut/py_env/lib/python3.10/site-packages/airflow/example_dags/example_branch_operator_decorator.py
[2024-08-09T19:50:06.544+0200] {processor.py:183} INFO - Processing /home/bvpelt/Develop/airflowtut/py_env/lib/python3.10/site-packages/airflow/example_dags/example_branch_operator_decorator.py took 0.024 seconds
[2024-08-09T19:50:58.983+0200] {processor.py:161} INFO - Started process (PID=19412) to work on /home/bvpelt/Develop/airflowtut/py_env/lib/python3.10/site-packages/airflow/example_dags/example_branch_operator_decorator.py
[2024-08-09T19:50:58.984+0200] {processor.py:830} INFO - Processing file /home/bvpelt/Develop/airflowtut/py_env/lib/python3.10/site-packages/airflow/example_dags/example_branch_operator_decorator.py for tasks to queue
[2024-08-09T19:50:58.985+0200] {logging_mixin.py:188} INFO - [2024-08-09T19:50:58.985+0200] {dagbag.py:545} INFO - Filling up the DagBag from /home/bvpelt/Develop/airflowtut/py_env/lib/python3.10/site-packages/airflow/example_dags/example_branch_operator_decorator.py
[2024-08-09T19:50:58.986+0200] {processor.py:842} WARNING - No viable dags retrieved from /home/bvpelt/Develop/airflowtut/py_env/lib/python3.10/site-packages/airflow/example_dags/example_branch_operator_decorator.py
[2024-08-09T19:50:58.991+0200] {processor.py:183} INFO - Processing /home/bvpelt/Develop/airflowtut/py_env/lib/python3.10/site-packages/airflow/example_dags/example_branch_operator_decorator.py took 0.011 seconds
[2024-08-09T19:51:49.791+0200] {processor.py:161} INFO - Started process (PID=19588) to work on /home/bvpelt/Develop/airflowtut/py_env/lib/python3.10/site-packages/airflow/example_dags/example_branch_operator_decorator.py
[2024-08-09T19:51:49.791+0200] {processor.py:830} INFO - Processing file /home/bvpelt/Develop/airflowtut/py_env/lib/python3.10/site-packages/airflow/example_dags/example_branch_operator_decorator.py for tasks to queue
[2024-08-09T19:51:49.792+0200] {logging_mixin.py:188} INFO - [2024-08-09T19:51:49.792+0200] {dagbag.py:545} INFO - Filling up the DagBag from /home/bvpelt/Develop/airflowtut/py_env/lib/python3.10/site-packages/airflow/example_dags/example_branch_operator_decorator.py
[2024-08-09T19:51:49.793+0200] {processor.py:842} WARNING - No viable dags retrieved from /home/bvpelt/Develop/airflowtut/py_env/lib/python3.10/site-packages/airflow/example_dags/example_branch_operator_decorator.py
[2024-08-09T19:51:49.798+0200] {processor.py:183} INFO - Processing /home/bvpelt/Develop/airflowtut/py_env/lib/python3.10/site-packages/airflow/example_dags/example_branch_operator_decorator.py took 0.011 seconds
[2024-08-09T19:52:57.405+0200] {processor.py:161} INFO - Started process (PID=20067) to work on /home/bvpelt/Develop/airflowtut/py_env/lib/python3.10/site-packages/airflow/example_dags/example_branch_operator_decorator.py
[2024-08-09T19:52:57.406+0200] {processor.py:830} INFO - Processing file /home/bvpelt/Develop/airflowtut/py_env/lib/python3.10/site-packages/airflow/example_dags/example_branch_operator_decorator.py for tasks to queue
[2024-08-09T19:52:57.407+0200] {logging_mixin.py:188} INFO - [2024-08-09T19:52:57.406+0200] {dagbag.py:545} INFO - Filling up the DagBag from /home/bvpelt/Develop/airflowtut/py_env/lib/python3.10/site-packages/airflow/example_dags/example_branch_operator_decorator.py
[2024-08-09T19:52:57.408+0200] {processor.py:842} WARNING - No viable dags retrieved from /home/bvpelt/Develop/airflowtut/py_env/lib/python3.10/site-packages/airflow/example_dags/example_branch_operator_decorator.py
[2024-08-09T19:52:57.414+0200] {processor.py:183} INFO - Processing /home/bvpelt/Develop/airflowtut/py_env/lib/python3.10/site-packages/airflow/example_dags/example_branch_operator_decorator.py took 0.011 seconds
[2024-08-09T19:53:53.253+0200] {processor.py:161} INFO - Started process (PID=20126) to work on /home/bvpelt/Develop/airflowtut/py_env/lib/python3.10/site-packages/airflow/example_dags/example_branch_operator_decorator.py
[2024-08-09T19:53:53.254+0200] {processor.py:830} INFO - Processing file /home/bvpelt/Develop/airflowtut/py_env/lib/python3.10/site-packages/airflow/example_dags/example_branch_operator_decorator.py for tasks to queue
[2024-08-09T19:53:53.254+0200] {logging_mixin.py:188} INFO - [2024-08-09T19:53:53.254+0200] {dagbag.py:545} INFO - Filling up the DagBag from /home/bvpelt/Develop/airflowtut/py_env/lib/python3.10/site-packages/airflow/example_dags/example_branch_operator_decorator.py
[2024-08-09T19:53:53.256+0200] {processor.py:842} WARNING - No viable dags retrieved from /home/bvpelt/Develop/airflowtut/py_env/lib/python3.10/site-packages/airflow/example_dags/example_branch_operator_decorator.py
[2024-08-09T19:53:53.261+0200] {processor.py:183} INFO - Processing /home/bvpelt/Develop/airflowtut/py_env/lib/python3.10/site-packages/airflow/example_dags/example_branch_operator_decorator.py took 0.011 seconds
[2024-08-09T19:54:45.259+0200] {processor.py:161} INFO - Started process (PID=20193) to work on /home/bvpelt/Develop/airflowtut/py_env/lib/python3.10/site-packages/airflow/example_dags/example_branch_operator_decorator.py
[2024-08-09T19:54:45.272+0200] {processor.py:830} INFO - Processing file /home/bvpelt/Develop/airflowtut/py_env/lib/python3.10/site-packages/airflow/example_dags/example_branch_operator_decorator.py for tasks to queue
[2024-08-09T19:54:45.273+0200] {logging_mixin.py:188} INFO - [2024-08-09T19:54:45.273+0200] {dagbag.py:545} INFO - Filling up the DagBag from /home/bvpelt/Develop/airflowtut/py_env/lib/python3.10/site-packages/airflow/example_dags/example_branch_operator_decorator.py
[2024-08-09T19:54:45.275+0200] {processor.py:842} WARNING - No viable dags retrieved from /home/bvpelt/Develop/airflowtut/py_env/lib/python3.10/site-packages/airflow/example_dags/example_branch_operator_decorator.py
[2024-08-09T19:54:45.281+0200] {processor.py:183} INFO - Processing /home/bvpelt/Develop/airflowtut/py_env/lib/python3.10/site-packages/airflow/example_dags/example_branch_operator_decorator.py took 0.026 seconds
[2024-08-09T19:55:36.396+0200] {processor.py:161} INFO - Started process (PID=20292) to work on /home/bvpelt/Develop/airflowtut/py_env/lib/python3.10/site-packages/airflow/example_dags/example_branch_operator_decorator.py
[2024-08-09T19:55:36.410+0200] {processor.py:830} INFO - Processing file /home/bvpelt/Develop/airflowtut/py_env/lib/python3.10/site-packages/airflow/example_dags/example_branch_operator_decorator.py for tasks to queue
[2024-08-09T19:55:36.414+0200] {logging_mixin.py:188} INFO - [2024-08-09T19:55:36.413+0200] {dagbag.py:545} INFO - Filling up the DagBag from /home/bvpelt/Develop/airflowtut/py_env/lib/python3.10/site-packages/airflow/example_dags/example_branch_operator_decorator.py
[2024-08-09T19:55:36.421+0200] {processor.py:842} WARNING - No viable dags retrieved from /home/bvpelt/Develop/airflowtut/py_env/lib/python3.10/site-packages/airflow/example_dags/example_branch_operator_decorator.py
[2024-08-09T19:55:36.443+0200] {processor.py:183} INFO - Processing /home/bvpelt/Develop/airflowtut/py_env/lib/python3.10/site-packages/airflow/example_dags/example_branch_operator_decorator.py took 0.050 seconds
[2024-08-09T19:56:22.295+0200] {processor.py:161} INFO - Started process (PID=20352) to work on /home/bvpelt/Develop/airflowtut/py_env/lib/python3.10/site-packages/airflow/example_dags/example_branch_operator_decorator.py
[2024-08-09T19:56:22.307+0200] {processor.py:830} INFO - Processing file /home/bvpelt/Develop/airflowtut/py_env/lib/python3.10/site-packages/airflow/example_dags/example_branch_operator_decorator.py for tasks to queue
[2024-08-09T19:56:22.308+0200] {logging_mixin.py:188} INFO - [2024-08-09T19:56:22.307+0200] {dagbag.py:545} INFO - Filling up the DagBag from /home/bvpelt/Develop/airflowtut/py_env/lib/python3.10/site-packages/airflow/example_dags/example_branch_operator_decorator.py
[2024-08-09T19:56:22.309+0200] {processor.py:842} WARNING - No viable dags retrieved from /home/bvpelt/Develop/airflowtut/py_env/lib/python3.10/site-packages/airflow/example_dags/example_branch_operator_decorator.py
[2024-08-09T19:56:22.315+0200] {processor.py:183} INFO - Processing /home/bvpelt/Develop/airflowtut/py_env/lib/python3.10/site-packages/airflow/example_dags/example_branch_operator_decorator.py took 0.024 seconds
[2024-08-09T19:57:13.611+0200] {processor.py:161} INFO - Started process (PID=20406) to work on /home/bvpelt/Develop/airflowtut/py_env/lib/python3.10/site-packages/airflow/example_dags/example_branch_operator_decorator.py
[2024-08-09T19:57:13.612+0200] {processor.py:830} INFO - Processing file /home/bvpelt/Develop/airflowtut/py_env/lib/python3.10/site-packages/airflow/example_dags/example_branch_operator_decorator.py for tasks to queue
[2024-08-09T19:57:13.613+0200] {logging_mixin.py:188} INFO - [2024-08-09T19:57:13.613+0200] {dagbag.py:545} INFO - Filling up the DagBag from /home/bvpelt/Develop/airflowtut/py_env/lib/python3.10/site-packages/airflow/example_dags/example_branch_operator_decorator.py
[2024-08-09T19:57:13.614+0200] {processor.py:842} WARNING - No viable dags retrieved from /home/bvpelt/Develop/airflowtut/py_env/lib/python3.10/site-packages/airflow/example_dags/example_branch_operator_decorator.py
[2024-08-09T19:57:13.620+0200] {processor.py:183} INFO - Processing /home/bvpelt/Develop/airflowtut/py_env/lib/python3.10/site-packages/airflow/example_dags/example_branch_operator_decorator.py took 0.013 seconds
[2024-08-09T19:58:04.537+0200] {processor.py:161} INFO - Started process (PID=20533) to work on /home/bvpelt/Develop/airflowtut/py_env/lib/python3.10/site-packages/airflow/example_dags/example_branch_operator_decorator.py
[2024-08-09T19:58:04.548+0200] {processor.py:830} INFO - Processing file /home/bvpelt/Develop/airflowtut/py_env/lib/python3.10/site-packages/airflow/example_dags/example_branch_operator_decorator.py for tasks to queue
[2024-08-09T19:58:04.549+0200] {logging_mixin.py:188} INFO - [2024-08-09T19:58:04.548+0200] {dagbag.py:545} INFO - Filling up the DagBag from /home/bvpelt/Develop/airflowtut/py_env/lib/python3.10/site-packages/airflow/example_dags/example_branch_operator_decorator.py
[2024-08-09T19:58:04.550+0200] {processor.py:842} WARNING - No viable dags retrieved from /home/bvpelt/Develop/airflowtut/py_env/lib/python3.10/site-packages/airflow/example_dags/example_branch_operator_decorator.py
[2024-08-09T19:58:04.556+0200] {processor.py:183} INFO - Processing /home/bvpelt/Develop/airflowtut/py_env/lib/python3.10/site-packages/airflow/example_dags/example_branch_operator_decorator.py took 0.022 seconds
[2024-08-09T19:58:59.577+0200] {processor.py:161} INFO - Started process (PID=20676) to work on /home/bvpelt/Develop/airflowtut/py_env/lib/python3.10/site-packages/airflow/example_dags/example_branch_operator_decorator.py
[2024-08-09T19:58:59.577+0200] {processor.py:830} INFO - Processing file /home/bvpelt/Develop/airflowtut/py_env/lib/python3.10/site-packages/airflow/example_dags/example_branch_operator_decorator.py for tasks to queue
[2024-08-09T19:58:59.578+0200] {logging_mixin.py:188} INFO - [2024-08-09T19:58:59.578+0200] {dagbag.py:545} INFO - Filling up the DagBag from /home/bvpelt/Develop/airflowtut/py_env/lib/python3.10/site-packages/airflow/example_dags/example_branch_operator_decorator.py
[2024-08-09T19:58:59.579+0200] {processor.py:842} WARNING - No viable dags retrieved from /home/bvpelt/Develop/airflowtut/py_env/lib/python3.10/site-packages/airflow/example_dags/example_branch_operator_decorator.py
[2024-08-09T19:58:59.585+0200] {processor.py:183} INFO - Processing /home/bvpelt/Develop/airflowtut/py_env/lib/python3.10/site-packages/airflow/example_dags/example_branch_operator_decorator.py took 0.012 seconds
[2024-08-09T19:59:55.946+0200] {processor.py:161} INFO - Started process (PID=20731) to work on /home/bvpelt/Develop/airflowtut/py_env/lib/python3.10/site-packages/airflow/example_dags/example_branch_operator_decorator.py
[2024-08-09T19:59:55.982+0200] {processor.py:830} INFO - Processing file /home/bvpelt/Develop/airflowtut/py_env/lib/python3.10/site-packages/airflow/example_dags/example_branch_operator_decorator.py for tasks to queue
[2024-08-09T19:59:55.983+0200] {logging_mixin.py:188} INFO - [2024-08-09T19:59:55.983+0200] {dagbag.py:545} INFO - Filling up the DagBag from /home/bvpelt/Develop/airflowtut/py_env/lib/python3.10/site-packages/airflow/example_dags/example_branch_operator_decorator.py
[2024-08-09T19:59:55.986+0200] {processor.py:842} WARNING - No viable dags retrieved from /home/bvpelt/Develop/airflowtut/py_env/lib/python3.10/site-packages/airflow/example_dags/example_branch_operator_decorator.py
[2024-08-09T19:59:55.997+0200] {processor.py:183} INFO - Processing /home/bvpelt/Develop/airflowtut/py_env/lib/python3.10/site-packages/airflow/example_dags/example_branch_operator_decorator.py took 0.054 seconds
[2024-08-09T20:00:46.213+0200] {processor.py:161} INFO - Started process (PID=20810) to work on /home/bvpelt/Develop/airflowtut/py_env/lib/python3.10/site-packages/airflow/example_dags/example_branch_operator_decorator.py
[2024-08-09T20:00:46.214+0200] {processor.py:830} INFO - Processing file /home/bvpelt/Develop/airflowtut/py_env/lib/python3.10/site-packages/airflow/example_dags/example_branch_operator_decorator.py for tasks to queue
[2024-08-09T20:00:46.215+0200] {logging_mixin.py:188} INFO - [2024-08-09T20:00:46.215+0200] {dagbag.py:545} INFO - Filling up the DagBag from /home/bvpelt/Develop/airflowtut/py_env/lib/python3.10/site-packages/airflow/example_dags/example_branch_operator_decorator.py
[2024-08-09T20:00:46.216+0200] {processor.py:842} WARNING - No viable dags retrieved from /home/bvpelt/Develop/airflowtut/py_env/lib/python3.10/site-packages/airflow/example_dags/example_branch_operator_decorator.py
[2024-08-09T20:00:46.221+0200] {processor.py:183} INFO - Processing /home/bvpelt/Develop/airflowtut/py_env/lib/python3.10/site-packages/airflow/example_dags/example_branch_operator_decorator.py took 0.011 seconds
[2024-08-09T20:01:35.783+0200] {processor.py:161} INFO - Started process (PID=20867) to work on /home/bvpelt/Develop/airflowtut/py_env/lib/python3.10/site-packages/airflow/example_dags/example_branch_operator_decorator.py
[2024-08-09T20:01:35.783+0200] {processor.py:830} INFO - Processing file /home/bvpelt/Develop/airflowtut/py_env/lib/python3.10/site-packages/airflow/example_dags/example_branch_operator_decorator.py for tasks to queue
[2024-08-09T20:01:35.784+0200] {logging_mixin.py:188} INFO - [2024-08-09T20:01:35.784+0200] {dagbag.py:545} INFO - Filling up the DagBag from /home/bvpelt/Develop/airflowtut/py_env/lib/python3.10/site-packages/airflow/example_dags/example_branch_operator_decorator.py
[2024-08-09T20:01:35.786+0200] {processor.py:842} WARNING - No viable dags retrieved from /home/bvpelt/Develop/airflowtut/py_env/lib/python3.10/site-packages/airflow/example_dags/example_branch_operator_decorator.py
[2024-08-09T20:01:35.791+0200] {processor.py:183} INFO - Processing /home/bvpelt/Develop/airflowtut/py_env/lib/python3.10/site-packages/airflow/example_dags/example_branch_operator_decorator.py took 0.012 seconds
[2024-08-09T20:02:26.450+0200] {processor.py:161} INFO - Started process (PID=21024) to work on /home/bvpelt/Develop/airflowtut/py_env/lib/python3.10/site-packages/airflow/example_dags/example_branch_operator_decorator.py
[2024-08-09T20:02:26.451+0200] {processor.py:830} INFO - Processing file /home/bvpelt/Develop/airflowtut/py_env/lib/python3.10/site-packages/airflow/example_dags/example_branch_operator_decorator.py for tasks to queue
[2024-08-09T20:02:26.452+0200] {logging_mixin.py:188} INFO - [2024-08-09T20:02:26.451+0200] {dagbag.py:545} INFO - Filling up the DagBag from /home/bvpelt/Develop/airflowtut/py_env/lib/python3.10/site-packages/airflow/example_dags/example_branch_operator_decorator.py
[2024-08-09T20:02:26.453+0200] {processor.py:842} WARNING - No viable dags retrieved from /home/bvpelt/Develop/airflowtut/py_env/lib/python3.10/site-packages/airflow/example_dags/example_branch_operator_decorator.py
[2024-08-09T20:02:26.458+0200] {processor.py:183} INFO - Processing /home/bvpelt/Develop/airflowtut/py_env/lib/python3.10/site-packages/airflow/example_dags/example_branch_operator_decorator.py took 0.011 seconds
[2024-08-09T20:03:23.608+0200] {processor.py:161} INFO - Started process (PID=21092) to work on /home/bvpelt/Develop/airflowtut/py_env/lib/python3.10/site-packages/airflow/example_dags/example_branch_operator_decorator.py
[2024-08-09T20:03:23.621+0200] {processor.py:830} INFO - Processing file /home/bvpelt/Develop/airflowtut/py_env/lib/python3.10/site-packages/airflow/example_dags/example_branch_operator_decorator.py for tasks to queue
[2024-08-09T20:03:23.622+0200] {logging_mixin.py:188} INFO - [2024-08-09T20:03:23.621+0200] {dagbag.py:545} INFO - Filling up the DagBag from /home/bvpelt/Develop/airflowtut/py_env/lib/python3.10/site-packages/airflow/example_dags/example_branch_operator_decorator.py
[2024-08-09T20:03:23.623+0200] {processor.py:842} WARNING - No viable dags retrieved from /home/bvpelt/Develop/airflowtut/py_env/lib/python3.10/site-packages/airflow/example_dags/example_branch_operator_decorator.py
[2024-08-09T20:03:23.629+0200] {processor.py:183} INFO - Processing /home/bvpelt/Develop/airflowtut/py_env/lib/python3.10/site-packages/airflow/example_dags/example_branch_operator_decorator.py took 0.024 seconds
[2024-08-09T20:04:18.062+0200] {processor.py:161} INFO - Started process (PID=21183) to work on /home/bvpelt/Develop/airflowtut/py_env/lib/python3.10/site-packages/airflow/example_dags/example_branch_operator_decorator.py
[2024-08-09T20:04:18.063+0200] {processor.py:830} INFO - Processing file /home/bvpelt/Develop/airflowtut/py_env/lib/python3.10/site-packages/airflow/example_dags/example_branch_operator_decorator.py for tasks to queue
[2024-08-09T20:04:18.063+0200] {logging_mixin.py:188} INFO - [2024-08-09T20:04:18.063+0200] {dagbag.py:545} INFO - Filling up the DagBag from /home/bvpelt/Develop/airflowtut/py_env/lib/python3.10/site-packages/airflow/example_dags/example_branch_operator_decorator.py
[2024-08-09T20:04:18.065+0200] {processor.py:842} WARNING - No viable dags retrieved from /home/bvpelt/Develop/airflowtut/py_env/lib/python3.10/site-packages/airflow/example_dags/example_branch_operator_decorator.py
[2024-08-09T20:04:18.071+0200] {processor.py:183} INFO - Processing /home/bvpelt/Develop/airflowtut/py_env/lib/python3.10/site-packages/airflow/example_dags/example_branch_operator_decorator.py took 0.012 seconds
[2024-08-09T20:05:09.131+0200] {processor.py:161} INFO - Started process (PID=21311) to work on /home/bvpelt/Develop/airflowtut/py_env/lib/python3.10/site-packages/airflow/example_dags/example_branch_operator_decorator.py
[2024-08-09T20:05:09.131+0200] {processor.py:830} INFO - Processing file /home/bvpelt/Develop/airflowtut/py_env/lib/python3.10/site-packages/airflow/example_dags/example_branch_operator_decorator.py for tasks to queue
[2024-08-09T20:05:09.132+0200] {logging_mixin.py:188} INFO - [2024-08-09T20:05:09.132+0200] {dagbag.py:545} INFO - Filling up the DagBag from /home/bvpelt/Develop/airflowtut/py_env/lib/python3.10/site-packages/airflow/example_dags/example_branch_operator_decorator.py
[2024-08-09T20:05:09.134+0200] {processor.py:842} WARNING - No viable dags retrieved from /home/bvpelt/Develop/airflowtut/py_env/lib/python3.10/site-packages/airflow/example_dags/example_branch_operator_decorator.py
[2024-08-09T20:05:09.140+0200] {processor.py:183} INFO - Processing /home/bvpelt/Develop/airflowtut/py_env/lib/python3.10/site-packages/airflow/example_dags/example_branch_operator_decorator.py took 0.013 seconds
[2024-08-09T20:06:05.924+0200] {processor.py:161} INFO - Started process (PID=21394) to work on /home/bvpelt/Develop/airflowtut/py_env/lib/python3.10/site-packages/airflow/example_dags/example_branch_operator_decorator.py
[2024-08-09T20:06:05.924+0200] {processor.py:830} INFO - Processing file /home/bvpelt/Develop/airflowtut/py_env/lib/python3.10/site-packages/airflow/example_dags/example_branch_operator_decorator.py for tasks to queue
[2024-08-09T20:06:05.925+0200] {logging_mixin.py:188} INFO - [2024-08-09T20:06:05.925+0200] {dagbag.py:545} INFO - Filling up the DagBag from /home/bvpelt/Develop/airflowtut/py_env/lib/python3.10/site-packages/airflow/example_dags/example_branch_operator_decorator.py
[2024-08-09T20:06:05.926+0200] {processor.py:842} WARNING - No viable dags retrieved from /home/bvpelt/Develop/airflowtut/py_env/lib/python3.10/site-packages/airflow/example_dags/example_branch_operator_decorator.py
[2024-08-09T20:06:05.932+0200] {processor.py:183} INFO - Processing /home/bvpelt/Develop/airflowtut/py_env/lib/python3.10/site-packages/airflow/example_dags/example_branch_operator_decorator.py took 0.011 seconds
[2024-08-09T20:07:00.899+0200] {processor.py:161} INFO - Started process (PID=21486) to work on /home/bvpelt/Develop/airflowtut/py_env/lib/python3.10/site-packages/airflow/example_dags/example_branch_operator_decorator.py
[2024-08-09T20:07:00.900+0200] {processor.py:830} INFO - Processing file /home/bvpelt/Develop/airflowtut/py_env/lib/python3.10/site-packages/airflow/example_dags/example_branch_operator_decorator.py for tasks to queue
[2024-08-09T20:07:00.901+0200] {logging_mixin.py:188} INFO - [2024-08-09T20:07:00.900+0200] {dagbag.py:545} INFO - Filling up the DagBag from /home/bvpelt/Develop/airflowtut/py_env/lib/python3.10/site-packages/airflow/example_dags/example_branch_operator_decorator.py
[2024-08-09T20:07:00.902+0200] {processor.py:842} WARNING - No viable dags retrieved from /home/bvpelt/Develop/airflowtut/py_env/lib/python3.10/site-packages/airflow/example_dags/example_branch_operator_decorator.py
[2024-08-09T20:07:00.907+0200] {processor.py:183} INFO - Processing /home/bvpelt/Develop/airflowtut/py_env/lib/python3.10/site-packages/airflow/example_dags/example_branch_operator_decorator.py took 0.011 seconds
[2024-08-09T20:07:53.160+0200] {processor.py:161} INFO - Started process (PID=21642) to work on /home/bvpelt/Develop/airflowtut/py_env/lib/python3.10/site-packages/airflow/example_dags/example_branch_operator_decorator.py
[2024-08-09T20:07:53.178+0200] {processor.py:830} INFO - Processing file /home/bvpelt/Develop/airflowtut/py_env/lib/python3.10/site-packages/airflow/example_dags/example_branch_operator_decorator.py for tasks to queue
[2024-08-09T20:07:53.179+0200] {logging_mixin.py:188} INFO - [2024-08-09T20:07:53.179+0200] {dagbag.py:545} INFO - Filling up the DagBag from /home/bvpelt/Develop/airflowtut/py_env/lib/python3.10/site-packages/airflow/example_dags/example_branch_operator_decorator.py
[2024-08-09T20:07:53.181+0200] {processor.py:842} WARNING - No viable dags retrieved from /home/bvpelt/Develop/airflowtut/py_env/lib/python3.10/site-packages/airflow/example_dags/example_branch_operator_decorator.py
[2024-08-09T20:07:53.187+0200] {processor.py:183} INFO - Processing /home/bvpelt/Develop/airflowtut/py_env/lib/python3.10/site-packages/airflow/example_dags/example_branch_operator_decorator.py took 0.030 seconds
[2024-08-09T20:08:43.023+0200] {processor.py:161} INFO - Started process (PID=21700) to work on /home/bvpelt/Develop/airflowtut/py_env/lib/python3.10/site-packages/airflow/example_dags/example_branch_operator_decorator.py
[2024-08-09T20:08:43.023+0200] {processor.py:830} INFO - Processing file /home/bvpelt/Develop/airflowtut/py_env/lib/python3.10/site-packages/airflow/example_dags/example_branch_operator_decorator.py for tasks to queue
[2024-08-09T20:08:43.024+0200] {logging_mixin.py:188} INFO - [2024-08-09T20:08:43.024+0200] {dagbag.py:545} INFO - Filling up the DagBag from /home/bvpelt/Develop/airflowtut/py_env/lib/python3.10/site-packages/airflow/example_dags/example_branch_operator_decorator.py
[2024-08-09T20:08:43.025+0200] {processor.py:842} WARNING - No viable dags retrieved from /home/bvpelt/Develop/airflowtut/py_env/lib/python3.10/site-packages/airflow/example_dags/example_branch_operator_decorator.py
[2024-08-09T20:08:43.031+0200] {processor.py:183} INFO - Processing /home/bvpelt/Develop/airflowtut/py_env/lib/python3.10/site-packages/airflow/example_dags/example_branch_operator_decorator.py took 0.011 seconds
[2024-08-09T20:09:35.776+0200] {processor.py:161} INFO - Started process (PID=21757) to work on /home/bvpelt/Develop/airflowtut/py_env/lib/python3.10/site-packages/airflow/example_dags/example_branch_operator_decorator.py
[2024-08-09T20:09:35.784+0200] {processor.py:830} INFO - Processing file /home/bvpelt/Develop/airflowtut/py_env/lib/python3.10/site-packages/airflow/example_dags/example_branch_operator_decorator.py for tasks to queue
[2024-08-09T20:09:35.785+0200] {logging_mixin.py:188} INFO - [2024-08-09T20:09:35.785+0200] {dagbag.py:545} INFO - Filling up the DagBag from /home/bvpelt/Develop/airflowtut/py_env/lib/python3.10/site-packages/airflow/example_dags/example_branch_operator_decorator.py
[2024-08-09T20:09:35.786+0200] {processor.py:842} WARNING - No viable dags retrieved from /home/bvpelt/Develop/airflowtut/py_env/lib/python3.10/site-packages/airflow/example_dags/example_branch_operator_decorator.py
[2024-08-09T20:09:35.792+0200] {processor.py:183} INFO - Processing /home/bvpelt/Develop/airflowtut/py_env/lib/python3.10/site-packages/airflow/example_dags/example_branch_operator_decorator.py took 0.019 seconds
[2024-08-09T20:10:25.427+0200] {processor.py:161} INFO - Started process (PID=21827) to work on /home/bvpelt/Develop/airflowtut/py_env/lib/python3.10/site-packages/airflow/example_dags/example_branch_operator_decorator.py
[2024-08-09T20:10:25.490+0200] {processor.py:830} INFO - Processing file /home/bvpelt/Develop/airflowtut/py_env/lib/python3.10/site-packages/airflow/example_dags/example_branch_operator_decorator.py for tasks to queue
[2024-08-09T20:10:25.494+0200] {logging_mixin.py:188} INFO - [2024-08-09T20:10:25.493+0200] {dagbag.py:545} INFO - Filling up the DagBag from /home/bvpelt/Develop/airflowtut/py_env/lib/python3.10/site-packages/airflow/example_dags/example_branch_operator_decorator.py
[2024-08-09T20:10:25.500+0200] {processor.py:842} WARNING - No viable dags retrieved from /home/bvpelt/Develop/airflowtut/py_env/lib/python3.10/site-packages/airflow/example_dags/example_branch_operator_decorator.py
[2024-08-09T20:10:25.525+0200] {processor.py:183} INFO - Processing /home/bvpelt/Develop/airflowtut/py_env/lib/python3.10/site-packages/airflow/example_dags/example_branch_operator_decorator.py took 0.100 seconds
[2024-08-09T20:11:15.343+0200] {processor.py:161} INFO - Started process (PID=21884) to work on /home/bvpelt/Develop/airflowtut/py_env/lib/python3.10/site-packages/airflow/example_dags/example_branch_operator_decorator.py
[2024-08-09T20:11:15.362+0200] {processor.py:830} INFO - Processing file /home/bvpelt/Develop/airflowtut/py_env/lib/python3.10/site-packages/airflow/example_dags/example_branch_operator_decorator.py for tasks to queue
[2024-08-09T20:11:15.363+0200] {logging_mixin.py:188} INFO - [2024-08-09T20:11:15.363+0200] {dagbag.py:545} INFO - Filling up the DagBag from /home/bvpelt/Develop/airflowtut/py_env/lib/python3.10/site-packages/airflow/example_dags/example_branch_operator_decorator.py
[2024-08-09T20:11:15.365+0200] {processor.py:842} WARNING - No viable dags retrieved from /home/bvpelt/Develop/airflowtut/py_env/lib/python3.10/site-packages/airflow/example_dags/example_branch_operator_decorator.py
[2024-08-09T20:11:15.373+0200] {processor.py:183} INFO - Processing /home/bvpelt/Develop/airflowtut/py_env/lib/python3.10/site-packages/airflow/example_dags/example_branch_operator_decorator.py took 0.032 seconds
[2024-08-09T20:12:05.560+0200] {processor.py:161} INFO - Started process (PID=21967) to work on /home/bvpelt/Develop/airflowtut/py_env/lib/python3.10/site-packages/airflow/example_dags/example_branch_operator_decorator.py
[2024-08-09T20:12:05.577+0200] {processor.py:830} INFO - Processing file /home/bvpelt/Develop/airflowtut/py_env/lib/python3.10/site-packages/airflow/example_dags/example_branch_operator_decorator.py for tasks to queue
[2024-08-09T20:12:05.581+0200] {logging_mixin.py:188} INFO - [2024-08-09T20:12:05.580+0200] {dagbag.py:545} INFO - Filling up the DagBag from /home/bvpelt/Develop/airflowtut/py_env/lib/python3.10/site-packages/airflow/example_dags/example_branch_operator_decorator.py
[2024-08-09T20:12:05.583+0200] {processor.py:842} WARNING - No viable dags retrieved from /home/bvpelt/Develop/airflowtut/py_env/lib/python3.10/site-packages/airflow/example_dags/example_branch_operator_decorator.py
[2024-08-09T20:12:05.589+0200] {processor.py:183} INFO - Processing /home/bvpelt/Develop/airflowtut/py_env/lib/python3.10/site-packages/airflow/example_dags/example_branch_operator_decorator.py took 0.032 seconds
[2024-08-09T20:12:55.683+0200] {processor.py:161} INFO - Started process (PID=22078) to work on /home/bvpelt/Develop/airflowtut/py_env/lib/python3.10/site-packages/airflow/example_dags/example_branch_operator_decorator.py
[2024-08-09T20:12:55.738+0200] {processor.py:830} INFO - Processing file /home/bvpelt/Develop/airflowtut/py_env/lib/python3.10/site-packages/airflow/example_dags/example_branch_operator_decorator.py for tasks to queue
[2024-08-09T20:12:55.742+0200] {logging_mixin.py:188} INFO - [2024-08-09T20:12:55.741+0200] {dagbag.py:545} INFO - Filling up the DagBag from /home/bvpelt/Develop/airflowtut/py_env/lib/python3.10/site-packages/airflow/example_dags/example_branch_operator_decorator.py
[2024-08-09T20:12:55.744+0200] {processor.py:842} WARNING - No viable dags retrieved from /home/bvpelt/Develop/airflowtut/py_env/lib/python3.10/site-packages/airflow/example_dags/example_branch_operator_decorator.py
[2024-08-09T20:12:55.750+0200] {processor.py:183} INFO - Processing /home/bvpelt/Develop/airflowtut/py_env/lib/python3.10/site-packages/airflow/example_dags/example_branch_operator_decorator.py took 0.069 seconds
[2024-08-09T20:13:49.533+0200] {processor.py:161} INFO - Started process (PID=22144) to work on /home/bvpelt/Develop/airflowtut/py_env/lib/python3.10/site-packages/airflow/example_dags/example_branch_operator_decorator.py
[2024-08-09T20:13:49.543+0200] {processor.py:830} INFO - Processing file /home/bvpelt/Develop/airflowtut/py_env/lib/python3.10/site-packages/airflow/example_dags/example_branch_operator_decorator.py for tasks to queue
[2024-08-09T20:13:49.544+0200] {logging_mixin.py:188} INFO - [2024-08-09T20:13:49.543+0200] {dagbag.py:545} INFO - Filling up the DagBag from /home/bvpelt/Develop/airflowtut/py_env/lib/python3.10/site-packages/airflow/example_dags/example_branch_operator_decorator.py
[2024-08-09T20:13:49.545+0200] {processor.py:842} WARNING - No viable dags retrieved from /home/bvpelt/Develop/airflowtut/py_env/lib/python3.10/site-packages/airflow/example_dags/example_branch_operator_decorator.py
[2024-08-09T20:13:49.551+0200] {processor.py:183} INFO - Processing /home/bvpelt/Develop/airflowtut/py_env/lib/python3.10/site-packages/airflow/example_dags/example_branch_operator_decorator.py took 0.021 seconds
[2024-08-09T20:14:42.771+0200] {processor.py:161} INFO - Started process (PID=22211) to work on /home/bvpelt/Develop/airflowtut/py_env/lib/python3.10/site-packages/airflow/example_dags/example_branch_operator_decorator.py
[2024-08-09T20:14:42.774+0200] {processor.py:830} INFO - Processing file /home/bvpelt/Develop/airflowtut/py_env/lib/python3.10/site-packages/airflow/example_dags/example_branch_operator_decorator.py for tasks to queue
[2024-08-09T20:14:42.774+0200] {logging_mixin.py:188} INFO - [2024-08-09T20:14:42.774+0200] {dagbag.py:545} INFO - Filling up the DagBag from /home/bvpelt/Develop/airflowtut/py_env/lib/python3.10/site-packages/airflow/example_dags/example_branch_operator_decorator.py
[2024-08-09T20:14:42.776+0200] {processor.py:842} WARNING - No viable dags retrieved from /home/bvpelt/Develop/airflowtut/py_env/lib/python3.10/site-packages/airflow/example_dags/example_branch_operator_decorator.py
[2024-08-09T20:14:42.781+0200] {processor.py:183} INFO - Processing /home/bvpelt/Develop/airflowtut/py_env/lib/python3.10/site-packages/airflow/example_dags/example_branch_operator_decorator.py took 0.013 seconds
[2024-08-09T20:15:29.853+0200] {processor.py:161} INFO - Started process (PID=22287) to work on /home/bvpelt/Develop/airflowtut/py_env/lib/python3.10/site-packages/airflow/example_dags/example_branch_operator_decorator.py
[2024-08-09T20:15:29.863+0200] {processor.py:830} INFO - Processing file /home/bvpelt/Develop/airflowtut/py_env/lib/python3.10/site-packages/airflow/example_dags/example_branch_operator_decorator.py for tasks to queue
[2024-08-09T20:15:29.864+0200] {logging_mixin.py:188} INFO - [2024-08-09T20:15:29.864+0200] {dagbag.py:545} INFO - Filling up the DagBag from /home/bvpelt/Develop/airflowtut/py_env/lib/python3.10/site-packages/airflow/example_dags/example_branch_operator_decorator.py
[2024-08-09T20:15:29.865+0200] {processor.py:842} WARNING - No viable dags retrieved from /home/bvpelt/Develop/airflowtut/py_env/lib/python3.10/site-packages/airflow/example_dags/example_branch_operator_decorator.py
[2024-08-09T20:15:29.871+0200] {processor.py:183} INFO - Processing /home/bvpelt/Develop/airflowtut/py_env/lib/python3.10/site-packages/airflow/example_dags/example_branch_operator_decorator.py took 0.021 seconds
[2024-08-09T20:16:17.697+0200] {processor.py:161} INFO - Started process (PID=22345) to work on /home/bvpelt/Develop/airflowtut/py_env/lib/python3.10/site-packages/airflow/example_dags/example_branch_operator_decorator.py
[2024-08-09T20:16:17.698+0200] {processor.py:830} INFO - Processing file /home/bvpelt/Develop/airflowtut/py_env/lib/python3.10/site-packages/airflow/example_dags/example_branch_operator_decorator.py for tasks to queue
[2024-08-09T20:16:17.699+0200] {logging_mixin.py:188} INFO - [2024-08-09T20:16:17.699+0200] {dagbag.py:545} INFO - Filling up the DagBag from /home/bvpelt/Develop/airflowtut/py_env/lib/python3.10/site-packages/airflow/example_dags/example_branch_operator_decorator.py
[2024-08-09T20:16:17.700+0200] {processor.py:842} WARNING - No viable dags retrieved from /home/bvpelt/Develop/airflowtut/py_env/lib/python3.10/site-packages/airflow/example_dags/example_branch_operator_decorator.py
[2024-08-09T20:16:17.706+0200] {processor.py:183} INFO - Processing /home/bvpelt/Develop/airflowtut/py_env/lib/python3.10/site-packages/airflow/example_dags/example_branch_operator_decorator.py took 0.012 seconds
