[2024-08-09T19:42:42.280+0200] {processor.py:161} INFO - Started process (PID=17665) to work on /home/bvpelt/Develop/airflowtut/py_env/lib/python3.10/site-packages/airflow/example_dags/example_sla_dag.py
[2024-08-09T19:42:42.282+0200] {processor.py:830} INFO - Processing file /home/bvpelt/Develop/airflowtut/py_env/lib/python3.10/site-packages/airflow/example_dags/example_sla_dag.py for tasks to queue
[2024-08-09T19:42:42.286+0200] {logging_mixin.py:188} INFO - [2024-08-09T19:42:42.285+0200] {dagbag.py:545} INFO - Filling up the DagBag from /home/bvpelt/Develop/airflowtut/py_env/lib/python3.10/site-packages/airflow/example_dags/example_sla_dag.py
[2024-08-09T19:42:42.301+0200] {processor.py:840} INFO - DAG(s) 'example_sla_dag' retrieved from /home/bvpelt/Develop/airflowtut/py_env/lib/python3.10/site-packages/airflow/example_dags/example_sla_dag.py
[2024-08-09T19:42:42.657+0200] {logging_mixin.py:188} INFO - [2024-08-09T19:42:42.656+0200] {override.py:1858} INFO - Created Permission View: can edit on DAG:example_sla_dag
[2024-08-09T19:42:42.735+0200] {logging_mixin.py:188} INFO - [2024-08-09T19:42:42.734+0200] {override.py:1858} INFO - Created Permission View: can read on DAG:example_sla_dag
[2024-08-09T19:42:42.807+0200] {logging_mixin.py:188} INFO - [2024-08-09T19:42:42.806+0200] {override.py:1858} INFO - Created Permission View: can delete on DAG:example_sla_dag
[2024-08-09T19:42:42.808+0200] {logging_mixin.py:188} INFO - [2024-08-09T19:42:42.808+0200] {dag.py:3089} INFO - Sync 1 DAGs
[2024-08-09T19:42:42.837+0200] {logging_mixin.py:188} INFO - [2024-08-09T19:42:42.837+0200] {dag.py:3111} INFO - Creating ORM DAG for example_sla_dag
[2024-08-09T19:42:42.852+0200] {logging_mixin.py:188} INFO - [2024-08-09T19:42:42.851+0200] {dag.py:3947} INFO - Setting next_dagrun for example_sla_dag to 2024-08-09 17:40:00+00:00, run_after=2024-08-09 17:42:00+00:00
[2024-08-09T19:42:42.960+0200] {processor.py:183} INFO - Processing /home/bvpelt/Develop/airflowtut/py_env/lib/python3.10/site-packages/airflow/example_dags/example_sla_dag.py took 0.696 seconds
[2024-08-09T19:43:57.518+0200] {processor.py:161} INFO - Started process (PID=17892) to work on /home/bvpelt/Develop/airflowtut/py_env/lib/python3.10/site-packages/airflow/example_dags/example_sla_dag.py
[2024-08-09T19:43:57.520+0200] {processor.py:830} INFO - Processing file /home/bvpelt/Develop/airflowtut/py_env/lib/python3.10/site-packages/airflow/example_dags/example_sla_dag.py for tasks to queue
[2024-08-09T19:43:57.524+0200] {logging_mixin.py:188} INFO - [2024-08-09T19:43:57.523+0200] {dagbag.py:545} INFO - Filling up the DagBag from /home/bvpelt/Develop/airflowtut/py_env/lib/python3.10/site-packages/airflow/example_dags/example_sla_dag.py
[2024-08-09T19:43:57.539+0200] {processor.py:840} INFO - DAG(s) 'example_sla_dag' retrieved from /home/bvpelt/Develop/airflowtut/py_env/lib/python3.10/site-packages/airflow/example_dags/example_sla_dag.py
[2024-08-09T19:43:57.553+0200] {logging_mixin.py:188} INFO - [2024-08-09T19:43:57.553+0200] {dag.py:3089} INFO - Sync 1 DAGs
[2024-08-09T19:43:57.568+0200] {logging_mixin.py:188} INFO - [2024-08-09T19:43:57.568+0200] {dag.py:3947} INFO - Setting next_dagrun for example_sla_dag to 2024-08-09 17:40:00+00:00, run_after=2024-08-09 17:42:00+00:00
[2024-08-09T19:43:57.645+0200] {processor.py:183} INFO - Processing /home/bvpelt/Develop/airflowtut/py_env/lib/python3.10/site-packages/airflow/example_dags/example_sla_dag.py took 0.142 seconds
[2024-08-09T19:44:52.008+0200] {processor.py:161} INFO - Started process (PID=18191) to work on /home/bvpelt/Develop/airflowtut/py_env/lib/python3.10/site-packages/airflow/example_dags/example_sla_dag.py
[2024-08-09T19:44:52.009+0200] {processor.py:830} INFO - Processing file /home/bvpelt/Develop/airflowtut/py_env/lib/python3.10/site-packages/airflow/example_dags/example_sla_dag.py for tasks to queue
[2024-08-09T19:44:52.010+0200] {logging_mixin.py:188} INFO - [2024-08-09T19:44:52.010+0200] {dagbag.py:545} INFO - Filling up the DagBag from /home/bvpelt/Develop/airflowtut/py_env/lib/python3.10/site-packages/airflow/example_dags/example_sla_dag.py
[2024-08-09T19:44:52.015+0200] {processor.py:840} INFO - DAG(s) 'example_sla_dag' retrieved from /home/bvpelt/Develop/airflowtut/py_env/lib/python3.10/site-packages/airflow/example_dags/example_sla_dag.py
[2024-08-09T19:44:52.023+0200] {logging_mixin.py:188} INFO - [2024-08-09T19:44:52.023+0200] {dag.py:3089} INFO - Sync 1 DAGs
[2024-08-09T19:44:52.036+0200] {logging_mixin.py:188} INFO - [2024-08-09T19:44:52.036+0200] {dag.py:3947} INFO - Setting next_dagrun for example_sla_dag to 2024-08-09 17:42:00+00:00, run_after=2024-08-09 17:44:00+00:00
[2024-08-09T19:44:52.171+0200] {processor.py:183} INFO - Processing /home/bvpelt/Develop/airflowtut/py_env/lib/python3.10/site-packages/airflow/example_dags/example_sla_dag.py took 0.165 seconds
[2024-08-09T19:45:47.394+0200] {processor.py:161} INFO - Started process (PID=18310) to work on /home/bvpelt/Develop/airflowtut/py_env/lib/python3.10/site-packages/airflow/example_dags/example_sla_dag.py
[2024-08-09T19:45:47.406+0200] {processor.py:830} INFO - Processing file /home/bvpelt/Develop/airflowtut/py_env/lib/python3.10/site-packages/airflow/example_dags/example_sla_dag.py for tasks to queue
[2024-08-09T19:45:47.407+0200] {logging_mixin.py:188} INFO - [2024-08-09T19:45:47.406+0200] {dagbag.py:545} INFO - Filling up the DagBag from /home/bvpelt/Develop/airflowtut/py_env/lib/python3.10/site-packages/airflow/example_dags/example_sla_dag.py
[2024-08-09T19:45:47.412+0200] {processor.py:840} INFO - DAG(s) 'example_sla_dag' retrieved from /home/bvpelt/Develop/airflowtut/py_env/lib/python3.10/site-packages/airflow/example_dags/example_sla_dag.py
[2024-08-09T19:45:47.420+0200] {logging_mixin.py:188} INFO - [2024-08-09T19:45:47.420+0200] {dag.py:3089} INFO - Sync 1 DAGs
[2024-08-09T19:45:47.433+0200] {logging_mixin.py:188} INFO - [2024-08-09T19:45:47.433+0200] {dag.py:3947} INFO - Setting next_dagrun for example_sla_dag to 2024-08-09 17:42:00+00:00, run_after=2024-08-09 17:44:00+00:00
[2024-08-09T19:45:47.506+0200] {processor.py:183} INFO - Processing /home/bvpelt/Develop/airflowtut/py_env/lib/python3.10/site-packages/airflow/example_dags/example_sla_dag.py took 0.115 seconds
[2024-08-09T19:47:10.421+0200] {processor.py:161} INFO - Started process (PID=18789) to work on /home/bvpelt/Develop/airflowtut/py_env/lib/python3.10/site-packages/airflow/example_dags/example_sla_dag.py
[2024-08-09T19:47:10.422+0200] {processor.py:830} INFO - Processing file /home/bvpelt/Develop/airflowtut/py_env/lib/python3.10/site-packages/airflow/example_dags/example_sla_dag.py for tasks to queue
[2024-08-09T19:47:10.423+0200] {logging_mixin.py:188} INFO - [2024-08-09T19:47:10.422+0200] {dagbag.py:545} INFO - Filling up the DagBag from /home/bvpelt/Develop/airflowtut/py_env/lib/python3.10/site-packages/airflow/example_dags/example_sla_dag.py
[2024-08-09T19:47:10.427+0200] {processor.py:840} INFO - DAG(s) 'example_sla_dag' retrieved from /home/bvpelt/Develop/airflowtut/py_env/lib/python3.10/site-packages/airflow/example_dags/example_sla_dag.py
[2024-08-09T19:47:10.435+0200] {logging_mixin.py:188} INFO - [2024-08-09T19:47:10.435+0200] {dag.py:3089} INFO - Sync 1 DAGs
[2024-08-09T19:47:10.448+0200] {logging_mixin.py:188} INFO - [2024-08-09T19:47:10.448+0200] {dag.py:3947} INFO - Setting next_dagrun for example_sla_dag to 2024-08-09 17:44:00+00:00, run_after=2024-08-09 17:46:00+00:00
[2024-08-09T19:47:10.568+0200] {processor.py:183} INFO - Processing /home/bvpelt/Develop/airflowtut/py_env/lib/python3.10/site-packages/airflow/example_dags/example_sla_dag.py took 0.150 seconds
[2024-08-09T19:48:00.357+0200] {processor.py:161} INFO - Started process (PID=19018) to work on /home/bvpelt/Develop/airflowtut/py_env/lib/python3.10/site-packages/airflow/example_dags/example_sla_dag.py
[2024-08-09T19:48:00.358+0200] {processor.py:830} INFO - Processing file /home/bvpelt/Develop/airflowtut/py_env/lib/python3.10/site-packages/airflow/example_dags/example_sla_dag.py for tasks to queue
[2024-08-09T19:48:00.359+0200] {logging_mixin.py:188} INFO - [2024-08-09T19:48:00.358+0200] {dagbag.py:545} INFO - Filling up the DagBag from /home/bvpelt/Develop/airflowtut/py_env/lib/python3.10/site-packages/airflow/example_dags/example_sla_dag.py
[2024-08-09T19:48:00.363+0200] {processor.py:840} INFO - DAG(s) 'example_sla_dag' retrieved from /home/bvpelt/Develop/airflowtut/py_env/lib/python3.10/site-packages/airflow/example_dags/example_sla_dag.py
[2024-08-09T19:48:00.371+0200] {logging_mixin.py:188} INFO - [2024-08-09T19:48:00.371+0200] {dag.py:3089} INFO - Sync 1 DAGs
[2024-08-09T19:48:00.383+0200] {logging_mixin.py:188} INFO - [2024-08-09T19:48:00.383+0200] {dag.py:3947} INFO - Setting next_dagrun for example_sla_dag to 2024-08-09 17:46:00+00:00, run_after=2024-08-09 17:48:00+00:00
[2024-08-09T19:48:00.471+0200] {processor.py:183} INFO - Processing /home/bvpelt/Develop/airflowtut/py_env/lib/python3.10/site-packages/airflow/example_dags/example_sla_dag.py took 0.117 seconds
[2024-08-09T19:48:51.311+0200] {processor.py:161} INFO - Started process (PID=19128) to work on /home/bvpelt/Develop/airflowtut/py_env/lib/python3.10/site-packages/airflow/example_dags/example_sla_dag.py
[2024-08-09T19:48:51.312+0200] {processor.py:830} INFO - Processing file /home/bvpelt/Develop/airflowtut/py_env/lib/python3.10/site-packages/airflow/example_dags/example_sla_dag.py for tasks to queue
[2024-08-09T19:48:51.313+0200] {logging_mixin.py:188} INFO - [2024-08-09T19:48:51.313+0200] {dagbag.py:545} INFO - Filling up the DagBag from /home/bvpelt/Develop/airflowtut/py_env/lib/python3.10/site-packages/airflow/example_dags/example_sla_dag.py
[2024-08-09T19:48:51.318+0200] {processor.py:840} INFO - DAG(s) 'example_sla_dag' retrieved from /home/bvpelt/Develop/airflowtut/py_env/lib/python3.10/site-packages/airflow/example_dags/example_sla_dag.py
[2024-08-09T19:48:51.326+0200] {logging_mixin.py:188} INFO - [2024-08-09T19:48:51.326+0200] {dag.py:3089} INFO - Sync 1 DAGs
[2024-08-09T19:48:51.339+0200] {logging_mixin.py:188} INFO - [2024-08-09T19:48:51.338+0200] {dag.py:3947} INFO - Setting next_dagrun for example_sla_dag to 2024-08-09 17:46:00+00:00, run_after=2024-08-09 17:48:00+00:00
[2024-08-09T19:48:51.433+0200] {processor.py:183} INFO - Processing /home/bvpelt/Develop/airflowtut/py_env/lib/python3.10/site-packages/airflow/example_dags/example_sla_dag.py took 0.125 seconds
[2024-08-09T19:49:40.283+0200] {processor.py:161} INFO - Started process (PID=19211) to work on /home/bvpelt/Develop/airflowtut/py_env/lib/python3.10/site-packages/airflow/example_dags/example_sla_dag.py
[2024-08-09T19:49:40.285+0200] {processor.py:830} INFO - Processing file /home/bvpelt/Develop/airflowtut/py_env/lib/python3.10/site-packages/airflow/example_dags/example_sla_dag.py for tasks to queue
[2024-08-09T19:49:40.289+0200] {logging_mixin.py:188} INFO - [2024-08-09T19:49:40.288+0200] {dagbag.py:545} INFO - Filling up the DagBag from /home/bvpelt/Develop/airflowtut/py_env/lib/python3.10/site-packages/airflow/example_dags/example_sla_dag.py
[2024-08-09T19:49:40.303+0200] {processor.py:840} INFO - DAG(s) 'example_sla_dag' retrieved from /home/bvpelt/Develop/airflowtut/py_env/lib/python3.10/site-packages/airflow/example_dags/example_sla_dag.py
[2024-08-09T19:49:40.317+0200] {logging_mixin.py:188} INFO - [2024-08-09T19:49:40.317+0200] {dag.py:3089} INFO - Sync 1 DAGs
[2024-08-09T19:49:40.332+0200] {logging_mixin.py:188} INFO - [2024-08-09T19:49:40.332+0200] {dag.py:3947} INFO - Setting next_dagrun for example_sla_dag to 2024-08-09 17:46:00+00:00, run_after=2024-08-09 17:48:00+00:00
[2024-08-09T19:49:40.412+0200] {processor.py:183} INFO - Processing /home/bvpelt/Develop/airflowtut/py_env/lib/python3.10/site-packages/airflow/example_dags/example_sla_dag.py took 0.145 seconds
[2024-08-09T19:50:34.131+0200] {processor.py:161} INFO - Started process (PID=19366) to work on /home/bvpelt/Develop/airflowtut/py_env/lib/python3.10/site-packages/airflow/example_dags/example_sla_dag.py
[2024-08-09T19:50:34.132+0200] {processor.py:830} INFO - Processing file /home/bvpelt/Develop/airflowtut/py_env/lib/python3.10/site-packages/airflow/example_dags/example_sla_dag.py for tasks to queue
[2024-08-09T19:50:34.133+0200] {logging_mixin.py:188} INFO - [2024-08-09T19:50:34.132+0200] {dagbag.py:545} INFO - Filling up the DagBag from /home/bvpelt/Develop/airflowtut/py_env/lib/python3.10/site-packages/airflow/example_dags/example_sla_dag.py
[2024-08-09T19:50:34.138+0200] {processor.py:840} INFO - DAG(s) 'example_sla_dag' retrieved from /home/bvpelt/Develop/airflowtut/py_env/lib/python3.10/site-packages/airflow/example_dags/example_sla_dag.py
[2024-08-09T19:50:34.145+0200] {logging_mixin.py:188} INFO - [2024-08-09T19:50:34.145+0200] {dag.py:3089} INFO - Sync 1 DAGs
[2024-08-09T19:50:34.158+0200] {logging_mixin.py:188} INFO - [2024-08-09T19:50:34.158+0200] {dag.py:3947} INFO - Setting next_dagrun for example_sla_dag to 2024-08-09 17:48:00+00:00, run_after=2024-08-09 17:50:00+00:00
[2024-08-09T19:50:34.262+0200] {processor.py:183} INFO - Processing /home/bvpelt/Develop/airflowtut/py_env/lib/python3.10/site-packages/airflow/example_dags/example_sla_dag.py took 0.134 seconds
[2024-08-09T19:51:24.814+0200] {processor.py:161} INFO - Started process (PID=19522) to work on /home/bvpelt/Develop/airflowtut/py_env/lib/python3.10/site-packages/airflow/example_dags/example_sla_dag.py
[2024-08-09T19:51:24.815+0200] {processor.py:830} INFO - Processing file /home/bvpelt/Develop/airflowtut/py_env/lib/python3.10/site-packages/airflow/example_dags/example_sla_dag.py for tasks to queue
[2024-08-09T19:51:24.815+0200] {logging_mixin.py:188} INFO - [2024-08-09T19:51:24.815+0200] {dagbag.py:545} INFO - Filling up the DagBag from /home/bvpelt/Develop/airflowtut/py_env/lib/python3.10/site-packages/airflow/example_dags/example_sla_dag.py
[2024-08-09T19:51:24.820+0200] {processor.py:840} INFO - DAG(s) 'example_sla_dag' retrieved from /home/bvpelt/Develop/airflowtut/py_env/lib/python3.10/site-packages/airflow/example_dags/example_sla_dag.py
[2024-08-09T19:51:24.828+0200] {logging_mixin.py:188} INFO - [2024-08-09T19:51:24.828+0200] {dag.py:3089} INFO - Sync 1 DAGs
[2024-08-09T19:51:24.841+0200] {logging_mixin.py:188} INFO - [2024-08-09T19:51:24.841+0200] {dag.py:3947} INFO - Setting next_dagrun for example_sla_dag to 2024-08-09 17:48:00+00:00, run_after=2024-08-09 17:50:00+00:00
[2024-08-09T19:51:24.913+0200] {processor.py:183} INFO - Processing /home/bvpelt/Develop/airflowtut/py_env/lib/python3.10/site-packages/airflow/example_dags/example_sla_dag.py took 0.102 seconds
[2024-08-09T19:52:42.160+0200] {processor.py:161} INFO - Started process (PID=20048) to work on /home/bvpelt/Develop/airflowtut/py_env/lib/python3.10/site-packages/airflow/example_dags/example_sla_dag.py
[2024-08-09T19:52:42.174+0200] {processor.py:830} INFO - Processing file /home/bvpelt/Develop/airflowtut/py_env/lib/python3.10/site-packages/airflow/example_dags/example_sla_dag.py for tasks to queue
[2024-08-09T19:52:42.178+0200] {logging_mixin.py:188} INFO - [2024-08-09T19:52:42.177+0200] {dagbag.py:545} INFO - Filling up the DagBag from /home/bvpelt/Develop/airflowtut/py_env/lib/python3.10/site-packages/airflow/example_dags/example_sla_dag.py
[2024-08-09T19:52:42.198+0200] {processor.py:840} INFO - DAG(s) 'example_sla_dag' retrieved from /home/bvpelt/Develop/airflowtut/py_env/lib/python3.10/site-packages/airflow/example_dags/example_sla_dag.py
[2024-08-09T19:52:42.214+0200] {logging_mixin.py:188} INFO - [2024-08-09T19:52:42.214+0200] {dag.py:3089} INFO - Sync 1 DAGs
[2024-08-09T19:52:42.231+0200] {logging_mixin.py:188} INFO - [2024-08-09T19:52:42.231+0200] {dag.py:3947} INFO - Setting next_dagrun for example_sla_dag to 2024-08-09 17:50:00+00:00, run_after=2024-08-09 17:52:00+00:00
[2024-08-09T19:52:42.320+0200] {processor.py:183} INFO - Processing /home/bvpelt/Develop/airflowtut/py_env/lib/python3.10/site-packages/airflow/example_dags/example_sla_dag.py took 0.177 seconds
[2024-08-09T19:53:39.289+0200] {processor.py:161} INFO - Started process (PID=20108) to work on /home/bvpelt/Develop/airflowtut/py_env/lib/python3.10/site-packages/airflow/example_dags/example_sla_dag.py
[2024-08-09T19:53:39.290+0200] {processor.py:830} INFO - Processing file /home/bvpelt/Develop/airflowtut/py_env/lib/python3.10/site-packages/airflow/example_dags/example_sla_dag.py for tasks to queue
[2024-08-09T19:53:39.291+0200] {logging_mixin.py:188} INFO - [2024-08-09T19:53:39.291+0200] {dagbag.py:545} INFO - Filling up the DagBag from /home/bvpelt/Develop/airflowtut/py_env/lib/python3.10/site-packages/airflow/example_dags/example_sla_dag.py
[2024-08-09T19:53:39.296+0200] {processor.py:840} INFO - DAG(s) 'example_sla_dag' retrieved from /home/bvpelt/Develop/airflowtut/py_env/lib/python3.10/site-packages/airflow/example_dags/example_sla_dag.py
[2024-08-09T19:53:39.303+0200] {logging_mixin.py:188} INFO - [2024-08-09T19:53:39.303+0200] {dag.py:3089} INFO - Sync 1 DAGs
[2024-08-09T19:53:39.315+0200] {logging_mixin.py:188} INFO - [2024-08-09T19:53:39.315+0200] {dag.py:3947} INFO - Setting next_dagrun for example_sla_dag to 2024-08-09 17:50:00+00:00, run_after=2024-08-09 17:52:00+00:00
[2024-08-09T19:53:39.392+0200] {processor.py:183} INFO - Processing /home/bvpelt/Develop/airflowtut/py_env/lib/python3.10/site-packages/airflow/example_dags/example_sla_dag.py took 0.106 seconds
[2024-08-09T19:54:32.103+0200] {processor.py:161} INFO - Started process (PID=20177) to work on /home/bvpelt/Develop/airflowtut/py_env/lib/python3.10/site-packages/airflow/example_dags/example_sla_dag.py
[2024-08-09T19:54:32.118+0200] {processor.py:830} INFO - Processing file /home/bvpelt/Develop/airflowtut/py_env/lib/python3.10/site-packages/airflow/example_dags/example_sla_dag.py for tasks to queue
[2024-08-09T19:54:32.119+0200] {logging_mixin.py:188} INFO - [2024-08-09T19:54:32.119+0200] {dagbag.py:545} INFO - Filling up the DagBag from /home/bvpelt/Develop/airflowtut/py_env/lib/python3.10/site-packages/airflow/example_dags/example_sla_dag.py
[2024-08-09T19:54:32.125+0200] {processor.py:840} INFO - DAG(s) 'example_sla_dag' retrieved from /home/bvpelt/Develop/airflowtut/py_env/lib/python3.10/site-packages/airflow/example_dags/example_sla_dag.py
[2024-08-09T19:54:32.133+0200] {logging_mixin.py:188} INFO - [2024-08-09T19:54:32.133+0200] {dag.py:3089} INFO - Sync 1 DAGs
[2024-08-09T19:54:32.145+0200] {logging_mixin.py:188} INFO - [2024-08-09T19:54:32.145+0200] {dag.py:3947} INFO - Setting next_dagrun for example_sla_dag to 2024-08-09 17:52:00+00:00, run_after=2024-08-09 17:54:00+00:00
[2024-08-09T19:54:32.212+0200] {processor.py:183} INFO - Processing /home/bvpelt/Develop/airflowtut/py_env/lib/python3.10/site-packages/airflow/example_dags/example_sla_dag.py took 0.112 seconds
[2024-08-09T19:55:23.287+0200] {processor.py:161} INFO - Started process (PID=20275) to work on /home/bvpelt/Develop/airflowtut/py_env/lib/python3.10/site-packages/airflow/example_dags/example_sla_dag.py
[2024-08-09T19:55:23.288+0200] {processor.py:830} INFO - Processing file /home/bvpelt/Develop/airflowtut/py_env/lib/python3.10/site-packages/airflow/example_dags/example_sla_dag.py for tasks to queue
[2024-08-09T19:55:23.289+0200] {logging_mixin.py:188} INFO - [2024-08-09T19:55:23.289+0200] {dagbag.py:545} INFO - Filling up the DagBag from /home/bvpelt/Develop/airflowtut/py_env/lib/python3.10/site-packages/airflow/example_dags/example_sla_dag.py
[2024-08-09T19:55:23.294+0200] {processor.py:840} INFO - DAG(s) 'example_sla_dag' retrieved from /home/bvpelt/Develop/airflowtut/py_env/lib/python3.10/site-packages/airflow/example_dags/example_sla_dag.py
[2024-08-09T19:55:23.301+0200] {logging_mixin.py:188} INFO - [2024-08-09T19:55:23.301+0200] {dag.py:3089} INFO - Sync 1 DAGs
[2024-08-09T19:55:23.313+0200] {logging_mixin.py:188} INFO - [2024-08-09T19:55:23.313+0200] {dag.py:3947} INFO - Setting next_dagrun for example_sla_dag to 2024-08-09 17:52:00+00:00, run_after=2024-08-09 17:54:00+00:00
[2024-08-09T19:55:23.419+0200] {processor.py:183} INFO - Processing /home/bvpelt/Develop/airflowtut/py_env/lib/python3.10/site-packages/airflow/example_dags/example_sla_dag.py took 0.135 seconds
[2024-08-09T19:56:10.477+0200] {processor.py:161} INFO - Started process (PID=20335) to work on /home/bvpelt/Develop/airflowtut/py_env/lib/python3.10/site-packages/airflow/example_dags/example_sla_dag.py
[2024-08-09T19:56:10.478+0200] {processor.py:830} INFO - Processing file /home/bvpelt/Develop/airflowtut/py_env/lib/python3.10/site-packages/airflow/example_dags/example_sla_dag.py for tasks to queue
[2024-08-09T19:56:10.478+0200] {logging_mixin.py:188} INFO - [2024-08-09T19:56:10.478+0200] {dagbag.py:545} INFO - Filling up the DagBag from /home/bvpelt/Develop/airflowtut/py_env/lib/python3.10/site-packages/airflow/example_dags/example_sla_dag.py
[2024-08-09T19:56:10.483+0200] {processor.py:840} INFO - DAG(s) 'example_sla_dag' retrieved from /home/bvpelt/Develop/airflowtut/py_env/lib/python3.10/site-packages/airflow/example_dags/example_sla_dag.py
[2024-08-09T19:56:10.491+0200] {logging_mixin.py:188} INFO - [2024-08-09T19:56:10.491+0200] {dag.py:3089} INFO - Sync 1 DAGs
[2024-08-09T19:56:10.503+0200] {logging_mixin.py:188} INFO - [2024-08-09T19:56:10.503+0200] {dag.py:3947} INFO - Setting next_dagrun for example_sla_dag to 2024-08-09 17:54:00+00:00, run_after=2024-08-09 17:56:00+00:00
[2024-08-09T19:56:10.599+0200] {processor.py:183} INFO - Processing /home/bvpelt/Develop/airflowtut/py_env/lib/python3.10/site-packages/airflow/example_dags/example_sla_dag.py took 0.125 seconds
[2024-08-09T19:56:59.702+0200] {processor.py:161} INFO - Started process (PID=20392) to work on /home/bvpelt/Develop/airflowtut/py_env/lib/python3.10/site-packages/airflow/example_dags/example_sla_dag.py
[2024-08-09T19:56:59.703+0200] {processor.py:830} INFO - Processing file /home/bvpelt/Develop/airflowtut/py_env/lib/python3.10/site-packages/airflow/example_dags/example_sla_dag.py for tasks to queue
[2024-08-09T19:56:59.703+0200] {logging_mixin.py:188} INFO - [2024-08-09T19:56:59.703+0200] {dagbag.py:545} INFO - Filling up the DagBag from /home/bvpelt/Develop/airflowtut/py_env/lib/python3.10/site-packages/airflow/example_dags/example_sla_dag.py
[2024-08-09T19:56:59.708+0200] {processor.py:840} INFO - DAG(s) 'example_sla_dag' retrieved from /home/bvpelt/Develop/airflowtut/py_env/lib/python3.10/site-packages/airflow/example_dags/example_sla_dag.py
[2024-08-09T19:56:59.716+0200] {logging_mixin.py:188} INFO - [2024-08-09T19:56:59.716+0200] {dag.py:3089} INFO - Sync 1 DAGs
[2024-08-09T19:56:59.728+0200] {logging_mixin.py:188} INFO - [2024-08-09T19:56:59.728+0200] {dag.py:3947} INFO - Setting next_dagrun for example_sla_dag to 2024-08-09 17:54:00+00:00, run_after=2024-08-09 17:56:00+00:00
[2024-08-09T19:56:59.805+0200] {processor.py:183} INFO - Processing /home/bvpelt/Develop/airflowtut/py_env/lib/python3.10/site-packages/airflow/example_dags/example_sla_dag.py took 0.106 seconds
[2024-08-09T19:57:50.580+0200] {processor.py:161} INFO - Started process (PID=20517) to work on /home/bvpelt/Develop/airflowtut/py_env/lib/python3.10/site-packages/airflow/example_dags/example_sla_dag.py
[2024-08-09T19:57:50.580+0200] {processor.py:830} INFO - Processing file /home/bvpelt/Develop/airflowtut/py_env/lib/python3.10/site-packages/airflow/example_dags/example_sla_dag.py for tasks to queue
[2024-08-09T19:57:50.581+0200] {logging_mixin.py:188} INFO - [2024-08-09T19:57:50.581+0200] {dagbag.py:545} INFO - Filling up the DagBag from /home/bvpelt/Develop/airflowtut/py_env/lib/python3.10/site-packages/airflow/example_dags/example_sla_dag.py
[2024-08-09T19:57:50.586+0200] {processor.py:840} INFO - DAG(s) 'example_sla_dag' retrieved from /home/bvpelt/Develop/airflowtut/py_env/lib/python3.10/site-packages/airflow/example_dags/example_sla_dag.py
[2024-08-09T19:57:50.593+0200] {logging_mixin.py:188} INFO - [2024-08-09T19:57:50.593+0200] {dag.py:3089} INFO - Sync 1 DAGs
[2024-08-09T19:57:50.605+0200] {logging_mixin.py:188} INFO - [2024-08-09T19:57:50.605+0200] {dag.py:3947} INFO - Setting next_dagrun for example_sla_dag to 2024-08-09 17:54:00+00:00, run_after=2024-08-09 17:56:00+00:00
[2024-08-09T19:57:50.690+0200] {processor.py:183} INFO - Processing /home/bvpelt/Develop/airflowtut/py_env/lib/python3.10/site-packages/airflow/example_dags/example_sla_dag.py took 0.114 seconds
[2024-08-09T19:58:45.660+0200] {processor.py:161} INFO - Started process (PID=20645) to work on /home/bvpelt/Develop/airflowtut/py_env/lib/python3.10/site-packages/airflow/example_dags/example_sla_dag.py
[2024-08-09T19:58:45.670+0200] {processor.py:830} INFO - Processing file /home/bvpelt/Develop/airflowtut/py_env/lib/python3.10/site-packages/airflow/example_dags/example_sla_dag.py for tasks to queue
[2024-08-09T19:58:45.670+0200] {logging_mixin.py:188} INFO - [2024-08-09T19:58:45.670+0200] {dagbag.py:545} INFO - Filling up the DagBag from /home/bvpelt/Develop/airflowtut/py_env/lib/python3.10/site-packages/airflow/example_dags/example_sla_dag.py
[2024-08-09T19:58:45.675+0200] {processor.py:840} INFO - DAG(s) 'example_sla_dag' retrieved from /home/bvpelt/Develop/airflowtut/py_env/lib/python3.10/site-packages/airflow/example_dags/example_sla_dag.py
[2024-08-09T19:58:45.683+0200] {logging_mixin.py:188} INFO - [2024-08-09T19:58:45.683+0200] {dag.py:3089} INFO - Sync 1 DAGs
[2024-08-09T19:58:45.695+0200] {logging_mixin.py:188} INFO - [2024-08-09T19:58:45.695+0200] {dag.py:3947} INFO - Setting next_dagrun for example_sla_dag to 2024-08-09 17:56:00+00:00, run_after=2024-08-09 17:58:00+00:00
[2024-08-09T19:58:45.773+0200] {processor.py:183} INFO - Processing /home/bvpelt/Develop/airflowtut/py_env/lib/python3.10/site-packages/airflow/example_dags/example_sla_dag.py took 0.116 seconds
[2024-08-09T19:59:42.257+0200] {processor.py:161} INFO - Started process (PID=20717) to work on /home/bvpelt/Develop/airflowtut/py_env/lib/python3.10/site-packages/airflow/example_dags/example_sla_dag.py
[2024-08-09T19:59:42.270+0200] {processor.py:830} INFO - Processing file /home/bvpelt/Develop/airflowtut/py_env/lib/python3.10/site-packages/airflow/example_dags/example_sla_dag.py for tasks to queue
[2024-08-09T19:59:42.271+0200] {logging_mixin.py:188} INFO - [2024-08-09T19:59:42.271+0200] {dagbag.py:545} INFO - Filling up the DagBag from /home/bvpelt/Develop/airflowtut/py_env/lib/python3.10/site-packages/airflow/example_dags/example_sla_dag.py
[2024-08-09T19:59:42.277+0200] {processor.py:840} INFO - DAG(s) 'example_sla_dag' retrieved from /home/bvpelt/Develop/airflowtut/py_env/lib/python3.10/site-packages/airflow/example_dags/example_sla_dag.py
[2024-08-09T19:59:42.285+0200] {logging_mixin.py:188} INFO - [2024-08-09T19:59:42.285+0200] {dag.py:3089} INFO - Sync 1 DAGs
[2024-08-09T19:59:42.298+0200] {logging_mixin.py:188} INFO - [2024-08-09T19:59:42.298+0200] {dag.py:3947} INFO - Setting next_dagrun for example_sla_dag to 2024-08-09 17:56:00+00:00, run_after=2024-08-09 17:58:00+00:00
[2024-08-09T19:59:42.365+0200] {processor.py:183} INFO - Processing /home/bvpelt/Develop/airflowtut/py_env/lib/python3.10/site-packages/airflow/example_dags/example_sla_dag.py took 0.111 seconds
[2024-08-09T20:00:32.819+0200] {processor.py:161} INFO - Started process (PID=20793) to work on /home/bvpelt/Develop/airflowtut/py_env/lib/python3.10/site-packages/airflow/example_dags/example_sla_dag.py
[2024-08-09T20:00:32.834+0200] {processor.py:830} INFO - Processing file /home/bvpelt/Develop/airflowtut/py_env/lib/python3.10/site-packages/airflow/example_dags/example_sla_dag.py for tasks to queue
[2024-08-09T20:00:32.835+0200] {logging_mixin.py:188} INFO - [2024-08-09T20:00:32.835+0200] {dagbag.py:545} INFO - Filling up the DagBag from /home/bvpelt/Develop/airflowtut/py_env/lib/python3.10/site-packages/airflow/example_dags/example_sla_dag.py
[2024-08-09T20:00:32.841+0200] {processor.py:840} INFO - DAG(s) 'example_sla_dag' retrieved from /home/bvpelt/Develop/airflowtut/py_env/lib/python3.10/site-packages/airflow/example_dags/example_sla_dag.py
[2024-08-09T20:00:32.851+0200] {logging_mixin.py:188} INFO - [2024-08-09T20:00:32.851+0200] {dag.py:3089} INFO - Sync 1 DAGs
[2024-08-09T20:00:32.868+0200] {logging_mixin.py:188} INFO - [2024-08-09T20:00:32.868+0200] {dag.py:3947} INFO - Setting next_dagrun for example_sla_dag to 2024-08-09 17:58:00+00:00, run_after=2024-08-09 18:00:00+00:00
[2024-08-09T20:00:33.000+0200] {processor.py:183} INFO - Processing /home/bvpelt/Develop/airflowtut/py_env/lib/python3.10/site-packages/airflow/example_dags/example_sla_dag.py took 0.184 seconds
[2024-08-09T20:01:22.821+0200] {processor.py:161} INFO - Started process (PID=20853) to work on /home/bvpelt/Develop/airflowtut/py_env/lib/python3.10/site-packages/airflow/example_dags/example_sla_dag.py
[2024-08-09T20:01:22.848+0200] {processor.py:830} INFO - Processing file /home/bvpelt/Develop/airflowtut/py_env/lib/python3.10/site-packages/airflow/example_dags/example_sla_dag.py for tasks to queue
[2024-08-09T20:01:22.849+0200] {logging_mixin.py:188} INFO - [2024-08-09T20:01:22.849+0200] {dagbag.py:545} INFO - Filling up the DagBag from /home/bvpelt/Develop/airflowtut/py_env/lib/python3.10/site-packages/airflow/example_dags/example_sla_dag.py
[2024-08-09T20:01:22.855+0200] {processor.py:840} INFO - DAG(s) 'example_sla_dag' retrieved from /home/bvpelt/Develop/airflowtut/py_env/lib/python3.10/site-packages/airflow/example_dags/example_sla_dag.py
[2024-08-09T20:01:22.863+0200] {logging_mixin.py:188} INFO - [2024-08-09T20:01:22.863+0200] {dag.py:3089} INFO - Sync 1 DAGs
[2024-08-09T20:01:22.875+0200] {logging_mixin.py:188} INFO - [2024-08-09T20:01:22.875+0200] {dag.py:3947} INFO - Setting next_dagrun for example_sla_dag to 2024-08-09 17:58:00+00:00, run_after=2024-08-09 18:00:00+00:00
[2024-08-09T20:01:22.932+0200] {processor.py:183} INFO - Processing /home/bvpelt/Develop/airflowtut/py_env/lib/python3.10/site-packages/airflow/example_dags/example_sla_dag.py took 0.115 seconds
[2024-08-09T20:02:12.881+0200] {processor.py:161} INFO - Started process (PID=20983) to work on /home/bvpelt/Develop/airflowtut/py_env/lib/python3.10/site-packages/airflow/example_dags/example_sla_dag.py
[2024-08-09T20:02:12.895+0200] {processor.py:830} INFO - Processing file /home/bvpelt/Develop/airflowtut/py_env/lib/python3.10/site-packages/airflow/example_dags/example_sla_dag.py for tasks to queue
[2024-08-09T20:02:12.898+0200] {logging_mixin.py:188} INFO - [2024-08-09T20:02:12.897+0200] {dagbag.py:545} INFO - Filling up the DagBag from /home/bvpelt/Develop/airflowtut/py_env/lib/python3.10/site-packages/airflow/example_dags/example_sla_dag.py
[2024-08-09T20:02:12.918+0200] {processor.py:840} INFO - DAG(s) 'example_sla_dag' retrieved from /home/bvpelt/Develop/airflowtut/py_env/lib/python3.10/site-packages/airflow/example_dags/example_sla_dag.py
[2024-08-09T20:02:12.934+0200] {logging_mixin.py:188} INFO - [2024-08-09T20:02:12.934+0200] {dag.py:3089} INFO - Sync 1 DAGs
[2024-08-09T20:02:12.950+0200] {logging_mixin.py:188} INFO - [2024-08-09T20:02:12.950+0200] {dag.py:3947} INFO - Setting next_dagrun for example_sla_dag to 2024-08-09 18:00:00+00:00, run_after=2024-08-09 18:02:00+00:00
[2024-08-09T20:02:13.052+0200] {processor.py:183} INFO - Processing /home/bvpelt/Develop/airflowtut/py_env/lib/python3.10/site-packages/airflow/example_dags/example_sla_dag.py took 0.187 seconds
[2024-08-09T20:03:08.521+0200] {processor.py:161} INFO - Started process (PID=21079) to work on /home/bvpelt/Develop/airflowtut/py_env/lib/python3.10/site-packages/airflow/example_dags/example_sla_dag.py
[2024-08-09T20:03:08.524+0200] {processor.py:830} INFO - Processing file /home/bvpelt/Develop/airflowtut/py_env/lib/python3.10/site-packages/airflow/example_dags/example_sla_dag.py for tasks to queue
[2024-08-09T20:03:08.527+0200] {logging_mixin.py:188} INFO - [2024-08-09T20:03:08.526+0200] {dagbag.py:545} INFO - Filling up the DagBag from /home/bvpelt/Develop/airflowtut/py_env/lib/python3.10/site-packages/airflow/example_dags/example_sla_dag.py
[2024-08-09T20:03:08.539+0200] {processor.py:840} INFO - DAG(s) 'example_sla_dag' retrieved from /home/bvpelt/Develop/airflowtut/py_env/lib/python3.10/site-packages/airflow/example_dags/example_sla_dag.py
[2024-08-09T20:03:08.552+0200] {logging_mixin.py:188} INFO - [2024-08-09T20:03:08.552+0200] {dag.py:3089} INFO - Sync 1 DAGs
[2024-08-09T20:03:08.567+0200] {logging_mixin.py:188} INFO - [2024-08-09T20:03:08.567+0200] {dag.py:3947} INFO - Setting next_dagrun for example_sla_dag to 2024-08-09 18:00:00+00:00, run_after=2024-08-09 18:02:00+00:00
[2024-08-09T20:03:08.656+0200] {processor.py:183} INFO - Processing /home/bvpelt/Develop/airflowtut/py_env/lib/python3.10/site-packages/airflow/example_dags/example_sla_dag.py took 0.150 seconds
[2024-08-09T20:04:04.772+0200] {processor.py:161} INFO - Started process (PID=21136) to work on /home/bvpelt/Develop/airflowtut/py_env/lib/python3.10/site-packages/airflow/example_dags/example_sla_dag.py
[2024-08-09T20:04:04.772+0200] {processor.py:830} INFO - Processing file /home/bvpelt/Develop/airflowtut/py_env/lib/python3.10/site-packages/airflow/example_dags/example_sla_dag.py for tasks to queue
[2024-08-09T20:04:04.773+0200] {logging_mixin.py:188} INFO - [2024-08-09T20:04:04.773+0200] {dagbag.py:545} INFO - Filling up the DagBag from /home/bvpelt/Develop/airflowtut/py_env/lib/python3.10/site-packages/airflow/example_dags/example_sla_dag.py
[2024-08-09T20:04:04.778+0200] {processor.py:840} INFO - DAG(s) 'example_sla_dag' retrieved from /home/bvpelt/Develop/airflowtut/py_env/lib/python3.10/site-packages/airflow/example_dags/example_sla_dag.py
[2024-08-09T20:04:04.786+0200] {logging_mixin.py:188} INFO - [2024-08-09T20:04:04.786+0200] {dag.py:3089} INFO - Sync 1 DAGs
[2024-08-09T20:04:04.799+0200] {logging_mixin.py:188} INFO - [2024-08-09T20:04:04.799+0200] {dag.py:3947} INFO - Setting next_dagrun for example_sla_dag to 2024-08-09 18:02:00+00:00, run_after=2024-08-09 18:04:00+00:00
[2024-08-09T20:04:05.171+0200] {processor.py:183} INFO - Processing /home/bvpelt/Develop/airflowtut/py_env/lib/python3.10/site-packages/airflow/example_dags/example_sla_dag.py took 0.402 seconds
[2024-08-09T20:04:54.963+0200] {processor.py:161} INFO - Started process (PID=21257) to work on /home/bvpelt/Develop/airflowtut/py_env/lib/python3.10/site-packages/airflow/example_dags/example_sla_dag.py
[2024-08-09T20:04:54.964+0200] {processor.py:830} INFO - Processing file /home/bvpelt/Develop/airflowtut/py_env/lib/python3.10/site-packages/airflow/example_dags/example_sla_dag.py for tasks to queue
[2024-08-09T20:04:54.965+0200] {logging_mixin.py:188} INFO - [2024-08-09T20:04:54.964+0200] {dagbag.py:545} INFO - Filling up the DagBag from /home/bvpelt/Develop/airflowtut/py_env/lib/python3.10/site-packages/airflow/example_dags/example_sla_dag.py
[2024-08-09T20:04:54.970+0200] {processor.py:840} INFO - DAG(s) 'example_sla_dag' retrieved from /home/bvpelt/Develop/airflowtut/py_env/lib/python3.10/site-packages/airflow/example_dags/example_sla_dag.py
[2024-08-09T20:04:54.977+0200] {logging_mixin.py:188} INFO - [2024-08-09T20:04:54.977+0200] {dag.py:3089} INFO - Sync 1 DAGs
[2024-08-09T20:04:54.989+0200] {logging_mixin.py:188} INFO - [2024-08-09T20:04:54.989+0200] {dag.py:3947} INFO - Setting next_dagrun for example_sla_dag to 2024-08-09 18:02:00+00:00, run_after=2024-08-09 18:04:00+00:00
[2024-08-09T20:04:55.090+0200] {processor.py:183} INFO - Processing /home/bvpelt/Develop/airflowtut/py_env/lib/python3.10/site-packages/airflow/example_dags/example_sla_dag.py took 0.129 seconds
[2024-08-09T20:05:50.748+0200] {processor.py:161} INFO - Started process (PID=21380) to work on /home/bvpelt/Develop/airflowtut/py_env/lib/python3.10/site-packages/airflow/example_dags/example_sla_dag.py
[2024-08-09T20:05:50.749+0200] {processor.py:830} INFO - Processing file /home/bvpelt/Develop/airflowtut/py_env/lib/python3.10/site-packages/airflow/example_dags/example_sla_dag.py for tasks to queue
[2024-08-09T20:05:50.749+0200] {logging_mixin.py:188} INFO - [2024-08-09T20:05:50.749+0200] {dagbag.py:545} INFO - Filling up the DagBag from /home/bvpelt/Develop/airflowtut/py_env/lib/python3.10/site-packages/airflow/example_dags/example_sla_dag.py
[2024-08-09T20:05:50.754+0200] {processor.py:840} INFO - DAG(s) 'example_sla_dag' retrieved from /home/bvpelt/Develop/airflowtut/py_env/lib/python3.10/site-packages/airflow/example_dags/example_sla_dag.py
[2024-08-09T20:05:50.762+0200] {logging_mixin.py:188} INFO - [2024-08-09T20:05:50.762+0200] {dag.py:3089} INFO - Sync 1 DAGs
[2024-08-09T20:05:50.775+0200] {logging_mixin.py:188} INFO - [2024-08-09T20:05:50.775+0200] {dag.py:3947} INFO - Setting next_dagrun for example_sla_dag to 2024-08-09 18:02:00+00:00, run_after=2024-08-09 18:04:00+00:00
[2024-08-09T20:05:50.863+0200] {processor.py:183} INFO - Processing /home/bvpelt/Develop/airflowtut/py_env/lib/python3.10/site-packages/airflow/example_dags/example_sla_dag.py took 0.119 seconds
[2024-08-09T20:06:47.606+0200] {processor.py:161} INFO - Started process (PID=21473) to work on /home/bvpelt/Develop/airflowtut/py_env/lib/python3.10/site-packages/airflow/example_dags/example_sla_dag.py
[2024-08-09T20:06:47.607+0200] {processor.py:830} INFO - Processing file /home/bvpelt/Develop/airflowtut/py_env/lib/python3.10/site-packages/airflow/example_dags/example_sla_dag.py for tasks to queue
[2024-08-09T20:06:47.608+0200] {logging_mixin.py:188} INFO - [2024-08-09T20:06:47.608+0200] {dagbag.py:545} INFO - Filling up the DagBag from /home/bvpelt/Develop/airflowtut/py_env/lib/python3.10/site-packages/airflow/example_dags/example_sla_dag.py
[2024-08-09T20:06:47.612+0200] {processor.py:840} INFO - DAG(s) 'example_sla_dag' retrieved from /home/bvpelt/Develop/airflowtut/py_env/lib/python3.10/site-packages/airflow/example_dags/example_sla_dag.py
[2024-08-09T20:06:47.620+0200] {logging_mixin.py:188} INFO - [2024-08-09T20:06:47.620+0200] {dag.py:3089} INFO - Sync 1 DAGs
[2024-08-09T20:06:47.633+0200] {logging_mixin.py:188} INFO - [2024-08-09T20:06:47.633+0200] {dag.py:3947} INFO - Setting next_dagrun for example_sla_dag to 2024-08-09 18:04:00+00:00, run_after=2024-08-09 18:06:00+00:00
[2024-08-09T20:06:47.745+0200] {processor.py:183} INFO - Processing /home/bvpelt/Develop/airflowtut/py_env/lib/python3.10/site-packages/airflow/example_dags/example_sla_dag.py took 0.142 seconds
[2024-08-09T20:07:40.141+0200] {processor.py:161} INFO - Started process (PID=21601) to work on /home/bvpelt/Develop/airflowtut/py_env/lib/python3.10/site-packages/airflow/example_dags/example_sla_dag.py
[2024-08-09T20:07:40.142+0200] {processor.py:830} INFO - Processing file /home/bvpelt/Develop/airflowtut/py_env/lib/python3.10/site-packages/airflow/example_dags/example_sla_dag.py for tasks to queue
[2024-08-09T20:07:40.143+0200] {logging_mixin.py:188} INFO - [2024-08-09T20:07:40.143+0200] {dagbag.py:545} INFO - Filling up the DagBag from /home/bvpelt/Develop/airflowtut/py_env/lib/python3.10/site-packages/airflow/example_dags/example_sla_dag.py
[2024-08-09T20:07:40.148+0200] {processor.py:840} INFO - DAG(s) 'example_sla_dag' retrieved from /home/bvpelt/Develop/airflowtut/py_env/lib/python3.10/site-packages/airflow/example_dags/example_sla_dag.py
[2024-08-09T20:07:40.157+0200] {logging_mixin.py:188} INFO - [2024-08-09T20:07:40.156+0200] {dag.py:3089} INFO - Sync 1 DAGs
[2024-08-09T20:07:40.170+0200] {logging_mixin.py:188} INFO - [2024-08-09T20:07:40.170+0200] {dag.py:3947} INFO - Setting next_dagrun for example_sla_dag to 2024-08-09 18:04:00+00:00, run_after=2024-08-09 18:06:00+00:00
[2024-08-09T20:07:40.251+0200] {processor.py:183} INFO - Processing /home/bvpelt/Develop/airflowtut/py_env/lib/python3.10/site-packages/airflow/example_dags/example_sla_dag.py took 0.112 seconds
[2024-08-09T20:08:29.206+0200] {processor.py:161} INFO - Started process (PID=21685) to work on /home/bvpelt/Develop/airflowtut/py_env/lib/python3.10/site-packages/airflow/example_dags/example_sla_dag.py
[2024-08-09T20:08:29.207+0200] {processor.py:830} INFO - Processing file /home/bvpelt/Develop/airflowtut/py_env/lib/python3.10/site-packages/airflow/example_dags/example_sla_dag.py for tasks to queue
[2024-08-09T20:08:29.208+0200] {logging_mixin.py:188} INFO - [2024-08-09T20:08:29.207+0200] {dagbag.py:545} INFO - Filling up the DagBag from /home/bvpelt/Develop/airflowtut/py_env/lib/python3.10/site-packages/airflow/example_dags/example_sla_dag.py
[2024-08-09T20:08:29.212+0200] {processor.py:840} INFO - DAG(s) 'example_sla_dag' retrieved from /home/bvpelt/Develop/airflowtut/py_env/lib/python3.10/site-packages/airflow/example_dags/example_sla_dag.py
[2024-08-09T20:08:29.220+0200] {logging_mixin.py:188} INFO - [2024-08-09T20:08:29.220+0200] {dag.py:3089} INFO - Sync 1 DAGs
[2024-08-09T20:08:29.232+0200] {logging_mixin.py:188} INFO - [2024-08-09T20:08:29.232+0200] {dag.py:3947} INFO - Setting next_dagrun for example_sla_dag to 2024-08-09 18:06:00+00:00, run_after=2024-08-09 18:08:00+00:00
[2024-08-09T20:08:29.339+0200] {processor.py:183} INFO - Processing /home/bvpelt/Develop/airflowtut/py_env/lib/python3.10/site-packages/airflow/example_dags/example_sla_dag.py took 0.136 seconds
[2024-08-09T20:09:22.744+0200] {processor.py:161} INFO - Started process (PID=21743) to work on /home/bvpelt/Develop/airflowtut/py_env/lib/python3.10/site-packages/airflow/example_dags/example_sla_dag.py
[2024-08-09T20:09:22.744+0200] {processor.py:830} INFO - Processing file /home/bvpelt/Develop/airflowtut/py_env/lib/python3.10/site-packages/airflow/example_dags/example_sla_dag.py for tasks to queue
[2024-08-09T20:09:22.745+0200] {logging_mixin.py:188} INFO - [2024-08-09T20:09:22.745+0200] {dagbag.py:545} INFO - Filling up the DagBag from /home/bvpelt/Develop/airflowtut/py_env/lib/python3.10/site-packages/airflow/example_dags/example_sla_dag.py
[2024-08-09T20:09:22.750+0200] {processor.py:840} INFO - DAG(s) 'example_sla_dag' retrieved from /home/bvpelt/Develop/airflowtut/py_env/lib/python3.10/site-packages/airflow/example_dags/example_sla_dag.py
[2024-08-09T20:09:22.758+0200] {logging_mixin.py:188} INFO - [2024-08-09T20:09:22.758+0200] {dag.py:3089} INFO - Sync 1 DAGs
[2024-08-09T20:09:22.770+0200] {logging_mixin.py:188} INFO - [2024-08-09T20:09:22.770+0200] {dag.py:3947} INFO - Setting next_dagrun for example_sla_dag to 2024-08-09 18:06:00+00:00, run_after=2024-08-09 18:08:00+00:00
[2024-08-09T20:09:22.902+0200] {processor.py:183} INFO - Processing /home/bvpelt/Develop/airflowtut/py_env/lib/python3.10/site-packages/airflow/example_dags/example_sla_dag.py took 0.162 seconds
[2024-08-09T20:10:11.561+0200] {processor.py:161} INFO - Started process (PID=21813) to work on /home/bvpelt/Develop/airflowtut/py_env/lib/python3.10/site-packages/airflow/example_dags/example_sla_dag.py
[2024-08-09T20:10:11.562+0200] {processor.py:830} INFO - Processing file /home/bvpelt/Develop/airflowtut/py_env/lib/python3.10/site-packages/airflow/example_dags/example_sla_dag.py for tasks to queue
[2024-08-09T20:10:11.563+0200] {logging_mixin.py:188} INFO - [2024-08-09T20:10:11.563+0200] {dagbag.py:545} INFO - Filling up the DagBag from /home/bvpelt/Develop/airflowtut/py_env/lib/python3.10/site-packages/airflow/example_dags/example_sla_dag.py
[2024-08-09T20:10:11.568+0200] {processor.py:840} INFO - DAG(s) 'example_sla_dag' retrieved from /home/bvpelt/Develop/airflowtut/py_env/lib/python3.10/site-packages/airflow/example_dags/example_sla_dag.py
[2024-08-09T20:10:11.575+0200] {logging_mixin.py:188} INFO - [2024-08-09T20:10:11.575+0200] {dag.py:3089} INFO - Sync 1 DAGs
[2024-08-09T20:10:11.588+0200] {logging_mixin.py:188} INFO - [2024-08-09T20:10:11.588+0200] {dag.py:3947} INFO - Setting next_dagrun for example_sla_dag to 2024-08-09 18:08:00+00:00, run_after=2024-08-09 18:10:00+00:00
[2024-08-09T20:10:11.658+0200] {processor.py:183} INFO - Processing /home/bvpelt/Develop/airflowtut/py_env/lib/python3.10/site-packages/airflow/example_dags/example_sla_dag.py took 0.099 seconds
[2024-08-09T20:11:01.975+0200] {processor.py:161} INFO - Started process (PID=21869) to work on /home/bvpelt/Develop/airflowtut/py_env/lib/python3.10/site-packages/airflow/example_dags/example_sla_dag.py
[2024-08-09T20:11:01.976+0200] {processor.py:830} INFO - Processing file /home/bvpelt/Develop/airflowtut/py_env/lib/python3.10/site-packages/airflow/example_dags/example_sla_dag.py for tasks to queue
[2024-08-09T20:11:01.977+0200] {logging_mixin.py:188} INFO - [2024-08-09T20:11:01.976+0200] {dagbag.py:545} INFO - Filling up the DagBag from /home/bvpelt/Develop/airflowtut/py_env/lib/python3.10/site-packages/airflow/example_dags/example_sla_dag.py
[2024-08-09T20:11:01.981+0200] {processor.py:840} INFO - DAG(s) 'example_sla_dag' retrieved from /home/bvpelt/Develop/airflowtut/py_env/lib/python3.10/site-packages/airflow/example_dags/example_sla_dag.py
[2024-08-09T20:11:01.990+0200] {logging_mixin.py:188} INFO - [2024-08-09T20:11:01.989+0200] {dag.py:3089} INFO - Sync 1 DAGs
[2024-08-09T20:11:02.003+0200] {logging_mixin.py:188} INFO - [2024-08-09T20:11:02.003+0200] {dag.py:3947} INFO - Setting next_dagrun for example_sla_dag to 2024-08-09 18:08:00+00:00, run_after=2024-08-09 18:10:00+00:00
[2024-08-09T20:11:02.113+0200] {processor.py:183} INFO - Processing /home/bvpelt/Develop/airflowtut/py_env/lib/python3.10/site-packages/airflow/example_dags/example_sla_dag.py took 0.142 seconds
[2024-08-09T20:11:51.880+0200] {processor.py:161} INFO - Started process (PID=21920) to work on /home/bvpelt/Develop/airflowtut/py_env/lib/python3.10/site-packages/airflow/example_dags/example_sla_dag.py
[2024-08-09T20:11:51.880+0200] {processor.py:830} INFO - Processing file /home/bvpelt/Develop/airflowtut/py_env/lib/python3.10/site-packages/airflow/example_dags/example_sla_dag.py for tasks to queue
[2024-08-09T20:11:51.881+0200] {logging_mixin.py:188} INFO - [2024-08-09T20:11:51.881+0200] {dagbag.py:545} INFO - Filling up the DagBag from /home/bvpelt/Develop/airflowtut/py_env/lib/python3.10/site-packages/airflow/example_dags/example_sla_dag.py
[2024-08-09T20:11:51.886+0200] {processor.py:840} INFO - DAG(s) 'example_sla_dag' retrieved from /home/bvpelt/Develop/airflowtut/py_env/lib/python3.10/site-packages/airflow/example_dags/example_sla_dag.py
[2024-08-09T20:11:51.894+0200] {logging_mixin.py:188} INFO - [2024-08-09T20:11:51.894+0200] {dag.py:3089} INFO - Sync 1 DAGs
[2024-08-09T20:11:51.906+0200] {logging_mixin.py:188} INFO - [2024-08-09T20:11:51.906+0200] {dag.py:3947} INFO - Setting next_dagrun for example_sla_dag to 2024-08-09 18:08:00+00:00, run_after=2024-08-09 18:10:00+00:00
[2024-08-09T20:11:51.977+0200] {processor.py:183} INFO - Processing /home/bvpelt/Develop/airflowtut/py_env/lib/python3.10/site-packages/airflow/example_dags/example_sla_dag.py took 0.100 seconds
[2024-08-09T20:12:41.402+0200] {processor.py:161} INFO - Started process (PID=22031) to work on /home/bvpelt/Develop/airflowtut/py_env/lib/python3.10/site-packages/airflow/example_dags/example_sla_dag.py
[2024-08-09T20:12:41.402+0200] {processor.py:830} INFO - Processing file /home/bvpelt/Develop/airflowtut/py_env/lib/python3.10/site-packages/airflow/example_dags/example_sla_dag.py for tasks to queue
[2024-08-09T20:12:41.403+0200] {logging_mixin.py:188} INFO - [2024-08-09T20:12:41.403+0200] {dagbag.py:545} INFO - Filling up the DagBag from /home/bvpelt/Develop/airflowtut/py_env/lib/python3.10/site-packages/airflow/example_dags/example_sla_dag.py
[2024-08-09T20:12:41.408+0200] {processor.py:840} INFO - DAG(s) 'example_sla_dag' retrieved from /home/bvpelt/Develop/airflowtut/py_env/lib/python3.10/site-packages/airflow/example_dags/example_sla_dag.py
[2024-08-09T20:12:41.416+0200] {logging_mixin.py:188} INFO - [2024-08-09T20:12:41.416+0200] {dag.py:3089} INFO - Sync 1 DAGs
[2024-08-09T20:12:41.429+0200] {logging_mixin.py:188} INFO - [2024-08-09T20:12:41.429+0200] {dag.py:3947} INFO - Setting next_dagrun for example_sla_dag to 2024-08-09 18:10:00+00:00, run_after=2024-08-09 18:12:00+00:00
[2024-08-09T20:12:41.528+0200] {processor.py:183} INFO - Processing /home/bvpelt/Develop/airflowtut/py_env/lib/python3.10/site-packages/airflow/example_dags/example_sla_dag.py took 0.129 seconds
[2024-08-09T20:13:36.389+0200] {processor.py:161} INFO - Started process (PID=22118) to work on /home/bvpelt/Develop/airflowtut/py_env/lib/python3.10/site-packages/airflow/example_dags/example_sla_dag.py
[2024-08-09T20:13:36.390+0200] {processor.py:830} INFO - Processing file /home/bvpelt/Develop/airflowtut/py_env/lib/python3.10/site-packages/airflow/example_dags/example_sla_dag.py for tasks to queue
[2024-08-09T20:13:36.391+0200] {logging_mixin.py:188} INFO - [2024-08-09T20:13:36.391+0200] {dagbag.py:545} INFO - Filling up the DagBag from /home/bvpelt/Develop/airflowtut/py_env/lib/python3.10/site-packages/airflow/example_dags/example_sla_dag.py
[2024-08-09T20:13:36.395+0200] {processor.py:840} INFO - DAG(s) 'example_sla_dag' retrieved from /home/bvpelt/Develop/airflowtut/py_env/lib/python3.10/site-packages/airflow/example_dags/example_sla_dag.py
[2024-08-09T20:13:36.403+0200] {logging_mixin.py:188} INFO - [2024-08-09T20:13:36.403+0200] {dag.py:3089} INFO - Sync 1 DAGs
[2024-08-09T20:13:36.416+0200] {logging_mixin.py:188} INFO - [2024-08-09T20:13:36.416+0200] {dag.py:3947} INFO - Setting next_dagrun for example_sla_dag to 2024-08-09 18:10:00+00:00, run_after=2024-08-09 18:12:00+00:00
[2024-08-09T20:13:36.506+0200] {processor.py:183} INFO - Processing /home/bvpelt/Develop/airflowtut/py_env/lib/python3.10/site-packages/airflow/example_dags/example_sla_dag.py took 0.120 seconds
[2024-08-09T20:14:29.054+0200] {processor.py:161} INFO - Started process (PID=22197) to work on /home/bvpelt/Develop/airflowtut/py_env/lib/python3.10/site-packages/airflow/example_dags/example_sla_dag.py
[2024-08-09T20:14:29.055+0200] {processor.py:830} INFO - Processing file /home/bvpelt/Develop/airflowtut/py_env/lib/python3.10/site-packages/airflow/example_dags/example_sla_dag.py for tasks to queue
[2024-08-09T20:14:29.056+0200] {logging_mixin.py:188} INFO - [2024-08-09T20:14:29.056+0200] {dagbag.py:545} INFO - Filling up the DagBag from /home/bvpelt/Develop/airflowtut/py_env/lib/python3.10/site-packages/airflow/example_dags/example_sla_dag.py
[2024-08-09T20:14:29.061+0200] {processor.py:840} INFO - DAG(s) 'example_sla_dag' retrieved from /home/bvpelt/Develop/airflowtut/py_env/lib/python3.10/site-packages/airflow/example_dags/example_sla_dag.py
[2024-08-09T20:14:29.069+0200] {logging_mixin.py:188} INFO - [2024-08-09T20:14:29.069+0200] {dag.py:3089} INFO - Sync 1 DAGs
[2024-08-09T20:14:29.083+0200] {logging_mixin.py:188} INFO - [2024-08-09T20:14:29.083+0200] {dag.py:3947} INFO - Setting next_dagrun for example_sla_dag to 2024-08-09 18:12:00+00:00, run_after=2024-08-09 18:14:00+00:00
[2024-08-09T20:14:29.183+0200] {processor.py:183} INFO - Processing /home/bvpelt/Develop/airflowtut/py_env/lib/python3.10/site-packages/airflow/example_dags/example_sla_dag.py took 0.131 seconds
[2024-08-09T20:15:15.990+0200] {processor.py:161} INFO - Started process (PID=22273) to work on /home/bvpelt/Develop/airflowtut/py_env/lib/python3.10/site-packages/airflow/example_dags/example_sla_dag.py
[2024-08-09T20:15:15.990+0200] {processor.py:830} INFO - Processing file /home/bvpelt/Develop/airflowtut/py_env/lib/python3.10/site-packages/airflow/example_dags/example_sla_dag.py for tasks to queue
[2024-08-09T20:15:15.991+0200] {logging_mixin.py:188} INFO - [2024-08-09T20:15:15.991+0200] {dagbag.py:545} INFO - Filling up the DagBag from /home/bvpelt/Develop/airflowtut/py_env/lib/python3.10/site-packages/airflow/example_dags/example_sla_dag.py
[2024-08-09T20:15:15.996+0200] {processor.py:840} INFO - DAG(s) 'example_sla_dag' retrieved from /home/bvpelt/Develop/airflowtut/py_env/lib/python3.10/site-packages/airflow/example_dags/example_sla_dag.py
[2024-08-09T20:15:16.004+0200] {logging_mixin.py:188} INFO - [2024-08-09T20:15:16.003+0200] {dag.py:3089} INFO - Sync 1 DAGs
[2024-08-09T20:15:16.016+0200] {logging_mixin.py:188} INFO - [2024-08-09T20:15:16.016+0200] {dag.py:3947} INFO - Setting next_dagrun for example_sla_dag to 2024-08-09 18:12:00+00:00, run_after=2024-08-09 18:14:00+00:00
[2024-08-09T20:15:16.135+0200] {processor.py:183} INFO - Processing /home/bvpelt/Develop/airflowtut/py_env/lib/python3.10/site-packages/airflow/example_dags/example_sla_dag.py took 0.149 seconds
[2024-08-09T20:16:05.406+0200] {processor.py:161} INFO - Started process (PID=22330) to work on /home/bvpelt/Develop/airflowtut/py_env/lib/python3.10/site-packages/airflow/example_dags/example_sla_dag.py
[2024-08-09T20:16:05.407+0200] {processor.py:830} INFO - Processing file /home/bvpelt/Develop/airflowtut/py_env/lib/python3.10/site-packages/airflow/example_dags/example_sla_dag.py for tasks to queue
[2024-08-09T20:16:05.408+0200] {logging_mixin.py:188} INFO - [2024-08-09T20:16:05.408+0200] {dagbag.py:545} INFO - Filling up the DagBag from /home/bvpelt/Develop/airflowtut/py_env/lib/python3.10/site-packages/airflow/example_dags/example_sla_dag.py
[2024-08-09T20:16:05.412+0200] {processor.py:840} INFO - DAG(s) 'example_sla_dag' retrieved from /home/bvpelt/Develop/airflowtut/py_env/lib/python3.10/site-packages/airflow/example_dags/example_sla_dag.py
[2024-08-09T20:16:05.420+0200] {logging_mixin.py:188} INFO - [2024-08-09T20:16:05.420+0200] {dag.py:3089} INFO - Sync 1 DAGs
[2024-08-09T20:16:05.432+0200] {logging_mixin.py:188} INFO - [2024-08-09T20:16:05.432+0200] {dag.py:3947} INFO - Setting next_dagrun for example_sla_dag to 2024-08-09 18:14:00+00:00, run_after=2024-08-09 18:16:00+00:00
[2024-08-09T20:16:05.524+0200] {processor.py:183} INFO - Processing /home/bvpelt/Develop/airflowtut/py_env/lib/python3.10/site-packages/airflow/example_dags/example_sla_dag.py took 0.120 seconds
