[2024-08-09T19:43:30.028+0200] {processor.py:161} INFO - Started process (PID=17791) to work on /home/bvpelt/Develop/airflowtut/py_env/lib/python3.10/site-packages/airflow/example_dags/example_complex.py
[2024-08-09T19:43:30.029+0200] {processor.py:830} INFO - Processing file /home/bvpelt/Develop/airflowtut/py_env/lib/python3.10/site-packages/airflow/example_dags/example_complex.py for tasks to queue
[2024-08-09T19:43:30.029+0200] {logging_mixin.py:188} INFO - [2024-08-09T19:43:30.029+0200] {dagbag.py:545} INFO - Filling up the DagBag from /home/bvpelt/Develop/airflowtut/py_env/lib/python3.10/site-packages/airflow/example_dags/example_complex.py
[2024-08-09T19:43:30.036+0200] {processor.py:840} INFO - DAG(s) 'example_complex' retrieved from /home/bvpelt/Develop/airflowtut/py_env/lib/python3.10/site-packages/airflow/example_dags/example_complex.py
[2024-08-09T19:43:30.281+0200] {logging_mixin.py:188} INFO - [2024-08-09T19:43:30.279+0200] {override.py:1858} INFO - Created Permission View: can edit on DAG:example_complex
[2024-08-09T19:43:30.354+0200] {logging_mixin.py:188} INFO - [2024-08-09T19:43:30.354+0200] {override.py:1858} INFO - Created Permission View: can read on DAG:example_complex
[2024-08-09T19:43:30.422+0200] {logging_mixin.py:188} INFO - [2024-08-09T19:43:30.421+0200] {override.py:1858} INFO - Created Permission View: can delete on DAG:example_complex
[2024-08-09T19:43:30.423+0200] {logging_mixin.py:188} INFO - [2024-08-09T19:43:30.423+0200] {dag.py:3089} INFO - Sync 1 DAGs
[2024-08-09T19:43:30.514+0200] {logging_mixin.py:188} INFO - [2024-08-09T19:43:30.514+0200] {dag.py:3111} INFO - Creating ORM DAG for example_complex
[2024-08-09T19:43:30.514+0200] {logging_mixin.py:188} INFO - [2024-08-09T19:43:30.514+0200] {dag.py:3947} INFO - Setting next_dagrun for example_complex to None, run_after=None
[2024-08-09T19:43:30.633+0200] {processor.py:183} INFO - Processing /home/bvpelt/Develop/airflowtut/py_env/lib/python3.10/site-packages/airflow/example_dags/example_complex.py took 0.609 seconds
[2024-08-09T19:44:34.213+0200] {processor.py:161} INFO - Started process (PID=18078) to work on /home/bvpelt/Develop/airflowtut/py_env/lib/python3.10/site-packages/airflow/example_dags/example_complex.py
[2024-08-09T19:44:34.213+0200] {processor.py:830} INFO - Processing file /home/bvpelt/Develop/airflowtut/py_env/lib/python3.10/site-packages/airflow/example_dags/example_complex.py for tasks to queue
[2024-08-09T19:44:34.214+0200] {logging_mixin.py:188} INFO - [2024-08-09T19:44:34.214+0200] {dagbag.py:545} INFO - Filling up the DagBag from /home/bvpelt/Develop/airflowtut/py_env/lib/python3.10/site-packages/airflow/example_dags/example_complex.py
[2024-08-09T19:44:34.221+0200] {processor.py:840} INFO - DAG(s) 'example_complex' retrieved from /home/bvpelt/Develop/airflowtut/py_env/lib/python3.10/site-packages/airflow/example_dags/example_complex.py
[2024-08-09T19:44:34.237+0200] {logging_mixin.py:188} INFO - [2024-08-09T19:44:34.237+0200] {dag.py:3089} INFO - Sync 1 DAGs
[2024-08-09T19:44:34.243+0200] {logging_mixin.py:188} INFO - [2024-08-09T19:44:34.243+0200] {dag.py:3947} INFO - Setting next_dagrun for example_complex to None, run_after=None
[2024-08-09T19:44:34.347+0200] {processor.py:183} INFO - Processing /home/bvpelt/Develop/airflowtut/py_env/lib/python3.10/site-packages/airflow/example_dags/example_complex.py took 0.137 seconds
[2024-08-09T19:45:31.105+0200] {processor.py:161} INFO - Started process (PID=18287) to work on /home/bvpelt/Develop/airflowtut/py_env/lib/python3.10/site-packages/airflow/example_dags/example_complex.py
[2024-08-09T19:45:31.107+0200] {processor.py:830} INFO - Processing file /home/bvpelt/Develop/airflowtut/py_env/lib/python3.10/site-packages/airflow/example_dags/example_complex.py for tasks to queue
[2024-08-09T19:45:31.109+0200] {logging_mixin.py:188} INFO - [2024-08-09T19:45:31.108+0200] {dagbag.py:545} INFO - Filling up the DagBag from /home/bvpelt/Develop/airflowtut/py_env/lib/python3.10/site-packages/airflow/example_dags/example_complex.py
[2024-08-09T19:45:31.123+0200] {processor.py:840} INFO - DAG(s) 'example_complex' retrieved from /home/bvpelt/Develop/airflowtut/py_env/lib/python3.10/site-packages/airflow/example_dags/example_complex.py
[2024-08-09T19:45:31.145+0200] {logging_mixin.py:188} INFO - [2024-08-09T19:45:31.145+0200] {dag.py:3089} INFO - Sync 1 DAGs
[2024-08-09T19:45:31.152+0200] {logging_mixin.py:188} INFO - [2024-08-09T19:45:31.152+0200] {dag.py:3947} INFO - Setting next_dagrun for example_complex to None, run_after=None
[2024-08-09T19:45:31.224+0200] {processor.py:183} INFO - Processing /home/bvpelt/Develop/airflowtut/py_env/lib/python3.10/site-packages/airflow/example_dags/example_complex.py took 0.134 seconds
[2024-08-09T19:46:54.736+0200] {processor.py:161} INFO - Started process (PID=18668) to work on /home/bvpelt/Develop/airflowtut/py_env/lib/python3.10/site-packages/airflow/example_dags/example_complex.py
[2024-08-09T19:46:54.737+0200] {processor.py:830} INFO - Processing file /home/bvpelt/Develop/airflowtut/py_env/lib/python3.10/site-packages/airflow/example_dags/example_complex.py for tasks to queue
[2024-08-09T19:46:54.738+0200] {logging_mixin.py:188} INFO - [2024-08-09T19:46:54.737+0200] {dagbag.py:545} INFO - Filling up the DagBag from /home/bvpelt/Develop/airflowtut/py_env/lib/python3.10/site-packages/airflow/example_dags/example_complex.py
[2024-08-09T19:46:54.744+0200] {processor.py:840} INFO - DAG(s) 'example_complex' retrieved from /home/bvpelt/Develop/airflowtut/py_env/lib/python3.10/site-packages/airflow/example_dags/example_complex.py
[2024-08-09T19:46:54.762+0200] {logging_mixin.py:188} INFO - [2024-08-09T19:46:54.762+0200] {dag.py:3089} INFO - Sync 1 DAGs
[2024-08-09T19:46:54.769+0200] {logging_mixin.py:188} INFO - [2024-08-09T19:46:54.768+0200] {dag.py:3947} INFO - Setting next_dagrun for example_complex to None, run_after=None
[2024-08-09T19:46:54.840+0200] {processor.py:183} INFO - Processing /home/bvpelt/Develop/airflowtut/py_env/lib/python3.10/site-packages/airflow/example_dags/example_complex.py took 0.107 seconds
[2024-08-09T19:48:11.213+0200] {processor.py:161} INFO - Started process (PID=19028) to work on /home/bvpelt/Develop/airflowtut/py_env/lib/python3.10/site-packages/airflow/example_dags/example_complex.py
[2024-08-09T19:48:11.214+0200] {processor.py:830} INFO - Processing file /home/bvpelt/Develop/airflowtut/py_env/lib/python3.10/site-packages/airflow/example_dags/example_complex.py for tasks to queue
[2024-08-09T19:48:11.215+0200] {logging_mixin.py:188} INFO - [2024-08-09T19:48:11.215+0200] {dagbag.py:545} INFO - Filling up the DagBag from /home/bvpelt/Develop/airflowtut/py_env/lib/python3.10/site-packages/airflow/example_dags/example_complex.py
[2024-08-09T19:48:11.222+0200] {processor.py:840} INFO - DAG(s) 'example_complex' retrieved from /home/bvpelt/Develop/airflowtut/py_env/lib/python3.10/site-packages/airflow/example_dags/example_complex.py
[2024-08-09T19:48:11.239+0200] {logging_mixin.py:188} INFO - [2024-08-09T19:48:11.239+0200] {dag.py:3089} INFO - Sync 1 DAGs
[2024-08-09T19:48:11.245+0200] {logging_mixin.py:188} INFO - [2024-08-09T19:48:11.245+0200] {dag.py:3947} INFO - Setting next_dagrun for example_complex to None, run_after=None
[2024-08-09T19:48:11.323+0200] {processor.py:183} INFO - Processing /home/bvpelt/Develop/airflowtut/py_env/lib/python3.10/site-packages/airflow/example_dags/example_complex.py took 0.113 seconds
[2024-08-09T19:49:24.590+0200] {processor.py:161} INFO - Started process (PID=19196) to work on /home/bvpelt/Develop/airflowtut/py_env/lib/python3.10/site-packages/airflow/example_dags/example_complex.py
[2024-08-09T19:49:24.590+0200] {processor.py:830} INFO - Processing file /home/bvpelt/Develop/airflowtut/py_env/lib/python3.10/site-packages/airflow/example_dags/example_complex.py for tasks to queue
[2024-08-09T19:49:24.591+0200] {logging_mixin.py:188} INFO - [2024-08-09T19:49:24.591+0200] {dagbag.py:545} INFO - Filling up the DagBag from /home/bvpelt/Develop/airflowtut/py_env/lib/python3.10/site-packages/airflow/example_dags/example_complex.py
[2024-08-09T19:49:24.598+0200] {processor.py:840} INFO - DAG(s) 'example_complex' retrieved from /home/bvpelt/Develop/airflowtut/py_env/lib/python3.10/site-packages/airflow/example_dags/example_complex.py
[2024-08-09T19:49:24.614+0200] {logging_mixin.py:188} INFO - [2024-08-09T19:49:24.614+0200] {dag.py:3089} INFO - Sync 1 DAGs
[2024-08-09T19:49:24.621+0200] {logging_mixin.py:188} INFO - [2024-08-09T19:49:24.621+0200] {dag.py:3947} INFO - Setting next_dagrun for example_complex to None, run_after=None
[2024-08-09T19:49:24.744+0200] {processor.py:183} INFO - Processing /home/bvpelt/Develop/airflowtut/py_env/lib/python3.10/site-packages/airflow/example_dags/example_complex.py took 0.158 seconds
[2024-08-09T19:50:20.931+0200] {processor.py:161} INFO - Started process (PID=19353) to work on /home/bvpelt/Develop/airflowtut/py_env/lib/python3.10/site-packages/airflow/example_dags/example_complex.py
[2024-08-09T19:50:20.932+0200] {processor.py:830} INFO - Processing file /home/bvpelt/Develop/airflowtut/py_env/lib/python3.10/site-packages/airflow/example_dags/example_complex.py for tasks to queue
[2024-08-09T19:50:20.933+0200] {logging_mixin.py:188} INFO - [2024-08-09T19:50:20.933+0200] {dagbag.py:545} INFO - Filling up the DagBag from /home/bvpelt/Develop/airflowtut/py_env/lib/python3.10/site-packages/airflow/example_dags/example_complex.py
[2024-08-09T19:50:20.941+0200] {processor.py:840} INFO - DAG(s) 'example_complex' retrieved from /home/bvpelt/Develop/airflowtut/py_env/lib/python3.10/site-packages/airflow/example_dags/example_complex.py
[2024-08-09T19:50:20.960+0200] {logging_mixin.py:188} INFO - [2024-08-09T19:50:20.960+0200] {dag.py:3089} INFO - Sync 1 DAGs
[2024-08-09T19:50:20.968+0200] {logging_mixin.py:188} INFO - [2024-08-09T19:50:20.968+0200] {dag.py:3947} INFO - Setting next_dagrun for example_complex to None, run_after=None
[2024-08-09T19:50:21.104+0200] {processor.py:183} INFO - Processing /home/bvpelt/Develop/airflowtut/py_env/lib/python3.10/site-packages/airflow/example_dags/example_complex.py took 0.176 seconds
[2024-08-09T19:51:36.940+0200] {processor.py:161} INFO - Started process (PID=19541) to work on /home/bvpelt/Develop/airflowtut/py_env/lib/python3.10/site-packages/airflow/example_dags/example_complex.py
[2024-08-09T19:51:36.950+0200] {processor.py:830} INFO - Processing file /home/bvpelt/Develop/airflowtut/py_env/lib/python3.10/site-packages/airflow/example_dags/example_complex.py for tasks to queue
[2024-08-09T19:51:36.952+0200] {logging_mixin.py:188} INFO - [2024-08-09T19:51:36.951+0200] {dagbag.py:545} INFO - Filling up the DagBag from /home/bvpelt/Develop/airflowtut/py_env/lib/python3.10/site-packages/airflow/example_dags/example_complex.py
[2024-08-09T19:51:36.962+0200] {processor.py:840} INFO - DAG(s) 'example_complex' retrieved from /home/bvpelt/Develop/airflowtut/py_env/lib/python3.10/site-packages/airflow/example_dags/example_complex.py
[2024-08-09T19:51:36.981+0200] {logging_mixin.py:188} INFO - [2024-08-09T19:51:36.981+0200] {dag.py:3089} INFO - Sync 1 DAGs
[2024-08-09T19:51:36.991+0200] {logging_mixin.py:188} INFO - [2024-08-09T19:51:36.991+0200] {dag.py:3947} INFO - Setting next_dagrun for example_complex to None, run_after=None
[2024-08-09T19:51:37.083+0200] {processor.py:183} INFO - Processing /home/bvpelt/Develop/airflowtut/py_env/lib/python3.10/site-packages/airflow/example_dags/example_complex.py took 0.147 seconds
[2024-08-09T19:53:04.518+0200] {processor.py:161} INFO - Started process (PID=20074) to work on /home/bvpelt/Develop/airflowtut/py_env/lib/python3.10/site-packages/airflow/example_dags/example_complex.py
[2024-08-09T19:53:04.518+0200] {processor.py:830} INFO - Processing file /home/bvpelt/Develop/airflowtut/py_env/lib/python3.10/site-packages/airflow/example_dags/example_complex.py for tasks to queue
[2024-08-09T19:53:04.519+0200] {logging_mixin.py:188} INFO - [2024-08-09T19:53:04.519+0200] {dagbag.py:545} INFO - Filling up the DagBag from /home/bvpelt/Develop/airflowtut/py_env/lib/python3.10/site-packages/airflow/example_dags/example_complex.py
[2024-08-09T19:53:04.526+0200] {processor.py:840} INFO - DAG(s) 'example_complex' retrieved from /home/bvpelt/Develop/airflowtut/py_env/lib/python3.10/site-packages/airflow/example_dags/example_complex.py
[2024-08-09T19:53:04.542+0200] {logging_mixin.py:188} INFO - [2024-08-09T19:53:04.541+0200] {dag.py:3089} INFO - Sync 1 DAGs
[2024-08-09T19:53:04.548+0200] {logging_mixin.py:188} INFO - [2024-08-09T19:53:04.548+0200] {dag.py:3947} INFO - Setting next_dagrun for example_complex to None, run_after=None
[2024-08-09T19:53:04.611+0200] {processor.py:183} INFO - Processing /home/bvpelt/Develop/airflowtut/py_env/lib/python3.10/site-packages/airflow/example_dags/example_complex.py took 0.096 seconds
[2024-08-09T19:54:00.540+0200] {processor.py:161} INFO - Started process (PID=20135) to work on /home/bvpelt/Develop/airflowtut/py_env/lib/python3.10/site-packages/airflow/example_dags/example_complex.py
[2024-08-09T19:54:00.540+0200] {processor.py:830} INFO - Processing file /home/bvpelt/Develop/airflowtut/py_env/lib/python3.10/site-packages/airflow/example_dags/example_complex.py for tasks to queue
[2024-08-09T19:54:00.541+0200] {logging_mixin.py:188} INFO - [2024-08-09T19:54:00.541+0200] {dagbag.py:545} INFO - Filling up the DagBag from /home/bvpelt/Develop/airflowtut/py_env/lib/python3.10/site-packages/airflow/example_dags/example_complex.py
[2024-08-09T19:54:00.547+0200] {processor.py:840} INFO - DAG(s) 'example_complex' retrieved from /home/bvpelt/Develop/airflowtut/py_env/lib/python3.10/site-packages/airflow/example_dags/example_complex.py
[2024-08-09T19:54:00.563+0200] {logging_mixin.py:188} INFO - [2024-08-09T19:54:00.563+0200] {dag.py:3089} INFO - Sync 1 DAGs
[2024-08-09T19:54:00.569+0200] {logging_mixin.py:188} INFO - [2024-08-09T19:54:00.569+0200] {dag.py:3947} INFO - Setting next_dagrun for example_complex to None, run_after=None
[2024-08-09T19:54:00.654+0200] {processor.py:183} INFO - Processing /home/bvpelt/Develop/airflowtut/py_env/lib/python3.10/site-packages/airflow/example_dags/example_complex.py took 0.117 seconds
[2024-08-09T19:55:18.676+0200] {processor.py:161} INFO - Started process (PID=20270) to work on /home/bvpelt/Develop/airflowtut/py_env/lib/python3.10/site-packages/airflow/example_dags/example_complex.py
[2024-08-09T19:55:18.677+0200] {processor.py:830} INFO - Processing file /home/bvpelt/Develop/airflowtut/py_env/lib/python3.10/site-packages/airflow/example_dags/example_complex.py for tasks to queue
[2024-08-09T19:55:18.677+0200] {logging_mixin.py:188} INFO - [2024-08-09T19:55:18.677+0200] {dagbag.py:545} INFO - Filling up the DagBag from /home/bvpelt/Develop/airflowtut/py_env/lib/python3.10/site-packages/airflow/example_dags/example_complex.py
[2024-08-09T19:55:18.684+0200] {processor.py:840} INFO - DAG(s) 'example_complex' retrieved from /home/bvpelt/Develop/airflowtut/py_env/lib/python3.10/site-packages/airflow/example_dags/example_complex.py
[2024-08-09T19:55:18.700+0200] {logging_mixin.py:188} INFO - [2024-08-09T19:55:18.699+0200] {dag.py:3089} INFO - Sync 1 DAGs
[2024-08-09T19:55:18.706+0200] {logging_mixin.py:188} INFO - [2024-08-09T19:55:18.706+0200] {dag.py:3947} INFO - Setting next_dagrun for example_complex to None, run_after=None
[2024-08-09T19:55:18.812+0200] {processor.py:183} INFO - Processing /home/bvpelt/Develop/airflowtut/py_env/lib/python3.10/site-packages/airflow/example_dags/example_complex.py took 0.140 seconds
[2024-08-09T19:56:28.861+0200] {processor.py:161} INFO - Started process (PID=20358) to work on /home/bvpelt/Develop/airflowtut/py_env/lib/python3.10/site-packages/airflow/example_dags/example_complex.py
[2024-08-09T19:56:28.862+0200] {processor.py:830} INFO - Processing file /home/bvpelt/Develop/airflowtut/py_env/lib/python3.10/site-packages/airflow/example_dags/example_complex.py for tasks to queue
[2024-08-09T19:56:28.863+0200] {logging_mixin.py:188} INFO - [2024-08-09T19:56:28.863+0200] {dagbag.py:545} INFO - Filling up the DagBag from /home/bvpelt/Develop/airflowtut/py_env/lib/python3.10/site-packages/airflow/example_dags/example_complex.py
[2024-08-09T19:56:28.870+0200] {processor.py:840} INFO - DAG(s) 'example_complex' retrieved from /home/bvpelt/Develop/airflowtut/py_env/lib/python3.10/site-packages/airflow/example_dags/example_complex.py
[2024-08-09T19:56:28.887+0200] {logging_mixin.py:188} INFO - [2024-08-09T19:56:28.886+0200] {dag.py:3089} INFO - Sync 1 DAGs
[2024-08-09T19:56:28.893+0200] {logging_mixin.py:188} INFO - [2024-08-09T19:56:28.893+0200] {dag.py:3947} INFO - Setting next_dagrun for example_complex to None, run_after=None
[2024-08-09T19:56:28.963+0200] {processor.py:183} INFO - Processing /home/bvpelt/Develop/airflowtut/py_env/lib/python3.10/site-packages/airflow/example_dags/example_complex.py took 0.104 seconds
[2024-08-09T19:57:46.037+0200] {processor.py:161} INFO - Started process (PID=20513) to work on /home/bvpelt/Develop/airflowtut/py_env/lib/python3.10/site-packages/airflow/example_dags/example_complex.py
[2024-08-09T19:57:46.038+0200] {processor.py:830} INFO - Processing file /home/bvpelt/Develop/airflowtut/py_env/lib/python3.10/site-packages/airflow/example_dags/example_complex.py for tasks to queue
[2024-08-09T19:57:46.038+0200] {logging_mixin.py:188} INFO - [2024-08-09T19:57:46.038+0200] {dagbag.py:545} INFO - Filling up the DagBag from /home/bvpelt/Develop/airflowtut/py_env/lib/python3.10/site-packages/airflow/example_dags/example_complex.py
[2024-08-09T19:57:46.045+0200] {processor.py:840} INFO - DAG(s) 'example_complex' retrieved from /home/bvpelt/Develop/airflowtut/py_env/lib/python3.10/site-packages/airflow/example_dags/example_complex.py
[2024-08-09T19:57:46.061+0200] {logging_mixin.py:188} INFO - [2024-08-09T19:57:46.061+0200] {dag.py:3089} INFO - Sync 1 DAGs
[2024-08-09T19:57:46.068+0200] {logging_mixin.py:188} INFO - [2024-08-09T19:57:46.067+0200] {dag.py:3947} INFO - Setting next_dagrun for example_complex to None, run_after=None
[2024-08-09T19:57:46.148+0200] {processor.py:183} INFO - Processing /home/bvpelt/Develop/airflowtut/py_env/lib/python3.10/site-packages/airflow/example_dags/example_complex.py took 0.115 seconds
[2024-08-09T19:59:07.996+0200] {processor.py:161} INFO - Started process (PID=20683) to work on /home/bvpelt/Develop/airflowtut/py_env/lib/python3.10/site-packages/airflow/example_dags/example_complex.py
[2024-08-09T19:59:07.997+0200] {processor.py:830} INFO - Processing file /home/bvpelt/Develop/airflowtut/py_env/lib/python3.10/site-packages/airflow/example_dags/example_complex.py for tasks to queue
[2024-08-09T19:59:07.999+0200] {logging_mixin.py:188} INFO - [2024-08-09T19:59:07.999+0200] {dagbag.py:545} INFO - Filling up the DagBag from /home/bvpelt/Develop/airflowtut/py_env/lib/python3.10/site-packages/airflow/example_dags/example_complex.py
[2024-08-09T19:59:08.012+0200] {processor.py:840} INFO - DAG(s) 'example_complex' retrieved from /home/bvpelt/Develop/airflowtut/py_env/lib/python3.10/site-packages/airflow/example_dags/example_complex.py
[2024-08-09T19:59:08.033+0200] {logging_mixin.py:188} INFO - [2024-08-09T19:59:08.032+0200] {dag.py:3089} INFO - Sync 1 DAGs
[2024-08-09T19:59:08.039+0200] {logging_mixin.py:188} INFO - [2024-08-09T19:59:08.039+0200] {dag.py:3947} INFO - Setting next_dagrun for example_complex to None, run_after=None
[2024-08-09T19:59:08.130+0200] {processor.py:183} INFO - Processing /home/bvpelt/Develop/airflowtut/py_env/lib/python3.10/site-packages/airflow/example_dags/example_complex.py took 0.148 seconds
[2024-08-09T20:00:03.076+0200] {processor.py:161} INFO - Started process (PID=20740) to work on /home/bvpelt/Develop/airflowtut/py_env/lib/python3.10/site-packages/airflow/example_dags/example_complex.py
[2024-08-09T20:00:03.076+0200] {processor.py:830} INFO - Processing file /home/bvpelt/Develop/airflowtut/py_env/lib/python3.10/site-packages/airflow/example_dags/example_complex.py for tasks to queue
[2024-08-09T20:00:03.077+0200] {logging_mixin.py:188} INFO - [2024-08-09T20:00:03.077+0200] {dagbag.py:545} INFO - Filling up the DagBag from /home/bvpelt/Develop/airflowtut/py_env/lib/python3.10/site-packages/airflow/example_dags/example_complex.py
[2024-08-09T20:00:03.084+0200] {processor.py:840} INFO - DAG(s) 'example_complex' retrieved from /home/bvpelt/Develop/airflowtut/py_env/lib/python3.10/site-packages/airflow/example_dags/example_complex.py
[2024-08-09T20:00:03.100+0200] {logging_mixin.py:188} INFO - [2024-08-09T20:00:03.100+0200] {dag.py:3089} INFO - Sync 1 DAGs
[2024-08-09T20:00:03.107+0200] {logging_mixin.py:188} INFO - [2024-08-09T20:00:03.106+0200] {dag.py:3947} INFO - Setting next_dagrun for example_complex to None, run_after=None
[2024-08-09T20:00:03.234+0200] {processor.py:183} INFO - Processing /home/bvpelt/Develop/airflowtut/py_env/lib/python3.10/site-packages/airflow/example_dags/example_complex.py took 0.162 seconds
[2024-08-09T20:01:18.803+0200] {processor.py:161} INFO - Started process (PID=20849) to work on /home/bvpelt/Develop/airflowtut/py_env/lib/python3.10/site-packages/airflow/example_dags/example_complex.py
[2024-08-09T20:01:18.871+0200] {processor.py:830} INFO - Processing file /home/bvpelt/Develop/airflowtut/py_env/lib/python3.10/site-packages/airflow/example_dags/example_complex.py for tasks to queue
[2024-08-09T20:01:18.873+0200] {logging_mixin.py:188} INFO - [2024-08-09T20:01:18.872+0200] {dagbag.py:545} INFO - Filling up the DagBag from /home/bvpelt/Develop/airflowtut/py_env/lib/python3.10/site-packages/airflow/example_dags/example_complex.py
[2024-08-09T20:01:18.888+0200] {processor.py:840} INFO - DAG(s) 'example_complex' retrieved from /home/bvpelt/Develop/airflowtut/py_env/lib/python3.10/site-packages/airflow/example_dags/example_complex.py
[2024-08-09T20:01:18.909+0200] {logging_mixin.py:188} INFO - [2024-08-09T20:01:18.909+0200] {dag.py:3089} INFO - Sync 1 DAGs
[2024-08-09T20:01:18.916+0200] {logging_mixin.py:188} INFO - [2024-08-09T20:01:18.916+0200] {dag.py:3947} INFO - Setting next_dagrun for example_complex to None, run_after=None
[2024-08-09T20:01:19.011+0200] {processor.py:183} INFO - Processing /home/bvpelt/Develop/airflowtut/py_env/lib/python3.10/site-packages/airflow/example_dags/example_complex.py took 0.211 seconds
[2024-08-09T20:02:34.346+0200] {processor.py:161} INFO - Started process (PID=21036) to work on /home/bvpelt/Develop/airflowtut/py_env/lib/python3.10/site-packages/airflow/example_dags/example_complex.py
[2024-08-09T20:02:34.348+0200] {processor.py:830} INFO - Processing file /home/bvpelt/Develop/airflowtut/py_env/lib/python3.10/site-packages/airflow/example_dags/example_complex.py for tasks to queue
[2024-08-09T20:02:34.352+0200] {logging_mixin.py:188} INFO - [2024-08-09T20:02:34.351+0200] {dagbag.py:545} INFO - Filling up the DagBag from /home/bvpelt/Develop/airflowtut/py_env/lib/python3.10/site-packages/airflow/example_dags/example_complex.py
[2024-08-09T20:02:34.368+0200] {processor.py:840} INFO - DAG(s) 'example_complex' retrieved from /home/bvpelt/Develop/airflowtut/py_env/lib/python3.10/site-packages/airflow/example_dags/example_complex.py
[2024-08-09T20:02:34.390+0200] {logging_mixin.py:188} INFO - [2024-08-09T20:02:34.390+0200] {dag.py:3089} INFO - Sync 1 DAGs
[2024-08-09T20:02:34.397+0200] {logging_mixin.py:188} INFO - [2024-08-09T20:02:34.397+0200] {dag.py:3947} INFO - Setting next_dagrun for example_complex to None, run_after=None
[2024-08-09T20:02:34.486+0200] {processor.py:183} INFO - Processing /home/bvpelt/Develop/airflowtut/py_env/lib/python3.10/site-packages/airflow/example_dags/example_complex.py took 0.155 seconds
[2024-08-09T20:03:30.687+0200] {processor.py:161} INFO - Started process (PID=21101) to work on /home/bvpelt/Develop/airflowtut/py_env/lib/python3.10/site-packages/airflow/example_dags/example_complex.py
[2024-08-09T20:03:30.705+0200] {processor.py:830} INFO - Processing file /home/bvpelt/Develop/airflowtut/py_env/lib/python3.10/site-packages/airflow/example_dags/example_complex.py for tasks to queue
[2024-08-09T20:03:30.709+0200] {logging_mixin.py:188} INFO - [2024-08-09T20:03:30.708+0200] {dagbag.py:545} INFO - Filling up the DagBag from /home/bvpelt/Develop/airflowtut/py_env/lib/python3.10/site-packages/airflow/example_dags/example_complex.py
[2024-08-09T20:03:30.733+0200] {processor.py:840} INFO - DAG(s) 'example_complex' retrieved from /home/bvpelt/Develop/airflowtut/py_env/lib/python3.10/site-packages/airflow/example_dags/example_complex.py
[2024-08-09T20:03:30.758+0200] {logging_mixin.py:188} INFO - [2024-08-09T20:03:30.758+0200] {dag.py:3089} INFO - Sync 1 DAGs
[2024-08-09T20:03:30.765+0200] {logging_mixin.py:188} INFO - [2024-08-09T20:03:30.765+0200] {dag.py:3947} INFO - Setting next_dagrun for example_complex to None, run_after=None
[2024-08-09T20:03:30.836+0200] {processor.py:183} INFO - Processing /home/bvpelt/Develop/airflowtut/py_env/lib/python3.10/site-packages/airflow/example_dags/example_complex.py took 0.164 seconds
[2024-08-09T20:04:25.816+0200] {processor.py:161} INFO - Started process (PID=21190) to work on /home/bvpelt/Develop/airflowtut/py_env/lib/python3.10/site-packages/airflow/example_dags/example_complex.py
[2024-08-09T20:04:25.816+0200] {processor.py:830} INFO - Processing file /home/bvpelt/Develop/airflowtut/py_env/lib/python3.10/site-packages/airflow/example_dags/example_complex.py for tasks to queue
[2024-08-09T20:04:25.817+0200] {logging_mixin.py:188} INFO - [2024-08-09T20:04:25.817+0200] {dagbag.py:545} INFO - Filling up the DagBag from /home/bvpelt/Develop/airflowtut/py_env/lib/python3.10/site-packages/airflow/example_dags/example_complex.py
[2024-08-09T20:04:25.823+0200] {processor.py:840} INFO - DAG(s) 'example_complex' retrieved from /home/bvpelt/Develop/airflowtut/py_env/lib/python3.10/site-packages/airflow/example_dags/example_complex.py
[2024-08-09T20:04:25.839+0200] {logging_mixin.py:188} INFO - [2024-08-09T20:04:25.839+0200] {dag.py:3089} INFO - Sync 1 DAGs
[2024-08-09T20:04:25.845+0200] {logging_mixin.py:188} INFO - [2024-08-09T20:04:25.845+0200] {dag.py:3947} INFO - Setting next_dagrun for example_complex to None, run_after=None
[2024-08-09T20:04:25.928+0200] {processor.py:183} INFO - Processing /home/bvpelt/Develop/airflowtut/py_env/lib/python3.10/site-packages/airflow/example_dags/example_complex.py took 0.116 seconds
[2024-08-09T20:05:45.644+0200] {processor.py:161} INFO - Started process (PID=21376) to work on /home/bvpelt/Develop/airflowtut/py_env/lib/python3.10/site-packages/airflow/example_dags/example_complex.py
[2024-08-09T20:05:45.645+0200] {processor.py:830} INFO - Processing file /home/bvpelt/Develop/airflowtut/py_env/lib/python3.10/site-packages/airflow/example_dags/example_complex.py for tasks to queue
[2024-08-09T20:05:45.646+0200] {logging_mixin.py:188} INFO - [2024-08-09T20:05:45.645+0200] {dagbag.py:545} INFO - Filling up the DagBag from /home/bvpelt/Develop/airflowtut/py_env/lib/python3.10/site-packages/airflow/example_dags/example_complex.py
[2024-08-09T20:05:45.652+0200] {processor.py:840} INFO - DAG(s) 'example_complex' retrieved from /home/bvpelt/Develop/airflowtut/py_env/lib/python3.10/site-packages/airflow/example_dags/example_complex.py
[2024-08-09T20:05:45.669+0200] {logging_mixin.py:188} INFO - [2024-08-09T20:05:45.669+0200] {dag.py:3089} INFO - Sync 1 DAGs
[2024-08-09T20:05:45.676+0200] {logging_mixin.py:188} INFO - [2024-08-09T20:05:45.676+0200] {dag.py:3947} INFO - Setting next_dagrun for example_complex to None, run_after=None
[2024-08-09T20:05:45.757+0200] {processor.py:183} INFO - Processing /home/bvpelt/Develop/airflowtut/py_env/lib/python3.10/site-packages/airflow/example_dags/example_complex.py took 0.116 seconds
[2024-08-09T20:06:42.571+0200] {processor.py:161} INFO - Started process (PID=21469) to work on /home/bvpelt/Develop/airflowtut/py_env/lib/python3.10/site-packages/airflow/example_dags/example_complex.py
[2024-08-09T20:06:42.586+0200] {processor.py:830} INFO - Processing file /home/bvpelt/Develop/airflowtut/py_env/lib/python3.10/site-packages/airflow/example_dags/example_complex.py for tasks to queue
[2024-08-09T20:06:42.587+0200] {logging_mixin.py:188} INFO - [2024-08-09T20:06:42.587+0200] {dagbag.py:545} INFO - Filling up the DagBag from /home/bvpelt/Develop/airflowtut/py_env/lib/python3.10/site-packages/airflow/example_dags/example_complex.py
[2024-08-09T20:06:42.595+0200] {processor.py:840} INFO - DAG(s) 'example_complex' retrieved from /home/bvpelt/Develop/airflowtut/py_env/lib/python3.10/site-packages/airflow/example_dags/example_complex.py
[2024-08-09T20:06:42.611+0200] {logging_mixin.py:188} INFO - [2024-08-09T20:06:42.611+0200] {dag.py:3089} INFO - Sync 1 DAGs
[2024-08-09T20:06:42.618+0200] {logging_mixin.py:188} INFO - [2024-08-09T20:06:42.618+0200] {dag.py:3947} INFO - Setting next_dagrun for example_complex to None, run_after=None
[2024-08-09T20:06:42.684+0200] {processor.py:183} INFO - Processing /home/bvpelt/Develop/airflowtut/py_env/lib/python3.10/site-packages/airflow/example_dags/example_complex.py took 0.116 seconds
[2024-08-09T20:07:59.999+0200] {processor.py:161} INFO - Started process (PID=21650) to work on /home/bvpelt/Develop/airflowtut/py_env/lib/python3.10/site-packages/airflow/example_dags/example_complex.py
[2024-08-09T20:07:59.999+0200] {processor.py:830} INFO - Processing file /home/bvpelt/Develop/airflowtut/py_env/lib/python3.10/site-packages/airflow/example_dags/example_complex.py for tasks to queue
[2024-08-09T20:08:00.000+0200] {logging_mixin.py:188} INFO - [2024-08-09T20:08:00.000+0200] {dagbag.py:545} INFO - Filling up the DagBag from /home/bvpelt/Develop/airflowtut/py_env/lib/python3.10/site-packages/airflow/example_dags/example_complex.py
[2024-08-09T20:08:00.007+0200] {processor.py:840} INFO - DAG(s) 'example_complex' retrieved from /home/bvpelt/Develop/airflowtut/py_env/lib/python3.10/site-packages/airflow/example_dags/example_complex.py
[2024-08-09T20:08:00.024+0200] {logging_mixin.py:188} INFO - [2024-08-09T20:08:00.024+0200] {dag.py:3089} INFO - Sync 1 DAGs
[2024-08-09T20:08:00.030+0200] {logging_mixin.py:188} INFO - [2024-08-09T20:08:00.030+0200] {dag.py:3947} INFO - Setting next_dagrun for example_complex to None, run_after=None
[2024-08-09T20:08:00.113+0200] {processor.py:183} INFO - Processing /home/bvpelt/Develop/airflowtut/py_env/lib/python3.10/site-packages/airflow/example_dags/example_complex.py took 0.118 seconds
[2024-08-09T20:09:18.936+0200] {processor.py:161} INFO - Started process (PID=21738) to work on /home/bvpelt/Develop/airflowtut/py_env/lib/python3.10/site-packages/airflow/example_dags/example_complex.py
[2024-08-09T20:09:18.936+0200] {processor.py:830} INFO - Processing file /home/bvpelt/Develop/airflowtut/py_env/lib/python3.10/site-packages/airflow/example_dags/example_complex.py for tasks to queue
[2024-08-09T20:09:18.937+0200] {logging_mixin.py:188} INFO - [2024-08-09T20:09:18.937+0200] {dagbag.py:545} INFO - Filling up the DagBag from /home/bvpelt/Develop/airflowtut/py_env/lib/python3.10/site-packages/airflow/example_dags/example_complex.py
[2024-08-09T20:09:18.943+0200] {processor.py:840} INFO - DAG(s) 'example_complex' retrieved from /home/bvpelt/Develop/airflowtut/py_env/lib/python3.10/site-packages/airflow/example_dags/example_complex.py
[2024-08-09T20:09:18.961+0200] {logging_mixin.py:188} INFO - [2024-08-09T20:09:18.961+0200] {dag.py:3089} INFO - Sync 1 DAGs
[2024-08-09T20:09:18.968+0200] {logging_mixin.py:188} INFO - [2024-08-09T20:09:18.968+0200] {dag.py:3947} INFO - Setting next_dagrun for example_complex to None, run_after=None
[2024-08-09T20:09:19.062+0200] {processor.py:183} INFO - Processing /home/bvpelt/Develop/airflowtut/py_env/lib/python3.10/site-packages/airflow/example_dags/example_complex.py took 0.129 seconds
[2024-08-09T20:10:32.749+0200] {processor.py:161} INFO - Started process (PID=21835) to work on /home/bvpelt/Develop/airflowtut/py_env/lib/python3.10/site-packages/airflow/example_dags/example_complex.py
[2024-08-09T20:10:32.750+0200] {processor.py:830} INFO - Processing file /home/bvpelt/Develop/airflowtut/py_env/lib/python3.10/site-packages/airflow/example_dags/example_complex.py for tasks to queue
[2024-08-09T20:10:32.751+0200] {logging_mixin.py:188} INFO - [2024-08-09T20:10:32.750+0200] {dagbag.py:545} INFO - Filling up the DagBag from /home/bvpelt/Develop/airflowtut/py_env/lib/python3.10/site-packages/airflow/example_dags/example_complex.py
[2024-08-09T20:10:32.757+0200] {processor.py:840} INFO - DAG(s) 'example_complex' retrieved from /home/bvpelt/Develop/airflowtut/py_env/lib/python3.10/site-packages/airflow/example_dags/example_complex.py
[2024-08-09T20:10:32.774+0200] {logging_mixin.py:188} INFO - [2024-08-09T20:10:32.774+0200] {dag.py:3089} INFO - Sync 1 DAGs
[2024-08-09T20:10:32.780+0200] {logging_mixin.py:188} INFO - [2024-08-09T20:10:32.780+0200] {dag.py:3947} INFO - Setting next_dagrun for example_complex to None, run_after=None
[2024-08-09T20:10:32.867+0200] {processor.py:183} INFO - Processing /home/bvpelt/Develop/airflowtut/py_env/lib/python3.10/site-packages/airflow/example_dags/example_complex.py took 0.121 seconds
[2024-08-09T20:11:47.137+0200] {processor.py:161} INFO - Started process (PID=21916) to work on /home/bvpelt/Develop/airflowtut/py_env/lib/python3.10/site-packages/airflow/example_dags/example_complex.py
[2024-08-09T20:11:47.137+0200] {processor.py:830} INFO - Processing file /home/bvpelt/Develop/airflowtut/py_env/lib/python3.10/site-packages/airflow/example_dags/example_complex.py for tasks to queue
[2024-08-09T20:11:47.138+0200] {logging_mixin.py:188} INFO - [2024-08-09T20:11:47.138+0200] {dagbag.py:545} INFO - Filling up the DagBag from /home/bvpelt/Develop/airflowtut/py_env/lib/python3.10/site-packages/airflow/example_dags/example_complex.py
[2024-08-09T20:11:47.145+0200] {processor.py:840} INFO - DAG(s) 'example_complex' retrieved from /home/bvpelt/Develop/airflowtut/py_env/lib/python3.10/site-packages/airflow/example_dags/example_complex.py
[2024-08-09T20:11:47.160+0200] {logging_mixin.py:188} INFO - [2024-08-09T20:11:47.160+0200] {dag.py:3089} INFO - Sync 1 DAGs
[2024-08-09T20:11:47.167+0200] {logging_mixin.py:188} INFO - [2024-08-09T20:11:47.167+0200] {dag.py:3947} INFO - Setting next_dagrun for example_complex to None, run_after=None
[2024-08-09T20:11:47.259+0200] {processor.py:183} INFO - Processing /home/bvpelt/Develop/airflowtut/py_env/lib/python3.10/site-packages/airflow/example_dags/example_complex.py took 0.125 seconds
[2024-08-09T20:13:02.586+0200] {processor.py:161} INFO - Started process (PID=22085) to work on /home/bvpelt/Develop/airflowtut/py_env/lib/python3.10/site-packages/airflow/example_dags/example_complex.py
[2024-08-09T20:13:02.586+0200] {processor.py:830} INFO - Processing file /home/bvpelt/Develop/airflowtut/py_env/lib/python3.10/site-packages/airflow/example_dags/example_complex.py for tasks to queue
[2024-08-09T20:13:02.587+0200] {logging_mixin.py:188} INFO - [2024-08-09T20:13:02.587+0200] {dagbag.py:545} INFO - Filling up the DagBag from /home/bvpelt/Develop/airflowtut/py_env/lib/python3.10/site-packages/airflow/example_dags/example_complex.py
[2024-08-09T20:13:02.594+0200] {processor.py:840} INFO - DAG(s) 'example_complex' retrieved from /home/bvpelt/Develop/airflowtut/py_env/lib/python3.10/site-packages/airflow/example_dags/example_complex.py
[2024-08-09T20:13:02.610+0200] {logging_mixin.py:188} INFO - [2024-08-09T20:13:02.610+0200] {dag.py:3089} INFO - Sync 1 DAGs
[2024-08-09T20:13:02.617+0200] {logging_mixin.py:188} INFO - [2024-08-09T20:13:02.616+0200] {dag.py:3947} INFO - Setting next_dagrun for example_complex to None, run_after=None
[2024-08-09T20:13:02.692+0200] {processor.py:183} INFO - Processing /home/bvpelt/Develop/airflowtut/py_env/lib/python3.10/site-packages/airflow/example_dags/example_complex.py took 0.109 seconds
[2024-08-09T20:13:58.420+0200] {processor.py:161} INFO - Started process (PID=22152) to work on /home/bvpelt/Develop/airflowtut/py_env/lib/python3.10/site-packages/airflow/example_dags/example_complex.py
[2024-08-09T20:13:58.420+0200] {processor.py:830} INFO - Processing file /home/bvpelt/Develop/airflowtut/py_env/lib/python3.10/site-packages/airflow/example_dags/example_complex.py for tasks to queue
[2024-08-09T20:13:58.421+0200] {logging_mixin.py:188} INFO - [2024-08-09T20:13:58.421+0200] {dagbag.py:545} INFO - Filling up the DagBag from /home/bvpelt/Develop/airflowtut/py_env/lib/python3.10/site-packages/airflow/example_dags/example_complex.py
[2024-08-09T20:13:58.428+0200] {processor.py:840} INFO - DAG(s) 'example_complex' retrieved from /home/bvpelt/Develop/airflowtut/py_env/lib/python3.10/site-packages/airflow/example_dags/example_complex.py
[2024-08-09T20:13:58.445+0200] {logging_mixin.py:188} INFO - [2024-08-09T20:13:58.445+0200] {dag.py:3089} INFO - Sync 1 DAGs
[2024-08-09T20:13:58.451+0200] {logging_mixin.py:188} INFO - [2024-08-09T20:13:58.451+0200] {dag.py:3947} INFO - Setting next_dagrun for example_complex to None, run_after=None
[2024-08-09T20:13:58.554+0200] {processor.py:183} INFO - Processing /home/bvpelt/Develop/airflowtut/py_env/lib/python3.10/site-packages/airflow/example_dags/example_complex.py took 0.138 seconds
[2024-08-09T20:15:09.349+0200] {processor.py:161} INFO - Started process (PID=22265) to work on /home/bvpelt/Develop/airflowtut/py_env/lib/python3.10/site-packages/airflow/example_dags/example_complex.py
[2024-08-09T20:15:09.349+0200] {processor.py:830} INFO - Processing file /home/bvpelt/Develop/airflowtut/py_env/lib/python3.10/site-packages/airflow/example_dags/example_complex.py for tasks to queue
[2024-08-09T20:15:09.350+0200] {logging_mixin.py:188} INFO - [2024-08-09T20:15:09.350+0200] {dagbag.py:545} INFO - Filling up the DagBag from /home/bvpelt/Develop/airflowtut/py_env/lib/python3.10/site-packages/airflow/example_dags/example_complex.py
[2024-08-09T20:15:09.356+0200] {processor.py:840} INFO - DAG(s) 'example_complex' retrieved from /home/bvpelt/Develop/airflowtut/py_env/lib/python3.10/site-packages/airflow/example_dags/example_complex.py
[2024-08-09T20:15:09.372+0200] {logging_mixin.py:188} INFO - [2024-08-09T20:15:09.372+0200] {dag.py:3089} INFO - Sync 1 DAGs
[2024-08-09T20:15:09.378+0200] {logging_mixin.py:188} INFO - [2024-08-09T20:15:09.378+0200] {dag.py:3947} INFO - Setting next_dagrun for example_complex to None, run_after=None
[2024-08-09T20:15:09.449+0200] {processor.py:183} INFO - Processing /home/bvpelt/Develop/airflowtut/py_env/lib/python3.10/site-packages/airflow/example_dags/example_complex.py took 0.104 seconds
[2024-08-09T20:16:20.938+0200] {processor.py:161} INFO - Started process (PID=22350) to work on /home/bvpelt/Develop/airflowtut/py_env/lib/python3.10/site-packages/airflow/example_dags/example_complex.py
[2024-08-09T20:16:20.939+0200] {processor.py:830} INFO - Processing file /home/bvpelt/Develop/airflowtut/py_env/lib/python3.10/site-packages/airflow/example_dags/example_complex.py for tasks to queue
[2024-08-09T20:16:20.940+0200] {logging_mixin.py:188} INFO - [2024-08-09T20:16:20.939+0200] {dagbag.py:545} INFO - Filling up the DagBag from /home/bvpelt/Develop/airflowtut/py_env/lib/python3.10/site-packages/airflow/example_dags/example_complex.py
[2024-08-09T20:16:20.946+0200] {processor.py:840} INFO - DAG(s) 'example_complex' retrieved from /home/bvpelt/Develop/airflowtut/py_env/lib/python3.10/site-packages/airflow/example_dags/example_complex.py
[2024-08-09T20:16:20.962+0200] {logging_mixin.py:188} INFO - [2024-08-09T20:16:20.962+0200] {dag.py:3089} INFO - Sync 1 DAGs
[2024-08-09T20:16:20.968+0200] {logging_mixin.py:188} INFO - [2024-08-09T20:16:20.968+0200] {dag.py:3947} INFO - Setting next_dagrun for example_complex to None, run_after=None
[2024-08-09T20:16:21.039+0200] {processor.py:183} INFO - Processing /home/bvpelt/Develop/airflowtut/py_env/lib/python3.10/site-packages/airflow/example_dags/example_complex.py took 0.104 seconds
