[2024-08-09T19:42:49.253+0200] {processor.py:161} INFO - Started process (PID=17671) to work on /home/bvpelt/Develop/airflowtut/py_env/lib/python3.10/site-packages/airflow/example_dags/example_sensor_decorator.py
[2024-08-09T19:42:49.255+0200] {processor.py:830} INFO - Processing file /home/bvpelt/Develop/airflowtut/py_env/lib/python3.10/site-packages/airflow/example_dags/example_sensor_decorator.py for tasks to queue
[2024-08-09T19:42:49.260+0200] {logging_mixin.py:188} INFO - [2024-08-09T19:42:49.259+0200] {dagbag.py:545} INFO - Filling up the DagBag from /home/bvpelt/Develop/airflowtut/py_env/lib/python3.10/site-packages/airflow/example_dags/example_sensor_decorator.py
[2024-08-09T19:42:49.269+0200] {processor.py:840} INFO - DAG(s) 'example_sensor_decorator' retrieved from /home/bvpelt/Develop/airflowtut/py_env/lib/python3.10/site-packages/airflow/example_dags/example_sensor_decorator.py
[2024-08-09T19:42:49.516+0200] {logging_mixin.py:188} INFO - [2024-08-09T19:42:49.514+0200] {override.py:1858} INFO - Created Permission View: can edit on DAG:example_sensor_decorator
[2024-08-09T19:42:49.615+0200] {logging_mixin.py:188} INFO - [2024-08-09T19:42:49.614+0200] {override.py:1858} INFO - Created Permission View: can read on DAG:example_sensor_decorator
[2024-08-09T19:42:49.698+0200] {logging_mixin.py:188} INFO - [2024-08-09T19:42:49.698+0200] {override.py:1858} INFO - Created Permission View: can delete on DAG:example_sensor_decorator
[2024-08-09T19:42:49.700+0200] {logging_mixin.py:188} INFO - [2024-08-09T19:42:49.699+0200] {dag.py:3089} INFO - Sync 1 DAGs
[2024-08-09T19:42:49.731+0200] {logging_mixin.py:188} INFO - [2024-08-09T19:42:49.731+0200] {dag.py:3111} INFO - Creating ORM DAG for example_sensor_decorator
[2024-08-09T19:42:49.732+0200] {logging_mixin.py:188} INFO - [2024-08-09T19:42:49.732+0200] {dag.py:3947} INFO - Setting next_dagrun for example_sensor_decorator to None, run_after=None
[2024-08-09T19:42:49.874+0200] {processor.py:183} INFO - Processing /home/bvpelt/Develop/airflowtut/py_env/lib/python3.10/site-packages/airflow/example_dags/example_sensor_decorator.py took 0.636 seconds
[2024-08-09T19:44:01.164+0200] {processor.py:161} INFO - Started process (PID=17896) to work on /home/bvpelt/Develop/airflowtut/py_env/lib/python3.10/site-packages/airflow/example_dags/example_sensor_decorator.py
[2024-08-09T19:44:01.165+0200] {processor.py:830} INFO - Processing file /home/bvpelt/Develop/airflowtut/py_env/lib/python3.10/site-packages/airflow/example_dags/example_sensor_decorator.py for tasks to queue
[2024-08-09T19:44:01.166+0200] {logging_mixin.py:188} INFO - [2024-08-09T19:44:01.166+0200] {dagbag.py:545} INFO - Filling up the DagBag from /home/bvpelt/Develop/airflowtut/py_env/lib/python3.10/site-packages/airflow/example_dags/example_sensor_decorator.py
[2024-08-09T19:44:01.169+0200] {processor.py:840} INFO - DAG(s) 'example_sensor_decorator' retrieved from /home/bvpelt/Develop/airflowtut/py_env/lib/python3.10/site-packages/airflow/example_dags/example_sensor_decorator.py
[2024-08-09T19:44:01.178+0200] {logging_mixin.py:188} INFO - [2024-08-09T19:44:01.178+0200] {dag.py:3089} INFO - Sync 1 DAGs
[2024-08-09T19:44:01.185+0200] {logging_mixin.py:188} INFO - [2024-08-09T19:44:01.185+0200] {dag.py:3947} INFO - Setting next_dagrun for example_sensor_decorator to None, run_after=None
[2024-08-09T19:44:01.274+0200] {processor.py:183} INFO - Processing /home/bvpelt/Develop/airflowtut/py_env/lib/python3.10/site-packages/airflow/example_dags/example_sensor_decorator.py took 0.113 seconds
[2024-08-09T19:44:57.046+0200] {processor.py:161} INFO - Started process (PID=18196) to work on /home/bvpelt/Develop/airflowtut/py_env/lib/python3.10/site-packages/airflow/example_dags/example_sensor_decorator.py
[2024-08-09T19:44:57.048+0200] {processor.py:830} INFO - Processing file /home/bvpelt/Develop/airflowtut/py_env/lib/python3.10/site-packages/airflow/example_dags/example_sensor_decorator.py for tasks to queue
[2024-08-09T19:44:57.050+0200] {logging_mixin.py:188} INFO - [2024-08-09T19:44:57.049+0200] {dagbag.py:545} INFO - Filling up the DagBag from /home/bvpelt/Develop/airflowtut/py_env/lib/python3.10/site-packages/airflow/example_dags/example_sensor_decorator.py
[2024-08-09T19:44:57.057+0200] {processor.py:840} INFO - DAG(s) 'example_sensor_decorator' retrieved from /home/bvpelt/Develop/airflowtut/py_env/lib/python3.10/site-packages/airflow/example_dags/example_sensor_decorator.py
[2024-08-09T19:44:57.070+0200] {logging_mixin.py:188} INFO - [2024-08-09T19:44:57.069+0200] {dag.py:3089} INFO - Sync 1 DAGs
[2024-08-09T19:44:57.077+0200] {logging_mixin.py:188} INFO - [2024-08-09T19:44:57.077+0200] {dag.py:3947} INFO - Setting next_dagrun for example_sensor_decorator to None, run_after=None
[2024-08-09T19:44:57.153+0200] {processor.py:183} INFO - Processing /home/bvpelt/Develop/airflowtut/py_env/lib/python3.10/site-packages/airflow/example_dags/example_sensor_decorator.py took 0.119 seconds
[2024-08-09T19:46:05.704+0200] {processor.py:161} INFO - Started process (PID=18514) to work on /home/bvpelt/Develop/airflowtut/py_env/lib/python3.10/site-packages/airflow/example_dags/example_sensor_decorator.py
[2024-08-09T19:46:05.704+0200] {processor.py:830} INFO - Processing file /home/bvpelt/Develop/airflowtut/py_env/lib/python3.10/site-packages/airflow/example_dags/example_sensor_decorator.py for tasks to queue
[2024-08-09T19:46:05.705+0200] {logging_mixin.py:188} INFO - [2024-08-09T19:46:05.705+0200] {dagbag.py:545} INFO - Filling up the DagBag from /home/bvpelt/Develop/airflowtut/py_env/lib/python3.10/site-packages/airflow/example_dags/example_sensor_decorator.py
[2024-08-09T19:46:05.708+0200] {processor.py:840} INFO - DAG(s) 'example_sensor_decorator' retrieved from /home/bvpelt/Develop/airflowtut/py_env/lib/python3.10/site-packages/airflow/example_dags/example_sensor_decorator.py
[2024-08-09T19:46:05.717+0200] {logging_mixin.py:188} INFO - [2024-08-09T19:46:05.717+0200] {dag.py:3089} INFO - Sync 1 DAGs
[2024-08-09T19:46:05.724+0200] {logging_mixin.py:188} INFO - [2024-08-09T19:46:05.724+0200] {dag.py:3947} INFO - Setting next_dagrun for example_sensor_decorator to None, run_after=None
[2024-08-09T19:46:05.803+0200] {processor.py:183} INFO - Processing /home/bvpelt/Develop/airflowtut/py_env/lib/python3.10/site-packages/airflow/example_dags/example_sensor_decorator.py took 0.102 seconds
[2024-08-09T19:47:13.759+0200] {processor.py:161} INFO - Started process (PID=18823) to work on /home/bvpelt/Develop/airflowtut/py_env/lib/python3.10/site-packages/airflow/example_dags/example_sensor_decorator.py
[2024-08-09T19:47:13.759+0200] {processor.py:830} INFO - Processing file /home/bvpelt/Develop/airflowtut/py_env/lib/python3.10/site-packages/airflow/example_dags/example_sensor_decorator.py for tasks to queue
[2024-08-09T19:47:13.760+0200] {logging_mixin.py:188} INFO - [2024-08-09T19:47:13.760+0200] {dagbag.py:545} INFO - Filling up the DagBag from /home/bvpelt/Develop/airflowtut/py_env/lib/python3.10/site-packages/airflow/example_dags/example_sensor_decorator.py
[2024-08-09T19:47:13.763+0200] {processor.py:840} INFO - DAG(s) 'example_sensor_decorator' retrieved from /home/bvpelt/Develop/airflowtut/py_env/lib/python3.10/site-packages/airflow/example_dags/example_sensor_decorator.py
[2024-08-09T19:47:13.771+0200] {logging_mixin.py:188} INFO - [2024-08-09T19:47:13.771+0200] {dag.py:3089} INFO - Sync 1 DAGs
[2024-08-09T19:47:13.777+0200] {logging_mixin.py:188} INFO - [2024-08-09T19:47:13.777+0200] {dag.py:3947} INFO - Setting next_dagrun for example_sensor_decorator to None, run_after=None
[2024-08-09T19:47:13.867+0200] {processor.py:183} INFO - Processing /home/bvpelt/Develop/airflowtut/py_env/lib/python3.10/site-packages/airflow/example_dags/example_sensor_decorator.py took 0.111 seconds
[2024-08-09T19:48:04.656+0200] {processor.py:161} INFO - Started process (PID=19022) to work on /home/bvpelt/Develop/airflowtut/py_env/lib/python3.10/site-packages/airflow/example_dags/example_sensor_decorator.py
[2024-08-09T19:48:04.656+0200] {processor.py:830} INFO - Processing file /home/bvpelt/Develop/airflowtut/py_env/lib/python3.10/site-packages/airflow/example_dags/example_sensor_decorator.py for tasks to queue
[2024-08-09T19:48:04.657+0200] {logging_mixin.py:188} INFO - [2024-08-09T19:48:04.657+0200] {dagbag.py:545} INFO - Filling up the DagBag from /home/bvpelt/Develop/airflowtut/py_env/lib/python3.10/site-packages/airflow/example_dags/example_sensor_decorator.py
[2024-08-09T19:48:04.661+0200] {processor.py:840} INFO - DAG(s) 'example_sensor_decorator' retrieved from /home/bvpelt/Develop/airflowtut/py_env/lib/python3.10/site-packages/airflow/example_dags/example_sensor_decorator.py
[2024-08-09T19:48:04.670+0200] {logging_mixin.py:188} INFO - [2024-08-09T19:48:04.669+0200] {dag.py:3089} INFO - Sync 1 DAGs
[2024-08-09T19:48:04.676+0200] {logging_mixin.py:188} INFO - [2024-08-09T19:48:04.676+0200] {dag.py:3947} INFO - Setting next_dagrun for example_sensor_decorator to None, run_after=None
[2024-08-09T19:48:04.789+0200] {processor.py:183} INFO - Processing /home/bvpelt/Develop/airflowtut/py_env/lib/python3.10/site-packages/airflow/example_dags/example_sensor_decorator.py took 0.137 seconds
[2024-08-09T19:48:54.673+0200] {processor.py:161} INFO - Started process (PID=19132) to work on /home/bvpelt/Develop/airflowtut/py_env/lib/python3.10/site-packages/airflow/example_dags/example_sensor_decorator.py
[2024-08-09T19:48:54.674+0200] {processor.py:830} INFO - Processing file /home/bvpelt/Develop/airflowtut/py_env/lib/python3.10/site-packages/airflow/example_dags/example_sensor_decorator.py for tasks to queue
[2024-08-09T19:48:54.675+0200] {logging_mixin.py:188} INFO - [2024-08-09T19:48:54.674+0200] {dagbag.py:545} INFO - Filling up the DagBag from /home/bvpelt/Develop/airflowtut/py_env/lib/python3.10/site-packages/airflow/example_dags/example_sensor_decorator.py
[2024-08-09T19:48:54.678+0200] {processor.py:840} INFO - DAG(s) 'example_sensor_decorator' retrieved from /home/bvpelt/Develop/airflowtut/py_env/lib/python3.10/site-packages/airflow/example_dags/example_sensor_decorator.py
[2024-08-09T19:48:54.686+0200] {logging_mixin.py:188} INFO - [2024-08-09T19:48:54.686+0200] {dag.py:3089} INFO - Sync 1 DAGs
[2024-08-09T19:48:54.693+0200] {logging_mixin.py:188} INFO - [2024-08-09T19:48:54.693+0200] {dag.py:3947} INFO - Setting next_dagrun for example_sensor_decorator to None, run_after=None
[2024-08-09T19:48:54.781+0200] {processor.py:183} INFO - Processing /home/bvpelt/Develop/airflowtut/py_env/lib/python3.10/site-packages/airflow/example_dags/example_sensor_decorator.py took 0.112 seconds
[2024-08-09T19:49:45.338+0200] {processor.py:161} INFO - Started process (PID=19236) to work on /home/bvpelt/Develop/airflowtut/py_env/lib/python3.10/site-packages/airflow/example_dags/example_sensor_decorator.py
[2024-08-09T19:49:45.353+0200] {processor.py:830} INFO - Processing file /home/bvpelt/Develop/airflowtut/py_env/lib/python3.10/site-packages/airflow/example_dags/example_sensor_decorator.py for tasks to queue
[2024-08-09T19:49:45.354+0200] {logging_mixin.py:188} INFO - [2024-08-09T19:49:45.354+0200] {dagbag.py:545} INFO - Filling up the DagBag from /home/bvpelt/Develop/airflowtut/py_env/lib/python3.10/site-packages/airflow/example_dags/example_sensor_decorator.py
[2024-08-09T19:49:45.358+0200] {processor.py:840} INFO - DAG(s) 'example_sensor_decorator' retrieved from /home/bvpelt/Develop/airflowtut/py_env/lib/python3.10/site-packages/airflow/example_dags/example_sensor_decorator.py
[2024-08-09T19:49:45.423+0200] {logging_mixin.py:188} INFO - [2024-08-09T19:49:45.423+0200] {dag.py:3089} INFO - Sync 1 DAGs
[2024-08-09T19:49:45.510+0200] {logging_mixin.py:188} INFO - [2024-08-09T19:49:45.509+0200] {dag.py:3947} INFO - Setting next_dagrun for example_sensor_decorator to None, run_after=None
[2024-08-09T19:49:45.607+0200] {processor.py:183} INFO - Processing /home/bvpelt/Develop/airflowtut/py_env/lib/python3.10/site-packages/airflow/example_dags/example_sensor_decorator.py took 0.274 seconds
[2024-08-09T19:50:39.174+0200] {processor.py:161} INFO - Started process (PID=19374) to work on /home/bvpelt/Develop/airflowtut/py_env/lib/python3.10/site-packages/airflow/example_dags/example_sensor_decorator.py
[2024-08-09T19:50:39.240+0200] {processor.py:830} INFO - Processing file /home/bvpelt/Develop/airflowtut/py_env/lib/python3.10/site-packages/airflow/example_dags/example_sensor_decorator.py for tasks to queue
[2024-08-09T19:50:39.244+0200] {logging_mixin.py:188} INFO - [2024-08-09T19:50:39.243+0200] {dagbag.py:545} INFO - Filling up the DagBag from /home/bvpelt/Develop/airflowtut/py_env/lib/python3.10/site-packages/airflow/example_dags/example_sensor_decorator.py
[2024-08-09T19:50:39.248+0200] {processor.py:840} INFO - DAG(s) 'example_sensor_decorator' retrieved from /home/bvpelt/Develop/airflowtut/py_env/lib/python3.10/site-packages/airflow/example_dags/example_sensor_decorator.py
[2024-08-09T19:50:39.256+0200] {logging_mixin.py:188} INFO - [2024-08-09T19:50:39.256+0200] {dag.py:3089} INFO - Sync 1 DAGs
[2024-08-09T19:50:39.262+0200] {logging_mixin.py:188} INFO - [2024-08-09T19:50:39.262+0200] {dag.py:3947} INFO - Setting next_dagrun for example_sensor_decorator to None, run_after=None
[2024-08-09T19:50:39.336+0200] {processor.py:183} INFO - Processing /home/bvpelt/Develop/airflowtut/py_env/lib/python3.10/site-packages/airflow/example_dags/example_sensor_decorator.py took 0.165 seconds
[2024-08-09T19:51:29.009+0200] {processor.py:161} INFO - Started process (PID=19526) to work on /home/bvpelt/Develop/airflowtut/py_env/lib/python3.10/site-packages/airflow/example_dags/example_sensor_decorator.py
[2024-08-09T19:51:29.023+0200] {processor.py:830} INFO - Processing file /home/bvpelt/Develop/airflowtut/py_env/lib/python3.10/site-packages/airflow/example_dags/example_sensor_decorator.py for tasks to queue
[2024-08-09T19:51:29.027+0200] {logging_mixin.py:188} INFO - [2024-08-09T19:51:29.026+0200] {dagbag.py:545} INFO - Filling up the DagBag from /home/bvpelt/Develop/airflowtut/py_env/lib/python3.10/site-packages/airflow/example_dags/example_sensor_decorator.py
[2024-08-09T19:51:29.043+0200] {processor.py:840} INFO - DAG(s) 'example_sensor_decorator' retrieved from /home/bvpelt/Develop/airflowtut/py_env/lib/python3.10/site-packages/airflow/example_dags/example_sensor_decorator.py
[2024-08-09T19:51:29.063+0200] {logging_mixin.py:188} INFO - [2024-08-09T19:51:29.063+0200] {dag.py:3089} INFO - Sync 1 DAGs
[2024-08-09T19:51:29.070+0200] {logging_mixin.py:188} INFO - [2024-08-09T19:51:29.070+0200] {dag.py:3947} INFO - Setting next_dagrun for example_sensor_decorator to None, run_after=None
[2024-08-09T19:51:29.147+0200] {processor.py:183} INFO - Processing /home/bvpelt/Develop/airflowtut/py_env/lib/python3.10/site-packages/airflow/example_dags/example_sensor_decorator.py took 0.142 seconds
[2024-08-09T19:52:47.405+0200] {processor.py:161} INFO - Started process (PID=20053) to work on /home/bvpelt/Develop/airflowtut/py_env/lib/python3.10/site-packages/airflow/example_dags/example_sensor_decorator.py
[2024-08-09T19:52:47.423+0200] {processor.py:830} INFO - Processing file /home/bvpelt/Develop/airflowtut/py_env/lib/python3.10/site-packages/airflow/example_dags/example_sensor_decorator.py for tasks to queue
[2024-08-09T19:52:47.425+0200] {logging_mixin.py:188} INFO - [2024-08-09T19:52:47.425+0200] {dagbag.py:545} INFO - Filling up the DagBag from /home/bvpelt/Develop/airflowtut/py_env/lib/python3.10/site-packages/airflow/example_dags/example_sensor_decorator.py
[2024-08-09T19:52:47.431+0200] {processor.py:840} INFO - DAG(s) 'example_sensor_decorator' retrieved from /home/bvpelt/Develop/airflowtut/py_env/lib/python3.10/site-packages/airflow/example_dags/example_sensor_decorator.py
[2024-08-09T19:52:47.445+0200] {logging_mixin.py:188} INFO - [2024-08-09T19:52:47.444+0200] {dag.py:3089} INFO - Sync 1 DAGs
[2024-08-09T19:52:47.455+0200] {logging_mixin.py:188} INFO - [2024-08-09T19:52:47.455+0200] {dag.py:3947} INFO - Setting next_dagrun for example_sensor_decorator to None, run_after=None
[2024-08-09T19:52:47.550+0200] {processor.py:183} INFO - Processing /home/bvpelt/Develop/airflowtut/py_env/lib/python3.10/site-packages/airflow/example_dags/example_sensor_decorator.py took 0.151 seconds
[2024-08-09T19:53:44.253+0200] {processor.py:161} INFO - Started process (PID=20114) to work on /home/bvpelt/Develop/airflowtut/py_env/lib/python3.10/site-packages/airflow/example_dags/example_sensor_decorator.py
[2024-08-09T19:53:44.285+0200] {processor.py:830} INFO - Processing file /home/bvpelt/Develop/airflowtut/py_env/lib/python3.10/site-packages/airflow/example_dags/example_sensor_decorator.py for tasks to queue
[2024-08-09T19:53:44.287+0200] {logging_mixin.py:188} INFO - [2024-08-09T19:53:44.286+0200] {dagbag.py:545} INFO - Filling up the DagBag from /home/bvpelt/Develop/airflowtut/py_env/lib/python3.10/site-packages/airflow/example_dags/example_sensor_decorator.py
[2024-08-09T19:53:44.292+0200] {processor.py:840} INFO - DAG(s) 'example_sensor_decorator' retrieved from /home/bvpelt/Develop/airflowtut/py_env/lib/python3.10/site-packages/airflow/example_dags/example_sensor_decorator.py
[2024-08-09T19:53:44.301+0200] {logging_mixin.py:188} INFO - [2024-08-09T19:53:44.300+0200] {dag.py:3089} INFO - Sync 1 DAGs
[2024-08-09T19:53:44.307+0200] {logging_mixin.py:188} INFO - [2024-08-09T19:53:44.307+0200] {dag.py:3947} INFO - Setting next_dagrun for example_sensor_decorator to None, run_after=None
[2024-08-09T19:53:44.394+0200] {processor.py:183} INFO - Processing /home/bvpelt/Develop/airflowtut/py_env/lib/python3.10/site-packages/airflow/example_dags/example_sensor_decorator.py took 0.144 seconds
[2024-08-09T19:54:36.317+0200] {processor.py:161} INFO - Started process (PID=20183) to work on /home/bvpelt/Develop/airflowtut/py_env/lib/python3.10/site-packages/airflow/example_dags/example_sensor_decorator.py
[2024-08-09T19:54:36.318+0200] {processor.py:830} INFO - Processing file /home/bvpelt/Develop/airflowtut/py_env/lib/python3.10/site-packages/airflow/example_dags/example_sensor_decorator.py for tasks to queue
[2024-08-09T19:54:36.319+0200] {logging_mixin.py:188} INFO - [2024-08-09T19:54:36.318+0200] {dagbag.py:545} INFO - Filling up the DagBag from /home/bvpelt/Develop/airflowtut/py_env/lib/python3.10/site-packages/airflow/example_dags/example_sensor_decorator.py
[2024-08-09T19:54:36.322+0200] {processor.py:840} INFO - DAG(s) 'example_sensor_decorator' retrieved from /home/bvpelt/Develop/airflowtut/py_env/lib/python3.10/site-packages/airflow/example_dags/example_sensor_decorator.py
[2024-08-09T19:54:36.330+0200] {logging_mixin.py:188} INFO - [2024-08-09T19:54:36.330+0200] {dag.py:3089} INFO - Sync 1 DAGs
[2024-08-09T19:54:36.337+0200] {logging_mixin.py:188} INFO - [2024-08-09T19:54:36.337+0200] {dag.py:3947} INFO - Setting next_dagrun for example_sensor_decorator to None, run_after=None
[2024-08-09T19:54:36.440+0200] {processor.py:183} INFO - Processing /home/bvpelt/Develop/airflowtut/py_env/lib/python3.10/site-packages/airflow/example_dags/example_sensor_decorator.py took 0.126 seconds
[2024-08-09T19:55:27.392+0200] {processor.py:161} INFO - Started process (PID=20279) to work on /home/bvpelt/Develop/airflowtut/py_env/lib/python3.10/site-packages/airflow/example_dags/example_sensor_decorator.py
[2024-08-09T19:55:27.392+0200] {processor.py:830} INFO - Processing file /home/bvpelt/Develop/airflowtut/py_env/lib/python3.10/site-packages/airflow/example_dags/example_sensor_decorator.py for tasks to queue
[2024-08-09T19:55:27.393+0200] {logging_mixin.py:188} INFO - [2024-08-09T19:55:27.393+0200] {dagbag.py:545} INFO - Filling up the DagBag from /home/bvpelt/Develop/airflowtut/py_env/lib/python3.10/site-packages/airflow/example_dags/example_sensor_decorator.py
[2024-08-09T19:55:27.397+0200] {processor.py:840} INFO - DAG(s) 'example_sensor_decorator' retrieved from /home/bvpelt/Develop/airflowtut/py_env/lib/python3.10/site-packages/airflow/example_dags/example_sensor_decorator.py
[2024-08-09T19:55:27.404+0200] {logging_mixin.py:188} INFO - [2024-08-09T19:55:27.404+0200] {dag.py:3089} INFO - Sync 1 DAGs
[2024-08-09T19:55:27.411+0200] {logging_mixin.py:188} INFO - [2024-08-09T19:55:27.411+0200] {dag.py:3947} INFO - Setting next_dagrun for example_sensor_decorator to None, run_after=None
[2024-08-09T19:55:27.487+0200] {processor.py:183} INFO - Processing /home/bvpelt/Develop/airflowtut/py_env/lib/python3.10/site-packages/airflow/example_dags/example_sensor_decorator.py took 0.098 seconds
[2024-08-09T19:56:14.908+0200] {processor.py:161} INFO - Started process (PID=20343) to work on /home/bvpelt/Develop/airflowtut/py_env/lib/python3.10/site-packages/airflow/example_dags/example_sensor_decorator.py
[2024-08-09T19:56:14.909+0200] {processor.py:830} INFO - Processing file /home/bvpelt/Develop/airflowtut/py_env/lib/python3.10/site-packages/airflow/example_dags/example_sensor_decorator.py for tasks to queue
[2024-08-09T19:56:14.910+0200] {logging_mixin.py:188} INFO - [2024-08-09T19:56:14.910+0200] {dagbag.py:545} INFO - Filling up the DagBag from /home/bvpelt/Develop/airflowtut/py_env/lib/python3.10/site-packages/airflow/example_dags/example_sensor_decorator.py
[2024-08-09T19:56:14.914+0200] {processor.py:840} INFO - DAG(s) 'example_sensor_decorator' retrieved from /home/bvpelt/Develop/airflowtut/py_env/lib/python3.10/site-packages/airflow/example_dags/example_sensor_decorator.py
[2024-08-09T19:56:14.922+0200] {logging_mixin.py:188} INFO - [2024-08-09T19:56:14.922+0200] {dag.py:3089} INFO - Sync 1 DAGs
[2024-08-09T19:56:14.929+0200] {logging_mixin.py:188} INFO - [2024-08-09T19:56:14.929+0200] {dag.py:3947} INFO - Setting next_dagrun for example_sensor_decorator to None, run_after=None
[2024-08-09T19:56:15.029+0200] {processor.py:183} INFO - Processing /home/bvpelt/Develop/airflowtut/py_env/lib/python3.10/site-packages/airflow/example_dags/example_sensor_decorator.py took 0.124 seconds
[2024-08-09T19:57:03.705+0200] {processor.py:161} INFO - Started process (PID=20396) to work on /home/bvpelt/Develop/airflowtut/py_env/lib/python3.10/site-packages/airflow/example_dags/example_sensor_decorator.py
[2024-08-09T19:57:03.706+0200] {processor.py:830} INFO - Processing file /home/bvpelt/Develop/airflowtut/py_env/lib/python3.10/site-packages/airflow/example_dags/example_sensor_decorator.py for tasks to queue
[2024-08-09T19:57:03.707+0200] {logging_mixin.py:188} INFO - [2024-08-09T19:57:03.706+0200] {dagbag.py:545} INFO - Filling up the DagBag from /home/bvpelt/Develop/airflowtut/py_env/lib/python3.10/site-packages/airflow/example_dags/example_sensor_decorator.py
[2024-08-09T19:57:03.710+0200] {processor.py:840} INFO - DAG(s) 'example_sensor_decorator' retrieved from /home/bvpelt/Develop/airflowtut/py_env/lib/python3.10/site-packages/airflow/example_dags/example_sensor_decorator.py
[2024-08-09T19:57:03.719+0200] {logging_mixin.py:188} INFO - [2024-08-09T19:57:03.719+0200] {dag.py:3089} INFO - Sync 1 DAGs
[2024-08-09T19:57:03.725+0200] {logging_mixin.py:188} INFO - [2024-08-09T19:57:03.725+0200] {dag.py:3947} INFO - Setting next_dagrun for example_sensor_decorator to None, run_after=None
[2024-08-09T19:57:03.800+0200] {processor.py:183} INFO - Processing /home/bvpelt/Develop/airflowtut/py_env/lib/python3.10/site-packages/airflow/example_dags/example_sensor_decorator.py took 0.098 seconds
[2024-08-09T19:57:55.185+0200] {processor.py:161} INFO - Started process (PID=20522) to work on /home/bvpelt/Develop/airflowtut/py_env/lib/python3.10/site-packages/airflow/example_dags/example_sensor_decorator.py
[2024-08-09T19:57:55.185+0200] {processor.py:830} INFO - Processing file /home/bvpelt/Develop/airflowtut/py_env/lib/python3.10/site-packages/airflow/example_dags/example_sensor_decorator.py for tasks to queue
[2024-08-09T19:57:55.186+0200] {logging_mixin.py:188} INFO - [2024-08-09T19:57:55.186+0200] {dagbag.py:545} INFO - Filling up the DagBag from /home/bvpelt/Develop/airflowtut/py_env/lib/python3.10/site-packages/airflow/example_dags/example_sensor_decorator.py
[2024-08-09T19:57:55.190+0200] {processor.py:840} INFO - DAG(s) 'example_sensor_decorator' retrieved from /home/bvpelt/Develop/airflowtut/py_env/lib/python3.10/site-packages/airflow/example_dags/example_sensor_decorator.py
[2024-08-09T19:57:55.198+0200] {logging_mixin.py:188} INFO - [2024-08-09T19:57:55.198+0200] {dag.py:3089} INFO - Sync 1 DAGs
[2024-08-09T19:57:55.205+0200] {logging_mixin.py:188} INFO - [2024-08-09T19:57:55.205+0200] {dag.py:3947} INFO - Setting next_dagrun for example_sensor_decorator to None, run_after=None
[2024-08-09T19:57:55.308+0200] {processor.py:183} INFO - Processing /home/bvpelt/Develop/airflowtut/py_env/lib/python3.10/site-packages/airflow/example_dags/example_sensor_decorator.py took 0.127 seconds
[2024-08-09T19:58:50.579+0200] {processor.py:161} INFO - Started process (PID=20663) to work on /home/bvpelt/Develop/airflowtut/py_env/lib/python3.10/site-packages/airflow/example_dags/example_sensor_decorator.py
[2024-08-09T19:58:50.579+0200] {processor.py:830} INFO - Processing file /home/bvpelt/Develop/airflowtut/py_env/lib/python3.10/site-packages/airflow/example_dags/example_sensor_decorator.py for tasks to queue
[2024-08-09T19:58:50.580+0200] {logging_mixin.py:188} INFO - [2024-08-09T19:58:50.580+0200] {dagbag.py:545} INFO - Filling up the DagBag from /home/bvpelt/Develop/airflowtut/py_env/lib/python3.10/site-packages/airflow/example_dags/example_sensor_decorator.py
[2024-08-09T19:58:50.584+0200] {processor.py:840} INFO - DAG(s) 'example_sensor_decorator' retrieved from /home/bvpelt/Develop/airflowtut/py_env/lib/python3.10/site-packages/airflow/example_dags/example_sensor_decorator.py
[2024-08-09T19:58:50.592+0200] {logging_mixin.py:188} INFO - [2024-08-09T19:58:50.591+0200] {dag.py:3089} INFO - Sync 1 DAGs
[2024-08-09T19:58:50.598+0200] {logging_mixin.py:188} INFO - [2024-08-09T19:58:50.598+0200] {dag.py:3947} INFO - Setting next_dagrun for example_sensor_decorator to None, run_after=None
[2024-08-09T19:58:50.683+0200] {processor.py:183} INFO - Processing /home/bvpelt/Develop/airflowtut/py_env/lib/python3.10/site-packages/airflow/example_dags/example_sensor_decorator.py took 0.107 seconds
[2024-08-09T19:59:47.290+0200] {processor.py:161} INFO - Started process (PID=20721) to work on /home/bvpelt/Develop/airflowtut/py_env/lib/python3.10/site-packages/airflow/example_dags/example_sensor_decorator.py
[2024-08-09T19:59:47.290+0200] {processor.py:830} INFO - Processing file /home/bvpelt/Develop/airflowtut/py_env/lib/python3.10/site-packages/airflow/example_dags/example_sensor_decorator.py for tasks to queue
[2024-08-09T19:59:47.291+0200] {logging_mixin.py:188} INFO - [2024-08-09T19:59:47.291+0200] {dagbag.py:545} INFO - Filling up the DagBag from /home/bvpelt/Develop/airflowtut/py_env/lib/python3.10/site-packages/airflow/example_dags/example_sensor_decorator.py
[2024-08-09T19:59:47.294+0200] {processor.py:840} INFO - DAG(s) 'example_sensor_decorator' retrieved from /home/bvpelt/Develop/airflowtut/py_env/lib/python3.10/site-packages/airflow/example_dags/example_sensor_decorator.py
[2024-08-09T19:59:47.303+0200] {logging_mixin.py:188} INFO - [2024-08-09T19:59:47.303+0200] {dag.py:3089} INFO - Sync 1 DAGs
[2024-08-09T19:59:47.310+0200] {logging_mixin.py:188} INFO - [2024-08-09T19:59:47.310+0200] {dag.py:3947} INFO - Setting next_dagrun for example_sensor_decorator to None, run_after=None
[2024-08-09T19:59:47.402+0200] {processor.py:183} INFO - Processing /home/bvpelt/Develop/airflowtut/py_env/lib/python3.10/site-packages/airflow/example_dags/example_sensor_decorator.py took 0.116 seconds
[2024-08-09T20:00:36.070+0200] {processor.py:161} INFO - Started process (PID=20797) to work on /home/bvpelt/Develop/airflowtut/py_env/lib/python3.10/site-packages/airflow/example_dags/example_sensor_decorator.py
[2024-08-09T20:00:36.070+0200] {processor.py:830} INFO - Processing file /home/bvpelt/Develop/airflowtut/py_env/lib/python3.10/site-packages/airflow/example_dags/example_sensor_decorator.py for tasks to queue
[2024-08-09T20:00:36.071+0200] {logging_mixin.py:188} INFO - [2024-08-09T20:00:36.071+0200] {dagbag.py:545} INFO - Filling up the DagBag from /home/bvpelt/Develop/airflowtut/py_env/lib/python3.10/site-packages/airflow/example_dags/example_sensor_decorator.py
[2024-08-09T20:00:36.074+0200] {processor.py:840} INFO - DAG(s) 'example_sensor_decorator' retrieved from /home/bvpelt/Develop/airflowtut/py_env/lib/python3.10/site-packages/airflow/example_dags/example_sensor_decorator.py
[2024-08-09T20:00:36.083+0200] {logging_mixin.py:188} INFO - [2024-08-09T20:00:36.082+0200] {dag.py:3089} INFO - Sync 1 DAGs
[2024-08-09T20:00:36.089+0200] {logging_mixin.py:188} INFO - [2024-08-09T20:00:36.089+0200] {dag.py:3947} INFO - Setting next_dagrun for example_sensor_decorator to None, run_after=None
[2024-08-09T20:00:36.221+0200] {processor.py:183} INFO - Processing /home/bvpelt/Develop/airflowtut/py_env/lib/python3.10/site-packages/airflow/example_dags/example_sensor_decorator.py took 0.154 seconds
[2024-08-09T20:01:27.108+0200] {processor.py:161} INFO - Started process (PID=20857) to work on /home/bvpelt/Develop/airflowtut/py_env/lib/python3.10/site-packages/airflow/example_dags/example_sensor_decorator.py
[2024-08-09T20:01:27.109+0200] {processor.py:830} INFO - Processing file /home/bvpelt/Develop/airflowtut/py_env/lib/python3.10/site-packages/airflow/example_dags/example_sensor_decorator.py for tasks to queue
[2024-08-09T20:01:27.109+0200] {logging_mixin.py:188} INFO - [2024-08-09T20:01:27.109+0200] {dagbag.py:545} INFO - Filling up the DagBag from /home/bvpelt/Develop/airflowtut/py_env/lib/python3.10/site-packages/airflow/example_dags/example_sensor_decorator.py
[2024-08-09T20:01:27.113+0200] {processor.py:840} INFO - DAG(s) 'example_sensor_decorator' retrieved from /home/bvpelt/Develop/airflowtut/py_env/lib/python3.10/site-packages/airflow/example_dags/example_sensor_decorator.py
[2024-08-09T20:01:27.120+0200] {logging_mixin.py:188} INFO - [2024-08-09T20:01:27.120+0200] {dag.py:3089} INFO - Sync 1 DAGs
[2024-08-09T20:01:27.126+0200] {logging_mixin.py:188} INFO - [2024-08-09T20:01:27.126+0200] {dag.py:3947} INFO - Setting next_dagrun for example_sensor_decorator to None, run_after=None
[2024-08-09T20:01:27.225+0200] {processor.py:183} INFO - Processing /home/bvpelt/Develop/airflowtut/py_env/lib/python3.10/site-packages/airflow/example_dags/example_sensor_decorator.py took 0.120 seconds
[2024-08-09T20:02:17.303+0200] {processor.py:161} INFO - Started process (PID=21001) to work on /home/bvpelt/Develop/airflowtut/py_env/lib/python3.10/site-packages/airflow/example_dags/example_sensor_decorator.py
[2024-08-09T20:02:17.303+0200] {processor.py:830} INFO - Processing file /home/bvpelt/Develop/airflowtut/py_env/lib/python3.10/site-packages/airflow/example_dags/example_sensor_decorator.py for tasks to queue
[2024-08-09T20:02:17.304+0200] {logging_mixin.py:188} INFO - [2024-08-09T20:02:17.304+0200] {dagbag.py:545} INFO - Filling up the DagBag from /home/bvpelt/Develop/airflowtut/py_env/lib/python3.10/site-packages/airflow/example_dags/example_sensor_decorator.py
[2024-08-09T20:02:17.307+0200] {processor.py:840} INFO - DAG(s) 'example_sensor_decorator' retrieved from /home/bvpelt/Develop/airflowtut/py_env/lib/python3.10/site-packages/airflow/example_dags/example_sensor_decorator.py
[2024-08-09T20:02:17.316+0200] {logging_mixin.py:188} INFO - [2024-08-09T20:02:17.315+0200] {dag.py:3089} INFO - Sync 1 DAGs
[2024-08-09T20:02:17.322+0200] {logging_mixin.py:188} INFO - [2024-08-09T20:02:17.322+0200] {dag.py:3947} INFO - Setting next_dagrun for example_sensor_decorator to None, run_after=None
[2024-08-09T20:02:17.399+0200] {processor.py:183} INFO - Processing /home/bvpelt/Develop/airflowtut/py_env/lib/python3.10/site-packages/airflow/example_dags/example_sensor_decorator.py took 0.099 seconds
[2024-08-09T20:03:13.565+0200] {processor.py:161} INFO - Started process (PID=21083) to work on /home/bvpelt/Develop/airflowtut/py_env/lib/python3.10/site-packages/airflow/example_dags/example_sensor_decorator.py
[2024-08-09T20:03:13.584+0200] {processor.py:830} INFO - Processing file /home/bvpelt/Develop/airflowtut/py_env/lib/python3.10/site-packages/airflow/example_dags/example_sensor_decorator.py for tasks to queue
[2024-08-09T20:03:13.585+0200] {logging_mixin.py:188} INFO - [2024-08-09T20:03:13.585+0200] {dagbag.py:545} INFO - Filling up the DagBag from /home/bvpelt/Develop/airflowtut/py_env/lib/python3.10/site-packages/airflow/example_dags/example_sensor_decorator.py
[2024-08-09T20:03:13.589+0200] {processor.py:840} INFO - DAG(s) 'example_sensor_decorator' retrieved from /home/bvpelt/Develop/airflowtut/py_env/lib/python3.10/site-packages/airflow/example_dags/example_sensor_decorator.py
[2024-08-09T20:03:13.597+0200] {logging_mixin.py:188} INFO - [2024-08-09T20:03:13.597+0200] {dag.py:3089} INFO - Sync 1 DAGs
[2024-08-09T20:03:13.604+0200] {logging_mixin.py:188} INFO - [2024-08-09T20:03:13.603+0200] {dag.py:3947} INFO - Setting next_dagrun for example_sensor_decorator to None, run_after=None
[2024-08-09T20:03:13.684+0200] {processor.py:183} INFO - Processing /home/bvpelt/Develop/airflowtut/py_env/lib/python3.10/site-packages/airflow/example_dags/example_sensor_decorator.py took 0.122 seconds
[2024-08-09T20:04:09.345+0200] {processor.py:161} INFO - Started process (PID=21140) to work on /home/bvpelt/Develop/airflowtut/py_env/lib/python3.10/site-packages/airflow/example_dags/example_sensor_decorator.py
[2024-08-09T20:04:09.346+0200] {processor.py:830} INFO - Processing file /home/bvpelt/Develop/airflowtut/py_env/lib/python3.10/site-packages/airflow/example_dags/example_sensor_decorator.py for tasks to queue
[2024-08-09T20:04:09.346+0200] {logging_mixin.py:188} INFO - [2024-08-09T20:04:09.346+0200] {dagbag.py:545} INFO - Filling up the DagBag from /home/bvpelt/Develop/airflowtut/py_env/lib/python3.10/site-packages/airflow/example_dags/example_sensor_decorator.py
[2024-08-09T20:04:09.350+0200] {processor.py:840} INFO - DAG(s) 'example_sensor_decorator' retrieved from /home/bvpelt/Develop/airflowtut/py_env/lib/python3.10/site-packages/airflow/example_dags/example_sensor_decorator.py
[2024-08-09T20:04:09.358+0200] {logging_mixin.py:188} INFO - [2024-08-09T20:04:09.358+0200] {dag.py:3089} INFO - Sync 1 DAGs
[2024-08-09T20:04:09.364+0200] {logging_mixin.py:188} INFO - [2024-08-09T20:04:09.364+0200] {dag.py:3947} INFO - Setting next_dagrun for example_sensor_decorator to None, run_after=None
[2024-08-09T20:04:09.471+0200] {processor.py:183} INFO - Processing /home/bvpelt/Develop/airflowtut/py_env/lib/python3.10/site-packages/airflow/example_dags/example_sensor_decorator.py took 0.128 seconds
[2024-08-09T20:04:59.965+0200] {processor.py:161} INFO - Started process (PID=21261) to work on /home/bvpelt/Develop/airflowtut/py_env/lib/python3.10/site-packages/airflow/example_dags/example_sensor_decorator.py
[2024-08-09T20:04:59.966+0200] {processor.py:830} INFO - Processing file /home/bvpelt/Develop/airflowtut/py_env/lib/python3.10/site-packages/airflow/example_dags/example_sensor_decorator.py for tasks to queue
[2024-08-09T20:04:59.966+0200] {logging_mixin.py:188} INFO - [2024-08-09T20:04:59.966+0200] {dagbag.py:545} INFO - Filling up the DagBag from /home/bvpelt/Develop/airflowtut/py_env/lib/python3.10/site-packages/airflow/example_dags/example_sensor_decorator.py
[2024-08-09T20:04:59.970+0200] {processor.py:840} INFO - DAG(s) 'example_sensor_decorator' retrieved from /home/bvpelt/Develop/airflowtut/py_env/lib/python3.10/site-packages/airflow/example_dags/example_sensor_decorator.py
[2024-08-09T20:04:59.978+0200] {logging_mixin.py:188} INFO - [2024-08-09T20:04:59.978+0200] {dag.py:3089} INFO - Sync 1 DAGs
[2024-08-09T20:04:59.985+0200] {logging_mixin.py:188} INFO - [2024-08-09T20:04:59.985+0200] {dag.py:3947} INFO - Setting next_dagrun for example_sensor_decorator to None, run_after=None
[2024-08-09T20:05:00.200+0200] {processor.py:183} INFO - Processing /home/bvpelt/Develop/airflowtut/py_env/lib/python3.10/site-packages/airflow/example_dags/example_sensor_decorator.py took 0.238 seconds
[2024-08-09T20:05:55.848+0200] {processor.py:161} INFO - Started process (PID=21384) to work on /home/bvpelt/Develop/airflowtut/py_env/lib/python3.10/site-packages/airflow/example_dags/example_sensor_decorator.py
[2024-08-09T20:05:55.849+0200] {processor.py:830} INFO - Processing file /home/bvpelt/Develop/airflowtut/py_env/lib/python3.10/site-packages/airflow/example_dags/example_sensor_decorator.py for tasks to queue
[2024-08-09T20:05:55.850+0200] {logging_mixin.py:188} INFO - [2024-08-09T20:05:55.849+0200] {dagbag.py:545} INFO - Filling up the DagBag from /home/bvpelt/Develop/airflowtut/py_env/lib/python3.10/site-packages/airflow/example_dags/example_sensor_decorator.py
[2024-08-09T20:05:55.853+0200] {processor.py:840} INFO - DAG(s) 'example_sensor_decorator' retrieved from /home/bvpelt/Develop/airflowtut/py_env/lib/python3.10/site-packages/airflow/example_dags/example_sensor_decorator.py
[2024-08-09T20:05:55.863+0200] {logging_mixin.py:188} INFO - [2024-08-09T20:05:55.862+0200] {dag.py:3089} INFO - Sync 1 DAGs
[2024-08-09T20:05:55.870+0200] {logging_mixin.py:188} INFO - [2024-08-09T20:05:55.869+0200] {dag.py:3947} INFO - Setting next_dagrun for example_sensor_decorator to None, run_after=None
[2024-08-09T20:05:55.989+0200] {processor.py:183} INFO - Processing /home/bvpelt/Develop/airflowtut/py_env/lib/python3.10/site-packages/airflow/example_dags/example_sensor_decorator.py took 0.144 seconds
[2024-08-09T20:06:51.666+0200] {processor.py:161} INFO - Started process (PID=21477) to work on /home/bvpelt/Develop/airflowtut/py_env/lib/python3.10/site-packages/airflow/example_dags/example_sensor_decorator.py
[2024-08-09T20:06:51.667+0200] {processor.py:830} INFO - Processing file /home/bvpelt/Develop/airflowtut/py_env/lib/python3.10/site-packages/airflow/example_dags/example_sensor_decorator.py for tasks to queue
[2024-08-09T20:06:51.668+0200] {logging_mixin.py:188} INFO - [2024-08-09T20:06:51.668+0200] {dagbag.py:545} INFO - Filling up the DagBag from /home/bvpelt/Develop/airflowtut/py_env/lib/python3.10/site-packages/airflow/example_dags/example_sensor_decorator.py
[2024-08-09T20:06:51.671+0200] {processor.py:840} INFO - DAG(s) 'example_sensor_decorator' retrieved from /home/bvpelt/Develop/airflowtut/py_env/lib/python3.10/site-packages/airflow/example_dags/example_sensor_decorator.py
[2024-08-09T20:06:51.679+0200] {logging_mixin.py:188} INFO - [2024-08-09T20:06:51.679+0200] {dag.py:3089} INFO - Sync 1 DAGs
[2024-08-09T20:06:51.685+0200] {logging_mixin.py:188} INFO - [2024-08-09T20:06:51.685+0200] {dag.py:3947} INFO - Setting next_dagrun for example_sensor_decorator to None, run_after=None
[2024-08-09T20:06:51.852+0200] {processor.py:183} INFO - Processing /home/bvpelt/Develop/airflowtut/py_env/lib/python3.10/site-packages/airflow/example_dags/example_sensor_decorator.py took 0.189 seconds
[2024-08-09T20:07:42.902+0200] {processor.py:161} INFO - Started process (PID=21605) to work on /home/bvpelt/Develop/airflowtut/py_env/lib/python3.10/site-packages/airflow/example_dags/example_sensor_decorator.py
[2024-08-09T20:07:42.903+0200] {processor.py:830} INFO - Processing file /home/bvpelt/Develop/airflowtut/py_env/lib/python3.10/site-packages/airflow/example_dags/example_sensor_decorator.py for tasks to queue
[2024-08-09T20:07:42.904+0200] {logging_mixin.py:188} INFO - [2024-08-09T20:07:42.903+0200] {dagbag.py:545} INFO - Filling up the DagBag from /home/bvpelt/Develop/airflowtut/py_env/lib/python3.10/site-packages/airflow/example_dags/example_sensor_decorator.py
[2024-08-09T20:07:42.907+0200] {processor.py:840} INFO - DAG(s) 'example_sensor_decorator' retrieved from /home/bvpelt/Develop/airflowtut/py_env/lib/python3.10/site-packages/airflow/example_dags/example_sensor_decorator.py
[2024-08-09T20:07:42.914+0200] {logging_mixin.py:188} INFO - [2024-08-09T20:07:42.914+0200] {dag.py:3089} INFO - Sync 1 DAGs
[2024-08-09T20:07:42.921+0200] {logging_mixin.py:188} INFO - [2024-08-09T20:07:42.921+0200] {dag.py:3947} INFO - Setting next_dagrun for example_sensor_decorator to None, run_after=None
[2024-08-09T20:07:43.005+0200] {processor.py:183} INFO - Processing /home/bvpelt/Develop/airflowtut/py_env/lib/python3.10/site-packages/airflow/example_dags/example_sensor_decorator.py took 0.106 seconds
[2024-08-09T20:08:34.250+0200] {processor.py:161} INFO - Started process (PID=21691) to work on /home/bvpelt/Develop/airflowtut/py_env/lib/python3.10/site-packages/airflow/example_dags/example_sensor_decorator.py
[2024-08-09T20:08:34.250+0200] {processor.py:830} INFO - Processing file /home/bvpelt/Develop/airflowtut/py_env/lib/python3.10/site-packages/airflow/example_dags/example_sensor_decorator.py for tasks to queue
[2024-08-09T20:08:34.251+0200] {logging_mixin.py:188} INFO - [2024-08-09T20:08:34.251+0200] {dagbag.py:545} INFO - Filling up the DagBag from /home/bvpelt/Develop/airflowtut/py_env/lib/python3.10/site-packages/airflow/example_dags/example_sensor_decorator.py
[2024-08-09T20:08:34.255+0200] {processor.py:840} INFO - DAG(s) 'example_sensor_decorator' retrieved from /home/bvpelt/Develop/airflowtut/py_env/lib/python3.10/site-packages/airflow/example_dags/example_sensor_decorator.py
[2024-08-09T20:08:34.262+0200] {logging_mixin.py:188} INFO - [2024-08-09T20:08:34.262+0200] {dag.py:3089} INFO - Sync 1 DAGs
[2024-08-09T20:08:34.268+0200] {logging_mixin.py:188} INFO - [2024-08-09T20:08:34.268+0200] {dag.py:3947} INFO - Setting next_dagrun for example_sensor_decorator to None, run_after=None
[2024-08-09T20:08:34.338+0200] {processor.py:183} INFO - Processing /home/bvpelt/Develop/airflowtut/py_env/lib/python3.10/site-packages/airflow/example_dags/example_sensor_decorator.py took 0.092 seconds
[2024-08-09T20:09:27.229+0200] {processor.py:161} INFO - Started process (PID=21747) to work on /home/bvpelt/Develop/airflowtut/py_env/lib/python3.10/site-packages/airflow/example_dags/example_sensor_decorator.py
[2024-08-09T20:09:27.290+0200] {processor.py:830} INFO - Processing file /home/bvpelt/Develop/airflowtut/py_env/lib/python3.10/site-packages/airflow/example_dags/example_sensor_decorator.py for tasks to queue
[2024-08-09T20:09:27.294+0200] {logging_mixin.py:188} INFO - [2024-08-09T20:09:27.293+0200] {dagbag.py:545} INFO - Filling up the DagBag from /home/bvpelt/Develop/airflowtut/py_env/lib/python3.10/site-packages/airflow/example_dags/example_sensor_decorator.py
[2024-08-09T20:09:27.300+0200] {processor.py:840} INFO - DAG(s) 'example_sensor_decorator' retrieved from /home/bvpelt/Develop/airflowtut/py_env/lib/python3.10/site-packages/airflow/example_dags/example_sensor_decorator.py
[2024-08-09T20:09:27.308+0200] {logging_mixin.py:188} INFO - [2024-08-09T20:09:27.308+0200] {dag.py:3089} INFO - Sync 1 DAGs
[2024-08-09T20:09:27.314+0200] {logging_mixin.py:188} INFO - [2024-08-09T20:09:27.314+0200] {dag.py:3947} INFO - Setting next_dagrun for example_sensor_decorator to None, run_after=None
[2024-08-09T20:09:27.397+0200] {processor.py:183} INFO - Processing /home/bvpelt/Develop/airflowtut/py_env/lib/python3.10/site-packages/airflow/example_dags/example_sensor_decorator.py took 0.171 seconds
[2024-08-09T20:10:15.575+0200] {processor.py:161} INFO - Started process (PID=21818) to work on /home/bvpelt/Develop/airflowtut/py_env/lib/python3.10/site-packages/airflow/example_dags/example_sensor_decorator.py
[2024-08-09T20:10:15.588+0200] {processor.py:830} INFO - Processing file /home/bvpelt/Develop/airflowtut/py_env/lib/python3.10/site-packages/airflow/example_dags/example_sensor_decorator.py for tasks to queue
[2024-08-09T20:10:15.588+0200] {logging_mixin.py:188} INFO - [2024-08-09T20:10:15.588+0200] {dagbag.py:545} INFO - Filling up the DagBag from /home/bvpelt/Develop/airflowtut/py_env/lib/python3.10/site-packages/airflow/example_dags/example_sensor_decorator.py
[2024-08-09T20:10:15.592+0200] {processor.py:840} INFO - DAG(s) 'example_sensor_decorator' retrieved from /home/bvpelt/Develop/airflowtut/py_env/lib/python3.10/site-packages/airflow/example_dags/example_sensor_decorator.py
[2024-08-09T20:10:15.601+0200] {logging_mixin.py:188} INFO - [2024-08-09T20:10:15.601+0200] {dag.py:3089} INFO - Sync 1 DAGs
[2024-08-09T20:10:15.608+0200] {logging_mixin.py:188} INFO - [2024-08-09T20:10:15.608+0200] {dag.py:3947} INFO - Setting next_dagrun for example_sensor_decorator to None, run_after=None
[2024-08-09T20:10:15.719+0200] {processor.py:183} INFO - Processing /home/bvpelt/Develop/airflowtut/py_env/lib/python3.10/site-packages/airflow/example_dags/example_sensor_decorator.py took 0.147 seconds
[2024-08-09T20:11:06.358+0200] {processor.py:161} INFO - Started process (PID=21874) to work on /home/bvpelt/Develop/airflowtut/py_env/lib/python3.10/site-packages/airflow/example_dags/example_sensor_decorator.py
[2024-08-09T20:11:06.368+0200] {processor.py:830} INFO - Processing file /home/bvpelt/Develop/airflowtut/py_env/lib/python3.10/site-packages/airflow/example_dags/example_sensor_decorator.py for tasks to queue
[2024-08-09T20:11:06.369+0200] {logging_mixin.py:188} INFO - [2024-08-09T20:11:06.369+0200] {dagbag.py:545} INFO - Filling up the DagBag from /home/bvpelt/Develop/airflowtut/py_env/lib/python3.10/site-packages/airflow/example_dags/example_sensor_decorator.py
[2024-08-09T20:11:06.372+0200] {processor.py:840} INFO - DAG(s) 'example_sensor_decorator' retrieved from /home/bvpelt/Develop/airflowtut/py_env/lib/python3.10/site-packages/airflow/example_dags/example_sensor_decorator.py
[2024-08-09T20:11:06.381+0200] {logging_mixin.py:188} INFO - [2024-08-09T20:11:06.381+0200] {dag.py:3089} INFO - Sync 1 DAGs
[2024-08-09T20:11:06.388+0200] {logging_mixin.py:188} INFO - [2024-08-09T20:11:06.388+0200] {dag.py:3947} INFO - Setting next_dagrun for example_sensor_decorator to None, run_after=None
[2024-08-09T20:11:06.457+0200] {processor.py:183} INFO - Processing /home/bvpelt/Develop/airflowtut/py_env/lib/python3.10/site-packages/airflow/example_dags/example_sensor_decorator.py took 0.102 seconds
[2024-08-09T20:11:56.136+0200] {processor.py:161} INFO - Started process (PID=21924) to work on /home/bvpelt/Develop/airflowtut/py_env/lib/python3.10/site-packages/airflow/example_dags/example_sensor_decorator.py
[2024-08-09T20:11:56.159+0200] {processor.py:830} INFO - Processing file /home/bvpelt/Develop/airflowtut/py_env/lib/python3.10/site-packages/airflow/example_dags/example_sensor_decorator.py for tasks to queue
[2024-08-09T20:11:56.162+0200] {logging_mixin.py:188} INFO - [2024-08-09T20:11:56.161+0200] {dagbag.py:545} INFO - Filling up the DagBag from /home/bvpelt/Develop/airflowtut/py_env/lib/python3.10/site-packages/airflow/example_dags/example_sensor_decorator.py
[2024-08-09T20:11:56.166+0200] {processor.py:840} INFO - DAG(s) 'example_sensor_decorator' retrieved from /home/bvpelt/Develop/airflowtut/py_env/lib/python3.10/site-packages/airflow/example_dags/example_sensor_decorator.py
[2024-08-09T20:11:56.174+0200] {logging_mixin.py:188} INFO - [2024-08-09T20:11:56.174+0200] {dag.py:3089} INFO - Sync 1 DAGs
[2024-08-09T20:11:56.180+0200] {logging_mixin.py:188} INFO - [2024-08-09T20:11:56.180+0200] {dag.py:3947} INFO - Setting next_dagrun for example_sensor_decorator to None, run_after=None
[2024-08-09T20:11:56.320+0200] {processor.py:183} INFO - Processing /home/bvpelt/Develop/airflowtut/py_env/lib/python3.10/site-packages/airflow/example_dags/example_sensor_decorator.py took 0.187 seconds
[2024-08-09T20:12:46.004+0200] {processor.py:161} INFO - Started process (PID=22035) to work on /home/bvpelt/Develop/airflowtut/py_env/lib/python3.10/site-packages/airflow/example_dags/example_sensor_decorator.py
[2024-08-09T20:12:46.004+0200] {processor.py:830} INFO - Processing file /home/bvpelt/Develop/airflowtut/py_env/lib/python3.10/site-packages/airflow/example_dags/example_sensor_decorator.py for tasks to queue
[2024-08-09T20:12:46.005+0200] {logging_mixin.py:188} INFO - [2024-08-09T20:12:46.005+0200] {dagbag.py:545} INFO - Filling up the DagBag from /home/bvpelt/Develop/airflowtut/py_env/lib/python3.10/site-packages/airflow/example_dags/example_sensor_decorator.py
[2024-08-09T20:12:46.008+0200] {processor.py:840} INFO - DAG(s) 'example_sensor_decorator' retrieved from /home/bvpelt/Develop/airflowtut/py_env/lib/python3.10/site-packages/airflow/example_dags/example_sensor_decorator.py
[2024-08-09T20:12:46.016+0200] {logging_mixin.py:188} INFO - [2024-08-09T20:12:46.016+0200] {dag.py:3089} INFO - Sync 1 DAGs
[2024-08-09T20:12:46.023+0200] {logging_mixin.py:188} INFO - [2024-08-09T20:12:46.023+0200] {dag.py:3947} INFO - Setting next_dagrun for example_sensor_decorator to None, run_after=None
[2024-08-09T20:12:46.108+0200] {processor.py:183} INFO - Processing /home/bvpelt/Develop/airflowtut/py_env/lib/python3.10/site-packages/airflow/example_dags/example_sensor_decorator.py took 0.108 seconds
[2024-08-09T20:13:40.375+0200] {processor.py:161} INFO - Started process (PID=22122) to work on /home/bvpelt/Develop/airflowtut/py_env/lib/python3.10/site-packages/airflow/example_dags/example_sensor_decorator.py
[2024-08-09T20:13:40.393+0200] {processor.py:830} INFO - Processing file /home/bvpelt/Develop/airflowtut/py_env/lib/python3.10/site-packages/airflow/example_dags/example_sensor_decorator.py for tasks to queue
[2024-08-09T20:13:40.394+0200] {logging_mixin.py:188} INFO - [2024-08-09T20:13:40.393+0200] {dagbag.py:545} INFO - Filling up the DagBag from /home/bvpelt/Develop/airflowtut/py_env/lib/python3.10/site-packages/airflow/example_dags/example_sensor_decorator.py
[2024-08-09T20:13:40.398+0200] {processor.py:840} INFO - DAG(s) 'example_sensor_decorator' retrieved from /home/bvpelt/Develop/airflowtut/py_env/lib/python3.10/site-packages/airflow/example_dags/example_sensor_decorator.py
[2024-08-09T20:13:40.406+0200] {logging_mixin.py:188} INFO - [2024-08-09T20:13:40.406+0200] {dag.py:3089} INFO - Sync 1 DAGs
[2024-08-09T20:13:40.412+0200] {logging_mixin.py:188} INFO - [2024-08-09T20:13:40.412+0200] {dag.py:3947} INFO - Setting next_dagrun for example_sensor_decorator to None, run_after=None
[2024-08-09T20:13:40.493+0200] {processor.py:183} INFO - Processing /home/bvpelt/Develop/airflowtut/py_env/lib/python3.10/site-packages/airflow/example_dags/example_sensor_decorator.py took 0.121 seconds
[2024-08-09T20:14:33.851+0200] {processor.py:161} INFO - Started process (PID=22202) to work on /home/bvpelt/Develop/airflowtut/py_env/lib/python3.10/site-packages/airflow/example_dags/example_sensor_decorator.py
[2024-08-09T20:14:33.852+0200] {processor.py:830} INFO - Processing file /home/bvpelt/Develop/airflowtut/py_env/lib/python3.10/site-packages/airflow/example_dags/example_sensor_decorator.py for tasks to queue
[2024-08-09T20:14:33.852+0200] {logging_mixin.py:188} INFO - [2024-08-09T20:14:33.852+0200] {dagbag.py:545} INFO - Filling up the DagBag from /home/bvpelt/Develop/airflowtut/py_env/lib/python3.10/site-packages/airflow/example_dags/example_sensor_decorator.py
[2024-08-09T20:14:33.856+0200] {processor.py:840} INFO - DAG(s) 'example_sensor_decorator' retrieved from /home/bvpelt/Develop/airflowtut/py_env/lib/python3.10/site-packages/airflow/example_dags/example_sensor_decorator.py
[2024-08-09T20:14:33.863+0200] {logging_mixin.py:188} INFO - [2024-08-09T20:14:33.863+0200] {dag.py:3089} INFO - Sync 1 DAGs
[2024-08-09T20:14:33.870+0200] {logging_mixin.py:188} INFO - [2024-08-09T20:14:33.870+0200] {dag.py:3947} INFO - Setting next_dagrun for example_sensor_decorator to None, run_after=None
[2024-08-09T20:14:33.946+0200] {processor.py:183} INFO - Processing /home/bvpelt/Develop/airflowtut/py_env/lib/python3.10/site-packages/airflow/example_dags/example_sensor_decorator.py took 0.098 seconds
[2024-08-09T20:15:20.003+0200] {processor.py:161} INFO - Started process (PID=22277) to work on /home/bvpelt/Develop/airflowtut/py_env/lib/python3.10/site-packages/airflow/example_dags/example_sensor_decorator.py
[2024-08-09T20:15:20.004+0200] {processor.py:830} INFO - Processing file /home/bvpelt/Develop/airflowtut/py_env/lib/python3.10/site-packages/airflow/example_dags/example_sensor_decorator.py for tasks to queue
[2024-08-09T20:15:20.004+0200] {logging_mixin.py:188} INFO - [2024-08-09T20:15:20.004+0200] {dagbag.py:545} INFO - Filling up the DagBag from /home/bvpelt/Develop/airflowtut/py_env/lib/python3.10/site-packages/airflow/example_dags/example_sensor_decorator.py
[2024-08-09T20:15:20.008+0200] {processor.py:840} INFO - DAG(s) 'example_sensor_decorator' retrieved from /home/bvpelt/Develop/airflowtut/py_env/lib/python3.10/site-packages/airflow/example_dags/example_sensor_decorator.py
[2024-08-09T20:15:20.016+0200] {logging_mixin.py:188} INFO - [2024-08-09T20:15:20.016+0200] {dag.py:3089} INFO - Sync 1 DAGs
[2024-08-09T20:15:20.022+0200] {logging_mixin.py:188} INFO - [2024-08-09T20:15:20.022+0200] {dag.py:3947} INFO - Setting next_dagrun for example_sensor_decorator to None, run_after=None
[2024-08-09T20:15:20.092+0200] {processor.py:183} INFO - Processing /home/bvpelt/Develop/airflowtut/py_env/lib/python3.10/site-packages/airflow/example_dags/example_sensor_decorator.py took 0.092 seconds
[2024-08-09T20:16:09.716+0200] {processor.py:161} INFO - Started process (PID=22335) to work on /home/bvpelt/Develop/airflowtut/py_env/lib/python3.10/site-packages/airflow/example_dags/example_sensor_decorator.py
[2024-08-09T20:16:09.731+0200] {processor.py:830} INFO - Processing file /home/bvpelt/Develop/airflowtut/py_env/lib/python3.10/site-packages/airflow/example_dags/example_sensor_decorator.py for tasks to queue
[2024-08-09T20:16:09.732+0200] {logging_mixin.py:188} INFO - [2024-08-09T20:16:09.732+0200] {dagbag.py:545} INFO - Filling up the DagBag from /home/bvpelt/Develop/airflowtut/py_env/lib/python3.10/site-packages/airflow/example_dags/example_sensor_decorator.py
[2024-08-09T20:16:09.736+0200] {processor.py:840} INFO - DAG(s) 'example_sensor_decorator' retrieved from /home/bvpelt/Develop/airflowtut/py_env/lib/python3.10/site-packages/airflow/example_dags/example_sensor_decorator.py
[2024-08-09T20:16:09.744+0200] {logging_mixin.py:188} INFO - [2024-08-09T20:16:09.744+0200] {dag.py:3089} INFO - Sync 1 DAGs
[2024-08-09T20:16:09.750+0200] {logging_mixin.py:188} INFO - [2024-08-09T20:16:09.750+0200] {dag.py:3947} INFO - Setting next_dagrun for example_sensor_decorator to None, run_after=None
[2024-08-09T20:16:09.837+0200] {processor.py:183} INFO - Processing /home/bvpelt/Develop/airflowtut/py_env/lib/python3.10/site-packages/airflow/example_dags/example_sensor_decorator.py took 0.124 seconds
