[2024-08-09T19:42:28.760+0200] {processor.py:161} INFO - Started process (PID=17575) to work on /home/bvpelt/Develop/airflowtut/py_env/lib/python3.10/site-packages/airflow/example_dags/example_xcomargs.py
[2024-08-09T19:42:28.761+0200] {processor.py:830} INFO - Processing file /home/bvpelt/Develop/airflowtut/py_env/lib/python3.10/site-packages/airflow/example_dags/example_xcomargs.py for tasks to queue
[2024-08-09T19:42:28.761+0200] {logging_mixin.py:188} INFO - [2024-08-09T19:42:28.761+0200] {dagbag.py:545} INFO - Filling up the DagBag from /home/bvpelt/Develop/airflowtut/py_env/lib/python3.10/site-packages/airflow/example_dags/example_xcomargs.py
[2024-08-09T19:42:28.768+0200] {processor.py:840} INFO - DAG(s) 'example_xcom_args', 'example_xcom_args_with_operators' retrieved from /home/bvpelt/Develop/airflowtut/py_env/lib/python3.10/site-packages/airflow/example_dags/example_xcomargs.py
[2024-08-09T19:42:29.000+0200] {logging_mixin.py:188} INFO - [2024-08-09T19:42:28.998+0200] {override.py:1858} INFO - Created Permission View: can edit on DAG:example_xcom_args
[2024-08-09T19:42:29.091+0200] {logging_mixin.py:188} INFO - [2024-08-09T19:42:29.090+0200] {override.py:1858} INFO - Created Permission View: can read on DAG:example_xcom_args
[2024-08-09T19:42:29.183+0200] {logging_mixin.py:188} INFO - [2024-08-09T19:42:29.182+0200] {override.py:1858} INFO - Created Permission View: can delete on DAG:example_xcom_args
[2024-08-09T19:42:29.358+0200] {logging_mixin.py:188} INFO - [2024-08-09T19:42:29.357+0200] {override.py:1858} INFO - Created Permission View: can edit on DAG:example_xcom_args_with_operators
[2024-08-09T19:42:29.427+0200] {logging_mixin.py:188} INFO - [2024-08-09T19:42:29.426+0200] {override.py:1858} INFO - Created Permission View: can read on DAG:example_xcom_args_with_operators
[2024-08-09T19:42:29.502+0200] {logging_mixin.py:188} INFO - [2024-08-09T19:42:29.501+0200] {override.py:1858} INFO - Created Permission View: can delete on DAG:example_xcom_args_with_operators
[2024-08-09T19:42:29.504+0200] {logging_mixin.py:188} INFO - [2024-08-09T19:42:29.503+0200] {dag.py:3089} INFO - Sync 2 DAGs
[2024-08-09T19:42:29.532+0200] {logging_mixin.py:188} INFO - [2024-08-09T19:42:29.532+0200] {dag.py:3111} INFO - Creating ORM DAG for example_xcom_args
[2024-08-09T19:42:29.533+0200] {logging_mixin.py:188} INFO - [2024-08-09T19:42:29.533+0200] {dag.py:3111} INFO - Creating ORM DAG for example_xcom_args_with_operators
[2024-08-09T19:42:29.534+0200] {logging_mixin.py:188} INFO - [2024-08-09T19:42:29.534+0200] {dag.py:3947} INFO - Setting next_dagrun for example_xcom_args to None, run_after=None
[2024-08-09T19:42:29.535+0200] {logging_mixin.py:188} INFO - [2024-08-09T19:42:29.535+0200] {dag.py:3947} INFO - Setting next_dagrun for example_xcom_args_with_operators to None, run_after=None
[2024-08-09T19:42:29.651+0200] {processor.py:183} INFO - Processing /home/bvpelt/Develop/airflowtut/py_env/lib/python3.10/site-packages/airflow/example_dags/example_xcomargs.py took 0.894 seconds
[2024-08-09T19:43:50.416+0200] {processor.py:161} INFO - Started process (PID=17880) to work on /home/bvpelt/Develop/airflowtut/py_env/lib/python3.10/site-packages/airflow/example_dags/example_xcomargs.py
[2024-08-09T19:43:50.465+0200] {processor.py:830} INFO - Processing file /home/bvpelt/Develop/airflowtut/py_env/lib/python3.10/site-packages/airflow/example_dags/example_xcomargs.py for tasks to queue
[2024-08-09T19:43:50.466+0200] {logging_mixin.py:188} INFO - [2024-08-09T19:43:50.466+0200] {dagbag.py:545} INFO - Filling up the DagBag from /home/bvpelt/Develop/airflowtut/py_env/lib/python3.10/site-packages/airflow/example_dags/example_xcomargs.py
[2024-08-09T19:43:50.475+0200] {processor.py:840} INFO - DAG(s) 'example_xcom_args', 'example_xcom_args_with_operators' retrieved from /home/bvpelt/Develop/airflowtut/py_env/lib/python3.10/site-packages/airflow/example_dags/example_xcomargs.py
[2024-08-09T19:43:50.493+0200] {logging_mixin.py:188} INFO - [2024-08-09T19:43:50.493+0200] {dag.py:3089} INFO - Sync 2 DAGs
[2024-08-09T19:43:50.503+0200] {logging_mixin.py:188} INFO - [2024-08-09T19:43:50.503+0200] {dag.py:3947} INFO - Setting next_dagrun for example_xcom_args to None, run_after=None
[2024-08-09T19:43:50.505+0200] {logging_mixin.py:188} INFO - [2024-08-09T19:43:50.505+0200] {dag.py:3947} INFO - Setting next_dagrun for example_xcom_args_with_operators to None, run_after=None
[2024-08-09T19:43:50.601+0200] {processor.py:183} INFO - Processing /home/bvpelt/Develop/airflowtut/py_env/lib/python3.10/site-packages/airflow/example_dags/example_xcomargs.py took 0.189 seconds
[2024-08-09T19:44:44.734+0200] {processor.py:161} INFO - Started process (PID=18148) to work on /home/bvpelt/Develop/airflowtut/py_env/lib/python3.10/site-packages/airflow/example_dags/example_xcomargs.py
[2024-08-09T19:44:44.735+0200] {processor.py:830} INFO - Processing file /home/bvpelt/Develop/airflowtut/py_env/lib/python3.10/site-packages/airflow/example_dags/example_xcomargs.py for tasks to queue
[2024-08-09T19:44:44.736+0200] {logging_mixin.py:188} INFO - [2024-08-09T19:44:44.735+0200] {dagbag.py:545} INFO - Filling up the DagBag from /home/bvpelt/Develop/airflowtut/py_env/lib/python3.10/site-packages/airflow/example_dags/example_xcomargs.py
[2024-08-09T19:44:44.740+0200] {processor.py:840} INFO - DAG(s) 'example_xcom_args_with_operators', 'example_xcom_args' retrieved from /home/bvpelt/Develop/airflowtut/py_env/lib/python3.10/site-packages/airflow/example_dags/example_xcomargs.py
[2024-08-09T19:44:44.750+0200] {logging_mixin.py:188} INFO - [2024-08-09T19:44:44.750+0200] {dag.py:3089} INFO - Sync 2 DAGs
[2024-08-09T19:44:44.756+0200] {logging_mixin.py:188} INFO - [2024-08-09T19:44:44.756+0200] {dag.py:3947} INFO - Setting next_dagrun for example_xcom_args to None, run_after=None
[2024-08-09T19:44:44.758+0200] {logging_mixin.py:188} INFO - [2024-08-09T19:44:44.758+0200] {dag.py:3947} INFO - Setting next_dagrun for example_xcom_args_with_operators to None, run_after=None
[2024-08-09T19:44:44.847+0200] {processor.py:183} INFO - Processing /home/bvpelt/Develop/airflowtut/py_env/lib/python3.10/site-packages/airflow/example_dags/example_xcomargs.py took 0.116 seconds
[2024-08-09T19:45:39.532+0200] {processor.py:161} INFO - Started process (PID=18298) to work on /home/bvpelt/Develop/airflowtut/py_env/lib/python3.10/site-packages/airflow/example_dags/example_xcomargs.py
[2024-08-09T19:45:39.534+0200] {processor.py:830} INFO - Processing file /home/bvpelt/Develop/airflowtut/py_env/lib/python3.10/site-packages/airflow/example_dags/example_xcomargs.py for tasks to queue
[2024-08-09T19:45:39.538+0200] {logging_mixin.py:188} INFO - [2024-08-09T19:45:39.537+0200] {dagbag.py:545} INFO - Filling up the DagBag from /home/bvpelt/Develop/airflowtut/py_env/lib/python3.10/site-packages/airflow/example_dags/example_xcomargs.py
[2024-08-09T19:45:39.549+0200] {processor.py:840} INFO - DAG(s) 'example_xcom_args_with_operators', 'example_xcom_args' retrieved from /home/bvpelt/Develop/airflowtut/py_env/lib/python3.10/site-packages/airflow/example_dags/example_xcomargs.py
[2024-08-09T19:45:39.567+0200] {logging_mixin.py:188} INFO - [2024-08-09T19:45:39.567+0200] {dag.py:3089} INFO - Sync 2 DAGs
[2024-08-09T19:45:39.574+0200] {logging_mixin.py:188} INFO - [2024-08-09T19:45:39.574+0200] {dag.py:3947} INFO - Setting next_dagrun for example_xcom_args to None, run_after=None
[2024-08-09T19:45:39.576+0200] {logging_mixin.py:188} INFO - [2024-08-09T19:45:39.576+0200] {dag.py:3947} INFO - Setting next_dagrun for example_xcom_args_with_operators to None, run_after=None
[2024-08-09T19:45:39.670+0200] {processor.py:183} INFO - Processing /home/bvpelt/Develop/airflowtut/py_env/lib/python3.10/site-packages/airflow/example_dags/example_xcomargs.py took 0.154 seconds
[2024-08-09T19:46:27.509+0200] {processor.py:161} INFO - Started process (PID=18596) to work on /home/bvpelt/Develop/airflowtut/py_env/lib/python3.10/site-packages/airflow/example_dags/example_xcomargs.py
[2024-08-09T19:46:27.522+0200] {processor.py:830} INFO - Processing file /home/bvpelt/Develop/airflowtut/py_env/lib/python3.10/site-packages/airflow/example_dags/example_xcomargs.py for tasks to queue
[2024-08-09T19:46:27.523+0200] {logging_mixin.py:188} INFO - [2024-08-09T19:46:27.523+0200] {dagbag.py:545} INFO - Filling up the DagBag from /home/bvpelt/Develop/airflowtut/py_env/lib/python3.10/site-packages/airflow/example_dags/example_xcomargs.py
[2024-08-09T19:46:27.528+0200] {processor.py:840} INFO - DAG(s) 'example_xcom_args', 'example_xcom_args_with_operators' retrieved from /home/bvpelt/Develop/airflowtut/py_env/lib/python3.10/site-packages/airflow/example_dags/example_xcomargs.py
[2024-08-09T19:46:27.540+0200] {logging_mixin.py:188} INFO - [2024-08-09T19:46:27.540+0200] {dag.py:3089} INFO - Sync 2 DAGs
[2024-08-09T19:46:27.548+0200] {logging_mixin.py:188} INFO - [2024-08-09T19:46:27.548+0200] {dag.py:3947} INFO - Setting next_dagrun for example_xcom_args to None, run_after=None
[2024-08-09T19:46:27.550+0200] {logging_mixin.py:188} INFO - [2024-08-09T19:46:27.550+0200] {dag.py:3947} INFO - Setting next_dagrun for example_xcom_args_with_operators to None, run_after=None
[2024-08-09T19:46:27.629+0200] {processor.py:183} INFO - Processing /home/bvpelt/Develop/airflowtut/py_env/lib/python3.10/site-packages/airflow/example_dags/example_xcomargs.py took 0.123 seconds
[2024-08-09T19:47:09.271+0200] {processor.py:161} INFO - Started process (PID=18788) to work on /home/bvpelt/Develop/airflowtut/py_env/lib/python3.10/site-packages/airflow/example_dags/example_xcomargs.py
[2024-08-09T19:47:09.272+0200] {processor.py:830} INFO - Processing file /home/bvpelt/Develop/airflowtut/py_env/lib/python3.10/site-packages/airflow/example_dags/example_xcomargs.py for tasks to queue
[2024-08-09T19:47:09.273+0200] {logging_mixin.py:188} INFO - [2024-08-09T19:47:09.272+0200] {dagbag.py:545} INFO - Filling up the DagBag from /home/bvpelt/Develop/airflowtut/py_env/lib/python3.10/site-packages/airflow/example_dags/example_xcomargs.py
[2024-08-09T19:47:09.278+0200] {processor.py:840} INFO - DAG(s) 'example_xcom_args_with_operators', 'example_xcom_args' retrieved from /home/bvpelt/Develop/airflowtut/py_env/lib/python3.10/site-packages/airflow/example_dags/example_xcomargs.py
[2024-08-09T19:47:09.288+0200] {logging_mixin.py:188} INFO - [2024-08-09T19:47:09.288+0200] {dag.py:3089} INFO - Sync 2 DAGs
[2024-08-09T19:47:09.295+0200] {logging_mixin.py:188} INFO - [2024-08-09T19:47:09.294+0200] {dag.py:3947} INFO - Setting next_dagrun for example_xcom_args to None, run_after=None
[2024-08-09T19:47:09.297+0200] {logging_mixin.py:188} INFO - [2024-08-09T19:47:09.296+0200] {dag.py:3947} INFO - Setting next_dagrun for example_xcom_args_with_operators to None, run_after=None
[2024-08-09T19:47:09.363+0200] {processor.py:183} INFO - Processing /home/bvpelt/Develop/airflowtut/py_env/lib/python3.10/site-packages/airflow/example_dags/example_xcomargs.py took 0.095 seconds
[2024-08-09T19:47:59.112+0200] {processor.py:161} INFO - Started process (PID=19017) to work on /home/bvpelt/Develop/airflowtut/py_env/lib/python3.10/site-packages/airflow/example_dags/example_xcomargs.py
[2024-08-09T19:47:59.114+0200] {processor.py:830} INFO - Processing file /home/bvpelt/Develop/airflowtut/py_env/lib/python3.10/site-packages/airflow/example_dags/example_xcomargs.py for tasks to queue
[2024-08-09T19:47:59.118+0200] {logging_mixin.py:188} INFO - [2024-08-09T19:47:59.117+0200] {dagbag.py:545} INFO - Filling up the DagBag from /home/bvpelt/Develop/airflowtut/py_env/lib/python3.10/site-packages/airflow/example_dags/example_xcomargs.py
[2024-08-09T19:47:59.131+0200] {processor.py:840} INFO - DAG(s) 'example_xcom_args_with_operators', 'example_xcom_args' retrieved from /home/bvpelt/Develop/airflowtut/py_env/lib/python3.10/site-packages/airflow/example_dags/example_xcomargs.py
[2024-08-09T19:47:59.148+0200] {logging_mixin.py:188} INFO - [2024-08-09T19:47:59.148+0200] {dag.py:3089} INFO - Sync 2 DAGs
[2024-08-09T19:47:59.156+0200] {logging_mixin.py:188} INFO - [2024-08-09T19:47:59.156+0200] {dag.py:3947} INFO - Setting next_dagrun for example_xcom_args to None, run_after=None
[2024-08-09T19:47:59.158+0200] {logging_mixin.py:188} INFO - [2024-08-09T19:47:59.158+0200] {dag.py:3947} INFO - Setting next_dagrun for example_xcom_args_with_operators to None, run_after=None
[2024-08-09T19:47:59.227+0200] {processor.py:183} INFO - Processing /home/bvpelt/Develop/airflowtut/py_env/lib/python3.10/site-packages/airflow/example_dags/example_xcomargs.py took 0.131 seconds
[2024-08-09T19:48:50.079+0200] {processor.py:161} INFO - Started process (PID=19127) to work on /home/bvpelt/Develop/airflowtut/py_env/lib/python3.10/site-packages/airflow/example_dags/example_xcomargs.py
[2024-08-09T19:48:50.081+0200] {processor.py:830} INFO - Processing file /home/bvpelt/Develop/airflowtut/py_env/lib/python3.10/site-packages/airflow/example_dags/example_xcomargs.py for tasks to queue
[2024-08-09T19:48:50.085+0200] {logging_mixin.py:188} INFO - [2024-08-09T19:48:50.084+0200] {dagbag.py:545} INFO - Filling up the DagBag from /home/bvpelt/Develop/airflowtut/py_env/lib/python3.10/site-packages/airflow/example_dags/example_xcomargs.py
[2024-08-09T19:48:50.098+0200] {processor.py:840} INFO - DAG(s) 'example_xcom_args', 'example_xcom_args_with_operators' retrieved from /home/bvpelt/Develop/airflowtut/py_env/lib/python3.10/site-packages/airflow/example_dags/example_xcomargs.py
[2024-08-09T19:48:50.115+0200] {logging_mixin.py:188} INFO - [2024-08-09T19:48:50.115+0200] {dag.py:3089} INFO - Sync 2 DAGs
[2024-08-09T19:48:50.123+0200] {logging_mixin.py:188} INFO - [2024-08-09T19:48:50.123+0200] {dag.py:3947} INFO - Setting next_dagrun for example_xcom_args to None, run_after=None
[2024-08-09T19:48:50.125+0200] {logging_mixin.py:188} INFO - [2024-08-09T19:48:50.125+0200] {dag.py:3947} INFO - Setting next_dagrun for example_xcom_args_with_operators to None, run_after=None
[2024-08-09T19:48:50.199+0200] {processor.py:183} INFO - Processing /home/bvpelt/Develop/airflowtut/py_env/lib/python3.10/site-packages/airflow/example_dags/example_xcomargs.py took 0.136 seconds
[2024-08-09T19:49:39.820+0200] {processor.py:161} INFO - Started process (PID=19210) to work on /home/bvpelt/Develop/airflowtut/py_env/lib/python3.10/site-packages/airflow/example_dags/example_xcomargs.py
[2024-08-09T19:49:39.821+0200] {processor.py:830} INFO - Processing file /home/bvpelt/Develop/airflowtut/py_env/lib/python3.10/site-packages/airflow/example_dags/example_xcomargs.py for tasks to queue
[2024-08-09T19:49:39.822+0200] {logging_mixin.py:188} INFO - [2024-08-09T19:49:39.822+0200] {dagbag.py:545} INFO - Filling up the DagBag from /home/bvpelt/Develop/airflowtut/py_env/lib/python3.10/site-packages/airflow/example_dags/example_xcomargs.py
[2024-08-09T19:49:39.826+0200] {processor.py:840} INFO - DAG(s) 'example_xcom_args_with_operators', 'example_xcom_args' retrieved from /home/bvpelt/Develop/airflowtut/py_env/lib/python3.10/site-packages/airflow/example_dags/example_xcomargs.py
[2024-08-09T19:49:39.836+0200] {logging_mixin.py:188} INFO - [2024-08-09T19:49:39.836+0200] {dag.py:3089} INFO - Sync 2 DAGs
[2024-08-09T19:49:39.842+0200] {logging_mixin.py:188} INFO - [2024-08-09T19:49:39.842+0200] {dag.py:3947} INFO - Setting next_dagrun for example_xcom_args to None, run_after=None
[2024-08-09T19:49:39.844+0200] {logging_mixin.py:188} INFO - [2024-08-09T19:49:39.844+0200] {dag.py:3947} INFO - Setting next_dagrun for example_xcom_args_with_operators to None, run_after=None
[2024-08-09T19:49:39.926+0200] {processor.py:183} INFO - Processing /home/bvpelt/Develop/airflowtut/py_env/lib/python3.10/site-packages/airflow/example_dags/example_xcomargs.py took 0.109 seconds
[2024-08-09T19:50:32.821+0200] {processor.py:161} INFO - Started process (PID=19365) to work on /home/bvpelt/Develop/airflowtut/py_env/lib/python3.10/site-packages/airflow/example_dags/example_xcomargs.py
[2024-08-09T19:50:32.832+0200] {processor.py:830} INFO - Processing file /home/bvpelt/Develop/airflowtut/py_env/lib/python3.10/site-packages/airflow/example_dags/example_xcomargs.py for tasks to queue
[2024-08-09T19:50:32.832+0200] {logging_mixin.py:188} INFO - [2024-08-09T19:50:32.832+0200] {dagbag.py:545} INFO - Filling up the DagBag from /home/bvpelt/Develop/airflowtut/py_env/lib/python3.10/site-packages/airflow/example_dags/example_xcomargs.py
[2024-08-09T19:50:32.837+0200] {processor.py:840} INFO - DAG(s) 'example_xcom_args', 'example_xcom_args_with_operators' retrieved from /home/bvpelt/Develop/airflowtut/py_env/lib/python3.10/site-packages/airflow/example_dags/example_xcomargs.py
[2024-08-09T19:50:32.848+0200] {logging_mixin.py:188} INFO - [2024-08-09T19:50:32.847+0200] {dag.py:3089} INFO - Sync 2 DAGs
[2024-08-09T19:50:32.854+0200] {logging_mixin.py:188} INFO - [2024-08-09T19:50:32.854+0200] {dag.py:3947} INFO - Setting next_dagrun for example_xcom_args to None, run_after=None
[2024-08-09T19:50:32.856+0200] {logging_mixin.py:188} INFO - [2024-08-09T19:50:32.856+0200] {dag.py:3947} INFO - Setting next_dagrun for example_xcom_args_with_operators to None, run_after=None
[2024-08-09T19:50:32.926+0200] {processor.py:183} INFO - Processing /home/bvpelt/Develop/airflowtut/py_env/lib/python3.10/site-packages/airflow/example_dags/example_xcomargs.py took 0.107 seconds
[2024-08-09T19:51:23.808+0200] {processor.py:161} INFO - Started process (PID=19521) to work on /home/bvpelt/Develop/airflowtut/py_env/lib/python3.10/site-packages/airflow/example_dags/example_xcomargs.py
[2024-08-09T19:51:23.822+0200] {processor.py:830} INFO - Processing file /home/bvpelt/Develop/airflowtut/py_env/lib/python3.10/site-packages/airflow/example_dags/example_xcomargs.py for tasks to queue
[2024-08-09T19:51:23.823+0200] {logging_mixin.py:188} INFO - [2024-08-09T19:51:23.823+0200] {dagbag.py:545} INFO - Filling up the DagBag from /home/bvpelt/Develop/airflowtut/py_env/lib/python3.10/site-packages/airflow/example_dags/example_xcomargs.py
[2024-08-09T19:51:23.829+0200] {processor.py:840} INFO - DAG(s) 'example_xcom_args_with_operators', 'example_xcom_args' retrieved from /home/bvpelt/Develop/airflowtut/py_env/lib/python3.10/site-packages/airflow/example_dags/example_xcomargs.py
[2024-08-09T19:51:23.839+0200] {logging_mixin.py:188} INFO - [2024-08-09T19:51:23.839+0200] {dag.py:3089} INFO - Sync 2 DAGs
[2024-08-09T19:51:23.846+0200] {logging_mixin.py:188} INFO - [2024-08-09T19:51:23.846+0200] {dag.py:3947} INFO - Setting next_dagrun for example_xcom_args to None, run_after=None
[2024-08-09T19:51:23.848+0200] {logging_mixin.py:188} INFO - [2024-08-09T19:51:23.847+0200] {dag.py:3947} INFO - Setting next_dagrun for example_xcom_args_with_operators to None, run_after=None
[2024-08-09T19:51:23.912+0200] {processor.py:183} INFO - Processing /home/bvpelt/Develop/airflowtut/py_env/lib/python3.10/site-packages/airflow/example_dags/example_xcomargs.py took 0.107 seconds
[2024-08-09T19:52:33.278+0200] {processor.py:161} INFO - Started process (PID=20038) to work on /home/bvpelt/Develop/airflowtut/py_env/lib/python3.10/site-packages/airflow/example_dags/example_xcomargs.py
[2024-08-09T19:52:33.279+0200] {processor.py:830} INFO - Processing file /home/bvpelt/Develop/airflowtut/py_env/lib/python3.10/site-packages/airflow/example_dags/example_xcomargs.py for tasks to queue
[2024-08-09T19:52:33.280+0200] {logging_mixin.py:188} INFO - [2024-08-09T19:52:33.279+0200] {dagbag.py:545} INFO - Filling up the DagBag from /home/bvpelt/Develop/airflowtut/py_env/lib/python3.10/site-packages/airflow/example_dags/example_xcomargs.py
[2024-08-09T19:52:33.286+0200] {processor.py:840} INFO - DAG(s) 'example_xcom_args_with_operators', 'example_xcom_args' retrieved from /home/bvpelt/Develop/airflowtut/py_env/lib/python3.10/site-packages/airflow/example_dags/example_xcomargs.py
[2024-08-09T19:52:33.303+0200] {logging_mixin.py:188} INFO - [2024-08-09T19:52:33.303+0200] {dag.py:3089} INFO - Sync 2 DAGs
[2024-08-09T19:52:33.311+0200] {logging_mixin.py:188} INFO - [2024-08-09T19:52:33.311+0200] {dag.py:3947} INFO - Setting next_dagrun for example_xcom_args to None, run_after=None
[2024-08-09T19:52:33.313+0200] {logging_mixin.py:188} INFO - [2024-08-09T19:52:33.313+0200] {dag.py:3947} INFO - Setting next_dagrun for example_xcom_args_with_operators to None, run_after=None
[2024-08-09T19:52:33.411+0200] {processor.py:183} INFO - Processing /home/bvpelt/Develop/airflowtut/py_env/lib/python3.10/site-packages/airflow/example_dags/example_xcomargs.py took 0.137 seconds
[2024-08-09T19:53:18.353+0200] {processor.py:161} INFO - Started process (PID=20087) to work on /home/bvpelt/Develop/airflowtut/py_env/lib/python3.10/site-packages/airflow/example_dags/example_xcomargs.py
[2024-08-09T19:53:18.353+0200] {processor.py:830} INFO - Processing file /home/bvpelt/Develop/airflowtut/py_env/lib/python3.10/site-packages/airflow/example_dags/example_xcomargs.py for tasks to queue
[2024-08-09T19:53:18.354+0200] {logging_mixin.py:188} INFO - [2024-08-09T19:53:18.354+0200] {dagbag.py:545} INFO - Filling up the DagBag from /home/bvpelt/Develop/airflowtut/py_env/lib/python3.10/site-packages/airflow/example_dags/example_xcomargs.py
[2024-08-09T19:53:18.359+0200] {processor.py:840} INFO - DAG(s) 'example_xcom_args_with_operators', 'example_xcom_args' retrieved from /home/bvpelt/Develop/airflowtut/py_env/lib/python3.10/site-packages/airflow/example_dags/example_xcomargs.py
[2024-08-09T19:53:18.368+0200] {logging_mixin.py:188} INFO - [2024-08-09T19:53:18.368+0200] {dag.py:3089} INFO - Sync 2 DAGs
[2024-08-09T19:53:18.375+0200] {logging_mixin.py:188} INFO - [2024-08-09T19:53:18.375+0200] {dag.py:3947} INFO - Setting next_dagrun for example_xcom_args to None, run_after=None
[2024-08-09T19:53:18.376+0200] {logging_mixin.py:188} INFO - [2024-08-09T19:53:18.376+0200] {dag.py:3947} INFO - Setting next_dagrun for example_xcom_args_with_operators to None, run_after=None
[2024-08-09T19:53:18.467+0200] {processor.py:183} INFO - Processing /home/bvpelt/Develop/airflowtut/py_env/lib/python3.10/site-packages/airflow/example_dags/example_xcomargs.py took 0.117 seconds
[2024-08-09T19:54:12.312+0200] {processor.py:161} INFO - Started process (PID=20151) to work on /home/bvpelt/Develop/airflowtut/py_env/lib/python3.10/site-packages/airflow/example_dags/example_xcomargs.py
[2024-08-09T19:54:12.312+0200] {processor.py:830} INFO - Processing file /home/bvpelt/Develop/airflowtut/py_env/lib/python3.10/site-packages/airflow/example_dags/example_xcomargs.py for tasks to queue
[2024-08-09T19:54:12.313+0200] {logging_mixin.py:188} INFO - [2024-08-09T19:54:12.313+0200] {dagbag.py:545} INFO - Filling up the DagBag from /home/bvpelt/Develop/airflowtut/py_env/lib/python3.10/site-packages/airflow/example_dags/example_xcomargs.py
[2024-08-09T19:54:12.318+0200] {processor.py:840} INFO - DAG(s) 'example_xcom_args_with_operators', 'example_xcom_args' retrieved from /home/bvpelt/Develop/airflowtut/py_env/lib/python3.10/site-packages/airflow/example_dags/example_xcomargs.py
[2024-08-09T19:54:12.327+0200] {logging_mixin.py:188} INFO - [2024-08-09T19:54:12.327+0200] {dag.py:3089} INFO - Sync 2 DAGs
[2024-08-09T19:54:12.334+0200] {logging_mixin.py:188} INFO - [2024-08-09T19:54:12.334+0200] {dag.py:3947} INFO - Setting next_dagrun for example_xcom_args to None, run_after=None
[2024-08-09T19:54:12.336+0200] {logging_mixin.py:188} INFO - [2024-08-09T19:54:12.335+0200] {dag.py:3947} INFO - Setting next_dagrun for example_xcom_args_with_operators to None, run_after=None
[2024-08-09T19:54:12.438+0200] {processor.py:183} INFO - Processing /home/bvpelt/Develop/airflowtut/py_env/lib/python3.10/site-packages/airflow/example_dags/example_xcomargs.py took 0.129 seconds
[2024-08-09T19:55:04.522+0200] {processor.py:161} INFO - Started process (PID=20227) to work on /home/bvpelt/Develop/airflowtut/py_env/lib/python3.10/site-packages/airflow/example_dags/example_xcomargs.py
[2024-08-09T19:55:04.522+0200] {processor.py:830} INFO - Processing file /home/bvpelt/Develop/airflowtut/py_env/lib/python3.10/site-packages/airflow/example_dags/example_xcomargs.py for tasks to queue
[2024-08-09T19:55:04.523+0200] {logging_mixin.py:188} INFO - [2024-08-09T19:55:04.523+0200] {dagbag.py:545} INFO - Filling up the DagBag from /home/bvpelt/Develop/airflowtut/py_env/lib/python3.10/site-packages/airflow/example_dags/example_xcomargs.py
[2024-08-09T19:55:04.528+0200] {processor.py:840} INFO - DAG(s) 'example_xcom_args_with_operators', 'example_xcom_args' retrieved from /home/bvpelt/Develop/airflowtut/py_env/lib/python3.10/site-packages/airflow/example_dags/example_xcomargs.py
[2024-08-09T19:55:04.539+0200] {logging_mixin.py:188} INFO - [2024-08-09T19:55:04.539+0200] {dag.py:3089} INFO - Sync 2 DAGs
[2024-08-09T19:55:04.546+0200] {logging_mixin.py:188} INFO - [2024-08-09T19:55:04.546+0200] {dag.py:3947} INFO - Setting next_dagrun for example_xcom_args to None, run_after=None
[2024-08-09T19:55:04.548+0200] {logging_mixin.py:188} INFO - [2024-08-09T19:55:04.548+0200] {dag.py:3947} INFO - Setting next_dagrun for example_xcom_args_with_operators to None, run_after=None
[2024-08-09T19:55:04.634+0200] {processor.py:183} INFO - Processing /home/bvpelt/Develop/airflowtut/py_env/lib/python3.10/site-packages/airflow/example_dags/example_xcomargs.py took 0.115 seconds
[2024-08-09T19:55:52.322+0200] {processor.py:161} INFO - Started process (PID=20314) to work on /home/bvpelt/Develop/airflowtut/py_env/lib/python3.10/site-packages/airflow/example_dags/example_xcomargs.py
[2024-08-09T19:55:52.333+0200] {processor.py:830} INFO - Processing file /home/bvpelt/Develop/airflowtut/py_env/lib/python3.10/site-packages/airflow/example_dags/example_xcomargs.py for tasks to queue
[2024-08-09T19:55:52.334+0200] {logging_mixin.py:188} INFO - [2024-08-09T19:55:52.334+0200] {dagbag.py:545} INFO - Filling up the DagBag from /home/bvpelt/Develop/airflowtut/py_env/lib/python3.10/site-packages/airflow/example_dags/example_xcomargs.py
[2024-08-09T19:55:52.339+0200] {processor.py:840} INFO - DAG(s) 'example_xcom_args', 'example_xcom_args_with_operators' retrieved from /home/bvpelt/Develop/airflowtut/py_env/lib/python3.10/site-packages/airflow/example_dags/example_xcomargs.py
[2024-08-09T19:55:52.349+0200] {logging_mixin.py:188} INFO - [2024-08-09T19:55:52.349+0200] {dag.py:3089} INFO - Sync 2 DAGs
[2024-08-09T19:55:52.356+0200] {logging_mixin.py:188} INFO - [2024-08-09T19:55:52.356+0200] {dag.py:3947} INFO - Setting next_dagrun for example_xcom_args to None, run_after=None
[2024-08-09T19:55:52.357+0200] {logging_mixin.py:188} INFO - [2024-08-09T19:55:52.357+0200] {dag.py:3947} INFO - Setting next_dagrun for example_xcom_args_with_operators to None, run_after=None
[2024-08-09T19:55:52.433+0200] {processor.py:183} INFO - Processing /home/bvpelt/Develop/airflowtut/py_env/lib/python3.10/site-packages/airflow/example_dags/example_xcomargs.py took 0.114 seconds
[2024-08-09T19:56:40.546+0200] {processor.py:161} INFO - Started process (PID=20371) to work on /home/bvpelt/Develop/airflowtut/py_env/lib/python3.10/site-packages/airflow/example_dags/example_xcomargs.py
[2024-08-09T19:56:40.555+0200] {processor.py:830} INFO - Processing file /home/bvpelt/Develop/airflowtut/py_env/lib/python3.10/site-packages/airflow/example_dags/example_xcomargs.py for tasks to queue
[2024-08-09T19:56:40.559+0200] {logging_mixin.py:188} INFO - [2024-08-09T19:56:40.558+0200] {dagbag.py:545} INFO - Filling up the DagBag from /home/bvpelt/Develop/airflowtut/py_env/lib/python3.10/site-packages/airflow/example_dags/example_xcomargs.py
[2024-08-09T19:56:40.564+0200] {processor.py:840} INFO - DAG(s) 'example_xcom_args_with_operators', 'example_xcom_args' retrieved from /home/bvpelt/Develop/airflowtut/py_env/lib/python3.10/site-packages/airflow/example_dags/example_xcomargs.py
[2024-08-09T19:56:40.574+0200] {logging_mixin.py:188} INFO - [2024-08-09T19:56:40.574+0200] {dag.py:3089} INFO - Sync 2 DAGs
[2024-08-09T19:56:40.581+0200] {logging_mixin.py:188} INFO - [2024-08-09T19:56:40.581+0200] {dag.py:3947} INFO - Setting next_dagrun for example_xcom_args to None, run_after=None
[2024-08-09T19:56:40.583+0200] {logging_mixin.py:188} INFO - [2024-08-09T19:56:40.583+0200] {dag.py:3947} INFO - Setting next_dagrun for example_xcom_args_with_operators to None, run_after=None
[2024-08-09T19:56:40.653+0200] {processor.py:183} INFO - Processing /home/bvpelt/Develop/airflowtut/py_env/lib/python3.10/site-packages/airflow/example_dags/example_xcomargs.py took 0.111 seconds
[2024-08-09T19:57:31.761+0200] {processor.py:161} INFO - Started process (PID=20498) to work on /home/bvpelt/Develop/airflowtut/py_env/lib/python3.10/site-packages/airflow/example_dags/example_xcomargs.py
[2024-08-09T19:57:31.762+0200] {processor.py:830} INFO - Processing file /home/bvpelt/Develop/airflowtut/py_env/lib/python3.10/site-packages/airflow/example_dags/example_xcomargs.py for tasks to queue
[2024-08-09T19:57:31.763+0200] {logging_mixin.py:188} INFO - [2024-08-09T19:57:31.763+0200] {dagbag.py:545} INFO - Filling up the DagBag from /home/bvpelt/Develop/airflowtut/py_env/lib/python3.10/site-packages/airflow/example_dags/example_xcomargs.py
[2024-08-09T19:57:31.769+0200] {processor.py:840} INFO - DAG(s) 'example_xcom_args', 'example_xcom_args_with_operators' retrieved from /home/bvpelt/Develop/airflowtut/py_env/lib/python3.10/site-packages/airflow/example_dags/example_xcomargs.py
[2024-08-09T19:57:31.782+0200] {logging_mixin.py:188} INFO - [2024-08-09T19:57:31.782+0200] {dag.py:3089} INFO - Sync 2 DAGs
[2024-08-09T19:57:31.791+0200] {logging_mixin.py:188} INFO - [2024-08-09T19:57:31.791+0200] {dag.py:3947} INFO - Setting next_dagrun for example_xcom_args to None, run_after=None
[2024-08-09T19:57:31.793+0200] {logging_mixin.py:188} INFO - [2024-08-09T19:57:31.793+0200] {dag.py:3947} INFO - Setting next_dagrun for example_xcom_args_with_operators to None, run_after=None
[2024-08-09T19:57:31.881+0200] {processor.py:183} INFO - Processing /home/bvpelt/Develop/airflowtut/py_env/lib/python3.10/site-packages/airflow/example_dags/example_xcomargs.py took 0.123 seconds
[2024-08-09T19:58:22.435+0200] {processor.py:161} INFO - Started process (PID=20600) to work on /home/bvpelt/Develop/airflowtut/py_env/lib/python3.10/site-packages/airflow/example_dags/example_xcomargs.py
[2024-08-09T19:58:22.436+0200] {processor.py:830} INFO - Processing file /home/bvpelt/Develop/airflowtut/py_env/lib/python3.10/site-packages/airflow/example_dags/example_xcomargs.py for tasks to queue
[2024-08-09T19:58:22.437+0200] {logging_mixin.py:188} INFO - [2024-08-09T19:58:22.436+0200] {dagbag.py:545} INFO - Filling up the DagBag from /home/bvpelt/Develop/airflowtut/py_env/lib/python3.10/site-packages/airflow/example_dags/example_xcomargs.py
[2024-08-09T19:58:22.442+0200] {processor.py:840} INFO - DAG(s) 'example_xcom_args', 'example_xcom_args_with_operators' retrieved from /home/bvpelt/Develop/airflowtut/py_env/lib/python3.10/site-packages/airflow/example_dags/example_xcomargs.py
[2024-08-09T19:58:22.451+0200] {logging_mixin.py:188} INFO - [2024-08-09T19:58:22.451+0200] {dag.py:3089} INFO - Sync 2 DAGs
[2024-08-09T19:58:22.458+0200] {logging_mixin.py:188} INFO - [2024-08-09T19:58:22.458+0200] {dag.py:3947} INFO - Setting next_dagrun for example_xcom_args to None, run_after=None
[2024-08-09T19:58:22.459+0200] {logging_mixin.py:188} INFO - [2024-08-09T19:58:22.459+0200] {dag.py:3947} INFO - Setting next_dagrun for example_xcom_args_with_operators to None, run_after=None
[2024-08-09T19:58:22.557+0200] {processor.py:183} INFO - Processing /home/bvpelt/Develop/airflowtut/py_env/lib/python3.10/site-packages/airflow/example_dags/example_xcomargs.py took 0.125 seconds
[2024-08-09T19:59:21.267+0200] {processor.py:161} INFO - Started process (PID=20697) to work on /home/bvpelt/Develop/airflowtut/py_env/lib/python3.10/site-packages/airflow/example_dags/example_xcomargs.py
[2024-08-09T19:59:21.268+0200] {processor.py:830} INFO - Processing file /home/bvpelt/Develop/airflowtut/py_env/lib/python3.10/site-packages/airflow/example_dags/example_xcomargs.py for tasks to queue
[2024-08-09T19:59:21.268+0200] {logging_mixin.py:188} INFO - [2024-08-09T19:59:21.268+0200] {dagbag.py:545} INFO - Filling up the DagBag from /home/bvpelt/Develop/airflowtut/py_env/lib/python3.10/site-packages/airflow/example_dags/example_xcomargs.py
[2024-08-09T19:59:21.273+0200] {processor.py:840} INFO - DAG(s) 'example_xcom_args', 'example_xcom_args_with_operators' retrieved from /home/bvpelt/Develop/airflowtut/py_env/lib/python3.10/site-packages/airflow/example_dags/example_xcomargs.py
[2024-08-09T19:59:21.283+0200] {logging_mixin.py:188} INFO - [2024-08-09T19:59:21.283+0200] {dag.py:3089} INFO - Sync 2 DAGs
[2024-08-09T19:59:21.290+0200] {logging_mixin.py:188} INFO - [2024-08-09T19:59:21.289+0200] {dag.py:3947} INFO - Setting next_dagrun for example_xcom_args to None, run_after=None
[2024-08-09T19:59:21.291+0200] {logging_mixin.py:188} INFO - [2024-08-09T19:59:21.291+0200] {dag.py:3947} INFO - Setting next_dagrun for example_xcom_args_with_operators to None, run_after=None
[2024-08-09T19:59:21.359+0200] {processor.py:183} INFO - Processing /home/bvpelt/Develop/airflowtut/py_env/lib/python3.10/site-packages/airflow/example_dags/example_xcomargs.py took 0.095 seconds
[2024-08-09T20:00:14.571+0200] {processor.py:161} INFO - Started process (PID=20774) to work on /home/bvpelt/Develop/airflowtut/py_env/lib/python3.10/site-packages/airflow/example_dags/example_xcomargs.py
[2024-08-09T20:00:14.571+0200] {processor.py:830} INFO - Processing file /home/bvpelt/Develop/airflowtut/py_env/lib/python3.10/site-packages/airflow/example_dags/example_xcomargs.py for tasks to queue
[2024-08-09T20:00:14.572+0200] {logging_mixin.py:188} INFO - [2024-08-09T20:00:14.572+0200] {dagbag.py:545} INFO - Filling up the DagBag from /home/bvpelt/Develop/airflowtut/py_env/lib/python3.10/site-packages/airflow/example_dags/example_xcomargs.py
[2024-08-09T20:00:14.577+0200] {processor.py:840} INFO - DAG(s) 'example_xcom_args_with_operators', 'example_xcom_args' retrieved from /home/bvpelt/Develop/airflowtut/py_env/lib/python3.10/site-packages/airflow/example_dags/example_xcomargs.py
[2024-08-09T20:00:14.588+0200] {logging_mixin.py:188} INFO - [2024-08-09T20:00:14.587+0200] {dag.py:3089} INFO - Sync 2 DAGs
[2024-08-09T20:00:14.594+0200] {logging_mixin.py:188} INFO - [2024-08-09T20:00:14.594+0200] {dag.py:3947} INFO - Setting next_dagrun for example_xcom_args to None, run_after=None
[2024-08-09T20:00:14.596+0200] {logging_mixin.py:188} INFO - [2024-08-09T20:00:14.596+0200] {dag.py:3947} INFO - Setting next_dagrun for example_xcom_args_with_operators to None, run_after=None
[2024-08-09T20:00:14.689+0200] {processor.py:183} INFO - Processing /home/bvpelt/Develop/airflowtut/py_env/lib/python3.10/site-packages/airflow/example_dags/example_xcomargs.py took 0.121 seconds
[2024-08-09T20:01:04.699+0200] {processor.py:161} INFO - Started process (PID=20832) to work on /home/bvpelt/Develop/airflowtut/py_env/lib/python3.10/site-packages/airflow/example_dags/example_xcomargs.py
[2024-08-09T20:01:04.709+0200] {processor.py:830} INFO - Processing file /home/bvpelt/Develop/airflowtut/py_env/lib/python3.10/site-packages/airflow/example_dags/example_xcomargs.py for tasks to queue
[2024-08-09T20:01:04.713+0200] {logging_mixin.py:188} INFO - [2024-08-09T20:01:04.712+0200] {dagbag.py:545} INFO - Filling up the DagBag from /home/bvpelt/Develop/airflowtut/py_env/lib/python3.10/site-packages/airflow/example_dags/example_xcomargs.py
[2024-08-09T20:01:04.730+0200] {processor.py:840} INFO - DAG(s) 'example_xcom_args_with_operators', 'example_xcom_args' retrieved from /home/bvpelt/Develop/airflowtut/py_env/lib/python3.10/site-packages/airflow/example_dags/example_xcomargs.py
[2024-08-09T20:01:04.749+0200] {logging_mixin.py:188} INFO - [2024-08-09T20:01:04.749+0200] {dag.py:3089} INFO - Sync 2 DAGs
[2024-08-09T20:01:04.757+0200] {logging_mixin.py:188} INFO - [2024-08-09T20:01:04.757+0200] {dag.py:3947} INFO - Setting next_dagrun for example_xcom_args to None, run_after=None
[2024-08-09T20:01:04.759+0200] {logging_mixin.py:188} INFO - [2024-08-09T20:01:04.759+0200] {dag.py:3947} INFO - Setting next_dagrun for example_xcom_args_with_operators to None, run_after=None
[2024-08-09T20:01:04.837+0200] {processor.py:183} INFO - Processing /home/bvpelt/Develop/airflowtut/py_env/lib/python3.10/site-packages/airflow/example_dags/example_xcomargs.py took 0.153 seconds
[2024-08-09T20:01:54.562+0200] {processor.py:161} INFO - Started process (PID=20965) to work on /home/bvpelt/Develop/airflowtut/py_env/lib/python3.10/site-packages/airflow/example_dags/example_xcomargs.py
[2024-08-09T20:01:54.572+0200] {processor.py:830} INFO - Processing file /home/bvpelt/Develop/airflowtut/py_env/lib/python3.10/site-packages/airflow/example_dags/example_xcomargs.py for tasks to queue
[2024-08-09T20:01:54.573+0200] {logging_mixin.py:188} INFO - [2024-08-09T20:01:54.573+0200] {dagbag.py:545} INFO - Filling up the DagBag from /home/bvpelt/Develop/airflowtut/py_env/lib/python3.10/site-packages/airflow/example_dags/example_xcomargs.py
[2024-08-09T20:01:54.578+0200] {processor.py:840} INFO - DAG(s) 'example_xcom_args', 'example_xcom_args_with_operators' retrieved from /home/bvpelt/Develop/airflowtut/py_env/lib/python3.10/site-packages/airflow/example_dags/example_xcomargs.py
[2024-08-09T20:01:54.589+0200] {logging_mixin.py:188} INFO - [2024-08-09T20:01:54.589+0200] {dag.py:3089} INFO - Sync 2 DAGs
[2024-08-09T20:01:54.595+0200] {logging_mixin.py:188} INFO - [2024-08-09T20:01:54.595+0200] {dag.py:3947} INFO - Setting next_dagrun for example_xcom_args to None, run_after=None
[2024-08-09T20:01:54.597+0200] {logging_mixin.py:188} INFO - [2024-08-09T20:01:54.597+0200] {dag.py:3947} INFO - Setting next_dagrun for example_xcom_args_with_operators to None, run_after=None
[2024-08-09T20:01:54.667+0200] {processor.py:183} INFO - Processing /home/bvpelt/Develop/airflowtut/py_env/lib/python3.10/site-packages/airflow/example_dags/example_xcomargs.py took 0.108 seconds
[2024-08-09T20:02:45.761+0200] {processor.py:161} INFO - Started process (PID=21060) to work on /home/bvpelt/Develop/airflowtut/py_env/lib/python3.10/site-packages/airflow/example_dags/example_xcomargs.py
[2024-08-09T20:02:45.762+0200] {processor.py:830} INFO - Processing file /home/bvpelt/Develop/airflowtut/py_env/lib/python3.10/site-packages/airflow/example_dags/example_xcomargs.py for tasks to queue
[2024-08-09T20:02:45.763+0200] {logging_mixin.py:188} INFO - [2024-08-09T20:02:45.763+0200] {dagbag.py:545} INFO - Filling up the DagBag from /home/bvpelt/Develop/airflowtut/py_env/lib/python3.10/site-packages/airflow/example_dags/example_xcomargs.py
[2024-08-09T20:02:45.768+0200] {processor.py:840} INFO - DAG(s) 'example_xcom_args_with_operators', 'example_xcom_args' retrieved from /home/bvpelt/Develop/airflowtut/py_env/lib/python3.10/site-packages/airflow/example_dags/example_xcomargs.py
[2024-08-09T20:02:45.780+0200] {logging_mixin.py:188} INFO - [2024-08-09T20:02:45.780+0200] {dag.py:3089} INFO - Sync 2 DAGs
[2024-08-09T20:02:45.787+0200] {logging_mixin.py:188} INFO - [2024-08-09T20:02:45.787+0200] {dag.py:3947} INFO - Setting next_dagrun for example_xcom_args to None, run_after=None
[2024-08-09T20:02:45.789+0200] {logging_mixin.py:188} INFO - [2024-08-09T20:02:45.789+0200] {dag.py:3947} INFO - Setting next_dagrun for example_xcom_args_with_operators to None, run_after=None
[2024-08-09T20:02:45.866+0200] {processor.py:183} INFO - Processing /home/bvpelt/Develop/airflowtut/py_env/lib/python3.10/site-packages/airflow/example_dags/example_xcomargs.py took 0.108 seconds
[2024-08-09T20:03:44.963+0200] {processor.py:161} INFO - Started process (PID=21116) to work on /home/bvpelt/Develop/airflowtut/py_env/lib/python3.10/site-packages/airflow/example_dags/example_xcomargs.py
[2024-08-09T20:03:44.964+0200] {processor.py:830} INFO - Processing file /home/bvpelt/Develop/airflowtut/py_env/lib/python3.10/site-packages/airflow/example_dags/example_xcomargs.py for tasks to queue
[2024-08-09T20:03:44.965+0200] {logging_mixin.py:188} INFO - [2024-08-09T20:03:44.964+0200] {dagbag.py:545} INFO - Filling up the DagBag from /home/bvpelt/Develop/airflowtut/py_env/lib/python3.10/site-packages/airflow/example_dags/example_xcomargs.py
[2024-08-09T20:03:44.969+0200] {processor.py:840} INFO - DAG(s) 'example_xcom_args_with_operators', 'example_xcom_args' retrieved from /home/bvpelt/Develop/airflowtut/py_env/lib/python3.10/site-packages/airflow/example_dags/example_xcomargs.py
[2024-08-09T20:03:44.979+0200] {logging_mixin.py:188} INFO - [2024-08-09T20:03:44.979+0200] {dag.py:3089} INFO - Sync 2 DAGs
[2024-08-09T20:03:44.985+0200] {logging_mixin.py:188} INFO - [2024-08-09T20:03:44.985+0200] {dag.py:3947} INFO - Setting next_dagrun for example_xcom_args to None, run_after=None
[2024-08-09T20:03:44.987+0200] {logging_mixin.py:188} INFO - [2024-08-09T20:03:44.987+0200] {dag.py:3947} INFO - Setting next_dagrun for example_xcom_args_with_operators to None, run_after=None
[2024-08-09T20:03:45.050+0200] {processor.py:183} INFO - Processing /home/bvpelt/Develop/airflowtut/py_env/lib/python3.10/site-packages/airflow/example_dags/example_xcomargs.py took 0.090 seconds
[2024-08-09T20:04:38.249+0200] {processor.py:161} INFO - Started process (PID=21204) to work on /home/bvpelt/Develop/airflowtut/py_env/lib/python3.10/site-packages/airflow/example_dags/example_xcomargs.py
[2024-08-09T20:04:38.249+0200] {processor.py:830} INFO - Processing file /home/bvpelt/Develop/airflowtut/py_env/lib/python3.10/site-packages/airflow/example_dags/example_xcomargs.py for tasks to queue
[2024-08-09T20:04:38.250+0200] {logging_mixin.py:188} INFO - [2024-08-09T20:04:38.250+0200] {dagbag.py:545} INFO - Filling up the DagBag from /home/bvpelt/Develop/airflowtut/py_env/lib/python3.10/site-packages/airflow/example_dags/example_xcomargs.py
[2024-08-09T20:04:38.254+0200] {processor.py:840} INFO - DAG(s) 'example_xcom_args_with_operators', 'example_xcom_args' retrieved from /home/bvpelt/Develop/airflowtut/py_env/lib/python3.10/site-packages/airflow/example_dags/example_xcomargs.py
[2024-08-09T20:04:38.264+0200] {logging_mixin.py:188} INFO - [2024-08-09T20:04:38.264+0200] {dag.py:3089} INFO - Sync 2 DAGs
[2024-08-09T20:04:38.271+0200] {logging_mixin.py:188} INFO - [2024-08-09T20:04:38.271+0200] {dag.py:3947} INFO - Setting next_dagrun for example_xcom_args to None, run_after=None
[2024-08-09T20:04:38.273+0200] {logging_mixin.py:188} INFO - [2024-08-09T20:04:38.272+0200] {dag.py:3947} INFO - Setting next_dagrun for example_xcom_args_with_operators to None, run_after=None
[2024-08-09T20:04:38.350+0200] {processor.py:183} INFO - Processing /home/bvpelt/Develop/airflowtut/py_env/lib/python3.10/site-packages/airflow/example_dags/example_xcomargs.py took 0.105 seconds
[2024-08-09T20:05:29.153+0200] {processor.py:161} INFO - Started process (PID=21361) to work on /home/bvpelt/Develop/airflowtut/py_env/lib/python3.10/site-packages/airflow/example_dags/example_xcomargs.py
[2024-08-09T20:05:29.153+0200] {processor.py:830} INFO - Processing file /home/bvpelt/Develop/airflowtut/py_env/lib/python3.10/site-packages/airflow/example_dags/example_xcomargs.py for tasks to queue
[2024-08-09T20:05:29.154+0200] {logging_mixin.py:188} INFO - [2024-08-09T20:05:29.154+0200] {dagbag.py:545} INFO - Filling up the DagBag from /home/bvpelt/Develop/airflowtut/py_env/lib/python3.10/site-packages/airflow/example_dags/example_xcomargs.py
[2024-08-09T20:05:29.159+0200] {processor.py:840} INFO - DAG(s) 'example_xcom_args_with_operators', 'example_xcom_args' retrieved from /home/bvpelt/Develop/airflowtut/py_env/lib/python3.10/site-packages/airflow/example_dags/example_xcomargs.py
[2024-08-09T20:05:29.169+0200] {logging_mixin.py:188} INFO - [2024-08-09T20:05:29.169+0200] {dag.py:3089} INFO - Sync 2 DAGs
[2024-08-09T20:05:29.176+0200] {logging_mixin.py:188} INFO - [2024-08-09T20:05:29.176+0200] {dag.py:3947} INFO - Setting next_dagrun for example_xcom_args to None, run_after=None
[2024-08-09T20:05:29.178+0200] {logging_mixin.py:188} INFO - [2024-08-09T20:05:29.178+0200] {dag.py:3947} INFO - Setting next_dagrun for example_xcom_args_with_operators to None, run_after=None
[2024-08-09T20:05:29.264+0200] {processor.py:183} INFO - Processing /home/bvpelt/Develop/airflowtut/py_env/lib/python3.10/site-packages/airflow/example_dags/example_xcomargs.py took 0.114 seconds
[2024-08-09T20:06:27.321+0200] {processor.py:161} INFO - Started process (PID=21428) to work on /home/bvpelt/Develop/airflowtut/py_env/lib/python3.10/site-packages/airflow/example_dags/example_xcomargs.py
[2024-08-09T20:06:27.322+0200] {processor.py:830} INFO - Processing file /home/bvpelt/Develop/airflowtut/py_env/lib/python3.10/site-packages/airflow/example_dags/example_xcomargs.py for tasks to queue
[2024-08-09T20:06:27.322+0200] {logging_mixin.py:188} INFO - [2024-08-09T20:06:27.322+0200] {dagbag.py:545} INFO - Filling up the DagBag from /home/bvpelt/Develop/airflowtut/py_env/lib/python3.10/site-packages/airflow/example_dags/example_xcomargs.py
[2024-08-09T20:06:27.327+0200] {processor.py:840} INFO - DAG(s) 'example_xcom_args_with_operators', 'example_xcom_args' retrieved from /home/bvpelt/Develop/airflowtut/py_env/lib/python3.10/site-packages/airflow/example_dags/example_xcomargs.py
[2024-08-09T20:06:27.339+0200] {logging_mixin.py:188} INFO - [2024-08-09T20:06:27.339+0200] {dag.py:3089} INFO - Sync 2 DAGs
[2024-08-09T20:06:27.346+0200] {logging_mixin.py:188} INFO - [2024-08-09T20:06:27.346+0200] {dag.py:3947} INFO - Setting next_dagrun for example_xcom_args to None, run_after=None
[2024-08-09T20:06:27.348+0200] {logging_mixin.py:188} INFO - [2024-08-09T20:06:27.348+0200] {dag.py:3947} INFO - Setting next_dagrun for example_xcom_args_with_operators to None, run_after=None
[2024-08-09T20:06:27.431+0200] {processor.py:183} INFO - Processing /home/bvpelt/Develop/airflowtut/py_env/lib/python3.10/site-packages/airflow/example_dags/example_xcomargs.py took 0.113 seconds
[2024-08-09T20:07:21.371+0200] {processor.py:161} INFO - Started process (PID=21535) to work on /home/bvpelt/Develop/airflowtut/py_env/lib/python3.10/site-packages/airflow/example_dags/example_xcomargs.py
[2024-08-09T20:07:21.372+0200] {processor.py:830} INFO - Processing file /home/bvpelt/Develop/airflowtut/py_env/lib/python3.10/site-packages/airflow/example_dags/example_xcomargs.py for tasks to queue
[2024-08-09T20:07:21.372+0200] {logging_mixin.py:188} INFO - [2024-08-09T20:07:21.372+0200] {dagbag.py:545} INFO - Filling up the DagBag from /home/bvpelt/Develop/airflowtut/py_env/lib/python3.10/site-packages/airflow/example_dags/example_xcomargs.py
[2024-08-09T20:07:21.377+0200] {processor.py:840} INFO - DAG(s) 'example_xcom_args_with_operators', 'example_xcom_args' retrieved from /home/bvpelt/Develop/airflowtut/py_env/lib/python3.10/site-packages/airflow/example_dags/example_xcomargs.py
[2024-08-09T20:07:21.387+0200] {logging_mixin.py:188} INFO - [2024-08-09T20:07:21.387+0200] {dag.py:3089} INFO - Sync 2 DAGs
[2024-08-09T20:07:21.394+0200] {logging_mixin.py:188} INFO - [2024-08-09T20:07:21.394+0200] {dag.py:3947} INFO - Setting next_dagrun for example_xcom_args to None, run_after=None
[2024-08-09T20:07:21.396+0200] {logging_mixin.py:188} INFO - [2024-08-09T20:07:21.396+0200] {dag.py:3947} INFO - Setting next_dagrun for example_xcom_args_with_operators to None, run_after=None
[2024-08-09T20:07:21.509+0200] {processor.py:183} INFO - Processing /home/bvpelt/Develop/airflowtut/py_env/lib/python3.10/site-packages/airflow/example_dags/example_xcomargs.py took 0.141 seconds
[2024-08-09T20:08:12.632+0200] {processor.py:161} INFO - Started process (PID=21664) to work on /home/bvpelt/Develop/airflowtut/py_env/lib/python3.10/site-packages/airflow/example_dags/example_xcomargs.py
[2024-08-09T20:08:12.633+0200] {processor.py:830} INFO - Processing file /home/bvpelt/Develop/airflowtut/py_env/lib/python3.10/site-packages/airflow/example_dags/example_xcomargs.py for tasks to queue
[2024-08-09T20:08:12.633+0200] {logging_mixin.py:188} INFO - [2024-08-09T20:08:12.633+0200] {dagbag.py:545} INFO - Filling up the DagBag from /home/bvpelt/Develop/airflowtut/py_env/lib/python3.10/site-packages/airflow/example_dags/example_xcomargs.py
[2024-08-09T20:08:12.638+0200] {processor.py:840} INFO - DAG(s) 'example_xcom_args', 'example_xcom_args_with_operators' retrieved from /home/bvpelt/Develop/airflowtut/py_env/lib/python3.10/site-packages/airflow/example_dags/example_xcomargs.py
[2024-08-09T20:08:12.648+0200] {logging_mixin.py:188} INFO - [2024-08-09T20:08:12.648+0200] {dag.py:3089} INFO - Sync 2 DAGs
[2024-08-09T20:08:12.654+0200] {logging_mixin.py:188} INFO - [2024-08-09T20:08:12.654+0200] {dag.py:3947} INFO - Setting next_dagrun for example_xcom_args to None, run_after=None
[2024-08-09T20:08:12.656+0200] {logging_mixin.py:188} INFO - [2024-08-09T20:08:12.656+0200] {dag.py:3947} INFO - Setting next_dagrun for example_xcom_args_with_operators to None, run_after=None
[2024-08-09T20:08:13.337+0200] {processor.py:183} INFO - Processing /home/bvpelt/Develop/airflowtut/py_env/lib/python3.10/site-packages/airflow/example_dags/example_xcomargs.py took 0.708 seconds
[2024-08-09T20:09:03.436+0200] {processor.py:161} INFO - Started process (PID=21723) to work on /home/bvpelt/Develop/airflowtut/py_env/lib/python3.10/site-packages/airflow/example_dags/example_xcomargs.py
[2024-08-09T20:09:03.466+0200] {processor.py:830} INFO - Processing file /home/bvpelt/Develop/airflowtut/py_env/lib/python3.10/site-packages/airflow/example_dags/example_xcomargs.py for tasks to queue
[2024-08-09T20:09:03.467+0200] {logging_mixin.py:188} INFO - [2024-08-09T20:09:03.467+0200] {dagbag.py:545} INFO - Filling up the DagBag from /home/bvpelt/Develop/airflowtut/py_env/lib/python3.10/site-packages/airflow/example_dags/example_xcomargs.py
[2024-08-09T20:09:03.474+0200] {processor.py:840} INFO - DAG(s) 'example_xcom_args_with_operators', 'example_xcom_args' retrieved from /home/bvpelt/Develop/airflowtut/py_env/lib/python3.10/site-packages/airflow/example_dags/example_xcomargs.py
[2024-08-09T20:09:03.483+0200] {logging_mixin.py:188} INFO - [2024-08-09T20:09:03.483+0200] {dag.py:3089} INFO - Sync 2 DAGs
[2024-08-09T20:09:03.490+0200] {logging_mixin.py:188} INFO - [2024-08-09T20:09:03.490+0200] {dag.py:3947} INFO - Setting next_dagrun for example_xcom_args to None, run_after=None
[2024-08-09T20:09:03.492+0200] {logging_mixin.py:188} INFO - [2024-08-09T20:09:03.491+0200] {dag.py:3947} INFO - Setting next_dagrun for example_xcom_args_with_operators to None, run_after=None
[2024-08-09T20:09:03.584+0200] {processor.py:183} INFO - Processing /home/bvpelt/Develop/airflowtut/py_env/lib/python3.10/site-packages/airflow/example_dags/example_xcomargs.py took 0.151 seconds
[2024-08-09T20:09:55.611+0200] {processor.py:161} INFO - Started process (PID=21775) to work on /home/bvpelt/Develop/airflowtut/py_env/lib/python3.10/site-packages/airflow/example_dags/example_xcomargs.py
[2024-08-09T20:09:55.622+0200] {processor.py:830} INFO - Processing file /home/bvpelt/Develop/airflowtut/py_env/lib/python3.10/site-packages/airflow/example_dags/example_xcomargs.py for tasks to queue
[2024-08-09T20:09:55.623+0200] {logging_mixin.py:188} INFO - [2024-08-09T20:09:55.623+0200] {dagbag.py:545} INFO - Filling up the DagBag from /home/bvpelt/Develop/airflowtut/py_env/lib/python3.10/site-packages/airflow/example_dags/example_xcomargs.py
[2024-08-09T20:09:55.628+0200] {processor.py:840} INFO - DAG(s) 'example_xcom_args', 'example_xcom_args_with_operators' retrieved from /home/bvpelt/Develop/airflowtut/py_env/lib/python3.10/site-packages/airflow/example_dags/example_xcomargs.py
[2024-08-09T20:09:55.638+0200] {logging_mixin.py:188} INFO - [2024-08-09T20:09:55.638+0200] {dag.py:3089} INFO - Sync 2 DAGs
[2024-08-09T20:09:55.645+0200] {logging_mixin.py:188} INFO - [2024-08-09T20:09:55.644+0200] {dag.py:3947} INFO - Setting next_dagrun for example_xcom_args to None, run_after=None
[2024-08-09T20:09:55.646+0200] {logging_mixin.py:188} INFO - [2024-08-09T20:09:55.646+0200] {dag.py:3947} INFO - Setting next_dagrun for example_xcom_args_with_operators to None, run_after=None
[2024-08-09T20:09:55.726+0200] {processor.py:183} INFO - Processing /home/bvpelt/Develop/airflowtut/py_env/lib/python3.10/site-packages/airflow/example_dags/example_xcomargs.py took 0.119 seconds
[2024-08-09T20:10:44.693+0200] {processor.py:161} INFO - Started process (PID=21850) to work on /home/bvpelt/Develop/airflowtut/py_env/lib/python3.10/site-packages/airflow/example_dags/example_xcomargs.py
[2024-08-09T20:10:44.695+0200] {processor.py:830} INFO - Processing file /home/bvpelt/Develop/airflowtut/py_env/lib/python3.10/site-packages/airflow/example_dags/example_xcomargs.py for tasks to queue
[2024-08-09T20:10:44.699+0200] {logging_mixin.py:188} INFO - [2024-08-09T20:10:44.698+0200] {dagbag.py:545} INFO - Filling up the DagBag from /home/bvpelt/Develop/airflowtut/py_env/lib/python3.10/site-packages/airflow/example_dags/example_xcomargs.py
[2024-08-09T20:10:44.713+0200] {processor.py:840} INFO - DAG(s) 'example_xcom_args_with_operators', 'example_xcom_args' retrieved from /home/bvpelt/Develop/airflowtut/py_env/lib/python3.10/site-packages/airflow/example_dags/example_xcomargs.py
[2024-08-09T20:10:44.729+0200] {logging_mixin.py:188} INFO - [2024-08-09T20:10:44.729+0200] {dag.py:3089} INFO - Sync 2 DAGs
[2024-08-09T20:10:44.737+0200] {logging_mixin.py:188} INFO - [2024-08-09T20:10:44.737+0200] {dag.py:3947} INFO - Setting next_dagrun for example_xcom_args to None, run_after=None
[2024-08-09T20:10:44.740+0200] {logging_mixin.py:188} INFO - [2024-08-09T20:10:44.739+0200] {dag.py:3947} INFO - Setting next_dagrun for example_xcom_args_with_operators to None, run_after=None
[2024-08-09T20:10:44.812+0200] {processor.py:183} INFO - Processing /home/bvpelt/Develop/airflowtut/py_env/lib/python3.10/site-packages/airflow/example_dags/example_xcomargs.py took 0.134 seconds
[2024-08-09T20:11:34.715+0200] {processor.py:161} INFO - Started process (PID=21904) to work on /home/bvpelt/Develop/airflowtut/py_env/lib/python3.10/site-packages/airflow/example_dags/example_xcomargs.py
[2024-08-09T20:11:34.716+0200] {processor.py:830} INFO - Processing file /home/bvpelt/Develop/airflowtut/py_env/lib/python3.10/site-packages/airflow/example_dags/example_xcomargs.py for tasks to queue
[2024-08-09T20:11:34.716+0200] {logging_mixin.py:188} INFO - [2024-08-09T20:11:34.716+0200] {dagbag.py:545} INFO - Filling up the DagBag from /home/bvpelt/Develop/airflowtut/py_env/lib/python3.10/site-packages/airflow/example_dags/example_xcomargs.py
[2024-08-09T20:11:34.721+0200] {processor.py:840} INFO - DAG(s) 'example_xcom_args', 'example_xcom_args_with_operators' retrieved from /home/bvpelt/Develop/airflowtut/py_env/lib/python3.10/site-packages/airflow/example_dags/example_xcomargs.py
[2024-08-09T20:11:34.731+0200] {logging_mixin.py:188} INFO - [2024-08-09T20:11:34.731+0200] {dag.py:3089} INFO - Sync 2 DAGs
[2024-08-09T20:11:34.737+0200] {logging_mixin.py:188} INFO - [2024-08-09T20:11:34.737+0200] {dag.py:3947} INFO - Setting next_dagrun for example_xcom_args to None, run_after=None
[2024-08-09T20:11:34.739+0200] {logging_mixin.py:188} INFO - [2024-08-09T20:11:34.739+0200] {dag.py:3947} INFO - Setting next_dagrun for example_xcom_args_with_operators to None, run_after=None
[2024-08-09T20:11:34.837+0200] {processor.py:183} INFO - Processing /home/bvpelt/Develop/airflowtut/py_env/lib/python3.10/site-packages/airflow/example_dags/example_xcomargs.py took 0.125 seconds
[2024-08-09T20:12:23.076+0200] {processor.py:161} INFO - Started process (PID=22012) to work on /home/bvpelt/Develop/airflowtut/py_env/lib/python3.10/site-packages/airflow/example_dags/example_xcomargs.py
[2024-08-09T20:12:23.078+0200] {processor.py:830} INFO - Processing file /home/bvpelt/Develop/airflowtut/py_env/lib/python3.10/site-packages/airflow/example_dags/example_xcomargs.py for tasks to queue
[2024-08-09T20:12:23.082+0200] {logging_mixin.py:188} INFO - [2024-08-09T20:12:23.081+0200] {dagbag.py:545} INFO - Filling up the DagBag from /home/bvpelt/Develop/airflowtut/py_env/lib/python3.10/site-packages/airflow/example_dags/example_xcomargs.py
[2024-08-09T20:12:23.096+0200] {processor.py:840} INFO - DAG(s) 'example_xcom_args_with_operators', 'example_xcom_args' retrieved from /home/bvpelt/Develop/airflowtut/py_env/lib/python3.10/site-packages/airflow/example_dags/example_xcomargs.py
[2024-08-09T20:12:23.113+0200] {logging_mixin.py:188} INFO - [2024-08-09T20:12:23.113+0200] {dag.py:3089} INFO - Sync 2 DAGs
[2024-08-09T20:12:23.121+0200] {logging_mixin.py:188} INFO - [2024-08-09T20:12:23.121+0200] {dag.py:3947} INFO - Setting next_dagrun for example_xcom_args to None, run_after=None
[2024-08-09T20:12:23.123+0200] {logging_mixin.py:188} INFO - [2024-08-09T20:12:23.123+0200] {dag.py:3947} INFO - Setting next_dagrun for example_xcom_args_with_operators to None, run_after=None
[2024-08-09T20:12:23.200+0200] {processor.py:183} INFO - Processing /home/bvpelt/Develop/airflowtut/py_env/lib/python3.10/site-packages/airflow/example_dags/example_xcomargs.py took 0.139 seconds
[2024-08-09T20:13:16.628+0200] {processor.py:161} INFO - Started process (PID=22097) to work on /home/bvpelt/Develop/airflowtut/py_env/lib/python3.10/site-packages/airflow/example_dags/example_xcomargs.py
[2024-08-09T20:13:16.628+0200] {processor.py:830} INFO - Processing file /home/bvpelt/Develop/airflowtut/py_env/lib/python3.10/site-packages/airflow/example_dags/example_xcomargs.py for tasks to queue
[2024-08-09T20:13:16.629+0200] {logging_mixin.py:188} INFO - [2024-08-09T20:13:16.629+0200] {dagbag.py:545} INFO - Filling up the DagBag from /home/bvpelt/Develop/airflowtut/py_env/lib/python3.10/site-packages/airflow/example_dags/example_xcomargs.py
[2024-08-09T20:13:16.635+0200] {processor.py:840} INFO - DAG(s) 'example_xcom_args', 'example_xcom_args_with_operators' retrieved from /home/bvpelt/Develop/airflowtut/py_env/lib/python3.10/site-packages/airflow/example_dags/example_xcomargs.py
[2024-08-09T20:13:16.646+0200] {logging_mixin.py:188} INFO - [2024-08-09T20:13:16.645+0200] {dag.py:3089} INFO - Sync 2 DAGs
[2024-08-09T20:13:16.652+0200] {logging_mixin.py:188} INFO - [2024-08-09T20:13:16.652+0200] {dag.py:3947} INFO - Setting next_dagrun for example_xcom_args to None, run_after=None
[2024-08-09T20:13:16.654+0200] {logging_mixin.py:188} INFO - [2024-08-09T20:13:16.654+0200] {dag.py:3947} INFO - Setting next_dagrun for example_xcom_args_with_operators to None, run_after=None
[2024-08-09T20:13:16.721+0200] {processor.py:183} INFO - Processing /home/bvpelt/Develop/airflowtut/py_env/lib/python3.10/site-packages/airflow/example_dags/example_xcomargs.py took 0.097 seconds
[2024-08-09T20:14:12.877+0200] {processor.py:161} INFO - Started process (PID=22176) to work on /home/bvpelt/Develop/airflowtut/py_env/lib/python3.10/site-packages/airflow/example_dags/example_xcomargs.py
[2024-08-09T20:14:12.877+0200] {processor.py:830} INFO - Processing file /home/bvpelt/Develop/airflowtut/py_env/lib/python3.10/site-packages/airflow/example_dags/example_xcomargs.py for tasks to queue
[2024-08-09T20:14:12.878+0200] {logging_mixin.py:188} INFO - [2024-08-09T20:14:12.878+0200] {dagbag.py:545} INFO - Filling up the DagBag from /home/bvpelt/Develop/airflowtut/py_env/lib/python3.10/site-packages/airflow/example_dags/example_xcomargs.py
[2024-08-09T20:14:12.884+0200] {processor.py:840} INFO - DAG(s) 'example_xcom_args', 'example_xcom_args_with_operators' retrieved from /home/bvpelt/Develop/airflowtut/py_env/lib/python3.10/site-packages/airflow/example_dags/example_xcomargs.py
[2024-08-09T20:14:12.894+0200] {logging_mixin.py:188} INFO - [2024-08-09T20:14:12.894+0200] {dag.py:3089} INFO - Sync 2 DAGs
[2024-08-09T20:14:12.900+0200] {logging_mixin.py:188} INFO - [2024-08-09T20:14:12.900+0200] {dag.py:3947} INFO - Setting next_dagrun for example_xcom_args to None, run_after=None
[2024-08-09T20:14:12.902+0200] {logging_mixin.py:188} INFO - [2024-08-09T20:14:12.902+0200] {dag.py:3947} INFO - Setting next_dagrun for example_xcom_args_with_operators to None, run_after=None
[2024-08-09T20:14:13.041+0200] {processor.py:183} INFO - Processing /home/bvpelt/Develop/airflowtut/py_env/lib/python3.10/site-packages/airflow/example_dags/example_xcomargs.py took 0.167 seconds
[2024-08-09T20:14:59.710+0200] {processor.py:161} INFO - Started process (PID=22229) to work on /home/bvpelt/Develop/airflowtut/py_env/lib/python3.10/site-packages/airflow/example_dags/example_xcomargs.py
[2024-08-09T20:14:59.776+0200] {processor.py:830} INFO - Processing file /home/bvpelt/Develop/airflowtut/py_env/lib/python3.10/site-packages/airflow/example_dags/example_xcomargs.py for tasks to queue
[2024-08-09T20:14:59.780+0200] {logging_mixin.py:188} INFO - [2024-08-09T20:14:59.779+0200] {dagbag.py:545} INFO - Filling up the DagBag from /home/bvpelt/Develop/airflowtut/py_env/lib/python3.10/site-packages/airflow/example_dags/example_xcomargs.py
[2024-08-09T20:14:59.785+0200] {processor.py:840} INFO - DAG(s) 'example_xcom_args', 'example_xcom_args_with_operators' retrieved from /home/bvpelt/Develop/airflowtut/py_env/lib/python3.10/site-packages/airflow/example_dags/example_xcomargs.py
[2024-08-09T20:14:59.795+0200] {logging_mixin.py:188} INFO - [2024-08-09T20:14:59.795+0200] {dag.py:3089} INFO - Sync 2 DAGs
[2024-08-09T20:14:59.801+0200] {logging_mixin.py:188} INFO - [2024-08-09T20:14:59.801+0200] {dag.py:3947} INFO - Setting next_dagrun for example_xcom_args to None, run_after=None
[2024-08-09T20:14:59.803+0200] {logging_mixin.py:188} INFO - [2024-08-09T20:14:59.803+0200] {dag.py:3947} INFO - Setting next_dagrun for example_xcom_args_with_operators to None, run_after=None
[2024-08-09T20:14:59.889+0200] {processor.py:183} INFO - Processing /home/bvpelt/Develop/airflowtut/py_env/lib/python3.10/site-packages/airflow/example_dags/example_xcomargs.py took 0.182 seconds
[2024-08-09T20:15:48.938+0200] {processor.py:161} INFO - Started process (PID=22313) to work on /home/bvpelt/Develop/airflowtut/py_env/lib/python3.10/site-packages/airflow/example_dags/example_xcomargs.py
[2024-08-09T20:15:48.939+0200] {processor.py:830} INFO - Processing file /home/bvpelt/Develop/airflowtut/py_env/lib/python3.10/site-packages/airflow/example_dags/example_xcomargs.py for tasks to queue
[2024-08-09T20:15:48.939+0200] {logging_mixin.py:188} INFO - [2024-08-09T20:15:48.939+0200] {dagbag.py:545} INFO - Filling up the DagBag from /home/bvpelt/Develop/airflowtut/py_env/lib/python3.10/site-packages/airflow/example_dags/example_xcomargs.py
[2024-08-09T20:15:48.944+0200] {processor.py:840} INFO - DAG(s) 'example_xcom_args', 'example_xcom_args_with_operators' retrieved from /home/bvpelt/Develop/airflowtut/py_env/lib/python3.10/site-packages/airflow/example_dags/example_xcomargs.py
[2024-08-09T20:15:48.954+0200] {logging_mixin.py:188} INFO - [2024-08-09T20:15:48.954+0200] {dag.py:3089} INFO - Sync 2 DAGs
[2024-08-09T20:15:48.960+0200] {logging_mixin.py:188} INFO - [2024-08-09T20:15:48.960+0200] {dag.py:3947} INFO - Setting next_dagrun for example_xcom_args to None, run_after=None
[2024-08-09T20:15:48.962+0200] {logging_mixin.py:188} INFO - [2024-08-09T20:15:48.962+0200] {dag.py:3947} INFO - Setting next_dagrun for example_xcom_args_with_operators to None, run_after=None
[2024-08-09T20:15:49.050+0200] {processor.py:183} INFO - Processing /home/bvpelt/Develop/airflowtut/py_env/lib/python3.10/site-packages/airflow/example_dags/example_xcomargs.py took 0.115 seconds
[2024-08-09T20:16:34.799+0200] {processor.py:186} ERROR - Got an exception! Propagating...
Traceback (most recent call last):
  File "/home/bvpelt/Develop/airflowtut/py_env/lib/python3.10/site-packages/airflow/dag_processing/processor.py", line 182, in _run_file_processor
  File "/home/bvpelt/Develop/airflowtut/py_env/lib/python3.10/site-packages/airflow/dag_processing/processor.py", line 154, in _handle_dag_file_processing
  File "/home/bvpelt/Develop/airflowtut/py_env/lib/python3.10/site-packages/airflow/settings.py", line 262, in configure_orm
  File "/home/bvpelt/Develop/airflowtut/py_env/lib/python3.10/site-packages/airflow/utils/orm_event_handlers.py", line 37, in setup_event_handlers
  File "/home/bvpelt/Develop/airflowtut/py_env/lib/python3.10/site-packages/airflow/utils/sqlalchemy.py", line 550, in get_orm_mapper
  File "/home/bvpelt/Develop/airflowtut/py_env/lib/python3.10/site-packages/airflow/utils/sqlalchemy.py", line 554, in is_sqlalchemy_v1
  File "/usr/lib/python3.10/importlib/metadata/__init__.py", line 996, in version
    return distribution(distribution_name).version
  File "/usr/lib/python3.10/importlib/metadata/__init__.py", line 969, in distribution
    return Distribution.from_name(distribution_name)
  File "/usr/lib/python3.10/importlib/metadata/__init__.py", line 548, in from_name
    raise PackageNotFoundError(name)
importlib.metadata.PackageNotFoundError: No package metadata was found for sqlalchemy
