[2024-08-09T19:43:14.986+0200] {processor.py:161} INFO - Started process (PID=17725) to work on /home/bvpelt/Develop/airflowtut/py_env/lib/python3.10/site-packages/airflow/example_dags/example_nested_branch_dag.py
[2024-08-09T19:43:14.986+0200] {processor.py:830} INFO - Processing file /home/bvpelt/Develop/airflowtut/py_env/lib/python3.10/site-packages/airflow/example_dags/example_nested_branch_dag.py for tasks to queue
[2024-08-09T19:43:14.987+0200] {logging_mixin.py:188} INFO - [2024-08-09T19:43:14.987+0200] {dagbag.py:545} INFO - Filling up the DagBag from /home/bvpelt/Develop/airflowtut/py_env/lib/python3.10/site-packages/airflow/example_dags/example_nested_branch_dag.py
[2024-08-09T19:43:14.993+0200] {processor.py:840} INFO - DAG(s) 'example_nested_branch_dag' retrieved from /home/bvpelt/Develop/airflowtut/py_env/lib/python3.10/site-packages/airflow/example_dags/example_nested_branch_dag.py
[2024-08-09T19:43:15.334+0200] {logging_mixin.py:188} INFO - [2024-08-09T19:43:15.333+0200] {override.py:1858} INFO - Created Permission View: can edit on DAG:example_nested_branch_dag
[2024-08-09T19:43:15.434+0200] {logging_mixin.py:188} INFO - [2024-08-09T19:43:15.433+0200] {override.py:1858} INFO - Created Permission View: can read on DAG:example_nested_branch_dag
[2024-08-09T19:43:15.514+0200] {logging_mixin.py:188} INFO - [2024-08-09T19:43:15.513+0200] {override.py:1858} INFO - Created Permission View: can delete on DAG:example_nested_branch_dag
[2024-08-09T19:43:15.515+0200] {logging_mixin.py:188} INFO - [2024-08-09T19:43:15.515+0200] {dag.py:3089} INFO - Sync 1 DAGs
[2024-08-09T19:43:15.546+0200] {logging_mixin.py:188} INFO - [2024-08-09T19:43:15.546+0200] {dag.py:3111} INFO - Creating ORM DAG for example_nested_branch_dag
[2024-08-09T19:43:15.562+0200] {logging_mixin.py:188} INFO - [2024-08-09T19:43:15.561+0200] {dag.py:3947} INFO - Setting next_dagrun for example_nested_branch_dag to 2024-08-08 00:00:00+00:00, run_after=2024-08-09 00:00:00+00:00
[2024-08-09T19:43:15.732+0200] {processor.py:183} INFO - Processing /home/bvpelt/Develop/airflowtut/py_env/lib/python3.10/site-packages/airflow/example_dags/example_nested_branch_dag.py took 0.759 seconds
[2024-08-09T19:44:27.465+0200] {processor.py:161} INFO - Started process (PID=18041) to work on /home/bvpelt/Develop/airflowtut/py_env/lib/python3.10/site-packages/airflow/example_dags/example_nested_branch_dag.py
[2024-08-09T19:44:27.476+0200] {processor.py:830} INFO - Processing file /home/bvpelt/Develop/airflowtut/py_env/lib/python3.10/site-packages/airflow/example_dags/example_nested_branch_dag.py for tasks to queue
[2024-08-09T19:44:27.477+0200] {logging_mixin.py:188} INFO - [2024-08-09T19:44:27.476+0200] {dagbag.py:545} INFO - Filling up the DagBag from /home/bvpelt/Develop/airflowtut/py_env/lib/python3.10/site-packages/airflow/example_dags/example_nested_branch_dag.py
[2024-08-09T19:44:27.484+0200] {processor.py:840} INFO - DAG(s) 'example_nested_branch_dag' retrieved from /home/bvpelt/Develop/airflowtut/py_env/lib/python3.10/site-packages/airflow/example_dags/example_nested_branch_dag.py
[2024-08-09T19:44:27.497+0200] {logging_mixin.py:188} INFO - [2024-08-09T19:44:27.497+0200] {dag.py:3089} INFO - Sync 1 DAGs
[2024-08-09T19:44:27.512+0200] {logging_mixin.py:188} INFO - [2024-08-09T19:44:27.512+0200] {dag.py:3947} INFO - Setting next_dagrun for example_nested_branch_dag to 2024-08-08 00:00:00+00:00, run_after=2024-08-09 00:00:00+00:00
[2024-08-09T19:44:27.598+0200] {processor.py:183} INFO - Processing /home/bvpelt/Develop/airflowtut/py_env/lib/python3.10/site-packages/airflow/example_dags/example_nested_branch_dag.py took 0.137 seconds
[2024-08-09T19:45:24.390+0200] {processor.py:161} INFO - Started process (PID=18280) to work on /home/bvpelt/Develop/airflowtut/py_env/lib/python3.10/site-packages/airflow/example_dags/example_nested_branch_dag.py
[2024-08-09T19:45:24.398+0200] {processor.py:830} INFO - Processing file /home/bvpelt/Develop/airflowtut/py_env/lib/python3.10/site-packages/airflow/example_dags/example_nested_branch_dag.py for tasks to queue
[2024-08-09T19:45:24.399+0200] {logging_mixin.py:188} INFO - [2024-08-09T19:45:24.399+0200] {dagbag.py:545} INFO - Filling up the DagBag from /home/bvpelt/Develop/airflowtut/py_env/lib/python3.10/site-packages/airflow/example_dags/example_nested_branch_dag.py
[2024-08-09T19:45:24.405+0200] {processor.py:840} INFO - DAG(s) 'example_nested_branch_dag' retrieved from /home/bvpelt/Develop/airflowtut/py_env/lib/python3.10/site-packages/airflow/example_dags/example_nested_branch_dag.py
[2024-08-09T19:45:24.463+0200] {logging_mixin.py:188} INFO - [2024-08-09T19:45:24.463+0200] {dag.py:3089} INFO - Sync 1 DAGs
[2024-08-09T19:45:24.473+0200] {logging_mixin.py:188} INFO - [2024-08-09T19:45:24.473+0200] {dag.py:3947} INFO - Setting next_dagrun for example_nested_branch_dag to 2024-08-08 00:00:00+00:00, run_after=2024-08-09 00:00:00+00:00
[2024-08-09T19:45:24.563+0200] {processor.py:183} INFO - Processing /home/bvpelt/Develop/airflowtut/py_env/lib/python3.10/site-packages/airflow/example_dags/example_nested_branch_dag.py took 0.176 seconds
[2024-08-09T19:46:48.139+0200] {processor.py:161} INFO - Started process (PID=18646) to work on /home/bvpelt/Develop/airflowtut/py_env/lib/python3.10/site-packages/airflow/example_dags/example_nested_branch_dag.py
[2024-08-09T19:46:48.139+0200] {processor.py:830} INFO - Processing file /home/bvpelt/Develop/airflowtut/py_env/lib/python3.10/site-packages/airflow/example_dags/example_nested_branch_dag.py for tasks to queue
[2024-08-09T19:46:48.140+0200] {logging_mixin.py:188} INFO - [2024-08-09T19:46:48.140+0200] {dagbag.py:545} INFO - Filling up the DagBag from /home/bvpelt/Develop/airflowtut/py_env/lib/python3.10/site-packages/airflow/example_dags/example_nested_branch_dag.py
[2024-08-09T19:46:48.146+0200] {processor.py:840} INFO - DAG(s) 'example_nested_branch_dag' retrieved from /home/bvpelt/Develop/airflowtut/py_env/lib/python3.10/site-packages/airflow/example_dags/example_nested_branch_dag.py
[2024-08-09T19:46:48.155+0200] {logging_mixin.py:188} INFO - [2024-08-09T19:46:48.155+0200] {dag.py:3089} INFO - Sync 1 DAGs
[2024-08-09T19:46:48.166+0200] {logging_mixin.py:188} INFO - [2024-08-09T19:46:48.166+0200] {dag.py:3947} INFO - Setting next_dagrun for example_nested_branch_dag to 2024-08-08 00:00:00+00:00, run_after=2024-08-09 00:00:00+00:00
[2024-08-09T19:46:48.246+0200] {processor.py:183} INFO - Processing /home/bvpelt/Develop/airflowtut/py_env/lib/python3.10/site-packages/airflow/example_dags/example_nested_branch_dag.py took 0.111 seconds
[2024-08-09T19:47:42.144+0200] {processor.py:161} INFO - Started process (PID=18974) to work on /home/bvpelt/Develop/airflowtut/py_env/lib/python3.10/site-packages/airflow/example_dags/example_nested_branch_dag.py
[2024-08-09T19:47:42.144+0200] {processor.py:830} INFO - Processing file /home/bvpelt/Develop/airflowtut/py_env/lib/python3.10/site-packages/airflow/example_dags/example_nested_branch_dag.py for tasks to queue
[2024-08-09T19:47:42.145+0200] {logging_mixin.py:188} INFO - [2024-08-09T19:47:42.145+0200] {dagbag.py:545} INFO - Filling up the DagBag from /home/bvpelt/Develop/airflowtut/py_env/lib/python3.10/site-packages/airflow/example_dags/example_nested_branch_dag.py
[2024-08-09T19:47:42.152+0200] {processor.py:840} INFO - DAG(s) 'example_nested_branch_dag' retrieved from /home/bvpelt/Develop/airflowtut/py_env/lib/python3.10/site-packages/airflow/example_dags/example_nested_branch_dag.py
[2024-08-09T19:47:42.161+0200] {logging_mixin.py:188} INFO - [2024-08-09T19:47:42.161+0200] {dag.py:3089} INFO - Sync 1 DAGs
[2024-08-09T19:47:42.172+0200] {logging_mixin.py:188} INFO - [2024-08-09T19:47:42.172+0200] {dag.py:3947} INFO - Setting next_dagrun for example_nested_branch_dag to 2024-08-08 00:00:00+00:00, run_after=2024-08-09 00:00:00+00:00
[2024-08-09T19:47:42.248+0200] {processor.py:183} INFO - Processing /home/bvpelt/Develop/airflowtut/py_env/lib/python3.10/site-packages/airflow/example_dags/example_nested_branch_dag.py took 0.109 seconds
[2024-08-09T19:48:35.780+0200] {processor.py:161} INFO - Started process (PID=19113) to work on /home/bvpelt/Develop/airflowtut/py_env/lib/python3.10/site-packages/airflow/example_dags/example_nested_branch_dag.py
[2024-08-09T19:48:35.781+0200] {processor.py:830} INFO - Processing file /home/bvpelt/Develop/airflowtut/py_env/lib/python3.10/site-packages/airflow/example_dags/example_nested_branch_dag.py for tasks to queue
[2024-08-09T19:48:35.782+0200] {logging_mixin.py:188} INFO - [2024-08-09T19:48:35.782+0200] {dagbag.py:545} INFO - Filling up the DagBag from /home/bvpelt/Develop/airflowtut/py_env/lib/python3.10/site-packages/airflow/example_dags/example_nested_branch_dag.py
[2024-08-09T19:48:35.787+0200] {processor.py:840} INFO - DAG(s) 'example_nested_branch_dag' retrieved from /home/bvpelt/Develop/airflowtut/py_env/lib/python3.10/site-packages/airflow/example_dags/example_nested_branch_dag.py
[2024-08-09T19:48:35.796+0200] {logging_mixin.py:188} INFO - [2024-08-09T19:48:35.796+0200] {dag.py:3089} INFO - Sync 1 DAGs
[2024-08-09T19:48:35.808+0200] {logging_mixin.py:188} INFO - [2024-08-09T19:48:35.808+0200] {dag.py:3947} INFO - Setting next_dagrun for example_nested_branch_dag to 2024-08-08 00:00:00+00:00, run_after=2024-08-09 00:00:00+00:00
[2024-08-09T19:48:35.904+0200] {processor.py:183} INFO - Processing /home/bvpelt/Develop/airflowtut/py_env/lib/python3.10/site-packages/airflow/example_dags/example_nested_branch_dag.py took 0.127 seconds
[2024-08-09T19:49:51.866+0200] {processor.py:161} INFO - Started process (PID=19288) to work on /home/bvpelt/Develop/airflowtut/py_env/lib/python3.10/site-packages/airflow/example_dags/example_nested_branch_dag.py
[2024-08-09T19:49:51.866+0200] {processor.py:830} INFO - Processing file /home/bvpelt/Develop/airflowtut/py_env/lib/python3.10/site-packages/airflow/example_dags/example_nested_branch_dag.py for tasks to queue
[2024-08-09T19:49:51.867+0200] {logging_mixin.py:188} INFO - [2024-08-09T19:49:51.867+0200] {dagbag.py:545} INFO - Filling up the DagBag from /home/bvpelt/Develop/airflowtut/py_env/lib/python3.10/site-packages/airflow/example_dags/example_nested_branch_dag.py
[2024-08-09T19:49:51.873+0200] {processor.py:840} INFO - DAG(s) 'example_nested_branch_dag' retrieved from /home/bvpelt/Develop/airflowtut/py_env/lib/python3.10/site-packages/airflow/example_dags/example_nested_branch_dag.py
[2024-08-09T19:49:51.882+0200] {logging_mixin.py:188} INFO - [2024-08-09T19:49:51.882+0200] {dag.py:3089} INFO - Sync 1 DAGs
[2024-08-09T19:49:51.894+0200] {logging_mixin.py:188} INFO - [2024-08-09T19:49:51.894+0200] {dag.py:3947} INFO - Setting next_dagrun for example_nested_branch_dag to 2024-08-08 00:00:00+00:00, run_after=2024-08-09 00:00:00+00:00
[2024-08-09T19:49:51.988+0200] {processor.py:183} INFO - Processing /home/bvpelt/Develop/airflowtut/py_env/lib/python3.10/site-packages/airflow/example_dags/example_nested_branch_dag.py took 0.125 seconds
[2024-08-09T19:50:45.560+0200] {processor.py:161} INFO - Started process (PID=19380) to work on /home/bvpelt/Develop/airflowtut/py_env/lib/python3.10/site-packages/airflow/example_dags/example_nested_branch_dag.py
[2024-08-09T19:50:45.564+0200] {processor.py:830} INFO - Processing file /home/bvpelt/Develop/airflowtut/py_env/lib/python3.10/site-packages/airflow/example_dags/example_nested_branch_dag.py for tasks to queue
[2024-08-09T19:50:45.564+0200] {logging_mixin.py:188} INFO - [2024-08-09T19:50:45.564+0200] {dagbag.py:545} INFO - Filling up the DagBag from /home/bvpelt/Develop/airflowtut/py_env/lib/python3.10/site-packages/airflow/example_dags/example_nested_branch_dag.py
[2024-08-09T19:50:45.570+0200] {processor.py:840} INFO - DAG(s) 'example_nested_branch_dag' retrieved from /home/bvpelt/Develop/airflowtut/py_env/lib/python3.10/site-packages/airflow/example_dags/example_nested_branch_dag.py
[2024-08-09T19:50:45.579+0200] {logging_mixin.py:188} INFO - [2024-08-09T19:50:45.579+0200] {dag.py:3089} INFO - Sync 1 DAGs
[2024-08-09T19:50:45.591+0200] {logging_mixin.py:188} INFO - [2024-08-09T19:50:45.591+0200] {dag.py:3947} INFO - Setting next_dagrun for example_nested_branch_dag to 2024-08-08 00:00:00+00:00, run_after=2024-08-09 00:00:00+00:00
[2024-08-09T19:50:45.677+0200] {processor.py:183} INFO - Processing /home/bvpelt/Develop/airflowtut/py_env/lib/python3.10/site-packages/airflow/example_dags/example_nested_branch_dag.py took 0.120 seconds
[2024-08-09T19:52:16.749+0200] {processor.py:161} INFO - Started process (PID=19906) to work on /home/bvpelt/Develop/airflowtut/py_env/lib/python3.10/site-packages/airflow/example_dags/example_nested_branch_dag.py
[2024-08-09T19:52:16.749+0200] {processor.py:830} INFO - Processing file /home/bvpelt/Develop/airflowtut/py_env/lib/python3.10/site-packages/airflow/example_dags/example_nested_branch_dag.py for tasks to queue
[2024-08-09T19:52:16.750+0200] {logging_mixin.py:188} INFO - [2024-08-09T19:52:16.750+0200] {dagbag.py:545} INFO - Filling up the DagBag from /home/bvpelt/Develop/airflowtut/py_env/lib/python3.10/site-packages/airflow/example_dags/example_nested_branch_dag.py
[2024-08-09T19:52:16.756+0200] {processor.py:840} INFO - DAG(s) 'example_nested_branch_dag' retrieved from /home/bvpelt/Develop/airflowtut/py_env/lib/python3.10/site-packages/airflow/example_dags/example_nested_branch_dag.py
[2024-08-09T19:52:16.765+0200] {logging_mixin.py:188} INFO - [2024-08-09T19:52:16.765+0200] {dag.py:3089} INFO - Sync 1 DAGs
[2024-08-09T19:52:16.776+0200] {logging_mixin.py:188} INFO - [2024-08-09T19:52:16.776+0200] {dag.py:3947} INFO - Setting next_dagrun for example_nested_branch_dag to 2024-08-08 00:00:00+00:00, run_after=2024-08-09 00:00:00+00:00
[2024-08-09T19:52:16.877+0200] {processor.py:183} INFO - Processing /home/bvpelt/Develop/airflowtut/py_env/lib/python3.10/site-packages/airflow/example_dags/example_nested_branch_dag.py took 0.132 seconds
[2024-08-09T19:53:31.475+0200] {processor.py:161} INFO - Started process (PID=20100) to work on /home/bvpelt/Develop/airflowtut/py_env/lib/python3.10/site-packages/airflow/example_dags/example_nested_branch_dag.py
[2024-08-09T19:53:31.475+0200] {processor.py:830} INFO - Processing file /home/bvpelt/Develop/airflowtut/py_env/lib/python3.10/site-packages/airflow/example_dags/example_nested_branch_dag.py for tasks to queue
[2024-08-09T19:53:31.476+0200] {logging_mixin.py:188} INFO - [2024-08-09T19:53:31.476+0200] {dagbag.py:545} INFO - Filling up the DagBag from /home/bvpelt/Develop/airflowtut/py_env/lib/python3.10/site-packages/airflow/example_dags/example_nested_branch_dag.py
[2024-08-09T19:53:31.482+0200] {processor.py:840} INFO - DAG(s) 'example_nested_branch_dag' retrieved from /home/bvpelt/Develop/airflowtut/py_env/lib/python3.10/site-packages/airflow/example_dags/example_nested_branch_dag.py
[2024-08-09T19:53:31.491+0200] {logging_mixin.py:188} INFO - [2024-08-09T19:53:31.490+0200] {dag.py:3089} INFO - Sync 1 DAGs
[2024-08-09T19:53:31.501+0200] {logging_mixin.py:188} INFO - [2024-08-09T19:53:31.501+0200] {dag.py:3947} INFO - Setting next_dagrun for example_nested_branch_dag to 2024-08-08 00:00:00+00:00, run_after=2024-08-09 00:00:00+00:00
[2024-08-09T19:53:31.570+0200] {processor.py:183} INFO - Processing /home/bvpelt/Develop/airflowtut/py_env/lib/python3.10/site-packages/airflow/example_dags/example_nested_branch_dag.py took 0.098 seconds
[2024-08-09T19:54:24.839+0200] {processor.py:161} INFO - Started process (PID=20164) to work on /home/bvpelt/Develop/airflowtut/py_env/lib/python3.10/site-packages/airflow/example_dags/example_nested_branch_dag.py
[2024-08-09T19:54:24.839+0200] {processor.py:830} INFO - Processing file /home/bvpelt/Develop/airflowtut/py_env/lib/python3.10/site-packages/airflow/example_dags/example_nested_branch_dag.py for tasks to queue
[2024-08-09T19:54:24.840+0200] {logging_mixin.py:188} INFO - [2024-08-09T19:54:24.840+0200] {dagbag.py:545} INFO - Filling up the DagBag from /home/bvpelt/Develop/airflowtut/py_env/lib/python3.10/site-packages/airflow/example_dags/example_nested_branch_dag.py
[2024-08-09T19:54:24.845+0200] {processor.py:840} INFO - DAG(s) 'example_nested_branch_dag' retrieved from /home/bvpelt/Develop/airflowtut/py_env/lib/python3.10/site-packages/airflow/example_dags/example_nested_branch_dag.py
[2024-08-09T19:54:24.854+0200] {logging_mixin.py:188} INFO - [2024-08-09T19:54:24.854+0200] {dag.py:3089} INFO - Sync 1 DAGs
[2024-08-09T19:54:24.866+0200] {logging_mixin.py:188} INFO - [2024-08-09T19:54:24.865+0200] {dag.py:3947} INFO - Setting next_dagrun for example_nested_branch_dag to 2024-08-08 00:00:00+00:00, run_after=2024-08-09 00:00:00+00:00
[2024-08-09T19:54:24.929+0200] {processor.py:183} INFO - Processing /home/bvpelt/Develop/airflowtut/py_env/lib/python3.10/site-packages/airflow/example_dags/example_nested_branch_dag.py took 0.094 seconds
[2024-08-09T19:55:16.200+0200] {processor.py:161} INFO - Started process (PID=20266) to work on /home/bvpelt/Develop/airflowtut/py_env/lib/python3.10/site-packages/airflow/example_dags/example_nested_branch_dag.py
[2024-08-09T19:55:16.202+0200] {processor.py:830} INFO - Processing file /home/bvpelt/Develop/airflowtut/py_env/lib/python3.10/site-packages/airflow/example_dags/example_nested_branch_dag.py for tasks to queue
[2024-08-09T19:55:16.206+0200] {logging_mixin.py:188} INFO - [2024-08-09T19:55:16.205+0200] {dagbag.py:545} INFO - Filling up the DagBag from /home/bvpelt/Develop/airflowtut/py_env/lib/python3.10/site-packages/airflow/example_dags/example_nested_branch_dag.py
[2024-08-09T19:55:16.223+0200] {processor.py:840} INFO - DAG(s) 'example_nested_branch_dag' retrieved from /home/bvpelt/Develop/airflowtut/py_env/lib/python3.10/site-packages/airflow/example_dags/example_nested_branch_dag.py
[2024-08-09T19:55:16.237+0200] {logging_mixin.py:188} INFO - [2024-08-09T19:55:16.237+0200] {dag.py:3089} INFO - Sync 1 DAGs
[2024-08-09T19:55:16.251+0200] {logging_mixin.py:188} INFO - [2024-08-09T19:55:16.250+0200] {dag.py:3947} INFO - Setting next_dagrun for example_nested_branch_dag to 2024-08-08 00:00:00+00:00, run_after=2024-08-09 00:00:00+00:00
[2024-08-09T19:55:16.332+0200] {processor.py:183} INFO - Processing /home/bvpelt/Develop/airflowtut/py_env/lib/python3.10/site-packages/airflow/example_dags/example_nested_branch_dag.py took 0.146 seconds
[2024-08-09T19:56:26.404+0200] {processor.py:161} INFO - Started process (PID=20356) to work on /home/bvpelt/Develop/airflowtut/py_env/lib/python3.10/site-packages/airflow/example_dags/example_nested_branch_dag.py
[2024-08-09T19:56:26.405+0200] {processor.py:830} INFO - Processing file /home/bvpelt/Develop/airflowtut/py_env/lib/python3.10/site-packages/airflow/example_dags/example_nested_branch_dag.py for tasks to queue
[2024-08-09T19:56:26.405+0200] {logging_mixin.py:188} INFO - [2024-08-09T19:56:26.405+0200] {dagbag.py:545} INFO - Filling up the DagBag from /home/bvpelt/Develop/airflowtut/py_env/lib/python3.10/site-packages/airflow/example_dags/example_nested_branch_dag.py
[2024-08-09T19:56:26.411+0200] {processor.py:840} INFO - DAG(s) 'example_nested_branch_dag' retrieved from /home/bvpelt/Develop/airflowtut/py_env/lib/python3.10/site-packages/airflow/example_dags/example_nested_branch_dag.py
[2024-08-09T19:56:26.420+0200] {logging_mixin.py:188} INFO - [2024-08-09T19:56:26.420+0200] {dag.py:3089} INFO - Sync 1 DAGs
[2024-08-09T19:56:26.432+0200] {logging_mixin.py:188} INFO - [2024-08-09T19:56:26.432+0200] {dag.py:3947} INFO - Setting next_dagrun for example_nested_branch_dag to 2024-08-08 00:00:00+00:00, run_after=2024-08-09 00:00:00+00:00
[2024-08-09T19:56:26.553+0200] {processor.py:183} INFO - Processing /home/bvpelt/Develop/airflowtut/py_env/lib/python3.10/site-packages/airflow/example_dags/example_nested_branch_dag.py took 0.152 seconds
[2024-08-09T19:57:43.176+0200] {processor.py:161} INFO - Started process (PID=20510) to work on /home/bvpelt/Develop/airflowtut/py_env/lib/python3.10/site-packages/airflow/example_dags/example_nested_branch_dag.py
[2024-08-09T19:57:43.187+0200] {processor.py:830} INFO - Processing file /home/bvpelt/Develop/airflowtut/py_env/lib/python3.10/site-packages/airflow/example_dags/example_nested_branch_dag.py for tasks to queue
[2024-08-09T19:57:43.188+0200] {logging_mixin.py:188} INFO - [2024-08-09T19:57:43.188+0200] {dagbag.py:545} INFO - Filling up the DagBag from /home/bvpelt/Develop/airflowtut/py_env/lib/python3.10/site-packages/airflow/example_dags/example_nested_branch_dag.py
[2024-08-09T19:57:43.195+0200] {processor.py:840} INFO - DAG(s) 'example_nested_branch_dag' retrieved from /home/bvpelt/Develop/airflowtut/py_env/lib/python3.10/site-packages/airflow/example_dags/example_nested_branch_dag.py
[2024-08-09T19:57:43.207+0200] {logging_mixin.py:188} INFO - [2024-08-09T19:57:43.207+0200] {dag.py:3089} INFO - Sync 1 DAGs
[2024-08-09T19:57:43.221+0200] {logging_mixin.py:188} INFO - [2024-08-09T19:57:43.221+0200] {dag.py:3947} INFO - Setting next_dagrun for example_nested_branch_dag to 2024-08-08 00:00:00+00:00, run_after=2024-08-09 00:00:00+00:00
[2024-08-09T19:57:43.301+0200] {processor.py:183} INFO - Processing /home/bvpelt/Develop/airflowtut/py_env/lib/python3.10/site-packages/airflow/example_dags/example_nested_branch_dag.py took 0.129 seconds
[2024-08-09T19:58:35.131+0200] {processor.py:161} INFO - Started process (PID=20612) to work on /home/bvpelt/Develop/airflowtut/py_env/lib/python3.10/site-packages/airflow/example_dags/example_nested_branch_dag.py
[2024-08-09T19:58:35.132+0200] {processor.py:830} INFO - Processing file /home/bvpelt/Develop/airflowtut/py_env/lib/python3.10/site-packages/airflow/example_dags/example_nested_branch_dag.py for tasks to queue
[2024-08-09T19:58:35.133+0200] {logging_mixin.py:188} INFO - [2024-08-09T19:58:35.132+0200] {dagbag.py:545} INFO - Filling up the DagBag from /home/bvpelt/Develop/airflowtut/py_env/lib/python3.10/site-packages/airflow/example_dags/example_nested_branch_dag.py
[2024-08-09T19:58:35.138+0200] {processor.py:840} INFO - DAG(s) 'example_nested_branch_dag' retrieved from /home/bvpelt/Develop/airflowtut/py_env/lib/python3.10/site-packages/airflow/example_dags/example_nested_branch_dag.py
[2024-08-09T19:58:35.148+0200] {logging_mixin.py:188} INFO - [2024-08-09T19:58:35.148+0200] {dag.py:3089} INFO - Sync 1 DAGs
[2024-08-09T19:58:35.161+0200] {logging_mixin.py:188} INFO - [2024-08-09T19:58:35.161+0200] {dag.py:3947} INFO - Setting next_dagrun for example_nested_branch_dag to 2024-08-08 00:00:00+00:00, run_after=2024-08-09 00:00:00+00:00
[2024-08-09T19:58:35.265+0200] {processor.py:183} INFO - Processing /home/bvpelt/Develop/airflowtut/py_env/lib/python3.10/site-packages/airflow/example_dags/example_nested_branch_dag.py took 0.136 seconds
[2024-08-09T19:59:32.726+0200] {processor.py:161} INFO - Started process (PID=20708) to work on /home/bvpelt/Develop/airflowtut/py_env/lib/python3.10/site-packages/airflow/example_dags/example_nested_branch_dag.py
[2024-08-09T19:59:32.745+0200] {processor.py:830} INFO - Processing file /home/bvpelt/Develop/airflowtut/py_env/lib/python3.10/site-packages/airflow/example_dags/example_nested_branch_dag.py for tasks to queue
[2024-08-09T19:59:32.746+0200] {logging_mixin.py:188} INFO - [2024-08-09T19:59:32.746+0200] {dagbag.py:545} INFO - Filling up the DagBag from /home/bvpelt/Develop/airflowtut/py_env/lib/python3.10/site-packages/airflow/example_dags/example_nested_branch_dag.py
[2024-08-09T19:59:32.752+0200] {processor.py:840} INFO - DAG(s) 'example_nested_branch_dag' retrieved from /home/bvpelt/Develop/airflowtut/py_env/lib/python3.10/site-packages/airflow/example_dags/example_nested_branch_dag.py
[2024-08-09T19:59:32.762+0200] {logging_mixin.py:188} INFO - [2024-08-09T19:59:32.761+0200] {dag.py:3089} INFO - Sync 1 DAGs
[2024-08-09T19:59:32.773+0200] {logging_mixin.py:188} INFO - [2024-08-09T19:59:32.773+0200] {dag.py:3947} INFO - Setting next_dagrun for example_nested_branch_dag to 2024-08-08 00:00:00+00:00, run_after=2024-08-09 00:00:00+00:00
[2024-08-09T19:59:32.987+0200] {processor.py:183} INFO - Processing /home/bvpelt/Develop/airflowtut/py_env/lib/python3.10/site-packages/airflow/example_dags/example_nested_branch_dag.py took 0.264 seconds
[2024-08-09T20:00:24.941+0200] {processor.py:161} INFO - Started process (PID=20785) to work on /home/bvpelt/Develop/airflowtut/py_env/lib/python3.10/site-packages/airflow/example_dags/example_nested_branch_dag.py
[2024-08-09T20:00:24.950+0200] {processor.py:830} INFO - Processing file /home/bvpelt/Develop/airflowtut/py_env/lib/python3.10/site-packages/airflow/example_dags/example_nested_branch_dag.py for tasks to queue
[2024-08-09T20:00:24.951+0200] {logging_mixin.py:188} INFO - [2024-08-09T20:00:24.950+0200] {dagbag.py:545} INFO - Filling up the DagBag from /home/bvpelt/Develop/airflowtut/py_env/lib/python3.10/site-packages/airflow/example_dags/example_nested_branch_dag.py
[2024-08-09T20:00:24.957+0200] {processor.py:840} INFO - DAG(s) 'example_nested_branch_dag' retrieved from /home/bvpelt/Develop/airflowtut/py_env/lib/python3.10/site-packages/airflow/example_dags/example_nested_branch_dag.py
[2024-08-09T20:00:24.969+0200] {logging_mixin.py:188} INFO - [2024-08-09T20:00:24.969+0200] {dag.py:3089} INFO - Sync 1 DAGs
[2024-08-09T20:00:24.983+0200] {logging_mixin.py:188} INFO - [2024-08-09T20:00:24.983+0200] {dag.py:3947} INFO - Setting next_dagrun for example_nested_branch_dag to 2024-08-08 00:00:00+00:00, run_after=2024-08-09 00:00:00+00:00
[2024-08-09T20:00:25.069+0200] {processor.py:183} INFO - Processing /home/bvpelt/Develop/airflowtut/py_env/lib/python3.10/site-packages/airflow/example_dags/example_nested_branch_dag.py took 0.131 seconds
[2024-08-09T20:01:40.129+0200] {processor.py:161} INFO - Started process (PID=20871) to work on /home/bvpelt/Develop/airflowtut/py_env/lib/python3.10/site-packages/airflow/example_dags/example_nested_branch_dag.py
[2024-08-09T20:01:40.132+0200] {processor.py:830} INFO - Processing file /home/bvpelt/Develop/airflowtut/py_env/lib/python3.10/site-packages/airflow/example_dags/example_nested_branch_dag.py for tasks to queue
[2024-08-09T20:01:40.133+0200] {logging_mixin.py:188} INFO - [2024-08-09T20:01:40.133+0200] {dagbag.py:545} INFO - Filling up the DagBag from /home/bvpelt/Develop/airflowtut/py_env/lib/python3.10/site-packages/airflow/example_dags/example_nested_branch_dag.py
[2024-08-09T20:01:40.139+0200] {processor.py:840} INFO - DAG(s) 'example_nested_branch_dag' retrieved from /home/bvpelt/Develop/airflowtut/py_env/lib/python3.10/site-packages/airflow/example_dags/example_nested_branch_dag.py
[2024-08-09T20:01:40.148+0200] {logging_mixin.py:188} INFO - [2024-08-09T20:01:40.148+0200] {dag.py:3089} INFO - Sync 1 DAGs
[2024-08-09T20:01:40.160+0200] {logging_mixin.py:188} INFO - [2024-08-09T20:01:40.160+0200] {dag.py:3947} INFO - Setting next_dagrun for example_nested_branch_dag to 2024-08-08 00:00:00+00:00, run_after=2024-08-09 00:00:00+00:00
[2024-08-09T20:01:40.237+0200] {processor.py:183} INFO - Processing /home/bvpelt/Develop/airflowtut/py_env/lib/python3.10/site-packages/airflow/example_dags/example_nested_branch_dag.py took 0.111 seconds
[2024-08-09T20:02:58.357+0200] {processor.py:161} INFO - Started process (PID=21070) to work on /home/bvpelt/Develop/airflowtut/py_env/lib/python3.10/site-packages/airflow/example_dags/example_nested_branch_dag.py
[2024-08-09T20:02:58.369+0200] {processor.py:830} INFO - Processing file /home/bvpelt/Develop/airflowtut/py_env/lib/python3.10/site-packages/airflow/example_dags/example_nested_branch_dag.py for tasks to queue
[2024-08-09T20:02:58.371+0200] {logging_mixin.py:188} INFO - [2024-08-09T20:02:58.371+0200] {dagbag.py:545} INFO - Filling up the DagBag from /home/bvpelt/Develop/airflowtut/py_env/lib/python3.10/site-packages/airflow/example_dags/example_nested_branch_dag.py
[2024-08-09T20:02:58.383+0200] {processor.py:840} INFO - DAG(s) 'example_nested_branch_dag' retrieved from /home/bvpelt/Develop/airflowtut/py_env/lib/python3.10/site-packages/airflow/example_dags/example_nested_branch_dag.py
[2024-08-09T20:02:58.399+0200] {logging_mixin.py:188} INFO - [2024-08-09T20:02:58.399+0200] {dag.py:3089} INFO - Sync 1 DAGs
[2024-08-09T20:02:58.414+0200] {logging_mixin.py:188} INFO - [2024-08-09T20:02:58.414+0200] {dag.py:3947} INFO - Setting next_dagrun for example_nested_branch_dag to 2024-08-08 00:00:00+00:00, run_after=2024-08-09 00:00:00+00:00
[2024-08-09T20:02:58.479+0200] {processor.py:183} INFO - Processing /home/bvpelt/Develop/airflowtut/py_env/lib/python3.10/site-packages/airflow/example_dags/example_nested_branch_dag.py took 0.129 seconds
[2024-08-09T20:03:56.202+0200] {processor.py:161} INFO - Started process (PID=21129) to work on /home/bvpelt/Develop/airflowtut/py_env/lib/python3.10/site-packages/airflow/example_dags/example_nested_branch_dag.py
[2024-08-09T20:03:56.204+0200] {processor.py:830} INFO - Processing file /home/bvpelt/Develop/airflowtut/py_env/lib/python3.10/site-packages/airflow/example_dags/example_nested_branch_dag.py for tasks to queue
[2024-08-09T20:03:56.208+0200] {logging_mixin.py:188} INFO - [2024-08-09T20:03:56.207+0200] {dagbag.py:545} INFO - Filling up the DagBag from /home/bvpelt/Develop/airflowtut/py_env/lib/python3.10/site-packages/airflow/example_dags/example_nested_branch_dag.py
[2024-08-09T20:03:56.223+0200] {processor.py:840} INFO - DAG(s) 'example_nested_branch_dag' retrieved from /home/bvpelt/Develop/airflowtut/py_env/lib/python3.10/site-packages/airflow/example_dags/example_nested_branch_dag.py
[2024-08-09T20:03:56.238+0200] {logging_mixin.py:188} INFO - [2024-08-09T20:03:56.238+0200] {dag.py:3089} INFO - Sync 1 DAGs
[2024-08-09T20:03:56.251+0200] {logging_mixin.py:188} INFO - [2024-08-09T20:03:56.251+0200] {dag.py:3947} INFO - Setting next_dagrun for example_nested_branch_dag to 2024-08-08 00:00:00+00:00, run_after=2024-08-09 00:00:00+00:00
[2024-08-09T20:03:56.338+0200] {processor.py:183} INFO - Processing /home/bvpelt/Develop/airflowtut/py_env/lib/python3.10/site-packages/airflow/example_dags/example_nested_branch_dag.py took 0.151 seconds
[2024-08-09T20:04:48.495+0200] {processor.py:161} INFO - Started process (PID=21221) to work on /home/bvpelt/Develop/airflowtut/py_env/lib/python3.10/site-packages/airflow/example_dags/example_nested_branch_dag.py
[2024-08-09T20:04:48.496+0200] {processor.py:830} INFO - Processing file /home/bvpelt/Develop/airflowtut/py_env/lib/python3.10/site-packages/airflow/example_dags/example_nested_branch_dag.py for tasks to queue
[2024-08-09T20:04:48.497+0200] {logging_mixin.py:188} INFO - [2024-08-09T20:04:48.497+0200] {dagbag.py:545} INFO - Filling up the DagBag from /home/bvpelt/Develop/airflowtut/py_env/lib/python3.10/site-packages/airflow/example_dags/example_nested_branch_dag.py
[2024-08-09T20:04:48.503+0200] {processor.py:840} INFO - DAG(s) 'example_nested_branch_dag' retrieved from /home/bvpelt/Develop/airflowtut/py_env/lib/python3.10/site-packages/airflow/example_dags/example_nested_branch_dag.py
[2024-08-09T20:04:48.513+0200] {logging_mixin.py:188} INFO - [2024-08-09T20:04:48.513+0200] {dag.py:3089} INFO - Sync 1 DAGs
[2024-08-09T20:04:48.525+0200] {logging_mixin.py:188} INFO - [2024-08-09T20:04:48.525+0200] {dag.py:3947} INFO - Setting next_dagrun for example_nested_branch_dag to 2024-08-08 00:00:00+00:00, run_after=2024-08-09 00:00:00+00:00
[2024-08-09T20:04:48.627+0200] {processor.py:183} INFO - Processing /home/bvpelt/Develop/airflowtut/py_env/lib/python3.10/site-packages/airflow/example_dags/example_nested_branch_dag.py took 0.135 seconds
[2024-08-09T20:05:41.833+0200] {processor.py:161} INFO - Started process (PID=21373) to work on /home/bvpelt/Develop/airflowtut/py_env/lib/python3.10/site-packages/airflow/example_dags/example_nested_branch_dag.py
[2024-08-09T20:05:41.833+0200] {processor.py:830} INFO - Processing file /home/bvpelt/Develop/airflowtut/py_env/lib/python3.10/site-packages/airflow/example_dags/example_nested_branch_dag.py for tasks to queue
[2024-08-09T20:05:41.834+0200] {logging_mixin.py:188} INFO - [2024-08-09T20:05:41.834+0200] {dagbag.py:545} INFO - Filling up the DagBag from /home/bvpelt/Develop/airflowtut/py_env/lib/python3.10/site-packages/airflow/example_dags/example_nested_branch_dag.py
[2024-08-09T20:05:41.840+0200] {processor.py:840} INFO - DAG(s) 'example_nested_branch_dag' retrieved from /home/bvpelt/Develop/airflowtut/py_env/lib/python3.10/site-packages/airflow/example_dags/example_nested_branch_dag.py
[2024-08-09T20:05:41.850+0200] {logging_mixin.py:188} INFO - [2024-08-09T20:05:41.850+0200] {dag.py:3089} INFO - Sync 1 DAGs
[2024-08-09T20:05:41.863+0200] {logging_mixin.py:188} INFO - [2024-08-09T20:05:41.862+0200] {dag.py:3947} INFO - Setting next_dagrun for example_nested_branch_dag to 2024-08-08 00:00:00+00:00, run_after=2024-08-09 00:00:00+00:00
[2024-08-09T20:05:41.946+0200] {processor.py:183} INFO - Processing /home/bvpelt/Develop/airflowtut/py_env/lib/python3.10/site-packages/airflow/example_dags/example_nested_branch_dag.py took 0.117 seconds
[2024-08-09T20:06:39.645+0200] {processor.py:161} INFO - Started process (PID=21464) to work on /home/bvpelt/Develop/airflowtut/py_env/lib/python3.10/site-packages/airflow/example_dags/example_nested_branch_dag.py
[2024-08-09T20:06:39.658+0200] {processor.py:830} INFO - Processing file /home/bvpelt/Develop/airflowtut/py_env/lib/python3.10/site-packages/airflow/example_dags/example_nested_branch_dag.py for tasks to queue
[2024-08-09T20:06:39.662+0200] {logging_mixin.py:188} INFO - [2024-08-09T20:06:39.661+0200] {dagbag.py:545} INFO - Filling up the DagBag from /home/bvpelt/Develop/airflowtut/py_env/lib/python3.10/site-packages/airflow/example_dags/example_nested_branch_dag.py
[2024-08-09T20:06:39.688+0200] {processor.py:840} INFO - DAG(s) 'example_nested_branch_dag' retrieved from /home/bvpelt/Develop/airflowtut/py_env/lib/python3.10/site-packages/airflow/example_dags/example_nested_branch_dag.py
[2024-08-09T20:06:39.707+0200] {logging_mixin.py:188} INFO - [2024-08-09T20:06:39.707+0200] {dag.py:3089} INFO - Sync 1 DAGs
[2024-08-09T20:06:39.722+0200] {logging_mixin.py:188} INFO - [2024-08-09T20:06:39.722+0200] {dag.py:3947} INFO - Setting next_dagrun for example_nested_branch_dag to 2024-08-08 00:00:00+00:00, run_after=2024-08-09 00:00:00+00:00
[2024-08-09T20:06:39.792+0200] {processor.py:183} INFO - Processing /home/bvpelt/Develop/airflowtut/py_env/lib/python3.10/site-packages/airflow/example_dags/example_nested_branch_dag.py took 0.149 seconds
[2024-08-09T20:07:33.480+0200] {processor.py:161} INFO - Started process (PID=21595) to work on /home/bvpelt/Develop/airflowtut/py_env/lib/python3.10/site-packages/airflow/example_dags/example_nested_branch_dag.py
[2024-08-09T20:07:33.480+0200] {processor.py:830} INFO - Processing file /home/bvpelt/Develop/airflowtut/py_env/lib/python3.10/site-packages/airflow/example_dags/example_nested_branch_dag.py for tasks to queue
[2024-08-09T20:07:33.481+0200] {logging_mixin.py:188} INFO - [2024-08-09T20:07:33.481+0200] {dagbag.py:545} INFO - Filling up the DagBag from /home/bvpelt/Develop/airflowtut/py_env/lib/python3.10/site-packages/airflow/example_dags/example_nested_branch_dag.py
[2024-08-09T20:07:33.486+0200] {processor.py:840} INFO - DAG(s) 'example_nested_branch_dag' retrieved from /home/bvpelt/Develop/airflowtut/py_env/lib/python3.10/site-packages/airflow/example_dags/example_nested_branch_dag.py
[2024-08-09T20:07:33.495+0200] {logging_mixin.py:188} INFO - [2024-08-09T20:07:33.495+0200] {dag.py:3089} INFO - Sync 1 DAGs
[2024-08-09T20:07:33.506+0200] {logging_mixin.py:188} INFO - [2024-08-09T20:07:33.506+0200] {dag.py:3947} INFO - Setting next_dagrun for example_nested_branch_dag to 2024-08-08 00:00:00+00:00, run_after=2024-08-09 00:00:00+00:00
[2024-08-09T20:07:33.574+0200] {processor.py:183} INFO - Processing /home/bvpelt/Develop/airflowtut/py_env/lib/python3.10/site-packages/airflow/example_dags/example_nested_branch_dag.py took 0.097 seconds
[2024-08-09T20:08:48.748+0200] {processor.py:161} INFO - Started process (PID=21706) to work on /home/bvpelt/Develop/airflowtut/py_env/lib/python3.10/site-packages/airflow/example_dags/example_nested_branch_dag.py
[2024-08-09T20:08:48.749+0200] {processor.py:830} INFO - Processing file /home/bvpelt/Develop/airflowtut/py_env/lib/python3.10/site-packages/airflow/example_dags/example_nested_branch_dag.py for tasks to queue
[2024-08-09T20:08:48.749+0200] {logging_mixin.py:188} INFO - [2024-08-09T20:08:48.749+0200] {dagbag.py:545} INFO - Filling up the DagBag from /home/bvpelt/Develop/airflowtut/py_env/lib/python3.10/site-packages/airflow/example_dags/example_nested_branch_dag.py
[2024-08-09T20:08:48.755+0200] {processor.py:840} INFO - DAG(s) 'example_nested_branch_dag' retrieved from /home/bvpelt/Develop/airflowtut/py_env/lib/python3.10/site-packages/airflow/example_dags/example_nested_branch_dag.py
[2024-08-09T20:08:48.764+0200] {logging_mixin.py:188} INFO - [2024-08-09T20:08:48.764+0200] {dag.py:3089} INFO - Sync 1 DAGs
[2024-08-09T20:08:48.775+0200] {logging_mixin.py:188} INFO - [2024-08-09T20:08:48.775+0200] {dag.py:3947} INFO - Setting next_dagrun for example_nested_branch_dag to 2024-08-08 00:00:00+00:00, run_after=2024-08-09 00:00:00+00:00
[2024-08-09T20:08:48.844+0200] {processor.py:183} INFO - Processing /home/bvpelt/Develop/airflowtut/py_env/lib/python3.10/site-packages/airflow/example_dags/example_nested_branch_dag.py took 0.099 seconds
[2024-08-09T20:09:41.094+0200] {processor.py:161} INFO - Started process (PID=21762) to work on /home/bvpelt/Develop/airflowtut/py_env/lib/python3.10/site-packages/airflow/example_dags/example_nested_branch_dag.py
[2024-08-09T20:09:41.109+0200] {processor.py:830} INFO - Processing file /home/bvpelt/Develop/airflowtut/py_env/lib/python3.10/site-packages/airflow/example_dags/example_nested_branch_dag.py for tasks to queue
[2024-08-09T20:09:41.110+0200] {logging_mixin.py:188} INFO - [2024-08-09T20:09:41.109+0200] {dagbag.py:545} INFO - Filling up the DagBag from /home/bvpelt/Develop/airflowtut/py_env/lib/python3.10/site-packages/airflow/example_dags/example_nested_branch_dag.py
[2024-08-09T20:09:41.116+0200] {processor.py:840} INFO - DAG(s) 'example_nested_branch_dag' retrieved from /home/bvpelt/Develop/airflowtut/py_env/lib/python3.10/site-packages/airflow/example_dags/example_nested_branch_dag.py
[2024-08-09T20:09:41.125+0200] {logging_mixin.py:188} INFO - [2024-08-09T20:09:41.125+0200] {dag.py:3089} INFO - Sync 1 DAGs
[2024-08-09T20:09:41.136+0200] {logging_mixin.py:188} INFO - [2024-08-09T20:09:41.136+0200] {dag.py:3947} INFO - Setting next_dagrun for example_nested_branch_dag to 2024-08-08 00:00:00+00:00, run_after=2024-08-09 00:00:00+00:00
[2024-08-09T20:09:41.240+0200] {processor.py:183} INFO - Processing /home/bvpelt/Develop/airflowtut/py_env/lib/python3.10/site-packages/airflow/example_dags/example_nested_branch_dag.py took 0.149 seconds
[2024-08-09T20:10:56.110+0200] {processor.py:161} INFO - Started process (PID=21863) to work on /home/bvpelt/Develop/airflowtut/py_env/lib/python3.10/site-packages/airflow/example_dags/example_nested_branch_dag.py
[2024-08-09T20:10:56.130+0200] {processor.py:830} INFO - Processing file /home/bvpelt/Develop/airflowtut/py_env/lib/python3.10/site-packages/airflow/example_dags/example_nested_branch_dag.py for tasks to queue
[2024-08-09T20:10:56.131+0200] {logging_mixin.py:188} INFO - [2024-08-09T20:10:56.131+0200] {dagbag.py:545} INFO - Filling up the DagBag from /home/bvpelt/Develop/airflowtut/py_env/lib/python3.10/site-packages/airflow/example_dags/example_nested_branch_dag.py
[2024-08-09T20:10:56.137+0200] {processor.py:840} INFO - DAG(s) 'example_nested_branch_dag' retrieved from /home/bvpelt/Develop/airflowtut/py_env/lib/python3.10/site-packages/airflow/example_dags/example_nested_branch_dag.py
[2024-08-09T20:10:56.148+0200] {logging_mixin.py:188} INFO - [2024-08-09T20:10:56.148+0200] {dag.py:3089} INFO - Sync 1 DAGs
[2024-08-09T20:10:56.161+0200] {logging_mixin.py:188} INFO - [2024-08-09T20:10:56.161+0200] {dag.py:3947} INFO - Setting next_dagrun for example_nested_branch_dag to 2024-08-08 00:00:00+00:00, run_after=2024-08-09 00:00:00+00:00
[2024-08-09T20:10:56.227+0200] {processor.py:183} INFO - Processing /home/bvpelt/Develop/airflowtut/py_env/lib/python3.10/site-packages/airflow/example_dags/example_nested_branch_dag.py took 0.121 seconds
[2024-08-09T20:12:09.934+0200] {processor.py:161} INFO - Started process (PID=21972) to work on /home/bvpelt/Develop/airflowtut/py_env/lib/python3.10/site-packages/airflow/example_dags/example_nested_branch_dag.py
[2024-08-09T20:12:09.951+0200] {processor.py:830} INFO - Processing file /home/bvpelt/Develop/airflowtut/py_env/lib/python3.10/site-packages/airflow/example_dags/example_nested_branch_dag.py for tasks to queue
[2024-08-09T20:12:09.952+0200] {logging_mixin.py:188} INFO - [2024-08-09T20:12:09.952+0200] {dagbag.py:545} INFO - Filling up the DagBag from /home/bvpelt/Develop/airflowtut/py_env/lib/python3.10/site-packages/airflow/example_dags/example_nested_branch_dag.py
[2024-08-09T20:12:09.960+0200] {processor.py:840} INFO - DAG(s) 'example_nested_branch_dag' retrieved from /home/bvpelt/Develop/airflowtut/py_env/lib/python3.10/site-packages/airflow/example_dags/example_nested_branch_dag.py
[2024-08-09T20:12:09.975+0200] {logging_mixin.py:188} INFO - [2024-08-09T20:12:09.974+0200] {dag.py:3089} INFO - Sync 1 DAGs
[2024-08-09T20:12:09.990+0200] {logging_mixin.py:188} INFO - [2024-08-09T20:12:09.990+0200] {dag.py:3947} INFO - Setting next_dagrun for example_nested_branch_dag to 2024-08-08 00:00:00+00:00, run_after=2024-08-09 00:00:00+00:00
[2024-08-09T20:12:10.095+0200] {processor.py:183} INFO - Processing /home/bvpelt/Develop/airflowtut/py_env/lib/python3.10/site-packages/airflow/example_dags/example_nested_branch_dag.py took 0.165 seconds
[2024-08-09T20:13:29.142+0200] {processor.py:161} INFO - Started process (PID=22110) to work on /home/bvpelt/Develop/airflowtut/py_env/lib/python3.10/site-packages/airflow/example_dags/example_nested_branch_dag.py
[2024-08-09T20:13:29.143+0200] {processor.py:830} INFO - Processing file /home/bvpelt/Develop/airflowtut/py_env/lib/python3.10/site-packages/airflow/example_dags/example_nested_branch_dag.py for tasks to queue
[2024-08-09T20:13:29.144+0200] {logging_mixin.py:188} INFO - [2024-08-09T20:13:29.144+0200] {dagbag.py:545} INFO - Filling up the DagBag from /home/bvpelt/Develop/airflowtut/py_env/lib/python3.10/site-packages/airflow/example_dags/example_nested_branch_dag.py
[2024-08-09T20:13:29.149+0200] {processor.py:840} INFO - DAG(s) 'example_nested_branch_dag' retrieved from /home/bvpelt/Develop/airflowtut/py_env/lib/python3.10/site-packages/airflow/example_dags/example_nested_branch_dag.py
[2024-08-09T20:13:29.158+0200] {logging_mixin.py:188} INFO - [2024-08-09T20:13:29.158+0200] {dag.py:3089} INFO - Sync 1 DAGs
[2024-08-09T20:13:29.170+0200] {logging_mixin.py:188} INFO - [2024-08-09T20:13:29.169+0200] {dag.py:3947} INFO - Setting next_dagrun for example_nested_branch_dag to 2024-08-08 00:00:00+00:00, run_after=2024-08-09 00:00:00+00:00
[2024-08-09T20:13:29.262+0200] {processor.py:183} INFO - Processing /home/bvpelt/Develop/airflowtut/py_env/lib/python3.10/site-packages/airflow/example_dags/example_nested_branch_dag.py took 0.123 seconds
[2024-08-09T20:14:22.178+0200] {processor.py:161} INFO - Started process (PID=22189) to work on /home/bvpelt/Develop/airflowtut/py_env/lib/python3.10/site-packages/airflow/example_dags/example_nested_branch_dag.py
[2024-08-09T20:14:22.179+0200] {processor.py:830} INFO - Processing file /home/bvpelt/Develop/airflowtut/py_env/lib/python3.10/site-packages/airflow/example_dags/example_nested_branch_dag.py for tasks to queue
[2024-08-09T20:14:22.179+0200] {logging_mixin.py:188} INFO - [2024-08-09T20:14:22.179+0200] {dagbag.py:545} INFO - Filling up the DagBag from /home/bvpelt/Develop/airflowtut/py_env/lib/python3.10/site-packages/airflow/example_dags/example_nested_branch_dag.py
[2024-08-09T20:14:22.185+0200] {processor.py:840} INFO - DAG(s) 'example_nested_branch_dag' retrieved from /home/bvpelt/Develop/airflowtut/py_env/lib/python3.10/site-packages/airflow/example_dags/example_nested_branch_dag.py
[2024-08-09T20:14:22.194+0200] {logging_mixin.py:188} INFO - [2024-08-09T20:14:22.194+0200] {dag.py:3089} INFO - Sync 1 DAGs
[2024-08-09T20:14:22.205+0200] {logging_mixin.py:188} INFO - [2024-08-09T20:14:22.205+0200] {dag.py:3947} INFO - Setting next_dagrun for example_nested_branch_dag to 2024-08-08 00:00:00+00:00, run_after=2024-08-09 00:00:00+00:00
[2024-08-09T20:14:22.347+0200] {processor.py:183} INFO - Processing /home/bvpelt/Develop/airflowtut/py_env/lib/python3.10/site-packages/airflow/example_dags/example_nested_branch_dag.py took 0.172 seconds
[2024-08-09T20:15:34.837+0200] {processor.py:161} INFO - Started process (PID=22294) to work on /home/bvpelt/Develop/airflowtut/py_env/lib/python3.10/site-packages/airflow/example_dags/example_nested_branch_dag.py
[2024-08-09T20:15:34.838+0200] {processor.py:830} INFO - Processing file /home/bvpelt/Develop/airflowtut/py_env/lib/python3.10/site-packages/airflow/example_dags/example_nested_branch_dag.py for tasks to queue
[2024-08-09T20:15:34.839+0200] {logging_mixin.py:188} INFO - [2024-08-09T20:15:34.839+0200] {dagbag.py:545} INFO - Filling up the DagBag from /home/bvpelt/Develop/airflowtut/py_env/lib/python3.10/site-packages/airflow/example_dags/example_nested_branch_dag.py
[2024-08-09T20:15:34.845+0200] {processor.py:840} INFO - DAG(s) 'example_nested_branch_dag' retrieved from /home/bvpelt/Develop/airflowtut/py_env/lib/python3.10/site-packages/airflow/example_dags/example_nested_branch_dag.py
[2024-08-09T20:15:34.854+0200] {logging_mixin.py:188} INFO - [2024-08-09T20:15:34.853+0200] {dag.py:3089} INFO - Sync 1 DAGs
[2024-08-09T20:15:34.865+0200] {logging_mixin.py:188} INFO - [2024-08-09T20:15:34.864+0200] {dag.py:3947} INFO - Setting next_dagrun for example_nested_branch_dag to 2024-08-08 00:00:00+00:00, run_after=2024-08-09 00:00:00+00:00
[2024-08-09T20:15:34.970+0200] {processor.py:183} INFO - Processing /home/bvpelt/Develop/airflowtut/py_env/lib/python3.10/site-packages/airflow/example_dags/example_nested_branch_dag.py took 0.135 seconds
