[2024-08-09T19:42:32.716+0200] {processor.py:161} INFO - Started process (PID=17609) to work on /home/bvpelt/Develop/airflowtut/py_env/lib/python3.10/site-packages/airflow/example_dags/example_task_group.py
[2024-08-09T19:42:32.717+0200] {processor.py:830} INFO - Processing file /home/bvpelt/Develop/airflowtut/py_env/lib/python3.10/site-packages/airflow/example_dags/example_task_group.py for tasks to queue
[2024-08-09T19:42:32.718+0200] {logging_mixin.py:188} INFO - [2024-08-09T19:42:32.717+0200] {dagbag.py:545} INFO - Filling up the DagBag from /home/bvpelt/Develop/airflowtut/py_env/lib/python3.10/site-packages/airflow/example_dags/example_task_group.py
[2024-08-09T19:42:32.723+0200] {processor.py:840} INFO - DAG(s) 'example_task_group' retrieved from /home/bvpelt/Develop/airflowtut/py_env/lib/python3.10/site-packages/airflow/example_dags/example_task_group.py
[2024-08-09T19:42:32.958+0200] {logging_mixin.py:188} INFO - [2024-08-09T19:42:32.957+0200] {override.py:1858} INFO - Created Permission View: can edit on DAG:example_task_group
[2024-08-09T19:42:33.074+0200] {logging_mixin.py:188} INFO - [2024-08-09T19:42:33.073+0200] {override.py:1858} INFO - Created Permission View: can read on DAG:example_task_group
[2024-08-09T19:42:33.158+0200] {logging_mixin.py:188} INFO - [2024-08-09T19:42:33.157+0200] {override.py:1858} INFO - Created Permission View: can delete on DAG:example_task_group
[2024-08-09T19:42:33.159+0200] {logging_mixin.py:188} INFO - [2024-08-09T19:42:33.158+0200] {dag.py:3089} INFO - Sync 1 DAGs
[2024-08-09T19:42:33.189+0200] {logging_mixin.py:188} INFO - [2024-08-09T19:42:33.188+0200] {dag.py:3111} INFO - Creating ORM DAG for example_task_group
[2024-08-09T19:42:33.201+0200] {logging_mixin.py:188} INFO - [2024-08-09T19:42:33.201+0200] {dag.py:3947} INFO - Setting next_dagrun for example_task_group to 2024-08-08 00:00:00+00:00, run_after=2024-08-09 00:00:00+00:00
[2024-08-09T19:42:33.332+0200] {processor.py:183} INFO - Processing /home/bvpelt/Develop/airflowtut/py_env/lib/python3.10/site-packages/airflow/example_dags/example_task_group.py took 0.618 seconds
[2024-08-09T19:43:52.195+0200] {processor.py:161} INFO - Started process (PID=17882) to work on /home/bvpelt/Develop/airflowtut/py_env/lib/python3.10/site-packages/airflow/example_dags/example_task_group.py
[2024-08-09T19:43:52.198+0200] {processor.py:830} INFO - Processing file /home/bvpelt/Develop/airflowtut/py_env/lib/python3.10/site-packages/airflow/example_dags/example_task_group.py for tasks to queue
[2024-08-09T19:43:52.201+0200] {logging_mixin.py:188} INFO - [2024-08-09T19:43:52.201+0200] {dagbag.py:545} INFO - Filling up the DagBag from /home/bvpelt/Develop/airflowtut/py_env/lib/python3.10/site-packages/airflow/example_dags/example_task_group.py
[2024-08-09T19:43:52.212+0200] {processor.py:840} INFO - DAG(s) 'example_task_group' retrieved from /home/bvpelt/Develop/airflowtut/py_env/lib/python3.10/site-packages/airflow/example_dags/example_task_group.py
[2024-08-09T19:43:52.228+0200] {logging_mixin.py:188} INFO - [2024-08-09T19:43:52.228+0200] {dag.py:3089} INFO - Sync 1 DAGs
[2024-08-09T19:43:52.242+0200] {logging_mixin.py:188} INFO - [2024-08-09T19:43:52.242+0200] {dag.py:3947} INFO - Setting next_dagrun for example_task_group to 2024-08-08 00:00:00+00:00, run_after=2024-08-09 00:00:00+00:00
[2024-08-09T19:43:52.342+0200] {processor.py:183} INFO - Processing /home/bvpelt/Develop/airflowtut/py_env/lib/python3.10/site-packages/airflow/example_dags/example_task_group.py took 0.163 seconds
[2024-08-09T19:44:46.954+0200] {processor.py:161} INFO - Started process (PID=18180) to work on /home/bvpelt/Develop/airflowtut/py_env/lib/python3.10/site-packages/airflow/example_dags/example_task_group.py
[2024-08-09T19:44:46.955+0200] {processor.py:830} INFO - Processing file /home/bvpelt/Develop/airflowtut/py_env/lib/python3.10/site-packages/airflow/example_dags/example_task_group.py for tasks to queue
[2024-08-09T19:44:46.955+0200] {logging_mixin.py:188} INFO - [2024-08-09T19:44:46.955+0200] {dagbag.py:545} INFO - Filling up the DagBag from /home/bvpelt/Develop/airflowtut/py_env/lib/python3.10/site-packages/airflow/example_dags/example_task_group.py
[2024-08-09T19:44:46.959+0200] {processor.py:840} INFO - DAG(s) 'example_task_group' retrieved from /home/bvpelt/Develop/airflowtut/py_env/lib/python3.10/site-packages/airflow/example_dags/example_task_group.py
[2024-08-09T19:44:46.969+0200] {logging_mixin.py:188} INFO - [2024-08-09T19:44:46.969+0200] {dag.py:3089} INFO - Sync 1 DAGs
[2024-08-09T19:44:46.980+0200] {logging_mixin.py:188} INFO - [2024-08-09T19:44:46.980+0200] {dag.py:3947} INFO - Setting next_dagrun for example_task_group to 2024-08-08 00:00:00+00:00, run_after=2024-08-09 00:00:00+00:00
[2024-08-09T19:44:47.112+0200] {processor.py:183} INFO - Processing /home/bvpelt/Develop/airflowtut/py_env/lib/python3.10/site-packages/airflow/example_dags/example_task_group.py took 0.161 seconds
[2024-08-09T19:45:41.815+0200] {processor.py:161} INFO - Started process (PID=18300) to work on /home/bvpelt/Develop/airflowtut/py_env/lib/python3.10/site-packages/airflow/example_dags/example_task_group.py
[2024-08-09T19:45:41.817+0200] {processor.py:830} INFO - Processing file /home/bvpelt/Develop/airflowtut/py_env/lib/python3.10/site-packages/airflow/example_dags/example_task_group.py for tasks to queue
[2024-08-09T19:45:41.821+0200] {logging_mixin.py:188} INFO - [2024-08-09T19:45:41.820+0200] {dagbag.py:545} INFO - Filling up the DagBag from /home/bvpelt/Develop/airflowtut/py_env/lib/python3.10/site-packages/airflow/example_dags/example_task_group.py
[2024-08-09T19:45:41.833+0200] {processor.py:840} INFO - DAG(s) 'example_task_group' retrieved from /home/bvpelt/Develop/airflowtut/py_env/lib/python3.10/site-packages/airflow/example_dags/example_task_group.py
[2024-08-09T19:45:41.849+0200] {logging_mixin.py:188} INFO - [2024-08-09T19:45:41.848+0200] {dag.py:3089} INFO - Sync 1 DAGs
[2024-08-09T19:45:41.863+0200] {logging_mixin.py:188} INFO - [2024-08-09T19:45:41.863+0200] {dag.py:3947} INFO - Setting next_dagrun for example_task_group to 2024-08-08 00:00:00+00:00, run_after=2024-08-09 00:00:00+00:00
[2024-08-09T19:45:41.965+0200] {processor.py:183} INFO - Processing /home/bvpelt/Develop/airflowtut/py_env/lib/python3.10/site-packages/airflow/example_dags/example_task_group.py took 0.165 seconds
[2024-08-09T19:46:30.064+0200] {processor.py:161} INFO - Started process (PID=18598) to work on /home/bvpelt/Develop/airflowtut/py_env/lib/python3.10/site-packages/airflow/example_dags/example_task_group.py
[2024-08-09T19:46:30.065+0200] {processor.py:830} INFO - Processing file /home/bvpelt/Develop/airflowtut/py_env/lib/python3.10/site-packages/airflow/example_dags/example_task_group.py for tasks to queue
[2024-08-09T19:46:30.067+0200] {logging_mixin.py:188} INFO - [2024-08-09T19:46:30.067+0200] {dagbag.py:545} INFO - Filling up the DagBag from /home/bvpelt/Develop/airflowtut/py_env/lib/python3.10/site-packages/airflow/example_dags/example_task_group.py
[2024-08-09T19:46:30.076+0200] {processor.py:840} INFO - DAG(s) 'example_task_group' retrieved from /home/bvpelt/Develop/airflowtut/py_env/lib/python3.10/site-packages/airflow/example_dags/example_task_group.py
[2024-08-09T19:46:30.090+0200] {logging_mixin.py:188} INFO - [2024-08-09T19:46:30.090+0200] {dag.py:3089} INFO - Sync 1 DAGs
[2024-08-09T19:46:30.103+0200] {logging_mixin.py:188} INFO - [2024-08-09T19:46:30.102+0200] {dag.py:3947} INFO - Setting next_dagrun for example_task_group to 2024-08-08 00:00:00+00:00, run_after=2024-08-09 00:00:00+00:00
[2024-08-09T19:46:30.210+0200] {processor.py:183} INFO - Processing /home/bvpelt/Develop/airflowtut/py_env/lib/python3.10/site-packages/airflow/example_dags/example_task_group.py took 0.159 seconds
[2024-08-09T19:47:25.046+0200] {processor.py:161} INFO - Started process (PID=18891) to work on /home/bvpelt/Develop/airflowtut/py_env/lib/python3.10/site-packages/airflow/example_dags/example_task_group.py
[2024-08-09T19:47:25.062+0200] {processor.py:830} INFO - Processing file /home/bvpelt/Develop/airflowtut/py_env/lib/python3.10/site-packages/airflow/example_dags/example_task_group.py for tasks to queue
[2024-08-09T19:47:25.063+0200] {logging_mixin.py:188} INFO - [2024-08-09T19:47:25.063+0200] {dagbag.py:545} INFO - Filling up the DagBag from /home/bvpelt/Develop/airflowtut/py_env/lib/python3.10/site-packages/airflow/example_dags/example_task_group.py
[2024-08-09T19:47:25.068+0200] {processor.py:840} INFO - DAG(s) 'example_task_group' retrieved from /home/bvpelt/Develop/airflowtut/py_env/lib/python3.10/site-packages/airflow/example_dags/example_task_group.py
[2024-08-09T19:47:25.077+0200] {logging_mixin.py:188} INFO - [2024-08-09T19:47:25.077+0200] {dag.py:3089} INFO - Sync 1 DAGs
[2024-08-09T19:47:25.088+0200] {logging_mixin.py:188} INFO - [2024-08-09T19:47:25.087+0200] {dag.py:3947} INFO - Setting next_dagrun for example_task_group to 2024-08-08 00:00:00+00:00, run_after=2024-08-09 00:00:00+00:00
[2024-08-09T19:47:25.181+0200] {processor.py:183} INFO - Processing /home/bvpelt/Develop/airflowtut/py_env/lib/python3.10/site-packages/airflow/example_dags/example_task_group.py took 0.138 seconds
[2024-08-09T19:48:15.990+0200] {processor.py:161} INFO - Started process (PID=19033) to work on /home/bvpelt/Develop/airflowtut/py_env/lib/python3.10/site-packages/airflow/example_dags/example_task_group.py
[2024-08-09T19:48:15.991+0200] {processor.py:830} INFO - Processing file /home/bvpelt/Develop/airflowtut/py_env/lib/python3.10/site-packages/airflow/example_dags/example_task_group.py for tasks to queue
[2024-08-09T19:48:15.992+0200] {logging_mixin.py:188} INFO - [2024-08-09T19:48:15.991+0200] {dagbag.py:545} INFO - Filling up the DagBag from /home/bvpelt/Develop/airflowtut/py_env/lib/python3.10/site-packages/airflow/example_dags/example_task_group.py
[2024-08-09T19:48:15.996+0200] {processor.py:840} INFO - DAG(s) 'example_task_group' retrieved from /home/bvpelt/Develop/airflowtut/py_env/lib/python3.10/site-packages/airflow/example_dags/example_task_group.py
[2024-08-09T19:48:16.006+0200] {logging_mixin.py:188} INFO - [2024-08-09T19:48:16.006+0200] {dag.py:3089} INFO - Sync 1 DAGs
[2024-08-09T19:48:16.017+0200] {logging_mixin.py:188} INFO - [2024-08-09T19:48:16.017+0200] {dag.py:3947} INFO - Setting next_dagrun for example_task_group to 2024-08-08 00:00:00+00:00, run_after=2024-08-09 00:00:00+00:00
[2024-08-09T19:48:16.094+0200] {processor.py:183} INFO - Processing /home/bvpelt/Develop/airflowtut/py_env/lib/python3.10/site-packages/airflow/example_dags/example_task_group.py took 0.107 seconds
[2024-08-09T19:49:05.299+0200] {processor.py:161} INFO - Started process (PID=19142) to work on /home/bvpelt/Develop/airflowtut/py_env/lib/python3.10/site-packages/airflow/example_dags/example_task_group.py
[2024-08-09T19:49:05.299+0200] {processor.py:830} INFO - Processing file /home/bvpelt/Develop/airflowtut/py_env/lib/python3.10/site-packages/airflow/example_dags/example_task_group.py for tasks to queue
[2024-08-09T19:49:05.300+0200] {logging_mixin.py:188} INFO - [2024-08-09T19:49:05.300+0200] {dagbag.py:545} INFO - Filling up the DagBag from /home/bvpelt/Develop/airflowtut/py_env/lib/python3.10/site-packages/airflow/example_dags/example_task_group.py
[2024-08-09T19:49:05.304+0200] {processor.py:840} INFO - DAG(s) 'example_task_group' retrieved from /home/bvpelt/Develop/airflowtut/py_env/lib/python3.10/site-packages/airflow/example_dags/example_task_group.py
[2024-08-09T19:49:05.315+0200] {logging_mixin.py:188} INFO - [2024-08-09T19:49:05.315+0200] {dag.py:3089} INFO - Sync 1 DAGs
[2024-08-09T19:49:05.326+0200] {logging_mixin.py:188} INFO - [2024-08-09T19:49:05.326+0200] {dag.py:3947} INFO - Setting next_dagrun for example_task_group to 2024-08-08 00:00:00+00:00, run_after=2024-08-09 00:00:00+00:00
[2024-08-09T19:49:05.402+0200] {processor.py:183} INFO - Processing /home/bvpelt/Develop/airflowtut/py_env/lib/python3.10/site-packages/airflow/example_dags/example_task_group.py took 0.107 seconds
[2024-08-09T19:49:57.163+0200] {processor.py:161} INFO - Started process (PID=19309) to work on /home/bvpelt/Develop/airflowtut/py_env/lib/python3.10/site-packages/airflow/example_dags/example_task_group.py
[2024-08-09T19:49:57.163+0200] {processor.py:830} INFO - Processing file /home/bvpelt/Develop/airflowtut/py_env/lib/python3.10/site-packages/airflow/example_dags/example_task_group.py for tasks to queue
[2024-08-09T19:49:57.164+0200] {logging_mixin.py:188} INFO - [2024-08-09T19:49:57.164+0200] {dagbag.py:545} INFO - Filling up the DagBag from /home/bvpelt/Develop/airflowtut/py_env/lib/python3.10/site-packages/airflow/example_dags/example_task_group.py
[2024-08-09T19:49:57.168+0200] {processor.py:840} INFO - DAG(s) 'example_task_group' retrieved from /home/bvpelt/Develop/airflowtut/py_env/lib/python3.10/site-packages/airflow/example_dags/example_task_group.py
[2024-08-09T19:49:57.177+0200] {logging_mixin.py:188} INFO - [2024-08-09T19:49:57.177+0200] {dag.py:3089} INFO - Sync 1 DAGs
[2024-08-09T19:49:57.188+0200] {logging_mixin.py:188} INFO - [2024-08-09T19:49:57.188+0200] {dag.py:3947} INFO - Setting next_dagrun for example_task_group to 2024-08-08 00:00:00+00:00, run_after=2024-08-09 00:00:00+00:00
[2024-08-09T19:49:57.271+0200] {processor.py:183} INFO - Processing /home/bvpelt/Develop/airflowtut/py_env/lib/python3.10/site-packages/airflow/example_dags/example_task_group.py took 0.112 seconds
[2024-08-09T19:50:49.808+0200] {processor.py:161} INFO - Started process (PID=19402) to work on /home/bvpelt/Develop/airflowtut/py_env/lib/python3.10/site-packages/airflow/example_dags/example_task_group.py
[2024-08-09T19:50:49.810+0200] {processor.py:830} INFO - Processing file /home/bvpelt/Develop/airflowtut/py_env/lib/python3.10/site-packages/airflow/example_dags/example_task_group.py for tasks to queue
[2024-08-09T19:50:49.814+0200] {logging_mixin.py:188} INFO - [2024-08-09T19:50:49.813+0200] {dagbag.py:545} INFO - Filling up the DagBag from /home/bvpelt/Develop/airflowtut/py_env/lib/python3.10/site-packages/airflow/example_dags/example_task_group.py
[2024-08-09T19:50:49.828+0200] {processor.py:840} INFO - DAG(s) 'example_task_group' retrieved from /home/bvpelt/Develop/airflowtut/py_env/lib/python3.10/site-packages/airflow/example_dags/example_task_group.py
[2024-08-09T19:50:49.845+0200] {logging_mixin.py:188} INFO - [2024-08-09T19:50:49.845+0200] {dag.py:3089} INFO - Sync 1 DAGs
[2024-08-09T19:50:49.858+0200] {logging_mixin.py:188} INFO - [2024-08-09T19:50:49.858+0200] {dag.py:3947} INFO - Setting next_dagrun for example_task_group to 2024-08-08 00:00:00+00:00, run_after=2024-08-09 00:00:00+00:00
[2024-08-09T19:50:49.961+0200] {processor.py:183} INFO - Processing /home/bvpelt/Develop/airflowtut/py_env/lib/python3.10/site-packages/airflow/example_dags/example_task_group.py took 0.168 seconds
[2024-08-09T19:51:40.051+0200] {processor.py:161} INFO - Started process (PID=19547) to work on /home/bvpelt/Develop/airflowtut/py_env/lib/python3.10/site-packages/airflow/example_dags/example_task_group.py
[2024-08-09T19:51:40.052+0200] {processor.py:830} INFO - Processing file /home/bvpelt/Develop/airflowtut/py_env/lib/python3.10/site-packages/airflow/example_dags/example_task_group.py for tasks to queue
[2024-08-09T19:51:40.053+0200] {logging_mixin.py:188} INFO - [2024-08-09T19:51:40.052+0200] {dagbag.py:545} INFO - Filling up the DagBag from /home/bvpelt/Develop/airflowtut/py_env/lib/python3.10/site-packages/airflow/example_dags/example_task_group.py
[2024-08-09T19:51:40.057+0200] {processor.py:840} INFO - DAG(s) 'example_task_group' retrieved from /home/bvpelt/Develop/airflowtut/py_env/lib/python3.10/site-packages/airflow/example_dags/example_task_group.py
[2024-08-09T19:51:40.067+0200] {logging_mixin.py:188} INFO - [2024-08-09T19:51:40.066+0200] {dag.py:3089} INFO - Sync 1 DAGs
[2024-08-09T19:51:40.078+0200] {logging_mixin.py:188} INFO - [2024-08-09T19:51:40.078+0200] {dag.py:3947} INFO - Setting next_dagrun for example_task_group to 2024-08-08 00:00:00+00:00, run_after=2024-08-09 00:00:00+00:00
[2024-08-09T19:51:40.155+0200] {processor.py:183} INFO - Processing /home/bvpelt/Develop/airflowtut/py_env/lib/python3.10/site-packages/airflow/example_dags/example_task_group.py took 0.108 seconds
[2024-08-09T19:52:35.820+0200] {processor.py:161} INFO - Started process (PID=20043) to work on /home/bvpelt/Develop/airflowtut/py_env/lib/python3.10/site-packages/airflow/example_dags/example_task_group.py
[2024-08-09T19:52:35.823+0200] {processor.py:830} INFO - Processing file /home/bvpelt/Develop/airflowtut/py_env/lib/python3.10/site-packages/airflow/example_dags/example_task_group.py for tasks to queue
[2024-08-09T19:52:35.826+0200] {logging_mixin.py:188} INFO - [2024-08-09T19:52:35.826+0200] {dagbag.py:545} INFO - Filling up the DagBag from /home/bvpelt/Develop/airflowtut/py_env/lib/python3.10/site-packages/airflow/example_dags/example_task_group.py
[2024-08-09T19:52:35.836+0200] {processor.py:840} INFO - DAG(s) 'example_task_group' retrieved from /home/bvpelt/Develop/airflowtut/py_env/lib/python3.10/site-packages/airflow/example_dags/example_task_group.py
[2024-08-09T19:52:35.851+0200] {logging_mixin.py:188} INFO - [2024-08-09T19:52:35.850+0200] {dag.py:3089} INFO - Sync 1 DAGs
[2024-08-09T19:52:35.865+0200] {logging_mixin.py:188} INFO - [2024-08-09T19:52:35.865+0200] {dag.py:3947} INFO - Setting next_dagrun for example_task_group to 2024-08-08 00:00:00+00:00, run_after=2024-08-09 00:00:00+00:00
[2024-08-09T19:52:35.968+0200] {processor.py:183} INFO - Processing /home/bvpelt/Develop/airflowtut/py_env/lib/python3.10/site-packages/airflow/example_dags/example_task_group.py took 0.163 seconds
[2024-08-09T19:53:20.284+0200] {processor.py:161} INFO - Started process (PID=20089) to work on /home/bvpelt/Develop/airflowtut/py_env/lib/python3.10/site-packages/airflow/example_dags/example_task_group.py
[2024-08-09T19:53:20.285+0200] {processor.py:830} INFO - Processing file /home/bvpelt/Develop/airflowtut/py_env/lib/python3.10/site-packages/airflow/example_dags/example_task_group.py for tasks to queue
[2024-08-09T19:53:20.285+0200] {logging_mixin.py:188} INFO - [2024-08-09T19:53:20.285+0200] {dagbag.py:545} INFO - Filling up the DagBag from /home/bvpelt/Develop/airflowtut/py_env/lib/python3.10/site-packages/airflow/example_dags/example_task_group.py
[2024-08-09T19:53:20.290+0200] {processor.py:840} INFO - DAG(s) 'example_task_group' retrieved from /home/bvpelt/Develop/airflowtut/py_env/lib/python3.10/site-packages/airflow/example_dags/example_task_group.py
[2024-08-09T19:53:20.299+0200] {logging_mixin.py:188} INFO - [2024-08-09T19:53:20.299+0200] {dag.py:3089} INFO - Sync 1 DAGs
[2024-08-09T19:53:20.309+0200] {logging_mixin.py:188} INFO - [2024-08-09T19:53:20.309+0200] {dag.py:3947} INFO - Setting next_dagrun for example_task_group to 2024-08-08 00:00:00+00:00, run_after=2024-08-09 00:00:00+00:00
[2024-08-09T19:53:20.429+0200] {processor.py:183} INFO - Processing /home/bvpelt/Develop/airflowtut/py_env/lib/python3.10/site-packages/airflow/example_dags/example_task_group.py took 0.148 seconds
[2024-08-09T19:54:14.672+0200] {processor.py:161} INFO - Started process (PID=20153) to work on /home/bvpelt/Develop/airflowtut/py_env/lib/python3.10/site-packages/airflow/example_dags/example_task_group.py
[2024-08-09T19:54:14.673+0200] {processor.py:830} INFO - Processing file /home/bvpelt/Develop/airflowtut/py_env/lib/python3.10/site-packages/airflow/example_dags/example_task_group.py for tasks to queue
[2024-08-09T19:54:14.673+0200] {logging_mixin.py:188} INFO - [2024-08-09T19:54:14.673+0200] {dagbag.py:545} INFO - Filling up the DagBag from /home/bvpelt/Develop/airflowtut/py_env/lib/python3.10/site-packages/airflow/example_dags/example_task_group.py
[2024-08-09T19:54:14.677+0200] {processor.py:840} INFO - DAG(s) 'example_task_group' retrieved from /home/bvpelt/Develop/airflowtut/py_env/lib/python3.10/site-packages/airflow/example_dags/example_task_group.py
[2024-08-09T19:54:14.687+0200] {logging_mixin.py:188} INFO - [2024-08-09T19:54:14.686+0200] {dag.py:3089} INFO - Sync 1 DAGs
[2024-08-09T19:54:14.697+0200] {logging_mixin.py:188} INFO - [2024-08-09T19:54:14.697+0200] {dag.py:3947} INFO - Setting next_dagrun for example_task_group to 2024-08-08 00:00:00+00:00, run_after=2024-08-09 00:00:00+00:00
[2024-08-09T19:54:14.776+0200] {processor.py:183} INFO - Processing /home/bvpelt/Develop/airflowtut/py_env/lib/python3.10/site-packages/airflow/example_dags/example_task_group.py took 0.107 seconds
[2024-08-09T19:55:06.918+0200] {processor.py:161} INFO - Started process (PID=20239) to work on /home/bvpelt/Develop/airflowtut/py_env/lib/python3.10/site-packages/airflow/example_dags/example_task_group.py
[2024-08-09T19:55:06.919+0200] {processor.py:830} INFO - Processing file /home/bvpelt/Develop/airflowtut/py_env/lib/python3.10/site-packages/airflow/example_dags/example_task_group.py for tasks to queue
[2024-08-09T19:55:06.919+0200] {logging_mixin.py:188} INFO - [2024-08-09T19:55:06.919+0200] {dagbag.py:545} INFO - Filling up the DagBag from /home/bvpelt/Develop/airflowtut/py_env/lib/python3.10/site-packages/airflow/example_dags/example_task_group.py
[2024-08-09T19:55:06.923+0200] {processor.py:840} INFO - DAG(s) 'example_task_group' retrieved from /home/bvpelt/Develop/airflowtut/py_env/lib/python3.10/site-packages/airflow/example_dags/example_task_group.py
[2024-08-09T19:55:06.933+0200] {logging_mixin.py:188} INFO - [2024-08-09T19:55:06.933+0200] {dag.py:3089} INFO - Sync 1 DAGs
[2024-08-09T19:55:06.944+0200] {logging_mixin.py:188} INFO - [2024-08-09T19:55:06.944+0200] {dag.py:3947} INFO - Setting next_dagrun for example_task_group to 2024-08-08 00:00:00+00:00, run_after=2024-08-09 00:00:00+00:00
[2024-08-09T19:55:07.195+0200] {processor.py:183} INFO - Processing /home/bvpelt/Develop/airflowtut/py_env/lib/python3.10/site-packages/airflow/example_dags/example_task_group.py took 0.281 seconds
[2024-08-09T19:55:54.795+0200] {processor.py:161} INFO - Started process (PID=20316) to work on /home/bvpelt/Develop/airflowtut/py_env/lib/python3.10/site-packages/airflow/example_dags/example_task_group.py
[2024-08-09T19:55:54.795+0200] {processor.py:830} INFO - Processing file /home/bvpelt/Develop/airflowtut/py_env/lib/python3.10/site-packages/airflow/example_dags/example_task_group.py for tasks to queue
[2024-08-09T19:55:54.796+0200] {logging_mixin.py:188} INFO - [2024-08-09T19:55:54.796+0200] {dagbag.py:545} INFO - Filling up the DagBag from /home/bvpelt/Develop/airflowtut/py_env/lib/python3.10/site-packages/airflow/example_dags/example_task_group.py
[2024-08-09T19:55:54.800+0200] {processor.py:840} INFO - DAG(s) 'example_task_group' retrieved from /home/bvpelt/Develop/airflowtut/py_env/lib/python3.10/site-packages/airflow/example_dags/example_task_group.py
[2024-08-09T19:55:54.809+0200] {logging_mixin.py:188} INFO - [2024-08-09T19:55:54.809+0200] {dag.py:3089} INFO - Sync 1 DAGs
[2024-08-09T19:55:54.820+0200] {logging_mixin.py:188} INFO - [2024-08-09T19:55:54.820+0200] {dag.py:3947} INFO - Setting next_dagrun for example_task_group to 2024-08-08 00:00:00+00:00, run_after=2024-08-09 00:00:00+00:00
[2024-08-09T19:55:54.905+0200] {processor.py:183} INFO - Processing /home/bvpelt/Develop/airflowtut/py_env/lib/python3.10/site-packages/airflow/example_dags/example_task_group.py took 0.113 seconds
[2024-08-09T19:56:43.013+0200] {processor.py:161} INFO - Started process (PID=20373) to work on /home/bvpelt/Develop/airflowtut/py_env/lib/python3.10/site-packages/airflow/example_dags/example_task_group.py
[2024-08-09T19:56:43.013+0200] {processor.py:830} INFO - Processing file /home/bvpelt/Develop/airflowtut/py_env/lib/python3.10/site-packages/airflow/example_dags/example_task_group.py for tasks to queue
[2024-08-09T19:56:43.014+0200] {logging_mixin.py:188} INFO - [2024-08-09T19:56:43.014+0200] {dagbag.py:545} INFO - Filling up the DagBag from /home/bvpelt/Develop/airflowtut/py_env/lib/python3.10/site-packages/airflow/example_dags/example_task_group.py
[2024-08-09T19:56:43.018+0200] {processor.py:840} INFO - DAG(s) 'example_task_group' retrieved from /home/bvpelt/Develop/airflowtut/py_env/lib/python3.10/site-packages/airflow/example_dags/example_task_group.py
[2024-08-09T19:56:43.028+0200] {logging_mixin.py:188} INFO - [2024-08-09T19:56:43.027+0200] {dag.py:3089} INFO - Sync 1 DAGs
[2024-08-09T19:56:43.038+0200] {logging_mixin.py:188} INFO - [2024-08-09T19:56:43.038+0200] {dag.py:3947} INFO - Setting next_dagrun for example_task_group to 2024-08-08 00:00:00+00:00, run_after=2024-08-09 00:00:00+00:00
[2024-08-09T19:56:43.112+0200] {processor.py:183} INFO - Processing /home/bvpelt/Develop/airflowtut/py_env/lib/python3.10/site-packages/airflow/example_dags/example_task_group.py took 0.102 seconds
[2024-08-09T19:57:34.259+0200] {processor.py:161} INFO - Started process (PID=20501) to work on /home/bvpelt/Develop/airflowtut/py_env/lib/python3.10/site-packages/airflow/example_dags/example_task_group.py
[2024-08-09T19:57:34.293+0200] {processor.py:830} INFO - Processing file /home/bvpelt/Develop/airflowtut/py_env/lib/python3.10/site-packages/airflow/example_dags/example_task_group.py for tasks to queue
[2024-08-09T19:57:34.295+0200] {logging_mixin.py:188} INFO - [2024-08-09T19:57:34.294+0200] {dagbag.py:545} INFO - Filling up the DagBag from /home/bvpelt/Develop/airflowtut/py_env/lib/python3.10/site-packages/airflow/example_dags/example_task_group.py
[2024-08-09T19:57:34.300+0200] {processor.py:840} INFO - DAG(s) 'example_task_group' retrieved from /home/bvpelt/Develop/airflowtut/py_env/lib/python3.10/site-packages/airflow/example_dags/example_task_group.py
[2024-08-09T19:57:34.310+0200] {logging_mixin.py:188} INFO - [2024-08-09T19:57:34.309+0200] {dag.py:3089} INFO - Sync 1 DAGs
[2024-08-09T19:57:34.320+0200] {logging_mixin.py:188} INFO - [2024-08-09T19:57:34.320+0200] {dag.py:3947} INFO - Setting next_dagrun for example_task_group to 2024-08-08 00:00:00+00:00, run_after=2024-08-09 00:00:00+00:00
[2024-08-09T19:57:34.403+0200] {processor.py:183} INFO - Processing /home/bvpelt/Develop/airflowtut/py_env/lib/python3.10/site-packages/airflow/example_dags/example_task_group.py took 0.146 seconds
[2024-08-09T19:58:25.147+0200] {processor.py:161} INFO - Started process (PID=20602) to work on /home/bvpelt/Develop/airflowtut/py_env/lib/python3.10/site-packages/airflow/example_dags/example_task_group.py
[2024-08-09T19:58:25.147+0200] {processor.py:830} INFO - Processing file /home/bvpelt/Develop/airflowtut/py_env/lib/python3.10/site-packages/airflow/example_dags/example_task_group.py for tasks to queue
[2024-08-09T19:58:25.148+0200] {logging_mixin.py:188} INFO - [2024-08-09T19:58:25.148+0200] {dagbag.py:545} INFO - Filling up the DagBag from /home/bvpelt/Develop/airflowtut/py_env/lib/python3.10/site-packages/airflow/example_dags/example_task_group.py
[2024-08-09T19:58:25.152+0200] {processor.py:840} INFO - DAG(s) 'example_task_group' retrieved from /home/bvpelt/Develop/airflowtut/py_env/lib/python3.10/site-packages/airflow/example_dags/example_task_group.py
[2024-08-09T19:58:25.161+0200] {logging_mixin.py:188} INFO - [2024-08-09T19:58:25.161+0200] {dag.py:3089} INFO - Sync 1 DAGs
[2024-08-09T19:58:25.171+0200] {logging_mixin.py:188} INFO - [2024-08-09T19:58:25.171+0200] {dag.py:3947} INFO - Setting next_dagrun for example_task_group to 2024-08-08 00:00:00+00:00, run_after=2024-08-09 00:00:00+00:00
[2024-08-09T19:58:25.261+0200] {processor.py:183} INFO - Processing /home/bvpelt/Develop/airflowtut/py_env/lib/python3.10/site-packages/airflow/example_dags/example_task_group.py took 0.117 seconds
[2024-08-09T19:59:23.938+0200] {processor.py:161} INFO - Started process (PID=20699) to work on /home/bvpelt/Develop/airflowtut/py_env/lib/python3.10/site-packages/airflow/example_dags/example_task_group.py
[2024-08-09T19:59:23.953+0200] {processor.py:830} INFO - Processing file /home/bvpelt/Develop/airflowtut/py_env/lib/python3.10/site-packages/airflow/example_dags/example_task_group.py for tasks to queue
[2024-08-09T19:59:23.954+0200] {logging_mixin.py:188} INFO - [2024-08-09T19:59:23.953+0200] {dagbag.py:545} INFO - Filling up the DagBag from /home/bvpelt/Develop/airflowtut/py_env/lib/python3.10/site-packages/airflow/example_dags/example_task_group.py
[2024-08-09T19:59:23.958+0200] {processor.py:840} INFO - DAG(s) 'example_task_group' retrieved from /home/bvpelt/Develop/airflowtut/py_env/lib/python3.10/site-packages/airflow/example_dags/example_task_group.py
[2024-08-09T19:59:23.969+0200] {logging_mixin.py:188} INFO - [2024-08-09T19:59:23.969+0200] {dag.py:3089} INFO - Sync 1 DAGs
[2024-08-09T19:59:23.983+0200] {logging_mixin.py:188} INFO - [2024-08-09T19:59:23.983+0200] {dag.py:3947} INFO - Setting next_dagrun for example_task_group to 2024-08-08 00:00:00+00:00, run_after=2024-08-09 00:00:00+00:00
[2024-08-09T19:59:24.102+0200] {processor.py:183} INFO - Processing /home/bvpelt/Develop/airflowtut/py_env/lib/python3.10/site-packages/airflow/example_dags/example_task_group.py took 0.167 seconds
[2024-08-09T20:00:16.834+0200] {processor.py:161} INFO - Started process (PID=20776) to work on /home/bvpelt/Develop/airflowtut/py_env/lib/python3.10/site-packages/airflow/example_dags/example_task_group.py
[2024-08-09T20:00:16.836+0200] {processor.py:830} INFO - Processing file /home/bvpelt/Develop/airflowtut/py_env/lib/python3.10/site-packages/airflow/example_dags/example_task_group.py for tasks to queue
[2024-08-09T20:00:16.837+0200] {logging_mixin.py:188} INFO - [2024-08-09T20:00:16.837+0200] {dagbag.py:545} INFO - Filling up the DagBag from /home/bvpelt/Develop/airflowtut/py_env/lib/python3.10/site-packages/airflow/example_dags/example_task_group.py
[2024-08-09T20:00:16.841+0200] {processor.py:840} INFO - DAG(s) 'example_task_group' retrieved from /home/bvpelt/Develop/airflowtut/py_env/lib/python3.10/site-packages/airflow/example_dags/example_task_group.py
[2024-08-09T20:00:16.852+0200] {logging_mixin.py:188} INFO - [2024-08-09T20:00:16.852+0200] {dag.py:3089} INFO - Sync 1 DAGs
[2024-08-09T20:00:16.865+0200] {logging_mixin.py:188} INFO - [2024-08-09T20:00:16.865+0200] {dag.py:3947} INFO - Setting next_dagrun for example_task_group to 2024-08-08 00:00:00+00:00, run_after=2024-08-09 00:00:00+00:00
[2024-08-09T20:00:16.940+0200] {processor.py:183} INFO - Processing /home/bvpelt/Develop/airflowtut/py_env/lib/python3.10/site-packages/airflow/example_dags/example_task_group.py took 0.109 seconds
[2024-08-09T20:01:06.443+0200] {processor.py:161} INFO - Started process (PID=20834) to work on /home/bvpelt/Develop/airflowtut/py_env/lib/python3.10/site-packages/airflow/example_dags/example_task_group.py
[2024-08-09T20:01:06.443+0200] {processor.py:830} INFO - Processing file /home/bvpelt/Develop/airflowtut/py_env/lib/python3.10/site-packages/airflow/example_dags/example_task_group.py for tasks to queue
[2024-08-09T20:01:06.444+0200] {logging_mixin.py:188} INFO - [2024-08-09T20:01:06.444+0200] {dagbag.py:545} INFO - Filling up the DagBag from /home/bvpelt/Develop/airflowtut/py_env/lib/python3.10/site-packages/airflow/example_dags/example_task_group.py
[2024-08-09T20:01:06.448+0200] {processor.py:840} INFO - DAG(s) 'example_task_group' retrieved from /home/bvpelt/Develop/airflowtut/py_env/lib/python3.10/site-packages/airflow/example_dags/example_task_group.py
[2024-08-09T20:01:06.457+0200] {logging_mixin.py:188} INFO - [2024-08-09T20:01:06.457+0200] {dag.py:3089} INFO - Sync 1 DAGs
[2024-08-09T20:01:06.468+0200] {logging_mixin.py:188} INFO - [2024-08-09T20:01:06.468+0200] {dag.py:3947} INFO - Setting next_dagrun for example_task_group to 2024-08-08 00:00:00+00:00, run_after=2024-08-09 00:00:00+00:00
[2024-08-09T20:01:06.547+0200] {processor.py:183} INFO - Processing /home/bvpelt/Develop/airflowtut/py_env/lib/python3.10/site-packages/airflow/example_dags/example_task_group.py took 0.107 seconds
[2024-08-09T20:01:57.060+0200] {processor.py:161} INFO - Started process (PID=20967) to work on /home/bvpelt/Develop/airflowtut/py_env/lib/python3.10/site-packages/airflow/example_dags/example_task_group.py
[2024-08-09T20:01:57.060+0200] {processor.py:830} INFO - Processing file /home/bvpelt/Develop/airflowtut/py_env/lib/python3.10/site-packages/airflow/example_dags/example_task_group.py for tasks to queue
[2024-08-09T20:01:57.061+0200] {logging_mixin.py:188} INFO - [2024-08-09T20:01:57.061+0200] {dagbag.py:545} INFO - Filling up the DagBag from /home/bvpelt/Develop/airflowtut/py_env/lib/python3.10/site-packages/airflow/example_dags/example_task_group.py
[2024-08-09T20:01:57.065+0200] {processor.py:840} INFO - DAG(s) 'example_task_group' retrieved from /home/bvpelt/Develop/airflowtut/py_env/lib/python3.10/site-packages/airflow/example_dags/example_task_group.py
[2024-08-09T20:01:57.076+0200] {logging_mixin.py:188} INFO - [2024-08-09T20:01:57.075+0200] {dag.py:3089} INFO - Sync 1 DAGs
[2024-08-09T20:01:57.087+0200] {logging_mixin.py:188} INFO - [2024-08-09T20:01:57.087+0200] {dag.py:3947} INFO - Setting next_dagrun for example_task_group to 2024-08-08 00:00:00+00:00, run_after=2024-08-09 00:00:00+00:00
[2024-08-09T20:01:57.176+0200] {processor.py:183} INFO - Processing /home/bvpelt/Develop/airflowtut/py_env/lib/python3.10/site-packages/airflow/example_dags/example_task_group.py took 0.120 seconds
[2024-08-09T20:02:48.247+0200] {processor.py:161} INFO - Started process (PID=21062) to work on /home/bvpelt/Develop/airflowtut/py_env/lib/python3.10/site-packages/airflow/example_dags/example_task_group.py
[2024-08-09T20:02:48.259+0200] {processor.py:830} INFO - Processing file /home/bvpelt/Develop/airflowtut/py_env/lib/python3.10/site-packages/airflow/example_dags/example_task_group.py for tasks to queue
[2024-08-09T20:02:48.260+0200] {logging_mixin.py:188} INFO - [2024-08-09T20:02:48.260+0200] {dagbag.py:545} INFO - Filling up the DagBag from /home/bvpelt/Develop/airflowtut/py_env/lib/python3.10/site-packages/airflow/example_dags/example_task_group.py
[2024-08-09T20:02:48.265+0200] {processor.py:840} INFO - DAG(s) 'example_task_group' retrieved from /home/bvpelt/Develop/airflowtut/py_env/lib/python3.10/site-packages/airflow/example_dags/example_task_group.py
[2024-08-09T20:02:48.279+0200] {logging_mixin.py:188} INFO - [2024-08-09T20:02:48.279+0200] {dag.py:3089} INFO - Sync 1 DAGs
[2024-08-09T20:02:48.293+0200] {logging_mixin.py:188} INFO - [2024-08-09T20:02:48.293+0200] {dag.py:3947} INFO - Setting next_dagrun for example_task_group to 2024-08-08 00:00:00+00:00, run_after=2024-08-09 00:00:00+00:00
[2024-08-09T20:02:48.374+0200] {processor.py:183} INFO - Processing /home/bvpelt/Develop/airflowtut/py_env/lib/python3.10/site-packages/airflow/example_dags/example_task_group.py took 0.131 seconds
[2024-08-09T20:03:46.491+0200] {processor.py:161} INFO - Started process (PID=21118) to work on /home/bvpelt/Develop/airflowtut/py_env/lib/python3.10/site-packages/airflow/example_dags/example_task_group.py
[2024-08-09T20:03:46.492+0200] {processor.py:830} INFO - Processing file /home/bvpelt/Develop/airflowtut/py_env/lib/python3.10/site-packages/airflow/example_dags/example_task_group.py for tasks to queue
[2024-08-09T20:03:46.492+0200] {logging_mixin.py:188} INFO - [2024-08-09T20:03:46.492+0200] {dagbag.py:545} INFO - Filling up the DagBag from /home/bvpelt/Develop/airflowtut/py_env/lib/python3.10/site-packages/airflow/example_dags/example_task_group.py
[2024-08-09T20:03:46.497+0200] {processor.py:840} INFO - DAG(s) 'example_task_group' retrieved from /home/bvpelt/Develop/airflowtut/py_env/lib/python3.10/site-packages/airflow/example_dags/example_task_group.py
[2024-08-09T20:03:46.506+0200] {logging_mixin.py:188} INFO - [2024-08-09T20:03:46.506+0200] {dag.py:3089} INFO - Sync 1 DAGs
[2024-08-09T20:03:46.517+0200] {logging_mixin.py:188} INFO - [2024-08-09T20:03:46.517+0200] {dag.py:3947} INFO - Setting next_dagrun for example_task_group to 2024-08-08 00:00:00+00:00, run_after=2024-08-09 00:00:00+00:00
[2024-08-09T20:03:46.636+0200] {processor.py:183} INFO - Processing /home/bvpelt/Develop/airflowtut/py_env/lib/python3.10/site-packages/airflow/example_dags/example_task_group.py took 0.148 seconds
[2024-08-09T20:04:39.033+0200] {processor.py:161} INFO - Started process (PID=21206) to work on /home/bvpelt/Develop/airflowtut/py_env/lib/python3.10/site-packages/airflow/example_dags/example_task_group.py
[2024-08-09T20:04:39.034+0200] {processor.py:830} INFO - Processing file /home/bvpelt/Develop/airflowtut/py_env/lib/python3.10/site-packages/airflow/example_dags/example_task_group.py for tasks to queue
[2024-08-09T20:04:39.035+0200] {logging_mixin.py:188} INFO - [2024-08-09T20:04:39.034+0200] {dagbag.py:545} INFO - Filling up the DagBag from /home/bvpelt/Develop/airflowtut/py_env/lib/python3.10/site-packages/airflow/example_dags/example_task_group.py
[2024-08-09T20:04:39.038+0200] {processor.py:840} INFO - DAG(s) 'example_task_group' retrieved from /home/bvpelt/Develop/airflowtut/py_env/lib/python3.10/site-packages/airflow/example_dags/example_task_group.py
[2024-08-09T20:04:39.048+0200] {logging_mixin.py:188} INFO - [2024-08-09T20:04:39.048+0200] {dag.py:3089} INFO - Sync 1 DAGs
[2024-08-09T20:04:39.059+0200] {logging_mixin.py:188} INFO - [2024-08-09T20:04:39.059+0200] {dag.py:3947} INFO - Setting next_dagrun for example_task_group to 2024-08-08 00:00:00+00:00, run_after=2024-08-09 00:00:00+00:00
[2024-08-09T20:04:39.131+0200] {processor.py:183} INFO - Processing /home/bvpelt/Develop/airflowtut/py_env/lib/python3.10/site-packages/airflow/example_dags/example_task_group.py took 0.101 seconds
[2024-08-09T20:05:31.497+0200] {processor.py:161} INFO - Started process (PID=21363) to work on /home/bvpelt/Develop/airflowtut/py_env/lib/python3.10/site-packages/airflow/example_dags/example_task_group.py
[2024-08-09T20:05:31.498+0200] {processor.py:830} INFO - Processing file /home/bvpelt/Develop/airflowtut/py_env/lib/python3.10/site-packages/airflow/example_dags/example_task_group.py for tasks to queue
[2024-08-09T20:05:31.499+0200] {logging_mixin.py:188} INFO - [2024-08-09T20:05:31.498+0200] {dagbag.py:545} INFO - Filling up the DagBag from /home/bvpelt/Develop/airflowtut/py_env/lib/python3.10/site-packages/airflow/example_dags/example_task_group.py
[2024-08-09T20:05:31.503+0200] {processor.py:840} INFO - DAG(s) 'example_task_group' retrieved from /home/bvpelt/Develop/airflowtut/py_env/lib/python3.10/site-packages/airflow/example_dags/example_task_group.py
[2024-08-09T20:05:31.512+0200] {logging_mixin.py:188} INFO - [2024-08-09T20:05:31.512+0200] {dag.py:3089} INFO - Sync 1 DAGs
[2024-08-09T20:05:31.523+0200] {logging_mixin.py:188} INFO - [2024-08-09T20:05:31.523+0200] {dag.py:3947} INFO - Setting next_dagrun for example_task_group to 2024-08-08 00:00:00+00:00, run_after=2024-08-09 00:00:00+00:00
[2024-08-09T20:05:31.596+0200] {processor.py:183} INFO - Processing /home/bvpelt/Develop/airflowtut/py_env/lib/python3.10/site-packages/airflow/example_dags/example_task_group.py took 0.102 seconds
[2024-08-09T20:06:30.270+0200] {processor.py:161} INFO - Started process (PID=21454) to work on /home/bvpelt/Develop/airflowtut/py_env/lib/python3.10/site-packages/airflow/example_dags/example_task_group.py
[2024-08-09T20:06:30.271+0200] {processor.py:830} INFO - Processing file /home/bvpelt/Develop/airflowtut/py_env/lib/python3.10/site-packages/airflow/example_dags/example_task_group.py for tasks to queue
[2024-08-09T20:06:30.271+0200] {logging_mixin.py:188} INFO - [2024-08-09T20:06:30.271+0200] {dagbag.py:545} INFO - Filling up the DagBag from /home/bvpelt/Develop/airflowtut/py_env/lib/python3.10/site-packages/airflow/example_dags/example_task_group.py
[2024-08-09T20:06:30.275+0200] {processor.py:840} INFO - DAG(s) 'example_task_group' retrieved from /home/bvpelt/Develop/airflowtut/py_env/lib/python3.10/site-packages/airflow/example_dags/example_task_group.py
[2024-08-09T20:06:30.284+0200] {logging_mixin.py:188} INFO - [2024-08-09T20:06:30.284+0200] {dag.py:3089} INFO - Sync 1 DAGs
[2024-08-09T20:06:30.295+0200] {logging_mixin.py:188} INFO - [2024-08-09T20:06:30.295+0200] {dag.py:3947} INFO - Setting next_dagrun for example_task_group to 2024-08-08 00:00:00+00:00, run_after=2024-08-09 00:00:00+00:00
[2024-08-09T20:06:30.370+0200] {processor.py:183} INFO - Processing /home/bvpelt/Develop/airflowtut/py_env/lib/python3.10/site-packages/airflow/example_dags/example_task_group.py took 0.103 seconds
[2024-08-09T20:07:23.186+0200] {processor.py:161} INFO - Started process (PID=21571) to work on /home/bvpelt/Develop/airflowtut/py_env/lib/python3.10/site-packages/airflow/example_dags/example_task_group.py
[2024-08-09T20:07:23.188+0200] {processor.py:830} INFO - Processing file /home/bvpelt/Develop/airflowtut/py_env/lib/python3.10/site-packages/airflow/example_dags/example_task_group.py for tasks to queue
[2024-08-09T20:07:23.191+0200] {logging_mixin.py:188} INFO - [2024-08-09T20:07:23.190+0200] {dagbag.py:545} INFO - Filling up the DagBag from /home/bvpelt/Develop/airflowtut/py_env/lib/python3.10/site-packages/airflow/example_dags/example_task_group.py
[2024-08-09T20:07:23.200+0200] {processor.py:840} INFO - DAG(s) 'example_task_group' retrieved from /home/bvpelt/Develop/airflowtut/py_env/lib/python3.10/site-packages/airflow/example_dags/example_task_group.py
[2024-08-09T20:07:23.215+0200] {logging_mixin.py:188} INFO - [2024-08-09T20:07:23.215+0200] {dag.py:3089} INFO - Sync 1 DAGs
[2024-08-09T20:07:23.229+0200] {logging_mixin.py:188} INFO - [2024-08-09T20:07:23.228+0200] {dag.py:3947} INFO - Setting next_dagrun for example_task_group to 2024-08-08 00:00:00+00:00, run_after=2024-08-09 00:00:00+00:00
[2024-08-09T20:07:23.306+0200] {processor.py:183} INFO - Processing /home/bvpelt/Develop/airflowtut/py_env/lib/python3.10/site-packages/airflow/example_dags/example_task_group.py took 0.136 seconds
[2024-08-09T20:08:15.778+0200] {processor.py:161} INFO - Started process (PID=21667) to work on /home/bvpelt/Develop/airflowtut/py_env/lib/python3.10/site-packages/airflow/example_dags/example_task_group.py
[2024-08-09T20:08:15.779+0200] {processor.py:830} INFO - Processing file /home/bvpelt/Develop/airflowtut/py_env/lib/python3.10/site-packages/airflow/example_dags/example_task_group.py for tasks to queue
[2024-08-09T20:08:15.779+0200] {logging_mixin.py:188} INFO - [2024-08-09T20:08:15.779+0200] {dagbag.py:545} INFO - Filling up the DagBag from /home/bvpelt/Develop/airflowtut/py_env/lib/python3.10/site-packages/airflow/example_dags/example_task_group.py
[2024-08-09T20:08:15.783+0200] {processor.py:840} INFO - DAG(s) 'example_task_group' retrieved from /home/bvpelt/Develop/airflowtut/py_env/lib/python3.10/site-packages/airflow/example_dags/example_task_group.py
[2024-08-09T20:08:15.792+0200] {logging_mixin.py:188} INFO - [2024-08-09T20:08:15.792+0200] {dag.py:3089} INFO - Sync 1 DAGs
[2024-08-09T20:08:15.803+0200] {logging_mixin.py:188} INFO - [2024-08-09T20:08:15.802+0200] {dag.py:3947} INFO - Setting next_dagrun for example_task_group to 2024-08-08 00:00:00+00:00, run_after=2024-08-09 00:00:00+00:00
[2024-08-09T20:08:15.877+0200] {processor.py:183} INFO - Processing /home/bvpelt/Develop/airflowtut/py_env/lib/python3.10/site-packages/airflow/example_dags/example_task_group.py took 0.102 seconds
[2024-08-09T20:09:05.903+0200] {processor.py:161} INFO - Started process (PID=21725) to work on /home/bvpelt/Develop/airflowtut/py_env/lib/python3.10/site-packages/airflow/example_dags/example_task_group.py
[2024-08-09T20:09:05.903+0200] {processor.py:830} INFO - Processing file /home/bvpelt/Develop/airflowtut/py_env/lib/python3.10/site-packages/airflow/example_dags/example_task_group.py for tasks to queue
[2024-08-09T20:09:05.904+0200] {logging_mixin.py:188} INFO - [2024-08-09T20:09:05.904+0200] {dagbag.py:545} INFO - Filling up the DagBag from /home/bvpelt/Develop/airflowtut/py_env/lib/python3.10/site-packages/airflow/example_dags/example_task_group.py
[2024-08-09T20:09:05.908+0200] {processor.py:840} INFO - DAG(s) 'example_task_group' retrieved from /home/bvpelt/Develop/airflowtut/py_env/lib/python3.10/site-packages/airflow/example_dags/example_task_group.py
[2024-08-09T20:09:05.917+0200] {logging_mixin.py:188} INFO - [2024-08-09T20:09:05.917+0200] {dag.py:3089} INFO - Sync 1 DAGs
[2024-08-09T20:09:05.928+0200] {logging_mixin.py:188} INFO - [2024-08-09T20:09:05.928+0200] {dag.py:3947} INFO - Setting next_dagrun for example_task_group to 2024-08-08 00:00:00+00:00, run_after=2024-08-09 00:00:00+00:00
[2024-08-09T20:09:06.010+0200] {processor.py:183} INFO - Processing /home/bvpelt/Develop/airflowtut/py_env/lib/python3.10/site-packages/airflow/example_dags/example_task_group.py took 0.110 seconds
[2024-08-09T20:09:57.569+0200] {processor.py:161} INFO - Started process (PID=21777) to work on /home/bvpelt/Develop/airflowtut/py_env/lib/python3.10/site-packages/airflow/example_dags/example_task_group.py
[2024-08-09T20:09:57.570+0200] {processor.py:830} INFO - Processing file /home/bvpelt/Develop/airflowtut/py_env/lib/python3.10/site-packages/airflow/example_dags/example_task_group.py for tasks to queue
[2024-08-09T20:09:57.571+0200] {logging_mixin.py:188} INFO - [2024-08-09T20:09:57.571+0200] {dagbag.py:545} INFO - Filling up the DagBag from /home/bvpelt/Develop/airflowtut/py_env/lib/python3.10/site-packages/airflow/example_dags/example_task_group.py
[2024-08-09T20:09:57.575+0200] {processor.py:840} INFO - DAG(s) 'example_task_group' retrieved from /home/bvpelt/Develop/airflowtut/py_env/lib/python3.10/site-packages/airflow/example_dags/example_task_group.py
[2024-08-09T20:09:57.584+0200] {logging_mixin.py:188} INFO - [2024-08-09T20:09:57.584+0200] {dag.py:3089} INFO - Sync 1 DAGs
[2024-08-09T20:09:57.594+0200] {logging_mixin.py:188} INFO - [2024-08-09T20:09:57.594+0200] {dag.py:3947} INFO - Setting next_dagrun for example_task_group to 2024-08-08 00:00:00+00:00, run_after=2024-08-09 00:00:00+00:00
[2024-08-09T20:09:57.677+0200] {processor.py:183} INFO - Processing /home/bvpelt/Develop/airflowtut/py_env/lib/python3.10/site-packages/airflow/example_dags/example_task_group.py took 0.111 seconds
[2024-08-09T20:10:47.100+0200] {processor.py:161} INFO - Started process (PID=21853) to work on /home/bvpelt/Develop/airflowtut/py_env/lib/python3.10/site-packages/airflow/example_dags/example_task_group.py
[2024-08-09T20:10:47.179+0200] {processor.py:830} INFO - Processing file /home/bvpelt/Develop/airflowtut/py_env/lib/python3.10/site-packages/airflow/example_dags/example_task_group.py for tasks to queue
[2024-08-09T20:10:47.183+0200] {logging_mixin.py:188} INFO - [2024-08-09T20:10:47.182+0200] {dagbag.py:545} INFO - Filling up the DagBag from /home/bvpelt/Develop/airflowtut/py_env/lib/python3.10/site-packages/airflow/example_dags/example_task_group.py
[2024-08-09T20:10:47.203+0200] {processor.py:840} INFO - DAG(s) 'example_task_group' retrieved from /home/bvpelt/Develop/airflowtut/py_env/lib/python3.10/site-packages/airflow/example_dags/example_task_group.py
[2024-08-09T20:10:47.229+0200] {logging_mixin.py:188} INFO - [2024-08-09T20:10:47.229+0200] {dag.py:3089} INFO - Sync 1 DAGs
[2024-08-09T20:10:47.244+0200] {logging_mixin.py:188} INFO - [2024-08-09T20:10:47.244+0200] {dag.py:3947} INFO - Setting next_dagrun for example_task_group to 2024-08-08 00:00:00+00:00, run_after=2024-08-09 00:00:00+00:00
[2024-08-09T20:10:47.322+0200] {processor.py:183} INFO - Processing /home/bvpelt/Develop/airflowtut/py_env/lib/python3.10/site-packages/airflow/example_dags/example_task_group.py took 0.237 seconds
[2024-08-09T20:11:36.903+0200] {processor.py:161} INFO - Started process (PID=21906) to work on /home/bvpelt/Develop/airflowtut/py_env/lib/python3.10/site-packages/airflow/example_dags/example_task_group.py
[2024-08-09T20:11:36.909+0200] {processor.py:830} INFO - Processing file /home/bvpelt/Develop/airflowtut/py_env/lib/python3.10/site-packages/airflow/example_dags/example_task_group.py for tasks to queue
[2024-08-09T20:11:36.910+0200] {logging_mixin.py:188} INFO - [2024-08-09T20:11:36.910+0200] {dagbag.py:545} INFO - Filling up the DagBag from /home/bvpelt/Develop/airflowtut/py_env/lib/python3.10/site-packages/airflow/example_dags/example_task_group.py
[2024-08-09T20:11:36.915+0200] {processor.py:840} INFO - DAG(s) 'example_task_group' retrieved from /home/bvpelt/Develop/airflowtut/py_env/lib/python3.10/site-packages/airflow/example_dags/example_task_group.py
[2024-08-09T20:11:36.924+0200] {logging_mixin.py:188} INFO - [2024-08-09T20:11:36.923+0200] {dag.py:3089} INFO - Sync 1 DAGs
[2024-08-09T20:11:36.934+0200] {logging_mixin.py:188} INFO - [2024-08-09T20:11:36.934+0200] {dag.py:3947} INFO - Setting next_dagrun for example_task_group to 2024-08-08 00:00:00+00:00, run_after=2024-08-09 00:00:00+00:00
[2024-08-09T20:11:37.013+0200] {processor.py:183} INFO - Processing /home/bvpelt/Develop/airflowtut/py_env/lib/python3.10/site-packages/airflow/example_dags/example_task_group.py took 0.113 seconds
[2024-08-09T20:12:25.556+0200] {processor.py:161} INFO - Started process (PID=22015) to work on /home/bvpelt/Develop/airflowtut/py_env/lib/python3.10/site-packages/airflow/example_dags/example_task_group.py
[2024-08-09T20:12:25.574+0200] {processor.py:830} INFO - Processing file /home/bvpelt/Develop/airflowtut/py_env/lib/python3.10/site-packages/airflow/example_dags/example_task_group.py for tasks to queue
[2024-08-09T20:12:25.575+0200] {logging_mixin.py:188} INFO - [2024-08-09T20:12:25.574+0200] {dagbag.py:545} INFO - Filling up the DagBag from /home/bvpelt/Develop/airflowtut/py_env/lib/python3.10/site-packages/airflow/example_dags/example_task_group.py
[2024-08-09T20:12:25.579+0200] {processor.py:840} INFO - DAG(s) 'example_task_group' retrieved from /home/bvpelt/Develop/airflowtut/py_env/lib/python3.10/site-packages/airflow/example_dags/example_task_group.py
[2024-08-09T20:12:25.592+0200] {logging_mixin.py:188} INFO - [2024-08-09T20:12:25.592+0200] {dag.py:3089} INFO - Sync 1 DAGs
[2024-08-09T20:12:25.606+0200] {logging_mixin.py:188} INFO - [2024-08-09T20:12:25.606+0200] {dag.py:3947} INFO - Setting next_dagrun for example_task_group to 2024-08-08 00:00:00+00:00, run_after=2024-08-09 00:00:00+00:00
[2024-08-09T20:12:25.698+0200] {processor.py:183} INFO - Processing /home/bvpelt/Develop/airflowtut/py_env/lib/python3.10/site-packages/airflow/example_dags/example_task_group.py took 0.146 seconds
[2024-08-09T20:13:19.007+0200] {processor.py:161} INFO - Started process (PID=22099) to work on /home/bvpelt/Develop/airflowtut/py_env/lib/python3.10/site-packages/airflow/example_dags/example_task_group.py
[2024-08-09T20:13:19.054+0200] {processor.py:830} INFO - Processing file /home/bvpelt/Develop/airflowtut/py_env/lib/python3.10/site-packages/airflow/example_dags/example_task_group.py for tasks to queue
[2024-08-09T20:13:19.056+0200] {logging_mixin.py:188} INFO - [2024-08-09T20:13:19.055+0200] {dagbag.py:545} INFO - Filling up the DagBag from /home/bvpelt/Develop/airflowtut/py_env/lib/python3.10/site-packages/airflow/example_dags/example_task_group.py
[2024-08-09T20:13:19.062+0200] {processor.py:840} INFO - DAG(s) 'example_task_group' retrieved from /home/bvpelt/Develop/airflowtut/py_env/lib/python3.10/site-packages/airflow/example_dags/example_task_group.py
[2024-08-09T20:13:19.071+0200] {logging_mixin.py:188} INFO - [2024-08-09T20:13:19.070+0200] {dag.py:3089} INFO - Sync 1 DAGs
[2024-08-09T20:13:19.081+0200] {logging_mixin.py:188} INFO - [2024-08-09T20:13:19.081+0200] {dag.py:3947} INFO - Setting next_dagrun for example_task_group to 2024-08-08 00:00:00+00:00, run_after=2024-08-09 00:00:00+00:00
[2024-08-09T20:13:19.156+0200] {processor.py:183} INFO - Processing /home/bvpelt/Develop/airflowtut/py_env/lib/python3.10/site-packages/airflow/example_dags/example_task_group.py took 0.152 seconds
[2024-08-09T20:14:15.459+0200] {processor.py:161} INFO - Started process (PID=22180) to work on /home/bvpelt/Develop/airflowtut/py_env/lib/python3.10/site-packages/airflow/example_dags/example_task_group.py
[2024-08-09T20:14:15.476+0200] {processor.py:830} INFO - Processing file /home/bvpelt/Develop/airflowtut/py_env/lib/python3.10/site-packages/airflow/example_dags/example_task_group.py for tasks to queue
[2024-08-09T20:14:15.477+0200] {logging_mixin.py:188} INFO - [2024-08-09T20:14:15.476+0200] {dagbag.py:545} INFO - Filling up the DagBag from /home/bvpelt/Develop/airflowtut/py_env/lib/python3.10/site-packages/airflow/example_dags/example_task_group.py
[2024-08-09T20:14:15.482+0200] {processor.py:840} INFO - DAG(s) 'example_task_group' retrieved from /home/bvpelt/Develop/airflowtut/py_env/lib/python3.10/site-packages/airflow/example_dags/example_task_group.py
[2024-08-09T20:14:15.491+0200] {logging_mixin.py:188} INFO - [2024-08-09T20:14:15.491+0200] {dag.py:3089} INFO - Sync 1 DAGs
[2024-08-09T20:14:15.501+0200] {logging_mixin.py:188} INFO - [2024-08-09T20:14:15.501+0200] {dag.py:3947} INFO - Setting next_dagrun for example_task_group to 2024-08-08 00:00:00+00:00, run_after=2024-08-09 00:00:00+00:00
[2024-08-09T20:14:15.595+0200] {processor.py:183} INFO - Processing /home/bvpelt/Develop/airflowtut/py_env/lib/python3.10/site-packages/airflow/example_dags/example_task_group.py took 0.139 seconds
[2024-08-09T20:15:01.963+0200] {processor.py:161} INFO - Started process (PID=22234) to work on /home/bvpelt/Develop/airflowtut/py_env/lib/python3.10/site-packages/airflow/example_dags/example_task_group.py
[2024-08-09T20:15:01.973+0200] {processor.py:830} INFO - Processing file /home/bvpelt/Develop/airflowtut/py_env/lib/python3.10/site-packages/airflow/example_dags/example_task_group.py for tasks to queue
[2024-08-09T20:15:01.974+0200] {logging_mixin.py:188} INFO - [2024-08-09T20:15:01.974+0200] {dagbag.py:545} INFO - Filling up the DagBag from /home/bvpelt/Develop/airflowtut/py_env/lib/python3.10/site-packages/airflow/example_dags/example_task_group.py
[2024-08-09T20:15:01.979+0200] {processor.py:840} INFO - DAG(s) 'example_task_group' retrieved from /home/bvpelt/Develop/airflowtut/py_env/lib/python3.10/site-packages/airflow/example_dags/example_task_group.py
[2024-08-09T20:15:01.988+0200] {logging_mixin.py:188} INFO - [2024-08-09T20:15:01.988+0200] {dag.py:3089} INFO - Sync 1 DAGs
[2024-08-09T20:15:02.000+0200] {logging_mixin.py:188} INFO - [2024-08-09T20:15:02.000+0200] {dag.py:3947} INFO - Setting next_dagrun for example_task_group to 2024-08-08 00:00:00+00:00, run_after=2024-08-09 00:00:00+00:00
[2024-08-09T20:15:02.075+0200] {processor.py:183} INFO - Processing /home/bvpelt/Develop/airflowtut/py_env/lib/python3.10/site-packages/airflow/example_dags/example_task_group.py took 0.115 seconds
[2024-08-09T20:15:50.845+0200] {processor.py:161} INFO - Started process (PID=22315) to work on /home/bvpelt/Develop/airflowtut/py_env/lib/python3.10/site-packages/airflow/example_dags/example_task_group.py
[2024-08-09T20:15:50.846+0200] {processor.py:830} INFO - Processing file /home/bvpelt/Develop/airflowtut/py_env/lib/python3.10/site-packages/airflow/example_dags/example_task_group.py for tasks to queue
[2024-08-09T20:15:50.847+0200] {logging_mixin.py:188} INFO - [2024-08-09T20:15:50.847+0200] {dagbag.py:545} INFO - Filling up the DagBag from /home/bvpelt/Develop/airflowtut/py_env/lib/python3.10/site-packages/airflow/example_dags/example_task_group.py
[2024-08-09T20:15:50.851+0200] {processor.py:840} INFO - DAG(s) 'example_task_group' retrieved from /home/bvpelt/Develop/airflowtut/py_env/lib/python3.10/site-packages/airflow/example_dags/example_task_group.py
[2024-08-09T20:15:50.862+0200] {logging_mixin.py:188} INFO - [2024-08-09T20:15:50.862+0200] {dag.py:3089} INFO - Sync 1 DAGs
[2024-08-09T20:15:50.874+0200] {logging_mixin.py:188} INFO - [2024-08-09T20:15:50.874+0200] {dag.py:3947} INFO - Setting next_dagrun for example_task_group to 2024-08-08 00:00:00+00:00, run_after=2024-08-09 00:00:00+00:00
[2024-08-09T20:15:50.958+0200] {processor.py:183} INFO - Processing /home/bvpelt/Develop/airflowtut/py_env/lib/python3.10/site-packages/airflow/example_dags/example_task_group.py took 0.116 seconds
