[2024-08-09T19:42:13.777+0200] {processor.py:161} INFO - Started process (PID=17480) to work on /home/bvpelt/Develop/airflowtut/py_env/lib/python3.10/site-packages/airflow/example_dags/example_trigger_target_dag.py
[2024-08-09T19:42:13.777+0200] {processor.py:830} INFO - Processing file /home/bvpelt/Develop/airflowtut/py_env/lib/python3.10/site-packages/airflow/example_dags/example_trigger_target_dag.py for tasks to queue
[2024-08-09T19:42:13.778+0200] {logging_mixin.py:188} INFO - [2024-08-09T19:42:13.778+0200] {dagbag.py:545} INFO - Filling up the DagBag from /home/bvpelt/Develop/airflowtut/py_env/lib/python3.10/site-packages/airflow/example_dags/example_trigger_target_dag.py
[2024-08-09T19:42:13.782+0200] {processor.py:840} INFO - DAG(s) 'example_trigger_target_dag' retrieved from /home/bvpelt/Develop/airflowtut/py_env/lib/python3.10/site-packages/airflow/example_dags/example_trigger_target_dag.py
[2024-08-09T19:42:13.984+0200] {logging_mixin.py:188} INFO - [2024-08-09T19:42:13.982+0200] {override.py:1858} INFO - Created Permission View: can edit on DAG:example_trigger_target_dag
[2024-08-09T19:42:14.092+0200] {logging_mixin.py:188} INFO - [2024-08-09T19:42:14.091+0200] {override.py:1858} INFO - Created Permission View: can read on DAG:example_trigger_target_dag
[2024-08-09T19:42:14.169+0200] {logging_mixin.py:188} INFO - [2024-08-09T19:42:14.169+0200] {override.py:1858} INFO - Created Permission View: can delete on DAG:example_trigger_target_dag
[2024-08-09T19:42:14.171+0200] {logging_mixin.py:188} INFO - [2024-08-09T19:42:14.170+0200] {dag.py:3089} INFO - Sync 1 DAGs
[2024-08-09T19:42:14.179+0200] {logging_mixin.py:188} INFO - [2024-08-09T19:42:14.178+0200] {dag.py:3111} INFO - Creating ORM DAG for example_trigger_target_dag
[2024-08-09T19:42:14.179+0200] {logging_mixin.py:188} INFO - [2024-08-09T19:42:14.179+0200] {dag.py:3947} INFO - Setting next_dagrun for example_trigger_target_dag to None, run_after=None
[2024-08-09T19:42:14.269+0200] {processor.py:183} INFO - Processing /home/bvpelt/Develop/airflowtut/py_env/lib/python3.10/site-packages/airflow/example_dags/example_trigger_target_dag.py took 0.495 seconds
[2024-08-09T19:43:40.158+0200] {processor.py:161} INFO - Started process (PID=17828) to work on /home/bvpelt/Develop/airflowtut/py_env/lib/python3.10/site-packages/airflow/example_dags/example_trigger_target_dag.py
[2024-08-09T19:43:40.169+0200] {processor.py:830} INFO - Processing file /home/bvpelt/Develop/airflowtut/py_env/lib/python3.10/site-packages/airflow/example_dags/example_trigger_target_dag.py for tasks to queue
[2024-08-09T19:43:40.170+0200] {logging_mixin.py:188} INFO - [2024-08-09T19:43:40.169+0200] {dagbag.py:545} INFO - Filling up the DagBag from /home/bvpelt/Develop/airflowtut/py_env/lib/python3.10/site-packages/airflow/example_dags/example_trigger_target_dag.py
[2024-08-09T19:43:40.173+0200] {processor.py:840} INFO - DAG(s) 'example_trigger_target_dag' retrieved from /home/bvpelt/Develop/airflowtut/py_env/lib/python3.10/site-packages/airflow/example_dags/example_trigger_target_dag.py
[2024-08-09T19:43:40.181+0200] {logging_mixin.py:188} INFO - [2024-08-09T19:43:40.181+0200] {dag.py:3089} INFO - Sync 1 DAGs
[2024-08-09T19:43:40.188+0200] {logging_mixin.py:188} INFO - [2024-08-09T19:43:40.187+0200] {dag.py:3947} INFO - Setting next_dagrun for example_trigger_target_dag to None, run_after=None
[2024-08-09T19:43:40.303+0200] {processor.py:183} INFO - Processing /home/bvpelt/Develop/airflowtut/py_env/lib/python3.10/site-packages/airflow/example_dags/example_trigger_target_dag.py took 0.148 seconds
[2024-08-09T19:44:16.444+0200] {processor.py:161} INFO - Started process (PID=17972) to work on /home/bvpelt/Develop/airflowtut/py_env/lib/python3.10/site-packages/airflow/example_dags/example_trigger_target_dag.py
[2024-08-09T19:44:16.459+0200] {processor.py:830} INFO - Processing file /home/bvpelt/Develop/airflowtut/py_env/lib/python3.10/site-packages/airflow/example_dags/example_trigger_target_dag.py for tasks to queue
[2024-08-09T19:44:16.460+0200] {logging_mixin.py:188} INFO - [2024-08-09T19:44:16.460+0200] {dagbag.py:545} INFO - Filling up the DagBag from /home/bvpelt/Develop/airflowtut/py_env/lib/python3.10/site-packages/airflow/example_dags/example_trigger_target_dag.py
[2024-08-09T19:44:16.464+0200] {processor.py:840} INFO - DAG(s) 'example_trigger_target_dag' retrieved from /home/bvpelt/Develop/airflowtut/py_env/lib/python3.10/site-packages/airflow/example_dags/example_trigger_target_dag.py
[2024-08-09T19:44:16.473+0200] {logging_mixin.py:188} INFO - [2024-08-09T19:44:16.473+0200] {dag.py:3089} INFO - Sync 1 DAGs
[2024-08-09T19:44:16.481+0200] {logging_mixin.py:188} INFO - [2024-08-09T19:44:16.480+0200] {dag.py:3947} INFO - Setting next_dagrun for example_trigger_target_dag to None, run_after=None
[2024-08-09T19:44:16.565+0200] {processor.py:183} INFO - Processing /home/bvpelt/Develop/airflowtut/py_env/lib/python3.10/site-packages/airflow/example_dags/example_trigger_target_dag.py took 0.124 seconds
[2024-08-09T19:45:08.592+0200] {processor.py:161} INFO - Started process (PID=18234) to work on /home/bvpelt/Develop/airflowtut/py_env/lib/python3.10/site-packages/airflow/example_dags/example_trigger_target_dag.py
[2024-08-09T19:45:08.592+0200] {processor.py:830} INFO - Processing file /home/bvpelt/Develop/airflowtut/py_env/lib/python3.10/site-packages/airflow/example_dags/example_trigger_target_dag.py for tasks to queue
[2024-08-09T19:45:08.593+0200] {logging_mixin.py:188} INFO - [2024-08-09T19:45:08.593+0200] {dagbag.py:545} INFO - Filling up the DagBag from /home/bvpelt/Develop/airflowtut/py_env/lib/python3.10/site-packages/airflow/example_dags/example_trigger_target_dag.py
[2024-08-09T19:45:08.596+0200] {processor.py:840} INFO - DAG(s) 'example_trigger_target_dag' retrieved from /home/bvpelt/Develop/airflowtut/py_env/lib/python3.10/site-packages/airflow/example_dags/example_trigger_target_dag.py
[2024-08-09T19:45:08.604+0200] {logging_mixin.py:188} INFO - [2024-08-09T19:45:08.604+0200] {dag.py:3089} INFO - Sync 1 DAGs
[2024-08-09T19:45:08.664+0200] {logging_mixin.py:188} INFO - [2024-08-09T19:45:08.664+0200] {dag.py:3947} INFO - Setting next_dagrun for example_trigger_target_dag to None, run_after=None
[2024-08-09T19:45:08.744+0200] {processor.py:183} INFO - Processing /home/bvpelt/Develop/airflowtut/py_env/lib/python3.10/site-packages/airflow/example_dags/example_trigger_target_dag.py took 0.156 seconds
[2024-08-09T19:46:16.972+0200] {processor.py:161} INFO - Started process (PID=18586) to work on /home/bvpelt/Develop/airflowtut/py_env/lib/python3.10/site-packages/airflow/example_dags/example_trigger_target_dag.py
[2024-08-09T19:46:16.979+0200] {processor.py:830} INFO - Processing file /home/bvpelt/Develop/airflowtut/py_env/lib/python3.10/site-packages/airflow/example_dags/example_trigger_target_dag.py for tasks to queue
[2024-08-09T19:46:16.980+0200] {logging_mixin.py:188} INFO - [2024-08-09T19:46:16.980+0200] {dagbag.py:545} INFO - Filling up the DagBag from /home/bvpelt/Develop/airflowtut/py_env/lib/python3.10/site-packages/airflow/example_dags/example_trigger_target_dag.py
[2024-08-09T19:46:16.984+0200] {processor.py:840} INFO - DAG(s) 'example_trigger_target_dag' retrieved from /home/bvpelt/Develop/airflowtut/py_env/lib/python3.10/site-packages/airflow/example_dags/example_trigger_target_dag.py
[2024-08-09T19:46:16.992+0200] {logging_mixin.py:188} INFO - [2024-08-09T19:46:16.992+0200] {dag.py:3089} INFO - Sync 1 DAGs
[2024-08-09T19:46:16.998+0200] {logging_mixin.py:188} INFO - [2024-08-09T19:46:16.998+0200] {dag.py:3947} INFO - Setting next_dagrun for example_trigger_target_dag to None, run_after=None
[2024-08-09T19:46:17.083+0200] {processor.py:183} INFO - Processing /home/bvpelt/Develop/airflowtut/py_env/lib/python3.10/site-packages/airflow/example_dags/example_trigger_target_dag.py took 0.114 seconds
[2024-08-09T19:46:58.972+0200] {processor.py:161} INFO - Started process (PID=18734) to work on /home/bvpelt/Develop/airflowtut/py_env/lib/python3.10/site-packages/airflow/example_dags/example_trigger_target_dag.py
[2024-08-09T19:46:59.036+0200] {processor.py:830} INFO - Processing file /home/bvpelt/Develop/airflowtut/py_env/lib/python3.10/site-packages/airflow/example_dags/example_trigger_target_dag.py for tasks to queue
[2024-08-09T19:46:59.040+0200] {logging_mixin.py:188} INFO - [2024-08-09T19:46:59.039+0200] {dagbag.py:545} INFO - Filling up the DagBag from /home/bvpelt/Develop/airflowtut/py_env/lib/python3.10/site-packages/airflow/example_dags/example_trigger_target_dag.py
[2024-08-09T19:46:59.056+0200] {processor.py:840} INFO - DAG(s) 'example_trigger_target_dag' retrieved from /home/bvpelt/Develop/airflowtut/py_env/lib/python3.10/site-packages/airflow/example_dags/example_trigger_target_dag.py
[2024-08-09T19:46:59.078+0200] {logging_mixin.py:188} INFO - [2024-08-09T19:46:59.078+0200] {dag.py:3089} INFO - Sync 1 DAGs
[2024-08-09T19:46:59.089+0200] {logging_mixin.py:188} INFO - [2024-08-09T19:46:59.088+0200] {dag.py:3947} INFO - Setting next_dagrun for example_trigger_target_dag to None, run_after=None
[2024-08-09T19:46:59.201+0200] {processor.py:183} INFO - Processing /home/bvpelt/Develop/airflowtut/py_env/lib/python3.10/site-packages/airflow/example_dags/example_trigger_target_dag.py took 0.244 seconds
[2024-08-09T19:47:48.803+0200] {processor.py:161} INFO - Started process (PID=19004) to work on /home/bvpelt/Develop/airflowtut/py_env/lib/python3.10/site-packages/airflow/example_dags/example_trigger_target_dag.py
[2024-08-09T19:47:48.819+0200] {processor.py:830} INFO - Processing file /home/bvpelt/Develop/airflowtut/py_env/lib/python3.10/site-packages/airflow/example_dags/example_trigger_target_dag.py for tasks to queue
[2024-08-09T19:47:48.821+0200] {logging_mixin.py:188} INFO - [2024-08-09T19:47:48.820+0200] {dagbag.py:545} INFO - Filling up the DagBag from /home/bvpelt/Develop/airflowtut/py_env/lib/python3.10/site-packages/airflow/example_dags/example_trigger_target_dag.py
[2024-08-09T19:47:48.825+0200] {processor.py:840} INFO - DAG(s) 'example_trigger_target_dag' retrieved from /home/bvpelt/Develop/airflowtut/py_env/lib/python3.10/site-packages/airflow/example_dags/example_trigger_target_dag.py
[2024-08-09T19:47:48.837+0200] {logging_mixin.py:188} INFO - [2024-08-09T19:47:48.837+0200] {dag.py:3089} INFO - Sync 1 DAGs
[2024-08-09T19:47:48.846+0200] {logging_mixin.py:188} INFO - [2024-08-09T19:47:48.846+0200] {dag.py:3947} INFO - Setting next_dagrun for example_trigger_target_dag to None, run_after=None
[2024-08-09T19:47:48.911+0200] {processor.py:183} INFO - Processing /home/bvpelt/Develop/airflowtut/py_env/lib/python3.10/site-packages/airflow/example_dags/example_trigger_target_dag.py took 0.112 seconds
[2024-08-09T19:48:39.831+0200] {processor.py:161} INFO - Started process (PID=19117) to work on /home/bvpelt/Develop/airflowtut/py_env/lib/python3.10/site-packages/airflow/example_dags/example_trigger_target_dag.py
[2024-08-09T19:48:39.859+0200] {processor.py:830} INFO - Processing file /home/bvpelt/Develop/airflowtut/py_env/lib/python3.10/site-packages/airflow/example_dags/example_trigger_target_dag.py for tasks to queue
[2024-08-09T19:48:39.860+0200] {logging_mixin.py:188} INFO - [2024-08-09T19:48:39.860+0200] {dagbag.py:545} INFO - Filling up the DagBag from /home/bvpelt/Develop/airflowtut/py_env/lib/python3.10/site-packages/airflow/example_dags/example_trigger_target_dag.py
[2024-08-09T19:48:39.864+0200] {processor.py:840} INFO - DAG(s) 'example_trigger_target_dag' retrieved from /home/bvpelt/Develop/airflowtut/py_env/lib/python3.10/site-packages/airflow/example_dags/example_trigger_target_dag.py
[2024-08-09T19:48:39.874+0200] {logging_mixin.py:188} INFO - [2024-08-09T19:48:39.874+0200] {dag.py:3089} INFO - Sync 1 DAGs
[2024-08-09T19:48:39.883+0200] {logging_mixin.py:188} INFO - [2024-08-09T19:48:39.882+0200] {dag.py:3947} INFO - Setting next_dagrun for example_trigger_target_dag to None, run_after=None
[2024-08-09T19:48:39.979+0200] {processor.py:183} INFO - Processing /home/bvpelt/Develop/airflowtut/py_env/lib/python3.10/site-packages/airflow/example_dags/example_trigger_target_dag.py took 0.151 seconds
[2024-08-09T19:49:28.842+0200] {processor.py:161} INFO - Started process (PID=19200) to work on /home/bvpelt/Develop/airflowtut/py_env/lib/python3.10/site-packages/airflow/example_dags/example_trigger_target_dag.py
[2024-08-09T19:49:28.843+0200] {processor.py:830} INFO - Processing file /home/bvpelt/Develop/airflowtut/py_env/lib/python3.10/site-packages/airflow/example_dags/example_trigger_target_dag.py for tasks to queue
[2024-08-09T19:49:28.843+0200] {logging_mixin.py:188} INFO - [2024-08-09T19:49:28.843+0200] {dagbag.py:545} INFO - Filling up the DagBag from /home/bvpelt/Develop/airflowtut/py_env/lib/python3.10/site-packages/airflow/example_dags/example_trigger_target_dag.py
[2024-08-09T19:49:28.847+0200] {processor.py:840} INFO - DAG(s) 'example_trigger_target_dag' retrieved from /home/bvpelt/Develop/airflowtut/py_env/lib/python3.10/site-packages/airflow/example_dags/example_trigger_target_dag.py
[2024-08-09T19:49:28.856+0200] {logging_mixin.py:188} INFO - [2024-08-09T19:49:28.856+0200] {dag.py:3089} INFO - Sync 1 DAGs
[2024-08-09T19:49:28.863+0200] {logging_mixin.py:188} INFO - [2024-08-09T19:49:28.863+0200] {dag.py:3947} INFO - Setting next_dagrun for example_trigger_target_dag to None, run_after=None
[2024-08-09T19:49:28.949+0200] {processor.py:183} INFO - Processing /home/bvpelt/Develop/airflowtut/py_env/lib/python3.10/site-packages/airflow/example_dags/example_trigger_target_dag.py took 0.110 seconds
[2024-08-09T19:50:22.433+0200] {processor.py:161} INFO - Started process (PID=19355) to work on /home/bvpelt/Develop/airflowtut/py_env/lib/python3.10/site-packages/airflow/example_dags/example_trigger_target_dag.py
[2024-08-09T19:50:22.455+0200] {processor.py:830} INFO - Processing file /home/bvpelt/Develop/airflowtut/py_env/lib/python3.10/site-packages/airflow/example_dags/example_trigger_target_dag.py for tasks to queue
[2024-08-09T19:50:22.456+0200] {logging_mixin.py:188} INFO - [2024-08-09T19:50:22.456+0200] {dagbag.py:545} INFO - Filling up the DagBag from /home/bvpelt/Develop/airflowtut/py_env/lib/python3.10/site-packages/airflow/example_dags/example_trigger_target_dag.py
[2024-08-09T19:50:22.460+0200] {processor.py:840} INFO - DAG(s) 'example_trigger_target_dag' retrieved from /home/bvpelt/Develop/airflowtut/py_env/lib/python3.10/site-packages/airflow/example_dags/example_trigger_target_dag.py
[2024-08-09T19:50:22.469+0200] {logging_mixin.py:188} INFO - [2024-08-09T19:50:22.468+0200] {dag.py:3089} INFO - Sync 1 DAGs
[2024-08-09T19:50:22.476+0200] {logging_mixin.py:188} INFO - [2024-08-09T19:50:22.476+0200] {dag.py:3947} INFO - Setting next_dagrun for example_trigger_target_dag to None, run_after=None
[2024-08-09T19:50:22.563+0200] {processor.py:183} INFO - Processing /home/bvpelt/Develop/airflowtut/py_env/lib/python3.10/site-packages/airflow/example_dags/example_trigger_target_dag.py took 0.133 seconds
[2024-08-09T19:51:13.701+0200] {processor.py:161} INFO - Started process (PID=19466) to work on /home/bvpelt/Develop/airflowtut/py_env/lib/python3.10/site-packages/airflow/example_dags/example_trigger_target_dag.py
[2024-08-09T19:51:13.708+0200] {processor.py:830} INFO - Processing file /home/bvpelt/Develop/airflowtut/py_env/lib/python3.10/site-packages/airflow/example_dags/example_trigger_target_dag.py for tasks to queue
[2024-08-09T19:51:13.709+0200] {logging_mixin.py:188} INFO - [2024-08-09T19:51:13.709+0200] {dagbag.py:545} INFO - Filling up the DagBag from /home/bvpelt/Develop/airflowtut/py_env/lib/python3.10/site-packages/airflow/example_dags/example_trigger_target_dag.py
[2024-08-09T19:51:13.713+0200] {processor.py:840} INFO - DAG(s) 'example_trigger_target_dag' retrieved from /home/bvpelt/Develop/airflowtut/py_env/lib/python3.10/site-packages/airflow/example_dags/example_trigger_target_dag.py
[2024-08-09T19:51:13.722+0200] {logging_mixin.py:188} INFO - [2024-08-09T19:51:13.721+0200] {dag.py:3089} INFO - Sync 1 DAGs
[2024-08-09T19:51:13.729+0200] {logging_mixin.py:188} INFO - [2024-08-09T19:51:13.729+0200] {dag.py:3947} INFO - Setting next_dagrun for example_trigger_target_dag to None, run_after=None
[2024-08-09T19:51:13.832+0200] {processor.py:183} INFO - Processing /home/bvpelt/Develop/airflowtut/py_env/lib/python3.10/site-packages/airflow/example_dags/example_trigger_target_dag.py took 0.134 seconds
[2024-08-09T19:52:21.906+0200] {processor.py:161} INFO - Started process (PID=19967) to work on /home/bvpelt/Develop/airflowtut/py_env/lib/python3.10/site-packages/airflow/example_dags/example_trigger_target_dag.py
[2024-08-09T19:52:21.925+0200] {processor.py:830} INFO - Processing file /home/bvpelt/Develop/airflowtut/py_env/lib/python3.10/site-packages/airflow/example_dags/example_trigger_target_dag.py for tasks to queue
[2024-08-09T19:52:21.928+0200] {logging_mixin.py:188} INFO - [2024-08-09T19:52:21.927+0200] {dagbag.py:545} INFO - Filling up the DagBag from /home/bvpelt/Develop/airflowtut/py_env/lib/python3.10/site-packages/airflow/example_dags/example_trigger_target_dag.py
[2024-08-09T19:52:21.944+0200] {processor.py:840} INFO - DAG(s) 'example_trigger_target_dag' retrieved from /home/bvpelt/Develop/airflowtut/py_env/lib/python3.10/site-packages/airflow/example_dags/example_trigger_target_dag.py
[2024-08-09T19:52:21.963+0200] {logging_mixin.py:188} INFO - [2024-08-09T19:52:21.963+0200] {dag.py:3089} INFO - Sync 1 DAGs
[2024-08-09T19:52:21.973+0200] {logging_mixin.py:188} INFO - [2024-08-09T19:52:21.973+0200] {dag.py:3947} INFO - Setting next_dagrun for example_trigger_target_dag to None, run_after=None
[2024-08-09T19:52:22.040+0200] {processor.py:183} INFO - Processing /home/bvpelt/Develop/airflowtut/py_env/lib/python3.10/site-packages/airflow/example_dags/example_trigger_target_dag.py took 0.149 seconds
[2024-08-09T19:53:08.533+0200] {processor.py:161} INFO - Started process (PID=20078) to work on /home/bvpelt/Develop/airflowtut/py_env/lib/python3.10/site-packages/airflow/example_dags/example_trigger_target_dag.py
[2024-08-09T19:53:08.533+0200] {processor.py:830} INFO - Processing file /home/bvpelt/Develop/airflowtut/py_env/lib/python3.10/site-packages/airflow/example_dags/example_trigger_target_dag.py for tasks to queue
[2024-08-09T19:53:08.534+0200] {logging_mixin.py:188} INFO - [2024-08-09T19:53:08.534+0200] {dagbag.py:545} INFO - Filling up the DagBag from /home/bvpelt/Develop/airflowtut/py_env/lib/python3.10/site-packages/airflow/example_dags/example_trigger_target_dag.py
[2024-08-09T19:53:08.537+0200] {processor.py:840} INFO - DAG(s) 'example_trigger_target_dag' retrieved from /home/bvpelt/Develop/airflowtut/py_env/lib/python3.10/site-packages/airflow/example_dags/example_trigger_target_dag.py
[2024-08-09T19:53:08.545+0200] {logging_mixin.py:188} INFO - [2024-08-09T19:53:08.545+0200] {dag.py:3089} INFO - Sync 1 DAGs
[2024-08-09T19:53:08.551+0200] {logging_mixin.py:188} INFO - [2024-08-09T19:53:08.551+0200] {dag.py:3947} INFO - Setting next_dagrun for example_trigger_target_dag to None, run_after=None
[2024-08-09T19:53:08.619+0200] {processor.py:183} INFO - Processing /home/bvpelt/Develop/airflowtut/py_env/lib/python3.10/site-packages/airflow/example_dags/example_trigger_target_dag.py took 0.090 seconds
[2024-08-09T19:54:01.844+0200] {processor.py:161} INFO - Started process (PID=20136) to work on /home/bvpelt/Develop/airflowtut/py_env/lib/python3.10/site-packages/airflow/example_dags/example_trigger_target_dag.py
[2024-08-09T19:54:01.857+0200] {processor.py:830} INFO - Processing file /home/bvpelt/Develop/airflowtut/py_env/lib/python3.10/site-packages/airflow/example_dags/example_trigger_target_dag.py for tasks to queue
[2024-08-09T19:54:01.858+0200] {logging_mixin.py:188} INFO - [2024-08-09T19:54:01.858+0200] {dagbag.py:545} INFO - Filling up the DagBag from /home/bvpelt/Develop/airflowtut/py_env/lib/python3.10/site-packages/airflow/example_dags/example_trigger_target_dag.py
[2024-08-09T19:54:01.862+0200] {processor.py:840} INFO - DAG(s) 'example_trigger_target_dag' retrieved from /home/bvpelt/Develop/airflowtut/py_env/lib/python3.10/site-packages/airflow/example_dags/example_trigger_target_dag.py
[2024-08-09T19:54:01.870+0200] {logging_mixin.py:188} INFO - [2024-08-09T19:54:01.870+0200] {dag.py:3089} INFO - Sync 1 DAGs
[2024-08-09T19:54:01.876+0200] {logging_mixin.py:188} INFO - [2024-08-09T19:54:01.876+0200] {dag.py:3947} INFO - Setting next_dagrun for example_trigger_target_dag to None, run_after=None
[2024-08-09T19:54:01.993+0200] {processor.py:183} INFO - Processing /home/bvpelt/Develop/airflowtut/py_env/lib/python3.10/site-packages/airflow/example_dags/example_trigger_target_dag.py took 0.152 seconds
[2024-08-09T19:54:55.522+0200] {processor.py:161} INFO - Started process (PID=20213) to work on /home/bvpelt/Develop/airflowtut/py_env/lib/python3.10/site-packages/airflow/example_dags/example_trigger_target_dag.py
[2024-08-09T19:54:55.591+0200] {processor.py:830} INFO - Processing file /home/bvpelt/Develop/airflowtut/py_env/lib/python3.10/site-packages/airflow/example_dags/example_trigger_target_dag.py for tasks to queue
[2024-08-09T19:54:55.595+0200] {logging_mixin.py:188} INFO - [2024-08-09T19:54:55.594+0200] {dagbag.py:545} INFO - Filling up the DagBag from /home/bvpelt/Develop/airflowtut/py_env/lib/python3.10/site-packages/airflow/example_dags/example_trigger_target_dag.py
[2024-08-09T19:54:55.599+0200] {processor.py:840} INFO - DAG(s) 'example_trigger_target_dag' retrieved from /home/bvpelt/Develop/airflowtut/py_env/lib/python3.10/site-packages/airflow/example_dags/example_trigger_target_dag.py
[2024-08-09T19:54:55.607+0200] {logging_mixin.py:188} INFO - [2024-08-09T19:54:55.607+0200] {dag.py:3089} INFO - Sync 1 DAGs
[2024-08-09T19:54:55.613+0200] {logging_mixin.py:188} INFO - [2024-08-09T19:54:55.613+0200] {dag.py:3947} INFO - Setting next_dagrun for example_trigger_target_dag to None, run_after=None
[2024-08-09T19:54:55.690+0200] {processor.py:183} INFO - Processing /home/bvpelt/Develop/airflowtut/py_env/lib/python3.10/site-packages/airflow/example_dags/example_trigger_target_dag.py took 0.171 seconds
[2024-08-09T19:55:44.069+0200] {processor.py:161} INFO - Started process (PID=20304) to work on /home/bvpelt/Develop/airflowtut/py_env/lib/python3.10/site-packages/airflow/example_dags/example_trigger_target_dag.py
[2024-08-09T19:55:44.087+0200] {processor.py:830} INFO - Processing file /home/bvpelt/Develop/airflowtut/py_env/lib/python3.10/site-packages/airflow/example_dags/example_trigger_target_dag.py for tasks to queue
[2024-08-09T19:55:44.088+0200] {logging_mixin.py:188} INFO - [2024-08-09T19:55:44.088+0200] {dagbag.py:545} INFO - Filling up the DagBag from /home/bvpelt/Develop/airflowtut/py_env/lib/python3.10/site-packages/airflow/example_dags/example_trigger_target_dag.py
[2024-08-09T19:55:44.092+0200] {processor.py:840} INFO - DAG(s) 'example_trigger_target_dag' retrieved from /home/bvpelt/Develop/airflowtut/py_env/lib/python3.10/site-packages/airflow/example_dags/example_trigger_target_dag.py
[2024-08-09T19:55:44.103+0200] {logging_mixin.py:188} INFO - [2024-08-09T19:55:44.103+0200] {dag.py:3089} INFO - Sync 1 DAGs
[2024-08-09T19:55:44.112+0200] {logging_mixin.py:188} INFO - [2024-08-09T19:55:44.111+0200] {dag.py:3947} INFO - Setting next_dagrun for example_trigger_target_dag to None, run_after=None
[2024-08-09T19:55:44.193+0200] {processor.py:183} INFO - Processing /home/bvpelt/Develop/airflowtut/py_env/lib/python3.10/site-packages/airflow/example_dags/example_trigger_target_dag.py took 0.127 seconds
[2024-08-09T19:56:30.096+0200] {processor.py:161} INFO - Started process (PID=20359) to work on /home/bvpelt/Develop/airflowtut/py_env/lib/python3.10/site-packages/airflow/example_dags/example_trigger_target_dag.py
[2024-08-09T19:56:30.096+0200] {processor.py:830} INFO - Processing file /home/bvpelt/Develop/airflowtut/py_env/lib/python3.10/site-packages/airflow/example_dags/example_trigger_target_dag.py for tasks to queue
[2024-08-09T19:56:30.097+0200] {logging_mixin.py:188} INFO - [2024-08-09T19:56:30.097+0200] {dagbag.py:545} INFO - Filling up the DagBag from /home/bvpelt/Develop/airflowtut/py_env/lib/python3.10/site-packages/airflow/example_dags/example_trigger_target_dag.py
[2024-08-09T19:56:30.102+0200] {processor.py:840} INFO - DAG(s) 'example_trigger_target_dag' retrieved from /home/bvpelt/Develop/airflowtut/py_env/lib/python3.10/site-packages/airflow/example_dags/example_trigger_target_dag.py
[2024-08-09T19:56:30.111+0200] {logging_mixin.py:188} INFO - [2024-08-09T19:56:30.111+0200] {dag.py:3089} INFO - Sync 1 DAGs
[2024-08-09T19:56:30.118+0200] {logging_mixin.py:188} INFO - [2024-08-09T19:56:30.118+0200] {dag.py:3947} INFO - Setting next_dagrun for example_trigger_target_dag to None, run_after=None
[2024-08-09T19:56:30.184+0200] {processor.py:183} INFO - Processing /home/bvpelt/Develop/airflowtut/py_env/lib/python3.10/site-packages/airflow/example_dags/example_trigger_target_dag.py took 0.093 seconds
[2024-08-09T19:57:22.159+0200] {processor.py:161} INFO - Started process (PID=20488) to work on /home/bvpelt/Develop/airflowtut/py_env/lib/python3.10/site-packages/airflow/example_dags/example_trigger_target_dag.py
[2024-08-09T19:57:22.253+0200] {processor.py:830} INFO - Processing file /home/bvpelt/Develop/airflowtut/py_env/lib/python3.10/site-packages/airflow/example_dags/example_trigger_target_dag.py for tasks to queue
[2024-08-09T19:57:22.257+0200] {logging_mixin.py:188} INFO - [2024-08-09T19:57:22.256+0200] {dagbag.py:545} INFO - Filling up the DagBag from /home/bvpelt/Develop/airflowtut/py_env/lib/python3.10/site-packages/airflow/example_dags/example_trigger_target_dag.py
[2024-08-09T19:57:22.261+0200] {processor.py:840} INFO - DAG(s) 'example_trigger_target_dag' retrieved from /home/bvpelt/Develop/airflowtut/py_env/lib/python3.10/site-packages/airflow/example_dags/example_trigger_target_dag.py
[2024-08-09T19:57:22.269+0200] {logging_mixin.py:188} INFO - [2024-08-09T19:57:22.269+0200] {dag.py:3089} INFO - Sync 1 DAGs
[2024-08-09T19:57:22.276+0200] {logging_mixin.py:188} INFO - [2024-08-09T19:57:22.275+0200] {dag.py:3947} INFO - Setting next_dagrun for example_trigger_target_dag to None, run_after=None
[2024-08-09T19:57:22.361+0200] {processor.py:183} INFO - Processing /home/bvpelt/Develop/airflowtut/py_env/lib/python3.10/site-packages/airflow/example_dags/example_trigger_target_dag.py took 0.205 seconds
[2024-08-09T19:58:13.429+0200] {processor.py:161} INFO - Started process (PID=20545) to work on /home/bvpelt/Develop/airflowtut/py_env/lib/python3.10/site-packages/airflow/example_dags/example_trigger_target_dag.py
[2024-08-09T19:58:13.440+0200] {processor.py:830} INFO - Processing file /home/bvpelt/Develop/airflowtut/py_env/lib/python3.10/site-packages/airflow/example_dags/example_trigger_target_dag.py for tasks to queue
[2024-08-09T19:58:13.441+0200] {logging_mixin.py:188} INFO - [2024-08-09T19:58:13.441+0200] {dagbag.py:545} INFO - Filling up the DagBag from /home/bvpelt/Develop/airflowtut/py_env/lib/python3.10/site-packages/airflow/example_dags/example_trigger_target_dag.py
[2024-08-09T19:58:13.444+0200] {processor.py:840} INFO - DAG(s) 'example_trigger_target_dag' retrieved from /home/bvpelt/Develop/airflowtut/py_env/lib/python3.10/site-packages/airflow/example_dags/example_trigger_target_dag.py
[2024-08-09T19:58:13.452+0200] {logging_mixin.py:188} INFO - [2024-08-09T19:58:13.452+0200] {dag.py:3089} INFO - Sync 1 DAGs
[2024-08-09T19:58:13.459+0200] {logging_mixin.py:188} INFO - [2024-08-09T19:58:13.459+0200] {dag.py:3947} INFO - Setting next_dagrun for example_trigger_target_dag to None, run_after=None
[2024-08-09T19:58:13.534+0200] {processor.py:183} INFO - Processing /home/bvpelt/Develop/airflowtut/py_env/lib/python3.10/site-packages/airflow/example_dags/example_trigger_target_dag.py took 0.108 seconds
[2024-08-09T19:59:10.959+0200] {processor.py:161} INFO - Started process (PID=20686) to work on /home/bvpelt/Develop/airflowtut/py_env/lib/python3.10/site-packages/airflow/example_dags/example_trigger_target_dag.py
[2024-08-09T19:59:10.959+0200] {processor.py:830} INFO - Processing file /home/bvpelt/Develop/airflowtut/py_env/lib/python3.10/site-packages/airflow/example_dags/example_trigger_target_dag.py for tasks to queue
[2024-08-09T19:59:10.960+0200] {logging_mixin.py:188} INFO - [2024-08-09T19:59:10.960+0200] {dagbag.py:545} INFO - Filling up the DagBag from /home/bvpelt/Develop/airflowtut/py_env/lib/python3.10/site-packages/airflow/example_dags/example_trigger_target_dag.py
[2024-08-09T19:59:10.963+0200] {processor.py:840} INFO - DAG(s) 'example_trigger_target_dag' retrieved from /home/bvpelt/Develop/airflowtut/py_env/lib/python3.10/site-packages/airflow/example_dags/example_trigger_target_dag.py
[2024-08-09T19:59:10.971+0200] {logging_mixin.py:188} INFO - [2024-08-09T19:59:10.971+0200] {dag.py:3089} INFO - Sync 1 DAGs
[2024-08-09T19:59:10.977+0200] {logging_mixin.py:188} INFO - [2024-08-09T19:59:10.977+0200] {dag.py:3947} INFO - Setting next_dagrun for example_trigger_target_dag to None, run_after=None
[2024-08-09T19:59:11.073+0200] {processor.py:183} INFO - Processing /home/bvpelt/Develop/airflowtut/py_env/lib/python3.10/site-packages/airflow/example_dags/example_trigger_target_dag.py took 0.117 seconds
[2024-08-09T20:00:04.304+0200] {processor.py:161} INFO - Started process (PID=20741) to work on /home/bvpelt/Develop/airflowtut/py_env/lib/python3.10/site-packages/airflow/example_dags/example_trigger_target_dag.py
[2024-08-09T20:00:04.305+0200] {processor.py:830} INFO - Processing file /home/bvpelt/Develop/airflowtut/py_env/lib/python3.10/site-packages/airflow/example_dags/example_trigger_target_dag.py for tasks to queue
[2024-08-09T20:00:04.306+0200] {logging_mixin.py:188} INFO - [2024-08-09T20:00:04.306+0200] {dagbag.py:545} INFO - Filling up the DagBag from /home/bvpelt/Develop/airflowtut/py_env/lib/python3.10/site-packages/airflow/example_dags/example_trigger_target_dag.py
[2024-08-09T20:00:04.309+0200] {processor.py:840} INFO - DAG(s) 'example_trigger_target_dag' retrieved from /home/bvpelt/Develop/airflowtut/py_env/lib/python3.10/site-packages/airflow/example_dags/example_trigger_target_dag.py
[2024-08-09T20:00:04.316+0200] {logging_mixin.py:188} INFO - [2024-08-09T20:00:04.316+0200] {dag.py:3089} INFO - Sync 1 DAGs
[2024-08-09T20:00:04.323+0200] {logging_mixin.py:188} INFO - [2024-08-09T20:00:04.323+0200] {dag.py:3947} INFO - Setting next_dagrun for example_trigger_target_dag to None, run_after=None
[2024-08-09T20:00:04.420+0200] {processor.py:183} INFO - Processing /home/bvpelt/Develop/airflowtut/py_env/lib/python3.10/site-packages/airflow/example_dags/example_trigger_target_dag.py took 0.119 seconds
[2024-08-09T20:00:54.394+0200] {processor.py:161} INFO - Started process (PID=20818) to work on /home/bvpelt/Develop/airflowtut/py_env/lib/python3.10/site-packages/airflow/example_dags/example_trigger_target_dag.py
[2024-08-09T20:00:54.399+0200] {processor.py:830} INFO - Processing file /home/bvpelt/Develop/airflowtut/py_env/lib/python3.10/site-packages/airflow/example_dags/example_trigger_target_dag.py for tasks to queue
[2024-08-09T20:00:54.400+0200] {logging_mixin.py:188} INFO - [2024-08-09T20:00:54.400+0200] {dagbag.py:545} INFO - Filling up the DagBag from /home/bvpelt/Develop/airflowtut/py_env/lib/python3.10/site-packages/airflow/example_dags/example_trigger_target_dag.py
[2024-08-09T20:00:54.403+0200] {processor.py:840} INFO - DAG(s) 'example_trigger_target_dag' retrieved from /home/bvpelt/Develop/airflowtut/py_env/lib/python3.10/site-packages/airflow/example_dags/example_trigger_target_dag.py
[2024-08-09T20:00:54.411+0200] {logging_mixin.py:188} INFO - [2024-08-09T20:00:54.411+0200] {dag.py:3089} INFO - Sync 1 DAGs
[2024-08-09T20:00:54.418+0200] {logging_mixin.py:188} INFO - [2024-08-09T20:00:54.418+0200] {dag.py:3947} INFO - Setting next_dagrun for example_trigger_target_dag to None, run_after=None
[2024-08-09T20:00:54.488+0200] {processor.py:183} INFO - Processing /home/bvpelt/Develop/airflowtut/py_env/lib/python3.10/site-packages/airflow/example_dags/example_trigger_target_dag.py took 0.097 seconds
[2024-08-09T20:01:44.451+0200] {processor.py:161} INFO - Started process (PID=20956) to work on /home/bvpelt/Develop/airflowtut/py_env/lib/python3.10/site-packages/airflow/example_dags/example_trigger_target_dag.py
[2024-08-09T20:01:44.453+0200] {processor.py:830} INFO - Processing file /home/bvpelt/Develop/airflowtut/py_env/lib/python3.10/site-packages/airflow/example_dags/example_trigger_target_dag.py for tasks to queue
[2024-08-09T20:01:44.453+0200] {logging_mixin.py:188} INFO - [2024-08-09T20:01:44.453+0200] {dagbag.py:545} INFO - Filling up the DagBag from /home/bvpelt/Develop/airflowtut/py_env/lib/python3.10/site-packages/airflow/example_dags/example_trigger_target_dag.py
[2024-08-09T20:01:44.457+0200] {processor.py:840} INFO - DAG(s) 'example_trigger_target_dag' retrieved from /home/bvpelt/Develop/airflowtut/py_env/lib/python3.10/site-packages/airflow/example_dags/example_trigger_target_dag.py
[2024-08-09T20:01:44.465+0200] {logging_mixin.py:188} INFO - [2024-08-09T20:01:44.464+0200] {dag.py:3089} INFO - Sync 1 DAGs
[2024-08-09T20:01:44.471+0200] {logging_mixin.py:188} INFO - [2024-08-09T20:01:44.471+0200] {dag.py:3947} INFO - Setting next_dagrun for example_trigger_target_dag to None, run_after=None
[2024-08-09T20:01:44.656+0200] {processor.py:183} INFO - Processing /home/bvpelt/Develop/airflowtut/py_env/lib/python3.10/site-packages/airflow/example_dags/example_trigger_target_dag.py took 0.207 seconds
[2024-08-09T20:02:35.566+0200] {processor.py:161} INFO - Started process (PID=21037) to work on /home/bvpelt/Develop/airflowtut/py_env/lib/python3.10/site-packages/airflow/example_dags/example_trigger_target_dag.py
[2024-08-09T20:02:35.573+0200] {processor.py:830} INFO - Processing file /home/bvpelt/Develop/airflowtut/py_env/lib/python3.10/site-packages/airflow/example_dags/example_trigger_target_dag.py for tasks to queue
[2024-08-09T20:02:35.573+0200] {logging_mixin.py:188} INFO - [2024-08-09T20:02:35.573+0200] {dagbag.py:545} INFO - Filling up the DagBag from /home/bvpelt/Develop/airflowtut/py_env/lib/python3.10/site-packages/airflow/example_dags/example_trigger_target_dag.py
[2024-08-09T20:02:35.577+0200] {processor.py:840} INFO - DAG(s) 'example_trigger_target_dag' retrieved from /home/bvpelt/Develop/airflowtut/py_env/lib/python3.10/site-packages/airflow/example_dags/example_trigger_target_dag.py
[2024-08-09T20:02:35.585+0200] {logging_mixin.py:188} INFO - [2024-08-09T20:02:35.585+0200] {dag.py:3089} INFO - Sync 1 DAGs
[2024-08-09T20:02:35.591+0200] {logging_mixin.py:188} INFO - [2024-08-09T20:02:35.591+0200] {dag.py:3947} INFO - Setting next_dagrun for example_trigger_target_dag to None, run_after=None
[2024-08-09T20:02:35.683+0200] {processor.py:183} INFO - Processing /home/bvpelt/Develop/airflowtut/py_env/lib/python3.10/site-packages/airflow/example_dags/example_trigger_target_dag.py took 0.119 seconds
[2024-08-09T20:03:35.548+0200] {processor.py:161} INFO - Started process (PID=21106) to work on /home/bvpelt/Develop/airflowtut/py_env/lib/python3.10/site-packages/airflow/example_dags/example_trigger_target_dag.py
[2024-08-09T20:03:35.549+0200] {processor.py:830} INFO - Processing file /home/bvpelt/Develop/airflowtut/py_env/lib/python3.10/site-packages/airflow/example_dags/example_trigger_target_dag.py for tasks to queue
[2024-08-09T20:03:35.549+0200] {logging_mixin.py:188} INFO - [2024-08-09T20:03:35.549+0200] {dagbag.py:545} INFO - Filling up the DagBag from /home/bvpelt/Develop/airflowtut/py_env/lib/python3.10/site-packages/airflow/example_dags/example_trigger_target_dag.py
[2024-08-09T20:03:35.552+0200] {processor.py:840} INFO - DAG(s) 'example_trigger_target_dag' retrieved from /home/bvpelt/Develop/airflowtut/py_env/lib/python3.10/site-packages/airflow/example_dags/example_trigger_target_dag.py
[2024-08-09T20:03:35.560+0200] {logging_mixin.py:188} INFO - [2024-08-09T20:03:35.560+0200] {dag.py:3089} INFO - Sync 1 DAGs
[2024-08-09T20:03:35.566+0200] {logging_mixin.py:188} INFO - [2024-08-09T20:03:35.566+0200] {dag.py:3947} INFO - Setting next_dagrun for example_trigger_target_dag to None, run_after=None
[2024-08-09T20:03:35.683+0200] {processor.py:183} INFO - Processing /home/bvpelt/Develop/airflowtut/py_env/lib/python3.10/site-packages/airflow/example_dags/example_trigger_target_dag.py took 0.138 seconds
[2024-08-09T20:04:28.010+0200] {processor.py:161} INFO - Started process (PID=21193) to work on /home/bvpelt/Develop/airflowtut/py_env/lib/python3.10/site-packages/airflow/example_dags/example_trigger_target_dag.py
[2024-08-09T20:04:28.011+0200] {processor.py:830} INFO - Processing file /home/bvpelt/Develop/airflowtut/py_env/lib/python3.10/site-packages/airflow/example_dags/example_trigger_target_dag.py for tasks to queue
[2024-08-09T20:04:28.012+0200] {logging_mixin.py:188} INFO - [2024-08-09T20:04:28.011+0200] {dagbag.py:545} INFO - Filling up the DagBag from /home/bvpelt/Develop/airflowtut/py_env/lib/python3.10/site-packages/airflow/example_dags/example_trigger_target_dag.py
[2024-08-09T20:04:28.015+0200] {processor.py:840} INFO - DAG(s) 'example_trigger_target_dag' retrieved from /home/bvpelt/Develop/airflowtut/py_env/lib/python3.10/site-packages/airflow/example_dags/example_trigger_target_dag.py
[2024-08-09T20:04:28.023+0200] {logging_mixin.py:188} INFO - [2024-08-09T20:04:28.023+0200] {dag.py:3089} INFO - Sync 1 DAGs
[2024-08-09T20:04:28.029+0200] {logging_mixin.py:188} INFO - [2024-08-09T20:04:28.029+0200] {dag.py:3947} INFO - Setting next_dagrun for example_trigger_target_dag to None, run_after=None
[2024-08-09T20:04:28.202+0200] {processor.py:183} INFO - Processing /home/bvpelt/Develop/airflowtut/py_env/lib/python3.10/site-packages/airflow/example_dags/example_trigger_target_dag.py took 0.195 seconds
[2024-08-09T20:05:18.726+0200] {processor.py:161} INFO - Started process (PID=21352) to work on /home/bvpelt/Develop/airflowtut/py_env/lib/python3.10/site-packages/airflow/example_dags/example_trigger_target_dag.py
[2024-08-09T20:05:18.756+0200] {processor.py:830} INFO - Processing file /home/bvpelt/Develop/airflowtut/py_env/lib/python3.10/site-packages/airflow/example_dags/example_trigger_target_dag.py for tasks to queue
[2024-08-09T20:05:18.758+0200] {logging_mixin.py:188} INFO - [2024-08-09T20:05:18.757+0200] {dagbag.py:545} INFO - Filling up the DagBag from /home/bvpelt/Develop/airflowtut/py_env/lib/python3.10/site-packages/airflow/example_dags/example_trigger_target_dag.py
[2024-08-09T20:05:18.763+0200] {processor.py:840} INFO - DAG(s) 'example_trigger_target_dag' retrieved from /home/bvpelt/Develop/airflowtut/py_env/lib/python3.10/site-packages/airflow/example_dags/example_trigger_target_dag.py
[2024-08-09T20:05:18.777+0200] {logging_mixin.py:188} INFO - [2024-08-09T20:05:18.777+0200] {dag.py:3089} INFO - Sync 1 DAGs
[2024-08-09T20:05:18.789+0200] {logging_mixin.py:188} INFO - [2024-08-09T20:05:18.789+0200] {dag.py:3947} INFO - Setting next_dagrun for example_trigger_target_dag to None, run_after=None
[2024-08-09T20:05:18.886+0200] {processor.py:183} INFO - Processing /home/bvpelt/Develop/airflowtut/py_env/lib/python3.10/site-packages/airflow/example_dags/example_trigger_target_dag.py took 0.163 seconds
[2024-08-09T20:06:17.572+0200] {processor.py:161} INFO - Started process (PID=21408) to work on /home/bvpelt/Develop/airflowtut/py_env/lib/python3.10/site-packages/airflow/example_dags/example_trigger_target_dag.py
[2024-08-09T20:06:17.572+0200] {processor.py:830} INFO - Processing file /home/bvpelt/Develop/airflowtut/py_env/lib/python3.10/site-packages/airflow/example_dags/example_trigger_target_dag.py for tasks to queue
[2024-08-09T20:06:17.573+0200] {logging_mixin.py:188} INFO - [2024-08-09T20:06:17.573+0200] {dagbag.py:545} INFO - Filling up the DagBag from /home/bvpelt/Develop/airflowtut/py_env/lib/python3.10/site-packages/airflow/example_dags/example_trigger_target_dag.py
[2024-08-09T20:06:17.576+0200] {processor.py:840} INFO - DAG(s) 'example_trigger_target_dag' retrieved from /home/bvpelt/Develop/airflowtut/py_env/lib/python3.10/site-packages/airflow/example_dags/example_trigger_target_dag.py
[2024-08-09T20:06:17.584+0200] {logging_mixin.py:188} INFO - [2024-08-09T20:06:17.584+0200] {dag.py:3089} INFO - Sync 1 DAGs
[2024-08-09T20:06:17.590+0200] {logging_mixin.py:188} INFO - [2024-08-09T20:06:17.590+0200] {dag.py:3947} INFO - Setting next_dagrun for example_trigger_target_dag to None, run_after=None
[2024-08-09T20:06:17.678+0200] {processor.py:183} INFO - Processing /home/bvpelt/Develop/airflowtut/py_env/lib/python3.10/site-packages/airflow/example_dags/example_trigger_target_dag.py took 0.109 seconds
[2024-08-09T20:07:10.470+0200] {processor.py:161} INFO - Started process (PID=21496) to work on /home/bvpelt/Develop/airflowtut/py_env/lib/python3.10/site-packages/airflow/example_dags/example_trigger_target_dag.py
[2024-08-09T20:07:10.484+0200] {processor.py:830} INFO - Processing file /home/bvpelt/Develop/airflowtut/py_env/lib/python3.10/site-packages/airflow/example_dags/example_trigger_target_dag.py for tasks to queue
[2024-08-09T20:07:10.485+0200] {logging_mixin.py:188} INFO - [2024-08-09T20:07:10.484+0200] {dagbag.py:545} INFO - Filling up the DagBag from /home/bvpelt/Develop/airflowtut/py_env/lib/python3.10/site-packages/airflow/example_dags/example_trigger_target_dag.py
[2024-08-09T20:07:10.489+0200] {processor.py:840} INFO - DAG(s) 'example_trigger_target_dag' retrieved from /home/bvpelt/Develop/airflowtut/py_env/lib/python3.10/site-packages/airflow/example_dags/example_trigger_target_dag.py
[2024-08-09T20:07:10.499+0200] {logging_mixin.py:188} INFO - [2024-08-09T20:07:10.499+0200] {dag.py:3089} INFO - Sync 1 DAGs
[2024-08-09T20:07:10.508+0200] {logging_mixin.py:188} INFO - [2024-08-09T20:07:10.508+0200] {dag.py:3947} INFO - Setting next_dagrun for example_trigger_target_dag to None, run_after=None
[2024-08-09T20:07:10.609+0200] {processor.py:183} INFO - Processing /home/bvpelt/Develop/airflowtut/py_env/lib/python3.10/site-packages/airflow/example_dags/example_trigger_target_dag.py took 0.142 seconds
[2024-08-09T20:08:02.367+0200] {processor.py:161} INFO - Started process (PID=21652) to work on /home/bvpelt/Develop/airflowtut/py_env/lib/python3.10/site-packages/airflow/example_dags/example_trigger_target_dag.py
[2024-08-09T20:08:02.379+0200] {processor.py:830} INFO - Processing file /home/bvpelt/Develop/airflowtut/py_env/lib/python3.10/site-packages/airflow/example_dags/example_trigger_target_dag.py for tasks to queue
[2024-08-09T20:08:02.380+0200] {logging_mixin.py:188} INFO - [2024-08-09T20:08:02.380+0200] {dagbag.py:545} INFO - Filling up the DagBag from /home/bvpelt/Develop/airflowtut/py_env/lib/python3.10/site-packages/airflow/example_dags/example_trigger_target_dag.py
[2024-08-09T20:08:02.384+0200] {processor.py:840} INFO - DAG(s) 'example_trigger_target_dag' retrieved from /home/bvpelt/Develop/airflowtut/py_env/lib/python3.10/site-packages/airflow/example_dags/example_trigger_target_dag.py
[2024-08-09T20:08:02.392+0200] {logging_mixin.py:188} INFO - [2024-08-09T20:08:02.391+0200] {dag.py:3089} INFO - Sync 1 DAGs
[2024-08-09T20:08:02.398+0200] {logging_mixin.py:188} INFO - [2024-08-09T20:08:02.398+0200] {dag.py:3947} INFO - Setting next_dagrun for example_trigger_target_dag to None, run_after=None
[2024-08-09T20:08:02.481+0200] {processor.py:183} INFO - Processing /home/bvpelt/Develop/airflowtut/py_env/lib/python3.10/site-packages/airflow/example_dags/example_trigger_target_dag.py took 0.117 seconds
[2024-08-09T20:08:53.188+0200] {processor.py:161} INFO - Started process (PID=21713) to work on /home/bvpelt/Develop/airflowtut/py_env/lib/python3.10/site-packages/airflow/example_dags/example_trigger_target_dag.py
[2024-08-09T20:08:53.193+0200] {processor.py:830} INFO - Processing file /home/bvpelt/Develop/airflowtut/py_env/lib/python3.10/site-packages/airflow/example_dags/example_trigger_target_dag.py for tasks to queue
[2024-08-09T20:08:53.194+0200] {logging_mixin.py:188} INFO - [2024-08-09T20:08:53.194+0200] {dagbag.py:545} INFO - Filling up the DagBag from /home/bvpelt/Develop/airflowtut/py_env/lib/python3.10/site-packages/airflow/example_dags/example_trigger_target_dag.py
[2024-08-09T20:08:53.197+0200] {processor.py:840} INFO - DAG(s) 'example_trigger_target_dag' retrieved from /home/bvpelt/Develop/airflowtut/py_env/lib/python3.10/site-packages/airflow/example_dags/example_trigger_target_dag.py
[2024-08-09T20:08:53.206+0200] {logging_mixin.py:188} INFO - [2024-08-09T20:08:53.206+0200] {dag.py:3089} INFO - Sync 1 DAGs
[2024-08-09T20:08:53.212+0200] {logging_mixin.py:188} INFO - [2024-08-09T20:08:53.212+0200] {dag.py:3947} INFO - Setting next_dagrun for example_trigger_target_dag to None, run_after=None
[2024-08-09T20:08:53.277+0200] {processor.py:183} INFO - Processing /home/bvpelt/Develop/airflowtut/py_env/lib/python3.10/site-packages/airflow/example_dags/example_trigger_target_dag.py took 0.092 seconds
[2024-08-09T20:09:45.259+0200] {processor.py:161} INFO - Started process (PID=21766) to work on /home/bvpelt/Develop/airflowtut/py_env/lib/python3.10/site-packages/airflow/example_dags/example_trigger_target_dag.py
[2024-08-09T20:09:45.260+0200] {processor.py:830} INFO - Processing file /home/bvpelt/Develop/airflowtut/py_env/lib/python3.10/site-packages/airflow/example_dags/example_trigger_target_dag.py for tasks to queue
[2024-08-09T20:09:45.261+0200] {logging_mixin.py:188} INFO - [2024-08-09T20:09:45.261+0200] {dagbag.py:545} INFO - Filling up the DagBag from /home/bvpelt/Develop/airflowtut/py_env/lib/python3.10/site-packages/airflow/example_dags/example_trigger_target_dag.py
[2024-08-09T20:09:45.264+0200] {processor.py:840} INFO - DAG(s) 'example_trigger_target_dag' retrieved from /home/bvpelt/Develop/airflowtut/py_env/lib/python3.10/site-packages/airflow/example_dags/example_trigger_target_dag.py
[2024-08-09T20:09:45.272+0200] {logging_mixin.py:188} INFO - [2024-08-09T20:09:45.272+0200] {dag.py:3089} INFO - Sync 1 DAGs
[2024-08-09T20:09:45.278+0200] {logging_mixin.py:188} INFO - [2024-08-09T20:09:45.278+0200] {dag.py:3947} INFO - Setting next_dagrun for example_trigger_target_dag to None, run_after=None
[2024-08-09T20:09:45.419+0200] {processor.py:183} INFO - Processing /home/bvpelt/Develop/airflowtut/py_env/lib/python3.10/site-packages/airflow/example_dags/example_trigger_target_dag.py took 0.162 seconds
[2024-08-09T20:10:34.425+0200] {processor.py:161} INFO - Started process (PID=21837) to work on /home/bvpelt/Develop/airflowtut/py_env/lib/python3.10/site-packages/airflow/example_dags/example_trigger_target_dag.py
[2024-08-09T20:10:34.426+0200] {processor.py:830} INFO - Processing file /home/bvpelt/Develop/airflowtut/py_env/lib/python3.10/site-packages/airflow/example_dags/example_trigger_target_dag.py for tasks to queue
[2024-08-09T20:10:34.427+0200] {logging_mixin.py:188} INFO - [2024-08-09T20:10:34.427+0200] {dagbag.py:545} INFO - Filling up the DagBag from /home/bvpelt/Develop/airflowtut/py_env/lib/python3.10/site-packages/airflow/example_dags/example_trigger_target_dag.py
[2024-08-09T20:10:34.430+0200] {processor.py:840} INFO - DAG(s) 'example_trigger_target_dag' retrieved from /home/bvpelt/Develop/airflowtut/py_env/lib/python3.10/site-packages/airflow/example_dags/example_trigger_target_dag.py
[2024-08-09T20:10:34.439+0200] {logging_mixin.py:188} INFO - [2024-08-09T20:10:34.439+0200] {dag.py:3089} INFO - Sync 1 DAGs
[2024-08-09T20:10:34.446+0200] {logging_mixin.py:188} INFO - [2024-08-09T20:10:34.446+0200] {dag.py:3947} INFO - Setting next_dagrun for example_trigger_target_dag to None, run_after=None
[2024-08-09T20:10:34.533+0200] {processor.py:183} INFO - Processing /home/bvpelt/Develop/airflowtut/py_env/lib/python3.10/site-packages/airflow/example_dags/example_trigger_target_dag.py took 0.110 seconds
[2024-08-09T20:11:25.402+0200] {processor.py:161} INFO - Started process (PID=21894) to work on /home/bvpelt/Develop/airflowtut/py_env/lib/python3.10/site-packages/airflow/example_dags/example_trigger_target_dag.py
[2024-08-09T20:11:25.413+0200] {processor.py:830} INFO - Processing file /home/bvpelt/Develop/airflowtut/py_env/lib/python3.10/site-packages/airflow/example_dags/example_trigger_target_dag.py for tasks to queue
[2024-08-09T20:11:25.414+0200] {logging_mixin.py:188} INFO - [2024-08-09T20:11:25.414+0200] {dagbag.py:545} INFO - Filling up the DagBag from /home/bvpelt/Develop/airflowtut/py_env/lib/python3.10/site-packages/airflow/example_dags/example_trigger_target_dag.py
[2024-08-09T20:11:25.417+0200] {processor.py:840} INFO - DAG(s) 'example_trigger_target_dag' retrieved from /home/bvpelt/Develop/airflowtut/py_env/lib/python3.10/site-packages/airflow/example_dags/example_trigger_target_dag.py
[2024-08-09T20:11:25.425+0200] {logging_mixin.py:188} INFO - [2024-08-09T20:11:25.425+0200] {dag.py:3089} INFO - Sync 1 DAGs
[2024-08-09T20:11:25.432+0200] {logging_mixin.py:188} INFO - [2024-08-09T20:11:25.432+0200] {dag.py:3947} INFO - Setting next_dagrun for example_trigger_target_dag to None, run_after=None
[2024-08-09T20:11:25.506+0200] {processor.py:183} INFO - Processing /home/bvpelt/Develop/airflowtut/py_env/lib/python3.10/site-packages/airflow/example_dags/example_trigger_target_dag.py took 0.107 seconds
[2024-08-09T20:12:14.372+0200] {processor.py:161} INFO - Started process (PID=21976) to work on /home/bvpelt/Develop/airflowtut/py_env/lib/python3.10/site-packages/airflow/example_dags/example_trigger_target_dag.py
[2024-08-09T20:12:14.406+0200] {processor.py:830} INFO - Processing file /home/bvpelt/Develop/airflowtut/py_env/lib/python3.10/site-packages/airflow/example_dags/example_trigger_target_dag.py for tasks to queue
[2024-08-09T20:12:14.407+0200] {logging_mixin.py:188} INFO - [2024-08-09T20:12:14.407+0200] {dagbag.py:545} INFO - Filling up the DagBag from /home/bvpelt/Develop/airflowtut/py_env/lib/python3.10/site-packages/airflow/example_dags/example_trigger_target_dag.py
[2024-08-09T20:12:14.411+0200] {processor.py:840} INFO - DAG(s) 'example_trigger_target_dag' retrieved from /home/bvpelt/Develop/airflowtut/py_env/lib/python3.10/site-packages/airflow/example_dags/example_trigger_target_dag.py
[2024-08-09T20:12:14.423+0200] {logging_mixin.py:188} INFO - [2024-08-09T20:12:14.423+0200] {dag.py:3089} INFO - Sync 1 DAGs
[2024-08-09T20:12:14.432+0200] {logging_mixin.py:188} INFO - [2024-08-09T20:12:14.432+0200] {dag.py:3947} INFO - Setting next_dagrun for example_trigger_target_dag to None, run_after=None
[2024-08-09T20:12:14.609+0200] {processor.py:183} INFO - Processing /home/bvpelt/Develop/airflowtut/py_env/lib/python3.10/site-packages/airflow/example_dags/example_trigger_target_dag.py took 0.241 seconds
[2024-08-09T20:13:05.145+0200] {processor.py:161} INFO - Started process (PID=22087) to work on /home/bvpelt/Develop/airflowtut/py_env/lib/python3.10/site-packages/airflow/example_dags/example_trigger_target_dag.py
[2024-08-09T20:13:05.146+0200] {processor.py:830} INFO - Processing file /home/bvpelt/Develop/airflowtut/py_env/lib/python3.10/site-packages/airflow/example_dags/example_trigger_target_dag.py for tasks to queue
[2024-08-09T20:13:05.147+0200] {logging_mixin.py:188} INFO - [2024-08-09T20:13:05.147+0200] {dagbag.py:545} INFO - Filling up the DagBag from /home/bvpelt/Develop/airflowtut/py_env/lib/python3.10/site-packages/airflow/example_dags/example_trigger_target_dag.py
[2024-08-09T20:13:05.152+0200] {processor.py:840} INFO - DAG(s) 'example_trigger_target_dag' retrieved from /home/bvpelt/Develop/airflowtut/py_env/lib/python3.10/site-packages/airflow/example_dags/example_trigger_target_dag.py
[2024-08-09T20:13:05.163+0200] {logging_mixin.py:188} INFO - [2024-08-09T20:13:05.163+0200] {dag.py:3089} INFO - Sync 1 DAGs
[2024-08-09T20:13:05.173+0200] {logging_mixin.py:188} INFO - [2024-08-09T20:13:05.173+0200] {dag.py:3947} INFO - Setting next_dagrun for example_trigger_target_dag to None, run_after=None
[2024-08-09T20:13:05.255+0200] {processor.py:183} INFO - Processing /home/bvpelt/Develop/airflowtut/py_env/lib/python3.10/site-packages/airflow/example_dags/example_trigger_target_dag.py took 0.113 seconds
[2024-08-09T20:14:03.331+0200] {processor.py:161} INFO - Started process (PID=22156) to work on /home/bvpelt/Develop/airflowtut/py_env/lib/python3.10/site-packages/airflow/example_dags/example_trigger_target_dag.py
[2024-08-09T20:14:03.331+0200] {processor.py:830} INFO - Processing file /home/bvpelt/Develop/airflowtut/py_env/lib/python3.10/site-packages/airflow/example_dags/example_trigger_target_dag.py for tasks to queue
[2024-08-09T20:14:03.332+0200] {logging_mixin.py:188} INFO - [2024-08-09T20:14:03.332+0200] {dagbag.py:545} INFO - Filling up the DagBag from /home/bvpelt/Develop/airflowtut/py_env/lib/python3.10/site-packages/airflow/example_dags/example_trigger_target_dag.py
[2024-08-09T20:14:03.335+0200] {processor.py:840} INFO - DAG(s) 'example_trigger_target_dag' retrieved from /home/bvpelt/Develop/airflowtut/py_env/lib/python3.10/site-packages/airflow/example_dags/example_trigger_target_dag.py
[2024-08-09T20:14:03.343+0200] {logging_mixin.py:188} INFO - [2024-08-09T20:14:03.343+0200] {dag.py:3089} INFO - Sync 1 DAGs
[2024-08-09T20:14:03.350+0200] {logging_mixin.py:188} INFO - [2024-08-09T20:14:03.350+0200] {dag.py:3947} INFO - Setting next_dagrun for example_trigger_target_dag to None, run_after=None
[2024-08-09T20:14:03.481+0200] {processor.py:183} INFO - Processing /home/bvpelt/Develop/airflowtut/py_env/lib/python3.10/site-packages/airflow/example_dags/example_trigger_target_dag.py took 0.153 seconds
[2024-08-09T20:14:49.471+0200] {processor.py:161} INFO - Started process (PID=22219) to work on /home/bvpelt/Develop/airflowtut/py_env/lib/python3.10/site-packages/airflow/example_dags/example_trigger_target_dag.py
[2024-08-09T20:14:49.472+0200] {processor.py:830} INFO - Processing file /home/bvpelt/Develop/airflowtut/py_env/lib/python3.10/site-packages/airflow/example_dags/example_trigger_target_dag.py for tasks to queue
[2024-08-09T20:14:49.473+0200] {logging_mixin.py:188} INFO - [2024-08-09T20:14:49.472+0200] {dagbag.py:545} INFO - Filling up the DagBag from /home/bvpelt/Develop/airflowtut/py_env/lib/python3.10/site-packages/airflow/example_dags/example_trigger_target_dag.py
[2024-08-09T20:14:49.476+0200] {processor.py:840} INFO - DAG(s) 'example_trigger_target_dag' retrieved from /home/bvpelt/Develop/airflowtut/py_env/lib/python3.10/site-packages/airflow/example_dags/example_trigger_target_dag.py
[2024-08-09T20:14:49.484+0200] {logging_mixin.py:188} INFO - [2024-08-09T20:14:49.484+0200] {dag.py:3089} INFO - Sync 1 DAGs
[2024-08-09T20:14:49.491+0200] {logging_mixin.py:188} INFO - [2024-08-09T20:14:49.491+0200] {dag.py:3947} INFO - Setting next_dagrun for example_trigger_target_dag to None, run_after=None
[2024-08-09T20:14:49.578+0200] {processor.py:183} INFO - Processing /home/bvpelt/Develop/airflowtut/py_env/lib/python3.10/site-packages/airflow/example_dags/example_trigger_target_dag.py took 0.109 seconds
[2024-08-09T20:15:39.349+0200] {processor.py:161} INFO - Started process (PID=22302) to work on /home/bvpelt/Develop/airflowtut/py_env/lib/python3.10/site-packages/airflow/example_dags/example_trigger_target_dag.py
[2024-08-09T20:15:39.349+0200] {processor.py:830} INFO - Processing file /home/bvpelt/Develop/airflowtut/py_env/lib/python3.10/site-packages/airflow/example_dags/example_trigger_target_dag.py for tasks to queue
[2024-08-09T20:15:39.350+0200] {logging_mixin.py:188} INFO - [2024-08-09T20:15:39.350+0200] {dagbag.py:545} INFO - Filling up the DagBag from /home/bvpelt/Develop/airflowtut/py_env/lib/python3.10/site-packages/airflow/example_dags/example_trigger_target_dag.py
[2024-08-09T20:15:39.353+0200] {processor.py:840} INFO - DAG(s) 'example_trigger_target_dag' retrieved from /home/bvpelt/Develop/airflowtut/py_env/lib/python3.10/site-packages/airflow/example_dags/example_trigger_target_dag.py
[2024-08-09T20:15:39.361+0200] {logging_mixin.py:188} INFO - [2024-08-09T20:15:39.361+0200] {dag.py:3089} INFO - Sync 1 DAGs
[2024-08-09T20:15:39.367+0200] {logging_mixin.py:188} INFO - [2024-08-09T20:15:39.367+0200] {dag.py:3947} INFO - Setting next_dagrun for example_trigger_target_dag to None, run_after=None
[2024-08-09T20:15:39.474+0200] {processor.py:183} INFO - Processing /home/bvpelt/Develop/airflowtut/py_env/lib/python3.10/site-packages/airflow/example_dags/example_trigger_target_dag.py took 0.128 seconds
[2024-08-09T20:16:25.335+0200] {processor.py:161} INFO - Started process (PID=22357) to work on /home/bvpelt/Develop/airflowtut/py_env/lib/python3.10/site-packages/airflow/example_dags/example_trigger_target_dag.py
[2024-08-09T20:16:25.335+0200] {processor.py:830} INFO - Processing file /home/bvpelt/Develop/airflowtut/py_env/lib/python3.10/site-packages/airflow/example_dags/example_trigger_target_dag.py for tasks to queue
[2024-08-09T20:16:25.336+0200] {logging_mixin.py:188} INFO - [2024-08-09T20:16:25.336+0200] {dagbag.py:545} INFO - Filling up the DagBag from /home/bvpelt/Develop/airflowtut/py_env/lib/python3.10/site-packages/airflow/example_dags/example_trigger_target_dag.py
[2024-08-09T20:16:25.339+0200] {processor.py:840} INFO - DAG(s) 'example_trigger_target_dag' retrieved from /home/bvpelt/Develop/airflowtut/py_env/lib/python3.10/site-packages/airflow/example_dags/example_trigger_target_dag.py
[2024-08-09T20:16:25.347+0200] {logging_mixin.py:188} INFO - [2024-08-09T20:16:25.347+0200] {dag.py:3089} INFO - Sync 1 DAGs
[2024-08-09T20:16:25.354+0200] {logging_mixin.py:188} INFO - [2024-08-09T20:16:25.354+0200] {dag.py:3947} INFO - Setting next_dagrun for example_trigger_target_dag to None, run_after=None
[2024-08-09T20:16:25.470+0200] {processor.py:183} INFO - Processing /home/bvpelt/Develop/airflowtut/py_env/lib/python3.10/site-packages/airflow/example_dags/example_trigger_target_dag.py took 0.138 seconds
