[2024-08-09T19:42:51.000+0200] {processor.py:161} INFO - Started process (PID=17672) to work on /home/bvpelt/Develop/airflowtut/py_env/lib/python3.10/site-packages/airflow/example_dags/example_short_circuit_operator.py
[2024-08-09T19:42:51.000+0200] {processor.py:830} INFO - Processing file /home/bvpelt/Develop/airflowtut/py_env/lib/python3.10/site-packages/airflow/example_dags/example_short_circuit_operator.py for tasks to queue
[2024-08-09T19:42:51.001+0200] {logging_mixin.py:188} INFO - [2024-08-09T19:42:51.001+0200] {dagbag.py:545} INFO - Filling up the DagBag from /home/bvpelt/Develop/airflowtut/py_env/lib/python3.10/site-packages/airflow/example_dags/example_short_circuit_operator.py
[2024-08-09T19:42:51.005+0200] {processor.py:840} INFO - DAG(s) 'example_short_circuit_operator' retrieved from /home/bvpelt/Develop/airflowtut/py_env/lib/python3.10/site-packages/airflow/example_dags/example_short_circuit_operator.py
[2024-08-09T19:42:51.282+0200] {logging_mixin.py:188} INFO - [2024-08-09T19:42:51.281+0200] {override.py:1858} INFO - Created Permission View: can edit on DAG:example_short_circuit_operator
[2024-08-09T19:42:51.373+0200] {logging_mixin.py:188} INFO - [2024-08-09T19:42:51.372+0200] {override.py:1858} INFO - Created Permission View: can read on DAG:example_short_circuit_operator
[2024-08-09T19:42:51.457+0200] {logging_mixin.py:188} INFO - [2024-08-09T19:42:51.456+0200] {override.py:1858} INFO - Created Permission View: can delete on DAG:example_short_circuit_operator
[2024-08-09T19:42:51.458+0200] {logging_mixin.py:188} INFO - [2024-08-09T19:42:51.458+0200] {dag.py:3089} INFO - Sync 1 DAGs
[2024-08-09T19:42:51.489+0200] {logging_mixin.py:188} INFO - [2024-08-09T19:42:51.488+0200] {dag.py:3111} INFO - Creating ORM DAG for example_short_circuit_operator
[2024-08-09T19:42:51.501+0200] {logging_mixin.py:188} INFO - [2024-08-09T19:42:51.501+0200] {dag.py:3947} INFO - Setting next_dagrun for example_short_circuit_operator to 2024-08-08 00:00:00+00:00, run_after=2024-08-09 00:00:00+00:00
[2024-08-09T19:42:51.633+0200] {processor.py:183} INFO - Processing /home/bvpelt/Develop/airflowtut/py_env/lib/python3.10/site-packages/airflow/example_dags/example_short_circuit_operator.py took 0.637 seconds
[2024-08-09T19:44:02.430+0200] {processor.py:161} INFO - Started process (PID=17897) to work on /home/bvpelt/Develop/airflowtut/py_env/lib/python3.10/site-packages/airflow/example_dags/example_short_circuit_operator.py
[2024-08-09T19:44:02.430+0200] {processor.py:830} INFO - Processing file /home/bvpelt/Develop/airflowtut/py_env/lib/python3.10/site-packages/airflow/example_dags/example_short_circuit_operator.py for tasks to queue
[2024-08-09T19:44:02.431+0200] {logging_mixin.py:188} INFO - [2024-08-09T19:44:02.431+0200] {dagbag.py:545} INFO - Filling up the DagBag from /home/bvpelt/Develop/airflowtut/py_env/lib/python3.10/site-packages/airflow/example_dags/example_short_circuit_operator.py
[2024-08-09T19:44:02.436+0200] {processor.py:840} INFO - DAG(s) 'example_short_circuit_operator' retrieved from /home/bvpelt/Develop/airflowtut/py_env/lib/python3.10/site-packages/airflow/example_dags/example_short_circuit_operator.py
[2024-08-09T19:44:02.446+0200] {logging_mixin.py:188} INFO - [2024-08-09T19:44:02.446+0200] {dag.py:3089} INFO - Sync 1 DAGs
[2024-08-09T19:44:02.458+0200] {logging_mixin.py:188} INFO - [2024-08-09T19:44:02.458+0200] {dag.py:3947} INFO - Setting next_dagrun for example_short_circuit_operator to 2024-08-08 00:00:00+00:00, run_after=2024-08-09 00:00:00+00:00
[2024-08-09T19:44:02.538+0200] {processor.py:183} INFO - Processing /home/bvpelt/Develop/airflowtut/py_env/lib/python3.10/site-packages/airflow/example_dags/example_short_circuit_operator.py took 0.112 seconds
[2024-08-09T19:44:58.267+0200] {processor.py:161} INFO - Started process (PID=18197) to work on /home/bvpelt/Develop/airflowtut/py_env/lib/python3.10/site-packages/airflow/example_dags/example_short_circuit_operator.py
[2024-08-09T19:44:58.268+0200] {processor.py:830} INFO - Processing file /home/bvpelt/Develop/airflowtut/py_env/lib/python3.10/site-packages/airflow/example_dags/example_short_circuit_operator.py for tasks to queue
[2024-08-09T19:44:58.269+0200] {logging_mixin.py:188} INFO - [2024-08-09T19:44:58.269+0200] {dagbag.py:545} INFO - Filling up the DagBag from /home/bvpelt/Develop/airflowtut/py_env/lib/python3.10/site-packages/airflow/example_dags/example_short_circuit_operator.py
[2024-08-09T19:44:58.273+0200] {processor.py:840} INFO - DAG(s) 'example_short_circuit_operator' retrieved from /home/bvpelt/Develop/airflowtut/py_env/lib/python3.10/site-packages/airflow/example_dags/example_short_circuit_operator.py
[2024-08-09T19:44:58.284+0200] {logging_mixin.py:188} INFO - [2024-08-09T19:44:58.284+0200] {dag.py:3089} INFO - Sync 1 DAGs
[2024-08-09T19:44:58.296+0200] {logging_mixin.py:188} INFO - [2024-08-09T19:44:58.296+0200] {dag.py:3947} INFO - Setting next_dagrun for example_short_circuit_operator to 2024-08-08 00:00:00+00:00, run_after=2024-08-09 00:00:00+00:00
[2024-08-09T19:44:58.428+0200] {processor.py:183} INFO - Processing /home/bvpelt/Develop/airflowtut/py_env/lib/python3.10/site-packages/airflow/example_dags/example_short_circuit_operator.py took 0.163 seconds
[2024-08-09T19:46:08.325+0200] {processor.py:161} INFO - Started process (PID=18549) to work on /home/bvpelt/Develop/airflowtut/py_env/lib/python3.10/site-packages/airflow/example_dags/example_short_circuit_operator.py
[2024-08-09T19:46:08.326+0200] {processor.py:830} INFO - Processing file /home/bvpelt/Develop/airflowtut/py_env/lib/python3.10/site-packages/airflow/example_dags/example_short_circuit_operator.py for tasks to queue
[2024-08-09T19:46:08.327+0200] {logging_mixin.py:188} INFO - [2024-08-09T19:46:08.327+0200] {dagbag.py:545} INFO - Filling up the DagBag from /home/bvpelt/Develop/airflowtut/py_env/lib/python3.10/site-packages/airflow/example_dags/example_short_circuit_operator.py
[2024-08-09T19:46:08.331+0200] {processor.py:840} INFO - DAG(s) 'example_short_circuit_operator' retrieved from /home/bvpelt/Develop/airflowtut/py_env/lib/python3.10/site-packages/airflow/example_dags/example_short_circuit_operator.py
[2024-08-09T19:46:08.342+0200] {logging_mixin.py:188} INFO - [2024-08-09T19:46:08.342+0200] {dag.py:3089} INFO - Sync 1 DAGs
[2024-08-09T19:46:08.354+0200] {logging_mixin.py:188} INFO - [2024-08-09T19:46:08.354+0200] {dag.py:3947} INFO - Setting next_dagrun for example_short_circuit_operator to 2024-08-08 00:00:00+00:00, run_after=2024-08-09 00:00:00+00:00
[2024-08-09T19:46:08.479+0200] {processor.py:183} INFO - Processing /home/bvpelt/Develop/airflowtut/py_env/lib/python3.10/site-packages/airflow/example_dags/example_short_circuit_operator.py took 0.157 seconds
[2024-08-09T19:47:14.374+0200] {processor.py:161} INFO - Started process (PID=18824) to work on /home/bvpelt/Develop/airflowtut/py_env/lib/python3.10/site-packages/airflow/example_dags/example_short_circuit_operator.py
[2024-08-09T19:47:14.390+0200] {processor.py:830} INFO - Processing file /home/bvpelt/Develop/airflowtut/py_env/lib/python3.10/site-packages/airflow/example_dags/example_short_circuit_operator.py for tasks to queue
[2024-08-09T19:47:14.391+0200] {logging_mixin.py:188} INFO - [2024-08-09T19:47:14.391+0200] {dagbag.py:545} INFO - Filling up the DagBag from /home/bvpelt/Develop/airflowtut/py_env/lib/python3.10/site-packages/airflow/example_dags/example_short_circuit_operator.py
[2024-08-09T19:47:14.396+0200] {processor.py:840} INFO - DAG(s) 'example_short_circuit_operator' retrieved from /home/bvpelt/Develop/airflowtut/py_env/lib/python3.10/site-packages/airflow/example_dags/example_short_circuit_operator.py
[2024-08-09T19:47:14.406+0200] {logging_mixin.py:188} INFO - [2024-08-09T19:47:14.406+0200] {dag.py:3089} INFO - Sync 1 DAGs
[2024-08-09T19:47:14.418+0200] {logging_mixin.py:188} INFO - [2024-08-09T19:47:14.418+0200] {dag.py:3947} INFO - Setting next_dagrun for example_short_circuit_operator to 2024-08-08 00:00:00+00:00, run_after=2024-08-09 00:00:00+00:00
[2024-08-09T19:47:14.612+0200] {processor.py:183} INFO - Processing /home/bvpelt/Develop/airflowtut/py_env/lib/python3.10/site-packages/airflow/example_dags/example_short_circuit_operator.py took 0.241 seconds
[2024-08-09T19:48:05.891+0200] {processor.py:161} INFO - Started process (PID=19023) to work on /home/bvpelt/Develop/airflowtut/py_env/lib/python3.10/site-packages/airflow/example_dags/example_short_circuit_operator.py
[2024-08-09T19:48:05.892+0200] {processor.py:830} INFO - Processing file /home/bvpelt/Develop/airflowtut/py_env/lib/python3.10/site-packages/airflow/example_dags/example_short_circuit_operator.py for tasks to queue
[2024-08-09T19:48:05.893+0200] {logging_mixin.py:188} INFO - [2024-08-09T19:48:05.893+0200] {dagbag.py:545} INFO - Filling up the DagBag from /home/bvpelt/Develop/airflowtut/py_env/lib/python3.10/site-packages/airflow/example_dags/example_short_circuit_operator.py
[2024-08-09T19:48:05.897+0200] {processor.py:840} INFO - DAG(s) 'example_short_circuit_operator' retrieved from /home/bvpelt/Develop/airflowtut/py_env/lib/python3.10/site-packages/airflow/example_dags/example_short_circuit_operator.py
[2024-08-09T19:48:05.907+0200] {logging_mixin.py:188} INFO - [2024-08-09T19:48:05.907+0200] {dag.py:3089} INFO - Sync 1 DAGs
[2024-08-09T19:48:05.917+0200] {logging_mixin.py:188} INFO - [2024-08-09T19:48:05.917+0200] {dag.py:3947} INFO - Setting next_dagrun for example_short_circuit_operator to 2024-08-08 00:00:00+00:00, run_after=2024-08-09 00:00:00+00:00
[2024-08-09T19:48:06.022+0200] {processor.py:183} INFO - Processing /home/bvpelt/Develop/airflowtut/py_env/lib/python3.10/site-packages/airflow/example_dags/example_short_circuit_operator.py took 0.134 seconds
[2024-08-09T19:48:55.910+0200] {processor.py:161} INFO - Started process (PID=19133) to work on /home/bvpelt/Develop/airflowtut/py_env/lib/python3.10/site-packages/airflow/example_dags/example_short_circuit_operator.py
[2024-08-09T19:48:55.910+0200] {processor.py:830} INFO - Processing file /home/bvpelt/Develop/airflowtut/py_env/lib/python3.10/site-packages/airflow/example_dags/example_short_circuit_operator.py for tasks to queue
[2024-08-09T19:48:55.911+0200] {logging_mixin.py:188} INFO - [2024-08-09T19:48:55.911+0200] {dagbag.py:545} INFO - Filling up the DagBag from /home/bvpelt/Develop/airflowtut/py_env/lib/python3.10/site-packages/airflow/example_dags/example_short_circuit_operator.py
[2024-08-09T19:48:55.916+0200] {processor.py:840} INFO - DAG(s) 'example_short_circuit_operator' retrieved from /home/bvpelt/Develop/airflowtut/py_env/lib/python3.10/site-packages/airflow/example_dags/example_short_circuit_operator.py
[2024-08-09T19:48:55.927+0200] {logging_mixin.py:188} INFO - [2024-08-09T19:48:55.927+0200] {dag.py:3089} INFO - Sync 1 DAGs
[2024-08-09T19:48:55.939+0200] {logging_mixin.py:188} INFO - [2024-08-09T19:48:55.938+0200] {dag.py:3947} INFO - Setting next_dagrun for example_short_circuit_operator to 2024-08-08 00:00:00+00:00, run_after=2024-08-09 00:00:00+00:00
[2024-08-09T19:48:56.023+0200] {processor.py:183} INFO - Processing /home/bvpelt/Develop/airflowtut/py_env/lib/python3.10/site-packages/airflow/example_dags/example_short_circuit_operator.py took 0.116 seconds
[2024-08-09T19:49:46.771+0200] {processor.py:161} INFO - Started process (PID=19252) to work on /home/bvpelt/Develop/airflowtut/py_env/lib/python3.10/site-packages/airflow/example_dags/example_short_circuit_operator.py
[2024-08-09T19:49:46.783+0200] {processor.py:830} INFO - Processing file /home/bvpelt/Develop/airflowtut/py_env/lib/python3.10/site-packages/airflow/example_dags/example_short_circuit_operator.py for tasks to queue
[2024-08-09T19:49:46.784+0200] {logging_mixin.py:188} INFO - [2024-08-09T19:49:46.784+0200] {dagbag.py:545} INFO - Filling up the DagBag from /home/bvpelt/Develop/airflowtut/py_env/lib/python3.10/site-packages/airflow/example_dags/example_short_circuit_operator.py
[2024-08-09T19:49:46.788+0200] {processor.py:840} INFO - DAG(s) 'example_short_circuit_operator' retrieved from /home/bvpelt/Develop/airflowtut/py_env/lib/python3.10/site-packages/airflow/example_dags/example_short_circuit_operator.py
[2024-08-09T19:49:46.800+0200] {logging_mixin.py:188} INFO - [2024-08-09T19:49:46.799+0200] {dag.py:3089} INFO - Sync 1 DAGs
[2024-08-09T19:49:46.812+0200] {logging_mixin.py:188} INFO - [2024-08-09T19:49:46.811+0200] {dag.py:3947} INFO - Setting next_dagrun for example_short_circuit_operator to 2024-08-08 00:00:00+00:00, run_after=2024-08-09 00:00:00+00:00
[2024-08-09T19:49:46.897+0200] {processor.py:183} INFO - Processing /home/bvpelt/Develop/airflowtut/py_env/lib/python3.10/site-packages/airflow/example_dags/example_short_circuit_operator.py took 0.129 seconds
[2024-08-09T19:50:40.412+0200] {processor.py:161} INFO - Started process (PID=19375) to work on /home/bvpelt/Develop/airflowtut/py_env/lib/python3.10/site-packages/airflow/example_dags/example_short_circuit_operator.py
[2024-08-09T19:50:40.412+0200] {processor.py:830} INFO - Processing file /home/bvpelt/Develop/airflowtut/py_env/lib/python3.10/site-packages/airflow/example_dags/example_short_circuit_operator.py for tasks to queue
[2024-08-09T19:50:40.413+0200] {logging_mixin.py:188} INFO - [2024-08-09T19:50:40.413+0200] {dagbag.py:545} INFO - Filling up the DagBag from /home/bvpelt/Develop/airflowtut/py_env/lib/python3.10/site-packages/airflow/example_dags/example_short_circuit_operator.py
[2024-08-09T19:50:40.417+0200] {processor.py:840} INFO - DAG(s) 'example_short_circuit_operator' retrieved from /home/bvpelt/Develop/airflowtut/py_env/lib/python3.10/site-packages/airflow/example_dags/example_short_circuit_operator.py
[2024-08-09T19:50:40.427+0200] {logging_mixin.py:188} INFO - [2024-08-09T19:50:40.427+0200] {dag.py:3089} INFO - Sync 1 DAGs
[2024-08-09T19:50:40.438+0200] {logging_mixin.py:188} INFO - [2024-08-09T19:50:40.437+0200] {dag.py:3947} INFO - Setting next_dagrun for example_short_circuit_operator to 2024-08-08 00:00:00+00:00, run_after=2024-08-09 00:00:00+00:00
[2024-08-09T19:50:40.535+0200] {processor.py:183} INFO - Processing /home/bvpelt/Develop/airflowtut/py_env/lib/python3.10/site-packages/airflow/example_dags/example_short_circuit_operator.py took 0.127 seconds
[2024-08-09T19:51:30.285+0200] {processor.py:161} INFO - Started process (PID=19534) to work on /home/bvpelt/Develop/airflowtut/py_env/lib/python3.10/site-packages/airflow/example_dags/example_short_circuit_operator.py
[2024-08-09T19:51:30.287+0200] {processor.py:830} INFO - Processing file /home/bvpelt/Develop/airflowtut/py_env/lib/python3.10/site-packages/airflow/example_dags/example_short_circuit_operator.py for tasks to queue
[2024-08-09T19:51:30.291+0200] {logging_mixin.py:188} INFO - [2024-08-09T19:51:30.290+0200] {dagbag.py:545} INFO - Filling up the DagBag from /home/bvpelt/Develop/airflowtut/py_env/lib/python3.10/site-packages/airflow/example_dags/example_short_circuit_operator.py
[2024-08-09T19:51:30.303+0200] {processor.py:840} INFO - DAG(s) 'example_short_circuit_operator' retrieved from /home/bvpelt/Develop/airflowtut/py_env/lib/python3.10/site-packages/airflow/example_dags/example_short_circuit_operator.py
[2024-08-09T19:51:30.319+0200] {logging_mixin.py:188} INFO - [2024-08-09T19:51:30.319+0200] {dag.py:3089} INFO - Sync 1 DAGs
[2024-08-09T19:51:30.333+0200] {logging_mixin.py:188} INFO - [2024-08-09T19:51:30.333+0200] {dag.py:3947} INFO - Setting next_dagrun for example_short_circuit_operator to 2024-08-08 00:00:00+00:00, run_after=2024-08-09 00:00:00+00:00
[2024-08-09T19:51:30.423+0200] {processor.py:183} INFO - Processing /home/bvpelt/Develop/airflowtut/py_env/lib/python3.10/site-packages/airflow/example_dags/example_short_circuit_operator.py took 0.154 seconds
[2024-08-09T19:52:48.739+0200] {processor.py:161} INFO - Started process (PID=20054) to work on /home/bvpelt/Develop/airflowtut/py_env/lib/python3.10/site-packages/airflow/example_dags/example_short_circuit_operator.py
[2024-08-09T19:52:48.740+0200] {processor.py:830} INFO - Processing file /home/bvpelt/Develop/airflowtut/py_env/lib/python3.10/site-packages/airflow/example_dags/example_short_circuit_operator.py for tasks to queue
[2024-08-09T19:52:48.743+0200] {logging_mixin.py:188} INFO - [2024-08-09T19:52:48.742+0200] {dagbag.py:545} INFO - Filling up the DagBag from /home/bvpelt/Develop/airflowtut/py_env/lib/python3.10/site-packages/airflow/example_dags/example_short_circuit_operator.py
[2024-08-09T19:52:48.753+0200] {processor.py:840} INFO - DAG(s) 'example_short_circuit_operator' retrieved from /home/bvpelt/Develop/airflowtut/py_env/lib/python3.10/site-packages/airflow/example_dags/example_short_circuit_operator.py
[2024-08-09T19:52:48.771+0200] {logging_mixin.py:188} INFO - [2024-08-09T19:52:48.771+0200] {dag.py:3089} INFO - Sync 1 DAGs
[2024-08-09T19:52:48.783+0200] {logging_mixin.py:188} INFO - [2024-08-09T19:52:48.783+0200] {dag.py:3947} INFO - Setting next_dagrun for example_short_circuit_operator to 2024-08-08 00:00:00+00:00, run_after=2024-08-09 00:00:00+00:00
[2024-08-09T19:52:48.865+0200] {processor.py:183} INFO - Processing /home/bvpelt/Develop/airflowtut/py_env/lib/python3.10/site-packages/airflow/example_dags/example_short_circuit_operator.py took 0.143 seconds
[2024-08-09T19:53:44.637+0200] {processor.py:161} INFO - Started process (PID=20117) to work on /home/bvpelt/Develop/airflowtut/py_env/lib/python3.10/site-packages/airflow/example_dags/example_short_circuit_operator.py
[2024-08-09T19:53:44.645+0200] {processor.py:830} INFO - Processing file /home/bvpelt/Develop/airflowtut/py_env/lib/python3.10/site-packages/airflow/example_dags/example_short_circuit_operator.py for tasks to queue
[2024-08-09T19:53:44.646+0200] {logging_mixin.py:188} INFO - [2024-08-09T19:53:44.645+0200] {dagbag.py:545} INFO - Filling up the DagBag from /home/bvpelt/Develop/airflowtut/py_env/lib/python3.10/site-packages/airflow/example_dags/example_short_circuit_operator.py
[2024-08-09T19:53:44.650+0200] {processor.py:840} INFO - DAG(s) 'example_short_circuit_operator' retrieved from /home/bvpelt/Develop/airflowtut/py_env/lib/python3.10/site-packages/airflow/example_dags/example_short_circuit_operator.py
[2024-08-09T19:53:44.660+0200] {logging_mixin.py:188} INFO - [2024-08-09T19:53:44.660+0200] {dag.py:3089} INFO - Sync 1 DAGs
[2024-08-09T19:53:44.671+0200] {logging_mixin.py:188} INFO - [2024-08-09T19:53:44.671+0200] {dag.py:3947} INFO - Setting next_dagrun for example_short_circuit_operator to 2024-08-08 00:00:00+00:00, run_after=2024-08-09 00:00:00+00:00
[2024-08-09T19:53:44.753+0200] {processor.py:183} INFO - Processing /home/bvpelt/Develop/airflowtut/py_env/lib/python3.10/site-packages/airflow/example_dags/example_short_circuit_operator.py took 0.119 seconds
[2024-08-09T19:54:37.445+0200] {processor.py:161} INFO - Started process (PID=20184) to work on /home/bvpelt/Develop/airflowtut/py_env/lib/python3.10/site-packages/airflow/example_dags/example_short_circuit_operator.py
[2024-08-09T19:54:37.445+0200] {processor.py:830} INFO - Processing file /home/bvpelt/Develop/airflowtut/py_env/lib/python3.10/site-packages/airflow/example_dags/example_short_circuit_operator.py for tasks to queue
[2024-08-09T19:54:37.446+0200] {logging_mixin.py:188} INFO - [2024-08-09T19:54:37.446+0200] {dagbag.py:545} INFO - Filling up the DagBag from /home/bvpelt/Develop/airflowtut/py_env/lib/python3.10/site-packages/airflow/example_dags/example_short_circuit_operator.py
[2024-08-09T19:54:37.450+0200] {processor.py:840} INFO - DAG(s) 'example_short_circuit_operator' retrieved from /home/bvpelt/Develop/airflowtut/py_env/lib/python3.10/site-packages/airflow/example_dags/example_short_circuit_operator.py
[2024-08-09T19:54:37.460+0200] {logging_mixin.py:188} INFO - [2024-08-09T19:54:37.460+0200] {dag.py:3089} INFO - Sync 1 DAGs
[2024-08-09T19:54:37.470+0200] {logging_mixin.py:188} INFO - [2024-08-09T19:54:37.470+0200] {dag.py:3947} INFO - Setting next_dagrun for example_short_circuit_operator to 2024-08-08 00:00:00+00:00, run_after=2024-08-09 00:00:00+00:00
[2024-08-09T19:54:37.549+0200] {processor.py:183} INFO - Processing /home/bvpelt/Develop/airflowtut/py_env/lib/python3.10/site-packages/airflow/example_dags/example_short_circuit_operator.py took 0.108 seconds
[2024-08-09T19:55:28.531+0200] {processor.py:161} INFO - Started process (PID=20280) to work on /home/bvpelt/Develop/airflowtut/py_env/lib/python3.10/site-packages/airflow/example_dags/example_short_circuit_operator.py
[2024-08-09T19:55:28.532+0200] {processor.py:830} INFO - Processing file /home/bvpelt/Develop/airflowtut/py_env/lib/python3.10/site-packages/airflow/example_dags/example_short_circuit_operator.py for tasks to queue
[2024-08-09T19:55:28.532+0200] {logging_mixin.py:188} INFO - [2024-08-09T19:55:28.532+0200] {dagbag.py:545} INFO - Filling up the DagBag from /home/bvpelt/Develop/airflowtut/py_env/lib/python3.10/site-packages/airflow/example_dags/example_short_circuit_operator.py
[2024-08-09T19:55:28.537+0200] {processor.py:840} INFO - DAG(s) 'example_short_circuit_operator' retrieved from /home/bvpelt/Develop/airflowtut/py_env/lib/python3.10/site-packages/airflow/example_dags/example_short_circuit_operator.py
[2024-08-09T19:55:28.547+0200] {logging_mixin.py:188} INFO - [2024-08-09T19:55:28.547+0200] {dag.py:3089} INFO - Sync 1 DAGs
[2024-08-09T19:55:28.558+0200] {logging_mixin.py:188} INFO - [2024-08-09T19:55:28.557+0200] {dag.py:3947} INFO - Setting next_dagrun for example_short_circuit_operator to 2024-08-08 00:00:00+00:00, run_after=2024-08-09 00:00:00+00:00
[2024-08-09T19:55:28.661+0200] {processor.py:183} INFO - Processing /home/bvpelt/Develop/airflowtut/py_env/lib/python3.10/site-packages/airflow/example_dags/example_short_circuit_operator.py took 0.133 seconds
[2024-08-09T19:56:15.363+0200] {processor.py:161} INFO - Started process (PID=20344) to work on /home/bvpelt/Develop/airflowtut/py_env/lib/python3.10/site-packages/airflow/example_dags/example_short_circuit_operator.py
[2024-08-09T19:56:15.363+0200] {processor.py:830} INFO - Processing file /home/bvpelt/Develop/airflowtut/py_env/lib/python3.10/site-packages/airflow/example_dags/example_short_circuit_operator.py for tasks to queue
[2024-08-09T19:56:15.364+0200] {logging_mixin.py:188} INFO - [2024-08-09T19:56:15.364+0200] {dagbag.py:545} INFO - Filling up the DagBag from /home/bvpelt/Develop/airflowtut/py_env/lib/python3.10/site-packages/airflow/example_dags/example_short_circuit_operator.py
[2024-08-09T19:56:15.369+0200] {processor.py:840} INFO - DAG(s) 'example_short_circuit_operator' retrieved from /home/bvpelt/Develop/airflowtut/py_env/lib/python3.10/site-packages/airflow/example_dags/example_short_circuit_operator.py
[2024-08-09T19:56:15.379+0200] {logging_mixin.py:188} INFO - [2024-08-09T19:56:15.379+0200] {dag.py:3089} INFO - Sync 1 DAGs
[2024-08-09T19:56:15.390+0200] {logging_mixin.py:188} INFO - [2024-08-09T19:56:15.390+0200] {dag.py:3947} INFO - Setting next_dagrun for example_short_circuit_operator to 2024-08-08 00:00:00+00:00, run_after=2024-08-09 00:00:00+00:00
[2024-08-09T19:56:15.483+0200] {processor.py:183} INFO - Processing /home/bvpelt/Develop/airflowtut/py_env/lib/python3.10/site-packages/airflow/example_dags/example_short_circuit_operator.py took 0.123 seconds
[2024-08-09T19:57:04.926+0200] {processor.py:161} INFO - Started process (PID=20397) to work on /home/bvpelt/Develop/airflowtut/py_env/lib/python3.10/site-packages/airflow/example_dags/example_short_circuit_operator.py
[2024-08-09T19:57:04.926+0200] {processor.py:830} INFO - Processing file /home/bvpelt/Develop/airflowtut/py_env/lib/python3.10/site-packages/airflow/example_dags/example_short_circuit_operator.py for tasks to queue
[2024-08-09T19:57:04.927+0200] {logging_mixin.py:188} INFO - [2024-08-09T19:57:04.927+0200] {dagbag.py:545} INFO - Filling up the DagBag from /home/bvpelt/Develop/airflowtut/py_env/lib/python3.10/site-packages/airflow/example_dags/example_short_circuit_operator.py
[2024-08-09T19:57:04.931+0200] {processor.py:840} INFO - DAG(s) 'example_short_circuit_operator' retrieved from /home/bvpelt/Develop/airflowtut/py_env/lib/python3.10/site-packages/airflow/example_dags/example_short_circuit_operator.py
[2024-08-09T19:57:04.942+0200] {logging_mixin.py:188} INFO - [2024-08-09T19:57:04.942+0200] {dag.py:3089} INFO - Sync 1 DAGs
[2024-08-09T19:57:04.952+0200] {logging_mixin.py:188} INFO - [2024-08-09T19:57:04.952+0200] {dag.py:3947} INFO - Setting next_dagrun for example_short_circuit_operator to 2024-08-08 00:00:00+00:00, run_after=2024-08-09 00:00:00+00:00
[2024-08-09T19:57:05.090+0200] {processor.py:183} INFO - Processing /home/bvpelt/Develop/airflowtut/py_env/lib/python3.10/site-packages/airflow/example_dags/example_short_circuit_operator.py took 0.167 seconds
[2024-08-09T19:57:56.419+0200] {processor.py:161} INFO - Started process (PID=20523) to work on /home/bvpelt/Develop/airflowtut/py_env/lib/python3.10/site-packages/airflow/example_dags/example_short_circuit_operator.py
[2024-08-09T19:57:56.431+0200] {processor.py:830} INFO - Processing file /home/bvpelt/Develop/airflowtut/py_env/lib/python3.10/site-packages/airflow/example_dags/example_short_circuit_operator.py for tasks to queue
[2024-08-09T19:57:56.432+0200] {logging_mixin.py:188} INFO - [2024-08-09T19:57:56.432+0200] {dagbag.py:545} INFO - Filling up the DagBag from /home/bvpelt/Develop/airflowtut/py_env/lib/python3.10/site-packages/airflow/example_dags/example_short_circuit_operator.py
[2024-08-09T19:57:56.437+0200] {processor.py:840} INFO - DAG(s) 'example_short_circuit_operator' retrieved from /home/bvpelt/Develop/airflowtut/py_env/lib/python3.10/site-packages/airflow/example_dags/example_short_circuit_operator.py
[2024-08-09T19:57:56.447+0200] {logging_mixin.py:188} INFO - [2024-08-09T19:57:56.447+0200] {dag.py:3089} INFO - Sync 1 DAGs
[2024-08-09T19:57:56.457+0200] {logging_mixin.py:188} INFO - [2024-08-09T19:57:56.457+0200] {dag.py:3947} INFO - Setting next_dagrun for example_short_circuit_operator to 2024-08-08 00:00:00+00:00, run_after=2024-08-09 00:00:00+00:00
[2024-08-09T19:57:56.550+0200] {processor.py:183} INFO - Processing /home/bvpelt/Develop/airflowtut/py_env/lib/python3.10/site-packages/airflow/example_dags/example_short_circuit_operator.py took 0.133 seconds
[2024-08-09T19:58:51.846+0200] {processor.py:161} INFO - Started process (PID=20667) to work on /home/bvpelt/Develop/airflowtut/py_env/lib/python3.10/site-packages/airflow/example_dags/example_short_circuit_operator.py
[2024-08-09T19:58:51.852+0200] {processor.py:830} INFO - Processing file /home/bvpelt/Develop/airflowtut/py_env/lib/python3.10/site-packages/airflow/example_dags/example_short_circuit_operator.py for tasks to queue
[2024-08-09T19:58:51.856+0200] {logging_mixin.py:188} INFO - [2024-08-09T19:58:51.855+0200] {dagbag.py:545} INFO - Filling up the DagBag from /home/bvpelt/Develop/airflowtut/py_env/lib/python3.10/site-packages/airflow/example_dags/example_short_circuit_operator.py
[2024-08-09T19:58:51.868+0200] {processor.py:840} INFO - DAG(s) 'example_short_circuit_operator' retrieved from /home/bvpelt/Develop/airflowtut/py_env/lib/python3.10/site-packages/airflow/example_dags/example_short_circuit_operator.py
[2024-08-09T19:58:51.886+0200] {logging_mixin.py:188} INFO - [2024-08-09T19:58:51.886+0200] {dag.py:3089} INFO - Sync 1 DAGs
[2024-08-09T19:58:51.898+0200] {logging_mixin.py:188} INFO - [2024-08-09T19:58:51.898+0200] {dag.py:3947} INFO - Setting next_dagrun for example_short_circuit_operator to 2024-08-08 00:00:00+00:00, run_after=2024-08-09 00:00:00+00:00
[2024-08-09T19:58:52.005+0200] {processor.py:183} INFO - Processing /home/bvpelt/Develop/airflowtut/py_env/lib/python3.10/site-packages/airflow/example_dags/example_short_circuit_operator.py took 0.174 seconds
[2024-08-09T19:59:48.526+0200] {processor.py:161} INFO - Started process (PID=20722) to work on /home/bvpelt/Develop/airflowtut/py_env/lib/python3.10/site-packages/airflow/example_dags/example_short_circuit_operator.py
[2024-08-09T19:59:48.549+0200] {processor.py:830} INFO - Processing file /home/bvpelt/Develop/airflowtut/py_env/lib/python3.10/site-packages/airflow/example_dags/example_short_circuit_operator.py for tasks to queue
[2024-08-09T19:59:48.550+0200] {logging_mixin.py:188} INFO - [2024-08-09T19:59:48.550+0200] {dagbag.py:545} INFO - Filling up the DagBag from /home/bvpelt/Develop/airflowtut/py_env/lib/python3.10/site-packages/airflow/example_dags/example_short_circuit_operator.py
[2024-08-09T19:59:48.556+0200] {processor.py:840} INFO - DAG(s) 'example_short_circuit_operator' retrieved from /home/bvpelt/Develop/airflowtut/py_env/lib/python3.10/site-packages/airflow/example_dags/example_short_circuit_operator.py
[2024-08-09T19:59:48.566+0200] {logging_mixin.py:188} INFO - [2024-08-09T19:59:48.566+0200] {dag.py:3089} INFO - Sync 1 DAGs
[2024-08-09T19:59:48.577+0200] {logging_mixin.py:188} INFO - [2024-08-09T19:59:48.577+0200] {dag.py:3947} INFO - Setting next_dagrun for example_short_circuit_operator to 2024-08-08 00:00:00+00:00, run_after=2024-08-09 00:00:00+00:00
[2024-08-09T19:59:48.650+0200] {processor.py:183} INFO - Processing /home/bvpelt/Develop/airflowtut/py_env/lib/python3.10/site-packages/airflow/example_dags/example_short_circuit_operator.py took 0.127 seconds
[2024-08-09T20:00:37.332+0200] {processor.py:161} INFO - Started process (PID=20798) to work on /home/bvpelt/Develop/airflowtut/py_env/lib/python3.10/site-packages/airflow/example_dags/example_short_circuit_operator.py
[2024-08-09T20:00:37.342+0200] {processor.py:830} INFO - Processing file /home/bvpelt/Develop/airflowtut/py_env/lib/python3.10/site-packages/airflow/example_dags/example_short_circuit_operator.py for tasks to queue
[2024-08-09T20:00:37.343+0200] {logging_mixin.py:188} INFO - [2024-08-09T20:00:37.343+0200] {dagbag.py:545} INFO - Filling up the DagBag from /home/bvpelt/Develop/airflowtut/py_env/lib/python3.10/site-packages/airflow/example_dags/example_short_circuit_operator.py
[2024-08-09T20:00:37.348+0200] {processor.py:840} INFO - DAG(s) 'example_short_circuit_operator' retrieved from /home/bvpelt/Develop/airflowtut/py_env/lib/python3.10/site-packages/airflow/example_dags/example_short_circuit_operator.py
[2024-08-09T20:00:37.358+0200] {logging_mixin.py:188} INFO - [2024-08-09T20:00:37.358+0200] {dag.py:3089} INFO - Sync 1 DAGs
[2024-08-09T20:00:37.369+0200] {logging_mixin.py:188} INFO - [2024-08-09T20:00:37.369+0200] {dag.py:3947} INFO - Setting next_dagrun for example_short_circuit_operator to 2024-08-08 00:00:00+00:00, run_after=2024-08-09 00:00:00+00:00
[2024-08-09T20:00:37.449+0200] {processor.py:183} INFO - Processing /home/bvpelt/Develop/airflowtut/py_env/lib/python3.10/site-packages/airflow/example_dags/example_short_circuit_operator.py took 0.120 seconds
[2024-08-09T20:01:28.373+0200] {processor.py:161} INFO - Started process (PID=20858) to work on /home/bvpelt/Develop/airflowtut/py_env/lib/python3.10/site-packages/airflow/example_dags/example_short_circuit_operator.py
[2024-08-09T20:01:28.423+0200] {processor.py:830} INFO - Processing file /home/bvpelt/Develop/airflowtut/py_env/lib/python3.10/site-packages/airflow/example_dags/example_short_circuit_operator.py for tasks to queue
[2024-08-09T20:01:28.425+0200] {logging_mixin.py:188} INFO - [2024-08-09T20:01:28.424+0200] {dagbag.py:545} INFO - Filling up the DagBag from /home/bvpelt/Develop/airflowtut/py_env/lib/python3.10/site-packages/airflow/example_dags/example_short_circuit_operator.py
[2024-08-09T20:01:28.431+0200] {processor.py:840} INFO - DAG(s) 'example_short_circuit_operator' retrieved from /home/bvpelt/Develop/airflowtut/py_env/lib/python3.10/site-packages/airflow/example_dags/example_short_circuit_operator.py
[2024-08-09T20:01:28.441+0200] {logging_mixin.py:188} INFO - [2024-08-09T20:01:28.441+0200] {dag.py:3089} INFO - Sync 1 DAGs
[2024-08-09T20:01:28.451+0200] {logging_mixin.py:188} INFO - [2024-08-09T20:01:28.451+0200] {dag.py:3947} INFO - Setting next_dagrun for example_short_circuit_operator to 2024-08-08 00:00:00+00:00, run_after=2024-08-09 00:00:00+00:00
[2024-08-09T20:01:28.517+0200] {processor.py:183} INFO - Processing /home/bvpelt/Develop/airflowtut/py_env/lib/python3.10/site-packages/airflow/example_dags/example_short_circuit_operator.py took 0.147 seconds
[2024-08-09T20:02:17.816+0200] {processor.py:161} INFO - Started process (PID=21015) to work on /home/bvpelt/Develop/airflowtut/py_env/lib/python3.10/site-packages/airflow/example_dags/example_short_circuit_operator.py
[2024-08-09T20:02:17.828+0200] {processor.py:830} INFO - Processing file /home/bvpelt/Develop/airflowtut/py_env/lib/python3.10/site-packages/airflow/example_dags/example_short_circuit_operator.py for tasks to queue
[2024-08-09T20:02:17.832+0200] {logging_mixin.py:188} INFO - [2024-08-09T20:02:17.831+0200] {dagbag.py:545} INFO - Filling up the DagBag from /home/bvpelt/Develop/airflowtut/py_env/lib/python3.10/site-packages/airflow/example_dags/example_short_circuit_operator.py
[2024-08-09T20:02:17.853+0200] {processor.py:840} INFO - DAG(s) 'example_short_circuit_operator' retrieved from /home/bvpelt/Develop/airflowtut/py_env/lib/python3.10/site-packages/airflow/example_dags/example_short_circuit_operator.py
[2024-08-09T20:02:17.877+0200] {logging_mixin.py:188} INFO - [2024-08-09T20:02:17.876+0200] {dag.py:3089} INFO - Sync 1 DAGs
[2024-08-09T20:02:17.893+0200] {logging_mixin.py:188} INFO - [2024-08-09T20:02:17.893+0200] {dag.py:3947} INFO - Setting next_dagrun for example_short_circuit_operator to 2024-08-08 00:00:00+00:00, run_after=2024-08-09 00:00:00+00:00
[2024-08-09T20:02:18.204+0200] {processor.py:183} INFO - Processing /home/bvpelt/Develop/airflowtut/py_env/lib/python3.10/site-packages/airflow/example_dags/example_short_circuit_operator.py took 0.390 seconds
[2024-08-09T20:03:14.802+0200] {processor.py:161} INFO - Started process (PID=21084) to work on /home/bvpelt/Develop/airflowtut/py_env/lib/python3.10/site-packages/airflow/example_dags/example_short_circuit_operator.py
[2024-08-09T20:03:14.803+0200] {processor.py:830} INFO - Processing file /home/bvpelt/Develop/airflowtut/py_env/lib/python3.10/site-packages/airflow/example_dags/example_short_circuit_operator.py for tasks to queue
[2024-08-09T20:03:14.804+0200] {logging_mixin.py:188} INFO - [2024-08-09T20:03:14.803+0200] {dagbag.py:545} INFO - Filling up the DagBag from /home/bvpelt/Develop/airflowtut/py_env/lib/python3.10/site-packages/airflow/example_dags/example_short_circuit_operator.py
[2024-08-09T20:03:14.808+0200] {processor.py:840} INFO - DAG(s) 'example_short_circuit_operator' retrieved from /home/bvpelt/Develop/airflowtut/py_env/lib/python3.10/site-packages/airflow/example_dags/example_short_circuit_operator.py
[2024-08-09T20:03:14.818+0200] {logging_mixin.py:188} INFO - [2024-08-09T20:03:14.818+0200] {dag.py:3089} INFO - Sync 1 DAGs
[2024-08-09T20:03:14.829+0200] {logging_mixin.py:188} INFO - [2024-08-09T20:03:14.828+0200] {dag.py:3947} INFO - Setting next_dagrun for example_short_circuit_operator to 2024-08-08 00:00:00+00:00, run_after=2024-08-09 00:00:00+00:00
[2024-08-09T20:03:14.921+0200] {processor.py:183} INFO - Processing /home/bvpelt/Develop/airflowtut/py_env/lib/python3.10/site-packages/airflow/example_dags/example_short_circuit_operator.py took 0.122 seconds
[2024-08-09T20:04:10.582+0200] {processor.py:161} INFO - Started process (PID=21141) to work on /home/bvpelt/Develop/airflowtut/py_env/lib/python3.10/site-packages/airflow/example_dags/example_short_circuit_operator.py
[2024-08-09T20:04:10.582+0200] {processor.py:830} INFO - Processing file /home/bvpelt/Develop/airflowtut/py_env/lib/python3.10/site-packages/airflow/example_dags/example_short_circuit_operator.py for tasks to queue
[2024-08-09T20:04:10.583+0200] {logging_mixin.py:188} INFO - [2024-08-09T20:04:10.583+0200] {dagbag.py:545} INFO - Filling up the DagBag from /home/bvpelt/Develop/airflowtut/py_env/lib/python3.10/site-packages/airflow/example_dags/example_short_circuit_operator.py
[2024-08-09T20:04:10.588+0200] {processor.py:840} INFO - DAG(s) 'example_short_circuit_operator' retrieved from /home/bvpelt/Develop/airflowtut/py_env/lib/python3.10/site-packages/airflow/example_dags/example_short_circuit_operator.py
[2024-08-09T20:04:10.598+0200] {logging_mixin.py:188} INFO - [2024-08-09T20:04:10.598+0200] {dag.py:3089} INFO - Sync 1 DAGs
[2024-08-09T20:04:10.609+0200] {logging_mixin.py:188} INFO - [2024-08-09T20:04:10.608+0200] {dag.py:3947} INFO - Setting next_dagrun for example_short_circuit_operator to 2024-08-08 00:00:00+00:00, run_after=2024-08-09 00:00:00+00:00
[2024-08-09T20:04:10.685+0200] {processor.py:183} INFO - Processing /home/bvpelt/Develop/airflowtut/py_env/lib/python3.10/site-packages/airflow/example_dags/example_short_circuit_operator.py took 0.107 seconds
[2024-08-09T20:05:01.374+0200] {processor.py:161} INFO - Started process (PID=21262) to work on /home/bvpelt/Develop/airflowtut/py_env/lib/python3.10/site-packages/airflow/example_dags/example_short_circuit_operator.py
[2024-08-09T20:05:01.375+0200] {processor.py:830} INFO - Processing file /home/bvpelt/Develop/airflowtut/py_env/lib/python3.10/site-packages/airflow/example_dags/example_short_circuit_operator.py for tasks to queue
[2024-08-09T20:05:01.375+0200] {logging_mixin.py:188} INFO - [2024-08-09T20:05:01.375+0200] {dagbag.py:545} INFO - Filling up the DagBag from /home/bvpelt/Develop/airflowtut/py_env/lib/python3.10/site-packages/airflow/example_dags/example_short_circuit_operator.py
[2024-08-09T20:05:01.380+0200] {processor.py:840} INFO - DAG(s) 'example_short_circuit_operator' retrieved from /home/bvpelt/Develop/airflowtut/py_env/lib/python3.10/site-packages/airflow/example_dags/example_short_circuit_operator.py
[2024-08-09T20:05:01.391+0200] {logging_mixin.py:188} INFO - [2024-08-09T20:05:01.391+0200] {dag.py:3089} INFO - Sync 1 DAGs
[2024-08-09T20:05:01.403+0200] {logging_mixin.py:188} INFO - [2024-08-09T20:05:01.403+0200] {dag.py:3947} INFO - Setting next_dagrun for example_short_circuit_operator to 2024-08-08 00:00:00+00:00, run_after=2024-08-09 00:00:00+00:00
[2024-08-09T20:05:01.483+0200] {processor.py:183} INFO - Processing /home/bvpelt/Develop/airflowtut/py_env/lib/python3.10/site-packages/airflow/example_dags/example_short_circuit_operator.py took 0.112 seconds
[2024-08-09T20:05:57.082+0200] {processor.py:161} INFO - Started process (PID=21385) to work on /home/bvpelt/Develop/airflowtut/py_env/lib/python3.10/site-packages/airflow/example_dags/example_short_circuit_operator.py
[2024-08-09T20:05:57.093+0200] {processor.py:830} INFO - Processing file /home/bvpelt/Develop/airflowtut/py_env/lib/python3.10/site-packages/airflow/example_dags/example_short_circuit_operator.py for tasks to queue
[2024-08-09T20:05:57.094+0200] {logging_mixin.py:188} INFO - [2024-08-09T20:05:57.094+0200] {dagbag.py:545} INFO - Filling up the DagBag from /home/bvpelt/Develop/airflowtut/py_env/lib/python3.10/site-packages/airflow/example_dags/example_short_circuit_operator.py
[2024-08-09T20:05:57.099+0200] {processor.py:840} INFO - DAG(s) 'example_short_circuit_operator' retrieved from /home/bvpelt/Develop/airflowtut/py_env/lib/python3.10/site-packages/airflow/example_dags/example_short_circuit_operator.py
[2024-08-09T20:05:57.110+0200] {logging_mixin.py:188} INFO - [2024-08-09T20:05:57.110+0200] {dag.py:3089} INFO - Sync 1 DAGs
[2024-08-09T20:05:57.121+0200] {logging_mixin.py:188} INFO - [2024-08-09T20:05:57.121+0200] {dag.py:3947} INFO - Setting next_dagrun for example_short_circuit_operator to 2024-08-08 00:00:00+00:00, run_after=2024-08-09 00:00:00+00:00
[2024-08-09T20:05:57.196+0200] {processor.py:183} INFO - Processing /home/bvpelt/Develop/airflowtut/py_env/lib/python3.10/site-packages/airflow/example_dags/example_short_circuit_operator.py took 0.117 seconds
[2024-08-09T20:06:52.902+0200] {processor.py:161} INFO - Started process (PID=21478) to work on /home/bvpelt/Develop/airflowtut/py_env/lib/python3.10/site-packages/airflow/example_dags/example_short_circuit_operator.py
[2024-08-09T20:06:52.915+0200] {processor.py:830} INFO - Processing file /home/bvpelt/Develop/airflowtut/py_env/lib/python3.10/site-packages/airflow/example_dags/example_short_circuit_operator.py for tasks to queue
[2024-08-09T20:06:52.916+0200] {logging_mixin.py:188} INFO - [2024-08-09T20:06:52.916+0200] {dagbag.py:545} INFO - Filling up the DagBag from /home/bvpelt/Develop/airflowtut/py_env/lib/python3.10/site-packages/airflow/example_dags/example_short_circuit_operator.py
[2024-08-09T20:06:52.921+0200] {processor.py:840} INFO - DAG(s) 'example_short_circuit_operator' retrieved from /home/bvpelt/Develop/airflowtut/py_env/lib/python3.10/site-packages/airflow/example_dags/example_short_circuit_operator.py
[2024-08-09T20:06:52.931+0200] {logging_mixin.py:188} INFO - [2024-08-09T20:06:52.931+0200] {dag.py:3089} INFO - Sync 1 DAGs
[2024-08-09T20:06:52.942+0200] {logging_mixin.py:188} INFO - [2024-08-09T20:06:52.941+0200] {dag.py:3947} INFO - Setting next_dagrun for example_short_circuit_operator to 2024-08-08 00:00:00+00:00, run_after=2024-08-09 00:00:00+00:00
[2024-08-09T20:06:53.035+0200] {processor.py:183} INFO - Processing /home/bvpelt/Develop/airflowtut/py_env/lib/python3.10/site-packages/airflow/example_dags/example_short_circuit_operator.py took 0.137 seconds
[2024-08-09T20:07:44.239+0200] {processor.py:161} INFO - Started process (PID=21612) to work on /home/bvpelt/Develop/airflowtut/py_env/lib/python3.10/site-packages/airflow/example_dags/example_short_circuit_operator.py
[2024-08-09T20:07:44.249+0200] {processor.py:830} INFO - Processing file /home/bvpelt/Develop/airflowtut/py_env/lib/python3.10/site-packages/airflow/example_dags/example_short_circuit_operator.py for tasks to queue
[2024-08-09T20:07:44.250+0200] {logging_mixin.py:188} INFO - [2024-08-09T20:07:44.250+0200] {dagbag.py:545} INFO - Filling up the DagBag from /home/bvpelt/Develop/airflowtut/py_env/lib/python3.10/site-packages/airflow/example_dags/example_short_circuit_operator.py
[2024-08-09T20:07:44.255+0200] {processor.py:840} INFO - DAG(s) 'example_short_circuit_operator' retrieved from /home/bvpelt/Develop/airflowtut/py_env/lib/python3.10/site-packages/airflow/example_dags/example_short_circuit_operator.py
[2024-08-09T20:07:44.265+0200] {logging_mixin.py:188} INFO - [2024-08-09T20:07:44.265+0200] {dag.py:3089} INFO - Sync 1 DAGs
[2024-08-09T20:07:44.276+0200] {logging_mixin.py:188} INFO - [2024-08-09T20:07:44.276+0200] {dag.py:3947} INFO - Setting next_dagrun for example_short_circuit_operator to 2024-08-08 00:00:00+00:00, run_after=2024-08-09 00:00:00+00:00
[2024-08-09T20:07:44.746+0200] {processor.py:183} INFO - Processing /home/bvpelt/Develop/airflowtut/py_env/lib/python3.10/site-packages/airflow/example_dags/example_short_circuit_operator.py took 0.511 seconds
[2024-08-09T20:08:35.392+0200] {processor.py:161} INFO - Started process (PID=21692) to work on /home/bvpelt/Develop/airflowtut/py_env/lib/python3.10/site-packages/airflow/example_dags/example_short_circuit_operator.py
[2024-08-09T20:08:35.392+0200] {processor.py:830} INFO - Processing file /home/bvpelt/Develop/airflowtut/py_env/lib/python3.10/site-packages/airflow/example_dags/example_short_circuit_operator.py for tasks to queue
[2024-08-09T20:08:35.393+0200] {logging_mixin.py:188} INFO - [2024-08-09T20:08:35.393+0200] {dagbag.py:545} INFO - Filling up the DagBag from /home/bvpelt/Develop/airflowtut/py_env/lib/python3.10/site-packages/airflow/example_dags/example_short_circuit_operator.py
[2024-08-09T20:08:35.397+0200] {processor.py:840} INFO - DAG(s) 'example_short_circuit_operator' retrieved from /home/bvpelt/Develop/airflowtut/py_env/lib/python3.10/site-packages/airflow/example_dags/example_short_circuit_operator.py
[2024-08-09T20:08:35.409+0200] {logging_mixin.py:188} INFO - [2024-08-09T20:08:35.409+0200] {dag.py:3089} INFO - Sync 1 DAGs
[2024-08-09T20:08:35.421+0200] {logging_mixin.py:188} INFO - [2024-08-09T20:08:35.420+0200] {dag.py:3947} INFO - Setting next_dagrun for example_short_circuit_operator to 2024-08-08 00:00:00+00:00, run_after=2024-08-09 00:00:00+00:00
[2024-08-09T20:08:35.483+0200] {processor.py:183} INFO - Processing /home/bvpelt/Develop/airflowtut/py_env/lib/python3.10/site-packages/airflow/example_dags/example_short_circuit_operator.py took 0.094 seconds
[2024-08-09T20:09:28.110+0200] {processor.py:161} INFO - Started process (PID=21748) to work on /home/bvpelt/Develop/airflowtut/py_env/lib/python3.10/site-packages/airflow/example_dags/example_short_circuit_operator.py
[2024-08-09T20:09:28.110+0200] {processor.py:830} INFO - Processing file /home/bvpelt/Develop/airflowtut/py_env/lib/python3.10/site-packages/airflow/example_dags/example_short_circuit_operator.py for tasks to queue
[2024-08-09T20:09:28.111+0200] {logging_mixin.py:188} INFO - [2024-08-09T20:09:28.111+0200] {dagbag.py:545} INFO - Filling up the DagBag from /home/bvpelt/Develop/airflowtut/py_env/lib/python3.10/site-packages/airflow/example_dags/example_short_circuit_operator.py
[2024-08-09T20:09:28.116+0200] {processor.py:840} INFO - DAG(s) 'example_short_circuit_operator' retrieved from /home/bvpelt/Develop/airflowtut/py_env/lib/python3.10/site-packages/airflow/example_dags/example_short_circuit_operator.py
[2024-08-09T20:09:28.126+0200] {logging_mixin.py:188} INFO - [2024-08-09T20:09:28.126+0200] {dag.py:3089} INFO - Sync 1 DAGs
[2024-08-09T20:09:28.137+0200] {logging_mixin.py:188} INFO - [2024-08-09T20:09:28.136+0200] {dag.py:3947} INFO - Setting next_dagrun for example_short_circuit_operator to 2024-08-08 00:00:00+00:00, run_after=2024-08-09 00:00:00+00:00
[2024-08-09T20:09:28.236+0200] {processor.py:183} INFO - Processing /home/bvpelt/Develop/airflowtut/py_env/lib/python3.10/site-packages/airflow/example_dags/example_short_circuit_operator.py took 0.130 seconds
[2024-08-09T20:10:16.808+0200] {processor.py:161} INFO - Started process (PID=21819) to work on /home/bvpelt/Develop/airflowtut/py_env/lib/python3.10/site-packages/airflow/example_dags/example_short_circuit_operator.py
[2024-08-09T20:10:16.809+0200] {processor.py:830} INFO - Processing file /home/bvpelt/Develop/airflowtut/py_env/lib/python3.10/site-packages/airflow/example_dags/example_short_circuit_operator.py for tasks to queue
[2024-08-09T20:10:16.809+0200] {logging_mixin.py:188} INFO - [2024-08-09T20:10:16.809+0200] {dagbag.py:545} INFO - Filling up the DagBag from /home/bvpelt/Develop/airflowtut/py_env/lib/python3.10/site-packages/airflow/example_dags/example_short_circuit_operator.py
[2024-08-09T20:10:16.814+0200] {processor.py:840} INFO - DAG(s) 'example_short_circuit_operator' retrieved from /home/bvpelt/Develop/airflowtut/py_env/lib/python3.10/site-packages/airflow/example_dags/example_short_circuit_operator.py
[2024-08-09T20:10:16.824+0200] {logging_mixin.py:188} INFO - [2024-08-09T20:10:16.823+0200] {dag.py:3089} INFO - Sync 1 DAGs
[2024-08-09T20:10:16.834+0200] {logging_mixin.py:188} INFO - [2024-08-09T20:10:16.834+0200] {dag.py:3947} INFO - Setting next_dagrun for example_short_circuit_operator to 2024-08-08 00:00:00+00:00, run_after=2024-08-09 00:00:00+00:00
[2024-08-09T20:10:16.933+0200] {processor.py:183} INFO - Processing /home/bvpelt/Develop/airflowtut/py_env/lib/python3.10/site-packages/airflow/example_dags/example_short_circuit_operator.py took 0.127 seconds
[2024-08-09T20:11:07.618+0200] {processor.py:161} INFO - Started process (PID=21875) to work on /home/bvpelt/Develop/airflowtut/py_env/lib/python3.10/site-packages/airflow/example_dags/example_short_circuit_operator.py
[2024-08-09T20:11:07.631+0200] {processor.py:830} INFO - Processing file /home/bvpelt/Develop/airflowtut/py_env/lib/python3.10/site-packages/airflow/example_dags/example_short_circuit_operator.py for tasks to queue
[2024-08-09T20:11:07.632+0200] {logging_mixin.py:188} INFO - [2024-08-09T20:11:07.632+0200] {dagbag.py:545} INFO - Filling up the DagBag from /home/bvpelt/Develop/airflowtut/py_env/lib/python3.10/site-packages/airflow/example_dags/example_short_circuit_operator.py
[2024-08-09T20:11:07.637+0200] {processor.py:840} INFO - DAG(s) 'example_short_circuit_operator' retrieved from /home/bvpelt/Develop/airflowtut/py_env/lib/python3.10/site-packages/airflow/example_dags/example_short_circuit_operator.py
[2024-08-09T20:11:07.647+0200] {logging_mixin.py:188} INFO - [2024-08-09T20:11:07.647+0200] {dag.py:3089} INFO - Sync 1 DAGs
[2024-08-09T20:11:07.657+0200] {logging_mixin.py:188} INFO - [2024-08-09T20:11:07.657+0200] {dag.py:3947} INFO - Setting next_dagrun for example_short_circuit_operator to 2024-08-08 00:00:00+00:00, run_after=2024-08-09 00:00:00+00:00
[2024-08-09T20:11:07.718+0200] {processor.py:183} INFO - Processing /home/bvpelt/Develop/airflowtut/py_env/lib/python3.10/site-packages/airflow/example_dags/example_short_circuit_operator.py took 0.103 seconds
[2024-08-09T20:11:57.387+0200] {processor.py:161} INFO - Started process (PID=21925) to work on /home/bvpelt/Develop/airflowtut/py_env/lib/python3.10/site-packages/airflow/example_dags/example_short_circuit_operator.py
[2024-08-09T20:11:57.387+0200] {processor.py:830} INFO - Processing file /home/bvpelt/Develop/airflowtut/py_env/lib/python3.10/site-packages/airflow/example_dags/example_short_circuit_operator.py for tasks to queue
[2024-08-09T20:11:57.388+0200] {logging_mixin.py:188} INFO - [2024-08-09T20:11:57.388+0200] {dagbag.py:545} INFO - Filling up the DagBag from /home/bvpelt/Develop/airflowtut/py_env/lib/python3.10/site-packages/airflow/example_dags/example_short_circuit_operator.py
[2024-08-09T20:11:57.392+0200] {processor.py:840} INFO - DAG(s) 'example_short_circuit_operator' retrieved from /home/bvpelt/Develop/airflowtut/py_env/lib/python3.10/site-packages/airflow/example_dags/example_short_circuit_operator.py
[2024-08-09T20:11:57.403+0200] {logging_mixin.py:188} INFO - [2024-08-09T20:11:57.402+0200] {dag.py:3089} INFO - Sync 1 DAGs
[2024-08-09T20:11:57.413+0200] {logging_mixin.py:188} INFO - [2024-08-09T20:11:57.413+0200] {dag.py:3947} INFO - Setting next_dagrun for example_short_circuit_operator to 2024-08-08 00:00:00+00:00, run_after=2024-08-09 00:00:00+00:00
[2024-08-09T20:11:57.508+0200] {processor.py:183} INFO - Processing /home/bvpelt/Develop/airflowtut/py_env/lib/python3.10/site-packages/airflow/example_dags/example_short_circuit_operator.py took 0.124 seconds
[2024-08-09T20:12:47.233+0200] {processor.py:161} INFO - Started process (PID=22036) to work on /home/bvpelt/Develop/airflowtut/py_env/lib/python3.10/site-packages/airflow/example_dags/example_short_circuit_operator.py
[2024-08-09T20:12:47.234+0200] {processor.py:830} INFO - Processing file /home/bvpelt/Develop/airflowtut/py_env/lib/python3.10/site-packages/airflow/example_dags/example_short_circuit_operator.py for tasks to queue
[2024-08-09T20:12:47.235+0200] {logging_mixin.py:188} INFO - [2024-08-09T20:12:47.235+0200] {dagbag.py:545} INFO - Filling up the DagBag from /home/bvpelt/Develop/airflowtut/py_env/lib/python3.10/site-packages/airflow/example_dags/example_short_circuit_operator.py
[2024-08-09T20:12:47.239+0200] {processor.py:840} INFO - DAG(s) 'example_short_circuit_operator' retrieved from /home/bvpelt/Develop/airflowtut/py_env/lib/python3.10/site-packages/airflow/example_dags/example_short_circuit_operator.py
[2024-08-09T20:12:47.249+0200] {logging_mixin.py:188} INFO - [2024-08-09T20:12:47.249+0200] {dag.py:3089} INFO - Sync 1 DAGs
[2024-08-09T20:12:47.260+0200] {logging_mixin.py:188} INFO - [2024-08-09T20:12:47.259+0200] {dag.py:3947} INFO - Setting next_dagrun for example_short_circuit_operator to 2024-08-08 00:00:00+00:00, run_after=2024-08-09 00:00:00+00:00
[2024-08-09T20:12:47.360+0200] {processor.py:183} INFO - Processing /home/bvpelt/Develop/airflowtut/py_env/lib/python3.10/site-packages/airflow/example_dags/example_short_circuit_operator.py took 0.130 seconds
[2024-08-09T20:13:41.686+0200] {processor.py:161} INFO - Started process (PID=22123) to work on /home/bvpelt/Develop/airflowtut/py_env/lib/python3.10/site-packages/airflow/example_dags/example_short_circuit_operator.py
[2024-08-09T20:13:41.687+0200] {processor.py:830} INFO - Processing file /home/bvpelt/Develop/airflowtut/py_env/lib/python3.10/site-packages/airflow/example_dags/example_short_circuit_operator.py for tasks to queue
[2024-08-09T20:13:41.688+0200] {logging_mixin.py:188} INFO - [2024-08-09T20:13:41.688+0200] {dagbag.py:545} INFO - Filling up the DagBag from /home/bvpelt/Develop/airflowtut/py_env/lib/python3.10/site-packages/airflow/example_dags/example_short_circuit_operator.py
[2024-08-09T20:13:41.692+0200] {processor.py:840} INFO - DAG(s) 'example_short_circuit_operator' retrieved from /home/bvpelt/Develop/airflowtut/py_env/lib/python3.10/site-packages/airflow/example_dags/example_short_circuit_operator.py
[2024-08-09T20:13:41.702+0200] {logging_mixin.py:188} INFO - [2024-08-09T20:13:41.702+0200] {dag.py:3089} INFO - Sync 1 DAGs
[2024-08-09T20:13:41.713+0200] {logging_mixin.py:188} INFO - [2024-08-09T20:13:41.713+0200] {dag.py:3947} INFO - Setting next_dagrun for example_short_circuit_operator to 2024-08-08 00:00:00+00:00, run_after=2024-08-09 00:00:00+00:00
[2024-08-09T20:13:41.801+0200] {processor.py:183} INFO - Processing /home/bvpelt/Develop/airflowtut/py_env/lib/python3.10/site-packages/airflow/example_dags/example_short_circuit_operator.py took 0.118 seconds
[2024-08-09T20:14:35.000+0200] {processor.py:161} INFO - Started process (PID=22203) to work on /home/bvpelt/Develop/airflowtut/py_env/lib/python3.10/site-packages/airflow/example_dags/example_short_circuit_operator.py
[2024-08-09T20:14:35.000+0200] {processor.py:830} INFO - Processing file /home/bvpelt/Develop/airflowtut/py_env/lib/python3.10/site-packages/airflow/example_dags/example_short_circuit_operator.py for tasks to queue
[2024-08-09T20:14:35.001+0200] {logging_mixin.py:188} INFO - [2024-08-09T20:14:35.001+0200] {dagbag.py:545} INFO - Filling up the DagBag from /home/bvpelt/Develop/airflowtut/py_env/lib/python3.10/site-packages/airflow/example_dags/example_short_circuit_operator.py
[2024-08-09T20:14:35.005+0200] {processor.py:840} INFO - DAG(s) 'example_short_circuit_operator' retrieved from /home/bvpelt/Develop/airflowtut/py_env/lib/python3.10/site-packages/airflow/example_dags/example_short_circuit_operator.py
[2024-08-09T20:14:35.016+0200] {logging_mixin.py:188} INFO - [2024-08-09T20:14:35.016+0200] {dag.py:3089} INFO - Sync 1 DAGs
[2024-08-09T20:14:35.027+0200] {logging_mixin.py:188} INFO - [2024-08-09T20:14:35.026+0200] {dag.py:3947} INFO - Setting next_dagrun for example_short_circuit_operator to 2024-08-08 00:00:00+00:00, run_after=2024-08-09 00:00:00+00:00
[2024-08-09T20:14:35.136+0200] {processor.py:183} INFO - Processing /home/bvpelt/Develop/airflowtut/py_env/lib/python3.10/site-packages/airflow/example_dags/example_short_circuit_operator.py took 0.140 seconds
[2024-08-09T20:15:20.698+0200] {processor.py:161} INFO - Started process (PID=22278) to work on /home/bvpelt/Develop/airflowtut/py_env/lib/python3.10/site-packages/airflow/example_dags/example_short_circuit_operator.py
[2024-08-09T20:15:20.699+0200] {processor.py:830} INFO - Processing file /home/bvpelt/Develop/airflowtut/py_env/lib/python3.10/site-packages/airflow/example_dags/example_short_circuit_operator.py for tasks to queue
[2024-08-09T20:15:20.700+0200] {logging_mixin.py:188} INFO - [2024-08-09T20:15:20.700+0200] {dagbag.py:545} INFO - Filling up the DagBag from /home/bvpelt/Develop/airflowtut/py_env/lib/python3.10/site-packages/airflow/example_dags/example_short_circuit_operator.py
[2024-08-09T20:15:20.706+0200] {processor.py:840} INFO - DAG(s) 'example_short_circuit_operator' retrieved from /home/bvpelt/Develop/airflowtut/py_env/lib/python3.10/site-packages/airflow/example_dags/example_short_circuit_operator.py
[2024-08-09T20:15:20.717+0200] {logging_mixin.py:188} INFO - [2024-08-09T20:15:20.716+0200] {dag.py:3089} INFO - Sync 1 DAGs
[2024-08-09T20:15:20.727+0200] {logging_mixin.py:188} INFO - [2024-08-09T20:15:20.727+0200] {dag.py:3947} INFO - Setting next_dagrun for example_short_circuit_operator to 2024-08-08 00:00:00+00:00, run_after=2024-08-09 00:00:00+00:00
[2024-08-09T20:15:20.826+0200] {processor.py:183} INFO - Processing /home/bvpelt/Develop/airflowtut/py_env/lib/python3.10/site-packages/airflow/example_dags/example_short_circuit_operator.py took 0.131 seconds
[2024-08-09T20:16:10.983+0200] {processor.py:161} INFO - Started process (PID=22336) to work on /home/bvpelt/Develop/airflowtut/py_env/lib/python3.10/site-packages/airflow/example_dags/example_short_circuit_operator.py
[2024-08-09T20:16:10.985+0200] {processor.py:830} INFO - Processing file /home/bvpelt/Develop/airflowtut/py_env/lib/python3.10/site-packages/airflow/example_dags/example_short_circuit_operator.py for tasks to queue
[2024-08-09T20:16:10.989+0200] {logging_mixin.py:188} INFO - [2024-08-09T20:16:10.988+0200] {dagbag.py:545} INFO - Filling up the DagBag from /home/bvpelt/Develop/airflowtut/py_env/lib/python3.10/site-packages/airflow/example_dags/example_short_circuit_operator.py
[2024-08-09T20:16:11.001+0200] {processor.py:840} INFO - DAG(s) 'example_short_circuit_operator' retrieved from /home/bvpelt/Develop/airflowtut/py_env/lib/python3.10/site-packages/airflow/example_dags/example_short_circuit_operator.py
[2024-08-09T20:16:11.013+0200] {logging_mixin.py:188} INFO - [2024-08-09T20:16:11.013+0200] {dag.py:3089} INFO - Sync 1 DAGs
[2024-08-09T20:16:11.024+0200] {logging_mixin.py:188} INFO - [2024-08-09T20:16:11.024+0200] {dag.py:3947} INFO - Setting next_dagrun for example_short_circuit_operator to 2024-08-08 00:00:00+00:00, run_after=2024-08-09 00:00:00+00:00
[2024-08-09T20:16:11.116+0200] {processor.py:183} INFO - Processing /home/bvpelt/Develop/airflowtut/py_env/lib/python3.10/site-packages/airflow/example_dags/example_short_circuit_operator.py took 0.149 seconds
