[2024-08-09T19:43:37.358+0200] {processor.py:161} INFO - Started process (PID=17796) to work on /home/bvpelt/Develop/airflowtut/py_env/lib/python3.10/site-packages/airflow/example_dags/example_latest_only_with_trigger.py
[2024-08-09T19:43:37.359+0200] {processor.py:830} INFO - Processing file /home/bvpelt/Develop/airflowtut/py_env/lib/python3.10/site-packages/airflow/example_dags/example_latest_only_with_trigger.py for tasks to queue
[2024-08-09T19:43:37.363+0200] {logging_mixin.py:188} INFO - [2024-08-09T19:43:37.362+0200] {dagbag.py:545} INFO - Filling up the DagBag from /home/bvpelt/Develop/airflowtut/py_env/lib/python3.10/site-packages/airflow/example_dags/example_latest_only_with_trigger.py
[2024-08-09T19:43:37.375+0200] {processor.py:840} INFO - DAG(s) 'latest_only_with_trigger' retrieved from /home/bvpelt/Develop/airflowtut/py_env/lib/python3.10/site-packages/airflow/example_dags/example_latest_only_with_trigger.py
[2024-08-09T19:43:37.639+0200] {logging_mixin.py:188} INFO - [2024-08-09T19:43:37.637+0200] {override.py:1858} INFO - Created Permission View: can edit on DAG:latest_only_with_trigger
[2024-08-09T19:43:37.738+0200] {logging_mixin.py:188} INFO - [2024-08-09T19:43:37.737+0200] {override.py:1858} INFO - Created Permission View: can read on DAG:latest_only_with_trigger
[2024-08-09T19:43:37.813+0200] {logging_mixin.py:188} INFO - [2024-08-09T19:43:37.812+0200] {override.py:1858} INFO - Created Permission View: can delete on DAG:latest_only_with_trigger
[2024-08-09T19:43:37.814+0200] {logging_mixin.py:188} INFO - [2024-08-09T19:43:37.814+0200] {dag.py:3089} INFO - Sync 1 DAGs
[2024-08-09T19:43:37.824+0200] {logging_mixin.py:188} INFO - [2024-08-09T19:43:37.824+0200] {dag.py:3111} INFO - Creating ORM DAG for latest_only_with_trigger
[2024-08-09T19:43:37.878+0200] {logging_mixin.py:188} INFO - [2024-08-09T19:43:37.878+0200] {dag.py:3947} INFO - Setting next_dagrun for latest_only_with_trigger to 2024-08-09 12:00:00+00:00, run_after=2024-08-09 16:00:00+00:00
[2024-08-09T19:43:38.012+0200] {processor.py:183} INFO - Processing /home/bvpelt/Develop/airflowtut/py_env/lib/python3.10/site-packages/airflow/example_dags/example_latest_only_with_trigger.py took 0.669 seconds
[2024-08-09T19:44:39.522+0200] {processor.py:161} INFO - Started process (PID=18112) to work on /home/bvpelt/Develop/airflowtut/py_env/lib/python3.10/site-packages/airflow/example_dags/example_latest_only_with_trigger.py
[2024-08-09T19:44:39.523+0200] {processor.py:830} INFO - Processing file /home/bvpelt/Develop/airflowtut/py_env/lib/python3.10/site-packages/airflow/example_dags/example_latest_only_with_trigger.py for tasks to queue
[2024-08-09T19:44:39.524+0200] {logging_mixin.py:188} INFO - [2024-08-09T19:44:39.523+0200] {dagbag.py:545} INFO - Filling up the DagBag from /home/bvpelt/Develop/airflowtut/py_env/lib/python3.10/site-packages/airflow/example_dags/example_latest_only_with_trigger.py
[2024-08-09T19:44:39.527+0200] {processor.py:840} INFO - DAG(s) 'latest_only_with_trigger' retrieved from /home/bvpelt/Develop/airflowtut/py_env/lib/python3.10/site-packages/airflow/example_dags/example_latest_only_with_trigger.py
[2024-08-09T19:44:39.535+0200] {logging_mixin.py:188} INFO - [2024-08-09T19:44:39.535+0200] {dag.py:3089} INFO - Sync 1 DAGs
[2024-08-09T19:44:39.545+0200] {logging_mixin.py:188} INFO - [2024-08-09T19:44:39.545+0200] {dag.py:3947} INFO - Setting next_dagrun for latest_only_with_trigger to 2024-08-09 12:00:00+00:00, run_after=2024-08-09 16:00:00+00:00
[2024-08-09T19:44:39.618+0200] {processor.py:183} INFO - Processing /home/bvpelt/Develop/airflowtut/py_env/lib/python3.10/site-packages/airflow/example_dags/example_latest_only_with_trigger.py took 0.098 seconds
[2024-08-09T19:46:15.378+0200] {processor.py:161} INFO - Started process (PID=18584) to work on /home/bvpelt/Develop/airflowtut/py_env/lib/python3.10/site-packages/airflow/example_dags/example_latest_only_with_trigger.py
[2024-08-09T19:46:15.379+0200] {processor.py:830} INFO - Processing file /home/bvpelt/Develop/airflowtut/py_env/lib/python3.10/site-packages/airflow/example_dags/example_latest_only_with_trigger.py for tasks to queue
[2024-08-09T19:46:15.380+0200] {logging_mixin.py:188} INFO - [2024-08-09T19:46:15.379+0200] {dagbag.py:545} INFO - Filling up the DagBag from /home/bvpelt/Develop/airflowtut/py_env/lib/python3.10/site-packages/airflow/example_dags/example_latest_only_with_trigger.py
[2024-08-09T19:46:15.383+0200] {processor.py:840} INFO - DAG(s) 'latest_only_with_trigger' retrieved from /home/bvpelt/Develop/airflowtut/py_env/lib/python3.10/site-packages/airflow/example_dags/example_latest_only_with_trigger.py
[2024-08-09T19:46:15.392+0200] {logging_mixin.py:188} INFO - [2024-08-09T19:46:15.392+0200] {dag.py:3089} INFO - Sync 1 DAGs
[2024-08-09T19:46:15.404+0200] {logging_mixin.py:188} INFO - [2024-08-09T19:46:15.404+0200] {dag.py:3947} INFO - Setting next_dagrun for latest_only_with_trigger to 2024-08-09 12:00:00+00:00, run_after=2024-08-09 16:00:00+00:00
[2024-08-09T19:46:15.553+0200] {processor.py:183} INFO - Processing /home/bvpelt/Develop/airflowtut/py_env/lib/python3.10/site-packages/airflow/example_dags/example_latest_only_with_trigger.py took 0.178 seconds
[2024-08-09T19:47:21.658+0200] {processor.py:161} INFO - Started process (PID=18888) to work on /home/bvpelt/Develop/airflowtut/py_env/lib/python3.10/site-packages/airflow/example_dags/example_latest_only_with_trigger.py
[2024-08-09T19:47:21.659+0200] {processor.py:830} INFO - Processing file /home/bvpelt/Develop/airflowtut/py_env/lib/python3.10/site-packages/airflow/example_dags/example_latest_only_with_trigger.py for tasks to queue
[2024-08-09T19:47:21.659+0200] {logging_mixin.py:188} INFO - [2024-08-09T19:47:21.659+0200] {dagbag.py:545} INFO - Filling up the DagBag from /home/bvpelt/Develop/airflowtut/py_env/lib/python3.10/site-packages/airflow/example_dags/example_latest_only_with_trigger.py
[2024-08-09T19:47:21.662+0200] {processor.py:840} INFO - DAG(s) 'latest_only_with_trigger' retrieved from /home/bvpelt/Develop/airflowtut/py_env/lib/python3.10/site-packages/airflow/example_dags/example_latest_only_with_trigger.py
[2024-08-09T19:47:21.671+0200] {logging_mixin.py:188} INFO - [2024-08-09T19:47:21.671+0200] {dag.py:3089} INFO - Sync 1 DAGs
[2024-08-09T19:47:21.682+0200] {logging_mixin.py:188} INFO - [2024-08-09T19:47:21.682+0200] {dag.py:3947} INFO - Setting next_dagrun for latest_only_with_trigger to 2024-08-09 12:00:00+00:00, run_after=2024-08-09 16:00:00+00:00
[2024-08-09T19:47:21.775+0200] {processor.py:183} INFO - Processing /home/bvpelt/Develop/airflowtut/py_env/lib/python3.10/site-packages/airflow/example_dags/example_latest_only_with_trigger.py took 0.120 seconds
[2024-08-09T19:48:37.515+0200] {processor.py:161} INFO - Started process (PID=19115) to work on /home/bvpelt/Develop/airflowtut/py_env/lib/python3.10/site-packages/airflow/example_dags/example_latest_only_with_trigger.py
[2024-08-09T19:48:37.515+0200] {processor.py:830} INFO - Processing file /home/bvpelt/Develop/airflowtut/py_env/lib/python3.10/site-packages/airflow/example_dags/example_latest_only_with_trigger.py for tasks to queue
[2024-08-09T19:48:37.516+0200] {logging_mixin.py:188} INFO - [2024-08-09T19:48:37.516+0200] {dagbag.py:545} INFO - Filling up the DagBag from /home/bvpelt/Develop/airflowtut/py_env/lib/python3.10/site-packages/airflow/example_dags/example_latest_only_with_trigger.py
[2024-08-09T19:48:37.519+0200] {processor.py:840} INFO - DAG(s) 'latest_only_with_trigger' retrieved from /home/bvpelt/Develop/airflowtut/py_env/lib/python3.10/site-packages/airflow/example_dags/example_latest_only_with_trigger.py
[2024-08-09T19:48:37.528+0200] {logging_mixin.py:188} INFO - [2024-08-09T19:48:37.527+0200] {dag.py:3089} INFO - Sync 1 DAGs
[2024-08-09T19:48:37.538+0200] {logging_mixin.py:188} INFO - [2024-08-09T19:48:37.538+0200] {dag.py:3947} INFO - Setting next_dagrun for latest_only_with_trigger to 2024-08-09 12:00:00+00:00, run_after=2024-08-09 16:00:00+00:00
[2024-08-09T19:48:37.627+0200] {processor.py:183} INFO - Processing /home/bvpelt/Develop/airflowtut/py_env/lib/python3.10/site-packages/airflow/example_dags/example_latest_only_with_trigger.py took 0.115 seconds
[2024-08-09T19:49:53.819+0200] {processor.py:161} INFO - Started process (PID=19306) to work on /home/bvpelt/Develop/airflowtut/py_env/lib/python3.10/site-packages/airflow/example_dags/example_latest_only_with_trigger.py
[2024-08-09T19:49:53.820+0200] {processor.py:830} INFO - Processing file /home/bvpelt/Develop/airflowtut/py_env/lib/python3.10/site-packages/airflow/example_dags/example_latest_only_with_trigger.py for tasks to queue
[2024-08-09T19:49:53.820+0200] {logging_mixin.py:188} INFO - [2024-08-09T19:49:53.820+0200] {dagbag.py:545} INFO - Filling up the DagBag from /home/bvpelt/Develop/airflowtut/py_env/lib/python3.10/site-packages/airflow/example_dags/example_latest_only_with_trigger.py
[2024-08-09T19:49:53.823+0200] {processor.py:840} INFO - DAG(s) 'latest_only_with_trigger' retrieved from /home/bvpelt/Develop/airflowtut/py_env/lib/python3.10/site-packages/airflow/example_dags/example_latest_only_with_trigger.py
[2024-08-09T19:49:53.832+0200] {logging_mixin.py:188} INFO - [2024-08-09T19:49:53.832+0200] {dag.py:3089} INFO - Sync 1 DAGs
[2024-08-09T19:49:53.844+0200] {logging_mixin.py:188} INFO - [2024-08-09T19:49:53.844+0200] {dag.py:3947} INFO - Setting next_dagrun for latest_only_with_trigger to 2024-08-09 12:00:00+00:00, run_after=2024-08-09 16:00:00+00:00
[2024-08-09T19:49:53.943+0200] {processor.py:183} INFO - Processing /home/bvpelt/Develop/airflowtut/py_env/lib/python3.10/site-packages/airflow/example_dags/example_latest_only_with_trigger.py took 0.127 seconds
[2024-08-09T19:51:12.095+0200] {processor.py:161} INFO - Started process (PID=19427) to work on /home/bvpelt/Develop/airflowtut/py_env/lib/python3.10/site-packages/airflow/example_dags/example_latest_only_with_trigger.py
[2024-08-09T19:51:12.097+0200] {processor.py:830} INFO - Processing file /home/bvpelt/Develop/airflowtut/py_env/lib/python3.10/site-packages/airflow/example_dags/example_latest_only_with_trigger.py for tasks to queue
[2024-08-09T19:51:12.101+0200] {logging_mixin.py:188} INFO - [2024-08-09T19:51:12.100+0200] {dagbag.py:545} INFO - Filling up the DagBag from /home/bvpelt/Develop/airflowtut/py_env/lib/python3.10/site-packages/airflow/example_dags/example_latest_only_with_trigger.py
[2024-08-09T19:51:12.110+0200] {processor.py:840} INFO - DAG(s) 'latest_only_with_trigger' retrieved from /home/bvpelt/Develop/airflowtut/py_env/lib/python3.10/site-packages/airflow/example_dags/example_latest_only_with_trigger.py
[2024-08-09T19:51:12.125+0200] {logging_mixin.py:188} INFO - [2024-08-09T19:51:12.125+0200] {dag.py:3089} INFO - Sync 1 DAGs
[2024-08-09T19:51:12.139+0200] {logging_mixin.py:188} INFO - [2024-08-09T19:51:12.139+0200] {dag.py:3947} INFO - Setting next_dagrun for latest_only_with_trigger to 2024-08-09 12:00:00+00:00, run_after=2024-08-09 16:00:00+00:00
[2024-08-09T19:51:12.302+0200] {processor.py:183} INFO - Processing /home/bvpelt/Develop/airflowtut/py_env/lib/python3.10/site-packages/airflow/example_dags/example_latest_only_with_trigger.py took 0.223 seconds
[2024-08-09T19:53:06.880+0200] {processor.py:161} INFO - Started process (PID=20076) to work on /home/bvpelt/Develop/airflowtut/py_env/lib/python3.10/site-packages/airflow/example_dags/example_latest_only_with_trigger.py
[2024-08-09T19:53:06.884+0200] {processor.py:830} INFO - Processing file /home/bvpelt/Develop/airflowtut/py_env/lib/python3.10/site-packages/airflow/example_dags/example_latest_only_with_trigger.py for tasks to queue
[2024-08-09T19:53:06.885+0200] {logging_mixin.py:188} INFO - [2024-08-09T19:53:06.885+0200] {dagbag.py:545} INFO - Filling up the DagBag from /home/bvpelt/Develop/airflowtut/py_env/lib/python3.10/site-packages/airflow/example_dags/example_latest_only_with_trigger.py
[2024-08-09T19:53:06.888+0200] {processor.py:840} INFO - DAG(s) 'latest_only_with_trigger' retrieved from /home/bvpelt/Develop/airflowtut/py_env/lib/python3.10/site-packages/airflow/example_dags/example_latest_only_with_trigger.py
[2024-08-09T19:53:06.897+0200] {logging_mixin.py:188} INFO - [2024-08-09T19:53:06.897+0200] {dag.py:3089} INFO - Sync 1 DAGs
[2024-08-09T19:53:06.909+0200] {logging_mixin.py:188} INFO - [2024-08-09T19:53:06.909+0200] {dag.py:3947} INFO - Setting next_dagrun for latest_only_with_trigger to 2024-08-09 12:00:00+00:00, run_after=2024-08-09 16:00:00+00:00
[2024-08-09T19:53:07.006+0200] {processor.py:183} INFO - Processing /home/bvpelt/Develop/airflowtut/py_env/lib/python3.10/site-packages/airflow/example_dags/example_latest_only_with_trigger.py took 0.130 seconds
[2024-08-09T19:54:26.661+0200] {processor.py:161} INFO - Started process (PID=20166) to work on /home/bvpelt/Develop/airflowtut/py_env/lib/python3.10/site-packages/airflow/example_dags/example_latest_only_with_trigger.py
[2024-08-09T19:54:26.733+0200] {processor.py:830} INFO - Processing file /home/bvpelt/Develop/airflowtut/py_env/lib/python3.10/site-packages/airflow/example_dags/example_latest_only_with_trigger.py for tasks to queue
[2024-08-09T19:54:26.737+0200] {logging_mixin.py:188} INFO - [2024-08-09T19:54:26.736+0200] {dagbag.py:545} INFO - Filling up the DagBag from /home/bvpelt/Develop/airflowtut/py_env/lib/python3.10/site-packages/airflow/example_dags/example_latest_only_with_trigger.py
[2024-08-09T19:54:26.752+0200] {processor.py:840} INFO - DAG(s) 'latest_only_with_trigger' retrieved from /home/bvpelt/Develop/airflowtut/py_env/lib/python3.10/site-packages/airflow/example_dags/example_latest_only_with_trigger.py
[2024-08-09T19:54:26.780+0200] {logging_mixin.py:188} INFO - [2024-08-09T19:54:26.779+0200] {dag.py:3089} INFO - Sync 1 DAGs
[2024-08-09T19:54:26.796+0200] {logging_mixin.py:188} INFO - [2024-08-09T19:54:26.796+0200] {dag.py:3947} INFO - Setting next_dagrun for latest_only_with_trigger to 2024-08-09 12:00:00+00:00, run_after=2024-08-09 16:00:00+00:00
[2024-08-09T19:54:26.871+0200] {processor.py:183} INFO - Processing /home/bvpelt/Develop/airflowtut/py_env/lib/python3.10/site-packages/airflow/example_dags/example_latest_only_with_trigger.py took 0.214 seconds
[2024-08-09T19:55:41.719+0200] {processor.py:161} INFO - Started process (PID=20302) to work on /home/bvpelt/Develop/airflowtut/py_env/lib/python3.10/site-packages/airflow/example_dags/example_latest_only_with_trigger.py
[2024-08-09T19:55:41.721+0200] {processor.py:830} INFO - Processing file /home/bvpelt/Develop/airflowtut/py_env/lib/python3.10/site-packages/airflow/example_dags/example_latest_only_with_trigger.py for tasks to queue
[2024-08-09T19:55:41.725+0200] {logging_mixin.py:188} INFO - [2024-08-09T19:55:41.724+0200] {dagbag.py:545} INFO - Filling up the DagBag from /home/bvpelt/Develop/airflowtut/py_env/lib/python3.10/site-packages/airflow/example_dags/example_latest_only_with_trigger.py
[2024-08-09T19:55:41.735+0200] {processor.py:840} INFO - DAG(s) 'latest_only_with_trigger' retrieved from /home/bvpelt/Develop/airflowtut/py_env/lib/python3.10/site-packages/airflow/example_dags/example_latest_only_with_trigger.py
[2024-08-09T19:55:41.751+0200] {logging_mixin.py:188} INFO - [2024-08-09T19:55:41.751+0200] {dag.py:3089} INFO - Sync 1 DAGs
[2024-08-09T19:55:41.764+0200] {logging_mixin.py:188} INFO - [2024-08-09T19:55:41.764+0200] {dag.py:3947} INFO - Setting next_dagrun for latest_only_with_trigger to 2024-08-09 12:00:00+00:00, run_after=2024-08-09 16:00:00+00:00
[2024-08-09T19:55:41.832+0200] {processor.py:183} INFO - Processing /home/bvpelt/Develop/airflowtut/py_env/lib/python3.10/site-packages/airflow/example_dags/example_latest_only_with_trigger.py took 0.128 seconds
[2024-08-09T19:56:53.281+0200] {processor.py:161} INFO - Started process (PID=20383) to work on /home/bvpelt/Develop/airflowtut/py_env/lib/python3.10/site-packages/airflow/example_dags/example_latest_only_with_trigger.py
[2024-08-09T19:56:53.281+0200] {processor.py:830} INFO - Processing file /home/bvpelt/Develop/airflowtut/py_env/lib/python3.10/site-packages/airflow/example_dags/example_latest_only_with_trigger.py for tasks to queue
[2024-08-09T19:56:53.282+0200] {logging_mixin.py:188} INFO - [2024-08-09T19:56:53.282+0200] {dagbag.py:545} INFO - Filling up the DagBag from /home/bvpelt/Develop/airflowtut/py_env/lib/python3.10/site-packages/airflow/example_dags/example_latest_only_with_trigger.py
[2024-08-09T19:56:53.285+0200] {processor.py:840} INFO - DAG(s) 'latest_only_with_trigger' retrieved from /home/bvpelt/Develop/airflowtut/py_env/lib/python3.10/site-packages/airflow/example_dags/example_latest_only_with_trigger.py
[2024-08-09T19:56:53.295+0200] {logging_mixin.py:188} INFO - [2024-08-09T19:56:53.295+0200] {dag.py:3089} INFO - Sync 1 DAGs
[2024-08-09T19:56:53.307+0200] {logging_mixin.py:188} INFO - [2024-08-09T19:56:53.307+0200] {dag.py:3947} INFO - Setting next_dagrun for latest_only_with_trigger to 2024-08-09 12:00:00+00:00, run_after=2024-08-09 16:00:00+00:00
[2024-08-09T19:56:53.401+0200] {processor.py:183} INFO - Processing /home/bvpelt/Develop/airflowtut/py_env/lib/python3.10/site-packages/airflow/example_dags/example_latest_only_with_trigger.py took 0.124 seconds
[2024-08-09T19:58:10.941+0200] {processor.py:161} INFO - Started process (PID=20543) to work on /home/bvpelt/Develop/airflowtut/py_env/lib/python3.10/site-packages/airflow/example_dags/example_latest_only_with_trigger.py
[2024-08-09T19:58:10.942+0200] {processor.py:830} INFO - Processing file /home/bvpelt/Develop/airflowtut/py_env/lib/python3.10/site-packages/airflow/example_dags/example_latest_only_with_trigger.py for tasks to queue
[2024-08-09T19:58:10.943+0200] {logging_mixin.py:188} INFO - [2024-08-09T19:58:10.942+0200] {dagbag.py:545} INFO - Filling up the DagBag from /home/bvpelt/Develop/airflowtut/py_env/lib/python3.10/site-packages/airflow/example_dags/example_latest_only_with_trigger.py
[2024-08-09T19:58:10.946+0200] {processor.py:840} INFO - DAG(s) 'latest_only_with_trigger' retrieved from /home/bvpelt/Develop/airflowtut/py_env/lib/python3.10/site-packages/airflow/example_dags/example_latest_only_with_trigger.py
[2024-08-09T19:58:10.955+0200] {logging_mixin.py:188} INFO - [2024-08-09T19:58:10.954+0200] {dag.py:3089} INFO - Sync 1 DAGs
[2024-08-09T19:58:10.965+0200] {logging_mixin.py:188} INFO - [2024-08-09T19:58:10.965+0200] {dag.py:3947} INFO - Setting next_dagrun for latest_only_with_trigger to 2024-08-09 12:00:00+00:00, run_after=2024-08-09 16:00:00+00:00
[2024-08-09T19:58:11.048+0200] {processor.py:183} INFO - Processing /home/bvpelt/Develop/airflowtut/py_env/lib/python3.10/site-packages/airflow/example_dags/example_latest_only_with_trigger.py took 0.110 seconds
[2024-08-09T19:59:09.723+0200] {processor.py:161} INFO - Started process (PID=20685) to work on /home/bvpelt/Develop/airflowtut/py_env/lib/python3.10/site-packages/airflow/example_dags/example_latest_only_with_trigger.py
[2024-08-09T19:59:09.737+0200] {processor.py:830} INFO - Processing file /home/bvpelt/Develop/airflowtut/py_env/lib/python3.10/site-packages/airflow/example_dags/example_latest_only_with_trigger.py for tasks to queue
[2024-08-09T19:59:09.738+0200] {logging_mixin.py:188} INFO - [2024-08-09T19:59:09.738+0200] {dagbag.py:545} INFO - Filling up the DagBag from /home/bvpelt/Develop/airflowtut/py_env/lib/python3.10/site-packages/airflow/example_dags/example_latest_only_with_trigger.py
[2024-08-09T19:59:09.741+0200] {processor.py:840} INFO - DAG(s) 'latest_only_with_trigger' retrieved from /home/bvpelt/Develop/airflowtut/py_env/lib/python3.10/site-packages/airflow/example_dags/example_latest_only_with_trigger.py
[2024-08-09T19:59:09.750+0200] {logging_mixin.py:188} INFO - [2024-08-09T19:59:09.750+0200] {dag.py:3089} INFO - Sync 1 DAGs
[2024-08-09T19:59:09.762+0200] {logging_mixin.py:188} INFO - [2024-08-09T19:59:09.762+0200] {dag.py:3947} INFO - Setting next_dagrun for latest_only_with_trigger to 2024-08-09 12:00:00+00:00, run_after=2024-08-09 16:00:00+00:00
[2024-08-09T19:59:09.828+0200] {processor.py:183} INFO - Processing /home/bvpelt/Develop/airflowtut/py_env/lib/python3.10/site-packages/airflow/example_dags/example_latest_only_with_trigger.py took 0.108 seconds
[2024-08-09T20:00:27.817+0200] {processor.py:161} INFO - Started process (PID=20788) to work on /home/bvpelt/Develop/airflowtut/py_env/lib/python3.10/site-packages/airflow/example_dags/example_latest_only_with_trigger.py
[2024-08-09T20:00:27.832+0200] {processor.py:830} INFO - Processing file /home/bvpelt/Develop/airflowtut/py_env/lib/python3.10/site-packages/airflow/example_dags/example_latest_only_with_trigger.py for tasks to queue
[2024-08-09T20:00:27.833+0200] {logging_mixin.py:188} INFO - [2024-08-09T20:00:27.833+0200] {dagbag.py:545} INFO - Filling up the DagBag from /home/bvpelt/Develop/airflowtut/py_env/lib/python3.10/site-packages/airflow/example_dags/example_latest_only_with_trigger.py
[2024-08-09T20:00:27.836+0200] {processor.py:840} INFO - DAG(s) 'latest_only_with_trigger' retrieved from /home/bvpelt/Develop/airflowtut/py_env/lib/python3.10/site-packages/airflow/example_dags/example_latest_only_with_trigger.py
[2024-08-09T20:00:27.845+0200] {logging_mixin.py:188} INFO - [2024-08-09T20:00:27.845+0200] {dag.py:3089} INFO - Sync 1 DAGs
[2024-08-09T20:00:27.857+0200] {logging_mixin.py:188} INFO - [2024-08-09T20:00:27.857+0200] {dag.py:3947} INFO - Setting next_dagrun for latest_only_with_trigger to 2024-08-09 12:00:00+00:00, run_after=2024-08-09 16:00:00+00:00
[2024-08-09T20:00:27.934+0200] {processor.py:183} INFO - Processing /home/bvpelt/Develop/airflowtut/py_env/lib/python3.10/site-packages/airflow/example_dags/example_latest_only_with_trigger.py took 0.120 seconds
[2024-08-09T20:01:43.229+0200] {processor.py:161} INFO - Started process (PID=20955) to work on /home/bvpelt/Develop/airflowtut/py_env/lib/python3.10/site-packages/airflow/example_dags/example_latest_only_with_trigger.py
[2024-08-09T20:01:43.231+0200] {processor.py:830} INFO - Processing file /home/bvpelt/Develop/airflowtut/py_env/lib/python3.10/site-packages/airflow/example_dags/example_latest_only_with_trigger.py for tasks to queue
[2024-08-09T20:01:43.235+0200] {logging_mixin.py:188} INFO - [2024-08-09T20:01:43.234+0200] {dagbag.py:545} INFO - Filling up the DagBag from /home/bvpelt/Develop/airflowtut/py_env/lib/python3.10/site-packages/airflow/example_dags/example_latest_only_with_trigger.py
[2024-08-09T20:01:43.249+0200] {processor.py:840} INFO - DAG(s) 'latest_only_with_trigger' retrieved from /home/bvpelt/Develop/airflowtut/py_env/lib/python3.10/site-packages/airflow/example_dags/example_latest_only_with_trigger.py
[2024-08-09T20:01:43.272+0200] {logging_mixin.py:188} INFO - [2024-08-09T20:01:43.272+0200] {dag.py:3089} INFO - Sync 1 DAGs
[2024-08-09T20:01:43.288+0200] {logging_mixin.py:188} INFO - [2024-08-09T20:01:43.288+0200] {dag.py:3947} INFO - Setting next_dagrun for latest_only_with_trigger to 2024-08-09 12:00:00+00:00, run_after=2024-08-09 16:00:00+00:00
[2024-08-09T20:01:43.404+0200] {processor.py:183} INFO - Processing /home/bvpelt/Develop/airflowtut/py_env/lib/python3.10/site-packages/airflow/example_dags/example_latest_only_with_trigger.py took 0.191 seconds
[2024-08-09T20:03:03.514+0200] {processor.py:161} INFO - Started process (PID=21074) to work on /home/bvpelt/Develop/airflowtut/py_env/lib/python3.10/site-packages/airflow/example_dags/example_latest_only_with_trigger.py
[2024-08-09T20:03:03.514+0200] {processor.py:830} INFO - Processing file /home/bvpelt/Develop/airflowtut/py_env/lib/python3.10/site-packages/airflow/example_dags/example_latest_only_with_trigger.py for tasks to queue
[2024-08-09T20:03:03.515+0200] {logging_mixin.py:188} INFO - [2024-08-09T20:03:03.515+0200] {dagbag.py:545} INFO - Filling up the DagBag from /home/bvpelt/Develop/airflowtut/py_env/lib/python3.10/site-packages/airflow/example_dags/example_latest_only_with_trigger.py
[2024-08-09T20:03:03.518+0200] {processor.py:840} INFO - DAG(s) 'latest_only_with_trigger' retrieved from /home/bvpelt/Develop/airflowtut/py_env/lib/python3.10/site-packages/airflow/example_dags/example_latest_only_with_trigger.py
[2024-08-09T20:03:03.527+0200] {logging_mixin.py:188} INFO - [2024-08-09T20:03:03.527+0200] {dag.py:3089} INFO - Sync 1 DAGs
[2024-08-09T20:03:03.538+0200] {logging_mixin.py:188} INFO - [2024-08-09T20:03:03.538+0200] {dag.py:3947} INFO - Setting next_dagrun for latest_only_with_trigger to 2024-08-09 12:00:00+00:00, run_after=2024-08-09 16:00:00+00:00
[2024-08-09T20:03:03.616+0200] {processor.py:183} INFO - Processing /home/bvpelt/Develop/airflowtut/py_env/lib/python3.10/site-packages/airflow/example_dags/example_latest_only_with_trigger.py took 0.106 seconds
[2024-08-09T20:04:00.941+0200] {processor.py:161} INFO - Started process (PID=21133) to work on /home/bvpelt/Develop/airflowtut/py_env/lib/python3.10/site-packages/airflow/example_dags/example_latest_only_with_trigger.py
[2024-08-09T20:04:00.942+0200] {processor.py:830} INFO - Processing file /home/bvpelt/Develop/airflowtut/py_env/lib/python3.10/site-packages/airflow/example_dags/example_latest_only_with_trigger.py for tasks to queue
[2024-08-09T20:04:00.942+0200] {logging_mixin.py:188} INFO - [2024-08-09T20:04:00.942+0200] {dagbag.py:545} INFO - Filling up the DagBag from /home/bvpelt/Develop/airflowtut/py_env/lib/python3.10/site-packages/airflow/example_dags/example_latest_only_with_trigger.py
[2024-08-09T20:04:00.945+0200] {processor.py:840} INFO - DAG(s) 'latest_only_with_trigger' retrieved from /home/bvpelt/Develop/airflowtut/py_env/lib/python3.10/site-packages/airflow/example_dags/example_latest_only_with_trigger.py
[2024-08-09T20:04:00.954+0200] {logging_mixin.py:188} INFO - [2024-08-09T20:04:00.954+0200] {dag.py:3089} INFO - Sync 1 DAGs
[2024-08-09T20:04:00.965+0200] {logging_mixin.py:188} INFO - [2024-08-09T20:04:00.965+0200] {dag.py:3947} INFO - Setting next_dagrun for latest_only_with_trigger to 2024-08-09 12:00:00+00:00, run_after=2024-08-09 16:00:00+00:00
[2024-08-09T20:04:01.047+0200] {processor.py:183} INFO - Processing /home/bvpelt/Develop/airflowtut/py_env/lib/python3.10/site-packages/airflow/example_dags/example_latest_only_with_trigger.py took 0.109 seconds
[2024-08-09T20:05:17.863+0200] {processor.py:161} INFO - Started process (PID=21351) to work on /home/bvpelt/Develop/airflowtut/py_env/lib/python3.10/site-packages/airflow/example_dags/example_latest_only_with_trigger.py
[2024-08-09T20:05:17.863+0200] {processor.py:830} INFO - Processing file /home/bvpelt/Develop/airflowtut/py_env/lib/python3.10/site-packages/airflow/example_dags/example_latest_only_with_trigger.py for tasks to queue
[2024-08-09T20:05:17.864+0200] {logging_mixin.py:188} INFO - [2024-08-09T20:05:17.864+0200] {dagbag.py:545} INFO - Filling up the DagBag from /home/bvpelt/Develop/airflowtut/py_env/lib/python3.10/site-packages/airflow/example_dags/example_latest_only_with_trigger.py
[2024-08-09T20:05:17.867+0200] {processor.py:840} INFO - DAG(s) 'latest_only_with_trigger' retrieved from /home/bvpelt/Develop/airflowtut/py_env/lib/python3.10/site-packages/airflow/example_dags/example_latest_only_with_trigger.py
[2024-08-09T20:05:17.876+0200] {logging_mixin.py:188} INFO - [2024-08-09T20:05:17.876+0200] {dag.py:3089} INFO - Sync 1 DAGs
[2024-08-09T20:05:17.888+0200] {logging_mixin.py:188} INFO - [2024-08-09T20:05:17.887+0200] {dag.py:3947} INFO - Setting next_dagrun for latest_only_with_trigger to 2024-08-09 12:00:00+00:00, run_after=2024-08-09 16:00:00+00:00
[2024-08-09T20:05:17.984+0200] {processor.py:183} INFO - Processing /home/bvpelt/Develop/airflowtut/py_env/lib/python3.10/site-packages/airflow/example_dags/example_latest_only_with_trigger.py took 0.124 seconds
[2024-08-09T20:06:15.461+0200] {processor.py:161} INFO - Started process (PID=21406) to work on /home/bvpelt/Develop/airflowtut/py_env/lib/python3.10/site-packages/airflow/example_dags/example_latest_only_with_trigger.py
[2024-08-09T20:06:15.478+0200] {processor.py:830} INFO - Processing file /home/bvpelt/Develop/airflowtut/py_env/lib/python3.10/site-packages/airflow/example_dags/example_latest_only_with_trigger.py for tasks to queue
[2024-08-09T20:06:15.479+0200] {logging_mixin.py:188} INFO - [2024-08-09T20:06:15.479+0200] {dagbag.py:545} INFO - Filling up the DagBag from /home/bvpelt/Develop/airflowtut/py_env/lib/python3.10/site-packages/airflow/example_dags/example_latest_only_with_trigger.py
[2024-08-09T20:06:15.483+0200] {processor.py:840} INFO - DAG(s) 'latest_only_with_trigger' retrieved from /home/bvpelt/Develop/airflowtut/py_env/lib/python3.10/site-packages/airflow/example_dags/example_latest_only_with_trigger.py
[2024-08-09T20:06:15.493+0200] {logging_mixin.py:188} INFO - [2024-08-09T20:06:15.493+0200] {dag.py:3089} INFO - Sync 1 DAGs
[2024-08-09T20:06:15.505+0200] {logging_mixin.py:188} INFO - [2024-08-09T20:06:15.505+0200] {dag.py:3947} INFO - Setting next_dagrun for latest_only_with_trigger to 2024-08-09 12:00:00+00:00, run_after=2024-08-09 16:00:00+00:00
[2024-08-09T20:06:15.613+0200] {processor.py:183} INFO - Processing /home/bvpelt/Develop/airflowtut/py_env/lib/python3.10/site-packages/airflow/example_dags/example_latest_only_with_trigger.py took 0.155 seconds
[2024-08-09T20:07:35.965+0200] {processor.py:161} INFO - Started process (PID=21597) to work on /home/bvpelt/Develop/airflowtut/py_env/lib/python3.10/site-packages/airflow/example_dags/example_latest_only_with_trigger.py
[2024-08-09T20:07:35.966+0200] {processor.py:830} INFO - Processing file /home/bvpelt/Develop/airflowtut/py_env/lib/python3.10/site-packages/airflow/example_dags/example_latest_only_with_trigger.py for tasks to queue
[2024-08-09T20:07:35.967+0200] {logging_mixin.py:188} INFO - [2024-08-09T20:07:35.967+0200] {dagbag.py:545} INFO - Filling up the DagBag from /home/bvpelt/Develop/airflowtut/py_env/lib/python3.10/site-packages/airflow/example_dags/example_latest_only_with_trigger.py
[2024-08-09T20:07:35.970+0200] {processor.py:840} INFO - DAG(s) 'latest_only_with_trigger' retrieved from /home/bvpelt/Develop/airflowtut/py_env/lib/python3.10/site-packages/airflow/example_dags/example_latest_only_with_trigger.py
[2024-08-09T20:07:35.978+0200] {logging_mixin.py:188} INFO - [2024-08-09T20:07:35.978+0200] {dag.py:3089} INFO - Sync 1 DAGs
[2024-08-09T20:07:35.989+0200] {logging_mixin.py:188} INFO - [2024-08-09T20:07:35.989+0200] {dag.py:3947} INFO - Setting next_dagrun for latest_only_with_trigger to 2024-08-09 12:00:00+00:00, run_after=2024-08-09 16:00:00+00:00
[2024-08-09T20:07:36.103+0200] {processor.py:183} INFO - Processing /home/bvpelt/Develop/airflowtut/py_env/lib/python3.10/site-packages/airflow/example_dags/example_latest_only_with_trigger.py took 0.141 seconds
[2024-08-09T20:08:51.641+0200] {processor.py:161} INFO - Started process (PID=21711) to work on /home/bvpelt/Develop/airflowtut/py_env/lib/python3.10/site-packages/airflow/example_dags/example_latest_only_with_trigger.py
[2024-08-09T20:08:51.643+0200] {processor.py:830} INFO - Processing file /home/bvpelt/Develop/airflowtut/py_env/lib/python3.10/site-packages/airflow/example_dags/example_latest_only_with_trigger.py for tasks to queue
[2024-08-09T20:08:51.647+0200] {logging_mixin.py:188} INFO - [2024-08-09T20:08:51.646+0200] {dagbag.py:545} INFO - Filling up the DagBag from /home/bvpelt/Develop/airflowtut/py_env/lib/python3.10/site-packages/airflow/example_dags/example_latest_only_with_trigger.py
[2024-08-09T20:08:51.658+0200] {processor.py:840} INFO - DAG(s) 'latest_only_with_trigger' retrieved from /home/bvpelt/Develop/airflowtut/py_env/lib/python3.10/site-packages/airflow/example_dags/example_latest_only_with_trigger.py
[2024-08-09T20:08:51.674+0200] {logging_mixin.py:188} INFO - [2024-08-09T20:08:51.674+0200] {dag.py:3089} INFO - Sync 1 DAGs
[2024-08-09T20:08:51.688+0200] {logging_mixin.py:188} INFO - [2024-08-09T20:08:51.688+0200] {dag.py:3947} INFO - Setting next_dagrun for latest_only_with_trigger to 2024-08-09 12:00:00+00:00, run_after=2024-08-09 16:00:00+00:00
[2024-08-09T20:08:51.759+0200] {processor.py:183} INFO - Processing /home/bvpelt/Develop/airflowtut/py_env/lib/python3.10/site-packages/airflow/example_dags/example_latest_only_with_trigger.py took 0.133 seconds
[2024-08-09T20:10:07.474+0200] {processor.py:161} INFO - Started process (PID=21797) to work on /home/bvpelt/Develop/airflowtut/py_env/lib/python3.10/site-packages/airflow/example_dags/example_latest_only_with_trigger.py
[2024-08-09T20:10:07.488+0200] {processor.py:830} INFO - Processing file /home/bvpelt/Develop/airflowtut/py_env/lib/python3.10/site-packages/airflow/example_dags/example_latest_only_with_trigger.py for tasks to queue
[2024-08-09T20:10:07.489+0200] {logging_mixin.py:188} INFO - [2024-08-09T20:10:07.489+0200] {dagbag.py:545} INFO - Filling up the DagBag from /home/bvpelt/Develop/airflowtut/py_env/lib/python3.10/site-packages/airflow/example_dags/example_latest_only_with_trigger.py
[2024-08-09T20:10:07.493+0200] {processor.py:840} INFO - DAG(s) 'latest_only_with_trigger' retrieved from /home/bvpelt/Develop/airflowtut/py_env/lib/python3.10/site-packages/airflow/example_dags/example_latest_only_with_trigger.py
[2024-08-09T20:10:07.502+0200] {logging_mixin.py:188} INFO - [2024-08-09T20:10:07.501+0200] {dag.py:3089} INFO - Sync 1 DAGs
[2024-08-09T20:10:07.512+0200] {logging_mixin.py:188} INFO - [2024-08-09T20:10:07.512+0200] {dag.py:3947} INFO - Setting next_dagrun for latest_only_with_trigger to 2024-08-09 12:00:00+00:00, run_after=2024-08-09 16:00:00+00:00
[2024-08-09T20:10:07.584+0200] {processor.py:183} INFO - Processing /home/bvpelt/Develop/airflowtut/py_env/lib/python3.10/site-packages/airflow/example_dags/example_latest_only_with_trigger.py took 0.114 seconds
[2024-08-09T20:11:23.648+0200] {processor.py:161} INFO - Started process (PID=21892) to work on /home/bvpelt/Develop/airflowtut/py_env/lib/python3.10/site-packages/airflow/example_dags/example_latest_only_with_trigger.py
[2024-08-09T20:11:23.661+0200] {processor.py:830} INFO - Processing file /home/bvpelt/Develop/airflowtut/py_env/lib/python3.10/site-packages/airflow/example_dags/example_latest_only_with_trigger.py for tasks to queue
[2024-08-09T20:11:23.664+0200] {logging_mixin.py:188} INFO - [2024-08-09T20:11:23.663+0200] {dagbag.py:545} INFO - Filling up the DagBag from /home/bvpelt/Develop/airflowtut/py_env/lib/python3.10/site-packages/airflow/example_dags/example_latest_only_with_trigger.py
[2024-08-09T20:11:23.679+0200] {processor.py:840} INFO - DAG(s) 'latest_only_with_trigger' retrieved from /home/bvpelt/Develop/airflowtut/py_env/lib/python3.10/site-packages/airflow/example_dags/example_latest_only_with_trigger.py
[2024-08-09T20:11:23.705+0200] {logging_mixin.py:188} INFO - [2024-08-09T20:11:23.705+0200] {dag.py:3089} INFO - Sync 1 DAGs
[2024-08-09T20:11:23.721+0200] {logging_mixin.py:188} INFO - [2024-08-09T20:11:23.721+0200] {dag.py:3947} INFO - Setting next_dagrun for latest_only_with_trigger to 2024-08-09 12:00:00+00:00, run_after=2024-08-09 16:00:00+00:00
[2024-08-09T20:11:23.838+0200] {processor.py:183} INFO - Processing /home/bvpelt/Develop/airflowtut/py_env/lib/python3.10/site-packages/airflow/example_dags/example_latest_only_with_trigger.py took 0.193 seconds
[2024-08-09T20:12:36.981+0200] {processor.py:161} INFO - Started process (PID=22027) to work on /home/bvpelt/Develop/airflowtut/py_env/lib/python3.10/site-packages/airflow/example_dags/example_latest_only_with_trigger.py
[2024-08-09T20:12:36.982+0200] {processor.py:830} INFO - Processing file /home/bvpelt/Develop/airflowtut/py_env/lib/python3.10/site-packages/airflow/example_dags/example_latest_only_with_trigger.py for tasks to queue
[2024-08-09T20:12:36.983+0200] {logging_mixin.py:188} INFO - [2024-08-09T20:12:36.983+0200] {dagbag.py:545} INFO - Filling up the DagBag from /home/bvpelt/Develop/airflowtut/py_env/lib/python3.10/site-packages/airflow/example_dags/example_latest_only_with_trigger.py
[2024-08-09T20:12:36.986+0200] {processor.py:840} INFO - DAG(s) 'latest_only_with_trigger' retrieved from /home/bvpelt/Develop/airflowtut/py_env/lib/python3.10/site-packages/airflow/example_dags/example_latest_only_with_trigger.py
[2024-08-09T20:12:36.995+0200] {logging_mixin.py:188} INFO - [2024-08-09T20:12:36.995+0200] {dag.py:3089} INFO - Sync 1 DAGs
[2024-08-09T20:12:37.006+0200] {logging_mixin.py:188} INFO - [2024-08-09T20:12:37.006+0200] {dag.py:3947} INFO - Setting next_dagrun for latest_only_with_trigger to 2024-08-09 12:00:00+00:00, run_after=2024-08-09 16:00:00+00:00
[2024-08-09T20:12:37.136+0200] {processor.py:183} INFO - Processing /home/bvpelt/Develop/airflowtut/py_env/lib/python3.10/site-packages/airflow/example_dags/example_latest_only_with_trigger.py took 0.158 seconds
[2024-08-09T20:14:00.893+0200] {processor.py:161} INFO - Started process (PID=22154) to work on /home/bvpelt/Develop/airflowtut/py_env/lib/python3.10/site-packages/airflow/example_dags/example_latest_only_with_trigger.py
[2024-08-09T20:14:00.911+0200] {processor.py:830} INFO - Processing file /home/bvpelt/Develop/airflowtut/py_env/lib/python3.10/site-packages/airflow/example_dags/example_latest_only_with_trigger.py for tasks to queue
[2024-08-09T20:14:00.912+0200] {logging_mixin.py:188} INFO - [2024-08-09T20:14:00.912+0200] {dagbag.py:545} INFO - Filling up the DagBag from /home/bvpelt/Develop/airflowtut/py_env/lib/python3.10/site-packages/airflow/example_dags/example_latest_only_with_trigger.py
[2024-08-09T20:14:00.916+0200] {processor.py:840} INFO - DAG(s) 'latest_only_with_trigger' retrieved from /home/bvpelt/Develop/airflowtut/py_env/lib/python3.10/site-packages/airflow/example_dags/example_latest_only_with_trigger.py
[2024-08-09T20:14:00.924+0200] {logging_mixin.py:188} INFO - [2024-08-09T20:14:00.924+0200] {dag.py:3089} INFO - Sync 1 DAGs
[2024-08-09T20:14:00.935+0200] {logging_mixin.py:188} INFO - [2024-08-09T20:14:00.935+0200] {dag.py:3947} INFO - Setting next_dagrun for latest_only_with_trigger to 2024-08-09 12:00:00+00:00, run_after=2024-08-09 16:00:00+00:00
[2024-08-09T20:14:01.015+0200] {processor.py:183} INFO - Processing /home/bvpelt/Develop/airflowtut/py_env/lib/python3.10/site-packages/airflow/example_dags/example_latest_only_with_trigger.py took 0.124 seconds
[2024-08-09T20:15:11.212+0200] {processor.py:161} INFO - Started process (PID=22267) to work on /home/bvpelt/Develop/airflowtut/py_env/lib/python3.10/site-packages/airflow/example_dags/example_latest_only_with_trigger.py
[2024-08-09T20:15:11.214+0200] {processor.py:830} INFO - Processing file /home/bvpelt/Develop/airflowtut/py_env/lib/python3.10/site-packages/airflow/example_dags/example_latest_only_with_trigger.py for tasks to queue
[2024-08-09T20:15:11.218+0200] {logging_mixin.py:188} INFO - [2024-08-09T20:15:11.217+0200] {dagbag.py:545} INFO - Filling up the DagBag from /home/bvpelt/Develop/airflowtut/py_env/lib/python3.10/site-packages/airflow/example_dags/example_latest_only_with_trigger.py
[2024-08-09T20:15:11.230+0200] {processor.py:840} INFO - DAG(s) 'latest_only_with_trigger' retrieved from /home/bvpelt/Develop/airflowtut/py_env/lib/python3.10/site-packages/airflow/example_dags/example_latest_only_with_trigger.py
[2024-08-09T20:15:11.247+0200] {logging_mixin.py:188} INFO - [2024-08-09T20:15:11.247+0200] {dag.py:3089} INFO - Sync 1 DAGs
[2024-08-09T20:15:11.261+0200] {logging_mixin.py:188} INFO - [2024-08-09T20:15:11.261+0200] {dag.py:3947} INFO - Setting next_dagrun for latest_only_with_trigger to 2024-08-09 12:00:00+00:00, run_after=2024-08-09 16:00:00+00:00
[2024-08-09T20:15:11.334+0200] {processor.py:183} INFO - Processing /home/bvpelt/Develop/airflowtut/py_env/lib/python3.10/site-packages/airflow/example_dags/example_latest_only_with_trigger.py took 0.137 seconds
[2024-08-09T20:16:22.895+0200] {processor.py:161} INFO - Started process (PID=22352) to work on /home/bvpelt/Develop/airflowtut/py_env/lib/python3.10/site-packages/airflow/example_dags/example_latest_only_with_trigger.py
[2024-08-09T20:16:22.896+0200] {processor.py:830} INFO - Processing file /home/bvpelt/Develop/airflowtut/py_env/lib/python3.10/site-packages/airflow/example_dags/example_latest_only_with_trigger.py for tasks to queue
[2024-08-09T20:16:22.897+0200] {logging_mixin.py:188} INFO - [2024-08-09T20:16:22.897+0200] {dagbag.py:545} INFO - Filling up the DagBag from /home/bvpelt/Develop/airflowtut/py_env/lib/python3.10/site-packages/airflow/example_dags/example_latest_only_with_trigger.py
[2024-08-09T20:16:22.900+0200] {processor.py:840} INFO - DAG(s) 'latest_only_with_trigger' retrieved from /home/bvpelt/Develop/airflowtut/py_env/lib/python3.10/site-packages/airflow/example_dags/example_latest_only_with_trigger.py
[2024-08-09T20:16:22.908+0200] {logging_mixin.py:188} INFO - [2024-08-09T20:16:22.908+0200] {dag.py:3089} INFO - Sync 1 DAGs
[2024-08-09T20:16:22.919+0200] {logging_mixin.py:188} INFO - [2024-08-09T20:16:22.919+0200] {dag.py:3947} INFO - Setting next_dagrun for latest_only_with_trigger to 2024-08-09 12:00:00+00:00, run_after=2024-08-09 16:00:00+00:00
[2024-08-09T20:16:23.001+0200] {processor.py:183} INFO - Processing /home/bvpelt/Develop/airflowtut/py_env/lib/python3.10/site-packages/airflow/example_dags/example_latest_only_with_trigger.py took 0.109 seconds
