[2024-08-09T19:42:47.557+0200] {processor.py:161} INFO - Started process (PID=17669) to work on /home/bvpelt/Develop/airflowtut/py_env/lib/python3.10/site-packages/airflow/example_dags/example_time_delta_sensor_async.py
[2024-08-09T19:42:47.558+0200] {processor.py:830} INFO - Processing file /home/bvpelt/Develop/airflowtut/py_env/lib/python3.10/site-packages/airflow/example_dags/example_time_delta_sensor_async.py for tasks to queue
[2024-08-09T19:42:47.559+0200] {logging_mixin.py:188} INFO - [2024-08-09T19:42:47.559+0200] {dagbag.py:545} INFO - Filling up the DagBag from /home/bvpelt/Develop/airflowtut/py_env/lib/python3.10/site-packages/airflow/example_dags/example_time_delta_sensor_async.py
[2024-08-09T19:42:47.561+0200] {processor.py:840} INFO - DAG(s) 'example_time_delta_sensor_async' retrieved from /home/bvpelt/Develop/airflowtut/py_env/lib/python3.10/site-packages/airflow/example_dags/example_time_delta_sensor_async.py
[2024-08-09T19:42:47.824+0200] {logging_mixin.py:188} INFO - [2024-08-09T19:42:47.823+0200] {override.py:1858} INFO - Created Permission View: can edit on DAG:example_time_delta_sensor_async
[2024-08-09T19:42:47.907+0200] {logging_mixin.py:188} INFO - [2024-08-09T19:42:47.906+0200] {override.py:1858} INFO - Created Permission View: can read on DAG:example_time_delta_sensor_async
[2024-08-09T19:42:47.982+0200] {logging_mixin.py:188} INFO - [2024-08-09T19:42:47.981+0200] {override.py:1858} INFO - Created Permission View: can delete on DAG:example_time_delta_sensor_async
[2024-08-09T19:42:47.983+0200] {logging_mixin.py:188} INFO - [2024-08-09T19:42:47.983+0200] {dag.py:3089} INFO - Sync 1 DAGs
[2024-08-09T19:42:48.011+0200] {logging_mixin.py:188} INFO - [2024-08-09T19:42:48.011+0200] {dag.py:3111} INFO - Creating ORM DAG for example_time_delta_sensor_async
[2024-08-09T19:42:48.012+0200] {logging_mixin.py:188} INFO - [2024-08-09T19:42:48.012+0200] {dag.py:3947} INFO - Setting next_dagrun for example_time_delta_sensor_async to None, run_after=None
[2024-08-09T19:42:48.112+0200] {processor.py:183} INFO - Processing /home/bvpelt/Develop/airflowtut/py_env/lib/python3.10/site-packages/airflow/example_dags/example_time_delta_sensor_async.py took 0.558 seconds
[2024-08-09T19:44:00.698+0200] {processor.py:161} INFO - Started process (PID=17895) to work on /home/bvpelt/Develop/airflowtut/py_env/lib/python3.10/site-packages/airflow/example_dags/example_time_delta_sensor_async.py
[2024-08-09T19:44:00.699+0200] {processor.py:830} INFO - Processing file /home/bvpelt/Develop/airflowtut/py_env/lib/python3.10/site-packages/airflow/example_dags/example_time_delta_sensor_async.py for tasks to queue
[2024-08-09T19:44:00.700+0200] {logging_mixin.py:188} INFO - [2024-08-09T19:44:00.700+0200] {dagbag.py:545} INFO - Filling up the DagBag from /home/bvpelt/Develop/airflowtut/py_env/lib/python3.10/site-packages/airflow/example_dags/example_time_delta_sensor_async.py
[2024-08-09T19:44:00.705+0200] {processor.py:840} INFO - DAG(s) 'example_time_delta_sensor_async' retrieved from /home/bvpelt/Develop/airflowtut/py_env/lib/python3.10/site-packages/airflow/example_dags/example_time_delta_sensor_async.py
[2024-08-09T19:44:00.716+0200] {logging_mixin.py:188} INFO - [2024-08-09T19:44:00.716+0200] {dag.py:3089} INFO - Sync 1 DAGs
[2024-08-09T19:44:00.723+0200] {logging_mixin.py:188} INFO - [2024-08-09T19:44:00.723+0200] {dag.py:3947} INFO - Setting next_dagrun for example_time_delta_sensor_async to None, run_after=None
[2024-08-09T19:44:00.796+0200] {processor.py:183} INFO - Processing /home/bvpelt/Develop/airflowtut/py_env/lib/python3.10/site-packages/airflow/example_dags/example_time_delta_sensor_async.py took 0.106 seconds
[2024-08-09T19:44:55.699+0200] {processor.py:161} INFO - Started process (PID=18195) to work on /home/bvpelt/Develop/airflowtut/py_env/lib/python3.10/site-packages/airflow/example_dags/example_time_delta_sensor_async.py
[2024-08-09T19:44:55.699+0200] {processor.py:830} INFO - Processing file /home/bvpelt/Develop/airflowtut/py_env/lib/python3.10/site-packages/airflow/example_dags/example_time_delta_sensor_async.py for tasks to queue
[2024-08-09T19:44:55.700+0200] {logging_mixin.py:188} INFO - [2024-08-09T19:44:55.700+0200] {dagbag.py:545} INFO - Filling up the DagBag from /home/bvpelt/Develop/airflowtut/py_env/lib/python3.10/site-packages/airflow/example_dags/example_time_delta_sensor_async.py
[2024-08-09T19:44:55.703+0200] {processor.py:840} INFO - DAG(s) 'example_time_delta_sensor_async' retrieved from /home/bvpelt/Develop/airflowtut/py_env/lib/python3.10/site-packages/airflow/example_dags/example_time_delta_sensor_async.py
[2024-08-09T19:44:55.711+0200] {logging_mixin.py:188} INFO - [2024-08-09T19:44:55.711+0200] {dag.py:3089} INFO - Sync 1 DAGs
[2024-08-09T19:44:55.718+0200] {logging_mixin.py:188} INFO - [2024-08-09T19:44:55.717+0200] {dag.py:3947} INFO - Setting next_dagrun for example_time_delta_sensor_async to None, run_after=None
[2024-08-09T19:44:55.798+0200] {processor.py:183} INFO - Processing /home/bvpelt/Develop/airflowtut/py_env/lib/python3.10/site-packages/airflow/example_dags/example_time_delta_sensor_async.py took 0.102 seconds
[2024-08-09T19:45:50.251+0200] {processor.py:161} INFO - Started process (PID=18313) to work on /home/bvpelt/Develop/airflowtut/py_env/lib/python3.10/site-packages/airflow/example_dags/example_time_delta_sensor_async.py
[2024-08-09T19:45:50.258+0200] {processor.py:830} INFO - Processing file /home/bvpelt/Develop/airflowtut/py_env/lib/python3.10/site-packages/airflow/example_dags/example_time_delta_sensor_async.py for tasks to queue
[2024-08-09T19:45:50.262+0200] {logging_mixin.py:188} INFO - [2024-08-09T19:45:50.261+0200] {dagbag.py:545} INFO - Filling up the DagBag from /home/bvpelt/Develop/airflowtut/py_env/lib/python3.10/site-packages/airflow/example_dags/example_time_delta_sensor_async.py
[2024-08-09T19:45:50.274+0200] {processor.py:840} INFO - DAG(s) 'example_time_delta_sensor_async' retrieved from /home/bvpelt/Develop/airflowtut/py_env/lib/python3.10/site-packages/airflow/example_dags/example_time_delta_sensor_async.py
[2024-08-09T19:45:50.300+0200] {logging_mixin.py:188} INFO - [2024-08-09T19:45:50.300+0200] {dag.py:3089} INFO - Sync 1 DAGs
[2024-08-09T19:45:50.311+0200] {logging_mixin.py:188} INFO - [2024-08-09T19:45:50.310+0200] {dag.py:3947} INFO - Setting next_dagrun for example_time_delta_sensor_async to None, run_after=None
[2024-08-09T19:45:50.419+0200] {processor.py:183} INFO - Processing /home/bvpelt/Develop/airflowtut/py_env/lib/python3.10/site-packages/airflow/example_dags/example_time_delta_sensor_async.py took 0.174 seconds
[2024-08-09T19:47:13.267+0200] {processor.py:161} INFO - Started process (PID=18822) to work on /home/bvpelt/Develop/airflowtut/py_env/lib/python3.10/site-packages/airflow/example_dags/example_time_delta_sensor_async.py
[2024-08-09T19:47:13.267+0200] {processor.py:830} INFO - Processing file /home/bvpelt/Develop/airflowtut/py_env/lib/python3.10/site-packages/airflow/example_dags/example_time_delta_sensor_async.py for tasks to queue
[2024-08-09T19:47:13.269+0200] {logging_mixin.py:188} INFO - [2024-08-09T19:47:13.268+0200] {dagbag.py:545} INFO - Filling up the DagBag from /home/bvpelt/Develop/airflowtut/py_env/lib/python3.10/site-packages/airflow/example_dags/example_time_delta_sensor_async.py
[2024-08-09T19:47:13.272+0200] {processor.py:840} INFO - DAG(s) 'example_time_delta_sensor_async' retrieved from /home/bvpelt/Develop/airflowtut/py_env/lib/python3.10/site-packages/airflow/example_dags/example_time_delta_sensor_async.py
[2024-08-09T19:47:13.282+0200] {logging_mixin.py:188} INFO - [2024-08-09T19:47:13.281+0200] {dag.py:3089} INFO - Sync 1 DAGs
[2024-08-09T19:47:13.290+0200] {logging_mixin.py:188} INFO - [2024-08-09T19:47:13.290+0200] {dag.py:3947} INFO - Setting next_dagrun for example_time_delta_sensor_async to None, run_after=None
[2024-08-09T19:47:13.368+0200] {processor.py:183} INFO - Processing /home/bvpelt/Develop/airflowtut/py_env/lib/python3.10/site-packages/airflow/example_dags/example_time_delta_sensor_async.py took 0.105 seconds
[2024-08-09T19:48:03.422+0200] {processor.py:161} INFO - Started process (PID=19021) to work on /home/bvpelt/Develop/airflowtut/py_env/lib/python3.10/site-packages/airflow/example_dags/example_time_delta_sensor_async.py
[2024-08-09T19:48:03.423+0200] {processor.py:830} INFO - Processing file /home/bvpelt/Develop/airflowtut/py_env/lib/python3.10/site-packages/airflow/example_dags/example_time_delta_sensor_async.py for tasks to queue
[2024-08-09T19:48:03.423+0200] {logging_mixin.py:188} INFO - [2024-08-09T19:48:03.423+0200] {dagbag.py:545} INFO - Filling up the DagBag from /home/bvpelt/Develop/airflowtut/py_env/lib/python3.10/site-packages/airflow/example_dags/example_time_delta_sensor_async.py
[2024-08-09T19:48:03.426+0200] {processor.py:840} INFO - DAG(s) 'example_time_delta_sensor_async' retrieved from /home/bvpelt/Develop/airflowtut/py_env/lib/python3.10/site-packages/airflow/example_dags/example_time_delta_sensor_async.py
[2024-08-09T19:48:03.434+0200] {logging_mixin.py:188} INFO - [2024-08-09T19:48:03.434+0200] {dag.py:3089} INFO - Sync 1 DAGs
[2024-08-09T19:48:03.440+0200] {logging_mixin.py:188} INFO - [2024-08-09T19:48:03.440+0200] {dag.py:3947} INFO - Setting next_dagrun for example_time_delta_sensor_async to None, run_after=None
[2024-08-09T19:48:03.549+0200] {processor.py:183} INFO - Processing /home/bvpelt/Develop/airflowtut/py_env/lib/python3.10/site-packages/airflow/example_dags/example_time_delta_sensor_async.py took 0.130 seconds
[2024-08-09T19:48:53.357+0200] {processor.py:161} INFO - Started process (PID=19131) to work on /home/bvpelt/Develop/airflowtut/py_env/lib/python3.10/site-packages/airflow/example_dags/example_time_delta_sensor_async.py
[2024-08-09T19:48:53.373+0200] {processor.py:830} INFO - Processing file /home/bvpelt/Develop/airflowtut/py_env/lib/python3.10/site-packages/airflow/example_dags/example_time_delta_sensor_async.py for tasks to queue
[2024-08-09T19:48:53.374+0200] {logging_mixin.py:188} INFO - [2024-08-09T19:48:53.374+0200] {dagbag.py:545} INFO - Filling up the DagBag from /home/bvpelt/Develop/airflowtut/py_env/lib/python3.10/site-packages/airflow/example_dags/example_time_delta_sensor_async.py
[2024-08-09T19:48:53.378+0200] {processor.py:840} INFO - DAG(s) 'example_time_delta_sensor_async' retrieved from /home/bvpelt/Develop/airflowtut/py_env/lib/python3.10/site-packages/airflow/example_dags/example_time_delta_sensor_async.py
[2024-08-09T19:48:53.389+0200] {logging_mixin.py:188} INFO - [2024-08-09T19:48:53.389+0200] {dag.py:3089} INFO - Sync 1 DAGs
[2024-08-09T19:48:53.399+0200] {logging_mixin.py:188} INFO - [2024-08-09T19:48:53.399+0200] {dag.py:3947} INFO - Setting next_dagrun for example_time_delta_sensor_async to None, run_after=None
[2024-08-09T19:48:53.483+0200] {processor.py:183} INFO - Processing /home/bvpelt/Develop/airflowtut/py_env/lib/python3.10/site-packages/airflow/example_dags/example_time_delta_sensor_async.py took 0.129 seconds
[2024-08-09T19:49:44.097+0200] {processor.py:161} INFO - Started process (PID=19214) to work on /home/bvpelt/Develop/airflowtut/py_env/lib/python3.10/site-packages/airflow/example_dags/example_time_delta_sensor_async.py
[2024-08-09T19:49:44.097+0200] {processor.py:830} INFO - Processing file /home/bvpelt/Develop/airflowtut/py_env/lib/python3.10/site-packages/airflow/example_dags/example_time_delta_sensor_async.py for tasks to queue
[2024-08-09T19:49:44.098+0200] {logging_mixin.py:188} INFO - [2024-08-09T19:49:44.098+0200] {dagbag.py:545} INFO - Filling up the DagBag from /home/bvpelt/Develop/airflowtut/py_env/lib/python3.10/site-packages/airflow/example_dags/example_time_delta_sensor_async.py
[2024-08-09T19:49:44.101+0200] {processor.py:840} INFO - DAG(s) 'example_time_delta_sensor_async' retrieved from /home/bvpelt/Develop/airflowtut/py_env/lib/python3.10/site-packages/airflow/example_dags/example_time_delta_sensor_async.py
[2024-08-09T19:49:44.109+0200] {logging_mixin.py:188} INFO - [2024-08-09T19:49:44.109+0200] {dag.py:3089} INFO - Sync 1 DAGs
[2024-08-09T19:49:44.115+0200] {logging_mixin.py:188} INFO - [2024-08-09T19:49:44.115+0200] {dag.py:3947} INFO - Setting next_dagrun for example_time_delta_sensor_async to None, run_after=None
[2024-08-09T19:49:44.251+0200] {processor.py:183} INFO - Processing /home/bvpelt/Develop/airflowtut/py_env/lib/python3.10/site-packages/airflow/example_dags/example_time_delta_sensor_async.py took 0.157 seconds
[2024-08-09T19:50:37.836+0200] {processor.py:161} INFO - Started process (PID=19369) to work on /home/bvpelt/Develop/airflowtut/py_env/lib/python3.10/site-packages/airflow/example_dags/example_time_delta_sensor_async.py
[2024-08-09T19:50:37.836+0200] {processor.py:830} INFO - Processing file /home/bvpelt/Develop/airflowtut/py_env/lib/python3.10/site-packages/airflow/example_dags/example_time_delta_sensor_async.py for tasks to queue
[2024-08-09T19:50:37.837+0200] {logging_mixin.py:188} INFO - [2024-08-09T19:50:37.837+0200] {dagbag.py:545} INFO - Filling up the DagBag from /home/bvpelt/Develop/airflowtut/py_env/lib/python3.10/site-packages/airflow/example_dags/example_time_delta_sensor_async.py
[2024-08-09T19:50:37.840+0200] {processor.py:840} INFO - DAG(s) 'example_time_delta_sensor_async' retrieved from /home/bvpelt/Develop/airflowtut/py_env/lib/python3.10/site-packages/airflow/example_dags/example_time_delta_sensor_async.py
[2024-08-09T19:50:37.848+0200] {logging_mixin.py:188} INFO - [2024-08-09T19:50:37.848+0200] {dag.py:3089} INFO - Sync 1 DAGs
[2024-08-09T19:50:37.855+0200] {logging_mixin.py:188} INFO - [2024-08-09T19:50:37.855+0200] {dag.py:3947} INFO - Setting next_dagrun for example_time_delta_sensor_async to None, run_after=None
[2024-08-09T19:50:37.944+0200] {processor.py:183} INFO - Processing /home/bvpelt/Develop/airflowtut/py_env/lib/python3.10/site-packages/airflow/example_dags/example_time_delta_sensor_async.py took 0.112 seconds
[2024-08-09T19:51:27.779+0200] {processor.py:161} INFO - Started process (PID=19525) to work on /home/bvpelt/Develop/airflowtut/py_env/lib/python3.10/site-packages/airflow/example_dags/example_time_delta_sensor_async.py
[2024-08-09T19:51:27.780+0200] {processor.py:830} INFO - Processing file /home/bvpelt/Develop/airflowtut/py_env/lib/python3.10/site-packages/airflow/example_dags/example_time_delta_sensor_async.py for tasks to queue
[2024-08-09T19:51:27.781+0200] {logging_mixin.py:188} INFO - [2024-08-09T19:51:27.781+0200] {dagbag.py:545} INFO - Filling up the DagBag from /home/bvpelt/Develop/airflowtut/py_env/lib/python3.10/site-packages/airflow/example_dags/example_time_delta_sensor_async.py
[2024-08-09T19:51:27.784+0200] {processor.py:840} INFO - DAG(s) 'example_time_delta_sensor_async' retrieved from /home/bvpelt/Develop/airflowtut/py_env/lib/python3.10/site-packages/airflow/example_dags/example_time_delta_sensor_async.py
[2024-08-09T19:51:27.793+0200] {logging_mixin.py:188} INFO - [2024-08-09T19:51:27.793+0200] {dag.py:3089} INFO - Sync 1 DAGs
[2024-08-09T19:51:27.801+0200] {logging_mixin.py:188} INFO - [2024-08-09T19:51:27.801+0200] {dag.py:3947} INFO - Setting next_dagrun for example_time_delta_sensor_async to None, run_after=None
[2024-08-09T19:51:27.896+0200] {processor.py:183} INFO - Processing /home/bvpelt/Develop/airflowtut/py_env/lib/python3.10/site-packages/airflow/example_dags/example_time_delta_sensor_async.py took 0.120 seconds
[2024-08-09T19:52:46.143+0200] {processor.py:161} INFO - Started process (PID=20052) to work on /home/bvpelt/Develop/airflowtut/py_env/lib/python3.10/site-packages/airflow/example_dags/example_time_delta_sensor_async.py
[2024-08-09T19:52:46.146+0200] {processor.py:830} INFO - Processing file /home/bvpelt/Develop/airflowtut/py_env/lib/python3.10/site-packages/airflow/example_dags/example_time_delta_sensor_async.py for tasks to queue
[2024-08-09T19:52:46.149+0200] {logging_mixin.py:188} INFO - [2024-08-09T19:52:46.148+0200] {dagbag.py:545} INFO - Filling up the DagBag from /home/bvpelt/Develop/airflowtut/py_env/lib/python3.10/site-packages/airflow/example_dags/example_time_delta_sensor_async.py
[2024-08-09T19:52:46.158+0200] {processor.py:840} INFO - DAG(s) 'example_time_delta_sensor_async' retrieved from /home/bvpelt/Develop/airflowtut/py_env/lib/python3.10/site-packages/airflow/example_dags/example_time_delta_sensor_async.py
[2024-08-09T19:52:46.174+0200] {logging_mixin.py:188} INFO - [2024-08-09T19:52:46.173+0200] {dag.py:3089} INFO - Sync 1 DAGs
[2024-08-09T19:52:46.182+0200] {logging_mixin.py:188} INFO - [2024-08-09T19:52:46.182+0200] {dag.py:3947} INFO - Setting next_dagrun for example_time_delta_sensor_async to None, run_after=None
[2024-08-09T19:52:46.253+0200] {processor.py:183} INFO - Processing /home/bvpelt/Develop/airflowtut/py_env/lib/python3.10/site-packages/airflow/example_dags/example_time_delta_sensor_async.py took 0.126 seconds
[2024-08-09T19:53:43.013+0200] {processor.py:161} INFO - Started process (PID=20113) to work on /home/bvpelt/Develop/airflowtut/py_env/lib/python3.10/site-packages/airflow/example_dags/example_time_delta_sensor_async.py
[2024-08-09T19:53:43.013+0200] {processor.py:830} INFO - Processing file /home/bvpelt/Develop/airflowtut/py_env/lib/python3.10/site-packages/airflow/example_dags/example_time_delta_sensor_async.py for tasks to queue
[2024-08-09T19:53:43.014+0200] {logging_mixin.py:188} INFO - [2024-08-09T19:53:43.014+0200] {dagbag.py:545} INFO - Filling up the DagBag from /home/bvpelt/Develop/airflowtut/py_env/lib/python3.10/site-packages/airflow/example_dags/example_time_delta_sensor_async.py
[2024-08-09T19:53:43.017+0200] {processor.py:840} INFO - DAG(s) 'example_time_delta_sensor_async' retrieved from /home/bvpelt/Develop/airflowtut/py_env/lib/python3.10/site-packages/airflow/example_dags/example_time_delta_sensor_async.py
[2024-08-09T19:53:43.025+0200] {logging_mixin.py:188} INFO - [2024-08-09T19:53:43.025+0200] {dag.py:3089} INFO - Sync 1 DAGs
[2024-08-09T19:53:43.031+0200] {logging_mixin.py:188} INFO - [2024-08-09T19:53:43.031+0200] {dag.py:3947} INFO - Setting next_dagrun for example_time_delta_sensor_async to None, run_after=None
[2024-08-09T19:53:43.154+0200] {processor.py:183} INFO - Processing /home/bvpelt/Develop/airflowtut/py_env/lib/python3.10/site-packages/airflow/example_dags/example_time_delta_sensor_async.py took 0.144 seconds
[2024-08-09T19:54:35.083+0200] {processor.py:161} INFO - Started process (PID=20182) to work on /home/bvpelt/Develop/airflowtut/py_env/lib/python3.10/site-packages/airflow/example_dags/example_time_delta_sensor_async.py
[2024-08-09T19:54:35.097+0200] {processor.py:830} INFO - Processing file /home/bvpelt/Develop/airflowtut/py_env/lib/python3.10/site-packages/airflow/example_dags/example_time_delta_sensor_async.py for tasks to queue
[2024-08-09T19:54:35.098+0200] {logging_mixin.py:188} INFO - [2024-08-09T19:54:35.098+0200] {dagbag.py:545} INFO - Filling up the DagBag from /home/bvpelt/Develop/airflowtut/py_env/lib/python3.10/site-packages/airflow/example_dags/example_time_delta_sensor_async.py
[2024-08-09T19:54:35.102+0200] {processor.py:840} INFO - DAG(s) 'example_time_delta_sensor_async' retrieved from /home/bvpelt/Develop/airflowtut/py_env/lib/python3.10/site-packages/airflow/example_dags/example_time_delta_sensor_async.py
[2024-08-09T19:54:35.110+0200] {logging_mixin.py:188} INFO - [2024-08-09T19:54:35.110+0200] {dag.py:3089} INFO - Sync 1 DAGs
[2024-08-09T19:54:35.116+0200] {logging_mixin.py:188} INFO - [2024-08-09T19:54:35.116+0200] {dag.py:3947} INFO - Setting next_dagrun for example_time_delta_sensor_async to None, run_after=None
[2024-08-09T19:54:35.215+0200] {processor.py:183} INFO - Processing /home/bvpelt/Develop/airflowtut/py_env/lib/python3.10/site-packages/airflow/example_dags/example_time_delta_sensor_async.py took 0.135 seconds
[2024-08-09T19:55:26.159+0200] {processor.py:161} INFO - Started process (PID=20278) to work on /home/bvpelt/Develop/airflowtut/py_env/lib/python3.10/site-packages/airflow/example_dags/example_time_delta_sensor_async.py
[2024-08-09T19:55:26.160+0200] {processor.py:830} INFO - Processing file /home/bvpelt/Develop/airflowtut/py_env/lib/python3.10/site-packages/airflow/example_dags/example_time_delta_sensor_async.py for tasks to queue
[2024-08-09T19:55:26.160+0200] {logging_mixin.py:188} INFO - [2024-08-09T19:55:26.160+0200] {dagbag.py:545} INFO - Filling up the DagBag from /home/bvpelt/Develop/airflowtut/py_env/lib/python3.10/site-packages/airflow/example_dags/example_time_delta_sensor_async.py
[2024-08-09T19:55:26.163+0200] {processor.py:840} INFO - DAG(s) 'example_time_delta_sensor_async' retrieved from /home/bvpelt/Develop/airflowtut/py_env/lib/python3.10/site-packages/airflow/example_dags/example_time_delta_sensor_async.py
[2024-08-09T19:55:26.171+0200] {logging_mixin.py:188} INFO - [2024-08-09T19:55:26.171+0200] {dag.py:3089} INFO - Sync 1 DAGs
[2024-08-09T19:55:26.177+0200] {logging_mixin.py:188} INFO - [2024-08-09T19:55:26.177+0200] {dag.py:3947} INFO - Setting next_dagrun for example_time_delta_sensor_async to None, run_after=None
[2024-08-09T19:55:26.311+0200] {processor.py:183} INFO - Processing /home/bvpelt/Develop/airflowtut/py_env/lib/python3.10/site-packages/airflow/example_dags/example_time_delta_sensor_async.py took 0.155 seconds
[2024-08-09T19:56:14.307+0200] {processor.py:161} INFO - Started process (PID=20342) to work on /home/bvpelt/Develop/airflowtut/py_env/lib/python3.10/site-packages/airflow/example_dags/example_time_delta_sensor_async.py
[2024-08-09T19:56:14.308+0200] {processor.py:830} INFO - Processing file /home/bvpelt/Develop/airflowtut/py_env/lib/python3.10/site-packages/airflow/example_dags/example_time_delta_sensor_async.py for tasks to queue
[2024-08-09T19:56:14.309+0200] {logging_mixin.py:188} INFO - [2024-08-09T19:56:14.309+0200] {dagbag.py:545} INFO - Filling up the DagBag from /home/bvpelt/Develop/airflowtut/py_env/lib/python3.10/site-packages/airflow/example_dags/example_time_delta_sensor_async.py
[2024-08-09T19:56:14.311+0200] {processor.py:840} INFO - DAG(s) 'example_time_delta_sensor_async' retrieved from /home/bvpelt/Develop/airflowtut/py_env/lib/python3.10/site-packages/airflow/example_dags/example_time_delta_sensor_async.py
[2024-08-09T19:56:14.321+0200] {logging_mixin.py:188} INFO - [2024-08-09T19:56:14.320+0200] {dag.py:3089} INFO - Sync 1 DAGs
[2024-08-09T19:56:14.328+0200] {logging_mixin.py:188} INFO - [2024-08-09T19:56:14.328+0200] {dag.py:3947} INFO - Setting next_dagrun for example_time_delta_sensor_async to None, run_after=None
[2024-08-09T19:56:14.401+0200] {processor.py:183} INFO - Processing /home/bvpelt/Develop/airflowtut/py_env/lib/python3.10/site-packages/airflow/example_dags/example_time_delta_sensor_async.py took 0.097 seconds
[2024-08-09T19:57:02.497+0200] {processor.py:161} INFO - Started process (PID=20395) to work on /home/bvpelt/Develop/airflowtut/py_env/lib/python3.10/site-packages/airflow/example_dags/example_time_delta_sensor_async.py
[2024-08-09T19:57:02.497+0200] {processor.py:830} INFO - Processing file /home/bvpelt/Develop/airflowtut/py_env/lib/python3.10/site-packages/airflow/example_dags/example_time_delta_sensor_async.py for tasks to queue
[2024-08-09T19:57:02.498+0200] {logging_mixin.py:188} INFO - [2024-08-09T19:57:02.498+0200] {dagbag.py:545} INFO - Filling up the DagBag from /home/bvpelt/Develop/airflowtut/py_env/lib/python3.10/site-packages/airflow/example_dags/example_time_delta_sensor_async.py
[2024-08-09T19:57:02.500+0200] {processor.py:840} INFO - DAG(s) 'example_time_delta_sensor_async' retrieved from /home/bvpelt/Develop/airflowtut/py_env/lib/python3.10/site-packages/airflow/example_dags/example_time_delta_sensor_async.py
[2024-08-09T19:57:02.508+0200] {logging_mixin.py:188} INFO - [2024-08-09T19:57:02.508+0200] {dag.py:3089} INFO - Sync 1 DAGs
[2024-08-09T19:57:02.514+0200] {logging_mixin.py:188} INFO - [2024-08-09T19:57:02.514+0200] {dag.py:3947} INFO - Setting next_dagrun for example_time_delta_sensor_async to None, run_after=None
[2024-08-09T19:57:02.612+0200] {processor.py:183} INFO - Processing /home/bvpelt/Develop/airflowtut/py_env/lib/python3.10/site-packages/airflow/example_dags/example_time_delta_sensor_async.py took 0.119 seconds
[2024-08-09T19:57:53.932+0200] {processor.py:161} INFO - Started process (PID=20520) to work on /home/bvpelt/Develop/airflowtut/py_env/lib/python3.10/site-packages/airflow/example_dags/example_time_delta_sensor_async.py
[2024-08-09T19:57:54.000+0200] {processor.py:830} INFO - Processing file /home/bvpelt/Develop/airflowtut/py_env/lib/python3.10/site-packages/airflow/example_dags/example_time_delta_sensor_async.py for tasks to queue
[2024-08-09T19:57:54.003+0200] {logging_mixin.py:188} INFO - [2024-08-09T19:57:54.003+0200] {dagbag.py:545} INFO - Filling up the DagBag from /home/bvpelt/Develop/airflowtut/py_env/lib/python3.10/site-packages/airflow/example_dags/example_time_delta_sensor_async.py
[2024-08-09T19:57:54.006+0200] {processor.py:840} INFO - DAG(s) 'example_time_delta_sensor_async' retrieved from /home/bvpelt/Develop/airflowtut/py_env/lib/python3.10/site-packages/airflow/example_dags/example_time_delta_sensor_async.py
[2024-08-09T19:57:54.014+0200] {logging_mixin.py:188} INFO - [2024-08-09T19:57:54.014+0200] {dag.py:3089} INFO - Sync 1 DAGs
[2024-08-09T19:57:54.021+0200] {logging_mixin.py:188} INFO - [2024-08-09T19:57:54.020+0200] {dag.py:3947} INFO - Setting next_dagrun for example_time_delta_sensor_async to None, run_after=None
[2024-08-09T19:57:54.112+0200] {processor.py:183} INFO - Processing /home/bvpelt/Develop/airflowtut/py_env/lib/python3.10/site-packages/airflow/example_dags/example_time_delta_sensor_async.py took 0.183 seconds
[2024-08-09T19:58:49.319+0200] {processor.py:161} INFO - Started process (PID=20662) to work on /home/bvpelt/Develop/airflowtut/py_env/lib/python3.10/site-packages/airflow/example_dags/example_time_delta_sensor_async.py
[2024-08-09T19:58:49.320+0200] {processor.py:830} INFO - Processing file /home/bvpelt/Develop/airflowtut/py_env/lib/python3.10/site-packages/airflow/example_dags/example_time_delta_sensor_async.py for tasks to queue
[2024-08-09T19:58:49.321+0200] {logging_mixin.py:188} INFO - [2024-08-09T19:58:49.321+0200] {dagbag.py:545} INFO - Filling up the DagBag from /home/bvpelt/Develop/airflowtut/py_env/lib/python3.10/site-packages/airflow/example_dags/example_time_delta_sensor_async.py
[2024-08-09T19:58:49.324+0200] {processor.py:840} INFO - DAG(s) 'example_time_delta_sensor_async' retrieved from /home/bvpelt/Develop/airflowtut/py_env/lib/python3.10/site-packages/airflow/example_dags/example_time_delta_sensor_async.py
[2024-08-09T19:58:49.333+0200] {logging_mixin.py:188} INFO - [2024-08-09T19:58:49.333+0200] {dag.py:3089} INFO - Sync 1 DAGs
[2024-08-09T19:58:49.339+0200] {logging_mixin.py:188} INFO - [2024-08-09T19:58:49.339+0200] {dag.py:3947} INFO - Setting next_dagrun for example_time_delta_sensor_async to None, run_after=None
[2024-08-09T19:58:49.433+0200] {processor.py:183} INFO - Processing /home/bvpelt/Develop/airflowtut/py_env/lib/python3.10/site-packages/airflow/example_dags/example_time_delta_sensor_async.py took 0.117 seconds
[2024-08-09T19:59:45.978+0200] {processor.py:161} INFO - Started process (PID=20720) to work on /home/bvpelt/Develop/airflowtut/py_env/lib/python3.10/site-packages/airflow/example_dags/example_time_delta_sensor_async.py
[2024-08-09T19:59:45.978+0200] {processor.py:830} INFO - Processing file /home/bvpelt/Develop/airflowtut/py_env/lib/python3.10/site-packages/airflow/example_dags/example_time_delta_sensor_async.py for tasks to queue
[2024-08-09T19:59:45.979+0200] {logging_mixin.py:188} INFO - [2024-08-09T19:59:45.979+0200] {dagbag.py:545} INFO - Filling up the DagBag from /home/bvpelt/Develop/airflowtut/py_env/lib/python3.10/site-packages/airflow/example_dags/example_time_delta_sensor_async.py
[2024-08-09T19:59:45.982+0200] {processor.py:840} INFO - DAG(s) 'example_time_delta_sensor_async' retrieved from /home/bvpelt/Develop/airflowtut/py_env/lib/python3.10/site-packages/airflow/example_dags/example_time_delta_sensor_async.py
[2024-08-09T19:59:45.990+0200] {logging_mixin.py:188} INFO - [2024-08-09T19:59:45.990+0200] {dag.py:3089} INFO - Sync 1 DAGs
[2024-08-09T19:59:45.997+0200] {logging_mixin.py:188} INFO - [2024-08-09T19:59:45.997+0200] {dag.py:3947} INFO - Setting next_dagrun for example_time_delta_sensor_async to None, run_after=None
[2024-08-09T19:59:46.094+0200] {processor.py:183} INFO - Processing /home/bvpelt/Develop/airflowtut/py_env/lib/python3.10/site-packages/airflow/example_dags/example_time_delta_sensor_async.py took 0.119 seconds
[2024-08-09T20:00:34.802+0200] {processor.py:161} INFO - Started process (PID=20796) to work on /home/bvpelt/Develop/airflowtut/py_env/lib/python3.10/site-packages/airflow/example_dags/example_time_delta_sensor_async.py
[2024-08-09T20:00:34.803+0200] {processor.py:830} INFO - Processing file /home/bvpelt/Develop/airflowtut/py_env/lib/python3.10/site-packages/airflow/example_dags/example_time_delta_sensor_async.py for tasks to queue
[2024-08-09T20:00:34.804+0200] {logging_mixin.py:188} INFO - [2024-08-09T20:00:34.804+0200] {dagbag.py:545} INFO - Filling up the DagBag from /home/bvpelt/Develop/airflowtut/py_env/lib/python3.10/site-packages/airflow/example_dags/example_time_delta_sensor_async.py
[2024-08-09T20:00:34.806+0200] {processor.py:840} INFO - DAG(s) 'example_time_delta_sensor_async' retrieved from /home/bvpelt/Develop/airflowtut/py_env/lib/python3.10/site-packages/airflow/example_dags/example_time_delta_sensor_async.py
[2024-08-09T20:00:34.814+0200] {logging_mixin.py:188} INFO - [2024-08-09T20:00:34.814+0200] {dag.py:3089} INFO - Sync 1 DAGs
[2024-08-09T20:00:34.821+0200] {logging_mixin.py:188} INFO - [2024-08-09T20:00:34.821+0200] {dag.py:3947} INFO - Setting next_dagrun for example_time_delta_sensor_async to None, run_after=None
[2024-08-09T20:00:34.917+0200] {processor.py:183} INFO - Processing /home/bvpelt/Develop/airflowtut/py_env/lib/python3.10/site-packages/airflow/example_dags/example_time_delta_sensor_async.py took 0.118 seconds
[2024-08-09T20:01:25.789+0200] {processor.py:161} INFO - Started process (PID=20856) to work on /home/bvpelt/Develop/airflowtut/py_env/lib/python3.10/site-packages/airflow/example_dags/example_time_delta_sensor_async.py
[2024-08-09T20:01:25.790+0200] {processor.py:830} INFO - Processing file /home/bvpelt/Develop/airflowtut/py_env/lib/python3.10/site-packages/airflow/example_dags/example_time_delta_sensor_async.py for tasks to queue
[2024-08-09T20:01:25.791+0200] {logging_mixin.py:188} INFO - [2024-08-09T20:01:25.790+0200] {dagbag.py:545} INFO - Filling up the DagBag from /home/bvpelt/Develop/airflowtut/py_env/lib/python3.10/site-packages/airflow/example_dags/example_time_delta_sensor_async.py
[2024-08-09T20:01:25.793+0200] {processor.py:840} INFO - DAG(s) 'example_time_delta_sensor_async' retrieved from /home/bvpelt/Develop/airflowtut/py_env/lib/python3.10/site-packages/airflow/example_dags/example_time_delta_sensor_async.py
[2024-08-09T20:01:25.801+0200] {logging_mixin.py:188} INFO - [2024-08-09T20:01:25.801+0200] {dag.py:3089} INFO - Sync 1 DAGs
[2024-08-09T20:01:25.807+0200] {logging_mixin.py:188} INFO - [2024-08-09T20:01:25.807+0200] {dag.py:3947} INFO - Setting next_dagrun for example_time_delta_sensor_async to None, run_after=None
[2024-08-09T20:01:25.891+0200] {processor.py:183} INFO - Processing /home/bvpelt/Develop/airflowtut/py_env/lib/python3.10/site-packages/airflow/example_dags/example_time_delta_sensor_async.py took 0.104 seconds
[2024-08-09T20:02:15.834+0200] {processor.py:161} INFO - Started process (PID=20986) to work on /home/bvpelt/Develop/airflowtut/py_env/lib/python3.10/site-packages/airflow/example_dags/example_time_delta_sensor_async.py
[2024-08-09T20:02:15.835+0200] {processor.py:830} INFO - Processing file /home/bvpelt/Develop/airflowtut/py_env/lib/python3.10/site-packages/airflow/example_dags/example_time_delta_sensor_async.py for tasks to queue
[2024-08-09T20:02:15.836+0200] {logging_mixin.py:188} INFO - [2024-08-09T20:02:15.836+0200] {dagbag.py:545} INFO - Filling up the DagBag from /home/bvpelt/Develop/airflowtut/py_env/lib/python3.10/site-packages/airflow/example_dags/example_time_delta_sensor_async.py
[2024-08-09T20:02:15.839+0200] {processor.py:840} INFO - DAG(s) 'example_time_delta_sensor_async' retrieved from /home/bvpelt/Develop/airflowtut/py_env/lib/python3.10/site-packages/airflow/example_dags/example_time_delta_sensor_async.py
[2024-08-09T20:02:15.848+0200] {logging_mixin.py:188} INFO - [2024-08-09T20:02:15.848+0200] {dag.py:3089} INFO - Sync 1 DAGs
[2024-08-09T20:02:15.855+0200] {logging_mixin.py:188} INFO - [2024-08-09T20:02:15.855+0200] {dag.py:3947} INFO - Setting next_dagrun for example_time_delta_sensor_async to None, run_after=None
[2024-08-09T20:02:16.152+0200] {processor.py:183} INFO - Processing /home/bvpelt/Develop/airflowtut/py_env/lib/python3.10/site-packages/airflow/example_dags/example_time_delta_sensor_async.py took 0.321 seconds
[2024-08-09T20:03:12.329+0200] {processor.py:161} INFO - Started process (PID=21082) to work on /home/bvpelt/Develop/airflowtut/py_env/lib/python3.10/site-packages/airflow/example_dags/example_time_delta_sensor_async.py
[2024-08-09T20:03:12.341+0200] {processor.py:830} INFO - Processing file /home/bvpelt/Develop/airflowtut/py_env/lib/python3.10/site-packages/airflow/example_dags/example_time_delta_sensor_async.py for tasks to queue
[2024-08-09T20:03:12.342+0200] {logging_mixin.py:188} INFO - [2024-08-09T20:03:12.342+0200] {dagbag.py:545} INFO - Filling up the DagBag from /home/bvpelt/Develop/airflowtut/py_env/lib/python3.10/site-packages/airflow/example_dags/example_time_delta_sensor_async.py
[2024-08-09T20:03:12.345+0200] {processor.py:840} INFO - DAG(s) 'example_time_delta_sensor_async' retrieved from /home/bvpelt/Develop/airflowtut/py_env/lib/python3.10/site-packages/airflow/example_dags/example_time_delta_sensor_async.py
[2024-08-09T20:03:12.353+0200] {logging_mixin.py:188} INFO - [2024-08-09T20:03:12.353+0200] {dag.py:3089} INFO - Sync 1 DAGs
[2024-08-09T20:03:12.360+0200] {logging_mixin.py:188} INFO - [2024-08-09T20:03:12.359+0200] {dag.py:3947} INFO - Setting next_dagrun for example_time_delta_sensor_async to None, run_after=None
[2024-08-09T20:03:12.440+0200] {processor.py:183} INFO - Processing /home/bvpelt/Develop/airflowtut/py_env/lib/python3.10/site-packages/airflow/example_dags/example_time_delta_sensor_async.py took 0.114 seconds
[2024-08-09T20:04:08.074+0200] {processor.py:161} INFO - Started process (PID=21139) to work on /home/bvpelt/Develop/airflowtut/py_env/lib/python3.10/site-packages/airflow/example_dags/example_time_delta_sensor_async.py
[2024-08-09T20:04:08.088+0200] {processor.py:830} INFO - Processing file /home/bvpelt/Develop/airflowtut/py_env/lib/python3.10/site-packages/airflow/example_dags/example_time_delta_sensor_async.py for tasks to queue
[2024-08-09T20:04:08.089+0200] {logging_mixin.py:188} INFO - [2024-08-09T20:04:08.089+0200] {dagbag.py:545} INFO - Filling up the DagBag from /home/bvpelt/Develop/airflowtut/py_env/lib/python3.10/site-packages/airflow/example_dags/example_time_delta_sensor_async.py
[2024-08-09T20:04:08.092+0200] {processor.py:840} INFO - DAG(s) 'example_time_delta_sensor_async' retrieved from /home/bvpelt/Develop/airflowtut/py_env/lib/python3.10/site-packages/airflow/example_dags/example_time_delta_sensor_async.py
[2024-08-09T20:04:08.100+0200] {logging_mixin.py:188} INFO - [2024-08-09T20:04:08.100+0200] {dag.py:3089} INFO - Sync 1 DAGs
[2024-08-09T20:04:08.107+0200] {logging_mixin.py:188} INFO - [2024-08-09T20:04:08.106+0200] {dag.py:3947} INFO - Setting next_dagrun for example_time_delta_sensor_async to None, run_after=None
[2024-08-09T20:04:08.232+0200] {processor.py:183} INFO - Processing /home/bvpelt/Develop/airflowtut/py_env/lib/python3.10/site-packages/airflow/example_dags/example_time_delta_sensor_async.py took 0.161 seconds
[2024-08-09T20:04:58.728+0200] {processor.py:161} INFO - Started process (PID=21260) to work on /home/bvpelt/Develop/airflowtut/py_env/lib/python3.10/site-packages/airflow/example_dags/example_time_delta_sensor_async.py
[2024-08-09T20:04:58.744+0200] {processor.py:830} INFO - Processing file /home/bvpelt/Develop/airflowtut/py_env/lib/python3.10/site-packages/airflow/example_dags/example_time_delta_sensor_async.py for tasks to queue
[2024-08-09T20:04:58.745+0200] {logging_mixin.py:188} INFO - [2024-08-09T20:04:58.744+0200] {dagbag.py:545} INFO - Filling up the DagBag from /home/bvpelt/Develop/airflowtut/py_env/lib/python3.10/site-packages/airflow/example_dags/example_time_delta_sensor_async.py
[2024-08-09T20:04:58.748+0200] {processor.py:840} INFO - DAG(s) 'example_time_delta_sensor_async' retrieved from /home/bvpelt/Develop/airflowtut/py_env/lib/python3.10/site-packages/airflow/example_dags/example_time_delta_sensor_async.py
[2024-08-09T20:04:58.756+0200] {logging_mixin.py:188} INFO - [2024-08-09T20:04:58.756+0200] {dag.py:3089} INFO - Sync 1 DAGs
[2024-08-09T20:04:58.762+0200] {logging_mixin.py:188} INFO - [2024-08-09T20:04:58.762+0200] {dag.py:3947} INFO - Setting next_dagrun for example_time_delta_sensor_async to None, run_after=None
[2024-08-09T20:04:58.863+0200] {processor.py:183} INFO - Processing /home/bvpelt/Develop/airflowtut/py_env/lib/python3.10/site-packages/airflow/example_dags/example_time_delta_sensor_async.py took 0.138 seconds
[2024-08-09T20:05:54.583+0200] {processor.py:161} INFO - Started process (PID=21383) to work on /home/bvpelt/Develop/airflowtut/py_env/lib/python3.10/site-packages/airflow/example_dags/example_time_delta_sensor_async.py
[2024-08-09T20:05:54.584+0200] {processor.py:830} INFO - Processing file /home/bvpelt/Develop/airflowtut/py_env/lib/python3.10/site-packages/airflow/example_dags/example_time_delta_sensor_async.py for tasks to queue
[2024-08-09T20:05:54.585+0200] {logging_mixin.py:188} INFO - [2024-08-09T20:05:54.584+0200] {dagbag.py:545} INFO - Filling up the DagBag from /home/bvpelt/Develop/airflowtut/py_env/lib/python3.10/site-packages/airflow/example_dags/example_time_delta_sensor_async.py
[2024-08-09T20:05:54.587+0200] {processor.py:840} INFO - DAG(s) 'example_time_delta_sensor_async' retrieved from /home/bvpelt/Develop/airflowtut/py_env/lib/python3.10/site-packages/airflow/example_dags/example_time_delta_sensor_async.py
[2024-08-09T20:05:54.595+0200] {logging_mixin.py:188} INFO - [2024-08-09T20:05:54.595+0200] {dag.py:3089} INFO - Sync 1 DAGs
[2024-08-09T20:05:54.602+0200] {logging_mixin.py:188} INFO - [2024-08-09T20:05:54.602+0200] {dag.py:3947} INFO - Setting next_dagrun for example_time_delta_sensor_async to None, run_after=None
[2024-08-09T20:05:54.683+0200] {processor.py:183} INFO - Processing /home/bvpelt/Develop/airflowtut/py_env/lib/python3.10/site-packages/airflow/example_dags/example_time_delta_sensor_async.py took 0.102 seconds
[2024-08-09T20:06:50.368+0200] {processor.py:161} INFO - Started process (PID=21476) to work on /home/bvpelt/Develop/airflowtut/py_env/lib/python3.10/site-packages/airflow/example_dags/example_time_delta_sensor_async.py
[2024-08-09T20:06:50.368+0200] {processor.py:830} INFO - Processing file /home/bvpelt/Develop/airflowtut/py_env/lib/python3.10/site-packages/airflow/example_dags/example_time_delta_sensor_async.py for tasks to queue
[2024-08-09T20:06:50.369+0200] {logging_mixin.py:188} INFO - [2024-08-09T20:06:50.369+0200] {dagbag.py:545} INFO - Filling up the DagBag from /home/bvpelt/Develop/airflowtut/py_env/lib/python3.10/site-packages/airflow/example_dags/example_time_delta_sensor_async.py
[2024-08-09T20:06:50.372+0200] {processor.py:840} INFO - DAG(s) 'example_time_delta_sensor_async' retrieved from /home/bvpelt/Develop/airflowtut/py_env/lib/python3.10/site-packages/airflow/example_dags/example_time_delta_sensor_async.py
[2024-08-09T20:06:50.380+0200] {logging_mixin.py:188} INFO - [2024-08-09T20:06:50.380+0200] {dag.py:3089} INFO - Sync 1 DAGs
[2024-08-09T20:06:50.386+0200] {logging_mixin.py:188} INFO - [2024-08-09T20:06:50.386+0200] {dag.py:3947} INFO - Setting next_dagrun for example_time_delta_sensor_async to None, run_after=None
[2024-08-09T20:06:50.471+0200] {processor.py:183} INFO - Processing /home/bvpelt/Develop/airflowtut/py_env/lib/python3.10/site-packages/airflow/example_dags/example_time_delta_sensor_async.py took 0.106 seconds
[2024-08-09T20:07:42.192+0200] {processor.py:161} INFO - Started process (PID=21604) to work on /home/bvpelt/Develop/airflowtut/py_env/lib/python3.10/site-packages/airflow/example_dags/example_time_delta_sensor_async.py
[2024-08-09T20:07:42.201+0200] {processor.py:830} INFO - Processing file /home/bvpelt/Develop/airflowtut/py_env/lib/python3.10/site-packages/airflow/example_dags/example_time_delta_sensor_async.py for tasks to queue
[2024-08-09T20:07:42.202+0200] {logging_mixin.py:188} INFO - [2024-08-09T20:07:42.201+0200] {dagbag.py:545} INFO - Filling up the DagBag from /home/bvpelt/Develop/airflowtut/py_env/lib/python3.10/site-packages/airflow/example_dags/example_time_delta_sensor_async.py
[2024-08-09T20:07:42.204+0200] {processor.py:840} INFO - DAG(s) 'example_time_delta_sensor_async' retrieved from /home/bvpelt/Develop/airflowtut/py_env/lib/python3.10/site-packages/airflow/example_dags/example_time_delta_sensor_async.py
[2024-08-09T20:07:42.213+0200] {logging_mixin.py:188} INFO - [2024-08-09T20:07:42.213+0200] {dag.py:3089} INFO - Sync 1 DAGs
[2024-08-09T20:07:42.219+0200] {logging_mixin.py:188} INFO - [2024-08-09T20:07:42.219+0200] {dag.py:3947} INFO - Setting next_dagrun for example_time_delta_sensor_async to None, run_after=None
[2024-08-09T20:07:42.300+0200] {processor.py:183} INFO - Processing /home/bvpelt/Develop/airflowtut/py_env/lib/python3.10/site-packages/airflow/example_dags/example_time_delta_sensor_async.py took 0.111 seconds
[2024-08-09T20:08:33.014+0200] {processor.py:161} INFO - Started process (PID=21690) to work on /home/bvpelt/Develop/airflowtut/py_env/lib/python3.10/site-packages/airflow/example_dags/example_time_delta_sensor_async.py
[2024-08-09T20:08:33.014+0200] {processor.py:830} INFO - Processing file /home/bvpelt/Develop/airflowtut/py_env/lib/python3.10/site-packages/airflow/example_dags/example_time_delta_sensor_async.py for tasks to queue
[2024-08-09T20:08:33.015+0200] {logging_mixin.py:188} INFO - [2024-08-09T20:08:33.015+0200] {dagbag.py:545} INFO - Filling up the DagBag from /home/bvpelt/Develop/airflowtut/py_env/lib/python3.10/site-packages/airflow/example_dags/example_time_delta_sensor_async.py
[2024-08-09T20:08:33.018+0200] {processor.py:840} INFO - DAG(s) 'example_time_delta_sensor_async' retrieved from /home/bvpelt/Develop/airflowtut/py_env/lib/python3.10/site-packages/airflow/example_dags/example_time_delta_sensor_async.py
[2024-08-09T20:08:33.026+0200] {logging_mixin.py:188} INFO - [2024-08-09T20:08:33.026+0200] {dag.py:3089} INFO - Sync 1 DAGs
[2024-08-09T20:08:33.032+0200] {logging_mixin.py:188} INFO - [2024-08-09T20:08:33.032+0200] {dag.py:3947} INFO - Setting next_dagrun for example_time_delta_sensor_async to None, run_after=None
[2024-08-09T20:08:33.138+0200] {processor.py:183} INFO - Processing /home/bvpelt/Develop/airflowtut/py_env/lib/python3.10/site-packages/airflow/example_dags/example_time_delta_sensor_async.py took 0.127 seconds
[2024-08-09T20:09:26.580+0200] {processor.py:161} INFO - Started process (PID=21746) to work on /home/bvpelt/Develop/airflowtut/py_env/lib/python3.10/site-packages/airflow/example_dags/example_time_delta_sensor_async.py
[2024-08-09T20:09:26.592+0200] {processor.py:830} INFO - Processing file /home/bvpelt/Develop/airflowtut/py_env/lib/python3.10/site-packages/airflow/example_dags/example_time_delta_sensor_async.py for tasks to queue
[2024-08-09T20:09:26.593+0200] {logging_mixin.py:188} INFO - [2024-08-09T20:09:26.593+0200] {dagbag.py:545} INFO - Filling up the DagBag from /home/bvpelt/Develop/airflowtut/py_env/lib/python3.10/site-packages/airflow/example_dags/example_time_delta_sensor_async.py
[2024-08-09T20:09:26.597+0200] {processor.py:840} INFO - DAG(s) 'example_time_delta_sensor_async' retrieved from /home/bvpelt/Develop/airflowtut/py_env/lib/python3.10/site-packages/airflow/example_dags/example_time_delta_sensor_async.py
[2024-08-09T20:09:26.605+0200] {logging_mixin.py:188} INFO - [2024-08-09T20:09:26.604+0200] {dag.py:3089} INFO - Sync 1 DAGs
[2024-08-09T20:09:26.611+0200] {logging_mixin.py:188} INFO - [2024-08-09T20:09:26.611+0200] {dag.py:3947} INFO - Setting next_dagrun for example_time_delta_sensor_async to None, run_after=None
[2024-08-09T20:09:26.710+0200] {processor.py:183} INFO - Processing /home/bvpelt/Develop/airflowtut/py_env/lib/python3.10/site-packages/airflow/example_dags/example_time_delta_sensor_async.py took 0.133 seconds
[2024-08-09T20:10:15.289+0200] {processor.py:161} INFO - Started process (PID=21817) to work on /home/bvpelt/Develop/airflowtut/py_env/lib/python3.10/site-packages/airflow/example_dags/example_time_delta_sensor_async.py
[2024-08-09T20:10:15.298+0200] {processor.py:830} INFO - Processing file /home/bvpelt/Develop/airflowtut/py_env/lib/python3.10/site-packages/airflow/example_dags/example_time_delta_sensor_async.py for tasks to queue
[2024-08-09T20:10:15.299+0200] {logging_mixin.py:188} INFO - [2024-08-09T20:10:15.299+0200] {dagbag.py:545} INFO - Filling up the DagBag from /home/bvpelt/Develop/airflowtut/py_env/lib/python3.10/site-packages/airflow/example_dags/example_time_delta_sensor_async.py
[2024-08-09T20:10:15.302+0200] {processor.py:840} INFO - DAG(s) 'example_time_delta_sensor_async' retrieved from /home/bvpelt/Develop/airflowtut/py_env/lib/python3.10/site-packages/airflow/example_dags/example_time_delta_sensor_async.py
[2024-08-09T20:10:15.310+0200] {logging_mixin.py:188} INFO - [2024-08-09T20:10:15.310+0200] {dag.py:3089} INFO - Sync 1 DAGs
[2024-08-09T20:10:15.316+0200] {logging_mixin.py:188} INFO - [2024-08-09T20:10:15.316+0200] {dag.py:3947} INFO - Setting next_dagrun for example_time_delta_sensor_async to None, run_after=None
[2024-08-09T20:10:15.381+0200] {processor.py:183} INFO - Processing /home/bvpelt/Develop/airflowtut/py_env/lib/python3.10/site-packages/airflow/example_dags/example_time_delta_sensor_async.py took 0.095 seconds
[2024-08-09T20:11:05.108+0200] {processor.py:161} INFO - Started process (PID=21873) to work on /home/bvpelt/Develop/airflowtut/py_env/lib/python3.10/site-packages/airflow/example_dags/example_time_delta_sensor_async.py
[2024-08-09T20:11:05.109+0200] {processor.py:830} INFO - Processing file /home/bvpelt/Develop/airflowtut/py_env/lib/python3.10/site-packages/airflow/example_dags/example_time_delta_sensor_async.py for tasks to queue
[2024-08-09T20:11:05.110+0200] {logging_mixin.py:188} INFO - [2024-08-09T20:11:05.110+0200] {dagbag.py:545} INFO - Filling up the DagBag from /home/bvpelt/Develop/airflowtut/py_env/lib/python3.10/site-packages/airflow/example_dags/example_time_delta_sensor_async.py
[2024-08-09T20:11:05.112+0200] {processor.py:840} INFO - DAG(s) 'example_time_delta_sensor_async' retrieved from /home/bvpelt/Develop/airflowtut/py_env/lib/python3.10/site-packages/airflow/example_dags/example_time_delta_sensor_async.py
[2024-08-09T20:11:05.121+0200] {logging_mixin.py:188} INFO - [2024-08-09T20:11:05.121+0200] {dag.py:3089} INFO - Sync 1 DAGs
[2024-08-09T20:11:05.128+0200] {logging_mixin.py:188} INFO - [2024-08-09T20:11:05.128+0200] {dag.py:3947} INFO - Setting next_dagrun for example_time_delta_sensor_async to None, run_after=None
[2024-08-09T20:11:05.212+0200] {processor.py:183} INFO - Processing /home/bvpelt/Develop/airflowtut/py_env/lib/python3.10/site-packages/airflow/example_dags/example_time_delta_sensor_async.py took 0.107 seconds
[2024-08-09T20:11:55.596+0200] {processor.py:161} INFO - Started process (PID=21923) to work on /home/bvpelt/Develop/airflowtut/py_env/lib/python3.10/site-packages/airflow/example_dags/example_time_delta_sensor_async.py
[2024-08-09T20:11:55.596+0200] {processor.py:830} INFO - Processing file /home/bvpelt/Develop/airflowtut/py_env/lib/python3.10/site-packages/airflow/example_dags/example_time_delta_sensor_async.py for tasks to queue
[2024-08-09T20:11:55.597+0200] {logging_mixin.py:188} INFO - [2024-08-09T20:11:55.597+0200] {dagbag.py:545} INFO - Filling up the DagBag from /home/bvpelt/Develop/airflowtut/py_env/lib/python3.10/site-packages/airflow/example_dags/example_time_delta_sensor_async.py
[2024-08-09T20:11:55.600+0200] {processor.py:840} INFO - DAG(s) 'example_time_delta_sensor_async' retrieved from /home/bvpelt/Develop/airflowtut/py_env/lib/python3.10/site-packages/airflow/example_dags/example_time_delta_sensor_async.py
[2024-08-09T20:11:55.608+0200] {logging_mixin.py:188} INFO - [2024-08-09T20:11:55.608+0200] {dag.py:3089} INFO - Sync 1 DAGs
[2024-08-09T20:11:55.615+0200] {logging_mixin.py:188} INFO - [2024-08-09T20:11:55.614+0200] {dag.py:3947} INFO - Setting next_dagrun for example_time_delta_sensor_async to None, run_after=None
[2024-08-09T20:11:55.701+0200] {processor.py:183} INFO - Processing /home/bvpelt/Develop/airflowtut/py_env/lib/python3.10/site-packages/airflow/example_dags/example_time_delta_sensor_async.py took 0.108 seconds
[2024-08-09T20:12:44.736+0200] {processor.py:161} INFO - Started process (PID=22034) to work on /home/bvpelt/Develop/airflowtut/py_env/lib/python3.10/site-packages/airflow/example_dags/example_time_delta_sensor_async.py
[2024-08-09T20:12:44.737+0200] {processor.py:830} INFO - Processing file /home/bvpelt/Develop/airflowtut/py_env/lib/python3.10/site-packages/airflow/example_dags/example_time_delta_sensor_async.py for tasks to queue
[2024-08-09T20:12:44.738+0200] {logging_mixin.py:188} INFO - [2024-08-09T20:12:44.738+0200] {dagbag.py:545} INFO - Filling up the DagBag from /home/bvpelt/Develop/airflowtut/py_env/lib/python3.10/site-packages/airflow/example_dags/example_time_delta_sensor_async.py
[2024-08-09T20:12:44.740+0200] {processor.py:840} INFO - DAG(s) 'example_time_delta_sensor_async' retrieved from /home/bvpelt/Develop/airflowtut/py_env/lib/python3.10/site-packages/airflow/example_dags/example_time_delta_sensor_async.py
[2024-08-09T20:12:44.749+0200] {logging_mixin.py:188} INFO - [2024-08-09T20:12:44.749+0200] {dag.py:3089} INFO - Sync 1 DAGs
[2024-08-09T20:12:44.755+0200] {logging_mixin.py:188} INFO - [2024-08-09T20:12:44.755+0200] {dag.py:3947} INFO - Setting next_dagrun for example_time_delta_sensor_async to None, run_after=None
[2024-08-09T20:12:44.836+0200] {processor.py:183} INFO - Processing /home/bvpelt/Develop/airflowtut/py_env/lib/python3.10/site-packages/airflow/example_dags/example_time_delta_sensor_async.py took 0.103 seconds
[2024-08-09T20:13:39.379+0200] {processor.py:161} INFO - Started process (PID=22121) to work on /home/bvpelt/Develop/airflowtut/py_env/lib/python3.10/site-packages/airflow/example_dags/example_time_delta_sensor_async.py
[2024-08-09T20:13:39.379+0200] {processor.py:830} INFO - Processing file /home/bvpelt/Develop/airflowtut/py_env/lib/python3.10/site-packages/airflow/example_dags/example_time_delta_sensor_async.py for tasks to queue
[2024-08-09T20:13:39.380+0200] {logging_mixin.py:188} INFO - [2024-08-09T20:13:39.380+0200] {dagbag.py:545} INFO - Filling up the DagBag from /home/bvpelt/Develop/airflowtut/py_env/lib/python3.10/site-packages/airflow/example_dags/example_time_delta_sensor_async.py
[2024-08-09T20:13:39.382+0200] {processor.py:840} INFO - DAG(s) 'example_time_delta_sensor_async' retrieved from /home/bvpelt/Develop/airflowtut/py_env/lib/python3.10/site-packages/airflow/example_dags/example_time_delta_sensor_async.py
[2024-08-09T20:13:39.390+0200] {logging_mixin.py:188} INFO - [2024-08-09T20:13:39.390+0200] {dag.py:3089} INFO - Sync 1 DAGs
[2024-08-09T20:13:39.397+0200] {logging_mixin.py:188} INFO - [2024-08-09T20:13:39.397+0200] {dag.py:3947} INFO - Setting next_dagrun for example_time_delta_sensor_async to None, run_after=None
[2024-08-09T20:13:39.465+0200] {processor.py:183} INFO - Processing /home/bvpelt/Develop/airflowtut/py_env/lib/python3.10/site-packages/airflow/example_dags/example_time_delta_sensor_async.py took 0.089 seconds
[2024-08-09T20:14:32.550+0200] {processor.py:161} INFO - Started process (PID=22201) to work on /home/bvpelt/Develop/airflowtut/py_env/lib/python3.10/site-packages/airflow/example_dags/example_time_delta_sensor_async.py
[2024-08-09T20:14:32.551+0200] {processor.py:830} INFO - Processing file /home/bvpelt/Develop/airflowtut/py_env/lib/python3.10/site-packages/airflow/example_dags/example_time_delta_sensor_async.py for tasks to queue
[2024-08-09T20:14:32.552+0200] {logging_mixin.py:188} INFO - [2024-08-09T20:14:32.551+0200] {dagbag.py:545} INFO - Filling up the DagBag from /home/bvpelt/Develop/airflowtut/py_env/lib/python3.10/site-packages/airflow/example_dags/example_time_delta_sensor_async.py
[2024-08-09T20:14:32.554+0200] {processor.py:840} INFO - DAG(s) 'example_time_delta_sensor_async' retrieved from /home/bvpelt/Develop/airflowtut/py_env/lib/python3.10/site-packages/airflow/example_dags/example_time_delta_sensor_async.py
[2024-08-09T20:14:32.562+0200] {logging_mixin.py:188} INFO - [2024-08-09T20:14:32.562+0200] {dag.py:3089} INFO - Sync 1 DAGs
[2024-08-09T20:14:32.569+0200] {logging_mixin.py:188} INFO - [2024-08-09T20:14:32.569+0200] {dag.py:3947} INFO - Setting next_dagrun for example_time_delta_sensor_async to None, run_after=None
[2024-08-09T20:14:32.663+0200] {processor.py:183} INFO - Processing /home/bvpelt/Develop/airflowtut/py_env/lib/python3.10/site-packages/airflow/example_dags/example_time_delta_sensor_async.py took 0.116 seconds
[2024-08-09T20:15:19.678+0200] {processor.py:161} INFO - Started process (PID=22276) to work on /home/bvpelt/Develop/airflowtut/py_env/lib/python3.10/site-packages/airflow/example_dags/example_time_delta_sensor_async.py
[2024-08-09T20:15:19.679+0200] {processor.py:830} INFO - Processing file /home/bvpelt/Develop/airflowtut/py_env/lib/python3.10/site-packages/airflow/example_dags/example_time_delta_sensor_async.py for tasks to queue
[2024-08-09T20:15:19.680+0200] {logging_mixin.py:188} INFO - [2024-08-09T20:15:19.680+0200] {dagbag.py:545} INFO - Filling up the DagBag from /home/bvpelt/Develop/airflowtut/py_env/lib/python3.10/site-packages/airflow/example_dags/example_time_delta_sensor_async.py
[2024-08-09T20:15:19.682+0200] {processor.py:840} INFO - DAG(s) 'example_time_delta_sensor_async' retrieved from /home/bvpelt/Develop/airflowtut/py_env/lib/python3.10/site-packages/airflow/example_dags/example_time_delta_sensor_async.py
[2024-08-09T20:15:19.691+0200] {logging_mixin.py:188} INFO - [2024-08-09T20:15:19.690+0200] {dag.py:3089} INFO - Sync 1 DAGs
[2024-08-09T20:15:19.697+0200] {logging_mixin.py:188} INFO - [2024-08-09T20:15:19.697+0200] {dag.py:3947} INFO - Setting next_dagrun for example_time_delta_sensor_async to None, run_after=None
[2024-08-09T20:15:19.802+0200] {processor.py:183} INFO - Processing /home/bvpelt/Develop/airflowtut/py_env/lib/python3.10/site-packages/airflow/example_dags/example_time_delta_sensor_async.py took 0.126 seconds
[2024-08-09T20:16:08.479+0200] {processor.py:161} INFO - Started process (PID=22333) to work on /home/bvpelt/Develop/airflowtut/py_env/lib/python3.10/site-packages/airflow/example_dags/example_time_delta_sensor_async.py
[2024-08-09T20:16:08.480+0200] {processor.py:830} INFO - Processing file /home/bvpelt/Develop/airflowtut/py_env/lib/python3.10/site-packages/airflow/example_dags/example_time_delta_sensor_async.py for tasks to queue
[2024-08-09T20:16:08.481+0200] {logging_mixin.py:188} INFO - [2024-08-09T20:16:08.481+0200] {dagbag.py:545} INFO - Filling up the DagBag from /home/bvpelt/Develop/airflowtut/py_env/lib/python3.10/site-packages/airflow/example_dags/example_time_delta_sensor_async.py
[2024-08-09T20:16:08.484+0200] {processor.py:840} INFO - DAG(s) 'example_time_delta_sensor_async' retrieved from /home/bvpelt/Develop/airflowtut/py_env/lib/python3.10/site-packages/airflow/example_dags/example_time_delta_sensor_async.py
[2024-08-09T20:16:08.492+0200] {logging_mixin.py:188} INFO - [2024-08-09T20:16:08.491+0200] {dag.py:3089} INFO - Sync 1 DAGs
[2024-08-09T20:16:08.498+0200] {logging_mixin.py:188} INFO - [2024-08-09T20:16:08.498+0200] {dag.py:3947} INFO - Setting next_dagrun for example_time_delta_sensor_async to None, run_after=None
[2024-08-09T20:16:08.582+0200] {processor.py:183} INFO - Processing /home/bvpelt/Develop/airflowtut/py_env/lib/python3.10/site-packages/airflow/example_dags/example_time_delta_sensor_async.py took 0.106 seconds
