[2024-08-09T19:42:36.723+0200] {processor.py:161} INFO - Started process (PID=17638) to work on /home/bvpelt/Develop/airflowtut/py_env/lib/python3.10/site-packages/airflow/example_dags/example_setup_teardown.py
[2024-08-09T19:42:36.724+0200] {processor.py:830} INFO - Processing file /home/bvpelt/Develop/airflowtut/py_env/lib/python3.10/site-packages/airflow/example_dags/example_setup_teardown.py for tasks to queue
[2024-08-09T19:42:36.724+0200] {logging_mixin.py:188} INFO - [2024-08-09T19:42:36.724+0200] {dagbag.py:545} INFO - Filling up the DagBag from /home/bvpelt/Develop/airflowtut/py_env/lib/python3.10/site-packages/airflow/example_dags/example_setup_teardown.py
[2024-08-09T19:42:36.729+0200] {processor.py:840} INFO - DAG(s) 'example_setup_teardown' retrieved from /home/bvpelt/Develop/airflowtut/py_env/lib/python3.10/site-packages/airflow/example_dags/example_setup_teardown.py
[2024-08-09T19:42:36.999+0200] {logging_mixin.py:188} INFO - [2024-08-09T19:42:36.998+0200] {override.py:1858} INFO - Created Permission View: can edit on DAG:example_setup_teardown
[2024-08-09T19:42:37.082+0200] {logging_mixin.py:188} INFO - [2024-08-09T19:42:37.081+0200] {override.py:1858} INFO - Created Permission View: can read on DAG:example_setup_teardown
[2024-08-09T19:42:37.233+0200] {logging_mixin.py:188} INFO - [2024-08-09T19:42:37.231+0200] {override.py:1858} INFO - Created Permission View: can delete on DAG:example_setup_teardown
[2024-08-09T19:42:37.234+0200] {logging_mixin.py:188} INFO - [2024-08-09T19:42:37.233+0200] {dag.py:3089} INFO - Sync 1 DAGs
[2024-08-09T19:42:37.242+0200] {logging_mixin.py:188} INFO - [2024-08-09T19:42:37.241+0200] {dag.py:3111} INFO - Creating ORM DAG for example_setup_teardown
[2024-08-09T19:42:37.246+0200] {logging_mixin.py:188} INFO - [2024-08-09T19:42:37.246+0200] {dag.py:3947} INFO - Setting next_dagrun for example_setup_teardown to 2024-08-08 00:00:00+00:00, run_after=2024-08-09 00:00:00+00:00
[2024-08-09T19:42:37.384+0200] {processor.py:183} INFO - Processing /home/bvpelt/Develop/airflowtut/py_env/lib/python3.10/site-packages/airflow/example_dags/example_setup_teardown.py took 0.664 seconds
[2024-08-09T19:43:54.653+0200] {processor.py:161} INFO - Started process (PID=17887) to work on /home/bvpelt/Develop/airflowtut/py_env/lib/python3.10/site-packages/airflow/example_dags/example_setup_teardown.py
[2024-08-09T19:43:54.655+0200] {processor.py:830} INFO - Processing file /home/bvpelt/Develop/airflowtut/py_env/lib/python3.10/site-packages/airflow/example_dags/example_setup_teardown.py for tasks to queue
[2024-08-09T19:43:54.658+0200] {logging_mixin.py:188} INFO - [2024-08-09T19:43:54.657+0200] {dagbag.py:545} INFO - Filling up the DagBag from /home/bvpelt/Develop/airflowtut/py_env/lib/python3.10/site-packages/airflow/example_dags/example_setup_teardown.py
[2024-08-09T19:43:54.667+0200] {processor.py:840} INFO - DAG(s) 'example_setup_teardown' retrieved from /home/bvpelt/Develop/airflowtut/py_env/lib/python3.10/site-packages/airflow/example_dags/example_setup_teardown.py
[2024-08-09T19:43:54.682+0200] {logging_mixin.py:188} INFO - [2024-08-09T19:43:54.681+0200] {dag.py:3089} INFO - Sync 1 DAGs
[2024-08-09T19:43:54.695+0200] {logging_mixin.py:188} INFO - [2024-08-09T19:43:54.695+0200] {dag.py:3947} INFO - Setting next_dagrun for example_setup_teardown to 2024-08-08 00:00:00+00:00, run_after=2024-08-09 00:00:00+00:00
[2024-08-09T19:43:54.771+0200] {processor.py:183} INFO - Processing /home/bvpelt/Develop/airflowtut/py_env/lib/python3.10/site-packages/airflow/example_dags/example_setup_teardown.py took 0.133 seconds
[2024-08-09T19:44:49.570+0200] {processor.py:161} INFO - Started process (PID=18188) to work on /home/bvpelt/Develop/airflowtut/py_env/lib/python3.10/site-packages/airflow/example_dags/example_setup_teardown.py
[2024-08-09T19:44:49.570+0200] {processor.py:830} INFO - Processing file /home/bvpelt/Develop/airflowtut/py_env/lib/python3.10/site-packages/airflow/example_dags/example_setup_teardown.py for tasks to queue
[2024-08-09T19:44:49.571+0200] {logging_mixin.py:188} INFO - [2024-08-09T19:44:49.571+0200] {dagbag.py:545} INFO - Filling up the DagBag from /home/bvpelt/Develop/airflowtut/py_env/lib/python3.10/site-packages/airflow/example_dags/example_setup_teardown.py
[2024-08-09T19:44:49.575+0200] {processor.py:840} INFO - DAG(s) 'example_setup_teardown' retrieved from /home/bvpelt/Develop/airflowtut/py_env/lib/python3.10/site-packages/airflow/example_dags/example_setup_teardown.py
[2024-08-09T19:44:49.584+0200] {logging_mixin.py:188} INFO - [2024-08-09T19:44:49.584+0200] {dag.py:3089} INFO - Sync 1 DAGs
[2024-08-09T19:44:49.596+0200] {logging_mixin.py:188} INFO - [2024-08-09T19:44:49.595+0200] {dag.py:3947} INFO - Setting next_dagrun for example_setup_teardown to 2024-08-08 00:00:00+00:00, run_after=2024-08-09 00:00:00+00:00
[2024-08-09T19:44:49.759+0200] {processor.py:183} INFO - Processing /home/bvpelt/Develop/airflowtut/py_env/lib/python3.10/site-packages/airflow/example_dags/example_setup_teardown.py took 0.193 seconds
[2024-08-09T19:45:43.500+0200] {processor.py:161} INFO - Started process (PID=18306) to work on /home/bvpelt/Develop/airflowtut/py_env/lib/python3.10/site-packages/airflow/example_dags/example_setup_teardown.py
[2024-08-09T19:45:43.500+0200] {processor.py:830} INFO - Processing file /home/bvpelt/Develop/airflowtut/py_env/lib/python3.10/site-packages/airflow/example_dags/example_setup_teardown.py for tasks to queue
[2024-08-09T19:45:43.501+0200] {logging_mixin.py:188} INFO - [2024-08-09T19:45:43.501+0200] {dagbag.py:545} INFO - Filling up the DagBag from /home/bvpelt/Develop/airflowtut/py_env/lib/python3.10/site-packages/airflow/example_dags/example_setup_teardown.py
[2024-08-09T19:45:43.505+0200] {processor.py:840} INFO - DAG(s) 'example_setup_teardown' retrieved from /home/bvpelt/Develop/airflowtut/py_env/lib/python3.10/site-packages/airflow/example_dags/example_setup_teardown.py
[2024-08-09T19:45:43.516+0200] {logging_mixin.py:188} INFO - [2024-08-09T19:45:43.516+0200] {dag.py:3089} INFO - Sync 1 DAGs
[2024-08-09T19:45:43.529+0200] {logging_mixin.py:188} INFO - [2024-08-09T19:45:43.529+0200] {dag.py:3947} INFO - Setting next_dagrun for example_setup_teardown to 2024-08-08 00:00:00+00:00, run_after=2024-08-09 00:00:00+00:00
[2024-08-09T19:45:43.635+0200] {processor.py:183} INFO - Processing /home/bvpelt/Develop/airflowtut/py_env/lib/python3.10/site-packages/airflow/example_dags/example_setup_teardown.py took 0.139 seconds
[2024-08-09T19:46:32.597+0200] {processor.py:161} INFO - Started process (PID=18601) to work on /home/bvpelt/Develop/airflowtut/py_env/lib/python3.10/site-packages/airflow/example_dags/example_setup_teardown.py
[2024-08-09T19:46:32.597+0200] {processor.py:830} INFO - Processing file /home/bvpelt/Develop/airflowtut/py_env/lib/python3.10/site-packages/airflow/example_dags/example_setup_teardown.py for tasks to queue
[2024-08-09T19:46:32.598+0200] {logging_mixin.py:188} INFO - [2024-08-09T19:46:32.598+0200] {dagbag.py:545} INFO - Filling up the DagBag from /home/bvpelt/Develop/airflowtut/py_env/lib/python3.10/site-packages/airflow/example_dags/example_setup_teardown.py
[2024-08-09T19:46:32.602+0200] {processor.py:840} INFO - DAG(s) 'example_setup_teardown' retrieved from /home/bvpelt/Develop/airflowtut/py_env/lib/python3.10/site-packages/airflow/example_dags/example_setup_teardown.py
[2024-08-09T19:46:32.610+0200] {logging_mixin.py:188} INFO - [2024-08-09T19:46:32.610+0200] {dag.py:3089} INFO - Sync 1 DAGs
[2024-08-09T19:46:32.622+0200] {logging_mixin.py:188} INFO - [2024-08-09T19:46:32.622+0200] {dag.py:3947} INFO - Setting next_dagrun for example_setup_teardown to 2024-08-08 00:00:00+00:00, run_after=2024-08-09 00:00:00+00:00
[2024-08-09T19:46:32.712+0200] {processor.py:183} INFO - Processing /home/bvpelt/Develop/airflowtut/py_env/lib/python3.10/site-packages/airflow/example_dags/example_setup_teardown.py took 0.118 seconds
[2024-08-09T19:47:27.082+0200] {processor.py:161} INFO - Started process (PID=18893) to work on /home/bvpelt/Develop/airflowtut/py_env/lib/python3.10/site-packages/airflow/example_dags/example_setup_teardown.py
[2024-08-09T19:47:27.082+0200] {processor.py:830} INFO - Processing file /home/bvpelt/Develop/airflowtut/py_env/lib/python3.10/site-packages/airflow/example_dags/example_setup_teardown.py for tasks to queue
[2024-08-09T19:47:27.083+0200] {logging_mixin.py:188} INFO - [2024-08-09T19:47:27.083+0200] {dagbag.py:545} INFO - Filling up the DagBag from /home/bvpelt/Develop/airflowtut/py_env/lib/python3.10/site-packages/airflow/example_dags/example_setup_teardown.py
[2024-08-09T19:47:27.087+0200] {processor.py:840} INFO - DAG(s) 'example_setup_teardown' retrieved from /home/bvpelt/Develop/airflowtut/py_env/lib/python3.10/site-packages/airflow/example_dags/example_setup_teardown.py
[2024-08-09T19:47:27.095+0200] {logging_mixin.py:188} INFO - [2024-08-09T19:47:27.095+0200] {dag.py:3089} INFO - Sync 1 DAGs
[2024-08-09T19:47:27.106+0200] {logging_mixin.py:188} INFO - [2024-08-09T19:47:27.105+0200] {dag.py:3947} INFO - Setting next_dagrun for example_setup_teardown to 2024-08-08 00:00:00+00:00, run_after=2024-08-09 00:00:00+00:00
[2024-08-09T19:47:27.181+0200] {processor.py:183} INFO - Processing /home/bvpelt/Develop/airflowtut/py_env/lib/python3.10/site-packages/airflow/example_dags/example_setup_teardown.py took 0.102 seconds
[2024-08-09T19:48:17.965+0200] {processor.py:161} INFO - Started process (PID=19050) to work on /home/bvpelt/Develop/airflowtut/py_env/lib/python3.10/site-packages/airflow/example_dags/example_setup_teardown.py
[2024-08-09T19:48:17.974+0200] {processor.py:830} INFO - Processing file /home/bvpelt/Develop/airflowtut/py_env/lib/python3.10/site-packages/airflow/example_dags/example_setup_teardown.py for tasks to queue
[2024-08-09T19:48:17.975+0200] {logging_mixin.py:188} INFO - [2024-08-09T19:48:17.975+0200] {dagbag.py:545} INFO - Filling up the DagBag from /home/bvpelt/Develop/airflowtut/py_env/lib/python3.10/site-packages/airflow/example_dags/example_setup_teardown.py
[2024-08-09T19:48:17.979+0200] {processor.py:840} INFO - DAG(s) 'example_setup_teardown' retrieved from /home/bvpelt/Develop/airflowtut/py_env/lib/python3.10/site-packages/airflow/example_dags/example_setup_teardown.py
[2024-08-09T19:48:17.989+0200] {logging_mixin.py:188} INFO - [2024-08-09T19:48:17.989+0200] {dag.py:3089} INFO - Sync 1 DAGs
[2024-08-09T19:48:18.000+0200] {logging_mixin.py:188} INFO - [2024-08-09T19:48:18.000+0200] {dag.py:3947} INFO - Setting next_dagrun for example_setup_teardown to 2024-08-08 00:00:00+00:00, run_after=2024-08-09 00:00:00+00:00
[2024-08-09T19:48:18.097+0200] {processor.py:183} INFO - Processing /home/bvpelt/Develop/airflowtut/py_env/lib/python3.10/site-packages/airflow/example_dags/example_setup_teardown.py took 0.135 seconds
[2024-08-09T19:49:07.771+0200] {processor.py:161} INFO - Started process (PID=19144) to work on /home/bvpelt/Develop/airflowtut/py_env/lib/python3.10/site-packages/airflow/example_dags/example_setup_teardown.py
[2024-08-09T19:49:07.772+0200] {processor.py:830} INFO - Processing file /home/bvpelt/Develop/airflowtut/py_env/lib/python3.10/site-packages/airflow/example_dags/example_setup_teardown.py for tasks to queue
[2024-08-09T19:49:07.774+0200] {logging_mixin.py:188} INFO - [2024-08-09T19:49:07.773+0200] {dagbag.py:545} INFO - Filling up the DagBag from /home/bvpelt/Develop/airflowtut/py_env/lib/python3.10/site-packages/airflow/example_dags/example_setup_teardown.py
[2024-08-09T19:49:07.781+0200] {processor.py:840} INFO - DAG(s) 'example_setup_teardown' retrieved from /home/bvpelt/Develop/airflowtut/py_env/lib/python3.10/site-packages/airflow/example_dags/example_setup_teardown.py
[2024-08-09T19:49:07.798+0200] {logging_mixin.py:188} INFO - [2024-08-09T19:49:07.798+0200] {dag.py:3089} INFO - Sync 1 DAGs
[2024-08-09T19:49:07.812+0200] {logging_mixin.py:188} INFO - [2024-08-09T19:49:07.812+0200] {dag.py:3947} INFO - Setting next_dagrun for example_setup_teardown to 2024-08-08 00:00:00+00:00, run_after=2024-08-09 00:00:00+00:00
[2024-08-09T19:49:07.894+0200] {processor.py:183} INFO - Processing /home/bvpelt/Develop/airflowtut/py_env/lib/python3.10/site-packages/airflow/example_dags/example_setup_teardown.py took 0.129 seconds
[2024-08-09T19:49:59.664+0200] {processor.py:161} INFO - Started process (PID=19311) to work on /home/bvpelt/Develop/airflowtut/py_env/lib/python3.10/site-packages/airflow/example_dags/example_setup_teardown.py
[2024-08-09T19:49:59.665+0200] {processor.py:830} INFO - Processing file /home/bvpelt/Develop/airflowtut/py_env/lib/python3.10/site-packages/airflow/example_dags/example_setup_teardown.py for tasks to queue
[2024-08-09T19:49:59.666+0200] {logging_mixin.py:188} INFO - [2024-08-09T19:49:59.666+0200] {dagbag.py:545} INFO - Filling up the DagBag from /home/bvpelt/Develop/airflowtut/py_env/lib/python3.10/site-packages/airflow/example_dags/example_setup_teardown.py
[2024-08-09T19:49:59.669+0200] {processor.py:840} INFO - DAG(s) 'example_setup_teardown' retrieved from /home/bvpelt/Develop/airflowtut/py_env/lib/python3.10/site-packages/airflow/example_dags/example_setup_teardown.py
[2024-08-09T19:49:59.678+0200] {logging_mixin.py:188} INFO - [2024-08-09T19:49:59.678+0200] {dag.py:3089} INFO - Sync 1 DAGs
[2024-08-09T19:49:59.689+0200] {logging_mixin.py:188} INFO - [2024-08-09T19:49:59.689+0200] {dag.py:3947} INFO - Setting next_dagrun for example_setup_teardown to 2024-08-08 00:00:00+00:00, run_after=2024-08-09 00:00:00+00:00
[2024-08-09T19:49:59.790+0200] {processor.py:183} INFO - Processing /home/bvpelt/Develop/airflowtut/py_env/lib/python3.10/site-packages/airflow/example_dags/example_setup_teardown.py took 0.128 seconds
[2024-08-09T19:50:51.918+0200] {processor.py:161} INFO - Started process (PID=19404) to work on /home/bvpelt/Develop/airflowtut/py_env/lib/python3.10/site-packages/airflow/example_dags/example_setup_teardown.py
[2024-08-09T19:50:51.919+0200] {processor.py:830} INFO - Processing file /home/bvpelt/Develop/airflowtut/py_env/lib/python3.10/site-packages/airflow/example_dags/example_setup_teardown.py for tasks to queue
[2024-08-09T19:50:51.921+0200] {logging_mixin.py:188} INFO - [2024-08-09T19:50:51.920+0200] {dagbag.py:545} INFO - Filling up the DagBag from /home/bvpelt/Develop/airflowtut/py_env/lib/python3.10/site-packages/airflow/example_dags/example_setup_teardown.py
[2024-08-09T19:50:51.929+0200] {processor.py:840} INFO - DAG(s) 'example_setup_teardown' retrieved from /home/bvpelt/Develop/airflowtut/py_env/lib/python3.10/site-packages/airflow/example_dags/example_setup_teardown.py
[2024-08-09T19:50:51.948+0200] {logging_mixin.py:188} INFO - [2024-08-09T19:50:51.948+0200] {dag.py:3089} INFO - Sync 1 DAGs
[2024-08-09T19:50:51.963+0200] {logging_mixin.py:188} INFO - [2024-08-09T19:50:51.962+0200] {dag.py:3947} INFO - Setting next_dagrun for example_setup_teardown to 2024-08-08 00:00:00+00:00, run_after=2024-08-09 00:00:00+00:00
[2024-08-09T19:50:52.155+0200] {processor.py:183} INFO - Processing /home/bvpelt/Develop/airflowtut/py_env/lib/python3.10/site-packages/airflow/example_dags/example_setup_teardown.py took 0.244 seconds
[2024-08-09T19:51:42.282+0200] {processor.py:161} INFO - Started process (PID=19550) to work on /home/bvpelt/Develop/airflowtut/py_env/lib/python3.10/site-packages/airflow/example_dags/example_setup_teardown.py
[2024-08-09T19:51:42.284+0200] {processor.py:830} INFO - Processing file /home/bvpelt/Develop/airflowtut/py_env/lib/python3.10/site-packages/airflow/example_dags/example_setup_teardown.py for tasks to queue
[2024-08-09T19:51:42.288+0200] {logging_mixin.py:188} INFO - [2024-08-09T19:51:42.287+0200] {dagbag.py:545} INFO - Filling up the DagBag from /home/bvpelt/Develop/airflowtut/py_env/lib/python3.10/site-packages/airflow/example_dags/example_setup_teardown.py
[2024-08-09T19:51:42.299+0200] {processor.py:840} INFO - DAG(s) 'example_setup_teardown' retrieved from /home/bvpelt/Develop/airflowtut/py_env/lib/python3.10/site-packages/airflow/example_dags/example_setup_teardown.py
[2024-08-09T19:51:42.315+0200] {logging_mixin.py:188} INFO - [2024-08-09T19:51:42.315+0200] {dag.py:3089} INFO - Sync 1 DAGs
[2024-08-09T19:51:42.328+0200] {logging_mixin.py:188} INFO - [2024-08-09T19:51:42.328+0200] {dag.py:3947} INFO - Setting next_dagrun for example_setup_teardown to 2024-08-08 00:00:00+00:00, run_after=2024-08-09 00:00:00+00:00
[2024-08-09T19:51:42.455+0200] {processor.py:183} INFO - Processing /home/bvpelt/Develop/airflowtut/py_env/lib/python3.10/site-packages/airflow/example_dags/example_setup_teardown.py took 0.188 seconds
[2024-08-09T19:52:38.409+0200] {processor.py:161} INFO - Started process (PID=20045) to work on /home/bvpelt/Develop/airflowtut/py_env/lib/python3.10/site-packages/airflow/example_dags/example_setup_teardown.py
[2024-08-09T19:52:38.412+0200] {processor.py:830} INFO - Processing file /home/bvpelt/Develop/airflowtut/py_env/lib/python3.10/site-packages/airflow/example_dags/example_setup_teardown.py for tasks to queue
[2024-08-09T19:52:38.415+0200] {logging_mixin.py:188} INFO - [2024-08-09T19:52:38.414+0200] {dagbag.py:545} INFO - Filling up the DagBag from /home/bvpelt/Develop/airflowtut/py_env/lib/python3.10/site-packages/airflow/example_dags/example_setup_teardown.py
[2024-08-09T19:52:38.430+0200] {processor.py:840} INFO - DAG(s) 'example_setup_teardown' retrieved from /home/bvpelt/Develop/airflowtut/py_env/lib/python3.10/site-packages/airflow/example_dags/example_setup_teardown.py
[2024-08-09T19:52:38.445+0200] {logging_mixin.py:188} INFO - [2024-08-09T19:52:38.445+0200] {dag.py:3089} INFO - Sync 1 DAGs
[2024-08-09T19:52:38.462+0200] {logging_mixin.py:188} INFO - [2024-08-09T19:52:38.461+0200] {dag.py:3947} INFO - Setting next_dagrun for example_setup_teardown to 2024-08-08 00:00:00+00:00, run_after=2024-08-09 00:00:00+00:00
[2024-08-09T19:52:38.566+0200] {processor.py:183} INFO - Processing /home/bvpelt/Develop/airflowtut/py_env/lib/python3.10/site-packages/airflow/example_dags/example_setup_teardown.py took 0.172 seconds
[2024-08-09T19:53:35.550+0200] {processor.py:161} INFO - Started process (PID=20104) to work on /home/bvpelt/Develop/airflowtut/py_env/lib/python3.10/site-packages/airflow/example_dags/example_setup_teardown.py
[2024-08-09T19:53:35.564+0200] {processor.py:830} INFO - Processing file /home/bvpelt/Develop/airflowtut/py_env/lib/python3.10/site-packages/airflow/example_dags/example_setup_teardown.py for tasks to queue
[2024-08-09T19:53:35.564+0200] {logging_mixin.py:188} INFO - [2024-08-09T19:53:35.564+0200] {dagbag.py:545} INFO - Filling up the DagBag from /home/bvpelt/Develop/airflowtut/py_env/lib/python3.10/site-packages/airflow/example_dags/example_setup_teardown.py
[2024-08-09T19:53:35.568+0200] {processor.py:840} INFO - DAG(s) 'example_setup_teardown' retrieved from /home/bvpelt/Develop/airflowtut/py_env/lib/python3.10/site-packages/airflow/example_dags/example_setup_teardown.py
[2024-08-09T19:53:35.577+0200] {logging_mixin.py:188} INFO - [2024-08-09T19:53:35.577+0200] {dag.py:3089} INFO - Sync 1 DAGs
[2024-08-09T19:53:35.588+0200] {logging_mixin.py:188} INFO - [2024-08-09T19:53:35.588+0200] {dag.py:3947} INFO - Setting next_dagrun for example_setup_teardown to 2024-08-08 00:00:00+00:00, run_after=2024-08-09 00:00:00+00:00
[2024-08-09T19:53:35.658+0200] {processor.py:183} INFO - Processing /home/bvpelt/Develop/airflowtut/py_env/lib/python3.10/site-packages/airflow/example_dags/example_setup_teardown.py took 0.111 seconds
[2024-08-09T19:54:28.670+0200] {processor.py:161} INFO - Started process (PID=20171) to work on /home/bvpelt/Develop/airflowtut/py_env/lib/python3.10/site-packages/airflow/example_dags/example_setup_teardown.py
[2024-08-09T19:54:28.684+0200] {processor.py:830} INFO - Processing file /home/bvpelt/Develop/airflowtut/py_env/lib/python3.10/site-packages/airflow/example_dags/example_setup_teardown.py for tasks to queue
[2024-08-09T19:54:28.685+0200] {logging_mixin.py:188} INFO - [2024-08-09T19:54:28.685+0200] {dagbag.py:545} INFO - Filling up the DagBag from /home/bvpelt/Develop/airflowtut/py_env/lib/python3.10/site-packages/airflow/example_dags/example_setup_teardown.py
[2024-08-09T19:54:28.689+0200] {processor.py:840} INFO - DAG(s) 'example_setup_teardown' retrieved from /home/bvpelt/Develop/airflowtut/py_env/lib/python3.10/site-packages/airflow/example_dags/example_setup_teardown.py
[2024-08-09T19:54:28.700+0200] {logging_mixin.py:188} INFO - [2024-08-09T19:54:28.700+0200] {dag.py:3089} INFO - Sync 1 DAGs
[2024-08-09T19:54:28.714+0200] {logging_mixin.py:188} INFO - [2024-08-09T19:54:28.713+0200] {dag.py:3947} INFO - Setting next_dagrun for example_setup_teardown to 2024-08-08 00:00:00+00:00, run_after=2024-08-09 00:00:00+00:00
[2024-08-09T19:54:28.806+0200] {processor.py:183} INFO - Processing /home/bvpelt/Develop/airflowtut/py_env/lib/python3.10/site-packages/airflow/example_dags/example_setup_teardown.py took 0.141 seconds
[2024-08-09T19:55:19.513+0200] {processor.py:161} INFO - Started process (PID=20272) to work on /home/bvpelt/Develop/airflowtut/py_env/lib/python3.10/site-packages/airflow/example_dags/example_setup_teardown.py
[2024-08-09T19:55:19.515+0200] {processor.py:830} INFO - Processing file /home/bvpelt/Develop/airflowtut/py_env/lib/python3.10/site-packages/airflow/example_dags/example_setup_teardown.py for tasks to queue
[2024-08-09T19:55:19.518+0200] {logging_mixin.py:188} INFO - [2024-08-09T19:55:19.517+0200] {dagbag.py:545} INFO - Filling up the DagBag from /home/bvpelt/Develop/airflowtut/py_env/lib/python3.10/site-packages/airflow/example_dags/example_setup_teardown.py
[2024-08-09T19:55:19.529+0200] {processor.py:840} INFO - DAG(s) 'example_setup_teardown' retrieved from /home/bvpelt/Develop/airflowtut/py_env/lib/python3.10/site-packages/airflow/example_dags/example_setup_teardown.py
[2024-08-09T19:55:19.544+0200] {logging_mixin.py:188} INFO - [2024-08-09T19:55:19.544+0200] {dag.py:3089} INFO - Sync 1 DAGs
[2024-08-09T19:55:19.557+0200] {logging_mixin.py:188} INFO - [2024-08-09T19:55:19.557+0200] {dag.py:3947} INFO - Setting next_dagrun for example_setup_teardown to 2024-08-08 00:00:00+00:00, run_after=2024-08-09 00:00:00+00:00
[2024-08-09T19:55:19.644+0200] {processor.py:183} INFO - Processing /home/bvpelt/Develop/airflowtut/py_env/lib/python3.10/site-packages/airflow/example_dags/example_setup_teardown.py took 0.147 seconds
[2024-08-09T19:56:06.676+0200] {processor.py:161} INFO - Started process (PID=20329) to work on /home/bvpelt/Develop/airflowtut/py_env/lib/python3.10/site-packages/airflow/example_dags/example_setup_teardown.py
[2024-08-09T19:56:06.676+0200] {processor.py:830} INFO - Processing file /home/bvpelt/Develop/airflowtut/py_env/lib/python3.10/site-packages/airflow/example_dags/example_setup_teardown.py for tasks to queue
[2024-08-09T19:56:06.677+0200] {logging_mixin.py:188} INFO - [2024-08-09T19:56:06.677+0200] {dagbag.py:545} INFO - Filling up the DagBag from /home/bvpelt/Develop/airflowtut/py_env/lib/python3.10/site-packages/airflow/example_dags/example_setup_teardown.py
[2024-08-09T19:56:06.681+0200] {processor.py:840} INFO - DAG(s) 'example_setup_teardown' retrieved from /home/bvpelt/Develop/airflowtut/py_env/lib/python3.10/site-packages/airflow/example_dags/example_setup_teardown.py
[2024-08-09T19:56:06.690+0200] {logging_mixin.py:188} INFO - [2024-08-09T19:56:06.690+0200] {dag.py:3089} INFO - Sync 1 DAGs
[2024-08-09T19:56:06.702+0200] {logging_mixin.py:188} INFO - [2024-08-09T19:56:06.702+0200] {dag.py:3947} INFO - Setting next_dagrun for example_setup_teardown to 2024-08-08 00:00:00+00:00, run_after=2024-08-09 00:00:00+00:00
[2024-08-09T19:56:06.779+0200] {processor.py:183} INFO - Processing /home/bvpelt/Develop/airflowtut/py_env/lib/python3.10/site-packages/airflow/example_dags/example_setup_teardown.py took 0.106 seconds
[2024-08-09T19:56:55.736+0200] {processor.py:161} INFO - Started process (PID=20389) to work on /home/bvpelt/Develop/airflowtut/py_env/lib/python3.10/site-packages/airflow/example_dags/example_setup_teardown.py
[2024-08-09T19:56:55.736+0200] {processor.py:830} INFO - Processing file /home/bvpelt/Develop/airflowtut/py_env/lib/python3.10/site-packages/airflow/example_dags/example_setup_teardown.py for tasks to queue
[2024-08-09T19:56:55.737+0200] {logging_mixin.py:188} INFO - [2024-08-09T19:56:55.737+0200] {dagbag.py:545} INFO - Filling up the DagBag from /home/bvpelt/Develop/airflowtut/py_env/lib/python3.10/site-packages/airflow/example_dags/example_setup_teardown.py
[2024-08-09T19:56:55.740+0200] {processor.py:840} INFO - DAG(s) 'example_setup_teardown' retrieved from /home/bvpelt/Develop/airflowtut/py_env/lib/python3.10/site-packages/airflow/example_dags/example_setup_teardown.py
[2024-08-09T19:56:55.749+0200] {logging_mixin.py:188} INFO - [2024-08-09T19:56:55.749+0200] {dag.py:3089} INFO - Sync 1 DAGs
[2024-08-09T19:56:55.759+0200] {logging_mixin.py:188} INFO - [2024-08-09T19:56:55.759+0200] {dag.py:3947} INFO - Setting next_dagrun for example_setup_teardown to 2024-08-08 00:00:00+00:00, run_after=2024-08-09 00:00:00+00:00
[2024-08-09T19:56:55.854+0200] {processor.py:183} INFO - Processing /home/bvpelt/Develop/airflowtut/py_env/lib/python3.10/site-packages/airflow/example_dags/example_setup_teardown.py took 0.121 seconds
[2024-08-09T19:57:47.027+0200] {processor.py:161} INFO - Started process (PID=20514) to work on /home/bvpelt/Develop/airflowtut/py_env/lib/python3.10/site-packages/airflow/example_dags/example_setup_teardown.py
[2024-08-09T19:57:47.042+0200] {processor.py:830} INFO - Processing file /home/bvpelt/Develop/airflowtut/py_env/lib/python3.10/site-packages/airflow/example_dags/example_setup_teardown.py for tasks to queue
[2024-08-09T19:57:47.043+0200] {logging_mixin.py:188} INFO - [2024-08-09T19:57:47.042+0200] {dagbag.py:545} INFO - Filling up the DagBag from /home/bvpelt/Develop/airflowtut/py_env/lib/python3.10/site-packages/airflow/example_dags/example_setup_teardown.py
[2024-08-09T19:57:47.047+0200] {processor.py:840} INFO - DAG(s) 'example_setup_teardown' retrieved from /home/bvpelt/Develop/airflowtut/py_env/lib/python3.10/site-packages/airflow/example_dags/example_setup_teardown.py
[2024-08-09T19:57:47.056+0200] {logging_mixin.py:188} INFO - [2024-08-09T19:57:47.056+0200] {dag.py:3089} INFO - Sync 1 DAGs
[2024-08-09T19:57:47.066+0200] {logging_mixin.py:188} INFO - [2024-08-09T19:57:47.066+0200] {dag.py:3947} INFO - Setting next_dagrun for example_setup_teardown to 2024-08-08 00:00:00+00:00, run_after=2024-08-09 00:00:00+00:00
[2024-08-09T19:57:47.131+0200] {processor.py:183} INFO - Processing /home/bvpelt/Develop/airflowtut/py_env/lib/python3.10/site-packages/airflow/example_dags/example_setup_teardown.py took 0.107 seconds
[2024-08-09T19:58:41.704+0200] {processor.py:161} INFO - Started process (PID=20627) to work on /home/bvpelt/Develop/airflowtut/py_env/lib/python3.10/site-packages/airflow/example_dags/example_setup_teardown.py
[2024-08-09T19:58:41.705+0200] {processor.py:830} INFO - Processing file /home/bvpelt/Develop/airflowtut/py_env/lib/python3.10/site-packages/airflow/example_dags/example_setup_teardown.py for tasks to queue
[2024-08-09T19:58:41.707+0200] {logging_mixin.py:188} INFO - [2024-08-09T19:58:41.706+0200] {dagbag.py:545} INFO - Filling up the DagBag from /home/bvpelt/Develop/airflowtut/py_env/lib/python3.10/site-packages/airflow/example_dags/example_setup_teardown.py
[2024-08-09T19:58:41.713+0200] {processor.py:840} INFO - DAG(s) 'example_setup_teardown' retrieved from /home/bvpelt/Develop/airflowtut/py_env/lib/python3.10/site-packages/airflow/example_dags/example_setup_teardown.py
[2024-08-09T19:58:41.727+0200] {logging_mixin.py:188} INFO - [2024-08-09T19:58:41.727+0200] {dag.py:3089} INFO - Sync 1 DAGs
[2024-08-09T19:58:41.740+0200] {logging_mixin.py:188} INFO - [2024-08-09T19:58:41.740+0200] {dag.py:3947} INFO - Setting next_dagrun for example_setup_teardown to 2024-08-08 00:00:00+00:00, run_after=2024-08-09 00:00:00+00:00
[2024-08-09T19:58:41.811+0200] {processor.py:183} INFO - Processing /home/bvpelt/Develop/airflowtut/py_env/lib/python3.10/site-packages/airflow/example_dags/example_setup_teardown.py took 0.116 seconds
[2024-08-09T19:59:39.304+0200] {processor.py:161} INFO - Started process (PID=20714) to work on /home/bvpelt/Develop/airflowtut/py_env/lib/python3.10/site-packages/airflow/example_dags/example_setup_teardown.py
[2024-08-09T19:59:39.304+0200] {processor.py:830} INFO - Processing file /home/bvpelt/Develop/airflowtut/py_env/lib/python3.10/site-packages/airflow/example_dags/example_setup_teardown.py for tasks to queue
[2024-08-09T19:59:39.305+0200] {logging_mixin.py:188} INFO - [2024-08-09T19:59:39.305+0200] {dagbag.py:545} INFO - Filling up the DagBag from /home/bvpelt/Develop/airflowtut/py_env/lib/python3.10/site-packages/airflow/example_dags/example_setup_teardown.py
[2024-08-09T19:59:39.309+0200] {processor.py:840} INFO - DAG(s) 'example_setup_teardown' retrieved from /home/bvpelt/Develop/airflowtut/py_env/lib/python3.10/site-packages/airflow/example_dags/example_setup_teardown.py
[2024-08-09T19:59:39.318+0200] {logging_mixin.py:188} INFO - [2024-08-09T19:59:39.318+0200] {dag.py:3089} INFO - Sync 1 DAGs
[2024-08-09T19:59:39.329+0200] {logging_mixin.py:188} INFO - [2024-08-09T19:59:39.329+0200] {dag.py:3947} INFO - Setting next_dagrun for example_setup_teardown to 2024-08-08 00:00:00+00:00, run_after=2024-08-09 00:00:00+00:00
[2024-08-09T19:59:39.400+0200] {processor.py:183} INFO - Processing /home/bvpelt/Develop/airflowtut/py_env/lib/python3.10/site-packages/airflow/example_dags/example_setup_teardown.py took 0.099 seconds
[2024-08-09T20:00:29.125+0200] {processor.py:161} INFO - Started process (PID=20789) to work on /home/bvpelt/Develop/airflowtut/py_env/lib/python3.10/site-packages/airflow/example_dags/example_setup_teardown.py
[2024-08-09T20:00:29.125+0200] {processor.py:830} INFO - Processing file /home/bvpelt/Develop/airflowtut/py_env/lib/python3.10/site-packages/airflow/example_dags/example_setup_teardown.py for tasks to queue
[2024-08-09T20:00:29.126+0200] {logging_mixin.py:188} INFO - [2024-08-09T20:00:29.126+0200] {dagbag.py:545} INFO - Filling up the DagBag from /home/bvpelt/Develop/airflowtut/py_env/lib/python3.10/site-packages/airflow/example_dags/example_setup_teardown.py
[2024-08-09T20:00:29.129+0200] {processor.py:840} INFO - DAG(s) 'example_setup_teardown' retrieved from /home/bvpelt/Develop/airflowtut/py_env/lib/python3.10/site-packages/airflow/example_dags/example_setup_teardown.py
[2024-08-09T20:00:29.138+0200] {logging_mixin.py:188} INFO - [2024-08-09T20:00:29.138+0200] {dag.py:3089} INFO - Sync 1 DAGs
[2024-08-09T20:00:29.148+0200] {logging_mixin.py:188} INFO - [2024-08-09T20:00:29.148+0200] {dag.py:3947} INFO - Setting next_dagrun for example_setup_teardown to 2024-08-08 00:00:00+00:00, run_after=2024-08-09 00:00:00+00:00
[2024-08-09T20:00:29.221+0200] {processor.py:183} INFO - Processing /home/bvpelt/Develop/airflowtut/py_env/lib/python3.10/site-packages/airflow/example_dags/example_setup_teardown.py took 0.100 seconds
[2024-08-09T20:01:20.140+0200] {processor.py:161} INFO - Started process (PID=20850) to work on /home/bvpelt/Develop/airflowtut/py_env/lib/python3.10/site-packages/airflow/example_dags/example_setup_teardown.py
[2024-08-09T20:01:20.148+0200] {processor.py:830} INFO - Processing file /home/bvpelt/Develop/airflowtut/py_env/lib/python3.10/site-packages/airflow/example_dags/example_setup_teardown.py for tasks to queue
[2024-08-09T20:01:20.149+0200] {logging_mixin.py:188} INFO - [2024-08-09T20:01:20.149+0200] {dagbag.py:545} INFO - Filling up the DagBag from /home/bvpelt/Develop/airflowtut/py_env/lib/python3.10/site-packages/airflow/example_dags/example_setup_teardown.py
[2024-08-09T20:01:20.153+0200] {processor.py:840} INFO - DAG(s) 'example_setup_teardown' retrieved from /home/bvpelt/Develop/airflowtut/py_env/lib/python3.10/site-packages/airflow/example_dags/example_setup_teardown.py
[2024-08-09T20:01:20.162+0200] {logging_mixin.py:188} INFO - [2024-08-09T20:01:20.162+0200] {dag.py:3089} INFO - Sync 1 DAGs
[2024-08-09T20:01:20.172+0200] {logging_mixin.py:188} INFO - [2024-08-09T20:01:20.172+0200] {dag.py:3947} INFO - Setting next_dagrun for example_setup_teardown to 2024-08-08 00:00:00+00:00, run_after=2024-08-09 00:00:00+00:00
[2024-08-09T20:01:20.257+0200] {processor.py:183} INFO - Processing /home/bvpelt/Develop/airflowtut/py_env/lib/python3.10/site-packages/airflow/example_dags/example_setup_teardown.py took 0.120 seconds
[2024-08-09T20:02:09.094+0200] {processor.py:161} INFO - Started process (PID=20980) to work on /home/bvpelt/Develop/airflowtut/py_env/lib/python3.10/site-packages/airflow/example_dags/example_setup_teardown.py
[2024-08-09T20:02:09.095+0200] {processor.py:830} INFO - Processing file /home/bvpelt/Develop/airflowtut/py_env/lib/python3.10/site-packages/airflow/example_dags/example_setup_teardown.py for tasks to queue
[2024-08-09T20:02:09.097+0200] {logging_mixin.py:188} INFO - [2024-08-09T20:02:09.096+0200] {dagbag.py:545} INFO - Filling up the DagBag from /home/bvpelt/Develop/airflowtut/py_env/lib/python3.10/site-packages/airflow/example_dags/example_setup_teardown.py
[2024-08-09T20:02:09.105+0200] {processor.py:840} INFO - DAG(s) 'example_setup_teardown' retrieved from /home/bvpelt/Develop/airflowtut/py_env/lib/python3.10/site-packages/airflow/example_dags/example_setup_teardown.py
[2024-08-09T20:02:09.124+0200] {logging_mixin.py:188} INFO - [2024-08-09T20:02:09.124+0200] {dag.py:3089} INFO - Sync 1 DAGs
[2024-08-09T20:02:09.140+0200] {logging_mixin.py:188} INFO - [2024-08-09T20:02:09.140+0200] {dag.py:3947} INFO - Setting next_dagrun for example_setup_teardown to 2024-08-08 00:00:00+00:00, run_after=2024-08-09 00:00:00+00:00
[2024-08-09T20:02:09.234+0200] {processor.py:183} INFO - Processing /home/bvpelt/Develop/airflowtut/py_env/lib/python3.10/site-packages/airflow/example_dags/example_setup_teardown.py took 0.147 seconds
[2024-08-09T20:03:04.747+0200] {processor.py:161} INFO - Started process (PID=21075) to work on /home/bvpelt/Develop/airflowtut/py_env/lib/python3.10/site-packages/airflow/example_dags/example_setup_teardown.py
[2024-08-09T20:03:04.764+0200] {processor.py:830} INFO - Processing file /home/bvpelt/Develop/airflowtut/py_env/lib/python3.10/site-packages/airflow/example_dags/example_setup_teardown.py for tasks to queue
[2024-08-09T20:03:04.765+0200] {logging_mixin.py:188} INFO - [2024-08-09T20:03:04.765+0200] {dagbag.py:545} INFO - Filling up the DagBag from /home/bvpelt/Develop/airflowtut/py_env/lib/python3.10/site-packages/airflow/example_dags/example_setup_teardown.py
[2024-08-09T20:03:04.770+0200] {processor.py:840} INFO - DAG(s) 'example_setup_teardown' retrieved from /home/bvpelt/Develop/airflowtut/py_env/lib/python3.10/site-packages/airflow/example_dags/example_setup_teardown.py
[2024-08-09T20:03:04.779+0200] {logging_mixin.py:188} INFO - [2024-08-09T20:03:04.779+0200] {dag.py:3089} INFO - Sync 1 DAGs
[2024-08-09T20:03:04.789+0200] {logging_mixin.py:188} INFO - [2024-08-09T20:03:04.789+0200] {dag.py:3947} INFO - Setting next_dagrun for example_setup_teardown to 2024-08-08 00:00:00+00:00, run_after=2024-08-09 00:00:00+00:00
[2024-08-09T20:03:04.853+0200] {processor.py:183} INFO - Processing /home/bvpelt/Develop/airflowtut/py_env/lib/python3.10/site-packages/airflow/example_dags/example_setup_teardown.py took 0.109 seconds
[2024-08-09T20:03:49.047+0200] {processor.py:161} INFO - Started process (PID=21120) to work on /home/bvpelt/Develop/airflowtut/py_env/lib/python3.10/site-packages/airflow/example_dags/example_setup_teardown.py
[2024-08-09T20:03:49.062+0200] {processor.py:830} INFO - Processing file /home/bvpelt/Develop/airflowtut/py_env/lib/python3.10/site-packages/airflow/example_dags/example_setup_teardown.py for tasks to queue
[2024-08-09T20:03:49.063+0200] {logging_mixin.py:188} INFO - [2024-08-09T20:03:49.062+0200] {dagbag.py:545} INFO - Filling up the DagBag from /home/bvpelt/Develop/airflowtut/py_env/lib/python3.10/site-packages/airflow/example_dags/example_setup_teardown.py
[2024-08-09T20:03:49.067+0200] {processor.py:840} INFO - DAG(s) 'example_setup_teardown' retrieved from /home/bvpelt/Develop/airflowtut/py_env/lib/python3.10/site-packages/airflow/example_dags/example_setup_teardown.py
[2024-08-09T20:03:49.076+0200] {logging_mixin.py:188} INFO - [2024-08-09T20:03:49.076+0200] {dag.py:3089} INFO - Sync 1 DAGs
[2024-08-09T20:03:49.087+0200] {logging_mixin.py:188} INFO - [2024-08-09T20:03:49.087+0200] {dag.py:3947} INFO - Setting next_dagrun for example_setup_teardown to 2024-08-08 00:00:00+00:00, run_after=2024-08-09 00:00:00+00:00
[2024-08-09T20:03:49.161+0200] {processor.py:183} INFO - Processing /home/bvpelt/Develop/airflowtut/py_env/lib/python3.10/site-packages/airflow/example_dags/example_setup_teardown.py took 0.117 seconds
[2024-08-09T20:04:41.477+0200] {processor.py:161} INFO - Started process (PID=21208) to work on /home/bvpelt/Develop/airflowtut/py_env/lib/python3.10/site-packages/airflow/example_dags/example_setup_teardown.py
[2024-08-09T20:04:41.478+0200] {processor.py:830} INFO - Processing file /home/bvpelt/Develop/airflowtut/py_env/lib/python3.10/site-packages/airflow/example_dags/example_setup_teardown.py for tasks to queue
[2024-08-09T20:04:41.479+0200] {logging_mixin.py:188} INFO - [2024-08-09T20:04:41.479+0200] {dagbag.py:545} INFO - Filling up the DagBag from /home/bvpelt/Develop/airflowtut/py_env/lib/python3.10/site-packages/airflow/example_dags/example_setup_teardown.py
[2024-08-09T20:04:41.483+0200] {processor.py:840} INFO - DAG(s) 'example_setup_teardown' retrieved from /home/bvpelt/Develop/airflowtut/py_env/lib/python3.10/site-packages/airflow/example_dags/example_setup_teardown.py
[2024-08-09T20:04:41.492+0200] {logging_mixin.py:188} INFO - [2024-08-09T20:04:41.492+0200] {dag.py:3089} INFO - Sync 1 DAGs
[2024-08-09T20:04:41.504+0200] {logging_mixin.py:188} INFO - [2024-08-09T20:04:41.504+0200] {dag.py:3947} INFO - Setting next_dagrun for example_setup_teardown to 2024-08-08 00:00:00+00:00, run_after=2024-08-09 00:00:00+00:00
[2024-08-09T20:04:41.601+0200] {processor.py:183} INFO - Processing /home/bvpelt/Develop/airflowtut/py_env/lib/python3.10/site-packages/airflow/example_dags/example_setup_teardown.py took 0.126 seconds
[2024-08-09T20:05:34.084+0200] {processor.py:161} INFO - Started process (PID=21366) to work on /home/bvpelt/Develop/airflowtut/py_env/lib/python3.10/site-packages/airflow/example_dags/example_setup_teardown.py
[2024-08-09T20:05:34.084+0200] {processor.py:830} INFO - Processing file /home/bvpelt/Develop/airflowtut/py_env/lib/python3.10/site-packages/airflow/example_dags/example_setup_teardown.py for tasks to queue
[2024-08-09T20:05:34.085+0200] {logging_mixin.py:188} INFO - [2024-08-09T20:05:34.085+0200] {dagbag.py:545} INFO - Filling up the DagBag from /home/bvpelt/Develop/airflowtut/py_env/lib/python3.10/site-packages/airflow/example_dags/example_setup_teardown.py
[2024-08-09T20:05:34.089+0200] {processor.py:840} INFO - DAG(s) 'example_setup_teardown' retrieved from /home/bvpelt/Develop/airflowtut/py_env/lib/python3.10/site-packages/airflow/example_dags/example_setup_teardown.py
[2024-08-09T20:05:34.100+0200] {logging_mixin.py:188} INFO - [2024-08-09T20:05:34.100+0200] {dag.py:3089} INFO - Sync 1 DAGs
[2024-08-09T20:05:34.111+0200] {logging_mixin.py:188} INFO - [2024-08-09T20:05:34.111+0200] {dag.py:3947} INFO - Setting next_dagrun for example_setup_teardown to 2024-08-08 00:00:00+00:00, run_after=2024-08-09 00:00:00+00:00
[2024-08-09T20:05:34.185+0200] {processor.py:183} INFO - Processing /home/bvpelt/Develop/airflowtut/py_env/lib/python3.10/site-packages/airflow/example_dags/example_setup_teardown.py took 0.104 seconds
[2024-08-09T20:06:32.768+0200] {processor.py:161} INFO - Started process (PID=21457) to work on /home/bvpelt/Develop/airflowtut/py_env/lib/python3.10/site-packages/airflow/example_dags/example_setup_teardown.py
[2024-08-09T20:06:32.768+0200] {processor.py:830} INFO - Processing file /home/bvpelt/Develop/airflowtut/py_env/lib/python3.10/site-packages/airflow/example_dags/example_setup_teardown.py for tasks to queue
[2024-08-09T20:06:32.769+0200] {logging_mixin.py:188} INFO - [2024-08-09T20:06:32.769+0200] {dagbag.py:545} INFO - Filling up the DagBag from /home/bvpelt/Develop/airflowtut/py_env/lib/python3.10/site-packages/airflow/example_dags/example_setup_teardown.py
[2024-08-09T20:06:32.773+0200] {processor.py:840} INFO - DAG(s) 'example_setup_teardown' retrieved from /home/bvpelt/Develop/airflowtut/py_env/lib/python3.10/site-packages/airflow/example_dags/example_setup_teardown.py
[2024-08-09T20:06:32.781+0200] {logging_mixin.py:188} INFO - [2024-08-09T20:06:32.781+0200] {dag.py:3089} INFO - Sync 1 DAGs
[2024-08-09T20:06:32.792+0200] {logging_mixin.py:188} INFO - [2024-08-09T20:06:32.792+0200] {dag.py:3947} INFO - Setting next_dagrun for example_setup_teardown to 2024-08-08 00:00:00+00:00, run_after=2024-08-09 00:00:00+00:00
[2024-08-09T20:06:32.871+0200] {processor.py:183} INFO - Processing /home/bvpelt/Develop/airflowtut/py_env/lib/python3.10/site-packages/airflow/example_dags/example_setup_teardown.py took 0.107 seconds
[2024-08-09T20:07:25.696+0200] {processor.py:161} INFO - Started process (PID=21586) to work on /home/bvpelt/Develop/airflowtut/py_env/lib/python3.10/site-packages/airflow/example_dags/example_setup_teardown.py
[2024-08-09T20:07:25.717+0200] {processor.py:830} INFO - Processing file /home/bvpelt/Develop/airflowtut/py_env/lib/python3.10/site-packages/airflow/example_dags/example_setup_teardown.py for tasks to queue
[2024-08-09T20:07:25.721+0200] {logging_mixin.py:188} INFO - [2024-08-09T20:07:25.720+0200] {dagbag.py:545} INFO - Filling up the DagBag from /home/bvpelt/Develop/airflowtut/py_env/lib/python3.10/site-packages/airflow/example_dags/example_setup_teardown.py
[2024-08-09T20:07:25.739+0200] {processor.py:840} INFO - DAG(s) 'example_setup_teardown' retrieved from /home/bvpelt/Develop/airflowtut/py_env/lib/python3.10/site-packages/airflow/example_dags/example_setup_teardown.py
[2024-08-09T20:07:25.761+0200] {logging_mixin.py:188} INFO - [2024-08-09T20:07:25.760+0200] {dag.py:3089} INFO - Sync 1 DAGs
[2024-08-09T20:07:25.775+0200] {logging_mixin.py:188} INFO - [2024-08-09T20:07:25.775+0200] {dag.py:3947} INFO - Setting next_dagrun for example_setup_teardown to 2024-08-08 00:00:00+00:00, run_after=2024-08-09 00:00:00+00:00
[2024-08-09T20:07:25.858+0200] {processor.py:183} INFO - Processing /home/bvpelt/Develop/airflowtut/py_env/lib/python3.10/site-packages/airflow/example_dags/example_setup_teardown.py took 0.172 seconds
[2024-08-09T20:08:17.808+0200] {processor.py:161} INFO - Started process (PID=21669) to work on /home/bvpelt/Develop/airflowtut/py_env/lib/python3.10/site-packages/airflow/example_dags/example_setup_teardown.py
[2024-08-09T20:08:17.808+0200] {processor.py:830} INFO - Processing file /home/bvpelt/Develop/airflowtut/py_env/lib/python3.10/site-packages/airflow/example_dags/example_setup_teardown.py for tasks to queue
[2024-08-09T20:08:17.809+0200] {logging_mixin.py:188} INFO - [2024-08-09T20:08:17.809+0200] {dagbag.py:545} INFO - Filling up the DagBag from /home/bvpelt/Develop/airflowtut/py_env/lib/python3.10/site-packages/airflow/example_dags/example_setup_teardown.py
[2024-08-09T20:08:17.813+0200] {processor.py:840} INFO - DAG(s) 'example_setup_teardown' retrieved from /home/bvpelt/Develop/airflowtut/py_env/lib/python3.10/site-packages/airflow/example_dags/example_setup_teardown.py
[2024-08-09T20:08:17.821+0200] {logging_mixin.py:188} INFO - [2024-08-09T20:08:17.821+0200] {dag.py:3089} INFO - Sync 1 DAGs
[2024-08-09T20:08:17.834+0200] {logging_mixin.py:188} INFO - [2024-08-09T20:08:17.834+0200] {dag.py:3947} INFO - Setting next_dagrun for example_setup_teardown to 2024-08-08 00:00:00+00:00, run_after=2024-08-09 00:00:00+00:00
[2024-08-09T20:08:17.955+0200] {processor.py:183} INFO - Processing /home/bvpelt/Develop/airflowtut/py_env/lib/python3.10/site-packages/airflow/example_dags/example_setup_teardown.py took 0.150 seconds
[2024-08-09T20:09:08.445+0200] {processor.py:161} INFO - Started process (PID=21727) to work on /home/bvpelt/Develop/airflowtut/py_env/lib/python3.10/site-packages/airflow/example_dags/example_setup_teardown.py
[2024-08-09T20:09:08.445+0200] {processor.py:830} INFO - Processing file /home/bvpelt/Develop/airflowtut/py_env/lib/python3.10/site-packages/airflow/example_dags/example_setup_teardown.py for tasks to queue
[2024-08-09T20:09:08.446+0200] {logging_mixin.py:188} INFO - [2024-08-09T20:09:08.446+0200] {dagbag.py:545} INFO - Filling up the DagBag from /home/bvpelt/Develop/airflowtut/py_env/lib/python3.10/site-packages/airflow/example_dags/example_setup_teardown.py
[2024-08-09T20:09:08.450+0200] {processor.py:840} INFO - DAG(s) 'example_setup_teardown' retrieved from /home/bvpelt/Develop/airflowtut/py_env/lib/python3.10/site-packages/airflow/example_dags/example_setup_teardown.py
[2024-08-09T20:09:08.459+0200] {logging_mixin.py:188} INFO - [2024-08-09T20:09:08.458+0200] {dag.py:3089} INFO - Sync 1 DAGs
[2024-08-09T20:09:08.469+0200] {logging_mixin.py:188} INFO - [2024-08-09T20:09:08.469+0200] {dag.py:3947} INFO - Setting next_dagrun for example_setup_teardown to 2024-08-08 00:00:00+00:00, run_after=2024-08-09 00:00:00+00:00
[2024-08-09T20:09:08.533+0200] {processor.py:183} INFO - Processing /home/bvpelt/Develop/airflowtut/py_env/lib/python3.10/site-packages/airflow/example_dags/example_setup_teardown.py took 0.092 seconds
[2024-08-09T20:09:59.614+0200] {processor.py:161} INFO - Started process (PID=21779) to work on /home/bvpelt/Develop/airflowtut/py_env/lib/python3.10/site-packages/airflow/example_dags/example_setup_teardown.py
[2024-08-09T20:09:59.615+0200] {processor.py:830} INFO - Processing file /home/bvpelt/Develop/airflowtut/py_env/lib/python3.10/site-packages/airflow/example_dags/example_setup_teardown.py for tasks to queue
[2024-08-09T20:09:59.616+0200] {logging_mixin.py:188} INFO - [2024-08-09T20:09:59.616+0200] {dagbag.py:545} INFO - Filling up the DagBag from /home/bvpelt/Develop/airflowtut/py_env/lib/python3.10/site-packages/airflow/example_dags/example_setup_teardown.py
[2024-08-09T20:09:59.620+0200] {processor.py:840} INFO - DAG(s) 'example_setup_teardown' retrieved from /home/bvpelt/Develop/airflowtut/py_env/lib/python3.10/site-packages/airflow/example_dags/example_setup_teardown.py
[2024-08-09T20:09:59.628+0200] {logging_mixin.py:188} INFO - [2024-08-09T20:09:59.628+0200] {dag.py:3089} INFO - Sync 1 DAGs
[2024-08-09T20:09:59.638+0200] {logging_mixin.py:188} INFO - [2024-08-09T20:09:59.638+0200] {dag.py:3947} INFO - Setting next_dagrun for example_setup_teardown to 2024-08-08 00:00:00+00:00, run_after=2024-08-09 00:00:00+00:00
[2024-08-09T20:09:59.729+0200] {processor.py:183} INFO - Processing /home/bvpelt/Develop/airflowtut/py_env/lib/python3.10/site-packages/airflow/example_dags/example_setup_teardown.py took 0.118 seconds
[2024-08-09T20:10:49.740+0200] {processor.py:161} INFO - Started process (PID=21855) to work on /home/bvpelt/Develop/airflowtut/py_env/lib/python3.10/site-packages/airflow/example_dags/example_setup_teardown.py
[2024-08-09T20:10:49.740+0200] {processor.py:830} INFO - Processing file /home/bvpelt/Develop/airflowtut/py_env/lib/python3.10/site-packages/airflow/example_dags/example_setup_teardown.py for tasks to queue
[2024-08-09T20:10:49.741+0200] {logging_mixin.py:188} INFO - [2024-08-09T20:10:49.741+0200] {dagbag.py:545} INFO - Filling up the DagBag from /home/bvpelt/Develop/airflowtut/py_env/lib/python3.10/site-packages/airflow/example_dags/example_setup_teardown.py
[2024-08-09T20:10:49.745+0200] {processor.py:840} INFO - DAG(s) 'example_setup_teardown' retrieved from /home/bvpelt/Develop/airflowtut/py_env/lib/python3.10/site-packages/airflow/example_dags/example_setup_teardown.py
[2024-08-09T20:10:49.754+0200] {logging_mixin.py:188} INFO - [2024-08-09T20:10:49.754+0200] {dag.py:3089} INFO - Sync 1 DAGs
[2024-08-09T20:10:49.766+0200] {logging_mixin.py:188} INFO - [2024-08-09T20:10:49.766+0200] {dag.py:3947} INFO - Setting next_dagrun for example_setup_teardown to 2024-08-08 00:00:00+00:00, run_after=2024-08-09 00:00:00+00:00
[2024-08-09T20:10:49.840+0200] {processor.py:183} INFO - Processing /home/bvpelt/Develop/airflowtut/py_env/lib/python3.10/site-packages/airflow/example_dags/example_setup_teardown.py took 0.103 seconds
[2024-08-09T20:11:39.570+0200] {processor.py:161} INFO - Started process (PID=21908) to work on /home/bvpelt/Develop/airflowtut/py_env/lib/python3.10/site-packages/airflow/example_dags/example_setup_teardown.py
[2024-08-09T20:11:39.571+0200] {processor.py:830} INFO - Processing file /home/bvpelt/Develop/airflowtut/py_env/lib/python3.10/site-packages/airflow/example_dags/example_setup_teardown.py for tasks to queue
[2024-08-09T20:11:39.572+0200] {logging_mixin.py:188} INFO - [2024-08-09T20:11:39.572+0200] {dagbag.py:545} INFO - Filling up the DagBag from /home/bvpelt/Develop/airflowtut/py_env/lib/python3.10/site-packages/airflow/example_dags/example_setup_teardown.py
[2024-08-09T20:11:39.575+0200] {processor.py:840} INFO - DAG(s) 'example_setup_teardown' retrieved from /home/bvpelt/Develop/airflowtut/py_env/lib/python3.10/site-packages/airflow/example_dags/example_setup_teardown.py
[2024-08-09T20:11:39.584+0200] {logging_mixin.py:188} INFO - [2024-08-09T20:11:39.584+0200] {dag.py:3089} INFO - Sync 1 DAGs
[2024-08-09T20:11:39.594+0200] {logging_mixin.py:188} INFO - [2024-08-09T20:11:39.594+0200] {dag.py:3947} INFO - Setting next_dagrun for example_setup_teardown to 2024-08-08 00:00:00+00:00, run_after=2024-08-09 00:00:00+00:00
[2024-08-09T20:11:39.700+0200] {processor.py:183} INFO - Processing /home/bvpelt/Develop/airflowtut/py_env/lib/python3.10/site-packages/airflow/example_dags/example_setup_teardown.py took 0.133 seconds
[2024-08-09T20:12:27.045+0200] {processor.py:161} INFO - Started process (PID=22017) to work on /home/bvpelt/Develop/airflowtut/py_env/lib/python3.10/site-packages/airflow/example_dags/example_setup_teardown.py
[2024-08-09T20:12:27.054+0200] {processor.py:830} INFO - Processing file /home/bvpelt/Develop/airflowtut/py_env/lib/python3.10/site-packages/airflow/example_dags/example_setup_teardown.py for tasks to queue
[2024-08-09T20:12:27.055+0200] {logging_mixin.py:188} INFO - [2024-08-09T20:12:27.055+0200] {dagbag.py:545} INFO - Filling up the DagBag from /home/bvpelt/Develop/airflowtut/py_env/lib/python3.10/site-packages/airflow/example_dags/example_setup_teardown.py
[2024-08-09T20:12:27.060+0200] {processor.py:840} INFO - DAG(s) 'example_setup_teardown' retrieved from /home/bvpelt/Develop/airflowtut/py_env/lib/python3.10/site-packages/airflow/example_dags/example_setup_teardown.py
[2024-08-09T20:12:27.069+0200] {logging_mixin.py:188} INFO - [2024-08-09T20:12:27.069+0200] {dag.py:3089} INFO - Sync 1 DAGs
[2024-08-09T20:12:27.079+0200] {logging_mixin.py:188} INFO - [2024-08-09T20:12:27.079+0200] {dag.py:3947} INFO - Setting next_dagrun for example_setup_teardown to 2024-08-08 00:00:00+00:00, run_after=2024-08-09 00:00:00+00:00
[2024-08-09T20:12:27.160+0200] {processor.py:183} INFO - Processing /home/bvpelt/Develop/airflowtut/py_env/lib/python3.10/site-packages/airflow/example_dags/example_setup_teardown.py took 0.118 seconds
[2024-08-09T20:13:21.455+0200] {processor.py:161} INFO - Started process (PID=22101) to work on /home/bvpelt/Develop/airflowtut/py_env/lib/python3.10/site-packages/airflow/example_dags/example_setup_teardown.py
[2024-08-09T20:13:21.455+0200] {processor.py:830} INFO - Processing file /home/bvpelt/Develop/airflowtut/py_env/lib/python3.10/site-packages/airflow/example_dags/example_setup_teardown.py for tasks to queue
[2024-08-09T20:13:21.456+0200] {logging_mixin.py:188} INFO - [2024-08-09T20:13:21.456+0200] {dagbag.py:545} INFO - Filling up the DagBag from /home/bvpelt/Develop/airflowtut/py_env/lib/python3.10/site-packages/airflow/example_dags/example_setup_teardown.py
[2024-08-09T20:13:21.460+0200] {processor.py:840} INFO - DAG(s) 'example_setup_teardown' retrieved from /home/bvpelt/Develop/airflowtut/py_env/lib/python3.10/site-packages/airflow/example_dags/example_setup_teardown.py
[2024-08-09T20:13:21.468+0200] {logging_mixin.py:188} INFO - [2024-08-09T20:13:21.468+0200] {dag.py:3089} INFO - Sync 1 DAGs
[2024-08-09T20:13:21.479+0200] {logging_mixin.py:188} INFO - [2024-08-09T20:13:21.479+0200] {dag.py:3947} INFO - Setting next_dagrun for example_setup_teardown to 2024-08-08 00:00:00+00:00, run_after=2024-08-09 00:00:00+00:00
[2024-08-09T20:13:21.596+0200] {processor.py:183} INFO - Processing /home/bvpelt/Develop/airflowtut/py_env/lib/python3.10/site-packages/airflow/example_dags/example_setup_teardown.py took 0.145 seconds
[2024-08-09T20:14:16.876+0200] {processor.py:161} INFO - Started process (PID=22182) to work on /home/bvpelt/Develop/airflowtut/py_env/lib/python3.10/site-packages/airflow/example_dags/example_setup_teardown.py
[2024-08-09T20:14:16.882+0200] {processor.py:830} INFO - Processing file /home/bvpelt/Develop/airflowtut/py_env/lib/python3.10/site-packages/airflow/example_dags/example_setup_teardown.py for tasks to queue
[2024-08-09T20:14:16.883+0200] {logging_mixin.py:188} INFO - [2024-08-09T20:14:16.883+0200] {dagbag.py:545} INFO - Filling up the DagBag from /home/bvpelt/Develop/airflowtut/py_env/lib/python3.10/site-packages/airflow/example_dags/example_setup_teardown.py
[2024-08-09T20:14:16.888+0200] {processor.py:840} INFO - DAG(s) 'example_setup_teardown' retrieved from /home/bvpelt/Develop/airflowtut/py_env/lib/python3.10/site-packages/airflow/example_dags/example_setup_teardown.py
[2024-08-09T20:14:16.898+0200] {logging_mixin.py:188} INFO - [2024-08-09T20:14:16.898+0200] {dag.py:3089} INFO - Sync 1 DAGs
[2024-08-09T20:14:16.912+0200] {logging_mixin.py:188} INFO - [2024-08-09T20:14:16.912+0200] {dag.py:3947} INFO - Setting next_dagrun for example_setup_teardown to 2024-08-08 00:00:00+00:00, run_after=2024-08-09 00:00:00+00:00
[2024-08-09T20:14:16.989+0200] {processor.py:183} INFO - Processing /home/bvpelt/Develop/airflowtut/py_env/lib/python3.10/site-packages/airflow/example_dags/example_setup_teardown.py took 0.116 seconds
[2024-08-09T20:15:04.025+0200] {processor.py:161} INFO - Started process (PID=22236) to work on /home/bvpelt/Develop/airflowtut/py_env/lib/python3.10/site-packages/airflow/example_dags/example_setup_teardown.py
[2024-08-09T20:15:04.026+0200] {processor.py:830} INFO - Processing file /home/bvpelt/Develop/airflowtut/py_env/lib/python3.10/site-packages/airflow/example_dags/example_setup_teardown.py for tasks to queue
[2024-08-09T20:15:04.026+0200] {logging_mixin.py:188} INFO - [2024-08-09T20:15:04.026+0200] {dagbag.py:545} INFO - Filling up the DagBag from /home/bvpelt/Develop/airflowtut/py_env/lib/python3.10/site-packages/airflow/example_dags/example_setup_teardown.py
[2024-08-09T20:15:04.030+0200] {processor.py:840} INFO - DAG(s) 'example_setup_teardown' retrieved from /home/bvpelt/Develop/airflowtut/py_env/lib/python3.10/site-packages/airflow/example_dags/example_setup_teardown.py
[2024-08-09T20:15:04.039+0200] {logging_mixin.py:188} INFO - [2024-08-09T20:15:04.039+0200] {dag.py:3089} INFO - Sync 1 DAGs
[2024-08-09T20:15:04.050+0200] {logging_mixin.py:188} INFO - [2024-08-09T20:15:04.050+0200] {dag.py:3947} INFO - Setting next_dagrun for example_setup_teardown to 2024-08-08 00:00:00+00:00, run_after=2024-08-09 00:00:00+00:00
[2024-08-09T20:15:04.157+0200] {processor.py:183} INFO - Processing /home/bvpelt/Develop/airflowtut/py_env/lib/python3.10/site-packages/airflow/example_dags/example_setup_teardown.py took 0.135 seconds
[2024-08-09T20:15:52.537+0200] {processor.py:161} INFO - Started process (PID=22317) to work on /home/bvpelt/Develop/airflowtut/py_env/lib/python3.10/site-packages/airflow/example_dags/example_setup_teardown.py
[2024-08-09T20:15:52.538+0200] {processor.py:830} INFO - Processing file /home/bvpelt/Develop/airflowtut/py_env/lib/python3.10/site-packages/airflow/example_dags/example_setup_teardown.py for tasks to queue
[2024-08-09T20:15:52.539+0200] {logging_mixin.py:188} INFO - [2024-08-09T20:15:52.538+0200] {dagbag.py:545} INFO - Filling up the DagBag from /home/bvpelt/Develop/airflowtut/py_env/lib/python3.10/site-packages/airflow/example_dags/example_setup_teardown.py
[2024-08-09T20:15:52.542+0200] {processor.py:840} INFO - DAG(s) 'example_setup_teardown' retrieved from /home/bvpelt/Develop/airflowtut/py_env/lib/python3.10/site-packages/airflow/example_dags/example_setup_teardown.py
[2024-08-09T20:15:52.551+0200] {logging_mixin.py:188} INFO - [2024-08-09T20:15:52.550+0200] {dag.py:3089} INFO - Sync 1 DAGs
[2024-08-09T20:15:52.561+0200] {logging_mixin.py:188} INFO - [2024-08-09T20:15:52.561+0200] {dag.py:3947} INFO - Setting next_dagrun for example_setup_teardown to 2024-08-08 00:00:00+00:00, run_after=2024-08-09 00:00:00+00:00
[2024-08-09T20:15:52.657+0200] {processor.py:183} INFO - Processing /home/bvpelt/Develop/airflowtut/py_env/lib/python3.10/site-packages/airflow/example_dags/example_setup_teardown.py took 0.123 seconds
