[2024-08-09T19:42:52.810+0200] {processor.py:161} INFO - Started process (PID=17673) to work on /home/bvpelt/Develop/airflowtut/py_env/lib/python3.10/site-packages/airflow/example_dags/example_task_group_decorator.py
[2024-08-09T19:42:52.810+0200] {processor.py:830} INFO - Processing file /home/bvpelt/Develop/airflowtut/py_env/lib/python3.10/site-packages/airflow/example_dags/example_task_group_decorator.py for tasks to queue
[2024-08-09T19:42:52.811+0200] {logging_mixin.py:188} INFO - [2024-08-09T19:42:52.811+0200] {dagbag.py:545} INFO - Filling up the DagBag from /home/bvpelt/Develop/airflowtut/py_env/lib/python3.10/site-packages/airflow/example_dags/example_task_group_decorator.py
[2024-08-09T19:42:52.820+0200] {processor.py:840} INFO - DAG(s) 'example_task_group_decorator' retrieved from /home/bvpelt/Develop/airflowtut/py_env/lib/python3.10/site-packages/airflow/example_dags/example_task_group_decorator.py
[2024-08-09T19:42:53.060+0200] {logging_mixin.py:188} INFO - [2024-08-09T19:42:53.059+0200] {override.py:1858} INFO - Created Permission View: can edit on DAG:example_task_group_decorator
[2024-08-09T19:42:53.232+0200] {logging_mixin.py:188} INFO - [2024-08-09T19:42:53.231+0200] {override.py:1858} INFO - Created Permission View: can read on DAG:example_task_group_decorator
[2024-08-09T19:42:53.307+0200] {logging_mixin.py:188} INFO - [2024-08-09T19:42:53.306+0200] {override.py:1858} INFO - Created Permission View: can delete on DAG:example_task_group_decorator
[2024-08-09T19:42:53.308+0200] {logging_mixin.py:188} INFO - [2024-08-09T19:42:53.307+0200] {dag.py:3089} INFO - Sync 1 DAGs
[2024-08-09T19:42:53.337+0200] {logging_mixin.py:188} INFO - [2024-08-09T19:42:53.337+0200] {dag.py:3111} INFO - Creating ORM DAG for example_task_group_decorator
[2024-08-09T19:42:53.350+0200] {logging_mixin.py:188} INFO - [2024-08-09T19:42:53.350+0200] {dag.py:3947} INFO - Setting next_dagrun for example_task_group_decorator to 2024-08-08 00:00:00+00:00, run_after=2024-08-09 00:00:00+00:00
[2024-08-09T19:42:53.466+0200] {processor.py:183} INFO - Processing /home/bvpelt/Develop/airflowtut/py_env/lib/python3.10/site-packages/airflow/example_dags/example_task_group_decorator.py took 0.659 seconds
[2024-08-09T19:44:02.860+0200] {processor.py:161} INFO - Started process (PID=17898) to work on /home/bvpelt/Develop/airflowtut/py_env/lib/python3.10/site-packages/airflow/example_dags/example_task_group_decorator.py
[2024-08-09T19:44:02.862+0200] {processor.py:830} INFO - Processing file /home/bvpelt/Develop/airflowtut/py_env/lib/python3.10/site-packages/airflow/example_dags/example_task_group_decorator.py for tasks to queue
[2024-08-09T19:44:02.863+0200] {logging_mixin.py:188} INFO - [2024-08-09T19:44:02.863+0200] {dagbag.py:545} INFO - Filling up the DagBag from /home/bvpelt/Develop/airflowtut/py_env/lib/python3.10/site-packages/airflow/example_dags/example_task_group_decorator.py
[2024-08-09T19:44:02.872+0200] {processor.py:840} INFO - DAG(s) 'example_task_group_decorator' retrieved from /home/bvpelt/Develop/airflowtut/py_env/lib/python3.10/site-packages/airflow/example_dags/example_task_group_decorator.py
[2024-08-09T19:44:02.887+0200] {logging_mixin.py:188} INFO - [2024-08-09T19:44:02.887+0200] {dag.py:3089} INFO - Sync 1 DAGs
[2024-08-09T19:44:02.902+0200] {logging_mixin.py:188} INFO - [2024-08-09T19:44:02.902+0200] {dag.py:3947} INFO - Setting next_dagrun for example_task_group_decorator to 2024-08-08 00:00:00+00:00, run_after=2024-08-09 00:00:00+00:00
[2024-08-09T19:44:03.017+0200] {processor.py:183} INFO - Processing /home/bvpelt/Develop/airflowtut/py_env/lib/python3.10/site-packages/airflow/example_dags/example_task_group_decorator.py took 0.161 seconds
[2024-08-09T19:44:59.527+0200] {processor.py:161} INFO - Started process (PID=18198) to work on /home/bvpelt/Develop/airflowtut/py_env/lib/python3.10/site-packages/airflow/example_dags/example_task_group_decorator.py
[2024-08-09T19:44:59.529+0200] {processor.py:830} INFO - Processing file /home/bvpelt/Develop/airflowtut/py_env/lib/python3.10/site-packages/airflow/example_dags/example_task_group_decorator.py for tasks to queue
[2024-08-09T19:44:59.533+0200] {logging_mixin.py:188} INFO - [2024-08-09T19:44:59.532+0200] {dagbag.py:545} INFO - Filling up the DagBag from /home/bvpelt/Develop/airflowtut/py_env/lib/python3.10/site-packages/airflow/example_dags/example_task_group_decorator.py
[2024-08-09T19:44:59.555+0200] {processor.py:840} INFO - DAG(s) 'example_task_group_decorator' retrieved from /home/bvpelt/Develop/airflowtut/py_env/lib/python3.10/site-packages/airflow/example_dags/example_task_group_decorator.py
[2024-08-09T19:44:59.571+0200] {logging_mixin.py:188} INFO - [2024-08-09T19:44:59.571+0200] {dag.py:3089} INFO - Sync 1 DAGs
[2024-08-09T19:44:59.633+0200] {logging_mixin.py:188} INFO - [2024-08-09T19:44:59.633+0200] {dag.py:3947} INFO - Setting next_dagrun for example_task_group_decorator to 2024-08-08 00:00:00+00:00, run_after=2024-08-09 00:00:00+00:00
[2024-08-09T19:44:59.722+0200] {processor.py:183} INFO - Processing /home/bvpelt/Develop/airflowtut/py_env/lib/python3.10/site-packages/airflow/example_dags/example_task_group_decorator.py took 0.210 seconds
[2024-08-09T19:46:09.645+0200] {processor.py:161} INFO - Started process (PID=18551) to work on /home/bvpelt/Develop/airflowtut/py_env/lib/python3.10/site-packages/airflow/example_dags/example_task_group_decorator.py
[2024-08-09T19:46:09.646+0200] {processor.py:830} INFO - Processing file /home/bvpelt/Develop/airflowtut/py_env/lib/python3.10/site-packages/airflow/example_dags/example_task_group_decorator.py for tasks to queue
[2024-08-09T19:46:09.647+0200] {logging_mixin.py:188} INFO - [2024-08-09T19:46:09.647+0200] {dagbag.py:545} INFO - Filling up the DagBag from /home/bvpelt/Develop/airflowtut/py_env/lib/python3.10/site-packages/airflow/example_dags/example_task_group_decorator.py
[2024-08-09T19:46:09.657+0200] {processor.py:840} INFO - DAG(s) 'example_task_group_decorator' retrieved from /home/bvpelt/Develop/airflowtut/py_env/lib/python3.10/site-packages/airflow/example_dags/example_task_group_decorator.py
[2024-08-09T19:46:09.670+0200] {logging_mixin.py:188} INFO - [2024-08-09T19:46:09.670+0200] {dag.py:3089} INFO - Sync 1 DAGs
[2024-08-09T19:46:09.682+0200] {logging_mixin.py:188} INFO - [2024-08-09T19:46:09.682+0200] {dag.py:3947} INFO - Setting next_dagrun for example_task_group_decorator to 2024-08-08 00:00:00+00:00, run_after=2024-08-09 00:00:00+00:00
[2024-08-09T19:46:09.770+0200] {processor.py:183} INFO - Processing /home/bvpelt/Develop/airflowtut/py_env/lib/python3.10/site-packages/airflow/example_dags/example_task_group_decorator.py took 0.129 seconds
[2024-08-09T19:47:15.743+0200] {processor.py:161} INFO - Started process (PID=18839) to work on /home/bvpelt/Develop/airflowtut/py_env/lib/python3.10/site-packages/airflow/example_dags/example_task_group_decorator.py
[2024-08-09T19:47:15.744+0200] {processor.py:830} INFO - Processing file /home/bvpelt/Develop/airflowtut/py_env/lib/python3.10/site-packages/airflow/example_dags/example_task_group_decorator.py for tasks to queue
[2024-08-09T19:47:15.744+0200] {logging_mixin.py:188} INFO - [2024-08-09T19:47:15.744+0200] {dagbag.py:545} INFO - Filling up the DagBag from /home/bvpelt/Develop/airflowtut/py_env/lib/python3.10/site-packages/airflow/example_dags/example_task_group_decorator.py
[2024-08-09T19:47:15.755+0200] {processor.py:840} INFO - DAG(s) 'example_task_group_decorator' retrieved from /home/bvpelt/Develop/airflowtut/py_env/lib/python3.10/site-packages/airflow/example_dags/example_task_group_decorator.py
[2024-08-09T19:47:15.768+0200] {logging_mixin.py:188} INFO - [2024-08-09T19:47:15.768+0200] {dag.py:3089} INFO - Sync 1 DAGs
[2024-08-09T19:47:15.779+0200] {logging_mixin.py:188} INFO - [2024-08-09T19:47:15.779+0200] {dag.py:3947} INFO - Setting next_dagrun for example_task_group_decorator to 2024-08-08 00:00:00+00:00, run_after=2024-08-09 00:00:00+00:00
[2024-08-09T19:47:15.846+0200] {processor.py:183} INFO - Processing /home/bvpelt/Develop/airflowtut/py_env/lib/python3.10/site-packages/airflow/example_dags/example_task_group_decorator.py took 0.106 seconds
[2024-08-09T19:48:07.242+0200] {processor.py:161} INFO - Started process (PID=19024) to work on /home/bvpelt/Develop/airflowtut/py_env/lib/python3.10/site-packages/airflow/example_dags/example_task_group_decorator.py
[2024-08-09T19:48:07.254+0200] {processor.py:830} INFO - Processing file /home/bvpelt/Develop/airflowtut/py_env/lib/python3.10/site-packages/airflow/example_dags/example_task_group_decorator.py for tasks to queue
[2024-08-09T19:48:07.257+0200] {logging_mixin.py:188} INFO - [2024-08-09T19:48:07.256+0200] {dagbag.py:545} INFO - Filling up the DagBag from /home/bvpelt/Develop/airflowtut/py_env/lib/python3.10/site-packages/airflow/example_dags/example_task_group_decorator.py
[2024-08-09T19:48:07.270+0200] {processor.py:840} INFO - DAG(s) 'example_task_group_decorator' retrieved from /home/bvpelt/Develop/airflowtut/py_env/lib/python3.10/site-packages/airflow/example_dags/example_task_group_decorator.py
[2024-08-09T19:48:07.285+0200] {logging_mixin.py:188} INFO - [2024-08-09T19:48:07.285+0200] {dag.py:3089} INFO - Sync 1 DAGs
[2024-08-09T19:48:07.296+0200] {logging_mixin.py:188} INFO - [2024-08-09T19:48:07.296+0200] {dag.py:3947} INFO - Setting next_dagrun for example_task_group_decorator to 2024-08-08 00:00:00+00:00, run_after=2024-08-09 00:00:00+00:00
[2024-08-09T19:48:07.370+0200] {processor.py:183} INFO - Processing /home/bvpelt/Develop/airflowtut/py_env/lib/python3.10/site-packages/airflow/example_dags/example_task_group_decorator.py took 0.142 seconds
[2024-08-09T19:48:57.146+0200] {processor.py:161} INFO - Started process (PID=19134) to work on /home/bvpelt/Develop/airflowtut/py_env/lib/python3.10/site-packages/airflow/example_dags/example_task_group_decorator.py
[2024-08-09T19:48:57.147+0200] {processor.py:830} INFO - Processing file /home/bvpelt/Develop/airflowtut/py_env/lib/python3.10/site-packages/airflow/example_dags/example_task_group_decorator.py for tasks to queue
[2024-08-09T19:48:57.148+0200] {logging_mixin.py:188} INFO - [2024-08-09T19:48:57.148+0200] {dagbag.py:545} INFO - Filling up the DagBag from /home/bvpelt/Develop/airflowtut/py_env/lib/python3.10/site-packages/airflow/example_dags/example_task_group_decorator.py
[2024-08-09T19:48:57.156+0200] {processor.py:840} INFO - DAG(s) 'example_task_group_decorator' retrieved from /home/bvpelt/Develop/airflowtut/py_env/lib/python3.10/site-packages/airflow/example_dags/example_task_group_decorator.py
[2024-08-09T19:48:57.168+0200] {logging_mixin.py:188} INFO - [2024-08-09T19:48:57.168+0200] {dag.py:3089} INFO - Sync 1 DAGs
[2024-08-09T19:48:57.179+0200] {logging_mixin.py:188} INFO - [2024-08-09T19:48:57.179+0200] {dag.py:3947} INFO - Setting next_dagrun for example_task_group_decorator to 2024-08-08 00:00:00+00:00, run_after=2024-08-09 00:00:00+00:00
[2024-08-09T19:48:57.263+0200] {processor.py:183} INFO - Processing /home/bvpelt/Develop/airflowtut/py_env/lib/python3.10/site-packages/airflow/example_dags/example_task_group_decorator.py took 0.120 seconds
[2024-08-09T19:49:48.027+0200] {processor.py:161} INFO - Started process (PID=19268) to work on /home/bvpelt/Develop/airflowtut/py_env/lib/python3.10/site-packages/airflow/example_dags/example_task_group_decorator.py
[2024-08-09T19:49:48.027+0200] {processor.py:830} INFO - Processing file /home/bvpelt/Develop/airflowtut/py_env/lib/python3.10/site-packages/airflow/example_dags/example_task_group_decorator.py for tasks to queue
[2024-08-09T19:49:48.029+0200] {logging_mixin.py:188} INFO - [2024-08-09T19:49:48.028+0200] {dagbag.py:545} INFO - Filling up the DagBag from /home/bvpelt/Develop/airflowtut/py_env/lib/python3.10/site-packages/airflow/example_dags/example_task_group_decorator.py
[2024-08-09T19:49:48.037+0200] {processor.py:840} INFO - DAG(s) 'example_task_group_decorator' retrieved from /home/bvpelt/Develop/airflowtut/py_env/lib/python3.10/site-packages/airflow/example_dags/example_task_group_decorator.py
[2024-08-09T19:49:48.049+0200] {logging_mixin.py:188} INFO - [2024-08-09T19:49:48.049+0200] {dag.py:3089} INFO - Sync 1 DAGs
[2024-08-09T19:49:48.060+0200] {logging_mixin.py:188} INFO - [2024-08-09T19:49:48.060+0200] {dag.py:3947} INFO - Setting next_dagrun for example_task_group_decorator to 2024-08-08 00:00:00+00:00, run_after=2024-08-09 00:00:00+00:00
[2024-08-09T19:49:48.131+0200] {processor.py:183} INFO - Processing /home/bvpelt/Develop/airflowtut/py_env/lib/python3.10/site-packages/airflow/example_dags/example_task_group_decorator.py took 0.108 seconds
[2024-08-09T19:50:41.647+0200] {processor.py:161} INFO - Started process (PID=19376) to work on /home/bvpelt/Develop/airflowtut/py_env/lib/python3.10/site-packages/airflow/example_dags/example_task_group_decorator.py
[2024-08-09T19:50:41.647+0200] {processor.py:830} INFO - Processing file /home/bvpelt/Develop/airflowtut/py_env/lib/python3.10/site-packages/airflow/example_dags/example_task_group_decorator.py for tasks to queue
[2024-08-09T19:50:41.649+0200] {logging_mixin.py:188} INFO - [2024-08-09T19:50:41.648+0200] {dagbag.py:545} INFO - Filling up the DagBag from /home/bvpelt/Develop/airflowtut/py_env/lib/python3.10/site-packages/airflow/example_dags/example_task_group_decorator.py
[2024-08-09T19:50:41.657+0200] {processor.py:840} INFO - DAG(s) 'example_task_group_decorator' retrieved from /home/bvpelt/Develop/airflowtut/py_env/lib/python3.10/site-packages/airflow/example_dags/example_task_group_decorator.py
[2024-08-09T19:50:41.669+0200] {logging_mixin.py:188} INFO - [2024-08-09T19:50:41.669+0200] {dag.py:3089} INFO - Sync 1 DAGs
[2024-08-09T19:50:41.679+0200] {logging_mixin.py:188} INFO - [2024-08-09T19:50:41.679+0200] {dag.py:3947} INFO - Setting next_dagrun for example_task_group_decorator to 2024-08-08 00:00:00+00:00, run_after=2024-08-09 00:00:00+00:00
[2024-08-09T19:50:41.769+0200] {processor.py:183} INFO - Processing /home/bvpelt/Develop/airflowtut/py_env/lib/python3.10/site-packages/airflow/example_dags/example_task_group_decorator.py took 0.125 seconds
[2024-08-09T19:51:31.594+0200] {processor.py:161} INFO - Started process (PID=19536) to work on /home/bvpelt/Develop/airflowtut/py_env/lib/python3.10/site-packages/airflow/example_dags/example_task_group_decorator.py
[2024-08-09T19:51:31.595+0200] {processor.py:830} INFO - Processing file /home/bvpelt/Develop/airflowtut/py_env/lib/python3.10/site-packages/airflow/example_dags/example_task_group_decorator.py for tasks to queue
[2024-08-09T19:51:31.597+0200] {logging_mixin.py:188} INFO - [2024-08-09T19:51:31.597+0200] {dagbag.py:545} INFO - Filling up the DagBag from /home/bvpelt/Develop/airflowtut/py_env/lib/python3.10/site-packages/airflow/example_dags/example_task_group_decorator.py
[2024-08-09T19:51:31.611+0200] {processor.py:840} INFO - DAG(s) 'example_task_group_decorator' retrieved from /home/bvpelt/Develop/airflowtut/py_env/lib/python3.10/site-packages/airflow/example_dags/example_task_group_decorator.py
[2024-08-09T19:51:31.627+0200] {logging_mixin.py:188} INFO - [2024-08-09T19:51:31.627+0200] {dag.py:3089} INFO - Sync 1 DAGs
[2024-08-09T19:51:31.640+0200] {logging_mixin.py:188} INFO - [2024-08-09T19:51:31.640+0200] {dag.py:3947} INFO - Setting next_dagrun for example_task_group_decorator to 2024-08-08 00:00:00+00:00, run_after=2024-08-09 00:00:00+00:00
[2024-08-09T19:51:31.702+0200] {processor.py:183} INFO - Processing /home/bvpelt/Develop/airflowtut/py_env/lib/python3.10/site-packages/airflow/example_dags/example_task_group_decorator.py took 0.113 seconds
[2024-08-09T19:52:49.983+0200] {processor.py:161} INFO - Started process (PID=20055) to work on /home/bvpelt/Develop/airflowtut/py_env/lib/python3.10/site-packages/airflow/example_dags/example_task_group_decorator.py
[2024-08-09T19:52:49.990+0200] {processor.py:830} INFO - Processing file /home/bvpelt/Develop/airflowtut/py_env/lib/python3.10/site-packages/airflow/example_dags/example_task_group_decorator.py for tasks to queue
[2024-08-09T19:52:49.992+0200] {logging_mixin.py:188} INFO - [2024-08-09T19:52:49.992+0200] {dagbag.py:545} INFO - Filling up the DagBag from /home/bvpelt/Develop/airflowtut/py_env/lib/python3.10/site-packages/airflow/example_dags/example_task_group_decorator.py
[2024-08-09T19:52:50.003+0200] {processor.py:840} INFO - DAG(s) 'example_task_group_decorator' retrieved from /home/bvpelt/Develop/airflowtut/py_env/lib/python3.10/site-packages/airflow/example_dags/example_task_group_decorator.py
[2024-08-09T19:52:50.016+0200] {logging_mixin.py:188} INFO - [2024-08-09T19:52:50.016+0200] {dag.py:3089} INFO - Sync 1 DAGs
[2024-08-09T19:52:50.031+0200] {logging_mixin.py:188} INFO - [2024-08-09T19:52:50.030+0200] {dag.py:3947} INFO - Setting next_dagrun for example_task_group_decorator to 2024-08-08 00:00:00+00:00, run_after=2024-08-09 00:00:00+00:00
[2024-08-09T19:52:50.125+0200] {processor.py:183} INFO - Processing /home/bvpelt/Develop/airflowtut/py_env/lib/python3.10/site-packages/airflow/example_dags/example_task_group_decorator.py took 0.146 seconds
[2024-08-09T19:53:45.988+0200] {processor.py:161} INFO - Started process (PID=20118) to work on /home/bvpelt/Develop/airflowtut/py_env/lib/python3.10/site-packages/airflow/example_dags/example_task_group_decorator.py
[2024-08-09T19:53:45.988+0200] {processor.py:830} INFO - Processing file /home/bvpelt/Develop/airflowtut/py_env/lib/python3.10/site-packages/airflow/example_dags/example_task_group_decorator.py for tasks to queue
[2024-08-09T19:53:45.989+0200] {logging_mixin.py:188} INFO - [2024-08-09T19:53:45.989+0200] {dagbag.py:545} INFO - Filling up the DagBag from /home/bvpelt/Develop/airflowtut/py_env/lib/python3.10/site-packages/airflow/example_dags/example_task_group_decorator.py
[2024-08-09T19:53:45.998+0200] {processor.py:840} INFO - DAG(s) 'example_task_group_decorator' retrieved from /home/bvpelt/Develop/airflowtut/py_env/lib/python3.10/site-packages/airflow/example_dags/example_task_group_decorator.py
[2024-08-09T19:53:46.010+0200] {logging_mixin.py:188} INFO - [2024-08-09T19:53:46.010+0200] {dag.py:3089} INFO - Sync 1 DAGs
[2024-08-09T19:53:46.022+0200] {logging_mixin.py:188} INFO - [2024-08-09T19:53:46.021+0200] {dag.py:3947} INFO - Setting next_dagrun for example_task_group_decorator to 2024-08-08 00:00:00+00:00, run_after=2024-08-09 00:00:00+00:00
[2024-08-09T19:53:46.291+0200] {processor.py:183} INFO - Processing /home/bvpelt/Develop/airflowtut/py_env/lib/python3.10/site-packages/airflow/example_dags/example_task_group_decorator.py took 0.306 seconds
[2024-08-09T19:54:38.792+0200] {processor.py:161} INFO - Started process (PID=20185) to work on /home/bvpelt/Develop/airflowtut/py_env/lib/python3.10/site-packages/airflow/example_dags/example_task_group_decorator.py
[2024-08-09T19:54:38.793+0200] {processor.py:830} INFO - Processing file /home/bvpelt/Develop/airflowtut/py_env/lib/python3.10/site-packages/airflow/example_dags/example_task_group_decorator.py for tasks to queue
[2024-08-09T19:54:38.793+0200] {logging_mixin.py:188} INFO - [2024-08-09T19:54:38.793+0200] {dagbag.py:545} INFO - Filling up the DagBag from /home/bvpelt/Develop/airflowtut/py_env/lib/python3.10/site-packages/airflow/example_dags/example_task_group_decorator.py
[2024-08-09T19:54:38.802+0200] {processor.py:840} INFO - DAG(s) 'example_task_group_decorator' retrieved from /home/bvpelt/Develop/airflowtut/py_env/lib/python3.10/site-packages/airflow/example_dags/example_task_group_decorator.py
[2024-08-09T19:54:38.813+0200] {logging_mixin.py:188} INFO - [2024-08-09T19:54:38.813+0200] {dag.py:3089} INFO - Sync 1 DAGs
[2024-08-09T19:54:38.823+0200] {logging_mixin.py:188} INFO - [2024-08-09T19:54:38.823+0200] {dag.py:3947} INFO - Setting next_dagrun for example_task_group_decorator to 2024-08-08 00:00:00+00:00, run_after=2024-08-09 00:00:00+00:00
[2024-08-09T19:54:38.897+0200] {processor.py:183} INFO - Processing /home/bvpelt/Develop/airflowtut/py_env/lib/python3.10/site-packages/airflow/example_dags/example_task_group_decorator.py took 0.108 seconds
[2024-08-09T19:55:29.475+0200] {processor.py:161} INFO - Started process (PID=20281) to work on /home/bvpelt/Develop/airflowtut/py_env/lib/python3.10/site-packages/airflow/example_dags/example_task_group_decorator.py
[2024-08-09T19:55:29.489+0200] {processor.py:830} INFO - Processing file /home/bvpelt/Develop/airflowtut/py_env/lib/python3.10/site-packages/airflow/example_dags/example_task_group_decorator.py for tasks to queue
[2024-08-09T19:55:29.490+0200] {logging_mixin.py:188} INFO - [2024-08-09T19:55:29.490+0200] {dagbag.py:545} INFO - Filling up the DagBag from /home/bvpelt/Develop/airflowtut/py_env/lib/python3.10/site-packages/airflow/example_dags/example_task_group_decorator.py
[2024-08-09T19:55:29.500+0200] {processor.py:840} INFO - DAG(s) 'example_task_group_decorator' retrieved from /home/bvpelt/Develop/airflowtut/py_env/lib/python3.10/site-packages/airflow/example_dags/example_task_group_decorator.py
[2024-08-09T19:55:29.511+0200] {logging_mixin.py:188} INFO - [2024-08-09T19:55:29.511+0200] {dag.py:3089} INFO - Sync 1 DAGs
[2024-08-09T19:55:29.522+0200] {logging_mixin.py:188} INFO - [2024-08-09T19:55:29.521+0200] {dag.py:3947} INFO - Setting next_dagrun for example_task_group_decorator to 2024-08-08 00:00:00+00:00, run_after=2024-08-09 00:00:00+00:00
[2024-08-09T19:55:29.786+0200] {processor.py:183} INFO - Processing /home/bvpelt/Develop/airflowtut/py_env/lib/python3.10/site-packages/airflow/example_dags/example_task_group_decorator.py took 0.314 seconds
[2024-08-09T19:56:16.068+0200] {processor.py:161} INFO - Started process (PID=20345) to work on /home/bvpelt/Develop/airflowtut/py_env/lib/python3.10/site-packages/airflow/example_dags/example_task_group_decorator.py
[2024-08-09T19:56:16.068+0200] {processor.py:830} INFO - Processing file /home/bvpelt/Develop/airflowtut/py_env/lib/python3.10/site-packages/airflow/example_dags/example_task_group_decorator.py for tasks to queue
[2024-08-09T19:56:16.069+0200] {logging_mixin.py:188} INFO - [2024-08-09T19:56:16.069+0200] {dagbag.py:545} INFO - Filling up the DagBag from /home/bvpelt/Develop/airflowtut/py_env/lib/python3.10/site-packages/airflow/example_dags/example_task_group_decorator.py
[2024-08-09T19:56:16.078+0200] {processor.py:840} INFO - DAG(s) 'example_task_group_decorator' retrieved from /home/bvpelt/Develop/airflowtut/py_env/lib/python3.10/site-packages/airflow/example_dags/example_task_group_decorator.py
[2024-08-09T19:56:16.089+0200] {logging_mixin.py:188} INFO - [2024-08-09T19:56:16.089+0200] {dag.py:3089} INFO - Sync 1 DAGs
[2024-08-09T19:56:16.100+0200] {logging_mixin.py:188} INFO - [2024-08-09T19:56:16.100+0200] {dag.py:3947} INFO - Setting next_dagrun for example_task_group_decorator to 2024-08-08 00:00:00+00:00, run_after=2024-08-09 00:00:00+00:00
[2024-08-09T19:56:16.282+0200] {processor.py:183} INFO - Processing /home/bvpelt/Develop/airflowtut/py_env/lib/python3.10/site-packages/airflow/example_dags/example_task_group_decorator.py took 0.217 seconds
[2024-08-09T19:57:06.161+0200] {processor.py:161} INFO - Started process (PID=20398) to work on /home/bvpelt/Develop/airflowtut/py_env/lib/python3.10/site-packages/airflow/example_dags/example_task_group_decorator.py
[2024-08-09T19:57:06.161+0200] {processor.py:830} INFO - Processing file /home/bvpelt/Develop/airflowtut/py_env/lib/python3.10/site-packages/airflow/example_dags/example_task_group_decorator.py for tasks to queue
[2024-08-09T19:57:06.162+0200] {logging_mixin.py:188} INFO - [2024-08-09T19:57:06.162+0200] {dagbag.py:545} INFO - Filling up the DagBag from /home/bvpelt/Develop/airflowtut/py_env/lib/python3.10/site-packages/airflow/example_dags/example_task_group_decorator.py
[2024-08-09T19:57:06.171+0200] {processor.py:840} INFO - DAG(s) 'example_task_group_decorator' retrieved from /home/bvpelt/Develop/airflowtut/py_env/lib/python3.10/site-packages/airflow/example_dags/example_task_group_decorator.py
[2024-08-09T19:57:06.183+0200] {logging_mixin.py:188} INFO - [2024-08-09T19:57:06.183+0200] {dag.py:3089} INFO - Sync 1 DAGs
[2024-08-09T19:57:06.194+0200] {logging_mixin.py:188} INFO - [2024-08-09T19:57:06.194+0200] {dag.py:3947} INFO - Setting next_dagrun for example_task_group_decorator to 2024-08-08 00:00:00+00:00, run_after=2024-08-09 00:00:00+00:00
[2024-08-09T19:57:06.270+0200] {processor.py:183} INFO - Processing /home/bvpelt/Develop/airflowtut/py_env/lib/python3.10/site-packages/airflow/example_dags/example_task_group_decorator.py took 0.113 seconds
[2024-08-09T19:57:57.739+0200] {processor.py:161} INFO - Started process (PID=20525) to work on /home/bvpelt/Develop/airflowtut/py_env/lib/python3.10/site-packages/airflow/example_dags/example_task_group_decorator.py
[2024-08-09T19:57:57.740+0200] {processor.py:830} INFO - Processing file /home/bvpelt/Develop/airflowtut/py_env/lib/python3.10/site-packages/airflow/example_dags/example_task_group_decorator.py for tasks to queue
[2024-08-09T19:57:57.740+0200] {logging_mixin.py:188} INFO - [2024-08-09T19:57:57.740+0200] {dagbag.py:545} INFO - Filling up the DagBag from /home/bvpelt/Develop/airflowtut/py_env/lib/python3.10/site-packages/airflow/example_dags/example_task_group_decorator.py
[2024-08-09T19:57:57.749+0200] {processor.py:840} INFO - DAG(s) 'example_task_group_decorator' retrieved from /home/bvpelt/Develop/airflowtut/py_env/lib/python3.10/site-packages/airflow/example_dags/example_task_group_decorator.py
[2024-08-09T19:57:57.761+0200] {logging_mixin.py:188} INFO - [2024-08-09T19:57:57.760+0200] {dag.py:3089} INFO - Sync 1 DAGs
[2024-08-09T19:57:57.771+0200] {logging_mixin.py:188} INFO - [2024-08-09T19:57:57.771+0200] {dag.py:3947} INFO - Setting next_dagrun for example_task_group_decorator to 2024-08-08 00:00:00+00:00, run_after=2024-08-09 00:00:00+00:00
[2024-08-09T19:57:57.875+0200] {processor.py:183} INFO - Processing /home/bvpelt/Develop/airflowtut/py_env/lib/python3.10/site-packages/airflow/example_dags/example_task_group_decorator.py took 0.139 seconds
[2024-08-09T19:58:53.060+0200] {processor.py:161} INFO - Started process (PID=20668) to work on /home/bvpelt/Develop/airflowtut/py_env/lib/python3.10/site-packages/airflow/example_dags/example_task_group_decorator.py
[2024-08-09T19:58:53.061+0200] {processor.py:830} INFO - Processing file /home/bvpelt/Develop/airflowtut/py_env/lib/python3.10/site-packages/airflow/example_dags/example_task_group_decorator.py for tasks to queue
[2024-08-09T19:58:53.061+0200] {logging_mixin.py:188} INFO - [2024-08-09T19:58:53.061+0200] {dagbag.py:545} INFO - Filling up the DagBag from /home/bvpelt/Develop/airflowtut/py_env/lib/python3.10/site-packages/airflow/example_dags/example_task_group_decorator.py
[2024-08-09T19:58:53.070+0200] {processor.py:840} INFO - DAG(s) 'example_task_group_decorator' retrieved from /home/bvpelt/Develop/airflowtut/py_env/lib/python3.10/site-packages/airflow/example_dags/example_task_group_decorator.py
[2024-08-09T19:58:53.082+0200] {logging_mixin.py:188} INFO - [2024-08-09T19:58:53.082+0200] {dag.py:3089} INFO - Sync 1 DAGs
[2024-08-09T19:58:53.093+0200] {logging_mixin.py:188} INFO - [2024-08-09T19:58:53.093+0200] {dag.py:3947} INFO - Setting next_dagrun for example_task_group_decorator to 2024-08-08 00:00:00+00:00, run_after=2024-08-09 00:00:00+00:00
[2024-08-09T19:58:53.170+0200] {processor.py:183} INFO - Processing /home/bvpelt/Develop/airflowtut/py_env/lib/python3.10/site-packages/airflow/example_dags/example_task_group_decorator.py took 0.113 seconds
[2024-08-09T19:59:49.270+0200] {processor.py:161} INFO - Started process (PID=20723) to work on /home/bvpelt/Develop/airflowtut/py_env/lib/python3.10/site-packages/airflow/example_dags/example_task_group_decorator.py
[2024-08-09T19:59:49.270+0200] {processor.py:830} INFO - Processing file /home/bvpelt/Develop/airflowtut/py_env/lib/python3.10/site-packages/airflow/example_dags/example_task_group_decorator.py for tasks to queue
[2024-08-09T19:59:49.271+0200] {logging_mixin.py:188} INFO - [2024-08-09T19:59:49.271+0200] {dagbag.py:545} INFO - Filling up the DagBag from /home/bvpelt/Develop/airflowtut/py_env/lib/python3.10/site-packages/airflow/example_dags/example_task_group_decorator.py
[2024-08-09T19:59:49.280+0200] {processor.py:840} INFO - DAG(s) 'example_task_group_decorator' retrieved from /home/bvpelt/Develop/airflowtut/py_env/lib/python3.10/site-packages/airflow/example_dags/example_task_group_decorator.py
[2024-08-09T19:59:49.291+0200] {logging_mixin.py:188} INFO - [2024-08-09T19:59:49.291+0200] {dag.py:3089} INFO - Sync 1 DAGs
[2024-08-09T19:59:49.302+0200] {logging_mixin.py:188} INFO - [2024-08-09T19:59:49.301+0200] {dag.py:3947} INFO - Setting next_dagrun for example_task_group_decorator to 2024-08-08 00:00:00+00:00, run_after=2024-08-09 00:00:00+00:00
[2024-08-09T19:59:49.386+0200] {processor.py:183} INFO - Processing /home/bvpelt/Develop/airflowtut/py_env/lib/python3.10/site-packages/airflow/example_dags/example_task_group_decorator.py took 0.119 seconds
[2024-08-09T20:00:38.561+0200] {processor.py:161} INFO - Started process (PID=20803) to work on /home/bvpelt/Develop/airflowtut/py_env/lib/python3.10/site-packages/airflow/example_dags/example_task_group_decorator.py
[2024-08-09T20:00:38.561+0200] {processor.py:830} INFO - Processing file /home/bvpelt/Develop/airflowtut/py_env/lib/python3.10/site-packages/airflow/example_dags/example_task_group_decorator.py for tasks to queue
[2024-08-09T20:00:38.562+0200] {logging_mixin.py:188} INFO - [2024-08-09T20:00:38.562+0200] {dagbag.py:545} INFO - Filling up the DagBag from /home/bvpelt/Develop/airflowtut/py_env/lib/python3.10/site-packages/airflow/example_dags/example_task_group_decorator.py
[2024-08-09T20:00:38.571+0200] {processor.py:840} INFO - DAG(s) 'example_task_group_decorator' retrieved from /home/bvpelt/Develop/airflowtut/py_env/lib/python3.10/site-packages/airflow/example_dags/example_task_group_decorator.py
[2024-08-09T20:00:38.583+0200] {logging_mixin.py:188} INFO - [2024-08-09T20:00:38.583+0200] {dag.py:3089} INFO - Sync 1 DAGs
[2024-08-09T20:00:38.593+0200] {logging_mixin.py:188} INFO - [2024-08-09T20:00:38.593+0200] {dag.py:3947} INFO - Setting next_dagrun for example_task_group_decorator to 2024-08-08 00:00:00+00:00, run_after=2024-08-09 00:00:00+00:00
[2024-08-09T20:00:38.699+0200] {processor.py:183} INFO - Processing /home/bvpelt/Develop/airflowtut/py_env/lib/python3.10/site-packages/airflow/example_dags/example_task_group_decorator.py took 0.141 seconds
[2024-08-09T20:01:29.609+0200] {processor.py:161} INFO - Started process (PID=20859) to work on /home/bvpelt/Develop/airflowtut/py_env/lib/python3.10/site-packages/airflow/example_dags/example_task_group_decorator.py
[2024-08-09T20:01:29.610+0200] {processor.py:830} INFO - Processing file /home/bvpelt/Develop/airflowtut/py_env/lib/python3.10/site-packages/airflow/example_dags/example_task_group_decorator.py for tasks to queue
[2024-08-09T20:01:29.610+0200] {logging_mixin.py:188} INFO - [2024-08-09T20:01:29.610+0200] {dagbag.py:545} INFO - Filling up the DagBag from /home/bvpelt/Develop/airflowtut/py_env/lib/python3.10/site-packages/airflow/example_dags/example_task_group_decorator.py
[2024-08-09T20:01:29.619+0200] {processor.py:840} INFO - DAG(s) 'example_task_group_decorator' retrieved from /home/bvpelt/Develop/airflowtut/py_env/lib/python3.10/site-packages/airflow/example_dags/example_task_group_decorator.py
[2024-08-09T20:01:29.631+0200] {logging_mixin.py:188} INFO - [2024-08-09T20:01:29.631+0200] {dag.py:3089} INFO - Sync 1 DAGs
[2024-08-09T20:01:29.641+0200] {logging_mixin.py:188} INFO - [2024-08-09T20:01:29.641+0200] {dag.py:3947} INFO - Setting next_dagrun for example_task_group_decorator to 2024-08-08 00:00:00+00:00, run_after=2024-08-09 00:00:00+00:00
[2024-08-09T20:01:29.786+0200] {processor.py:183} INFO - Processing /home/bvpelt/Develop/airflowtut/py_env/lib/python3.10/site-packages/airflow/example_dags/example_task_group_decorator.py took 0.180 seconds
[2024-08-09T20:02:19.351+0200] {processor.py:161} INFO - Started process (PID=21016) to work on /home/bvpelt/Develop/airflowtut/py_env/lib/python3.10/site-packages/airflow/example_dags/example_task_group_decorator.py
[2024-08-09T20:02:19.352+0200] {processor.py:830} INFO - Processing file /home/bvpelt/Develop/airflowtut/py_env/lib/python3.10/site-packages/airflow/example_dags/example_task_group_decorator.py for tasks to queue
[2024-08-09T20:02:19.353+0200] {logging_mixin.py:188} INFO - [2024-08-09T20:02:19.353+0200] {dagbag.py:545} INFO - Filling up the DagBag from /home/bvpelt/Develop/airflowtut/py_env/lib/python3.10/site-packages/airflow/example_dags/example_task_group_decorator.py
[2024-08-09T20:02:19.362+0200] {processor.py:840} INFO - DAG(s) 'example_task_group_decorator' retrieved from /home/bvpelt/Develop/airflowtut/py_env/lib/python3.10/site-packages/airflow/example_dags/example_task_group_decorator.py
[2024-08-09T20:02:19.373+0200] {logging_mixin.py:188} INFO - [2024-08-09T20:02:19.373+0200] {dag.py:3089} INFO - Sync 1 DAGs
[2024-08-09T20:02:19.383+0200] {logging_mixin.py:188} INFO - [2024-08-09T20:02:19.383+0200] {dag.py:3947} INFO - Setting next_dagrun for example_task_group_decorator to 2024-08-08 00:00:00+00:00, run_after=2024-08-09 00:00:00+00:00
[2024-08-09T20:02:19.467+0200] {processor.py:183} INFO - Processing /home/bvpelt/Develop/airflowtut/py_env/lib/python3.10/site-packages/airflow/example_dags/example_task_group_decorator.py took 0.118 seconds
[2024-08-09T20:03:16.126+0200] {processor.py:161} INFO - Started process (PID=21085) to work on /home/bvpelt/Develop/airflowtut/py_env/lib/python3.10/site-packages/airflow/example_dags/example_task_group_decorator.py
[2024-08-09T20:03:16.127+0200] {processor.py:830} INFO - Processing file /home/bvpelt/Develop/airflowtut/py_env/lib/python3.10/site-packages/airflow/example_dags/example_task_group_decorator.py for tasks to queue
[2024-08-09T20:03:16.128+0200] {logging_mixin.py:188} INFO - [2024-08-09T20:03:16.127+0200] {dagbag.py:545} INFO - Filling up the DagBag from /home/bvpelt/Develop/airflowtut/py_env/lib/python3.10/site-packages/airflow/example_dags/example_task_group_decorator.py
[2024-08-09T20:03:16.136+0200] {processor.py:840} INFO - DAG(s) 'example_task_group_decorator' retrieved from /home/bvpelt/Develop/airflowtut/py_env/lib/python3.10/site-packages/airflow/example_dags/example_task_group_decorator.py
[2024-08-09T20:03:16.149+0200] {logging_mixin.py:188} INFO - [2024-08-09T20:03:16.148+0200] {dag.py:3089} INFO - Sync 1 DAGs
[2024-08-09T20:03:16.159+0200] {logging_mixin.py:188} INFO - [2024-08-09T20:03:16.159+0200] {dag.py:3947} INFO - Setting next_dagrun for example_task_group_decorator to 2024-08-08 00:00:00+00:00, run_after=2024-08-09 00:00:00+00:00
[2024-08-09T20:03:16.228+0200] {processor.py:183} INFO - Processing /home/bvpelt/Develop/airflowtut/py_env/lib/python3.10/site-packages/airflow/example_dags/example_task_group_decorator.py took 0.105 seconds
[2024-08-09T20:04:11.817+0200] {processor.py:161} INFO - Started process (PID=21142) to work on /home/bvpelt/Develop/airflowtut/py_env/lib/python3.10/site-packages/airflow/example_dags/example_task_group_decorator.py
[2024-08-09T20:04:11.818+0200] {processor.py:830} INFO - Processing file /home/bvpelt/Develop/airflowtut/py_env/lib/python3.10/site-packages/airflow/example_dags/example_task_group_decorator.py for tasks to queue
[2024-08-09T20:04:11.819+0200] {logging_mixin.py:188} INFO - [2024-08-09T20:04:11.819+0200] {dagbag.py:545} INFO - Filling up the DagBag from /home/bvpelt/Develop/airflowtut/py_env/lib/python3.10/site-packages/airflow/example_dags/example_task_group_decorator.py
[2024-08-09T20:04:11.828+0200] {processor.py:840} INFO - DAG(s) 'example_task_group_decorator' retrieved from /home/bvpelt/Develop/airflowtut/py_env/lib/python3.10/site-packages/airflow/example_dags/example_task_group_decorator.py
[2024-08-09T20:04:11.840+0200] {logging_mixin.py:188} INFO - [2024-08-09T20:04:11.839+0200] {dag.py:3089} INFO - Sync 1 DAGs
[2024-08-09T20:04:11.850+0200] {logging_mixin.py:188} INFO - [2024-08-09T20:04:11.850+0200] {dag.py:3947} INFO - Setting next_dagrun for example_task_group_decorator to 2024-08-08 00:00:00+00:00, run_after=2024-08-09 00:00:00+00:00
[2024-08-09T20:04:11.970+0200] {processor.py:183} INFO - Processing /home/bvpelt/Develop/airflowtut/py_env/lib/python3.10/site-packages/airflow/example_dags/example_task_group_decorator.py took 0.156 seconds
[2024-08-09T20:05:02.605+0200] {processor.py:161} INFO - Started process (PID=21266) to work on /home/bvpelt/Develop/airflowtut/py_env/lib/python3.10/site-packages/airflow/example_dags/example_task_group_decorator.py
[2024-08-09T20:05:02.606+0200] {processor.py:830} INFO - Processing file /home/bvpelt/Develop/airflowtut/py_env/lib/python3.10/site-packages/airflow/example_dags/example_task_group_decorator.py for tasks to queue
[2024-08-09T20:05:02.606+0200] {logging_mixin.py:188} INFO - [2024-08-09T20:05:02.606+0200] {dagbag.py:545} INFO - Filling up the DagBag from /home/bvpelt/Develop/airflowtut/py_env/lib/python3.10/site-packages/airflow/example_dags/example_task_group_decorator.py
[2024-08-09T20:05:02.615+0200] {processor.py:840} INFO - DAG(s) 'example_task_group_decorator' retrieved from /home/bvpelt/Develop/airflowtut/py_env/lib/python3.10/site-packages/airflow/example_dags/example_task_group_decorator.py
[2024-08-09T20:05:02.627+0200] {logging_mixin.py:188} INFO - [2024-08-09T20:05:02.627+0200] {dag.py:3089} INFO - Sync 1 DAGs
[2024-08-09T20:05:02.637+0200] {logging_mixin.py:188} INFO - [2024-08-09T20:05:02.637+0200] {dag.py:3947} INFO - Setting next_dagrun for example_task_group_decorator to 2024-08-08 00:00:00+00:00, run_after=2024-08-09 00:00:00+00:00
[2024-08-09T20:05:02.715+0200] {processor.py:183} INFO - Processing /home/bvpelt/Develop/airflowtut/py_env/lib/python3.10/site-packages/airflow/example_dags/example_task_group_decorator.py took 0.113 seconds
[2024-08-09T20:05:58.428+0200] {processor.py:161} INFO - Started process (PID=21386) to work on /home/bvpelt/Develop/airflowtut/py_env/lib/python3.10/site-packages/airflow/example_dags/example_task_group_decorator.py
[2024-08-09T20:05:58.428+0200] {processor.py:830} INFO - Processing file /home/bvpelt/Develop/airflowtut/py_env/lib/python3.10/site-packages/airflow/example_dags/example_task_group_decorator.py for tasks to queue
[2024-08-09T20:05:58.429+0200] {logging_mixin.py:188} INFO - [2024-08-09T20:05:58.429+0200] {dagbag.py:545} INFO - Filling up the DagBag from /home/bvpelt/Develop/airflowtut/py_env/lib/python3.10/site-packages/airflow/example_dags/example_task_group_decorator.py
[2024-08-09T20:05:58.437+0200] {processor.py:840} INFO - DAG(s) 'example_task_group_decorator' retrieved from /home/bvpelt/Develop/airflowtut/py_env/lib/python3.10/site-packages/airflow/example_dags/example_task_group_decorator.py
[2024-08-09T20:05:58.449+0200] {logging_mixin.py:188} INFO - [2024-08-09T20:05:58.449+0200] {dag.py:3089} INFO - Sync 1 DAGs
[2024-08-09T20:05:58.459+0200] {logging_mixin.py:188} INFO - [2024-08-09T20:05:58.459+0200] {dag.py:3947} INFO - Setting next_dagrun for example_task_group_decorator to 2024-08-08 00:00:00+00:00, run_after=2024-08-09 00:00:00+00:00
[2024-08-09T20:05:58.554+0200] {processor.py:183} INFO - Processing /home/bvpelt/Develop/airflowtut/py_env/lib/python3.10/site-packages/airflow/example_dags/example_task_group_decorator.py took 0.129 seconds
[2024-08-09T20:06:54.137+0200] {processor.py:161} INFO - Started process (PID=21479) to work on /home/bvpelt/Develop/airflowtut/py_env/lib/python3.10/site-packages/airflow/example_dags/example_task_group_decorator.py
[2024-08-09T20:06:54.138+0200] {processor.py:830} INFO - Processing file /home/bvpelt/Develop/airflowtut/py_env/lib/python3.10/site-packages/airflow/example_dags/example_task_group_decorator.py for tasks to queue
[2024-08-09T20:06:54.139+0200] {logging_mixin.py:188} INFO - [2024-08-09T20:06:54.139+0200] {dagbag.py:545} INFO - Filling up the DagBag from /home/bvpelt/Develop/airflowtut/py_env/lib/python3.10/site-packages/airflow/example_dags/example_task_group_decorator.py
[2024-08-09T20:06:54.148+0200] {processor.py:840} INFO - DAG(s) 'example_task_group_decorator' retrieved from /home/bvpelt/Develop/airflowtut/py_env/lib/python3.10/site-packages/airflow/example_dags/example_task_group_decorator.py
[2024-08-09T20:06:54.160+0200] {logging_mixin.py:188} INFO - [2024-08-09T20:06:54.160+0200] {dag.py:3089} INFO - Sync 1 DAGs
[2024-08-09T20:06:54.170+0200] {logging_mixin.py:188} INFO - [2024-08-09T20:06:54.170+0200] {dag.py:3947} INFO - Setting next_dagrun for example_task_group_decorator to 2024-08-08 00:00:00+00:00, run_after=2024-08-09 00:00:00+00:00
[2024-08-09T20:06:54.241+0200] {processor.py:183} INFO - Processing /home/bvpelt/Develop/airflowtut/py_env/lib/python3.10/site-packages/airflow/example_dags/example_task_group_decorator.py took 0.107 seconds
[2024-08-09T20:07:45.934+0200] {processor.py:161} INFO - Started process (PID=21621) to work on /home/bvpelt/Develop/airflowtut/py_env/lib/python3.10/site-packages/airflow/example_dags/example_task_group_decorator.py
[2024-08-09T20:07:45.946+0200] {processor.py:830} INFO - Processing file /home/bvpelt/Develop/airflowtut/py_env/lib/python3.10/site-packages/airflow/example_dags/example_task_group_decorator.py for tasks to queue
[2024-08-09T20:07:45.950+0200] {logging_mixin.py:188} INFO - [2024-08-09T20:07:45.949+0200] {dagbag.py:545} INFO - Filling up the DagBag from /home/bvpelt/Develop/airflowtut/py_env/lib/python3.10/site-packages/airflow/example_dags/example_task_group_decorator.py
[2024-08-09T20:07:45.977+0200] {processor.py:840} INFO - DAG(s) 'example_task_group_decorator' retrieved from /home/bvpelt/Develop/airflowtut/py_env/lib/python3.10/site-packages/airflow/example_dags/example_task_group_decorator.py
[2024-08-09T20:07:45.994+0200] {logging_mixin.py:188} INFO - [2024-08-09T20:07:45.994+0200] {dag.py:3089} INFO - Sync 1 DAGs
[2024-08-09T20:07:46.006+0200] {logging_mixin.py:188} INFO - [2024-08-09T20:07:46.006+0200] {dag.py:3947} INFO - Setting next_dagrun for example_task_group_decorator to 2024-08-08 00:00:00+00:00, run_after=2024-08-09 00:00:00+00:00
[2024-08-09T20:07:46.080+0200] {processor.py:183} INFO - Processing /home/bvpelt/Develop/airflowtut/py_env/lib/python3.10/site-packages/airflow/example_dags/example_task_group_decorator.py took 0.162 seconds
[2024-08-09T20:08:35.790+0200] {processor.py:161} INFO - Started process (PID=21693) to work on /home/bvpelt/Develop/airflowtut/py_env/lib/python3.10/site-packages/airflow/example_dags/example_task_group_decorator.py
[2024-08-09T20:08:35.791+0200] {processor.py:830} INFO - Processing file /home/bvpelt/Develop/airflowtut/py_env/lib/python3.10/site-packages/airflow/example_dags/example_task_group_decorator.py for tasks to queue
[2024-08-09T20:08:35.792+0200] {logging_mixin.py:188} INFO - [2024-08-09T20:08:35.791+0200] {dagbag.py:545} INFO - Filling up the DagBag from /home/bvpelt/Develop/airflowtut/py_env/lib/python3.10/site-packages/airflow/example_dags/example_task_group_decorator.py
[2024-08-09T20:08:35.800+0200] {processor.py:840} INFO - DAG(s) 'example_task_group_decorator' retrieved from /home/bvpelt/Develop/airflowtut/py_env/lib/python3.10/site-packages/airflow/example_dags/example_task_group_decorator.py
[2024-08-09T20:08:35.812+0200] {logging_mixin.py:188} INFO - [2024-08-09T20:08:35.812+0200] {dag.py:3089} INFO - Sync 1 DAGs
[2024-08-09T20:08:35.822+0200] {logging_mixin.py:188} INFO - [2024-08-09T20:08:35.822+0200] {dag.py:3947} INFO - Setting next_dagrun for example_task_group_decorator to 2024-08-08 00:00:00+00:00, run_after=2024-08-09 00:00:00+00:00
[2024-08-09T20:08:35.892+0200] {processor.py:183} INFO - Processing /home/bvpelt/Develop/airflowtut/py_env/lib/python3.10/site-packages/airflow/example_dags/example_task_group_decorator.py took 0.105 seconds
[2024-08-09T20:09:29.415+0200] {processor.py:161} INFO - Started process (PID=21749) to work on /home/bvpelt/Develop/airflowtut/py_env/lib/python3.10/site-packages/airflow/example_dags/example_task_group_decorator.py
[2024-08-09T20:09:29.416+0200] {processor.py:830} INFO - Processing file /home/bvpelt/Develop/airflowtut/py_env/lib/python3.10/site-packages/airflow/example_dags/example_task_group_decorator.py for tasks to queue
[2024-08-09T20:09:29.417+0200] {logging_mixin.py:188} INFO - [2024-08-09T20:09:29.417+0200] {dagbag.py:545} INFO - Filling up the DagBag from /home/bvpelt/Develop/airflowtut/py_env/lib/python3.10/site-packages/airflow/example_dags/example_task_group_decorator.py
[2024-08-09T20:09:29.426+0200] {processor.py:840} INFO - DAG(s) 'example_task_group_decorator' retrieved from /home/bvpelt/Develop/airflowtut/py_env/lib/python3.10/site-packages/airflow/example_dags/example_task_group_decorator.py
[2024-08-09T20:09:29.437+0200] {logging_mixin.py:188} INFO - [2024-08-09T20:09:29.437+0200] {dag.py:3089} INFO - Sync 1 DAGs
[2024-08-09T20:09:29.447+0200] {logging_mixin.py:188} INFO - [2024-08-09T20:09:29.447+0200] {dag.py:3947} INFO - Setting next_dagrun for example_task_group_decorator to 2024-08-08 00:00:00+00:00, run_after=2024-08-09 00:00:00+00:00
[2024-08-09T20:09:29.539+0200] {processor.py:183} INFO - Processing /home/bvpelt/Develop/airflowtut/py_env/lib/python3.10/site-packages/airflow/example_dags/example_task_group_decorator.py took 0.127 seconds
[2024-08-09T20:10:18.042+0200] {processor.py:161} INFO - Started process (PID=21820) to work on /home/bvpelt/Develop/airflowtut/py_env/lib/python3.10/site-packages/airflow/example_dags/example_task_group_decorator.py
[2024-08-09T20:10:18.055+0200] {processor.py:830} INFO - Processing file /home/bvpelt/Develop/airflowtut/py_env/lib/python3.10/site-packages/airflow/example_dags/example_task_group_decorator.py for tasks to queue
[2024-08-09T20:10:18.059+0200] {logging_mixin.py:188} INFO - [2024-08-09T20:10:18.058+0200] {dagbag.py:545} INFO - Filling up the DagBag from /home/bvpelt/Develop/airflowtut/py_env/lib/python3.10/site-packages/airflow/example_dags/example_task_group_decorator.py
[2024-08-09T20:10:18.068+0200] {processor.py:840} INFO - DAG(s) 'example_task_group_decorator' retrieved from /home/bvpelt/Develop/airflowtut/py_env/lib/python3.10/site-packages/airflow/example_dags/example_task_group_decorator.py
[2024-08-09T20:10:18.080+0200] {logging_mixin.py:188} INFO - [2024-08-09T20:10:18.080+0200] {dag.py:3089} INFO - Sync 1 DAGs
[2024-08-09T20:10:18.091+0200] {logging_mixin.py:188} INFO - [2024-08-09T20:10:18.091+0200] {dag.py:3947} INFO - Setting next_dagrun for example_task_group_decorator to 2024-08-08 00:00:00+00:00, run_after=2024-08-09 00:00:00+00:00
[2024-08-09T20:10:18.174+0200] {processor.py:183} INFO - Processing /home/bvpelt/Develop/airflowtut/py_env/lib/python3.10/site-packages/airflow/example_dags/example_task_group_decorator.py took 0.135 seconds
[2024-08-09T20:11:08.481+0200] {processor.py:161} INFO - Started process (PID=21876) to work on /home/bvpelt/Develop/airflowtut/py_env/lib/python3.10/site-packages/airflow/example_dags/example_task_group_decorator.py
[2024-08-09T20:11:08.494+0200] {processor.py:830} INFO - Processing file /home/bvpelt/Develop/airflowtut/py_env/lib/python3.10/site-packages/airflow/example_dags/example_task_group_decorator.py for tasks to queue
[2024-08-09T20:11:08.495+0200] {logging_mixin.py:188} INFO - [2024-08-09T20:11:08.495+0200] {dagbag.py:545} INFO - Filling up the DagBag from /home/bvpelt/Develop/airflowtut/py_env/lib/python3.10/site-packages/airflow/example_dags/example_task_group_decorator.py
[2024-08-09T20:11:08.506+0200] {processor.py:840} INFO - DAG(s) 'example_task_group_decorator' retrieved from /home/bvpelt/Develop/airflowtut/py_env/lib/python3.10/site-packages/airflow/example_dags/example_task_group_decorator.py
[2024-08-09T20:11:08.521+0200] {logging_mixin.py:188} INFO - [2024-08-09T20:11:08.521+0200] {dag.py:3089} INFO - Sync 1 DAGs
[2024-08-09T20:11:08.533+0200] {logging_mixin.py:188} INFO - [2024-08-09T20:11:08.533+0200] {dag.py:3947} INFO - Setting next_dagrun for example_task_group_decorator to 2024-08-08 00:00:00+00:00, run_after=2024-08-09 00:00:00+00:00
[2024-08-09T20:11:08.613+0200] {processor.py:183} INFO - Processing /home/bvpelt/Develop/airflowtut/py_env/lib/python3.10/site-packages/airflow/example_dags/example_task_group_decorator.py took 0.135 seconds
[2024-08-09T20:11:58.621+0200] {processor.py:161} INFO - Started process (PID=21926) to work on /home/bvpelt/Develop/airflowtut/py_env/lib/python3.10/site-packages/airflow/example_dags/example_task_group_decorator.py
[2024-08-09T20:11:58.633+0200] {processor.py:830} INFO - Processing file /home/bvpelt/Develop/airflowtut/py_env/lib/python3.10/site-packages/airflow/example_dags/example_task_group_decorator.py for tasks to queue
[2024-08-09T20:11:58.634+0200] {logging_mixin.py:188} INFO - [2024-08-09T20:11:58.634+0200] {dagbag.py:545} INFO - Filling up the DagBag from /home/bvpelt/Develop/airflowtut/py_env/lib/python3.10/site-packages/airflow/example_dags/example_task_group_decorator.py
[2024-08-09T20:11:58.644+0200] {processor.py:840} INFO - DAG(s) 'example_task_group_decorator' retrieved from /home/bvpelt/Develop/airflowtut/py_env/lib/python3.10/site-packages/airflow/example_dags/example_task_group_decorator.py
[2024-08-09T20:11:58.656+0200] {logging_mixin.py:188} INFO - [2024-08-09T20:11:58.656+0200] {dag.py:3089} INFO - Sync 1 DAGs
[2024-08-09T20:11:58.666+0200] {logging_mixin.py:188} INFO - [2024-08-09T20:11:58.666+0200] {dag.py:3947} INFO - Setting next_dagrun for example_task_group_decorator to 2024-08-08 00:00:00+00:00, run_after=2024-08-09 00:00:00+00:00
[2024-08-09T20:11:58.744+0200] {processor.py:183} INFO - Processing /home/bvpelt/Develop/airflowtut/py_env/lib/python3.10/site-packages/airflow/example_dags/example_task_group_decorator.py took 0.127 seconds
[2024-08-09T20:12:47.946+0200] {processor.py:161} INFO - Started process (PID=22037) to work on /home/bvpelt/Develop/airflowtut/py_env/lib/python3.10/site-packages/airflow/example_dags/example_task_group_decorator.py
[2024-08-09T20:12:47.947+0200] {processor.py:830} INFO - Processing file /home/bvpelt/Develop/airflowtut/py_env/lib/python3.10/site-packages/airflow/example_dags/example_task_group_decorator.py for tasks to queue
[2024-08-09T20:12:47.947+0200] {logging_mixin.py:188} INFO - [2024-08-09T20:12:47.947+0200] {dagbag.py:545} INFO - Filling up the DagBag from /home/bvpelt/Develop/airflowtut/py_env/lib/python3.10/site-packages/airflow/example_dags/example_task_group_decorator.py
[2024-08-09T20:12:47.956+0200] {processor.py:840} INFO - DAG(s) 'example_task_group_decorator' retrieved from /home/bvpelt/Develop/airflowtut/py_env/lib/python3.10/site-packages/airflow/example_dags/example_task_group_decorator.py
[2024-08-09T20:12:47.968+0200] {logging_mixin.py:188} INFO - [2024-08-09T20:12:47.968+0200] {dag.py:3089} INFO - Sync 1 DAGs
[2024-08-09T20:12:47.978+0200] {logging_mixin.py:188} INFO - [2024-08-09T20:12:47.978+0200] {dag.py:3947} INFO - Setting next_dagrun for example_task_group_decorator to 2024-08-08 00:00:00+00:00, run_after=2024-08-09 00:00:00+00:00
[2024-08-09T20:12:48.084+0200] {processor.py:183} INFO - Processing /home/bvpelt/Develop/airflowtut/py_env/lib/python3.10/site-packages/airflow/example_dags/example_task_group_decorator.py took 0.141 seconds
[2024-08-09T20:13:42.943+0200] {processor.py:161} INFO - Started process (PID=22137) to work on /home/bvpelt/Develop/airflowtut/py_env/lib/python3.10/site-packages/airflow/example_dags/example_task_group_decorator.py
[2024-08-09T20:13:42.944+0200] {processor.py:830} INFO - Processing file /home/bvpelt/Develop/airflowtut/py_env/lib/python3.10/site-packages/airflow/example_dags/example_task_group_decorator.py for tasks to queue
[2024-08-09T20:13:42.946+0200] {logging_mixin.py:188} INFO - [2024-08-09T20:13:42.946+0200] {dagbag.py:545} INFO - Filling up the DagBag from /home/bvpelt/Develop/airflowtut/py_env/lib/python3.10/site-packages/airflow/example_dags/example_task_group_decorator.py
[2024-08-09T20:13:42.968+0200] {processor.py:840} INFO - DAG(s) 'example_task_group_decorator' retrieved from /home/bvpelt/Develop/airflowtut/py_env/lib/python3.10/site-packages/airflow/example_dags/example_task_group_decorator.py
[2024-08-09T20:13:42.986+0200] {logging_mixin.py:188} INFO - [2024-08-09T20:13:42.986+0200] {dag.py:3089} INFO - Sync 1 DAGs
[2024-08-09T20:13:42.998+0200] {logging_mixin.py:188} INFO - [2024-08-09T20:13:42.998+0200] {dag.py:3947} INFO - Setting next_dagrun for example_task_group_decorator to 2024-08-08 00:00:00+00:00, run_after=2024-08-09 00:00:00+00:00
[2024-08-09T20:13:43.123+0200] {processor.py:183} INFO - Processing /home/bvpelt/Develop/airflowtut/py_env/lib/python3.10/site-packages/airflow/example_dags/example_task_group_decorator.py took 0.187 seconds
[2024-08-09T20:14:36.236+0200] {processor.py:161} INFO - Started process (PID=22204) to work on /home/bvpelt/Develop/airflowtut/py_env/lib/python3.10/site-packages/airflow/example_dags/example_task_group_decorator.py
[2024-08-09T20:14:36.237+0200] {processor.py:830} INFO - Processing file /home/bvpelt/Develop/airflowtut/py_env/lib/python3.10/site-packages/airflow/example_dags/example_task_group_decorator.py for tasks to queue
[2024-08-09T20:14:36.238+0200] {logging_mixin.py:188} INFO - [2024-08-09T20:14:36.237+0200] {dagbag.py:545} INFO - Filling up the DagBag from /home/bvpelt/Develop/airflowtut/py_env/lib/python3.10/site-packages/airflow/example_dags/example_task_group_decorator.py
[2024-08-09T20:14:36.246+0200] {processor.py:840} INFO - DAG(s) 'example_task_group_decorator' retrieved from /home/bvpelt/Develop/airflowtut/py_env/lib/python3.10/site-packages/airflow/example_dags/example_task_group_decorator.py
[2024-08-09T20:14:36.258+0200] {logging_mixin.py:188} INFO - [2024-08-09T20:14:36.257+0200] {dag.py:3089} INFO - Sync 1 DAGs
[2024-08-09T20:14:36.268+0200] {logging_mixin.py:188} INFO - [2024-08-09T20:14:36.268+0200] {dag.py:3947} INFO - Setting next_dagrun for example_task_group_decorator to 2024-08-08 00:00:00+00:00, run_after=2024-08-09 00:00:00+00:00
[2024-08-09T20:14:36.333+0200] {processor.py:183} INFO - Processing /home/bvpelt/Develop/airflowtut/py_env/lib/python3.10/site-packages/airflow/example_dags/example_task_group_decorator.py took 0.100 seconds
[2024-08-09T20:15:21.937+0200] {processor.py:161} INFO - Started process (PID=22279) to work on /home/bvpelt/Develop/airflowtut/py_env/lib/python3.10/site-packages/airflow/example_dags/example_task_group_decorator.py
[2024-08-09T20:15:21.938+0200] {processor.py:830} INFO - Processing file /home/bvpelt/Develop/airflowtut/py_env/lib/python3.10/site-packages/airflow/example_dags/example_task_group_decorator.py for tasks to queue
[2024-08-09T20:15:21.939+0200] {logging_mixin.py:188} INFO - [2024-08-09T20:15:21.939+0200] {dagbag.py:545} INFO - Filling up the DagBag from /home/bvpelt/Develop/airflowtut/py_env/lib/python3.10/site-packages/airflow/example_dags/example_task_group_decorator.py
[2024-08-09T20:15:21.950+0200] {processor.py:840} INFO - DAG(s) 'example_task_group_decorator' retrieved from /home/bvpelt/Develop/airflowtut/py_env/lib/python3.10/site-packages/airflow/example_dags/example_task_group_decorator.py
[2024-08-09T20:15:21.962+0200] {logging_mixin.py:188} INFO - [2024-08-09T20:15:21.962+0200] {dag.py:3089} INFO - Sync 1 DAGs
[2024-08-09T20:15:21.972+0200] {logging_mixin.py:188} INFO - [2024-08-09T20:15:21.972+0200] {dag.py:3947} INFO - Setting next_dagrun for example_task_group_decorator to 2024-08-08 00:00:00+00:00, run_after=2024-08-09 00:00:00+00:00
[2024-08-09T20:15:22.085+0200] {processor.py:183} INFO - Processing /home/bvpelt/Develop/airflowtut/py_env/lib/python3.10/site-packages/airflow/example_dags/example_task_group_decorator.py took 0.151 seconds
[2024-08-09T20:16:11.421+0200] {processor.py:161} INFO - Started process (PID=22337) to work on /home/bvpelt/Develop/airflowtut/py_env/lib/python3.10/site-packages/airflow/example_dags/example_task_group_decorator.py
[2024-08-09T20:16:11.422+0200] {processor.py:830} INFO - Processing file /home/bvpelt/Develop/airflowtut/py_env/lib/python3.10/site-packages/airflow/example_dags/example_task_group_decorator.py for tasks to queue
[2024-08-09T20:16:11.422+0200] {logging_mixin.py:188} INFO - [2024-08-09T20:16:11.422+0200] {dagbag.py:545} INFO - Filling up the DagBag from /home/bvpelt/Develop/airflowtut/py_env/lib/python3.10/site-packages/airflow/example_dags/example_task_group_decorator.py
[2024-08-09T20:16:11.432+0200] {processor.py:840} INFO - DAG(s) 'example_task_group_decorator' retrieved from /home/bvpelt/Develop/airflowtut/py_env/lib/python3.10/site-packages/airflow/example_dags/example_task_group_decorator.py
[2024-08-09T20:16:11.445+0200] {logging_mixin.py:188} INFO - [2024-08-09T20:16:11.445+0200] {dag.py:3089} INFO - Sync 1 DAGs
[2024-08-09T20:16:11.456+0200] {logging_mixin.py:188} INFO - [2024-08-09T20:16:11.456+0200] {dag.py:3947} INFO - Setting next_dagrun for example_task_group_decorator to 2024-08-08 00:00:00+00:00, run_after=2024-08-09 00:00:00+00:00
[2024-08-09T20:16:11.530+0200] {processor.py:183} INFO - Processing /home/bvpelt/Develop/airflowtut/py_env/lib/python3.10/site-packages/airflow/example_dags/example_task_group_decorator.py took 0.112 seconds
