[2024-08-09T19:43:16.808+0200] {processor.py:161} INFO - Started process (PID=17756) to work on /home/bvpelt/Develop/airflowtut/py_env/lib/python3.10/site-packages/airflow/example_dags/example_branch_datetime_operator.py
[2024-08-09T19:43:16.809+0200] {processor.py:830} INFO - Processing file /home/bvpelt/Develop/airflowtut/py_env/lib/python3.10/site-packages/airflow/example_dags/example_branch_datetime_operator.py for tasks to queue
[2024-08-09T19:43:16.810+0200] {logging_mixin.py:188} INFO - [2024-08-09T19:43:16.809+0200] {dagbag.py:545} INFO - Filling up the DagBag from /home/bvpelt/Develop/airflowtut/py_env/lib/python3.10/site-packages/airflow/example_dags/example_branch_datetime_operator.py
[2024-08-09T19:43:16.817+0200] {processor.py:840} INFO - DAG(s) 'example_branch_datetime_operator_2', 'example_branch_datetime_operator', 'example_branch_datetime_operator_3' retrieved from /home/bvpelt/Develop/airflowtut/py_env/lib/python3.10/site-packages/airflow/example_dags/example_branch_datetime_operator.py
[2024-08-09T19:43:17.141+0200] {logging_mixin.py:188} INFO - [2024-08-09T19:43:17.141+0200] {override.py:1858} INFO - Created Permission View: can edit on DAG:example_branch_datetime_operator_2
[2024-08-09T19:43:17.214+0200] {logging_mixin.py:188} INFO - [2024-08-09T19:43:17.213+0200] {override.py:1858} INFO - Created Permission View: can read on DAG:example_branch_datetime_operator_2
[2024-08-09T19:43:17.356+0200] {logging_mixin.py:188} INFO - [2024-08-09T19:43:17.355+0200] {override.py:1858} INFO - Created Permission View: can delete on DAG:example_branch_datetime_operator_2
[2024-08-09T19:43:17.556+0200] {logging_mixin.py:188} INFO - [2024-08-09T19:43:17.555+0200] {override.py:1858} INFO - Created Permission View: can edit on DAG:example_branch_datetime_operator
[2024-08-09T19:43:17.639+0200] {logging_mixin.py:188} INFO - [2024-08-09T19:43:17.638+0200] {override.py:1858} INFO - Created Permission View: can read on DAG:example_branch_datetime_operator
[2024-08-09T19:43:17.796+0200] {logging_mixin.py:188} INFO - [2024-08-09T19:43:17.796+0200] {override.py:1858} INFO - Created Permission View: can delete on DAG:example_branch_datetime_operator
[2024-08-09T19:43:17.967+0200] {logging_mixin.py:188} INFO - [2024-08-09T19:43:17.967+0200] {override.py:1858} INFO - Created Permission View: can edit on DAG:example_branch_datetime_operator_3
[2024-08-09T19:43:18.083+0200] {logging_mixin.py:188} INFO - [2024-08-09T19:43:18.082+0200] {override.py:1858} INFO - Created Permission View: can read on DAG:example_branch_datetime_operator_3
[2024-08-09T19:43:18.234+0200] {logging_mixin.py:188} INFO - [2024-08-09T19:43:18.233+0200] {override.py:1858} INFO - Created Permission View: can delete on DAG:example_branch_datetime_operator_3
[2024-08-09T19:43:18.235+0200] {logging_mixin.py:188} INFO - [2024-08-09T19:43:18.235+0200] {dag.py:3089} INFO - Sync 3 DAGs
[2024-08-09T19:43:18.265+0200] {logging_mixin.py:188} INFO - [2024-08-09T19:43:18.265+0200] {dag.py:3111} INFO - Creating ORM DAG for example_branch_datetime_operator
[2024-08-09T19:43:18.267+0200] {logging_mixin.py:188} INFO - [2024-08-09T19:43:18.266+0200] {dag.py:3111} INFO - Creating ORM DAG for example_branch_datetime_operator_3
[2024-08-09T19:43:18.268+0200] {logging_mixin.py:188} INFO - [2024-08-09T19:43:18.268+0200] {dag.py:3111} INFO - Creating ORM DAG for example_branch_datetime_operator_2
[2024-08-09T19:43:18.282+0200] {logging_mixin.py:188} INFO - [2024-08-09T19:43:18.281+0200] {dag.py:3947} INFO - Setting next_dagrun for example_branch_datetime_operator to 2024-08-08 00:00:00+00:00, run_after=2024-08-09 00:00:00+00:00
[2024-08-09T19:43:18.283+0200] {logging_mixin.py:188} INFO - [2024-08-09T19:43:18.283+0200] {dag.py:3947} INFO - Setting next_dagrun for example_branch_datetime_operator_2 to 2024-08-08 00:00:00+00:00, run_after=2024-08-09 00:00:00+00:00
[2024-08-09T19:43:18.285+0200] {logging_mixin.py:188} INFO - [2024-08-09T19:43:18.285+0200] {dag.py:3947} INFO - Setting next_dagrun for example_branch_datetime_operator_3 to 2024-08-08 00:00:00+00:00, run_after=2024-08-09 00:00:00+00:00
[2024-08-09T19:43:18.540+0200] {processor.py:183} INFO - Processing /home/bvpelt/Develop/airflowtut/py_env/lib/python3.10/site-packages/airflow/example_dags/example_branch_datetime_operator.py took 1.736 seconds
[2024-08-09T19:44:28.745+0200] {processor.py:161} INFO - Started process (PID=18042) to work on /home/bvpelt/Develop/airflowtut/py_env/lib/python3.10/site-packages/airflow/example_dags/example_branch_datetime_operator.py
[2024-08-09T19:44:28.759+0200] {processor.py:830} INFO - Processing file /home/bvpelt/Develop/airflowtut/py_env/lib/python3.10/site-packages/airflow/example_dags/example_branch_datetime_operator.py for tasks to queue
[2024-08-09T19:44:28.760+0200] {logging_mixin.py:188} INFO - [2024-08-09T19:44:28.760+0200] {dagbag.py:545} INFO - Filling up the DagBag from /home/bvpelt/Develop/airflowtut/py_env/lib/python3.10/site-packages/airflow/example_dags/example_branch_datetime_operator.py
[2024-08-09T19:44:28.767+0200] {processor.py:840} INFO - DAG(s) 'example_branch_datetime_operator_3', 'example_branch_datetime_operator', 'example_branch_datetime_operator_2' retrieved from /home/bvpelt/Develop/airflowtut/py_env/lib/python3.10/site-packages/airflow/example_dags/example_branch_datetime_operator.py
[2024-08-09T19:44:28.780+0200] {logging_mixin.py:188} INFO - [2024-08-09T19:44:28.780+0200] {dag.py:3089} INFO - Sync 3 DAGs
[2024-08-09T19:44:28.792+0200] {logging_mixin.py:188} INFO - [2024-08-09T19:44:28.792+0200] {dag.py:3947} INFO - Setting next_dagrun for example_branch_datetime_operator to 2024-08-08 00:00:00+00:00, run_after=2024-08-09 00:00:00+00:00
[2024-08-09T19:44:28.795+0200] {logging_mixin.py:188} INFO - [2024-08-09T19:44:28.795+0200] {dag.py:3947} INFO - Setting next_dagrun for example_branch_datetime_operator_2 to 2024-08-08 00:00:00+00:00, run_after=2024-08-09 00:00:00+00:00
[2024-08-09T19:44:28.797+0200] {logging_mixin.py:188} INFO - [2024-08-09T19:44:28.797+0200] {dag.py:3947} INFO - Setting next_dagrun for example_branch_datetime_operator_3 to 2024-08-08 00:00:00+00:00, run_after=2024-08-09 00:00:00+00:00
[2024-08-09T19:44:28.861+0200] {processor.py:183} INFO - Processing /home/bvpelt/Develop/airflowtut/py_env/lib/python3.10/site-packages/airflow/example_dags/example_branch_datetime_operator.py took 0.119 seconds
[2024-08-09T19:45:25.641+0200] {processor.py:161} INFO - Started process (PID=18281) to work on /home/bvpelt/Develop/airflowtut/py_env/lib/python3.10/site-packages/airflow/example_dags/example_branch_datetime_operator.py
[2024-08-09T19:45:25.657+0200] {processor.py:830} INFO - Processing file /home/bvpelt/Develop/airflowtut/py_env/lib/python3.10/site-packages/airflow/example_dags/example_branch_datetime_operator.py for tasks to queue
[2024-08-09T19:45:25.658+0200] {logging_mixin.py:188} INFO - [2024-08-09T19:45:25.658+0200] {dagbag.py:545} INFO - Filling up the DagBag from /home/bvpelt/Develop/airflowtut/py_env/lib/python3.10/site-packages/airflow/example_dags/example_branch_datetime_operator.py
[2024-08-09T19:45:25.665+0200] {processor.py:840} INFO - DAG(s) 'example_branch_datetime_operator_3', 'example_branch_datetime_operator_2', 'example_branch_datetime_operator' retrieved from /home/bvpelt/Develop/airflowtut/py_env/lib/python3.10/site-packages/airflow/example_dags/example_branch_datetime_operator.py
[2024-08-09T19:45:25.728+0200] {logging_mixin.py:188} INFO - [2024-08-09T19:45:25.728+0200] {dag.py:3089} INFO - Sync 3 DAGs
[2024-08-09T19:45:25.738+0200] {logging_mixin.py:188} INFO - [2024-08-09T19:45:25.738+0200] {dag.py:3947} INFO - Setting next_dagrun for example_branch_datetime_operator to 2024-08-08 00:00:00+00:00, run_after=2024-08-09 00:00:00+00:00
[2024-08-09T19:45:25.741+0200] {logging_mixin.py:188} INFO - [2024-08-09T19:45:25.741+0200] {dag.py:3947} INFO - Setting next_dagrun for example_branch_datetime_operator_2 to 2024-08-08 00:00:00+00:00, run_after=2024-08-09 00:00:00+00:00
[2024-08-09T19:45:25.742+0200] {logging_mixin.py:188} INFO - [2024-08-09T19:45:25.742+0200] {dag.py:3947} INFO - Setting next_dagrun for example_branch_datetime_operator_3 to 2024-08-08 00:00:00+00:00, run_after=2024-08-09 00:00:00+00:00
[2024-08-09T19:45:25.817+0200] {processor.py:183} INFO - Processing /home/bvpelt/Develop/airflowtut/py_env/lib/python3.10/site-packages/airflow/example_dags/example_branch_datetime_operator.py took 0.179 seconds
[2024-08-09T19:46:49.388+0200] {processor.py:161} INFO - Started process (PID=18647) to work on /home/bvpelt/Develop/airflowtut/py_env/lib/python3.10/site-packages/airflow/example_dags/example_branch_datetime_operator.py
[2024-08-09T19:46:49.388+0200] {processor.py:830} INFO - Processing file /home/bvpelt/Develop/airflowtut/py_env/lib/python3.10/site-packages/airflow/example_dags/example_branch_datetime_operator.py for tasks to queue
[2024-08-09T19:46:49.389+0200] {logging_mixin.py:188} INFO - [2024-08-09T19:46:49.389+0200] {dagbag.py:545} INFO - Filling up the DagBag from /home/bvpelt/Develop/airflowtut/py_env/lib/python3.10/site-packages/airflow/example_dags/example_branch_datetime_operator.py
[2024-08-09T19:46:49.397+0200] {processor.py:840} INFO - DAG(s) 'example_branch_datetime_operator', 'example_branch_datetime_operator_2', 'example_branch_datetime_operator_3' retrieved from /home/bvpelt/Develop/airflowtut/py_env/lib/python3.10/site-packages/airflow/example_dags/example_branch_datetime_operator.py
[2024-08-09T19:46:49.411+0200] {logging_mixin.py:188} INFO - [2024-08-09T19:46:49.411+0200] {dag.py:3089} INFO - Sync 3 DAGs
[2024-08-09T19:46:49.426+0200] {logging_mixin.py:188} INFO - [2024-08-09T19:46:49.426+0200] {dag.py:3947} INFO - Setting next_dagrun for example_branch_datetime_operator to 2024-08-08 00:00:00+00:00, run_after=2024-08-09 00:00:00+00:00
[2024-08-09T19:46:49.430+0200] {logging_mixin.py:188} INFO - [2024-08-09T19:46:49.430+0200] {dag.py:3947} INFO - Setting next_dagrun for example_branch_datetime_operator_2 to 2024-08-08 00:00:00+00:00, run_after=2024-08-09 00:00:00+00:00
[2024-08-09T19:46:49.431+0200] {logging_mixin.py:188} INFO - [2024-08-09T19:46:49.431+0200] {dag.py:3947} INFO - Setting next_dagrun for example_branch_datetime_operator_3 to 2024-08-08 00:00:00+00:00, run_after=2024-08-09 00:00:00+00:00
[2024-08-09T19:46:49.512+0200] {processor.py:183} INFO - Processing /home/bvpelt/Develop/airflowtut/py_env/lib/python3.10/site-packages/airflow/example_dags/example_branch_datetime_operator.py took 0.129 seconds
[2024-08-09T19:47:43.404+0200] {processor.py:161} INFO - Started process (PID=18976) to work on /home/bvpelt/Develop/airflowtut/py_env/lib/python3.10/site-packages/airflow/example_dags/example_branch_datetime_operator.py
[2024-08-09T19:47:43.404+0200] {processor.py:830} INFO - Processing file /home/bvpelt/Develop/airflowtut/py_env/lib/python3.10/site-packages/airflow/example_dags/example_branch_datetime_operator.py for tasks to queue
[2024-08-09T19:47:43.405+0200] {logging_mixin.py:188} INFO - [2024-08-09T19:47:43.405+0200] {dagbag.py:545} INFO - Filling up the DagBag from /home/bvpelt/Develop/airflowtut/py_env/lib/python3.10/site-packages/airflow/example_dags/example_branch_datetime_operator.py
[2024-08-09T19:47:43.412+0200] {processor.py:840} INFO - DAG(s) 'example_branch_datetime_operator_2', 'example_branch_datetime_operator', 'example_branch_datetime_operator_3' retrieved from /home/bvpelt/Develop/airflowtut/py_env/lib/python3.10/site-packages/airflow/example_dags/example_branch_datetime_operator.py
[2024-08-09T19:47:43.428+0200] {logging_mixin.py:188} INFO - [2024-08-09T19:47:43.428+0200] {dag.py:3089} INFO - Sync 3 DAGs
[2024-08-09T19:47:43.442+0200] {logging_mixin.py:188} INFO - [2024-08-09T19:47:43.442+0200] {dag.py:3947} INFO - Setting next_dagrun for example_branch_datetime_operator to 2024-08-08 00:00:00+00:00, run_after=2024-08-09 00:00:00+00:00
[2024-08-09T19:47:43.445+0200] {logging_mixin.py:188} INFO - [2024-08-09T19:47:43.445+0200] {dag.py:3947} INFO - Setting next_dagrun for example_branch_datetime_operator_2 to 2024-08-08 00:00:00+00:00, run_after=2024-08-09 00:00:00+00:00
[2024-08-09T19:47:43.447+0200] {logging_mixin.py:188} INFO - [2024-08-09T19:47:43.447+0200] {dag.py:3947} INFO - Setting next_dagrun for example_branch_datetime_operator_3 to 2024-08-08 00:00:00+00:00, run_after=2024-08-09 00:00:00+00:00
[2024-08-09T19:47:43.530+0200] {processor.py:183} INFO - Processing /home/bvpelt/Develop/airflowtut/py_env/lib/python3.10/site-packages/airflow/example_dags/example_branch_datetime_operator.py took 0.130 seconds
[2024-08-09T19:48:37.030+0200] {processor.py:161} INFO - Started process (PID=19114) to work on /home/bvpelt/Develop/airflowtut/py_env/lib/python3.10/site-packages/airflow/example_dags/example_branch_datetime_operator.py
[2024-08-09T19:48:37.031+0200] {processor.py:830} INFO - Processing file /home/bvpelt/Develop/airflowtut/py_env/lib/python3.10/site-packages/airflow/example_dags/example_branch_datetime_operator.py for tasks to queue
[2024-08-09T19:48:37.031+0200] {logging_mixin.py:188} INFO - [2024-08-09T19:48:37.031+0200] {dagbag.py:545} INFO - Filling up the DagBag from /home/bvpelt/Develop/airflowtut/py_env/lib/python3.10/site-packages/airflow/example_dags/example_branch_datetime_operator.py
[2024-08-09T19:48:37.038+0200] {processor.py:840} INFO - DAG(s) 'example_branch_datetime_operator', 'example_branch_datetime_operator_3', 'example_branch_datetime_operator_2' retrieved from /home/bvpelt/Develop/airflowtut/py_env/lib/python3.10/site-packages/airflow/example_dags/example_branch_datetime_operator.py
[2024-08-09T19:48:37.053+0200] {logging_mixin.py:188} INFO - [2024-08-09T19:48:37.053+0200] {dag.py:3089} INFO - Sync 3 DAGs
[2024-08-09T19:48:37.070+0200] {logging_mixin.py:188} INFO - [2024-08-09T19:48:37.070+0200] {dag.py:3947} INFO - Setting next_dagrun for example_branch_datetime_operator to 2024-08-08 00:00:00+00:00, run_after=2024-08-09 00:00:00+00:00
[2024-08-09T19:48:37.073+0200] {logging_mixin.py:188} INFO - [2024-08-09T19:48:37.073+0200] {dag.py:3947} INFO - Setting next_dagrun for example_branch_datetime_operator_2 to 2024-08-08 00:00:00+00:00, run_after=2024-08-09 00:00:00+00:00
[2024-08-09T19:48:37.075+0200] {logging_mixin.py:188} INFO - [2024-08-09T19:48:37.075+0200] {dag.py:3947} INFO - Setting next_dagrun for example_branch_datetime_operator_3 to 2024-08-08 00:00:00+00:00, run_after=2024-08-09 00:00:00+00:00
[2024-08-09T19:48:37.181+0200] {processor.py:183} INFO - Processing /home/bvpelt/Develop/airflowtut/py_env/lib/python3.10/site-packages/airflow/example_dags/example_branch_datetime_operator.py took 0.154 seconds
[2024-08-09T19:49:53.099+0200] {processor.py:161} INFO - Started process (PID=19304) to work on /home/bvpelt/Develop/airflowtut/py_env/lib/python3.10/site-packages/airflow/example_dags/example_branch_datetime_operator.py
[2024-08-09T19:49:53.100+0200] {processor.py:830} INFO - Processing file /home/bvpelt/Develop/airflowtut/py_env/lib/python3.10/site-packages/airflow/example_dags/example_branch_datetime_operator.py for tasks to queue
[2024-08-09T19:49:53.101+0200] {logging_mixin.py:188} INFO - [2024-08-09T19:49:53.100+0200] {dagbag.py:545} INFO - Filling up the DagBag from /home/bvpelt/Develop/airflowtut/py_env/lib/python3.10/site-packages/airflow/example_dags/example_branch_datetime_operator.py
[2024-08-09T19:49:53.107+0200] {processor.py:840} INFO - DAG(s) 'example_branch_datetime_operator_3', 'example_branch_datetime_operator_2', 'example_branch_datetime_operator' retrieved from /home/bvpelt/Develop/airflowtut/py_env/lib/python3.10/site-packages/airflow/example_dags/example_branch_datetime_operator.py
[2024-08-09T19:49:53.120+0200] {logging_mixin.py:188} INFO - [2024-08-09T19:49:53.119+0200] {dag.py:3089} INFO - Sync 3 DAGs
[2024-08-09T19:49:53.132+0200] {logging_mixin.py:188} INFO - [2024-08-09T19:49:53.132+0200] {dag.py:3947} INFO - Setting next_dagrun for example_branch_datetime_operator to 2024-08-08 00:00:00+00:00, run_after=2024-08-09 00:00:00+00:00
[2024-08-09T19:49:53.135+0200] {logging_mixin.py:188} INFO - [2024-08-09T19:49:53.134+0200] {dag.py:3947} INFO - Setting next_dagrun for example_branch_datetime_operator_2 to 2024-08-08 00:00:00+00:00, run_after=2024-08-09 00:00:00+00:00
[2024-08-09T19:49:53.136+0200] {logging_mixin.py:188} INFO - [2024-08-09T19:49:53.136+0200] {dag.py:3947} INFO - Setting next_dagrun for example_branch_datetime_operator_3 to 2024-08-08 00:00:00+00:00, run_after=2024-08-09 00:00:00+00:00
[2024-08-09T19:49:53.218+0200] {processor.py:183} INFO - Processing /home/bvpelt/Develop/airflowtut/py_env/lib/python3.10/site-packages/airflow/example_dags/example_branch_datetime_operator.py took 0.122 seconds
[2024-08-09T19:51:09.253+0200] {processor.py:161} INFO - Started process (PID=19423) to work on /home/bvpelt/Develop/airflowtut/py_env/lib/python3.10/site-packages/airflow/example_dags/example_branch_datetime_operator.py
[2024-08-09T19:51:09.254+0200] {processor.py:830} INFO - Processing file /home/bvpelt/Develop/airflowtut/py_env/lib/python3.10/site-packages/airflow/example_dags/example_branch_datetime_operator.py for tasks to queue
[2024-08-09T19:51:09.255+0200] {logging_mixin.py:188} INFO - [2024-08-09T19:51:09.255+0200] {dagbag.py:545} INFO - Filling up the DagBag from /home/bvpelt/Develop/airflowtut/py_env/lib/python3.10/site-packages/airflow/example_dags/example_branch_datetime_operator.py
[2024-08-09T19:51:09.261+0200] {processor.py:840} INFO - DAG(s) 'example_branch_datetime_operator', 'example_branch_datetime_operator_3', 'example_branch_datetime_operator_2' retrieved from /home/bvpelt/Develop/airflowtut/py_env/lib/python3.10/site-packages/airflow/example_dags/example_branch_datetime_operator.py
[2024-08-09T19:51:09.273+0200] {logging_mixin.py:188} INFO - [2024-08-09T19:51:09.273+0200] {dag.py:3089} INFO - Sync 3 DAGs
[2024-08-09T19:51:09.286+0200] {logging_mixin.py:188} INFO - [2024-08-09T19:51:09.285+0200] {dag.py:3947} INFO - Setting next_dagrun for example_branch_datetime_operator to 2024-08-08 00:00:00+00:00, run_after=2024-08-09 00:00:00+00:00
[2024-08-09T19:51:09.288+0200] {logging_mixin.py:188} INFO - [2024-08-09T19:51:09.288+0200] {dag.py:3947} INFO - Setting next_dagrun for example_branch_datetime_operator_2 to 2024-08-08 00:00:00+00:00, run_after=2024-08-09 00:00:00+00:00
[2024-08-09T19:51:09.289+0200] {logging_mixin.py:188} INFO - [2024-08-09T19:51:09.289+0200] {dag.py:3947} INFO - Setting next_dagrun for example_branch_datetime_operator_3 to 2024-08-08 00:00:00+00:00, run_after=2024-08-09 00:00:00+00:00
[2024-08-09T19:51:09.366+0200] {processor.py:183} INFO - Processing /home/bvpelt/Develop/airflowtut/py_env/lib/python3.10/site-packages/airflow/example_dags/example_branch_datetime_operator.py took 0.116 seconds
[2024-08-09T19:52:18.078+0200] {processor.py:161} INFO - Started process (PID=19936) to work on /home/bvpelt/Develop/airflowtut/py_env/lib/python3.10/site-packages/airflow/example_dags/example_branch_datetime_operator.py
[2024-08-09T19:52:18.088+0200] {processor.py:830} INFO - Processing file /home/bvpelt/Develop/airflowtut/py_env/lib/python3.10/site-packages/airflow/example_dags/example_branch_datetime_operator.py for tasks to queue
[2024-08-09T19:52:18.089+0200] {logging_mixin.py:188} INFO - [2024-08-09T19:52:18.089+0200] {dagbag.py:545} INFO - Filling up the DagBag from /home/bvpelt/Develop/airflowtut/py_env/lib/python3.10/site-packages/airflow/example_dags/example_branch_datetime_operator.py
[2024-08-09T19:52:18.096+0200] {processor.py:840} INFO - DAG(s) 'example_branch_datetime_operator_3', 'example_branch_datetime_operator_2', 'example_branch_datetime_operator' retrieved from /home/bvpelt/Develop/airflowtut/py_env/lib/python3.10/site-packages/airflow/example_dags/example_branch_datetime_operator.py
[2024-08-09T19:52:18.110+0200] {logging_mixin.py:188} INFO - [2024-08-09T19:52:18.110+0200] {dag.py:3089} INFO - Sync 3 DAGs
[2024-08-09T19:52:18.124+0200] {logging_mixin.py:188} INFO - [2024-08-09T19:52:18.124+0200] {dag.py:3947} INFO - Setting next_dagrun for example_branch_datetime_operator to 2024-08-08 00:00:00+00:00, run_after=2024-08-09 00:00:00+00:00
[2024-08-09T19:52:18.127+0200] {logging_mixin.py:188} INFO - [2024-08-09T19:52:18.126+0200] {dag.py:3947} INFO - Setting next_dagrun for example_branch_datetime_operator_2 to 2024-08-08 00:00:00+00:00, run_after=2024-08-09 00:00:00+00:00
[2024-08-09T19:52:18.128+0200] {logging_mixin.py:188} INFO - [2024-08-09T19:52:18.128+0200] {dag.py:3947} INFO - Setting next_dagrun for example_branch_datetime_operator_3 to 2024-08-08 00:00:00+00:00, run_after=2024-08-09 00:00:00+00:00
[2024-08-09T19:52:18.353+0200] {processor.py:183} INFO - Processing /home/bvpelt/Develop/airflowtut/py_env/lib/python3.10/site-packages/airflow/example_dags/example_branch_datetime_operator.py took 0.278 seconds
[2024-08-09T19:53:32.627+0200] {processor.py:161} INFO - Started process (PID=20101) to work on /home/bvpelt/Develop/airflowtut/py_env/lib/python3.10/site-packages/airflow/example_dags/example_branch_datetime_operator.py
[2024-08-09T19:53:32.628+0200] {processor.py:830} INFO - Processing file /home/bvpelt/Develop/airflowtut/py_env/lib/python3.10/site-packages/airflow/example_dags/example_branch_datetime_operator.py for tasks to queue
[2024-08-09T19:53:32.629+0200] {logging_mixin.py:188} INFO - [2024-08-09T19:53:32.629+0200] {dagbag.py:545} INFO - Filling up the DagBag from /home/bvpelt/Develop/airflowtut/py_env/lib/python3.10/site-packages/airflow/example_dags/example_branch_datetime_operator.py
[2024-08-09T19:53:32.635+0200] {processor.py:840} INFO - DAG(s) 'example_branch_datetime_operator', 'example_branch_datetime_operator_2', 'example_branch_datetime_operator_3' retrieved from /home/bvpelt/Develop/airflowtut/py_env/lib/python3.10/site-packages/airflow/example_dags/example_branch_datetime_operator.py
[2024-08-09T19:53:32.647+0200] {logging_mixin.py:188} INFO - [2024-08-09T19:53:32.647+0200] {dag.py:3089} INFO - Sync 3 DAGs
[2024-08-09T19:53:32.659+0200] {logging_mixin.py:188} INFO - [2024-08-09T19:53:32.659+0200] {dag.py:3947} INFO - Setting next_dagrun for example_branch_datetime_operator to 2024-08-08 00:00:00+00:00, run_after=2024-08-09 00:00:00+00:00
[2024-08-09T19:53:32.662+0200] {logging_mixin.py:188} INFO - [2024-08-09T19:53:32.662+0200] {dag.py:3947} INFO - Setting next_dagrun for example_branch_datetime_operator_2 to 2024-08-08 00:00:00+00:00, run_after=2024-08-09 00:00:00+00:00
[2024-08-09T19:53:32.663+0200] {logging_mixin.py:188} INFO - [2024-08-09T19:53:32.663+0200] {dag.py:3947} INFO - Setting next_dagrun for example_branch_datetime_operator_3 to 2024-08-08 00:00:00+00:00, run_after=2024-08-09 00:00:00+00:00
[2024-08-09T19:53:32.766+0200] {processor.py:183} INFO - Processing /home/bvpelt/Develop/airflowtut/py_env/lib/python3.10/site-packages/airflow/example_dags/example_branch_datetime_operator.py took 0.141 seconds
[2024-08-09T19:54:47.985+0200] {processor.py:161} INFO - Started process (PID=20199) to work on /home/bvpelt/Develop/airflowtut/py_env/lib/python3.10/site-packages/airflow/example_dags/example_branch_datetime_operator.py
[2024-08-09T19:54:47.998+0200] {processor.py:830} INFO - Processing file /home/bvpelt/Develop/airflowtut/py_env/lib/python3.10/site-packages/airflow/example_dags/example_branch_datetime_operator.py for tasks to queue
[2024-08-09T19:54:47.999+0200] {logging_mixin.py:188} INFO - [2024-08-09T19:54:47.998+0200] {dagbag.py:545} INFO - Filling up the DagBag from /home/bvpelt/Develop/airflowtut/py_env/lib/python3.10/site-packages/airflow/example_dags/example_branch_datetime_operator.py
[2024-08-09T19:54:48.007+0200] {processor.py:840} INFO - DAG(s) 'example_branch_datetime_operator_2', 'example_branch_datetime_operator', 'example_branch_datetime_operator_3' retrieved from /home/bvpelt/Develop/airflowtut/py_env/lib/python3.10/site-packages/airflow/example_dags/example_branch_datetime_operator.py
[2024-08-09T19:54:48.023+0200] {logging_mixin.py:188} INFO - [2024-08-09T19:54:48.023+0200] {dag.py:3089} INFO - Sync 3 DAGs
[2024-08-09T19:54:48.038+0200] {logging_mixin.py:188} INFO - [2024-08-09T19:54:48.038+0200] {dag.py:3947} INFO - Setting next_dagrun for example_branch_datetime_operator to 2024-08-08 00:00:00+00:00, run_after=2024-08-09 00:00:00+00:00
[2024-08-09T19:54:48.041+0200] {logging_mixin.py:188} INFO - [2024-08-09T19:54:48.041+0200] {dag.py:3947} INFO - Setting next_dagrun for example_branch_datetime_operator_2 to 2024-08-08 00:00:00+00:00, run_after=2024-08-09 00:00:00+00:00
[2024-08-09T19:54:48.042+0200] {logging_mixin.py:188} INFO - [2024-08-09T19:54:48.042+0200] {dag.py:3947} INFO - Setting next_dagrun for example_branch_datetime_operator_3 to 2024-08-08 00:00:00+00:00, run_after=2024-08-09 00:00:00+00:00
[2024-08-09T19:54:48.122+0200] {processor.py:183} INFO - Processing /home/bvpelt/Develop/airflowtut/py_env/lib/python3.10/site-packages/airflow/example_dags/example_branch_datetime_operator.py took 0.141 seconds
[2024-08-09T19:55:39.900+0200] {processor.py:161} INFO - Started process (PID=20299) to work on /home/bvpelt/Develop/airflowtut/py_env/lib/python3.10/site-packages/airflow/example_dags/example_branch_datetime_operator.py
[2024-08-09T19:55:39.901+0200] {processor.py:830} INFO - Processing file /home/bvpelt/Develop/airflowtut/py_env/lib/python3.10/site-packages/airflow/example_dags/example_branch_datetime_operator.py for tasks to queue
[2024-08-09T19:55:39.901+0200] {logging_mixin.py:188} INFO - [2024-08-09T19:55:39.901+0200] {dagbag.py:545} INFO - Filling up the DagBag from /home/bvpelt/Develop/airflowtut/py_env/lib/python3.10/site-packages/airflow/example_dags/example_branch_datetime_operator.py
[2024-08-09T19:55:39.907+0200] {processor.py:840} INFO - DAG(s) 'example_branch_datetime_operator_2', 'example_branch_datetime_operator', 'example_branch_datetime_operator_3' retrieved from /home/bvpelt/Develop/airflowtut/py_env/lib/python3.10/site-packages/airflow/example_dags/example_branch_datetime_operator.py
[2024-08-09T19:55:39.918+0200] {logging_mixin.py:188} INFO - [2024-08-09T19:55:39.918+0200] {dag.py:3089} INFO - Sync 3 DAGs
[2024-08-09T19:55:39.930+0200] {logging_mixin.py:188} INFO - [2024-08-09T19:55:39.930+0200] {dag.py:3947} INFO - Setting next_dagrun for example_branch_datetime_operator to 2024-08-08 00:00:00+00:00, run_after=2024-08-09 00:00:00+00:00
[2024-08-09T19:55:39.932+0200] {logging_mixin.py:188} INFO - [2024-08-09T19:55:39.932+0200] {dag.py:3947} INFO - Setting next_dagrun for example_branch_datetime_operator_2 to 2024-08-08 00:00:00+00:00, run_after=2024-08-09 00:00:00+00:00
[2024-08-09T19:55:39.934+0200] {logging_mixin.py:188} INFO - [2024-08-09T19:55:39.934+0200] {dag.py:3947} INFO - Setting next_dagrun for example_branch_datetime_operator_3 to 2024-08-08 00:00:00+00:00, run_after=2024-08-09 00:00:00+00:00
[2024-08-09T19:55:40.007+0200] {processor.py:183} INFO - Processing /home/bvpelt/Develop/airflowtut/py_env/lib/python3.10/site-packages/airflow/example_dags/example_branch_datetime_operator.py took 0.110 seconds
[2024-08-09T19:56:50.786+0200] {processor.py:161} INFO - Started process (PID=20381) to work on /home/bvpelt/Develop/airflowtut/py_env/lib/python3.10/site-packages/airflow/example_dags/example_branch_datetime_operator.py
[2024-08-09T19:56:50.796+0200] {processor.py:830} INFO - Processing file /home/bvpelt/Develop/airflowtut/py_env/lib/python3.10/site-packages/airflow/example_dags/example_branch_datetime_operator.py for tasks to queue
[2024-08-09T19:56:50.797+0200] {logging_mixin.py:188} INFO - [2024-08-09T19:56:50.797+0200] {dagbag.py:545} INFO - Filling up the DagBag from /home/bvpelt/Develop/airflowtut/py_env/lib/python3.10/site-packages/airflow/example_dags/example_branch_datetime_operator.py
[2024-08-09T19:56:50.804+0200] {processor.py:840} INFO - DAG(s) 'example_branch_datetime_operator_2', 'example_branch_datetime_operator', 'example_branch_datetime_operator_3' retrieved from /home/bvpelt/Develop/airflowtut/py_env/lib/python3.10/site-packages/airflow/example_dags/example_branch_datetime_operator.py
[2024-08-09T19:56:50.815+0200] {logging_mixin.py:188} INFO - [2024-08-09T19:56:50.815+0200] {dag.py:3089} INFO - Sync 3 DAGs
[2024-08-09T19:56:50.827+0200] {logging_mixin.py:188} INFO - [2024-08-09T19:56:50.827+0200] {dag.py:3947} INFO - Setting next_dagrun for example_branch_datetime_operator to 2024-08-08 00:00:00+00:00, run_after=2024-08-09 00:00:00+00:00
[2024-08-09T19:56:50.829+0200] {logging_mixin.py:188} INFO - [2024-08-09T19:56:50.829+0200] {dag.py:3947} INFO - Setting next_dagrun for example_branch_datetime_operator_2 to 2024-08-08 00:00:00+00:00, run_after=2024-08-09 00:00:00+00:00
[2024-08-09T19:56:50.830+0200] {logging_mixin.py:188} INFO - [2024-08-09T19:56:50.830+0200] {dag.py:3947} INFO - Setting next_dagrun for example_branch_datetime_operator_3 to 2024-08-08 00:00:00+00:00, run_after=2024-08-09 00:00:00+00:00
[2024-08-09T19:56:50.931+0200] {processor.py:183} INFO - Processing /home/bvpelt/Develop/airflowtut/py_env/lib/python3.10/site-packages/airflow/example_dags/example_branch_datetime_operator.py took 0.148 seconds
[2024-08-09T19:57:44.442+0200] {processor.py:161} INFO - Started process (PID=20511) to work on /home/bvpelt/Develop/airflowtut/py_env/lib/python3.10/site-packages/airflow/example_dags/example_branch_datetime_operator.py
[2024-08-09T19:57:44.445+0200] {processor.py:830} INFO - Processing file /home/bvpelt/Develop/airflowtut/py_env/lib/python3.10/site-packages/airflow/example_dags/example_branch_datetime_operator.py for tasks to queue
[2024-08-09T19:57:44.448+0200] {logging_mixin.py:188} INFO - [2024-08-09T19:57:44.447+0200] {dagbag.py:545} INFO - Filling up the DagBag from /home/bvpelt/Develop/airflowtut/py_env/lib/python3.10/site-packages/airflow/example_dags/example_branch_datetime_operator.py
[2024-08-09T19:57:44.465+0200] {processor.py:840} INFO - DAG(s) 'example_branch_datetime_operator_2', 'example_branch_datetime_operator_3', 'example_branch_datetime_operator' retrieved from /home/bvpelt/Develop/airflowtut/py_env/lib/python3.10/site-packages/airflow/example_dags/example_branch_datetime_operator.py
[2024-08-09T19:57:44.482+0200] {logging_mixin.py:188} INFO - [2024-08-09T19:57:44.482+0200] {dag.py:3089} INFO - Sync 3 DAGs
[2024-08-09T19:57:44.495+0200] {logging_mixin.py:188} INFO - [2024-08-09T19:57:44.495+0200] {dag.py:3947} INFO - Setting next_dagrun for example_branch_datetime_operator to 2024-08-08 00:00:00+00:00, run_after=2024-08-09 00:00:00+00:00
[2024-08-09T19:57:44.497+0200] {logging_mixin.py:188} INFO - [2024-08-09T19:57:44.497+0200] {dag.py:3947} INFO - Setting next_dagrun for example_branch_datetime_operator_2 to 2024-08-08 00:00:00+00:00, run_after=2024-08-09 00:00:00+00:00
[2024-08-09T19:57:44.499+0200] {logging_mixin.py:188} INFO - [2024-08-09T19:57:44.498+0200] {dag.py:3947} INFO - Setting next_dagrun for example_branch_datetime_operator_3 to 2024-08-08 00:00:00+00:00, run_after=2024-08-09 00:00:00+00:00
[2024-08-09T19:57:44.602+0200] {processor.py:183} INFO - Processing /home/bvpelt/Develop/airflowtut/py_env/lib/python3.10/site-packages/airflow/example_dags/example_branch_datetime_operator.py took 0.174 seconds
[2024-08-09T19:59:04.052+0200] {processor.py:161} INFO - Started process (PID=20680) to work on /home/bvpelt/Develop/airflowtut/py_env/lib/python3.10/site-packages/airflow/example_dags/example_branch_datetime_operator.py
[2024-08-09T19:59:04.052+0200] {processor.py:830} INFO - Processing file /home/bvpelt/Develop/airflowtut/py_env/lib/python3.10/site-packages/airflow/example_dags/example_branch_datetime_operator.py for tasks to queue
[2024-08-09T19:59:04.053+0200] {logging_mixin.py:188} INFO - [2024-08-09T19:59:04.053+0200] {dagbag.py:545} INFO - Filling up the DagBag from /home/bvpelt/Develop/airflowtut/py_env/lib/python3.10/site-packages/airflow/example_dags/example_branch_datetime_operator.py
[2024-08-09T19:59:04.060+0200] {processor.py:840} INFO - DAG(s) 'example_branch_datetime_operator_2', 'example_branch_datetime_operator_3', 'example_branch_datetime_operator' retrieved from /home/bvpelt/Develop/airflowtut/py_env/lib/python3.10/site-packages/airflow/example_dags/example_branch_datetime_operator.py
[2024-08-09T19:59:04.072+0200] {logging_mixin.py:188} INFO - [2024-08-09T19:59:04.072+0200] {dag.py:3089} INFO - Sync 3 DAGs
[2024-08-09T19:59:04.084+0200] {logging_mixin.py:188} INFO - [2024-08-09T19:59:04.084+0200] {dag.py:3947} INFO - Setting next_dagrun for example_branch_datetime_operator to 2024-08-08 00:00:00+00:00, run_after=2024-08-09 00:00:00+00:00
[2024-08-09T19:59:04.087+0200] {logging_mixin.py:188} INFO - [2024-08-09T19:59:04.086+0200] {dag.py:3947} INFO - Setting next_dagrun for example_branch_datetime_operator_2 to 2024-08-08 00:00:00+00:00, run_after=2024-08-09 00:00:00+00:00
[2024-08-09T19:59:04.088+0200] {logging_mixin.py:188} INFO - [2024-08-09T19:59:04.088+0200] {dag.py:3947} INFO - Setting next_dagrun for example_branch_datetime_operator_3 to 2024-08-08 00:00:00+00:00, run_after=2024-08-09 00:00:00+00:00
[2024-08-09T19:59:04.174+0200] {processor.py:183} INFO - Processing /home/bvpelt/Develop/airflowtut/py_env/lib/python3.10/site-packages/airflow/example_dags/example_branch_datetime_operator.py took 0.126 seconds
[2024-08-09T19:59:59.968+0200] {processor.py:161} INFO - Started process (PID=20736) to work on /home/bvpelt/Develop/airflowtut/py_env/lib/python3.10/site-packages/airflow/example_dags/example_branch_datetime_operator.py
[2024-08-09T19:59:59.968+0200] {processor.py:830} INFO - Processing file /home/bvpelt/Develop/airflowtut/py_env/lib/python3.10/site-packages/airflow/example_dags/example_branch_datetime_operator.py for tasks to queue
[2024-08-09T19:59:59.969+0200] {logging_mixin.py:188} INFO - [2024-08-09T19:59:59.969+0200] {dagbag.py:545} INFO - Filling up the DagBag from /home/bvpelt/Develop/airflowtut/py_env/lib/python3.10/site-packages/airflow/example_dags/example_branch_datetime_operator.py
[2024-08-09T19:59:59.975+0200] {processor.py:840} INFO - DAG(s) 'example_branch_datetime_operator_2', 'example_branch_datetime_operator_3', 'example_branch_datetime_operator' retrieved from /home/bvpelt/Develop/airflowtut/py_env/lib/python3.10/site-packages/airflow/example_dags/example_branch_datetime_operator.py
[2024-08-09T19:59:59.987+0200] {logging_mixin.py:188} INFO - [2024-08-09T19:59:59.987+0200] {dag.py:3089} INFO - Sync 3 DAGs
[2024-08-09T19:59:59.998+0200] {logging_mixin.py:188} INFO - [2024-08-09T19:59:59.998+0200] {dag.py:3947} INFO - Setting next_dagrun for example_branch_datetime_operator to 2024-08-08 00:00:00+00:00, run_after=2024-08-09 00:00:00+00:00
[2024-08-09T20:00:00.001+0200] {logging_mixin.py:188} INFO - [2024-08-09T20:00:00.001+0200] {dag.py:3947} INFO - Setting next_dagrun for example_branch_datetime_operator_2 to 2024-08-08 00:00:00+00:00, run_after=2024-08-09 00:00:00+00:00
[2024-08-09T20:00:00.002+0200] {logging_mixin.py:188} INFO - [2024-08-09T20:00:00.002+0200] {dag.py:3947} INFO - Setting next_dagrun for example_branch_datetime_operator_3 to 2024-08-08 00:00:00+00:00, run_after=2024-08-09 00:00:00+00:00
[2024-08-09T20:00:00.110+0200] {processor.py:183} INFO - Processing /home/bvpelt/Develop/airflowtut/py_env/lib/python3.10/site-packages/airflow/example_dags/example_branch_datetime_operator.py took 0.146 seconds
[2024-08-09T20:01:15.361+0200] {processor.py:161} INFO - Started process (PID=20845) to work on /home/bvpelt/Develop/airflowtut/py_env/lib/python3.10/site-packages/airflow/example_dags/example_branch_datetime_operator.py
[2024-08-09T20:01:15.361+0200] {processor.py:830} INFO - Processing file /home/bvpelt/Develop/airflowtut/py_env/lib/python3.10/site-packages/airflow/example_dags/example_branch_datetime_operator.py for tasks to queue
[2024-08-09T20:01:15.362+0200] {logging_mixin.py:188} INFO - [2024-08-09T20:01:15.362+0200] {dagbag.py:545} INFO - Filling up the DagBag from /home/bvpelt/Develop/airflowtut/py_env/lib/python3.10/site-packages/airflow/example_dags/example_branch_datetime_operator.py
[2024-08-09T20:01:15.368+0200] {processor.py:840} INFO - DAG(s) 'example_branch_datetime_operator', 'example_branch_datetime_operator_2', 'example_branch_datetime_operator_3' retrieved from /home/bvpelt/Develop/airflowtut/py_env/lib/python3.10/site-packages/airflow/example_dags/example_branch_datetime_operator.py
[2024-08-09T20:01:15.380+0200] {logging_mixin.py:188} INFO - [2024-08-09T20:01:15.379+0200] {dag.py:3089} INFO - Sync 3 DAGs
[2024-08-09T20:01:15.391+0200] {logging_mixin.py:188} INFO - [2024-08-09T20:01:15.391+0200] {dag.py:3947} INFO - Setting next_dagrun for example_branch_datetime_operator to 2024-08-08 00:00:00+00:00, run_after=2024-08-09 00:00:00+00:00
[2024-08-09T20:01:15.394+0200] {logging_mixin.py:188} INFO - [2024-08-09T20:01:15.394+0200] {dag.py:3947} INFO - Setting next_dagrun for example_branch_datetime_operator_2 to 2024-08-08 00:00:00+00:00, run_after=2024-08-09 00:00:00+00:00
[2024-08-09T20:01:15.395+0200] {logging_mixin.py:188} INFO - [2024-08-09T20:01:15.395+0200] {dag.py:3947} INFO - Setting next_dagrun for example_branch_datetime_operator_3 to 2024-08-08 00:00:00+00:00, run_after=2024-08-09 00:00:00+00:00
[2024-08-09T20:01:15.479+0200] {processor.py:183} INFO - Processing /home/bvpelt/Develop/airflowtut/py_env/lib/python3.10/site-packages/airflow/example_dags/example_branch_datetime_operator.py took 0.122 seconds
[2024-08-09T20:02:31.149+0200] {processor.py:161} INFO - Started process (PID=21032) to work on /home/bvpelt/Develop/airflowtut/py_env/lib/python3.10/site-packages/airflow/example_dags/example_branch_datetime_operator.py
[2024-08-09T20:02:31.166+0200] {processor.py:830} INFO - Processing file /home/bvpelt/Develop/airflowtut/py_env/lib/python3.10/site-packages/airflow/example_dags/example_branch_datetime_operator.py for tasks to queue
[2024-08-09T20:02:31.167+0200] {logging_mixin.py:188} INFO - [2024-08-09T20:02:31.167+0200] {dagbag.py:545} INFO - Filling up the DagBag from /home/bvpelt/Develop/airflowtut/py_env/lib/python3.10/site-packages/airflow/example_dags/example_branch_datetime_operator.py
[2024-08-09T20:02:31.173+0200] {processor.py:840} INFO - DAG(s) 'example_branch_datetime_operator_3', 'example_branch_datetime_operator_2', 'example_branch_datetime_operator' retrieved from /home/bvpelt/Develop/airflowtut/py_env/lib/python3.10/site-packages/airflow/example_dags/example_branch_datetime_operator.py
[2024-08-09T20:02:31.185+0200] {logging_mixin.py:188} INFO - [2024-08-09T20:02:31.185+0200] {dag.py:3089} INFO - Sync 3 DAGs
[2024-08-09T20:02:31.197+0200] {logging_mixin.py:188} INFO - [2024-08-09T20:02:31.197+0200] {dag.py:3947} INFO - Setting next_dagrun for example_branch_datetime_operator to 2024-08-08 00:00:00+00:00, run_after=2024-08-09 00:00:00+00:00
[2024-08-09T20:02:31.199+0200] {logging_mixin.py:188} INFO - [2024-08-09T20:02:31.199+0200] {dag.py:3947} INFO - Setting next_dagrun for example_branch_datetime_operator_2 to 2024-08-08 00:00:00+00:00, run_after=2024-08-09 00:00:00+00:00
[2024-08-09T20:02:31.201+0200] {logging_mixin.py:188} INFO - [2024-08-09T20:02:31.201+0200] {dag.py:3947} INFO - Setting next_dagrun for example_branch_datetime_operator_3 to 2024-08-08 00:00:00+00:00, run_after=2024-08-09 00:00:00+00:00
[2024-08-09T20:02:31.360+0200] {processor.py:183} INFO - Processing /home/bvpelt/Develop/airflowtut/py_env/lib/python3.10/site-packages/airflow/example_dags/example_branch_datetime_operator.py took 0.214 seconds
[2024-08-09T20:03:27.806+0200] {processor.py:161} INFO - Started process (PID=21098) to work on /home/bvpelt/Develop/airflowtut/py_env/lib/python3.10/site-packages/airflow/example_dags/example_branch_datetime_operator.py
[2024-08-09T20:03:27.818+0200] {processor.py:830} INFO - Processing file /home/bvpelt/Develop/airflowtut/py_env/lib/python3.10/site-packages/airflow/example_dags/example_branch_datetime_operator.py for tasks to queue
[2024-08-09T20:03:27.819+0200] {logging_mixin.py:188} INFO - [2024-08-09T20:03:27.819+0200] {dagbag.py:545} INFO - Filling up the DagBag from /home/bvpelt/Develop/airflowtut/py_env/lib/python3.10/site-packages/airflow/example_dags/example_branch_datetime_operator.py
[2024-08-09T20:03:27.825+0200] {processor.py:840} INFO - DAG(s) 'example_branch_datetime_operator_2', 'example_branch_datetime_operator', 'example_branch_datetime_operator_3' retrieved from /home/bvpelt/Develop/airflowtut/py_env/lib/python3.10/site-packages/airflow/example_dags/example_branch_datetime_operator.py
[2024-08-09T20:03:27.838+0200] {logging_mixin.py:188} INFO - [2024-08-09T20:03:27.837+0200] {dag.py:3089} INFO - Sync 3 DAGs
[2024-08-09T20:03:27.850+0200] {logging_mixin.py:188} INFO - [2024-08-09T20:03:27.850+0200] {dag.py:3947} INFO - Setting next_dagrun for example_branch_datetime_operator to 2024-08-08 00:00:00+00:00, run_after=2024-08-09 00:00:00+00:00
[2024-08-09T20:03:27.853+0200] {logging_mixin.py:188} INFO - [2024-08-09T20:03:27.853+0200] {dag.py:3947} INFO - Setting next_dagrun for example_branch_datetime_operator_2 to 2024-08-08 00:00:00+00:00, run_after=2024-08-09 00:00:00+00:00
[2024-08-09T20:03:27.854+0200] {logging_mixin.py:188} INFO - [2024-08-09T20:03:27.854+0200] {dag.py:3947} INFO - Setting next_dagrun for example_branch_datetime_operator_3 to 2024-08-08 00:00:00+00:00, run_after=2024-08-09 00:00:00+00:00
[2024-08-09T20:03:27.955+0200] {processor.py:183} INFO - Processing /home/bvpelt/Develop/airflowtut/py_env/lib/python3.10/site-packages/airflow/example_dags/example_branch_datetime_operator.py took 0.152 seconds
[2024-08-09T20:04:21.990+0200] {processor.py:161} INFO - Started process (PID=21187) to work on /home/bvpelt/Develop/airflowtut/py_env/lib/python3.10/site-packages/airflow/example_dags/example_branch_datetime_operator.py
[2024-08-09T20:04:21.990+0200] {processor.py:830} INFO - Processing file /home/bvpelt/Develop/airflowtut/py_env/lib/python3.10/site-packages/airflow/example_dags/example_branch_datetime_operator.py for tasks to queue
[2024-08-09T20:04:21.991+0200] {logging_mixin.py:188} INFO - [2024-08-09T20:04:21.991+0200] {dagbag.py:545} INFO - Filling up the DagBag from /home/bvpelt/Develop/airflowtut/py_env/lib/python3.10/site-packages/airflow/example_dags/example_branch_datetime_operator.py
[2024-08-09T20:04:21.997+0200] {processor.py:840} INFO - DAG(s) 'example_branch_datetime_operator_2', 'example_branch_datetime_operator_3', 'example_branch_datetime_operator' retrieved from /home/bvpelt/Develop/airflowtut/py_env/lib/python3.10/site-packages/airflow/example_dags/example_branch_datetime_operator.py
[2024-08-09T20:04:22.010+0200] {logging_mixin.py:188} INFO - [2024-08-09T20:04:22.010+0200] {dag.py:3089} INFO - Sync 3 DAGs
[2024-08-09T20:04:22.023+0200] {logging_mixin.py:188} INFO - [2024-08-09T20:04:22.023+0200] {dag.py:3947} INFO - Setting next_dagrun for example_branch_datetime_operator to 2024-08-08 00:00:00+00:00, run_after=2024-08-09 00:00:00+00:00
[2024-08-09T20:04:22.026+0200] {logging_mixin.py:188} INFO - [2024-08-09T20:04:22.026+0200] {dag.py:3947} INFO - Setting next_dagrun for example_branch_datetime_operator_2 to 2024-08-08 00:00:00+00:00, run_after=2024-08-09 00:00:00+00:00
[2024-08-09T20:04:22.027+0200] {logging_mixin.py:188} INFO - [2024-08-09T20:04:22.027+0200] {dag.py:3947} INFO - Setting next_dagrun for example_branch_datetime_operator_3 to 2024-08-08 00:00:00+00:00, run_after=2024-08-09 00:00:00+00:00
[2024-08-09T20:04:22.153+0200] {processor.py:183} INFO - Processing /home/bvpelt/Develop/airflowtut/py_env/lib/python3.10/site-packages/airflow/example_dags/example_branch_datetime_operator.py took 0.166 seconds
[2024-08-09T20:05:14.159+0200] {processor.py:161} INFO - Started process (PID=21348) to work on /home/bvpelt/Develop/airflowtut/py_env/lib/python3.10/site-packages/airflow/example_dags/example_branch_datetime_operator.py
[2024-08-09T20:05:14.208+0200] {processor.py:830} INFO - Processing file /home/bvpelt/Develop/airflowtut/py_env/lib/python3.10/site-packages/airflow/example_dags/example_branch_datetime_operator.py for tasks to queue
[2024-08-09T20:05:14.212+0200] {logging_mixin.py:188} INFO - [2024-08-09T20:05:14.211+0200] {dagbag.py:545} INFO - Filling up the DagBag from /home/bvpelt/Develop/airflowtut/py_env/lib/python3.10/site-packages/airflow/example_dags/example_branch_datetime_operator.py
[2024-08-09T20:05:14.240+0200] {processor.py:840} INFO - DAG(s) 'example_branch_datetime_operator_2', 'example_branch_datetime_operator_3', 'example_branch_datetime_operator' retrieved from /home/bvpelt/Develop/airflowtut/py_env/lib/python3.10/site-packages/airflow/example_dags/example_branch_datetime_operator.py
[2024-08-09T20:05:14.261+0200] {logging_mixin.py:188} INFO - [2024-08-09T20:05:14.261+0200] {dag.py:3089} INFO - Sync 3 DAGs
[2024-08-09T20:05:14.275+0200] {logging_mixin.py:188} INFO - [2024-08-09T20:05:14.275+0200] {dag.py:3947} INFO - Setting next_dagrun for example_branch_datetime_operator to 2024-08-08 00:00:00+00:00, run_after=2024-08-09 00:00:00+00:00
[2024-08-09T20:05:14.278+0200] {logging_mixin.py:188} INFO - [2024-08-09T20:05:14.278+0200] {dag.py:3947} INFO - Setting next_dagrun for example_branch_datetime_operator_2 to 2024-08-08 00:00:00+00:00, run_after=2024-08-09 00:00:00+00:00
[2024-08-09T20:05:14.279+0200] {logging_mixin.py:188} INFO - [2024-08-09T20:05:14.279+0200] {dag.py:3947} INFO - Setting next_dagrun for example_branch_datetime_operator_3 to 2024-08-08 00:00:00+00:00, run_after=2024-08-09 00:00:00+00:00
[2024-08-09T20:05:14.379+0200] {processor.py:183} INFO - Processing /home/bvpelt/Develop/airflowtut/py_env/lib/python3.10/site-packages/airflow/example_dags/example_branch_datetime_operator.py took 0.234 seconds
[2024-08-09T20:06:09.798+0200] {processor.py:161} INFO - Started process (PID=21400) to work on /home/bvpelt/Develop/airflowtut/py_env/lib/python3.10/site-packages/airflow/example_dags/example_branch_datetime_operator.py
[2024-08-09T20:06:09.799+0200] {processor.py:830} INFO - Processing file /home/bvpelt/Develop/airflowtut/py_env/lib/python3.10/site-packages/airflow/example_dags/example_branch_datetime_operator.py for tasks to queue
[2024-08-09T20:06:09.799+0200] {logging_mixin.py:188} INFO - [2024-08-09T20:06:09.799+0200] {dagbag.py:545} INFO - Filling up the DagBag from /home/bvpelt/Develop/airflowtut/py_env/lib/python3.10/site-packages/airflow/example_dags/example_branch_datetime_operator.py
[2024-08-09T20:06:09.805+0200] {processor.py:840} INFO - DAG(s) 'example_branch_datetime_operator_3', 'example_branch_datetime_operator', 'example_branch_datetime_operator_2' retrieved from /home/bvpelt/Develop/airflowtut/py_env/lib/python3.10/site-packages/airflow/example_dags/example_branch_datetime_operator.py
[2024-08-09T20:06:09.817+0200] {logging_mixin.py:188} INFO - [2024-08-09T20:06:09.817+0200] {dag.py:3089} INFO - Sync 3 DAGs
[2024-08-09T20:06:09.830+0200] {logging_mixin.py:188} INFO - [2024-08-09T20:06:09.830+0200] {dag.py:3947} INFO - Setting next_dagrun for example_branch_datetime_operator to 2024-08-08 00:00:00+00:00, run_after=2024-08-09 00:00:00+00:00
[2024-08-09T20:06:09.833+0200] {logging_mixin.py:188} INFO - [2024-08-09T20:06:09.832+0200] {dag.py:3947} INFO - Setting next_dagrun for example_branch_datetime_operator_2 to 2024-08-08 00:00:00+00:00, run_after=2024-08-09 00:00:00+00:00
[2024-08-09T20:06:09.834+0200] {logging_mixin.py:188} INFO - [2024-08-09T20:06:09.834+0200] {dag.py:3947} INFO - Setting next_dagrun for example_branch_datetime_operator_3 to 2024-08-08 00:00:00+00:00, run_after=2024-08-09 00:00:00+00:00
[2024-08-09T20:06:09.903+0200] {processor.py:183} INFO - Processing /home/bvpelt/Develop/airflowtut/py_env/lib/python3.10/site-packages/airflow/example_dags/example_branch_datetime_operator.py took 0.108 seconds
[2024-08-09T20:07:05.771+0200] {processor.py:161} INFO - Started process (PID=21491) to work on /home/bvpelt/Develop/airflowtut/py_env/lib/python3.10/site-packages/airflow/example_dags/example_branch_datetime_operator.py
[2024-08-09T20:07:05.771+0200] {processor.py:830} INFO - Processing file /home/bvpelt/Develop/airflowtut/py_env/lib/python3.10/site-packages/airflow/example_dags/example_branch_datetime_operator.py for tasks to queue
[2024-08-09T20:07:05.772+0200] {logging_mixin.py:188} INFO - [2024-08-09T20:07:05.772+0200] {dagbag.py:545} INFO - Filling up the DagBag from /home/bvpelt/Develop/airflowtut/py_env/lib/python3.10/site-packages/airflow/example_dags/example_branch_datetime_operator.py
[2024-08-09T20:07:05.778+0200] {processor.py:840} INFO - DAG(s) 'example_branch_datetime_operator', 'example_branch_datetime_operator_2', 'example_branch_datetime_operator_3' retrieved from /home/bvpelt/Develop/airflowtut/py_env/lib/python3.10/site-packages/airflow/example_dags/example_branch_datetime_operator.py
[2024-08-09T20:07:05.790+0200] {logging_mixin.py:188} INFO - [2024-08-09T20:07:05.789+0200] {dag.py:3089} INFO - Sync 3 DAGs
[2024-08-09T20:07:05.801+0200] {logging_mixin.py:188} INFO - [2024-08-09T20:07:05.801+0200] {dag.py:3947} INFO - Setting next_dagrun for example_branch_datetime_operator to 2024-08-08 00:00:00+00:00, run_after=2024-08-09 00:00:00+00:00
[2024-08-09T20:07:05.804+0200] {logging_mixin.py:188} INFO - [2024-08-09T20:07:05.804+0200] {dag.py:3947} INFO - Setting next_dagrun for example_branch_datetime_operator_2 to 2024-08-08 00:00:00+00:00, run_after=2024-08-09 00:00:00+00:00
[2024-08-09T20:07:05.805+0200] {logging_mixin.py:188} INFO - [2024-08-09T20:07:05.805+0200] {dag.py:3947} INFO - Setting next_dagrun for example_branch_datetime_operator_3 to 2024-08-08 00:00:00+00:00, run_after=2024-08-09 00:00:00+00:00
[2024-08-09T20:07:05.874+0200] {processor.py:183} INFO - Processing /home/bvpelt/Develop/airflowtut/py_env/lib/python3.10/site-packages/airflow/example_dags/example_branch_datetime_operator.py took 0.106 seconds
[2024-08-09T20:07:56.188+0200] {processor.py:161} INFO - Started process (PID=21646) to work on /home/bvpelt/Develop/airflowtut/py_env/lib/python3.10/site-packages/airflow/example_dags/example_branch_datetime_operator.py
[2024-08-09T20:07:56.189+0200] {processor.py:830} INFO - Processing file /home/bvpelt/Develop/airflowtut/py_env/lib/python3.10/site-packages/airflow/example_dags/example_branch_datetime_operator.py for tasks to queue
[2024-08-09T20:07:56.190+0200] {logging_mixin.py:188} INFO - [2024-08-09T20:07:56.190+0200] {dagbag.py:545} INFO - Filling up the DagBag from /home/bvpelt/Develop/airflowtut/py_env/lib/python3.10/site-packages/airflow/example_dags/example_branch_datetime_operator.py
[2024-08-09T20:07:56.196+0200] {processor.py:840} INFO - DAG(s) 'example_branch_datetime_operator_3', 'example_branch_datetime_operator_2', 'example_branch_datetime_operator' retrieved from /home/bvpelt/Develop/airflowtut/py_env/lib/python3.10/site-packages/airflow/example_dags/example_branch_datetime_operator.py
[2024-08-09T20:07:56.208+0200] {logging_mixin.py:188} INFO - [2024-08-09T20:07:56.208+0200] {dag.py:3089} INFO - Sync 3 DAGs
[2024-08-09T20:07:56.220+0200] {logging_mixin.py:188} INFO - [2024-08-09T20:07:56.220+0200] {dag.py:3947} INFO - Setting next_dagrun for example_branch_datetime_operator to 2024-08-08 00:00:00+00:00, run_after=2024-08-09 00:00:00+00:00
[2024-08-09T20:07:56.223+0200] {logging_mixin.py:188} INFO - [2024-08-09T20:07:56.223+0200] {dag.py:3947} INFO - Setting next_dagrun for example_branch_datetime_operator_2 to 2024-08-08 00:00:00+00:00, run_after=2024-08-09 00:00:00+00:00
[2024-08-09T20:07:56.224+0200] {logging_mixin.py:188} INFO - [2024-08-09T20:07:56.224+0200] {dag.py:3947} INFO - Setting next_dagrun for example_branch_datetime_operator_3 to 2024-08-08 00:00:00+00:00, run_after=2024-08-09 00:00:00+00:00
[2024-08-09T20:07:56.297+0200] {processor.py:183} INFO - Processing /home/bvpelt/Develop/airflowtut/py_env/lib/python3.10/site-packages/airflow/example_dags/example_branch_datetime_operator.py took 0.113 seconds
[2024-08-09T20:08:49.984+0200] {processor.py:161} INFO - Started process (PID=21708) to work on /home/bvpelt/Develop/airflowtut/py_env/lib/python3.10/site-packages/airflow/example_dags/example_branch_datetime_operator.py
[2024-08-09T20:08:50.016+0200] {processor.py:830} INFO - Processing file /home/bvpelt/Develop/airflowtut/py_env/lib/python3.10/site-packages/airflow/example_dags/example_branch_datetime_operator.py for tasks to queue
[2024-08-09T20:08:50.017+0200] {logging_mixin.py:188} INFO - [2024-08-09T20:08:50.017+0200] {dagbag.py:545} INFO - Filling up the DagBag from /home/bvpelt/Develop/airflowtut/py_env/lib/python3.10/site-packages/airflow/example_dags/example_branch_datetime_operator.py
[2024-08-09T20:08:50.023+0200] {processor.py:840} INFO - DAG(s) 'example_branch_datetime_operator_2', 'example_branch_datetime_operator_3', 'example_branch_datetime_operator' retrieved from /home/bvpelt/Develop/airflowtut/py_env/lib/python3.10/site-packages/airflow/example_dags/example_branch_datetime_operator.py
[2024-08-09T20:08:50.034+0200] {logging_mixin.py:188} INFO - [2024-08-09T20:08:50.034+0200] {dag.py:3089} INFO - Sync 3 DAGs
[2024-08-09T20:08:50.046+0200] {logging_mixin.py:188} INFO - [2024-08-09T20:08:50.046+0200] {dag.py:3947} INFO - Setting next_dagrun for example_branch_datetime_operator to 2024-08-08 00:00:00+00:00, run_after=2024-08-09 00:00:00+00:00
[2024-08-09T20:08:50.048+0200] {logging_mixin.py:188} INFO - [2024-08-09T20:08:50.048+0200] {dag.py:3947} INFO - Setting next_dagrun for example_branch_datetime_operator_2 to 2024-08-08 00:00:00+00:00, run_after=2024-08-09 00:00:00+00:00
[2024-08-09T20:08:50.050+0200] {logging_mixin.py:188} INFO - [2024-08-09T20:08:50.049+0200] {dag.py:3947} INFO - Setting next_dagrun for example_branch_datetime_operator_3 to 2024-08-08 00:00:00+00:00, run_after=2024-08-09 00:00:00+00:00
[2024-08-09T20:08:50.161+0200] {processor.py:183} INFO - Processing /home/bvpelt/Develop/airflowtut/py_env/lib/python3.10/site-packages/airflow/example_dags/example_branch_datetime_operator.py took 0.180 seconds
[2024-08-09T20:09:42.330+0200] {processor.py:161} INFO - Started process (PID=21763) to work on /home/bvpelt/Develop/airflowtut/py_env/lib/python3.10/site-packages/airflow/example_dags/example_branch_datetime_operator.py
[2024-08-09T20:09:42.330+0200] {processor.py:830} INFO - Processing file /home/bvpelt/Develop/airflowtut/py_env/lib/python3.10/site-packages/airflow/example_dags/example_branch_datetime_operator.py for tasks to queue
[2024-08-09T20:09:42.331+0200] {logging_mixin.py:188} INFO - [2024-08-09T20:09:42.331+0200] {dagbag.py:545} INFO - Filling up the DagBag from /home/bvpelt/Develop/airflowtut/py_env/lib/python3.10/site-packages/airflow/example_dags/example_branch_datetime_operator.py
[2024-08-09T20:09:42.337+0200] {processor.py:840} INFO - DAG(s) 'example_branch_datetime_operator', 'example_branch_datetime_operator_3', 'example_branch_datetime_operator_2' retrieved from /home/bvpelt/Develop/airflowtut/py_env/lib/python3.10/site-packages/airflow/example_dags/example_branch_datetime_operator.py
[2024-08-09T20:09:42.349+0200] {logging_mixin.py:188} INFO - [2024-08-09T20:09:42.349+0200] {dag.py:3089} INFO - Sync 3 DAGs
[2024-08-09T20:09:42.360+0200] {logging_mixin.py:188} INFO - [2024-08-09T20:09:42.360+0200] {dag.py:3947} INFO - Setting next_dagrun for example_branch_datetime_operator to 2024-08-08 00:00:00+00:00, run_after=2024-08-09 00:00:00+00:00
[2024-08-09T20:09:42.363+0200] {logging_mixin.py:188} INFO - [2024-08-09T20:09:42.363+0200] {dag.py:3947} INFO - Setting next_dagrun for example_branch_datetime_operator_2 to 2024-08-08 00:00:00+00:00, run_after=2024-08-09 00:00:00+00:00
[2024-08-09T20:09:42.364+0200] {logging_mixin.py:188} INFO - [2024-08-09T20:09:42.364+0200] {dag.py:3947} INFO - Setting next_dagrun for example_branch_datetime_operator_3 to 2024-08-08 00:00:00+00:00, run_after=2024-08-09 00:00:00+00:00
[2024-08-09T20:09:42.469+0200] {processor.py:183} INFO - Processing /home/bvpelt/Develop/airflowtut/py_env/lib/python3.10/site-packages/airflow/example_dags/example_branch_datetime_operator.py took 0.142 seconds
[2024-08-09T20:10:57.358+0200] {processor.py:161} INFO - Started process (PID=21864) to work on /home/bvpelt/Develop/airflowtut/py_env/lib/python3.10/site-packages/airflow/example_dags/example_branch_datetime_operator.py
[2024-08-09T20:10:57.359+0200] {processor.py:830} INFO - Processing file /home/bvpelt/Develop/airflowtut/py_env/lib/python3.10/site-packages/airflow/example_dags/example_branch_datetime_operator.py for tasks to queue
[2024-08-09T20:10:57.360+0200] {logging_mixin.py:188} INFO - [2024-08-09T20:10:57.360+0200] {dagbag.py:545} INFO - Filling up the DagBag from /home/bvpelt/Develop/airflowtut/py_env/lib/python3.10/site-packages/airflow/example_dags/example_branch_datetime_operator.py
[2024-08-09T20:10:57.366+0200] {processor.py:840} INFO - DAG(s) 'example_branch_datetime_operator_3', 'example_branch_datetime_operator_2', 'example_branch_datetime_operator' retrieved from /home/bvpelt/Develop/airflowtut/py_env/lib/python3.10/site-packages/airflow/example_dags/example_branch_datetime_operator.py
[2024-08-09T20:10:57.378+0200] {logging_mixin.py:188} INFO - [2024-08-09T20:10:57.378+0200] {dag.py:3089} INFO - Sync 3 DAGs
[2024-08-09T20:10:57.390+0200] {logging_mixin.py:188} INFO - [2024-08-09T20:10:57.390+0200] {dag.py:3947} INFO - Setting next_dagrun for example_branch_datetime_operator to 2024-08-08 00:00:00+00:00, run_after=2024-08-09 00:00:00+00:00
[2024-08-09T20:10:57.393+0200] {logging_mixin.py:188} INFO - [2024-08-09T20:10:57.393+0200] {dag.py:3947} INFO - Setting next_dagrun for example_branch_datetime_operator_2 to 2024-08-08 00:00:00+00:00, run_after=2024-08-09 00:00:00+00:00
[2024-08-09T20:10:57.394+0200] {logging_mixin.py:188} INFO - [2024-08-09T20:10:57.394+0200] {dag.py:3947} INFO - Setting next_dagrun for example_branch_datetime_operator_3 to 2024-08-08 00:00:00+00:00, run_after=2024-08-09 00:00:00+00:00
[2024-08-09T20:10:57.473+0200] {processor.py:183} INFO - Processing /home/bvpelt/Develop/airflowtut/py_env/lib/python3.10/site-packages/airflow/example_dags/example_branch_datetime_operator.py took 0.117 seconds
[2024-08-09T20:12:11.189+0200] {processor.py:161} INFO - Started process (PID=21973) to work on /home/bvpelt/Develop/airflowtut/py_env/lib/python3.10/site-packages/airflow/example_dags/example_branch_datetime_operator.py
[2024-08-09T20:12:11.201+0200] {processor.py:830} INFO - Processing file /home/bvpelt/Develop/airflowtut/py_env/lib/python3.10/site-packages/airflow/example_dags/example_branch_datetime_operator.py for tasks to queue
[2024-08-09T20:12:11.203+0200] {logging_mixin.py:188} INFO - [2024-08-09T20:12:11.202+0200] {dagbag.py:545} INFO - Filling up the DagBag from /home/bvpelt/Develop/airflowtut/py_env/lib/python3.10/site-packages/airflow/example_dags/example_branch_datetime_operator.py
[2024-08-09T20:12:11.216+0200] {processor.py:840} INFO - DAG(s) 'example_branch_datetime_operator_3', 'example_branch_datetime_operator_2', 'example_branch_datetime_operator' retrieved from /home/bvpelt/Develop/airflowtut/py_env/lib/python3.10/site-packages/airflow/example_dags/example_branch_datetime_operator.py
[2024-08-09T20:12:11.239+0200] {logging_mixin.py:188} INFO - [2024-08-09T20:12:11.239+0200] {dag.py:3089} INFO - Sync 3 DAGs
[2024-08-09T20:12:11.254+0200] {logging_mixin.py:188} INFO - [2024-08-09T20:12:11.254+0200] {dag.py:3947} INFO - Setting next_dagrun for example_branch_datetime_operator to 2024-08-08 00:00:00+00:00, run_after=2024-08-09 00:00:00+00:00
[2024-08-09T20:12:11.257+0200] {logging_mixin.py:188} INFO - [2024-08-09T20:12:11.257+0200] {dag.py:3947} INFO - Setting next_dagrun for example_branch_datetime_operator_2 to 2024-08-08 00:00:00+00:00, run_after=2024-08-09 00:00:00+00:00
[2024-08-09T20:12:11.258+0200] {logging_mixin.py:188} INFO - [2024-08-09T20:12:11.258+0200] {dag.py:3947} INFO - Setting next_dagrun for example_branch_datetime_operator_3 to 2024-08-08 00:00:00+00:00, run_after=2024-08-09 00:00:00+00:00
[2024-08-09T20:12:11.325+0200] {processor.py:183} INFO - Processing /home/bvpelt/Develop/airflowtut/py_env/lib/python3.10/site-packages/airflow/example_dags/example_branch_datetime_operator.py took 0.142 seconds
[2024-08-09T20:13:29.634+0200] {processor.py:161} INFO - Started process (PID=22111) to work on /home/bvpelt/Develop/airflowtut/py_env/lib/python3.10/site-packages/airflow/example_dags/example_branch_datetime_operator.py
[2024-08-09T20:13:29.635+0200] {processor.py:830} INFO - Processing file /home/bvpelt/Develop/airflowtut/py_env/lib/python3.10/site-packages/airflow/example_dags/example_branch_datetime_operator.py for tasks to queue
[2024-08-09T20:13:29.636+0200] {logging_mixin.py:188} INFO - [2024-08-09T20:13:29.635+0200] {dagbag.py:545} INFO - Filling up the DagBag from /home/bvpelt/Develop/airflowtut/py_env/lib/python3.10/site-packages/airflow/example_dags/example_branch_datetime_operator.py
[2024-08-09T20:13:29.643+0200] {processor.py:840} INFO - DAG(s) 'example_branch_datetime_operator_3', 'example_branch_datetime_operator_2', 'example_branch_datetime_operator' retrieved from /home/bvpelt/Develop/airflowtut/py_env/lib/python3.10/site-packages/airflow/example_dags/example_branch_datetime_operator.py
[2024-08-09T20:13:29.656+0200] {logging_mixin.py:188} INFO - [2024-08-09T20:13:29.656+0200] {dag.py:3089} INFO - Sync 3 DAGs
[2024-08-09T20:13:29.669+0200] {logging_mixin.py:188} INFO - [2024-08-09T20:13:29.669+0200] {dag.py:3947} INFO - Setting next_dagrun for example_branch_datetime_operator to 2024-08-08 00:00:00+00:00, run_after=2024-08-09 00:00:00+00:00
[2024-08-09T20:13:29.672+0200] {logging_mixin.py:188} INFO - [2024-08-09T20:13:29.672+0200] {dag.py:3947} INFO - Setting next_dagrun for example_branch_datetime_operator_2 to 2024-08-08 00:00:00+00:00, run_after=2024-08-09 00:00:00+00:00
[2024-08-09T20:13:29.673+0200] {logging_mixin.py:188} INFO - [2024-08-09T20:13:29.673+0200] {dag.py:3947} INFO - Setting next_dagrun for example_branch_datetime_operator_3 to 2024-08-08 00:00:00+00:00, run_after=2024-08-09 00:00:00+00:00
[2024-08-09T20:13:29.760+0200] {processor.py:183} INFO - Processing /home/bvpelt/Develop/airflowtut/py_env/lib/python3.10/site-packages/airflow/example_dags/example_branch_datetime_operator.py took 0.130 seconds
[2024-08-09T20:14:23.480+0200] {processor.py:161} INFO - Started process (PID=22190) to work on /home/bvpelt/Develop/airflowtut/py_env/lib/python3.10/site-packages/airflow/example_dags/example_branch_datetime_operator.py
[2024-08-09T20:14:23.480+0200] {processor.py:830} INFO - Processing file /home/bvpelt/Develop/airflowtut/py_env/lib/python3.10/site-packages/airflow/example_dags/example_branch_datetime_operator.py for tasks to queue
[2024-08-09T20:14:23.481+0200] {logging_mixin.py:188} INFO - [2024-08-09T20:14:23.481+0200] {dagbag.py:545} INFO - Filling up the DagBag from /home/bvpelt/Develop/airflowtut/py_env/lib/python3.10/site-packages/airflow/example_dags/example_branch_datetime_operator.py
[2024-08-09T20:14:23.487+0200] {processor.py:840} INFO - DAG(s) 'example_branch_datetime_operator_3', 'example_branch_datetime_operator_2', 'example_branch_datetime_operator' retrieved from /home/bvpelt/Develop/airflowtut/py_env/lib/python3.10/site-packages/airflow/example_dags/example_branch_datetime_operator.py
[2024-08-09T20:14:23.499+0200] {logging_mixin.py:188} INFO - [2024-08-09T20:14:23.499+0200] {dag.py:3089} INFO - Sync 3 DAGs
[2024-08-09T20:14:23.511+0200] {logging_mixin.py:188} INFO - [2024-08-09T20:14:23.510+0200] {dag.py:3947} INFO - Setting next_dagrun for example_branch_datetime_operator to 2024-08-08 00:00:00+00:00, run_after=2024-08-09 00:00:00+00:00
[2024-08-09T20:14:23.513+0200] {logging_mixin.py:188} INFO - [2024-08-09T20:14:23.513+0200] {dag.py:3947} INFO - Setting next_dagrun for example_branch_datetime_operator_2 to 2024-08-08 00:00:00+00:00, run_after=2024-08-09 00:00:00+00:00
[2024-08-09T20:14:23.514+0200] {logging_mixin.py:188} INFO - [2024-08-09T20:14:23.514+0200] {dag.py:3947} INFO - Setting next_dagrun for example_branch_datetime_operator_3 to 2024-08-08 00:00:00+00:00, run_after=2024-08-09 00:00:00+00:00
[2024-08-09T20:14:23.597+0200] {processor.py:183} INFO - Processing /home/bvpelt/Develop/airflowtut/py_env/lib/python3.10/site-packages/airflow/example_dags/example_branch_datetime_operator.py took 0.120 seconds
[2024-08-09T20:15:35.538+0200] {processor.py:161} INFO - Started process (PID=22295) to work on /home/bvpelt/Develop/airflowtut/py_env/lib/python3.10/site-packages/airflow/example_dags/example_branch_datetime_operator.py
[2024-08-09T20:15:35.566+0200] {processor.py:830} INFO - Processing file /home/bvpelt/Develop/airflowtut/py_env/lib/python3.10/site-packages/airflow/example_dags/example_branch_datetime_operator.py for tasks to queue
[2024-08-09T20:15:35.567+0200] {logging_mixin.py:188} INFO - [2024-08-09T20:15:35.567+0200] {dagbag.py:545} INFO - Filling up the DagBag from /home/bvpelt/Develop/airflowtut/py_env/lib/python3.10/site-packages/airflow/example_dags/example_branch_datetime_operator.py
[2024-08-09T20:15:35.575+0200] {processor.py:840} INFO - DAG(s) 'example_branch_datetime_operator', 'example_branch_datetime_operator_2', 'example_branch_datetime_operator_3' retrieved from /home/bvpelt/Develop/airflowtut/py_env/lib/python3.10/site-packages/airflow/example_dags/example_branch_datetime_operator.py
[2024-08-09T20:15:35.586+0200] {logging_mixin.py:188} INFO - [2024-08-09T20:15:35.586+0200] {dag.py:3089} INFO - Sync 3 DAGs
[2024-08-09T20:15:35.598+0200] {logging_mixin.py:188} INFO - [2024-08-09T20:15:35.598+0200] {dag.py:3947} INFO - Setting next_dagrun for example_branch_datetime_operator to 2024-08-08 00:00:00+00:00, run_after=2024-08-09 00:00:00+00:00
[2024-08-09T20:15:35.600+0200] {logging_mixin.py:188} INFO - [2024-08-09T20:15:35.600+0200] {dag.py:3947} INFO - Setting next_dagrun for example_branch_datetime_operator_2 to 2024-08-08 00:00:00+00:00, run_after=2024-08-09 00:00:00+00:00
[2024-08-09T20:15:35.602+0200] {logging_mixin.py:188} INFO - [2024-08-09T20:15:35.602+0200] {dag.py:3947} INFO - Setting next_dagrun for example_branch_datetime_operator_3 to 2024-08-08 00:00:00+00:00, run_after=2024-08-09 00:00:00+00:00
[2024-08-09T20:15:35.695+0200] {processor.py:183} INFO - Processing /home/bvpelt/Develop/airflowtut/py_env/lib/python3.10/site-packages/airflow/example_dags/example_branch_datetime_operator.py took 0.159 seconds
