[2024-08-09T19:43:28.294+0200] {processor.py:161} INFO - Started process (PID=17790) to work on /home/bvpelt/Develop/airflowtut/py_env/lib/python3.10/site-packages/airflow/example_dags/example_branch_python_dop_operator_3.py
[2024-08-09T19:43:28.294+0200] {processor.py:830} INFO - Processing file /home/bvpelt/Develop/airflowtut/py_env/lib/python3.10/site-packages/airflow/example_dags/example_branch_python_dop_operator_3.py for tasks to queue
[2024-08-09T19:43:28.295+0200] {logging_mixin.py:188} INFO - [2024-08-09T19:43:28.295+0200] {dagbag.py:545} INFO - Filling up the DagBag from /home/bvpelt/Develop/airflowtut/py_env/lib/python3.10/site-packages/airflow/example_dags/example_branch_python_dop_operator_3.py
[2024-08-09T19:43:28.300+0200] {processor.py:840} INFO - DAG(s) 'example_branch_dop_operator_v3' retrieved from /home/bvpelt/Develop/airflowtut/py_env/lib/python3.10/site-packages/airflow/example_dags/example_branch_python_dop_operator_3.py
[2024-08-09T19:43:28.540+0200] {logging_mixin.py:188} INFO - [2024-08-09T19:43:28.538+0200] {override.py:1858} INFO - Created Permission View: can edit on DAG:example_branch_dop_operator_v3
[2024-08-09T19:43:28.630+0200] {logging_mixin.py:188} INFO - [2024-08-09T19:43:28.629+0200] {override.py:1858} INFO - Created Permission View: can read on DAG:example_branch_dop_operator_v3
[2024-08-09T19:43:28.705+0200] {logging_mixin.py:188} INFO - [2024-08-09T19:43:28.704+0200] {override.py:1858} INFO - Created Permission View: can delete on DAG:example_branch_dop_operator_v3
[2024-08-09T19:43:28.707+0200] {logging_mixin.py:188} INFO - [2024-08-09T19:43:28.706+0200] {dag.py:3089} INFO - Sync 1 DAGs
[2024-08-09T19:43:28.738+0200] {logging_mixin.py:188} INFO - [2024-08-09T19:43:28.737+0200] {dag.py:3111} INFO - Creating ORM DAG for example_branch_dop_operator_v3
[2024-08-09T19:43:28.813+0200] {logging_mixin.py:188} INFO - [2024-08-09T19:43:28.813+0200] {dag.py:3947} INFO - Setting next_dagrun for example_branch_dop_operator_v3 to 2024-08-09 17:42:00+00:00, run_after=2024-08-09 17:43:00+00:00
[2024-08-09T19:43:28.941+0200] {processor.py:183} INFO - Processing /home/bvpelt/Develop/airflowtut/py_env/lib/python3.10/site-packages/airflow/example_dags/example_branch_python_dop_operator_3.py took 0.650 seconds
[2024-08-09T19:44:32.969+0200] {processor.py:161} INFO - Started process (PID=18077) to work on /home/bvpelt/Develop/airflowtut/py_env/lib/python3.10/site-packages/airflow/example_dags/example_branch_python_dop_operator_3.py
[2024-08-09T19:44:32.971+0200] {processor.py:830} INFO - Processing file /home/bvpelt/Develop/airflowtut/py_env/lib/python3.10/site-packages/airflow/example_dags/example_branch_python_dop_operator_3.py for tasks to queue
[2024-08-09T19:44:32.974+0200] {logging_mixin.py:188} INFO - [2024-08-09T19:44:32.973+0200] {dagbag.py:545} INFO - Filling up the DagBag from /home/bvpelt/Develop/airflowtut/py_env/lib/python3.10/site-packages/airflow/example_dags/example_branch_python_dop_operator_3.py
[2024-08-09T19:44:32.986+0200] {processor.py:840} INFO - DAG(s) 'example_branch_dop_operator_v3' retrieved from /home/bvpelt/Develop/airflowtut/py_env/lib/python3.10/site-packages/airflow/example_dags/example_branch_python_dop_operator_3.py
[2024-08-09T19:44:32.999+0200] {logging_mixin.py:188} INFO - [2024-08-09T19:44:32.999+0200] {dag.py:3089} INFO - Sync 1 DAGs
[2024-08-09T19:44:33.016+0200] {logging_mixin.py:188} INFO - [2024-08-09T19:44:33.015+0200] {dag.py:3947} INFO - Setting next_dagrun for example_branch_dop_operator_v3 to 2024-08-09 17:43:00+00:00, run_after=2024-08-09 17:44:00+00:00
[2024-08-09T19:44:33.103+0200] {processor.py:183} INFO - Processing /home/bvpelt/Develop/airflowtut/py_env/lib/python3.10/site-packages/airflow/example_dags/example_branch_python_dop_operator_3.py took 0.149 seconds
[2024-08-09T19:45:29.835+0200] {processor.py:161} INFO - Started process (PID=18285) to work on /home/bvpelt/Develop/airflowtut/py_env/lib/python3.10/site-packages/airflow/example_dags/example_branch_python_dop_operator_3.py
[2024-08-09T19:45:29.836+0200] {processor.py:830} INFO - Processing file /home/bvpelt/Develop/airflowtut/py_env/lib/python3.10/site-packages/airflow/example_dags/example_branch_python_dop_operator_3.py for tasks to queue
[2024-08-09T19:45:29.836+0200] {logging_mixin.py:188} INFO - [2024-08-09T19:45:29.836+0200] {dagbag.py:545} INFO - Filling up the DagBag from /home/bvpelt/Develop/airflowtut/py_env/lib/python3.10/site-packages/airflow/example_dags/example_branch_python_dop_operator_3.py
[2024-08-09T19:45:29.842+0200] {processor.py:840} INFO - DAG(s) 'example_branch_dop_operator_v3' retrieved from /home/bvpelt/Develop/airflowtut/py_env/lib/python3.10/site-packages/airflow/example_dags/example_branch_python_dop_operator_3.py
[2024-08-09T19:45:29.850+0200] {logging_mixin.py:188} INFO - [2024-08-09T19:45:29.850+0200] {dag.py:3089} INFO - Sync 1 DAGs
[2024-08-09T19:45:29.864+0200] {logging_mixin.py:188} INFO - [2024-08-09T19:45:29.864+0200] {dag.py:3947} INFO - Setting next_dagrun for example_branch_dop_operator_v3 to 2024-08-09 17:44:00+00:00, run_after=2024-08-09 17:45:00+00:00
[2024-08-09T19:45:29.950+0200] {processor.py:183} INFO - Processing /home/bvpelt/Develop/airflowtut/py_env/lib/python3.10/site-packages/airflow/example_dags/example_branch_python_dop_operator_3.py took 0.118 seconds
[2024-08-09T19:46:53.472+0200] {processor.py:161} INFO - Started process (PID=18651) to work on /home/bvpelt/Develop/airflowtut/py_env/lib/python3.10/site-packages/airflow/example_dags/example_branch_python_dop_operator_3.py
[2024-08-09T19:46:53.472+0200] {processor.py:830} INFO - Processing file /home/bvpelt/Develop/airflowtut/py_env/lib/python3.10/site-packages/airflow/example_dags/example_branch_python_dop_operator_3.py for tasks to queue
[2024-08-09T19:46:53.473+0200] {logging_mixin.py:188} INFO - [2024-08-09T19:46:53.473+0200] {dagbag.py:545} INFO - Filling up the DagBag from /home/bvpelt/Develop/airflowtut/py_env/lib/python3.10/site-packages/airflow/example_dags/example_branch_python_dop_operator_3.py
[2024-08-09T19:46:53.478+0200] {processor.py:840} INFO - DAG(s) 'example_branch_dop_operator_v3' retrieved from /home/bvpelt/Develop/airflowtut/py_env/lib/python3.10/site-packages/airflow/example_dags/example_branch_python_dop_operator_3.py
[2024-08-09T19:46:53.486+0200] {logging_mixin.py:188} INFO - [2024-08-09T19:46:53.486+0200] {dag.py:3089} INFO - Sync 1 DAGs
[2024-08-09T19:46:53.498+0200] {logging_mixin.py:188} INFO - [2024-08-09T19:46:53.498+0200] {dag.py:3947} INFO - Setting next_dagrun for example_branch_dop_operator_v3 to 2024-08-09 17:45:00+00:00, run_after=2024-08-09 17:46:00+00:00
[2024-08-09T19:46:53.601+0200] {processor.py:183} INFO - Processing /home/bvpelt/Develop/airflowtut/py_env/lib/python3.10/site-packages/airflow/example_dags/example_branch_python_dop_operator_3.py took 0.132 seconds
[2024-08-09T19:47:47.568+0200] {processor.py:161} INFO - Started process (PID=18997) to work on /home/bvpelt/Develop/airflowtut/py_env/lib/python3.10/site-packages/airflow/example_dags/example_branch_python_dop_operator_3.py
[2024-08-09T19:47:47.568+0200] {processor.py:830} INFO - Processing file /home/bvpelt/Develop/airflowtut/py_env/lib/python3.10/site-packages/airflow/example_dags/example_branch_python_dop_operator_3.py for tasks to queue
[2024-08-09T19:47:47.569+0200] {logging_mixin.py:188} INFO - [2024-08-09T19:47:47.569+0200] {dagbag.py:545} INFO - Filling up the DagBag from /home/bvpelt/Develop/airflowtut/py_env/lib/python3.10/site-packages/airflow/example_dags/example_branch_python_dop_operator_3.py
[2024-08-09T19:47:47.574+0200] {processor.py:840} INFO - DAG(s) 'example_branch_dop_operator_v3' retrieved from /home/bvpelt/Develop/airflowtut/py_env/lib/python3.10/site-packages/airflow/example_dags/example_branch_python_dop_operator_3.py
[2024-08-09T19:47:47.582+0200] {logging_mixin.py:188} INFO - [2024-08-09T19:47:47.582+0200] {dag.py:3089} INFO - Sync 1 DAGs
[2024-08-09T19:47:47.596+0200] {logging_mixin.py:188} INFO - [2024-08-09T19:47:47.596+0200] {dag.py:3947} INFO - Setting next_dagrun for example_branch_dop_operator_v3 to 2024-08-09 17:46:00+00:00, run_after=2024-08-09 17:47:00+00:00
[2024-08-09T19:47:47.760+0200] {processor.py:183} INFO - Processing /home/bvpelt/Develop/airflowtut/py_env/lib/python3.10/site-packages/airflow/example_dags/example_branch_python_dop_operator_3.py took 0.196 seconds
[2024-08-09T19:49:02.827+0200] {processor.py:161} INFO - Started process (PID=19140) to work on /home/bvpelt/Develop/airflowtut/py_env/lib/python3.10/site-packages/airflow/example_dags/example_branch_python_dop_operator_3.py
[2024-08-09T19:49:02.827+0200] {processor.py:830} INFO - Processing file /home/bvpelt/Develop/airflowtut/py_env/lib/python3.10/site-packages/airflow/example_dags/example_branch_python_dop_operator_3.py for tasks to queue
[2024-08-09T19:49:02.828+0200] {logging_mixin.py:188} INFO - [2024-08-09T19:49:02.828+0200] {dagbag.py:545} INFO - Filling up the DagBag from /home/bvpelt/Develop/airflowtut/py_env/lib/python3.10/site-packages/airflow/example_dags/example_branch_python_dop_operator_3.py
[2024-08-09T19:49:02.833+0200] {processor.py:840} INFO - DAG(s) 'example_branch_dop_operator_v3' retrieved from /home/bvpelt/Develop/airflowtut/py_env/lib/python3.10/site-packages/airflow/example_dags/example_branch_python_dop_operator_3.py
[2024-08-09T19:49:02.841+0200] {logging_mixin.py:188} INFO - [2024-08-09T19:49:02.841+0200] {dag.py:3089} INFO - Sync 1 DAGs
[2024-08-09T19:49:02.855+0200] {logging_mixin.py:188} INFO - [2024-08-09T19:49:02.855+0200] {dag.py:3947} INFO - Setting next_dagrun for example_branch_dop_operator_v3 to 2024-08-09 17:48:00+00:00, run_after=2024-08-09 17:49:00+00:00
[2024-08-09T19:49:02.996+0200] {processor.py:183} INFO - Processing /home/bvpelt/Develop/airflowtut/py_env/lib/python3.10/site-packages/airflow/example_dags/example_branch_python_dop_operator_3.py took 0.172 seconds
[2024-08-09T19:50:19.697+0200] {processor.py:161} INFO - Started process (PID=19352) to work on /home/bvpelt/Develop/airflowtut/py_env/lib/python3.10/site-packages/airflow/example_dags/example_branch_python_dop_operator_3.py
[2024-08-09T19:50:19.698+0200] {processor.py:830} INFO - Processing file /home/bvpelt/Develop/airflowtut/py_env/lib/python3.10/site-packages/airflow/example_dags/example_branch_python_dop_operator_3.py for tasks to queue
[2024-08-09T19:50:19.699+0200] {logging_mixin.py:188} INFO - [2024-08-09T19:50:19.699+0200] {dagbag.py:545} INFO - Filling up the DagBag from /home/bvpelt/Develop/airflowtut/py_env/lib/python3.10/site-packages/airflow/example_dags/example_branch_python_dop_operator_3.py
[2024-08-09T19:50:19.704+0200] {processor.py:840} INFO - DAG(s) 'example_branch_dop_operator_v3' retrieved from /home/bvpelt/Develop/airflowtut/py_env/lib/python3.10/site-packages/airflow/example_dags/example_branch_python_dop_operator_3.py
[2024-08-09T19:50:19.714+0200] {logging_mixin.py:188} INFO - [2024-08-09T19:50:19.714+0200] {dag.py:3089} INFO - Sync 1 DAGs
[2024-08-09T19:50:19.729+0200] {logging_mixin.py:188} INFO - [2024-08-09T19:50:19.729+0200] {dag.py:3947} INFO - Setting next_dagrun for example_branch_dop_operator_v3 to 2024-08-09 17:49:00+00:00, run_after=2024-08-09 17:50:00+00:00
[2024-08-09T19:50:19.816+0200] {processor.py:183} INFO - Processing /home/bvpelt/Develop/airflowtut/py_env/lib/python3.10/site-packages/airflow/example_dags/example_branch_python_dop_operator_3.py took 0.122 seconds
[2024-08-09T19:51:35.625+0200] {processor.py:161} INFO - Started process (PID=19540) to work on /home/bvpelt/Develop/airflowtut/py_env/lib/python3.10/site-packages/airflow/example_dags/example_branch_python_dop_operator_3.py
[2024-08-09T19:51:35.642+0200] {processor.py:830} INFO - Processing file /home/bvpelt/Develop/airflowtut/py_env/lib/python3.10/site-packages/airflow/example_dags/example_branch_python_dop_operator_3.py for tasks to queue
[2024-08-09T19:51:35.646+0200] {logging_mixin.py:188} INFO - [2024-08-09T19:51:35.645+0200] {dagbag.py:545} INFO - Filling up the DagBag from /home/bvpelt/Develop/airflowtut/py_env/lib/python3.10/site-packages/airflow/example_dags/example_branch_python_dop_operator_3.py
[2024-08-09T19:51:35.668+0200] {processor.py:840} INFO - DAG(s) 'example_branch_dop_operator_v3' retrieved from /home/bvpelt/Develop/airflowtut/py_env/lib/python3.10/site-packages/airflow/example_dags/example_branch_python_dop_operator_3.py
[2024-08-09T19:51:35.683+0200] {logging_mixin.py:188} INFO - [2024-08-09T19:51:35.683+0200] {dag.py:3089} INFO - Sync 1 DAGs
[2024-08-09T19:51:35.701+0200] {logging_mixin.py:188} INFO - [2024-08-09T19:51:35.701+0200] {dag.py:3947} INFO - Setting next_dagrun for example_branch_dop_operator_v3 to 2024-08-09 17:50:00+00:00, run_after=2024-08-09 17:51:00+00:00
[2024-08-09T19:51:35.790+0200] {processor.py:183} INFO - Processing /home/bvpelt/Develop/airflowtut/py_env/lib/python3.10/site-packages/airflow/example_dags/example_branch_python_dop_operator_3.py took 0.180 seconds
[2024-08-09T19:53:03.184+0200] {processor.py:161} INFO - Started process (PID=20073) to work on /home/bvpelt/Develop/airflowtut/py_env/lib/python3.10/site-packages/airflow/example_dags/example_branch_python_dop_operator_3.py
[2024-08-09T19:53:03.185+0200] {processor.py:830} INFO - Processing file /home/bvpelt/Develop/airflowtut/py_env/lib/python3.10/site-packages/airflow/example_dags/example_branch_python_dop_operator_3.py for tasks to queue
[2024-08-09T19:53:03.186+0200] {logging_mixin.py:188} INFO - [2024-08-09T19:53:03.185+0200] {dagbag.py:545} INFO - Filling up the DagBag from /home/bvpelt/Develop/airflowtut/py_env/lib/python3.10/site-packages/airflow/example_dags/example_branch_python_dop_operator_3.py
[2024-08-09T19:53:03.190+0200] {processor.py:840} INFO - DAG(s) 'example_branch_dop_operator_v3' retrieved from /home/bvpelt/Develop/airflowtut/py_env/lib/python3.10/site-packages/airflow/example_dags/example_branch_python_dop_operator_3.py
[2024-08-09T19:53:03.199+0200] {logging_mixin.py:188} INFO - [2024-08-09T19:53:03.199+0200] {dag.py:3089} INFO - Sync 1 DAGs
[2024-08-09T19:53:03.212+0200] {logging_mixin.py:188} INFO - [2024-08-09T19:53:03.212+0200] {dag.py:3947} INFO - Setting next_dagrun for example_branch_dop_operator_v3 to 2024-08-09 17:52:00+00:00, run_after=2024-08-09 17:53:00+00:00
[2024-08-09T19:53:03.302+0200] {processor.py:183} INFO - Processing /home/bvpelt/Develop/airflowtut/py_env/lib/python3.10/site-packages/airflow/example_dags/example_branch_python_dop_operator_3.py took 0.121 seconds
[2024-08-09T19:53:59.531+0200] {processor.py:161} INFO - Started process (PID=20134) to work on /home/bvpelt/Develop/airflowtut/py_env/lib/python3.10/site-packages/airflow/example_dags/example_branch_python_dop_operator_3.py
[2024-08-09T19:53:59.532+0200] {processor.py:830} INFO - Processing file /home/bvpelt/Develop/airflowtut/py_env/lib/python3.10/site-packages/airflow/example_dags/example_branch_python_dop_operator_3.py for tasks to queue
[2024-08-09T19:53:59.533+0200] {logging_mixin.py:188} INFO - [2024-08-09T19:53:59.532+0200] {dagbag.py:545} INFO - Filling up the DagBag from /home/bvpelt/Develop/airflowtut/py_env/lib/python3.10/site-packages/airflow/example_dags/example_branch_python_dop_operator_3.py
[2024-08-09T19:53:59.538+0200] {processor.py:840} INFO - DAG(s) 'example_branch_dop_operator_v3' retrieved from /home/bvpelt/Develop/airflowtut/py_env/lib/python3.10/site-packages/airflow/example_dags/example_branch_python_dop_operator_3.py
[2024-08-09T19:53:59.546+0200] {logging_mixin.py:188} INFO - [2024-08-09T19:53:59.546+0200] {dag.py:3089} INFO - Sync 1 DAGs
[2024-08-09T19:53:59.558+0200] {logging_mixin.py:188} INFO - [2024-08-09T19:53:59.558+0200] {dag.py:3947} INFO - Setting next_dagrun for example_branch_dop_operator_v3 to 2024-08-09 17:52:00+00:00, run_after=2024-08-09 17:53:00+00:00
[2024-08-09T19:53:59.636+0200] {processor.py:183} INFO - Processing /home/bvpelt/Develop/airflowtut/py_env/lib/python3.10/site-packages/airflow/example_dags/example_branch_python_dop_operator_3.py took 0.108 seconds
[2024-08-09T19:55:17.438+0200] {processor.py:161} INFO - Started process (PID=20267) to work on /home/bvpelt/Develop/airflowtut/py_env/lib/python3.10/site-packages/airflow/example_dags/example_branch_python_dop_operator_3.py
[2024-08-09T19:55:17.439+0200] {processor.py:830} INFO - Processing file /home/bvpelt/Develop/airflowtut/py_env/lib/python3.10/site-packages/airflow/example_dags/example_branch_python_dop_operator_3.py for tasks to queue
[2024-08-09T19:55:17.439+0200] {logging_mixin.py:188} INFO - [2024-08-09T19:55:17.439+0200] {dagbag.py:545} INFO - Filling up the DagBag from /home/bvpelt/Develop/airflowtut/py_env/lib/python3.10/site-packages/airflow/example_dags/example_branch_python_dop_operator_3.py
[2024-08-09T19:55:17.445+0200] {processor.py:840} INFO - DAG(s) 'example_branch_dop_operator_v3' retrieved from /home/bvpelt/Develop/airflowtut/py_env/lib/python3.10/site-packages/airflow/example_dags/example_branch_python_dop_operator_3.py
[2024-08-09T19:55:17.452+0200] {logging_mixin.py:188} INFO - [2024-08-09T19:55:17.452+0200] {dag.py:3089} INFO - Sync 1 DAGs
[2024-08-09T19:55:17.465+0200] {logging_mixin.py:188} INFO - [2024-08-09T19:55:17.465+0200] {dag.py:3947} INFO - Setting next_dagrun for example_branch_dop_operator_v3 to 2024-08-09 17:54:00+00:00, run_after=2024-08-09 17:55:00+00:00
[2024-08-09T19:55:17.579+0200] {processor.py:183} INFO - Processing /home/bvpelt/Develop/airflowtut/py_env/lib/python3.10/site-packages/airflow/example_dags/example_branch_python_dop_operator_3.py took 0.144 seconds
[2024-08-09T19:56:27.527+0200] {processor.py:161} INFO - Started process (PID=20357) to work on /home/bvpelt/Develop/airflowtut/py_env/lib/python3.10/site-packages/airflow/example_dags/example_branch_python_dop_operator_3.py
[2024-08-09T19:56:27.527+0200] {processor.py:830} INFO - Processing file /home/bvpelt/Develop/airflowtut/py_env/lib/python3.10/site-packages/airflow/example_dags/example_branch_python_dop_operator_3.py for tasks to queue
[2024-08-09T19:56:27.528+0200] {logging_mixin.py:188} INFO - [2024-08-09T19:56:27.528+0200] {dagbag.py:545} INFO - Filling up the DagBag from /home/bvpelt/Develop/airflowtut/py_env/lib/python3.10/site-packages/airflow/example_dags/example_branch_python_dop_operator_3.py
[2024-08-09T19:56:27.534+0200] {processor.py:840} INFO - DAG(s) 'example_branch_dop_operator_v3' retrieved from /home/bvpelt/Develop/airflowtut/py_env/lib/python3.10/site-packages/airflow/example_dags/example_branch_python_dop_operator_3.py
[2024-08-09T19:56:27.543+0200] {logging_mixin.py:188} INFO - [2024-08-09T19:56:27.542+0200] {dag.py:3089} INFO - Sync 1 DAGs
[2024-08-09T19:56:27.557+0200] {logging_mixin.py:188} INFO - [2024-08-09T19:56:27.557+0200] {dag.py:3947} INFO - Setting next_dagrun for example_branch_dop_operator_v3 to 2024-08-09 17:55:00+00:00, run_after=2024-08-09 17:56:00+00:00
[2024-08-09T19:56:27.659+0200] {processor.py:183} INFO - Processing /home/bvpelt/Develop/airflowtut/py_env/lib/python3.10/site-packages/airflow/example_dags/example_branch_python_dop_operator_3.py took 0.136 seconds
[2024-08-09T19:57:45.688+0200] {processor.py:161} INFO - Started process (PID=20512) to work on /home/bvpelt/Develop/airflowtut/py_env/lib/python3.10/site-packages/airflow/example_dags/example_branch_python_dop_operator_3.py
[2024-08-09T19:57:45.689+0200] {processor.py:830} INFO - Processing file /home/bvpelt/Develop/airflowtut/py_env/lib/python3.10/site-packages/airflow/example_dags/example_branch_python_dop_operator_3.py for tasks to queue
[2024-08-09T19:57:45.690+0200] {logging_mixin.py:188} INFO - [2024-08-09T19:57:45.690+0200] {dagbag.py:545} INFO - Filling up the DagBag from /home/bvpelt/Develop/airflowtut/py_env/lib/python3.10/site-packages/airflow/example_dags/example_branch_python_dop_operator_3.py
[2024-08-09T19:57:45.695+0200] {processor.py:840} INFO - DAG(s) 'example_branch_dop_operator_v3' retrieved from /home/bvpelt/Develop/airflowtut/py_env/lib/python3.10/site-packages/airflow/example_dags/example_branch_python_dop_operator_3.py
[2024-08-09T19:57:45.703+0200] {logging_mixin.py:188} INFO - [2024-08-09T19:57:45.703+0200] {dag.py:3089} INFO - Sync 1 DAGs
[2024-08-09T19:57:45.716+0200] {logging_mixin.py:188} INFO - [2024-08-09T19:57:45.716+0200] {dag.py:3947} INFO - Setting next_dagrun for example_branch_dop_operator_v3 to 2024-08-09 17:56:00+00:00, run_after=2024-08-09 17:57:00+00:00
[2024-08-09T19:57:45.844+0200] {processor.py:183} INFO - Processing /home/bvpelt/Develop/airflowtut/py_env/lib/python3.10/site-packages/airflow/example_dags/example_branch_python_dop_operator_3.py took 0.158 seconds
[2024-08-09T19:59:06.718+0200] {processor.py:161} INFO - Started process (PID=20682) to work on /home/bvpelt/Develop/airflowtut/py_env/lib/python3.10/site-packages/airflow/example_dags/example_branch_python_dop_operator_3.py
[2024-08-09T19:59:06.720+0200] {processor.py:830} INFO - Processing file /home/bvpelt/Develop/airflowtut/py_env/lib/python3.10/site-packages/airflow/example_dags/example_branch_python_dop_operator_3.py for tasks to queue
[2024-08-09T19:59:06.724+0200] {logging_mixin.py:188} INFO - [2024-08-09T19:59:06.723+0200] {dagbag.py:545} INFO - Filling up the DagBag from /home/bvpelt/Develop/airflowtut/py_env/lib/python3.10/site-packages/airflow/example_dags/example_branch_python_dop_operator_3.py
[2024-08-09T19:59:06.739+0200] {processor.py:840} INFO - DAG(s) 'example_branch_dop_operator_v3' retrieved from /home/bvpelt/Develop/airflowtut/py_env/lib/python3.10/site-packages/airflow/example_dags/example_branch_python_dop_operator_3.py
[2024-08-09T19:59:06.753+0200] {logging_mixin.py:188} INFO - [2024-08-09T19:59:06.752+0200] {dag.py:3089} INFO - Sync 1 DAGs
[2024-08-09T19:59:06.769+0200] {logging_mixin.py:188} INFO - [2024-08-09T19:59:06.769+0200] {dag.py:3947} INFO - Setting next_dagrun for example_branch_dop_operator_v3 to 2024-08-09 17:58:00+00:00, run_after=2024-08-09 17:59:00+00:00
[2024-08-09T19:59:06.858+0200] {processor.py:183} INFO - Processing /home/bvpelt/Develop/airflowtut/py_env/lib/python3.10/site-packages/airflow/example_dags/example_branch_python_dop_operator_3.py took 0.156 seconds
[2024-08-09T20:00:01.735+0200] {processor.py:161} INFO - Started process (PID=20738) to work on /home/bvpelt/Develop/airflowtut/py_env/lib/python3.10/site-packages/airflow/example_dags/example_branch_python_dop_operator_3.py
[2024-08-09T20:00:01.737+0200] {processor.py:830} INFO - Processing file /home/bvpelt/Develop/airflowtut/py_env/lib/python3.10/site-packages/airflow/example_dags/example_branch_python_dop_operator_3.py for tasks to queue
[2024-08-09T20:00:01.741+0200] {logging_mixin.py:188} INFO - [2024-08-09T20:00:01.740+0200] {dagbag.py:545} INFO - Filling up the DagBag from /home/bvpelt/Develop/airflowtut/py_env/lib/python3.10/site-packages/airflow/example_dags/example_branch_python_dop_operator_3.py
[2024-08-09T20:00:01.755+0200] {processor.py:840} INFO - DAG(s) 'example_branch_dop_operator_v3' retrieved from /home/bvpelt/Develop/airflowtut/py_env/lib/python3.10/site-packages/airflow/example_dags/example_branch_python_dop_operator_3.py
[2024-08-09T20:00:01.768+0200] {logging_mixin.py:188} INFO - [2024-08-09T20:00:01.768+0200] {dag.py:3089} INFO - Sync 1 DAGs
[2024-08-09T20:00:01.784+0200] {logging_mixin.py:188} INFO - [2024-08-09T20:00:01.783+0200] {dag.py:3947} INFO - Setting next_dagrun for example_branch_dop_operator_v3 to 2024-08-09 17:59:00+00:00, run_after=2024-08-09 18:00:00+00:00
[2024-08-09T20:00:01.885+0200] {processor.py:183} INFO - Processing /home/bvpelt/Develop/airflowtut/py_env/lib/python3.10/site-packages/airflow/example_dags/example_branch_python_dop_operator_3.py took 0.165 seconds
[2024-08-09T20:01:17.556+0200] {processor.py:161} INFO - Started process (PID=20847) to work on /home/bvpelt/Develop/airflowtut/py_env/lib/python3.10/site-packages/airflow/example_dags/example_branch_python_dop_operator_3.py
[2024-08-09T20:01:17.564+0200] {processor.py:830} INFO - Processing file /home/bvpelt/Develop/airflowtut/py_env/lib/python3.10/site-packages/airflow/example_dags/example_branch_python_dop_operator_3.py for tasks to queue
[2024-08-09T20:01:17.567+0200] {logging_mixin.py:188} INFO - [2024-08-09T20:01:17.567+0200] {dagbag.py:545} INFO - Filling up the DagBag from /home/bvpelt/Develop/airflowtut/py_env/lib/python3.10/site-packages/airflow/example_dags/example_branch_python_dop_operator_3.py
[2024-08-09T20:01:17.573+0200] {processor.py:840} INFO - DAG(s) 'example_branch_dop_operator_v3' retrieved from /home/bvpelt/Develop/airflowtut/py_env/lib/python3.10/site-packages/airflow/example_dags/example_branch_python_dop_operator_3.py
[2024-08-09T20:01:17.581+0200] {logging_mixin.py:188} INFO - [2024-08-09T20:01:17.581+0200] {dag.py:3089} INFO - Sync 1 DAGs
[2024-08-09T20:01:17.594+0200] {logging_mixin.py:188} INFO - [2024-08-09T20:01:17.594+0200] {dag.py:3947} INFO - Setting next_dagrun for example_branch_dop_operator_v3 to 2024-08-09 18:00:00+00:00, run_after=2024-08-09 18:01:00+00:00
[2024-08-09T20:01:17.730+0200] {processor.py:183} INFO - Processing /home/bvpelt/Develop/airflowtut/py_env/lib/python3.10/site-packages/airflow/example_dags/example_branch_python_dop_operator_3.py took 0.177 seconds
[2024-08-09T20:02:33.756+0200] {processor.py:161} INFO - Started process (PID=21035) to work on /home/bvpelt/Develop/airflowtut/py_env/lib/python3.10/site-packages/airflow/example_dags/example_branch_python_dop_operator_3.py
[2024-08-09T20:02:33.756+0200] {processor.py:830} INFO - Processing file /home/bvpelt/Develop/airflowtut/py_env/lib/python3.10/site-packages/airflow/example_dags/example_branch_python_dop_operator_3.py for tasks to queue
[2024-08-09T20:02:33.757+0200] {logging_mixin.py:188} INFO - [2024-08-09T20:02:33.757+0200] {dagbag.py:545} INFO - Filling up the DagBag from /home/bvpelt/Develop/airflowtut/py_env/lib/python3.10/site-packages/airflow/example_dags/example_branch_python_dop_operator_3.py
[2024-08-09T20:02:33.762+0200] {processor.py:840} INFO - DAG(s) 'example_branch_dop_operator_v3' retrieved from /home/bvpelt/Develop/airflowtut/py_env/lib/python3.10/site-packages/airflow/example_dags/example_branch_python_dop_operator_3.py
[2024-08-09T20:02:33.770+0200] {logging_mixin.py:188} INFO - [2024-08-09T20:02:33.770+0200] {dag.py:3089} INFO - Sync 1 DAGs
[2024-08-09T20:02:33.783+0200] {logging_mixin.py:188} INFO - [2024-08-09T20:02:33.783+0200] {dag.py:3947} INFO - Setting next_dagrun for example_branch_dop_operator_v3 to 2024-08-09 18:01:00+00:00, run_after=2024-08-09 18:02:00+00:00
[2024-08-09T20:02:33.950+0200] {processor.py:183} INFO - Processing /home/bvpelt/Develop/airflowtut/py_env/lib/python3.10/site-packages/airflow/example_dags/example_branch_python_dop_operator_3.py took 0.197 seconds
[2024-08-09T20:03:30.285+0200] {processor.py:161} INFO - Started process (PID=21100) to work on /home/bvpelt/Develop/airflowtut/py_env/lib/python3.10/site-packages/airflow/example_dags/example_branch_python_dop_operator_3.py
[2024-08-09T20:03:30.286+0200] {processor.py:830} INFO - Processing file /home/bvpelt/Develop/airflowtut/py_env/lib/python3.10/site-packages/airflow/example_dags/example_branch_python_dop_operator_3.py for tasks to queue
[2024-08-09T20:03:30.287+0200] {logging_mixin.py:188} INFO - [2024-08-09T20:03:30.286+0200] {dagbag.py:545} INFO - Filling up the DagBag from /home/bvpelt/Develop/airflowtut/py_env/lib/python3.10/site-packages/airflow/example_dags/example_branch_python_dop_operator_3.py
[2024-08-09T20:03:30.291+0200] {processor.py:840} INFO - DAG(s) 'example_branch_dop_operator_v3' retrieved from /home/bvpelt/Develop/airflowtut/py_env/lib/python3.10/site-packages/airflow/example_dags/example_branch_python_dop_operator_3.py
[2024-08-09T20:03:30.300+0200] {logging_mixin.py:188} INFO - [2024-08-09T20:03:30.300+0200] {dag.py:3089} INFO - Sync 1 DAGs
[2024-08-09T20:03:30.314+0200] {logging_mixin.py:188} INFO - [2024-08-09T20:03:30.314+0200] {dag.py:3947} INFO - Setting next_dagrun for example_branch_dop_operator_v3 to 2024-08-09 18:02:00+00:00, run_after=2024-08-09 18:03:00+00:00
[2024-08-09T20:03:30.431+0200] {processor.py:183} INFO - Processing /home/bvpelt/Develop/airflowtut/py_env/lib/python3.10/site-packages/airflow/example_dags/example_branch_python_dop_operator_3.py took 0.149 seconds
[2024-08-09T20:04:24.579+0200] {processor.py:161} INFO - Started process (PID=21189) to work on /home/bvpelt/Develop/airflowtut/py_env/lib/python3.10/site-packages/airflow/example_dags/example_branch_python_dop_operator_3.py
[2024-08-09T20:04:24.606+0200] {processor.py:830} INFO - Processing file /home/bvpelt/Develop/airflowtut/py_env/lib/python3.10/site-packages/airflow/example_dags/example_branch_python_dop_operator_3.py for tasks to queue
[2024-08-09T20:04:24.608+0200] {logging_mixin.py:188} INFO - [2024-08-09T20:04:24.607+0200] {dagbag.py:545} INFO - Filling up the DagBag from /home/bvpelt/Develop/airflowtut/py_env/lib/python3.10/site-packages/airflow/example_dags/example_branch_python_dop_operator_3.py
[2024-08-09T20:04:24.614+0200] {processor.py:840} INFO - DAG(s) 'example_branch_dop_operator_v3' retrieved from /home/bvpelt/Develop/airflowtut/py_env/lib/python3.10/site-packages/airflow/example_dags/example_branch_python_dop_operator_3.py
[2024-08-09T20:04:24.622+0200] {logging_mixin.py:188} INFO - [2024-08-09T20:04:24.622+0200] {dag.py:3089} INFO - Sync 1 DAGs
[2024-08-09T20:04:24.635+0200] {logging_mixin.py:188} INFO - [2024-08-09T20:04:24.635+0200] {dag.py:3947} INFO - Setting next_dagrun for example_branch_dop_operator_v3 to 2024-08-09 18:03:00+00:00, run_after=2024-08-09 18:04:00+00:00
[2024-08-09T20:04:24.737+0200] {processor.py:183} INFO - Processing /home/bvpelt/Develop/airflowtut/py_env/lib/python3.10/site-packages/airflow/example_dags/example_branch_python_dop_operator_3.py took 0.160 seconds
[2024-08-09T20:05:44.408+0200] {processor.py:161} INFO - Started process (PID=21375) to work on /home/bvpelt/Develop/airflowtut/py_env/lib/python3.10/site-packages/airflow/example_dags/example_branch_python_dop_operator_3.py
[2024-08-09T20:05:44.408+0200] {processor.py:830} INFO - Processing file /home/bvpelt/Develop/airflowtut/py_env/lib/python3.10/site-packages/airflow/example_dags/example_branch_python_dop_operator_3.py for tasks to queue
[2024-08-09T20:05:44.409+0200] {logging_mixin.py:188} INFO - [2024-08-09T20:05:44.409+0200] {dagbag.py:545} INFO - Filling up the DagBag from /home/bvpelt/Develop/airflowtut/py_env/lib/python3.10/site-packages/airflow/example_dags/example_branch_python_dop_operator_3.py
[2024-08-09T20:05:44.414+0200] {processor.py:840} INFO - DAG(s) 'example_branch_dop_operator_v3' retrieved from /home/bvpelt/Develop/airflowtut/py_env/lib/python3.10/site-packages/airflow/example_dags/example_branch_python_dop_operator_3.py
[2024-08-09T20:05:44.423+0200] {logging_mixin.py:188} INFO - [2024-08-09T20:05:44.423+0200] {dag.py:3089} INFO - Sync 1 DAGs
[2024-08-09T20:05:44.437+0200] {logging_mixin.py:188} INFO - [2024-08-09T20:05:44.437+0200] {dag.py:3947} INFO - Setting next_dagrun for example_branch_dop_operator_v3 to 2024-08-09 18:04:00+00:00, run_after=2024-08-09 18:05:00+00:00
[2024-08-09T20:05:44.526+0200] {processor.py:183} INFO - Processing /home/bvpelt/Develop/airflowtut/py_env/lib/python3.10/site-packages/airflow/example_dags/example_branch_python_dop_operator_3.py took 0.121 seconds
[2024-08-09T20:06:41.334+0200] {processor.py:161} INFO - Started process (PID=21466) to work on /home/bvpelt/Develop/airflowtut/py_env/lib/python3.10/site-packages/airflow/example_dags/example_branch_python_dop_operator_3.py
[2024-08-09T20:06:41.345+0200] {processor.py:830} INFO - Processing file /home/bvpelt/Develop/airflowtut/py_env/lib/python3.10/site-packages/airflow/example_dags/example_branch_python_dop_operator_3.py for tasks to queue
[2024-08-09T20:06:41.346+0200] {logging_mixin.py:188} INFO - [2024-08-09T20:06:41.346+0200] {dagbag.py:545} INFO - Filling up the DagBag from /home/bvpelt/Develop/airflowtut/py_env/lib/python3.10/site-packages/airflow/example_dags/example_branch_python_dop_operator_3.py
[2024-08-09T20:06:41.352+0200] {processor.py:840} INFO - DAG(s) 'example_branch_dop_operator_v3' retrieved from /home/bvpelt/Develop/airflowtut/py_env/lib/python3.10/site-packages/airflow/example_dags/example_branch_python_dop_operator_3.py
[2024-08-09T20:06:41.359+0200] {logging_mixin.py:188} INFO - [2024-08-09T20:06:41.359+0200] {dag.py:3089} INFO - Sync 1 DAGs
[2024-08-09T20:06:41.372+0200] {logging_mixin.py:188} INFO - [2024-08-09T20:06:41.372+0200] {dag.py:3947} INFO - Setting next_dagrun for example_branch_dop_operator_v3 to 2024-08-09 18:05:00+00:00, run_after=2024-08-09 18:06:00+00:00
[2024-08-09T20:06:41.462+0200] {processor.py:183} INFO - Processing /home/bvpelt/Develop/airflowtut/py_env/lib/python3.10/site-packages/airflow/example_dags/example_branch_python_dop_operator_3.py took 0.130 seconds
[2024-08-09T20:07:58.687+0200] {processor.py:161} INFO - Started process (PID=21648) to work on /home/bvpelt/Develop/airflowtut/py_env/lib/python3.10/site-packages/airflow/example_dags/example_branch_python_dop_operator_3.py
[2024-08-09T20:07:58.688+0200] {processor.py:830} INFO - Processing file /home/bvpelt/Develop/airflowtut/py_env/lib/python3.10/site-packages/airflow/example_dags/example_branch_python_dop_operator_3.py for tasks to queue
[2024-08-09T20:07:58.688+0200] {logging_mixin.py:188} INFO - [2024-08-09T20:07:58.688+0200] {dagbag.py:545} INFO - Filling up the DagBag from /home/bvpelt/Develop/airflowtut/py_env/lib/python3.10/site-packages/airflow/example_dags/example_branch_python_dop_operator_3.py
[2024-08-09T20:07:58.694+0200] {processor.py:840} INFO - DAG(s) 'example_branch_dop_operator_v3' retrieved from /home/bvpelt/Develop/airflowtut/py_env/lib/python3.10/site-packages/airflow/example_dags/example_branch_python_dop_operator_3.py
[2024-08-09T20:07:58.701+0200] {logging_mixin.py:188} INFO - [2024-08-09T20:07:58.701+0200] {dag.py:3089} INFO - Sync 1 DAGs
[2024-08-09T20:07:58.715+0200] {logging_mixin.py:188} INFO - [2024-08-09T20:07:58.714+0200] {dag.py:3947} INFO - Setting next_dagrun for example_branch_dop_operator_v3 to 2024-08-09 18:06:00+00:00, run_after=2024-08-09 18:07:00+00:00
[2024-08-09T20:07:58.833+0200] {processor.py:183} INFO - Processing /home/bvpelt/Develop/airflowtut/py_env/lib/python3.10/site-packages/airflow/example_dags/example_branch_python_dop_operator_3.py took 0.149 seconds
[2024-08-09T20:09:17.602+0200] {processor.py:161} INFO - Started process (PID=21737) to work on /home/bvpelt/Develop/airflowtut/py_env/lib/python3.10/site-packages/airflow/example_dags/example_branch_python_dop_operator_3.py
[2024-08-09T20:09:17.602+0200] {processor.py:830} INFO - Processing file /home/bvpelt/Develop/airflowtut/py_env/lib/python3.10/site-packages/airflow/example_dags/example_branch_python_dop_operator_3.py for tasks to queue
[2024-08-09T20:09:17.603+0200] {logging_mixin.py:188} INFO - [2024-08-09T20:09:17.603+0200] {dagbag.py:545} INFO - Filling up the DagBag from /home/bvpelt/Develop/airflowtut/py_env/lib/python3.10/site-packages/airflow/example_dags/example_branch_python_dop_operator_3.py
[2024-08-09T20:09:17.608+0200] {processor.py:840} INFO - DAG(s) 'example_branch_dop_operator_v3' retrieved from /home/bvpelt/Develop/airflowtut/py_env/lib/python3.10/site-packages/airflow/example_dags/example_branch_python_dop_operator_3.py
[2024-08-09T20:09:17.616+0200] {logging_mixin.py:188} INFO - [2024-08-09T20:09:17.616+0200] {dag.py:3089} INFO - Sync 1 DAGs
[2024-08-09T20:09:17.629+0200] {logging_mixin.py:188} INFO - [2024-08-09T20:09:17.629+0200] {dag.py:3947} INFO - Setting next_dagrun for example_branch_dop_operator_v3 to 2024-08-09 18:08:00+00:00, run_after=2024-08-09 18:09:00+00:00
[2024-08-09T20:09:17.745+0200] {processor.py:183} INFO - Processing /home/bvpelt/Develop/airflowtut/py_env/lib/python3.10/site-packages/airflow/example_dags/example_branch_python_dop_operator_3.py took 0.146 seconds
[2024-08-09T20:10:31.394+0200] {processor.py:161} INFO - Started process (PID=21833) to work on /home/bvpelt/Develop/airflowtut/py_env/lib/python3.10/site-packages/airflow/example_dags/example_branch_python_dop_operator_3.py
[2024-08-09T20:10:31.411+0200] {processor.py:830} INFO - Processing file /home/bvpelt/Develop/airflowtut/py_env/lib/python3.10/site-packages/airflow/example_dags/example_branch_python_dop_operator_3.py for tasks to queue
[2024-08-09T20:10:31.412+0200] {logging_mixin.py:188} INFO - [2024-08-09T20:10:31.412+0200] {dagbag.py:545} INFO - Filling up the DagBag from /home/bvpelt/Develop/airflowtut/py_env/lib/python3.10/site-packages/airflow/example_dags/example_branch_python_dop_operator_3.py
[2024-08-09T20:10:31.418+0200] {processor.py:840} INFO - DAG(s) 'example_branch_dop_operator_v3' retrieved from /home/bvpelt/Develop/airflowtut/py_env/lib/python3.10/site-packages/airflow/example_dags/example_branch_python_dop_operator_3.py
[2024-08-09T20:10:31.430+0200] {logging_mixin.py:188} INFO - [2024-08-09T20:10:31.430+0200] {dag.py:3089} INFO - Sync 1 DAGs
[2024-08-09T20:10:31.448+0200] {logging_mixin.py:188} INFO - [2024-08-09T20:10:31.447+0200] {dag.py:3947} INFO - Setting next_dagrun for example_branch_dop_operator_v3 to 2024-08-09 18:09:00+00:00, run_after=2024-08-09 18:10:00+00:00
[2024-08-09T20:10:31.524+0200] {processor.py:183} INFO - Processing /home/bvpelt/Develop/airflowtut/py_env/lib/python3.10/site-packages/airflow/example_dags/example_branch_python_dop_operator_3.py took 0.133 seconds
[2024-08-09T20:11:45.899+0200] {processor.py:161} INFO - Started process (PID=21915) to work on /home/bvpelt/Develop/airflowtut/py_env/lib/python3.10/site-packages/airflow/example_dags/example_branch_python_dop_operator_3.py
[2024-08-09T20:11:45.905+0200] {processor.py:830} INFO - Processing file /home/bvpelt/Develop/airflowtut/py_env/lib/python3.10/site-packages/airflow/example_dags/example_branch_python_dop_operator_3.py for tasks to queue
[2024-08-09T20:11:45.906+0200] {logging_mixin.py:188} INFO - [2024-08-09T20:11:45.906+0200] {dagbag.py:545} INFO - Filling up the DagBag from /home/bvpelt/Develop/airflowtut/py_env/lib/python3.10/site-packages/airflow/example_dags/example_branch_python_dop_operator_3.py
[2024-08-09T20:11:45.911+0200] {processor.py:840} INFO - DAG(s) 'example_branch_dop_operator_v3' retrieved from /home/bvpelt/Develop/airflowtut/py_env/lib/python3.10/site-packages/airflow/example_dags/example_branch_python_dop_operator_3.py
[2024-08-09T20:11:45.920+0200] {logging_mixin.py:188} INFO - [2024-08-09T20:11:45.920+0200] {dag.py:3089} INFO - Sync 1 DAGs
[2024-08-09T20:11:45.934+0200] {logging_mixin.py:188} INFO - [2024-08-09T20:11:45.934+0200] {dag.py:3947} INFO - Setting next_dagrun for example_branch_dop_operator_v3 to 2024-08-09 18:10:00+00:00, run_after=2024-08-09 18:11:00+00:00
[2024-08-09T20:11:46.008+0200] {processor.py:183} INFO - Processing /home/bvpelt/Develop/airflowtut/py_env/lib/python3.10/site-packages/airflow/example_dags/example_branch_python_dop_operator_3.py took 0.112 seconds
[2024-08-09T20:13:01.221+0200] {processor.py:161} INFO - Started process (PID=22083) to work on /home/bvpelt/Develop/airflowtut/py_env/lib/python3.10/site-packages/airflow/example_dags/example_branch_python_dop_operator_3.py
[2024-08-09T20:13:01.277+0200] {processor.py:830} INFO - Processing file /home/bvpelt/Develop/airflowtut/py_env/lib/python3.10/site-packages/airflow/example_dags/example_branch_python_dop_operator_3.py for tasks to queue
[2024-08-09T20:13:01.280+0200] {logging_mixin.py:188} INFO - [2024-08-09T20:13:01.279+0200] {dagbag.py:545} INFO - Filling up the DagBag from /home/bvpelt/Develop/airflowtut/py_env/lib/python3.10/site-packages/airflow/example_dags/example_branch_python_dop_operator_3.py
[2024-08-09T20:13:01.304+0200] {processor.py:840} INFO - DAG(s) 'example_branch_dop_operator_v3' retrieved from /home/bvpelt/Develop/airflowtut/py_env/lib/python3.10/site-packages/airflow/example_dags/example_branch_python_dop_operator_3.py
[2024-08-09T20:13:01.325+0200] {logging_mixin.py:188} INFO - [2024-08-09T20:13:01.325+0200] {dag.py:3089} INFO - Sync 1 DAGs
[2024-08-09T20:13:01.343+0200] {logging_mixin.py:188} INFO - [2024-08-09T20:13:01.343+0200] {dag.py:3947} INFO - Setting next_dagrun for example_branch_dop_operator_v3 to 2024-08-09 18:12:00+00:00, run_after=2024-08-09 18:13:00+00:00
[2024-08-09T20:13:01.422+0200] {processor.py:183} INFO - Processing /home/bvpelt/Develop/airflowtut/py_env/lib/python3.10/site-packages/airflow/example_dags/example_branch_python_dop_operator_3.py took 0.204 seconds
[2024-08-09T20:13:57.186+0200] {processor.py:161} INFO - Started process (PID=22151) to work on /home/bvpelt/Develop/airflowtut/py_env/lib/python3.10/site-packages/airflow/example_dags/example_branch_python_dop_operator_3.py
[2024-08-09T20:13:57.186+0200] {processor.py:830} INFO - Processing file /home/bvpelt/Develop/airflowtut/py_env/lib/python3.10/site-packages/airflow/example_dags/example_branch_python_dop_operator_3.py for tasks to queue
[2024-08-09T20:13:57.187+0200] {logging_mixin.py:188} INFO - [2024-08-09T20:13:57.187+0200] {dagbag.py:545} INFO - Filling up the DagBag from /home/bvpelt/Develop/airflowtut/py_env/lib/python3.10/site-packages/airflow/example_dags/example_branch_python_dop_operator_3.py
[2024-08-09T20:13:57.192+0200] {processor.py:840} INFO - DAG(s) 'example_branch_dop_operator_v3' retrieved from /home/bvpelt/Develop/airflowtut/py_env/lib/python3.10/site-packages/airflow/example_dags/example_branch_python_dop_operator_3.py
[2024-08-09T20:13:57.200+0200] {logging_mixin.py:188} INFO - [2024-08-09T20:13:57.200+0200] {dag.py:3089} INFO - Sync 1 DAGs
[2024-08-09T20:13:57.214+0200] {logging_mixin.py:188} INFO - [2024-08-09T20:13:57.214+0200] {dag.py:3947} INFO - Setting next_dagrun for example_branch_dop_operator_v3 to 2024-08-09 18:12:00+00:00, run_after=2024-08-09 18:13:00+00:00
[2024-08-09T20:13:57.348+0200] {processor.py:183} INFO - Processing /home/bvpelt/Develop/airflowtut/py_env/lib/python3.10/site-packages/airflow/example_dags/example_branch_python_dop_operator_3.py took 0.166 seconds
[2024-08-09T20:15:08.982+0200] {processor.py:161} INFO - Started process (PID=22264) to work on /home/bvpelt/Develop/airflowtut/py_env/lib/python3.10/site-packages/airflow/example_dags/example_branch_python_dop_operator_3.py
[2024-08-09T20:15:08.986+0200] {processor.py:830} INFO - Processing file /home/bvpelt/Develop/airflowtut/py_env/lib/python3.10/site-packages/airflow/example_dags/example_branch_python_dop_operator_3.py for tasks to queue
[2024-08-09T20:15:08.987+0200] {logging_mixin.py:188} INFO - [2024-08-09T20:15:08.987+0200] {dagbag.py:545} INFO - Filling up the DagBag from /home/bvpelt/Develop/airflowtut/py_env/lib/python3.10/site-packages/airflow/example_dags/example_branch_python_dop_operator_3.py
[2024-08-09T20:15:08.992+0200] {processor.py:840} INFO - DAG(s) 'example_branch_dop_operator_v3' retrieved from /home/bvpelt/Develop/airflowtut/py_env/lib/python3.10/site-packages/airflow/example_dags/example_branch_python_dop_operator_3.py
[2024-08-09T20:15:09.002+0200] {logging_mixin.py:188} INFO - [2024-08-09T20:15:09.002+0200] {dag.py:3089} INFO - Sync 1 DAGs
[2024-08-09T20:15:09.017+0200] {logging_mixin.py:188} INFO - [2024-08-09T20:15:09.017+0200] {dag.py:3947} INFO - Setting next_dagrun for example_branch_dop_operator_v3 to 2024-08-09 18:14:00+00:00, run_after=2024-08-09 18:15:00+00:00
[2024-08-09T20:15:09.120+0200] {processor.py:183} INFO - Processing /home/bvpelt/Develop/airflowtut/py_env/lib/python3.10/site-packages/airflow/example_dags/example_branch_python_dop_operator_3.py took 0.141 seconds
[2024-08-09T20:16:01.085+0200] {processor.py:161} INFO - Started process (PID=22325) to work on /home/bvpelt/Develop/airflowtut/py_env/lib/python3.10/site-packages/airflow/example_dags/example_branch_python_dop_operator_3.py
[2024-08-09T20:16:01.176+0200] {processor.py:830} INFO - Processing file /home/bvpelt/Develop/airflowtut/py_env/lib/python3.10/site-packages/airflow/example_dags/example_branch_python_dop_operator_3.py for tasks to queue
[2024-08-09T20:16:01.180+0200] {logging_mixin.py:188} INFO - [2024-08-09T20:16:01.179+0200] {dagbag.py:545} INFO - Filling up the DagBag from /home/bvpelt/Develop/airflowtut/py_env/lib/python3.10/site-packages/airflow/example_dags/example_branch_python_dop_operator_3.py
[2024-08-09T20:16:01.204+0200] {processor.py:840} INFO - DAG(s) 'example_branch_dop_operator_v3' retrieved from /home/bvpelt/Develop/airflowtut/py_env/lib/python3.10/site-packages/airflow/example_dags/example_branch_python_dop_operator_3.py
[2024-08-09T20:16:01.224+0200] {logging_mixin.py:188} INFO - [2024-08-09T20:16:01.224+0200] {dag.py:3089} INFO - Sync 1 DAGs
[2024-08-09T20:16:01.242+0200] {logging_mixin.py:188} INFO - [2024-08-09T20:16:01.242+0200] {dag.py:3947} INFO - Setting next_dagrun for example_branch_dop_operator_v3 to 2024-08-09 18:15:00+00:00, run_after=2024-08-09 18:16:00+00:00
[2024-08-09T20:16:01.326+0200] {processor.py:183} INFO - Processing /home/bvpelt/Develop/airflowtut/py_env/lib/python3.10/site-packages/airflow/example_dags/example_branch_python_dop_operator_3.py took 0.244 seconds
