[2024-08-09T19:43:02.080+0200] {processor.py:161} INFO - Started process (PID=17683) to work on /home/bvpelt/Develop/airflowtut/py_env/lib/python3.10/site-packages/airflow/example_dags/example_branch_labels.py
[2024-08-09T19:43:02.081+0200] {processor.py:830} INFO - Processing file /home/bvpelt/Develop/airflowtut/py_env/lib/python3.10/site-packages/airflow/example_dags/example_branch_labels.py for tasks to queue
[2024-08-09T19:43:02.082+0200] {logging_mixin.py:188} INFO - [2024-08-09T19:43:02.082+0200] {dagbag.py:545} INFO - Filling up the DagBag from /home/bvpelt/Develop/airflowtut/py_env/lib/python3.10/site-packages/airflow/example_dags/example_branch_labels.py
[2024-08-09T19:43:02.090+0200] {processor.py:840} INFO - DAG(s) 'example_branch_labels' retrieved from /home/bvpelt/Develop/airflowtut/py_env/lib/python3.10/site-packages/airflow/example_dags/example_branch_labels.py
[2024-08-09T19:43:02.332+0200] {logging_mixin.py:188} INFO - [2024-08-09T19:43:02.331+0200] {override.py:1858} INFO - Created Permission View: can edit on DAG:example_branch_labels
[2024-08-09T19:43:02.431+0200] {logging_mixin.py:188} INFO - [2024-08-09T19:43:02.431+0200] {override.py:1858} INFO - Created Permission View: can read on DAG:example_branch_labels
[2024-08-09T19:43:02.502+0200] {logging_mixin.py:188} INFO - [2024-08-09T19:43:02.500+0200] {override.py:1858} INFO - Created Permission View: can delete on DAG:example_branch_labels
[2024-08-09T19:43:02.503+0200] {logging_mixin.py:188} INFO - [2024-08-09T19:43:02.503+0200] {dag.py:3089} INFO - Sync 1 DAGs
[2024-08-09T19:43:02.532+0200] {logging_mixin.py:188} INFO - [2024-08-09T19:43:02.531+0200] {dag.py:3111} INFO - Creating ORM DAG for example_branch_labels
[2024-08-09T19:43:02.544+0200] {logging_mixin.py:188} INFO - [2024-08-09T19:43:02.544+0200] {dag.py:3947} INFO - Setting next_dagrun for example_branch_labels to 2024-08-08 00:00:00+00:00, run_after=2024-08-09 00:00:00+00:00
[2024-08-09T19:43:02.663+0200] {processor.py:183} INFO - Processing /home/bvpelt/Develop/airflowtut/py_env/lib/python3.10/site-packages/airflow/example_dags/example_branch_labels.py took 0.589 seconds
[2024-08-09T19:44:12.054+0200] {processor.py:161} INFO - Started process (PID=17967) to work on /home/bvpelt/Develop/airflowtut/py_env/lib/python3.10/site-packages/airflow/example_dags/example_branch_labels.py
[2024-08-09T19:44:12.056+0200] {processor.py:830} INFO - Processing file /home/bvpelt/Develop/airflowtut/py_env/lib/python3.10/site-packages/airflow/example_dags/example_branch_labels.py for tasks to queue
[2024-08-09T19:44:12.060+0200] {logging_mixin.py:188} INFO - [2024-08-09T19:44:12.059+0200] {dagbag.py:545} INFO - Filling up the DagBag from /home/bvpelt/Develop/airflowtut/py_env/lib/python3.10/site-packages/airflow/example_dags/example_branch_labels.py
[2024-08-09T19:44:12.074+0200] {processor.py:840} INFO - DAG(s) 'example_branch_labels' retrieved from /home/bvpelt/Develop/airflowtut/py_env/lib/python3.10/site-packages/airflow/example_dags/example_branch_labels.py
[2024-08-09T19:44:12.089+0200] {logging_mixin.py:188} INFO - [2024-08-09T19:44:12.089+0200] {dag.py:3089} INFO - Sync 1 DAGs
[2024-08-09T19:44:12.103+0200] {logging_mixin.py:188} INFO - [2024-08-09T19:44:12.103+0200] {dag.py:3947} INFO - Setting next_dagrun for example_branch_labels to 2024-08-08 00:00:00+00:00, run_after=2024-08-09 00:00:00+00:00
[2024-08-09T19:44:12.207+0200] {processor.py:183} INFO - Processing /home/bvpelt/Develop/airflowtut/py_env/lib/python3.10/site-packages/airflow/example_dags/example_branch_labels.py took 0.167 seconds
[2024-08-09T19:45:15.229+0200] {processor.py:161} INFO - Started process (PID=18268) to work on /home/bvpelt/Develop/airflowtut/py_env/lib/python3.10/site-packages/airflow/example_dags/example_branch_labels.py
[2024-08-09T19:45:15.230+0200] {processor.py:830} INFO - Processing file /home/bvpelt/Develop/airflowtut/py_env/lib/python3.10/site-packages/airflow/example_dags/example_branch_labels.py for tasks to queue
[2024-08-09T19:45:15.231+0200] {logging_mixin.py:188} INFO - [2024-08-09T19:45:15.231+0200] {dagbag.py:545} INFO - Filling up the DagBag from /home/bvpelt/Develop/airflowtut/py_env/lib/python3.10/site-packages/airflow/example_dags/example_branch_labels.py
[2024-08-09T19:45:15.239+0200] {processor.py:840} INFO - DAG(s) 'example_branch_labels' retrieved from /home/bvpelt/Develop/airflowtut/py_env/lib/python3.10/site-packages/airflow/example_dags/example_branch_labels.py
[2024-08-09T19:45:15.254+0200] {logging_mixin.py:188} INFO - [2024-08-09T19:45:15.254+0200] {dag.py:3089} INFO - Sync 1 DAGs
[2024-08-09T19:45:15.328+0200] {logging_mixin.py:188} INFO - [2024-08-09T19:45:15.328+0200] {dag.py:3947} INFO - Setting next_dagrun for example_branch_labels to 2024-08-08 00:00:00+00:00, run_after=2024-08-09 00:00:00+00:00
[2024-08-09T19:45:15.404+0200] {processor.py:183} INFO - Processing /home/bvpelt/Develop/airflowtut/py_env/lib/python3.10/site-packages/airflow/example_dags/example_branch_labels.py took 0.181 seconds
[2024-08-09T19:46:38.996+0200] {processor.py:161} INFO - Started process (PID=18638) to work on /home/bvpelt/Develop/airflowtut/py_env/lib/python3.10/site-packages/airflow/example_dags/example_branch_labels.py
[2024-08-09T19:46:38.996+0200] {processor.py:830} INFO - Processing file /home/bvpelt/Develop/airflowtut/py_env/lib/python3.10/site-packages/airflow/example_dags/example_branch_labels.py for tasks to queue
[2024-08-09T19:46:38.997+0200] {logging_mixin.py:188} INFO - [2024-08-09T19:46:38.997+0200] {dagbag.py:545} INFO - Filling up the DagBag from /home/bvpelt/Develop/airflowtut/py_env/lib/python3.10/site-packages/airflow/example_dags/example_branch_labels.py
[2024-08-09T19:46:39.002+0200] {processor.py:840} INFO - DAG(s) 'example_branch_labels' retrieved from /home/bvpelt/Develop/airflowtut/py_env/lib/python3.10/site-packages/airflow/example_dags/example_branch_labels.py
[2024-08-09T19:46:39.012+0200] {logging_mixin.py:188} INFO - [2024-08-09T19:46:39.011+0200] {dag.py:3089} INFO - Sync 1 DAGs
[2024-08-09T19:46:39.024+0200] {logging_mixin.py:188} INFO - [2024-08-09T19:46:39.024+0200] {dag.py:3947} INFO - Setting next_dagrun for example_branch_labels to 2024-08-08 00:00:00+00:00, run_after=2024-08-09 00:00:00+00:00
[2024-08-09T19:46:39.134+0200] {processor.py:183} INFO - Processing /home/bvpelt/Develop/airflowtut/py_env/lib/python3.10/site-packages/airflow/example_dags/example_branch_labels.py took 0.141 seconds
[2024-08-09T19:47:33.829+0200] {processor.py:161} INFO - Started process (PID=18966) to work on /home/bvpelt/Develop/airflowtut/py_env/lib/python3.10/site-packages/airflow/example_dags/example_branch_labels.py
[2024-08-09T19:47:33.831+0200] {processor.py:830} INFO - Processing file /home/bvpelt/Develop/airflowtut/py_env/lib/python3.10/site-packages/airflow/example_dags/example_branch_labels.py for tasks to queue
[2024-08-09T19:47:33.835+0200] {logging_mixin.py:188} INFO - [2024-08-09T19:47:33.834+0200] {dagbag.py:545} INFO - Filling up the DagBag from /home/bvpelt/Develop/airflowtut/py_env/lib/python3.10/site-packages/airflow/example_dags/example_branch_labels.py
[2024-08-09T19:47:33.847+0200] {processor.py:840} INFO - DAG(s) 'example_branch_labels' retrieved from /home/bvpelt/Develop/airflowtut/py_env/lib/python3.10/site-packages/airflow/example_dags/example_branch_labels.py
[2024-08-09T19:47:33.861+0200] {logging_mixin.py:188} INFO - [2024-08-09T19:47:33.861+0200] {dag.py:3089} INFO - Sync 1 DAGs
[2024-08-09T19:47:33.875+0200] {logging_mixin.py:188} INFO - [2024-08-09T19:47:33.875+0200] {dag.py:3947} INFO - Setting next_dagrun for example_branch_labels to 2024-08-08 00:00:00+00:00, run_after=2024-08-09 00:00:00+00:00
[2024-08-09T19:47:33.953+0200] {processor.py:183} INFO - Processing /home/bvpelt/Develop/airflowtut/py_env/lib/python3.10/site-packages/airflow/example_dags/example_branch_labels.py took 0.140 seconds
[2024-08-09T19:48:25.897+0200] {processor.py:161} INFO - Started process (PID=19103) to work on /home/bvpelt/Develop/airflowtut/py_env/lib/python3.10/site-packages/airflow/example_dags/example_branch_labels.py
[2024-08-09T19:48:25.897+0200] {processor.py:830} INFO - Processing file /home/bvpelt/Develop/airflowtut/py_env/lib/python3.10/site-packages/airflow/example_dags/example_branch_labels.py for tasks to queue
[2024-08-09T19:48:25.898+0200] {logging_mixin.py:188} INFO - [2024-08-09T19:48:25.898+0200] {dagbag.py:545} INFO - Filling up the DagBag from /home/bvpelt/Develop/airflowtut/py_env/lib/python3.10/site-packages/airflow/example_dags/example_branch_labels.py
[2024-08-09T19:48:25.902+0200] {processor.py:840} INFO - DAG(s) 'example_branch_labels' retrieved from /home/bvpelt/Develop/airflowtut/py_env/lib/python3.10/site-packages/airflow/example_dags/example_branch_labels.py
[2024-08-09T19:48:25.912+0200] {logging_mixin.py:188} INFO - [2024-08-09T19:48:25.911+0200] {dag.py:3089} INFO - Sync 1 DAGs
[2024-08-09T19:48:25.924+0200] {logging_mixin.py:188} INFO - [2024-08-09T19:48:25.924+0200] {dag.py:3947} INFO - Setting next_dagrun for example_branch_labels to 2024-08-08 00:00:00+00:00, run_after=2024-08-09 00:00:00+00:00
[2024-08-09T19:48:26.004+0200] {processor.py:183} INFO - Processing /home/bvpelt/Develop/airflowtut/py_env/lib/python3.10/site-packages/airflow/example_dags/example_branch_labels.py took 0.110 seconds
[2024-08-09T19:49:16.162+0200] {processor.py:161} INFO - Started process (PID=19183) to work on /home/bvpelt/Develop/airflowtut/py_env/lib/python3.10/site-packages/airflow/example_dags/example_branch_labels.py
[2024-08-09T19:49:16.164+0200] {processor.py:830} INFO - Processing file /home/bvpelt/Develop/airflowtut/py_env/lib/python3.10/site-packages/airflow/example_dags/example_branch_labels.py for tasks to queue
[2024-08-09T19:49:16.167+0200] {logging_mixin.py:188} INFO - [2024-08-09T19:49:16.166+0200] {dagbag.py:545} INFO - Filling up the DagBag from /home/bvpelt/Develop/airflowtut/py_env/lib/python3.10/site-packages/airflow/example_dags/example_branch_labels.py
[2024-08-09T19:49:16.178+0200] {processor.py:840} INFO - DAG(s) 'example_branch_labels' retrieved from /home/bvpelt/Develop/airflowtut/py_env/lib/python3.10/site-packages/airflow/example_dags/example_branch_labels.py
[2024-08-09T19:49:16.193+0200] {logging_mixin.py:188} INFO - [2024-08-09T19:49:16.193+0200] {dag.py:3089} INFO - Sync 1 DAGs
[2024-08-09T19:49:16.206+0200] {logging_mixin.py:188} INFO - [2024-08-09T19:49:16.206+0200] {dag.py:3947} INFO - Setting next_dagrun for example_branch_labels to 2024-08-08 00:00:00+00:00, run_after=2024-08-09 00:00:00+00:00
[2024-08-09T19:49:16.309+0200] {processor.py:183} INFO - Processing /home/bvpelt/Develop/airflowtut/py_env/lib/python3.10/site-packages/airflow/example_dags/example_branch_labels.py took 0.163 seconds
[2024-08-09T19:50:08.891+0200] {processor.py:161} INFO - Started process (PID=19342) to work on /home/bvpelt/Develop/airflowtut/py_env/lib/python3.10/site-packages/airflow/example_dags/example_branch_labels.py
[2024-08-09T19:50:08.892+0200] {processor.py:830} INFO - Processing file /home/bvpelt/Develop/airflowtut/py_env/lib/python3.10/site-packages/airflow/example_dags/example_branch_labels.py for tasks to queue
[2024-08-09T19:50:08.892+0200] {logging_mixin.py:188} INFO - [2024-08-09T19:50:08.892+0200] {dagbag.py:545} INFO - Filling up the DagBag from /home/bvpelt/Develop/airflowtut/py_env/lib/python3.10/site-packages/airflow/example_dags/example_branch_labels.py
[2024-08-09T19:50:08.897+0200] {processor.py:840} INFO - DAG(s) 'example_branch_labels' retrieved from /home/bvpelt/Develop/airflowtut/py_env/lib/python3.10/site-packages/airflow/example_dags/example_branch_labels.py
[2024-08-09T19:50:08.906+0200] {logging_mixin.py:188} INFO - [2024-08-09T19:50:08.906+0200] {dag.py:3089} INFO - Sync 1 DAGs
[2024-08-09T19:50:08.917+0200] {logging_mixin.py:188} INFO - [2024-08-09T19:50:08.917+0200] {dag.py:3947} INFO - Setting next_dagrun for example_branch_labels to 2024-08-08 00:00:00+00:00, run_after=2024-08-09 00:00:00+00:00
[2024-08-09T19:50:09.006+0200] {processor.py:183} INFO - Processing /home/bvpelt/Develop/airflowtut/py_env/lib/python3.10/site-packages/airflow/example_dags/example_branch_labels.py took 0.117 seconds
[2024-08-09T19:51:01.351+0200] {processor.py:161} INFO - Started process (PID=19414) to work on /home/bvpelt/Develop/airflowtut/py_env/lib/python3.10/site-packages/airflow/example_dags/example_branch_labels.py
[2024-08-09T19:51:01.352+0200] {processor.py:830} INFO - Processing file /home/bvpelt/Develop/airflowtut/py_env/lib/python3.10/site-packages/airflow/example_dags/example_branch_labels.py for tasks to queue
[2024-08-09T19:51:01.353+0200] {logging_mixin.py:188} INFO - [2024-08-09T19:51:01.352+0200] {dagbag.py:545} INFO - Filling up the DagBag from /home/bvpelt/Develop/airflowtut/py_env/lib/python3.10/site-packages/airflow/example_dags/example_branch_labels.py
[2024-08-09T19:51:01.357+0200] {processor.py:840} INFO - DAG(s) 'example_branch_labels' retrieved from /home/bvpelt/Develop/airflowtut/py_env/lib/python3.10/site-packages/airflow/example_dags/example_branch_labels.py
[2024-08-09T19:51:01.365+0200] {logging_mixin.py:188} INFO - [2024-08-09T19:51:01.365+0200] {dag.py:3089} INFO - Sync 1 DAGs
[2024-08-09T19:51:01.376+0200] {logging_mixin.py:188} INFO - [2024-08-09T19:51:01.376+0200] {dag.py:3947} INFO - Setting next_dagrun for example_branch_labels to 2024-08-08 00:00:00+00:00, run_after=2024-08-09 00:00:00+00:00
[2024-08-09T19:51:01.448+0200] {processor.py:183} INFO - Processing /home/bvpelt/Develop/airflowtut/py_env/lib/python3.10/site-packages/airflow/example_dags/example_branch_labels.py took 0.100 seconds
[2024-08-09T19:51:51.492+0200] {processor.py:161} INFO - Started process (PID=19605) to work on /home/bvpelt/Develop/airflowtut/py_env/lib/python3.10/site-packages/airflow/example_dags/example_branch_labels.py
[2024-08-09T19:51:51.492+0200] {processor.py:830} INFO - Processing file /home/bvpelt/Develop/airflowtut/py_env/lib/python3.10/site-packages/airflow/example_dags/example_branch_labels.py for tasks to queue
[2024-08-09T19:51:51.493+0200] {logging_mixin.py:188} INFO - [2024-08-09T19:51:51.493+0200] {dagbag.py:545} INFO - Filling up the DagBag from /home/bvpelt/Develop/airflowtut/py_env/lib/python3.10/site-packages/airflow/example_dags/example_branch_labels.py
[2024-08-09T19:51:51.497+0200] {processor.py:840} INFO - DAG(s) 'example_branch_labels' retrieved from /home/bvpelt/Develop/airflowtut/py_env/lib/python3.10/site-packages/airflow/example_dags/example_branch_labels.py
[2024-08-09T19:51:51.506+0200] {logging_mixin.py:188} INFO - [2024-08-09T19:51:51.506+0200] {dag.py:3089} INFO - Sync 1 DAGs
[2024-08-09T19:51:51.517+0200] {logging_mixin.py:188} INFO - [2024-08-09T19:51:51.517+0200] {dag.py:3947} INFO - Setting next_dagrun for example_branch_labels to 2024-08-08 00:00:00+00:00, run_after=2024-08-09 00:00:00+00:00
[2024-08-09T19:51:51.586+0200] {processor.py:183} INFO - Processing /home/bvpelt/Develop/airflowtut/py_env/lib/python3.10/site-packages/airflow/example_dags/example_branch_labels.py took 0.097 seconds
[2024-08-09T19:52:59.169+0200] {processor.py:161} INFO - Started process (PID=20069) to work on /home/bvpelt/Develop/airflowtut/py_env/lib/python3.10/site-packages/airflow/example_dags/example_branch_labels.py
[2024-08-09T19:52:59.170+0200] {processor.py:830} INFO - Processing file /home/bvpelt/Develop/airflowtut/py_env/lib/python3.10/site-packages/airflow/example_dags/example_branch_labels.py for tasks to queue
[2024-08-09T19:52:59.171+0200] {logging_mixin.py:188} INFO - [2024-08-09T19:52:59.170+0200] {dagbag.py:545} INFO - Filling up the DagBag from /home/bvpelt/Develop/airflowtut/py_env/lib/python3.10/site-packages/airflow/example_dags/example_branch_labels.py
[2024-08-09T19:52:59.176+0200] {processor.py:840} INFO - DAG(s) 'example_branch_labels' retrieved from /home/bvpelt/Develop/airflowtut/py_env/lib/python3.10/site-packages/airflow/example_dags/example_branch_labels.py
[2024-08-09T19:52:59.185+0200] {logging_mixin.py:188} INFO - [2024-08-09T19:52:59.185+0200] {dag.py:3089} INFO - Sync 1 DAGs
[2024-08-09T19:52:59.196+0200] {logging_mixin.py:188} INFO - [2024-08-09T19:52:59.196+0200] {dag.py:3947} INFO - Setting next_dagrun for example_branch_labels to 2024-08-08 00:00:00+00:00, run_after=2024-08-09 00:00:00+00:00
[2024-08-09T19:52:59.272+0200] {processor.py:183} INFO - Processing /home/bvpelt/Develop/airflowtut/py_env/lib/python3.10/site-packages/airflow/example_dags/example_branch_labels.py took 0.106 seconds
[2024-08-09T19:53:55.231+0200] {processor.py:161} INFO - Started process (PID=20129) to work on /home/bvpelt/Develop/airflowtut/py_env/lib/python3.10/site-packages/airflow/example_dags/example_branch_labels.py
[2024-08-09T19:53:55.232+0200] {processor.py:830} INFO - Processing file /home/bvpelt/Develop/airflowtut/py_env/lib/python3.10/site-packages/airflow/example_dags/example_branch_labels.py for tasks to queue
[2024-08-09T19:53:55.233+0200] {logging_mixin.py:188} INFO - [2024-08-09T19:53:55.233+0200] {dagbag.py:545} INFO - Filling up the DagBag from /home/bvpelt/Develop/airflowtut/py_env/lib/python3.10/site-packages/airflow/example_dags/example_branch_labels.py
[2024-08-09T19:53:55.238+0200] {processor.py:840} INFO - DAG(s) 'example_branch_labels' retrieved from /home/bvpelt/Develop/airflowtut/py_env/lib/python3.10/site-packages/airflow/example_dags/example_branch_labels.py
[2024-08-09T19:53:55.246+0200] {logging_mixin.py:188} INFO - [2024-08-09T19:53:55.246+0200] {dag.py:3089} INFO - Sync 1 DAGs
[2024-08-09T19:53:55.258+0200] {logging_mixin.py:188} INFO - [2024-08-09T19:53:55.258+0200] {dag.py:3947} INFO - Setting next_dagrun for example_branch_labels to 2024-08-08 00:00:00+00:00, run_after=2024-08-09 00:00:00+00:00
[2024-08-09T19:53:55.348+0200] {processor.py:183} INFO - Processing /home/bvpelt/Develop/airflowtut/py_env/lib/python3.10/site-packages/airflow/example_dags/example_branch_labels.py took 0.119 seconds
[2024-08-09T19:54:47.556+0200] {processor.py:161} INFO - Started process (PID=20198) to work on /home/bvpelt/Develop/airflowtut/py_env/lib/python3.10/site-packages/airflow/example_dags/example_branch_labels.py
[2024-08-09T19:54:47.557+0200] {processor.py:830} INFO - Processing file /home/bvpelt/Develop/airflowtut/py_env/lib/python3.10/site-packages/airflow/example_dags/example_branch_labels.py for tasks to queue
[2024-08-09T19:54:47.558+0200] {logging_mixin.py:188} INFO - [2024-08-09T19:54:47.558+0200] {dagbag.py:545} INFO - Filling up the DagBag from /home/bvpelt/Develop/airflowtut/py_env/lib/python3.10/site-packages/airflow/example_dags/example_branch_labels.py
[2024-08-09T19:54:47.562+0200] {processor.py:840} INFO - DAG(s) 'example_branch_labels' retrieved from /home/bvpelt/Develop/airflowtut/py_env/lib/python3.10/site-packages/airflow/example_dags/example_branch_labels.py
[2024-08-09T19:54:47.572+0200] {logging_mixin.py:188} INFO - [2024-08-09T19:54:47.572+0200] {dag.py:3089} INFO - Sync 1 DAGs
[2024-08-09T19:54:47.584+0200] {logging_mixin.py:188} INFO - [2024-08-09T19:54:47.584+0200] {dag.py:3947} INFO - Setting next_dagrun for example_branch_labels to 2024-08-08 00:00:00+00:00, run_after=2024-08-09 00:00:00+00:00
[2024-08-09T19:54:47.665+0200] {processor.py:183} INFO - Processing /home/bvpelt/Develop/airflowtut/py_env/lib/python3.10/site-packages/airflow/example_dags/example_branch_labels.py took 0.111 seconds
[2024-08-09T19:55:38.664+0200] {processor.py:161} INFO - Started process (PID=20298) to work on /home/bvpelt/Develop/airflowtut/py_env/lib/python3.10/site-packages/airflow/example_dags/example_branch_labels.py
[2024-08-09T19:55:38.664+0200] {processor.py:830} INFO - Processing file /home/bvpelt/Develop/airflowtut/py_env/lib/python3.10/site-packages/airflow/example_dags/example_branch_labels.py for tasks to queue
[2024-08-09T19:55:38.665+0200] {logging_mixin.py:188} INFO - [2024-08-09T19:55:38.665+0200] {dagbag.py:545} INFO - Filling up the DagBag from /home/bvpelt/Develop/airflowtut/py_env/lib/python3.10/site-packages/airflow/example_dags/example_branch_labels.py
[2024-08-09T19:55:38.670+0200] {processor.py:840} INFO - DAG(s) 'example_branch_labels' retrieved from /home/bvpelt/Develop/airflowtut/py_env/lib/python3.10/site-packages/airflow/example_dags/example_branch_labels.py
[2024-08-09T19:55:38.679+0200] {logging_mixin.py:188} INFO - [2024-08-09T19:55:38.679+0200] {dag.py:3089} INFO - Sync 1 DAGs
[2024-08-09T19:55:38.691+0200] {logging_mixin.py:188} INFO - [2024-08-09T19:55:38.691+0200] {dag.py:3947} INFO - Setting next_dagrun for example_branch_labels to 2024-08-08 00:00:00+00:00, run_after=2024-08-09 00:00:00+00:00
[2024-08-09T19:55:38.785+0200] {processor.py:183} INFO - Processing /home/bvpelt/Develop/airflowtut/py_env/lib/python3.10/site-packages/airflow/example_dags/example_branch_labels.py took 0.124 seconds
[2024-08-09T19:56:45.980+0200] {processor.py:161} INFO - Started process (PID=20377) to work on /home/bvpelt/Develop/airflowtut/py_env/lib/python3.10/site-packages/airflow/example_dags/example_branch_labels.py
[2024-08-09T19:56:45.982+0200] {processor.py:830} INFO - Processing file /home/bvpelt/Develop/airflowtut/py_env/lib/python3.10/site-packages/airflow/example_dags/example_branch_labels.py for tasks to queue
[2024-08-09T19:56:45.986+0200] {logging_mixin.py:188} INFO - [2024-08-09T19:56:45.985+0200] {dagbag.py:545} INFO - Filling up the DagBag from /home/bvpelt/Develop/airflowtut/py_env/lib/python3.10/site-packages/airflow/example_dags/example_branch_labels.py
[2024-08-09T19:56:45.999+0200] {processor.py:840} INFO - DAG(s) 'example_branch_labels' retrieved from /home/bvpelt/Develop/airflowtut/py_env/lib/python3.10/site-packages/airflow/example_dags/example_branch_labels.py
[2024-08-09T19:56:46.014+0200] {logging_mixin.py:188} INFO - [2024-08-09T19:56:46.014+0200] {dag.py:3089} INFO - Sync 1 DAGs
[2024-08-09T19:56:46.028+0200] {logging_mixin.py:188} INFO - [2024-08-09T19:56:46.028+0200] {dag.py:3947} INFO - Setting next_dagrun for example_branch_labels to 2024-08-08 00:00:00+00:00, run_after=2024-08-09 00:00:00+00:00
[2024-08-09T19:56:46.093+0200] {processor.py:183} INFO - Processing /home/bvpelt/Develop/airflowtut/py_env/lib/python3.10/site-packages/airflow/example_dags/example_branch_labels.py took 0.129 seconds
[2024-08-09T19:57:37.858+0200] {processor.py:161} INFO - Started process (PID=20504) to work on /home/bvpelt/Develop/airflowtut/py_env/lib/python3.10/site-packages/airflow/example_dags/example_branch_labels.py
[2024-08-09T19:57:37.859+0200] {processor.py:830} INFO - Processing file /home/bvpelt/Develop/airflowtut/py_env/lib/python3.10/site-packages/airflow/example_dags/example_branch_labels.py for tasks to queue
[2024-08-09T19:57:37.860+0200] {logging_mixin.py:188} INFO - [2024-08-09T19:57:37.859+0200] {dagbag.py:545} INFO - Filling up the DagBag from /home/bvpelt/Develop/airflowtut/py_env/lib/python3.10/site-packages/airflow/example_dags/example_branch_labels.py
[2024-08-09T19:57:37.864+0200] {processor.py:840} INFO - DAG(s) 'example_branch_labels' retrieved from /home/bvpelt/Develop/airflowtut/py_env/lib/python3.10/site-packages/airflow/example_dags/example_branch_labels.py
[2024-08-09T19:57:37.873+0200] {logging_mixin.py:188} INFO - [2024-08-09T19:57:37.873+0200] {dag.py:3089} INFO - Sync 1 DAGs
[2024-08-09T19:57:37.884+0200] {logging_mixin.py:188} INFO - [2024-08-09T19:57:37.884+0200] {dag.py:3947} INFO - Setting next_dagrun for example_branch_labels to 2024-08-08 00:00:00+00:00, run_after=2024-08-09 00:00:00+00:00
[2024-08-09T19:57:37.960+0200] {processor.py:183} INFO - Processing /home/bvpelt/Develop/airflowtut/py_env/lib/python3.10/site-packages/airflow/example_dags/example_branch_labels.py took 0.105 seconds
[2024-08-09T19:58:28.893+0200] {processor.py:161} INFO - Started process (PID=20605) to work on /home/bvpelt/Develop/airflowtut/py_env/lib/python3.10/site-packages/airflow/example_dags/example_branch_labels.py
[2024-08-09T19:58:28.906+0200] {processor.py:830} INFO - Processing file /home/bvpelt/Develop/airflowtut/py_env/lib/python3.10/site-packages/airflow/example_dags/example_branch_labels.py for tasks to queue
[2024-08-09T19:58:28.910+0200] {logging_mixin.py:188} INFO - [2024-08-09T19:58:28.909+0200] {dagbag.py:545} INFO - Filling up the DagBag from /home/bvpelt/Develop/airflowtut/py_env/lib/python3.10/site-packages/airflow/example_dags/example_branch_labels.py
[2024-08-09T19:58:28.929+0200] {processor.py:840} INFO - DAG(s) 'example_branch_labels' retrieved from /home/bvpelt/Develop/airflowtut/py_env/lib/python3.10/site-packages/airflow/example_dags/example_branch_labels.py
[2024-08-09T19:58:28.946+0200] {logging_mixin.py:188} INFO - [2024-08-09T19:58:28.946+0200] {dag.py:3089} INFO - Sync 1 DAGs
[2024-08-09T19:58:28.961+0200] {logging_mixin.py:188} INFO - [2024-08-09T19:58:28.961+0200] {dag.py:3947} INFO - Setting next_dagrun for example_branch_labels to 2024-08-08 00:00:00+00:00, run_after=2024-08-09 00:00:00+00:00
[2024-08-09T19:58:29.058+0200] {processor.py:183} INFO - Processing /home/bvpelt/Develop/airflowtut/py_env/lib/python3.10/site-packages/airflow/example_dags/example_branch_labels.py took 0.181 seconds
[2024-08-09T19:59:27.627+0200] {processor.py:161} INFO - Started process (PID=20702) to work on /home/bvpelt/Develop/airflowtut/py_env/lib/python3.10/site-packages/airflow/example_dags/example_branch_labels.py
[2024-08-09T19:59:27.628+0200] {processor.py:830} INFO - Processing file /home/bvpelt/Develop/airflowtut/py_env/lib/python3.10/site-packages/airflow/example_dags/example_branch_labels.py for tasks to queue
[2024-08-09T19:59:27.629+0200] {logging_mixin.py:188} INFO - [2024-08-09T19:59:27.628+0200] {dagbag.py:545} INFO - Filling up the DagBag from /home/bvpelt/Develop/airflowtut/py_env/lib/python3.10/site-packages/airflow/example_dags/example_branch_labels.py
[2024-08-09T19:59:27.633+0200] {processor.py:840} INFO - DAG(s) 'example_branch_labels' retrieved from /home/bvpelt/Develop/airflowtut/py_env/lib/python3.10/site-packages/airflow/example_dags/example_branch_labels.py
[2024-08-09T19:59:27.642+0200] {logging_mixin.py:188} INFO - [2024-08-09T19:59:27.642+0200] {dag.py:3089} INFO - Sync 1 DAGs
[2024-08-09T19:59:27.653+0200] {logging_mixin.py:188} INFO - [2024-08-09T19:59:27.653+0200] {dag.py:3947} INFO - Setting next_dagrun for example_branch_labels to 2024-08-08 00:00:00+00:00, run_after=2024-08-09 00:00:00+00:00
[2024-08-09T19:59:27.715+0200] {processor.py:183} INFO - Processing /home/bvpelt/Develop/airflowtut/py_env/lib/python3.10/site-packages/airflow/example_dags/example_branch_labels.py took 0.091 seconds
[2024-08-09T20:00:19.543+0200] {processor.py:161} INFO - Started process (PID=20779) to work on /home/bvpelt/Develop/airflowtut/py_env/lib/python3.10/site-packages/airflow/example_dags/example_branch_labels.py
[2024-08-09T20:00:19.544+0200] {processor.py:830} INFO - Processing file /home/bvpelt/Develop/airflowtut/py_env/lib/python3.10/site-packages/airflow/example_dags/example_branch_labels.py for tasks to queue
[2024-08-09T20:00:19.545+0200] {logging_mixin.py:188} INFO - [2024-08-09T20:00:19.544+0200] {dagbag.py:545} INFO - Filling up the DagBag from /home/bvpelt/Develop/airflowtut/py_env/lib/python3.10/site-packages/airflow/example_dags/example_branch_labels.py
[2024-08-09T20:00:19.549+0200] {processor.py:840} INFO - DAG(s) 'example_branch_labels' retrieved from /home/bvpelt/Develop/airflowtut/py_env/lib/python3.10/site-packages/airflow/example_dags/example_branch_labels.py
[2024-08-09T20:00:19.558+0200] {logging_mixin.py:188} INFO - [2024-08-09T20:00:19.558+0200] {dag.py:3089} INFO - Sync 1 DAGs
[2024-08-09T20:00:19.569+0200] {logging_mixin.py:188} INFO - [2024-08-09T20:00:19.569+0200] {dag.py:3947} INFO - Setting next_dagrun for example_branch_labels to 2024-08-08 00:00:00+00:00, run_after=2024-08-09 00:00:00+00:00
[2024-08-09T20:00:19.666+0200] {processor.py:183} INFO - Processing /home/bvpelt/Develop/airflowtut/py_env/lib/python3.10/site-packages/airflow/example_dags/example_branch_labels.py took 0.126 seconds
[2024-08-09T20:01:10.017+0200] {processor.py:161} INFO - Started process (PID=20840) to work on /home/bvpelt/Develop/airflowtut/py_env/lib/python3.10/site-packages/airflow/example_dags/example_branch_labels.py
[2024-08-09T20:01:10.018+0200] {processor.py:830} INFO - Processing file /home/bvpelt/Develop/airflowtut/py_env/lib/python3.10/site-packages/airflow/example_dags/example_branch_labels.py for tasks to queue
[2024-08-09T20:01:10.019+0200] {logging_mixin.py:188} INFO - [2024-08-09T20:01:10.018+0200] {dagbag.py:545} INFO - Filling up the DagBag from /home/bvpelt/Develop/airflowtut/py_env/lib/python3.10/site-packages/airflow/example_dags/example_branch_labels.py
[2024-08-09T20:01:10.023+0200] {processor.py:840} INFO - DAG(s) 'example_branch_labels' retrieved from /home/bvpelt/Develop/airflowtut/py_env/lib/python3.10/site-packages/airflow/example_dags/example_branch_labels.py
[2024-08-09T20:01:10.032+0200] {logging_mixin.py:188} INFO - [2024-08-09T20:01:10.032+0200] {dag.py:3089} INFO - Sync 1 DAGs
[2024-08-09T20:01:10.044+0200] {logging_mixin.py:188} INFO - [2024-08-09T20:01:10.044+0200] {dag.py:3947} INFO - Setting next_dagrun for example_branch_labels to 2024-08-08 00:00:00+00:00, run_after=2024-08-09 00:00:00+00:00
[2024-08-09T20:01:10.133+0200] {processor.py:183} INFO - Processing /home/bvpelt/Develop/airflowtut/py_env/lib/python3.10/site-packages/airflow/example_dags/example_branch_labels.py took 0.119 seconds
[2024-08-09T20:02:00.807+0200] {processor.py:161} INFO - Started process (PID=20970) to work on /home/bvpelt/Develop/airflowtut/py_env/lib/python3.10/site-packages/airflow/example_dags/example_branch_labels.py
[2024-08-09T20:02:00.807+0200] {processor.py:830} INFO - Processing file /home/bvpelt/Develop/airflowtut/py_env/lib/python3.10/site-packages/airflow/example_dags/example_branch_labels.py for tasks to queue
[2024-08-09T20:02:00.808+0200] {logging_mixin.py:188} INFO - [2024-08-09T20:02:00.808+0200] {dagbag.py:545} INFO - Filling up the DagBag from /home/bvpelt/Develop/airflowtut/py_env/lib/python3.10/site-packages/airflow/example_dags/example_branch_labels.py
[2024-08-09T20:02:00.813+0200] {processor.py:840} INFO - DAG(s) 'example_branch_labels' retrieved from /home/bvpelt/Develop/airflowtut/py_env/lib/python3.10/site-packages/airflow/example_dags/example_branch_labels.py
[2024-08-09T20:02:00.822+0200] {logging_mixin.py:188} INFO - [2024-08-09T20:02:00.822+0200] {dag.py:3089} INFO - Sync 1 DAGs
[2024-08-09T20:02:00.834+0200] {logging_mixin.py:188} INFO - [2024-08-09T20:02:00.833+0200] {dag.py:3947} INFO - Setting next_dagrun for example_branch_labels to 2024-08-08 00:00:00+00:00, run_after=2024-08-09 00:00:00+00:00
[2024-08-09T20:02:00.926+0200] {processor.py:183} INFO - Processing /home/bvpelt/Develop/airflowtut/py_env/lib/python3.10/site-packages/airflow/example_dags/example_branch_labels.py took 0.122 seconds
[2024-08-09T20:02:52.010+0200] {processor.py:161} INFO - Started process (PID=21065) to work on /home/bvpelt/Develop/airflowtut/py_env/lib/python3.10/site-packages/airflow/example_dags/example_branch_labels.py
[2024-08-09T20:02:52.011+0200] {processor.py:830} INFO - Processing file /home/bvpelt/Develop/airflowtut/py_env/lib/python3.10/site-packages/airflow/example_dags/example_branch_labels.py for tasks to queue
[2024-08-09T20:02:52.012+0200] {logging_mixin.py:188} INFO - [2024-08-09T20:02:52.012+0200] {dagbag.py:545} INFO - Filling up the DagBag from /home/bvpelt/Develop/airflowtut/py_env/lib/python3.10/site-packages/airflow/example_dags/example_branch_labels.py
[2024-08-09T20:02:52.020+0200] {processor.py:840} INFO - DAG(s) 'example_branch_labels' retrieved from /home/bvpelt/Develop/airflowtut/py_env/lib/python3.10/site-packages/airflow/example_dags/example_branch_labels.py
[2024-08-09T20:02:52.034+0200] {logging_mixin.py:188} INFO - [2024-08-09T20:02:52.034+0200] {dag.py:3089} INFO - Sync 1 DAGs
[2024-08-09T20:02:52.049+0200] {logging_mixin.py:188} INFO - [2024-08-09T20:02:52.048+0200] {dag.py:3947} INFO - Setting next_dagrun for example_branch_labels to 2024-08-08 00:00:00+00:00, run_after=2024-08-09 00:00:00+00:00
[2024-08-09T20:02:52.149+0200] {processor.py:183} INFO - Processing /home/bvpelt/Develop/airflowtut/py_env/lib/python3.10/site-packages/airflow/example_dags/example_branch_labels.py took 0.145 seconds
[2024-08-09T20:03:51.418+0200] {processor.py:161} INFO - Started process (PID=21123) to work on /home/bvpelt/Develop/airflowtut/py_env/lib/python3.10/site-packages/airflow/example_dags/example_branch_labels.py
[2024-08-09T20:03:51.418+0200] {processor.py:830} INFO - Processing file /home/bvpelt/Develop/airflowtut/py_env/lib/python3.10/site-packages/airflow/example_dags/example_branch_labels.py for tasks to queue
[2024-08-09T20:03:51.419+0200] {logging_mixin.py:188} INFO - [2024-08-09T20:03:51.419+0200] {dagbag.py:545} INFO - Filling up the DagBag from /home/bvpelt/Develop/airflowtut/py_env/lib/python3.10/site-packages/airflow/example_dags/example_branch_labels.py
[2024-08-09T20:03:51.424+0200] {processor.py:840} INFO - DAG(s) 'example_branch_labels' retrieved from /home/bvpelt/Develop/airflowtut/py_env/lib/python3.10/site-packages/airflow/example_dags/example_branch_labels.py
[2024-08-09T20:03:51.434+0200] {logging_mixin.py:188} INFO - [2024-08-09T20:03:51.433+0200] {dag.py:3089} INFO - Sync 1 DAGs
[2024-08-09T20:03:51.446+0200] {logging_mixin.py:188} INFO - [2024-08-09T20:03:51.446+0200] {dag.py:3947} INFO - Setting next_dagrun for example_branch_labels to 2024-08-08 00:00:00+00:00, run_after=2024-08-09 00:00:00+00:00
[2024-08-09T20:03:51.554+0200] {processor.py:183} INFO - Processing /home/bvpelt/Develop/airflowtut/py_env/lib/python3.10/site-packages/airflow/example_dags/example_branch_labels.py took 0.139 seconds
[2024-08-09T20:04:43.862+0200] {processor.py:161} INFO - Started process (PID=21216) to work on /home/bvpelt/Develop/airflowtut/py_env/lib/python3.10/site-packages/airflow/example_dags/example_branch_labels.py
[2024-08-09T20:04:43.862+0200] {processor.py:830} INFO - Processing file /home/bvpelt/Develop/airflowtut/py_env/lib/python3.10/site-packages/airflow/example_dags/example_branch_labels.py for tasks to queue
[2024-08-09T20:04:43.863+0200] {logging_mixin.py:188} INFO - [2024-08-09T20:04:43.863+0200] {dagbag.py:545} INFO - Filling up the DagBag from /home/bvpelt/Develop/airflowtut/py_env/lib/python3.10/site-packages/airflow/example_dags/example_branch_labels.py
[2024-08-09T20:04:43.867+0200] {processor.py:840} INFO - DAG(s) 'example_branch_labels' retrieved from /home/bvpelt/Develop/airflowtut/py_env/lib/python3.10/site-packages/airflow/example_dags/example_branch_labels.py
[2024-08-09T20:04:43.877+0200] {logging_mixin.py:188} INFO - [2024-08-09T20:04:43.877+0200] {dag.py:3089} INFO - Sync 1 DAGs
[2024-08-09T20:04:43.890+0200] {logging_mixin.py:188} INFO - [2024-08-09T20:04:43.889+0200] {dag.py:3947} INFO - Setting next_dagrun for example_branch_labels to 2024-08-08 00:00:00+00:00, run_after=2024-08-09 00:00:00+00:00
[2024-08-09T20:04:43.985+0200] {processor.py:183} INFO - Processing /home/bvpelt/Develop/airflowtut/py_env/lib/python3.10/site-packages/airflow/example_dags/example_branch_labels.py took 0.126 seconds
[2024-08-09T20:05:36.511+0200] {processor.py:161} INFO - Started process (PID=21368) to work on /home/bvpelt/Develop/airflowtut/py_env/lib/python3.10/site-packages/airflow/example_dags/example_branch_labels.py
[2024-08-09T20:05:36.512+0200] {processor.py:830} INFO - Processing file /home/bvpelt/Develop/airflowtut/py_env/lib/python3.10/site-packages/airflow/example_dags/example_branch_labels.py for tasks to queue
[2024-08-09T20:05:36.513+0200] {logging_mixin.py:188} INFO - [2024-08-09T20:05:36.513+0200] {dagbag.py:545} INFO - Filling up the DagBag from /home/bvpelt/Develop/airflowtut/py_env/lib/python3.10/site-packages/airflow/example_dags/example_branch_labels.py
[2024-08-09T20:05:36.518+0200] {processor.py:840} INFO - DAG(s) 'example_branch_labels' retrieved from /home/bvpelt/Develop/airflowtut/py_env/lib/python3.10/site-packages/airflow/example_dags/example_branch_labels.py
[2024-08-09T20:05:36.526+0200] {logging_mixin.py:188} INFO - [2024-08-09T20:05:36.526+0200] {dag.py:3089} INFO - Sync 1 DAGs
[2024-08-09T20:05:36.537+0200] {logging_mixin.py:188} INFO - [2024-08-09T20:05:36.537+0200] {dag.py:3947} INFO - Setting next_dagrun for example_branch_labels to 2024-08-08 00:00:00+00:00, run_after=2024-08-09 00:00:00+00:00
[2024-08-09T20:05:36.644+0200] {processor.py:183} INFO - Processing /home/bvpelt/Develop/airflowtut/py_env/lib/python3.10/site-packages/airflow/example_dags/example_branch_labels.py took 0.135 seconds
[2024-08-09T20:06:34.257+0200] {processor.py:161} INFO - Started process (PID=21459) to work on /home/bvpelt/Develop/airflowtut/py_env/lib/python3.10/site-packages/airflow/example_dags/example_branch_labels.py
[2024-08-09T20:06:34.257+0200] {processor.py:830} INFO - Processing file /home/bvpelt/Develop/airflowtut/py_env/lib/python3.10/site-packages/airflow/example_dags/example_branch_labels.py for tasks to queue
[2024-08-09T20:06:34.258+0200] {logging_mixin.py:188} INFO - [2024-08-09T20:06:34.258+0200] {dagbag.py:545} INFO - Filling up the DagBag from /home/bvpelt/Develop/airflowtut/py_env/lib/python3.10/site-packages/airflow/example_dags/example_branch_labels.py
[2024-08-09T20:06:34.262+0200] {processor.py:840} INFO - DAG(s) 'example_branch_labels' retrieved from /home/bvpelt/Develop/airflowtut/py_env/lib/python3.10/site-packages/airflow/example_dags/example_branch_labels.py
[2024-08-09T20:06:34.271+0200] {logging_mixin.py:188} INFO - [2024-08-09T20:06:34.271+0200] {dag.py:3089} INFO - Sync 1 DAGs
[2024-08-09T20:06:34.282+0200] {logging_mixin.py:188} INFO - [2024-08-09T20:06:34.282+0200] {dag.py:3947} INFO - Setting next_dagrun for example_branch_labels to 2024-08-08 00:00:00+00:00, run_after=2024-08-09 00:00:00+00:00
[2024-08-09T20:06:34.369+0200] {processor.py:183} INFO - Processing /home/bvpelt/Develop/airflowtut/py_env/lib/python3.10/site-packages/airflow/example_dags/example_branch_labels.py took 0.116 seconds
[2024-08-09T20:07:28.178+0200] {processor.py:161} INFO - Started process (PID=21589) to work on /home/bvpelt/Develop/airflowtut/py_env/lib/python3.10/site-packages/airflow/example_dags/example_branch_labels.py
[2024-08-09T20:07:28.178+0200] {processor.py:830} INFO - Processing file /home/bvpelt/Develop/airflowtut/py_env/lib/python3.10/site-packages/airflow/example_dags/example_branch_labels.py for tasks to queue
[2024-08-09T20:07:28.179+0200] {logging_mixin.py:188} INFO - [2024-08-09T20:07:28.179+0200] {dagbag.py:545} INFO - Filling up the DagBag from /home/bvpelt/Develop/airflowtut/py_env/lib/python3.10/site-packages/airflow/example_dags/example_branch_labels.py
[2024-08-09T20:07:28.183+0200] {processor.py:840} INFO - DAG(s) 'example_branch_labels' retrieved from /home/bvpelt/Develop/airflowtut/py_env/lib/python3.10/site-packages/airflow/example_dags/example_branch_labels.py
[2024-08-09T20:07:28.192+0200] {logging_mixin.py:188} INFO - [2024-08-09T20:07:28.192+0200] {dag.py:3089} INFO - Sync 1 DAGs
[2024-08-09T20:07:28.203+0200] {logging_mixin.py:188} INFO - [2024-08-09T20:07:28.203+0200] {dag.py:3947} INFO - Setting next_dagrun for example_branch_labels to 2024-08-08 00:00:00+00:00, run_after=2024-08-09 00:00:00+00:00
[2024-08-09T20:07:28.291+0200] {processor.py:183} INFO - Processing /home/bvpelt/Develop/airflowtut/py_env/lib/python3.10/site-packages/airflow/example_dags/example_branch_labels.py took 0.116 seconds
[2024-08-09T20:08:19.282+0200] {processor.py:161} INFO - Started process (PID=21671) to work on /home/bvpelt/Develop/airflowtut/py_env/lib/python3.10/site-packages/airflow/example_dags/example_branch_labels.py
[2024-08-09T20:08:19.283+0200] {processor.py:830} INFO - Processing file /home/bvpelt/Develop/airflowtut/py_env/lib/python3.10/site-packages/airflow/example_dags/example_branch_labels.py for tasks to queue
[2024-08-09T20:08:19.284+0200] {logging_mixin.py:188} INFO - [2024-08-09T20:08:19.283+0200] {dagbag.py:545} INFO - Filling up the DagBag from /home/bvpelt/Develop/airflowtut/py_env/lib/python3.10/site-packages/airflow/example_dags/example_branch_labels.py
[2024-08-09T20:08:19.288+0200] {processor.py:840} INFO - DAG(s) 'example_branch_labels' retrieved from /home/bvpelt/Develop/airflowtut/py_env/lib/python3.10/site-packages/airflow/example_dags/example_branch_labels.py
[2024-08-09T20:08:19.297+0200] {logging_mixin.py:188} INFO - [2024-08-09T20:08:19.296+0200] {dag.py:3089} INFO - Sync 1 DAGs
[2024-08-09T20:08:19.307+0200] {logging_mixin.py:188} INFO - [2024-08-09T20:08:19.307+0200] {dag.py:3947} INFO - Setting next_dagrun for example_branch_labels to 2024-08-08 00:00:00+00:00, run_after=2024-08-09 00:00:00+00:00
[2024-08-09T20:08:19.390+0200] {processor.py:183} INFO - Processing /home/bvpelt/Develop/airflowtut/py_env/lib/python3.10/site-packages/airflow/example_dags/example_branch_labels.py took 0.111 seconds
[2024-08-09T20:09:10.714+0200] {processor.py:161} INFO - Started process (PID=21729) to work on /home/bvpelt/Develop/airflowtut/py_env/lib/python3.10/site-packages/airflow/example_dags/example_branch_labels.py
[2024-08-09T20:09:10.715+0200] {processor.py:830} INFO - Processing file /home/bvpelt/Develop/airflowtut/py_env/lib/python3.10/site-packages/airflow/example_dags/example_branch_labels.py for tasks to queue
[2024-08-09T20:09:10.716+0200] {logging_mixin.py:188} INFO - [2024-08-09T20:09:10.716+0200] {dagbag.py:545} INFO - Filling up the DagBag from /home/bvpelt/Develop/airflowtut/py_env/lib/python3.10/site-packages/airflow/example_dags/example_branch_labels.py
[2024-08-09T20:09:10.720+0200] {processor.py:840} INFO - DAG(s) 'example_branch_labels' retrieved from /home/bvpelt/Develop/airflowtut/py_env/lib/python3.10/site-packages/airflow/example_dags/example_branch_labels.py
[2024-08-09T20:09:10.729+0200] {logging_mixin.py:188} INFO - [2024-08-09T20:09:10.729+0200] {dag.py:3089} INFO - Sync 1 DAGs
[2024-08-09T20:09:10.740+0200] {logging_mixin.py:188} INFO - [2024-08-09T20:09:10.740+0200] {dag.py:3947} INFO - Setting next_dagrun for example_branch_labels to 2024-08-08 00:00:00+00:00, run_after=2024-08-09 00:00:00+00:00
[2024-08-09T20:09:10.821+0200] {processor.py:183} INFO - Processing /home/bvpelt/Develop/airflowtut/py_env/lib/python3.10/site-packages/airflow/example_dags/example_branch_labels.py took 0.110 seconds
[2024-08-09T20:10:02.073+0200] {processor.py:161} INFO - Started process (PID=21781) to work on /home/bvpelt/Develop/airflowtut/py_env/lib/python3.10/site-packages/airflow/example_dags/example_branch_labels.py
[2024-08-09T20:10:02.074+0200] {processor.py:830} INFO - Processing file /home/bvpelt/Develop/airflowtut/py_env/lib/python3.10/site-packages/airflow/example_dags/example_branch_labels.py for tasks to queue
[2024-08-09T20:10:02.075+0200] {logging_mixin.py:188} INFO - [2024-08-09T20:10:02.074+0200] {dagbag.py:545} INFO - Filling up the DagBag from /home/bvpelt/Develop/airflowtut/py_env/lib/python3.10/site-packages/airflow/example_dags/example_branch_labels.py
[2024-08-09T20:10:02.079+0200] {processor.py:840} INFO - DAG(s) 'example_branch_labels' retrieved from /home/bvpelt/Develop/airflowtut/py_env/lib/python3.10/site-packages/airflow/example_dags/example_branch_labels.py
[2024-08-09T20:10:02.088+0200] {logging_mixin.py:188} INFO - [2024-08-09T20:10:02.088+0200] {dag.py:3089} INFO - Sync 1 DAGs
[2024-08-09T20:10:02.099+0200] {logging_mixin.py:188} INFO - [2024-08-09T20:10:02.098+0200] {dag.py:3947} INFO - Setting next_dagrun for example_branch_labels to 2024-08-08 00:00:00+00:00, run_after=2024-08-09 00:00:00+00:00
[2024-08-09T20:10:02.211+0200] {processor.py:183} INFO - Processing /home/bvpelt/Develop/airflowtut/py_env/lib/python3.10/site-packages/airflow/example_dags/example_branch_labels.py took 0.141 seconds
[2024-08-09T20:10:52.127+0200] {processor.py:161} INFO - Started process (PID=21857) to work on /home/bvpelt/Develop/airflowtut/py_env/lib/python3.10/site-packages/airflow/example_dags/example_branch_labels.py
[2024-08-09T20:10:52.127+0200] {processor.py:830} INFO - Processing file /home/bvpelt/Develop/airflowtut/py_env/lib/python3.10/site-packages/airflow/example_dags/example_branch_labels.py for tasks to queue
[2024-08-09T20:10:52.128+0200] {logging_mixin.py:188} INFO - [2024-08-09T20:10:52.128+0200] {dagbag.py:545} INFO - Filling up the DagBag from /home/bvpelt/Develop/airflowtut/py_env/lib/python3.10/site-packages/airflow/example_dags/example_branch_labels.py
[2024-08-09T20:10:52.132+0200] {processor.py:840} INFO - DAG(s) 'example_branch_labels' retrieved from /home/bvpelt/Develop/airflowtut/py_env/lib/python3.10/site-packages/airflow/example_dags/example_branch_labels.py
[2024-08-09T20:10:52.143+0200] {logging_mixin.py:188} INFO - [2024-08-09T20:10:52.143+0200] {dag.py:3089} INFO - Sync 1 DAGs
[2024-08-09T20:10:52.154+0200] {logging_mixin.py:188} INFO - [2024-08-09T20:10:52.154+0200] {dag.py:3947} INFO - Setting next_dagrun for example_branch_labels to 2024-08-08 00:00:00+00:00, run_after=2024-08-09 00:00:00+00:00
[2024-08-09T20:10:52.266+0200] {processor.py:183} INFO - Processing /home/bvpelt/Develop/airflowtut/py_env/lib/python3.10/site-packages/airflow/example_dags/example_branch_labels.py took 0.142 seconds
[2024-08-09T20:11:41.295+0200] {processor.py:161} INFO - Started process (PID=21910) to work on /home/bvpelt/Develop/airflowtut/py_env/lib/python3.10/site-packages/airflow/example_dags/example_branch_labels.py
[2024-08-09T20:11:41.295+0200] {processor.py:830} INFO - Processing file /home/bvpelt/Develop/airflowtut/py_env/lib/python3.10/site-packages/airflow/example_dags/example_branch_labels.py for tasks to queue
[2024-08-09T20:11:41.296+0200] {logging_mixin.py:188} INFO - [2024-08-09T20:11:41.296+0200] {dagbag.py:545} INFO - Filling up the DagBag from /home/bvpelt/Develop/airflowtut/py_env/lib/python3.10/site-packages/airflow/example_dags/example_branch_labels.py
[2024-08-09T20:11:41.301+0200] {processor.py:840} INFO - DAG(s) 'example_branch_labels' retrieved from /home/bvpelt/Develop/airflowtut/py_env/lib/python3.10/site-packages/airflow/example_dags/example_branch_labels.py
[2024-08-09T20:11:41.309+0200] {logging_mixin.py:188} INFO - [2024-08-09T20:11:41.309+0200] {dag.py:3089} INFO - Sync 1 DAGs
[2024-08-09T20:11:41.320+0200] {logging_mixin.py:188} INFO - [2024-08-09T20:11:41.320+0200] {dag.py:3947} INFO - Setting next_dagrun for example_branch_labels to 2024-08-08 00:00:00+00:00, run_after=2024-08-09 00:00:00+00:00
[2024-08-09T20:11:41.453+0200] {processor.py:183} INFO - Processing /home/bvpelt/Develop/airflowtut/py_env/lib/python3.10/site-packages/airflow/example_dags/example_branch_labels.py took 0.162 seconds
[2024-08-09T20:12:29.498+0200] {processor.py:161} INFO - Started process (PID=22019) to work on /home/bvpelt/Develop/airflowtut/py_env/lib/python3.10/site-packages/airflow/example_dags/example_branch_labels.py
[2024-08-09T20:12:29.560+0200] {processor.py:830} INFO - Processing file /home/bvpelt/Develop/airflowtut/py_env/lib/python3.10/site-packages/airflow/example_dags/example_branch_labels.py for tasks to queue
[2024-08-09T20:12:29.561+0200] {logging_mixin.py:188} INFO - [2024-08-09T20:12:29.561+0200] {dagbag.py:545} INFO - Filling up the DagBag from /home/bvpelt/Develop/airflowtut/py_env/lib/python3.10/site-packages/airflow/example_dags/example_branch_labels.py
[2024-08-09T20:12:29.565+0200] {processor.py:840} INFO - DAG(s) 'example_branch_labels' retrieved from /home/bvpelt/Develop/airflowtut/py_env/lib/python3.10/site-packages/airflow/example_dags/example_branch_labels.py
[2024-08-09T20:12:29.574+0200] {logging_mixin.py:188} INFO - [2024-08-09T20:12:29.574+0200] {dag.py:3089} INFO - Sync 1 DAGs
[2024-08-09T20:12:29.586+0200] {logging_mixin.py:188} INFO - [2024-08-09T20:12:29.586+0200] {dag.py:3947} INFO - Setting next_dagrun for example_branch_labels to 2024-08-08 00:00:00+00:00, run_after=2024-08-09 00:00:00+00:00
[2024-08-09T20:12:29.659+0200] {processor.py:183} INFO - Processing /home/bvpelt/Develop/airflowtut/py_env/lib/python3.10/site-packages/airflow/example_dags/example_branch_labels.py took 0.165 seconds
[2024-08-09T20:13:23.881+0200] {processor.py:161} INFO - Started process (PID=22104) to work on /home/bvpelt/Develop/airflowtut/py_env/lib/python3.10/site-packages/airflow/example_dags/example_branch_labels.py
[2024-08-09T20:13:23.881+0200] {processor.py:830} INFO - Processing file /home/bvpelt/Develop/airflowtut/py_env/lib/python3.10/site-packages/airflow/example_dags/example_branch_labels.py for tasks to queue
[2024-08-09T20:13:23.882+0200] {logging_mixin.py:188} INFO - [2024-08-09T20:13:23.882+0200] {dagbag.py:545} INFO - Filling up the DagBag from /home/bvpelt/Develop/airflowtut/py_env/lib/python3.10/site-packages/airflow/example_dags/example_branch_labels.py
[2024-08-09T20:13:23.886+0200] {processor.py:840} INFO - DAG(s) 'example_branch_labels' retrieved from /home/bvpelt/Develop/airflowtut/py_env/lib/python3.10/site-packages/airflow/example_dags/example_branch_labels.py
[2024-08-09T20:13:23.895+0200] {logging_mixin.py:188} INFO - [2024-08-09T20:13:23.895+0200] {dag.py:3089} INFO - Sync 1 DAGs
[2024-08-09T20:13:23.906+0200] {logging_mixin.py:188} INFO - [2024-08-09T20:13:23.906+0200] {dag.py:3947} INFO - Setting next_dagrun for example_branch_labels to 2024-08-08 00:00:00+00:00, run_after=2024-08-09 00:00:00+00:00
[2024-08-09T20:13:23.999+0200] {processor.py:183} INFO - Processing /home/bvpelt/Develop/airflowtut/py_env/lib/python3.10/site-packages/airflow/example_dags/example_branch_labels.py took 0.121 seconds
[2024-08-09T20:14:18.430+0200] {processor.py:161} INFO - Started process (PID=22184) to work on /home/bvpelt/Develop/airflowtut/py_env/lib/python3.10/site-packages/airflow/example_dags/example_branch_labels.py
[2024-08-09T20:14:18.458+0200] {processor.py:830} INFO - Processing file /home/bvpelt/Develop/airflowtut/py_env/lib/python3.10/site-packages/airflow/example_dags/example_branch_labels.py for tasks to queue
[2024-08-09T20:14:18.459+0200] {logging_mixin.py:188} INFO - [2024-08-09T20:14:18.459+0200] {dagbag.py:545} INFO - Filling up the DagBag from /home/bvpelt/Develop/airflowtut/py_env/lib/python3.10/site-packages/airflow/example_dags/example_branch_labels.py
[2024-08-09T20:14:18.465+0200] {processor.py:840} INFO - DAG(s) 'example_branch_labels' retrieved from /home/bvpelt/Develop/airflowtut/py_env/lib/python3.10/site-packages/airflow/example_dags/example_branch_labels.py
[2024-08-09T20:14:18.475+0200] {logging_mixin.py:188} INFO - [2024-08-09T20:14:18.474+0200] {dag.py:3089} INFO - Sync 1 DAGs
[2024-08-09T20:14:18.486+0200] {logging_mixin.py:188} INFO - [2024-08-09T20:14:18.486+0200] {dag.py:3947} INFO - Setting next_dagrun for example_branch_labels to 2024-08-08 00:00:00+00:00, run_after=2024-08-09 00:00:00+00:00
[2024-08-09T20:14:18.685+0200] {processor.py:183} INFO - Processing /home/bvpelt/Develop/airflowtut/py_env/lib/python3.10/site-packages/airflow/example_dags/example_branch_labels.py took 0.258 seconds
[2024-08-09T20:15:06.512+0200] {processor.py:161} INFO - Started process (PID=22248) to work on /home/bvpelt/Develop/airflowtut/py_env/lib/python3.10/site-packages/airflow/example_dags/example_branch_labels.py
[2024-08-09T20:15:06.512+0200] {processor.py:830} INFO - Processing file /home/bvpelt/Develop/airflowtut/py_env/lib/python3.10/site-packages/airflow/example_dags/example_branch_labels.py for tasks to queue
[2024-08-09T20:15:06.513+0200] {logging_mixin.py:188} INFO - [2024-08-09T20:15:06.513+0200] {dagbag.py:545} INFO - Filling up the DagBag from /home/bvpelt/Develop/airflowtut/py_env/lib/python3.10/site-packages/airflow/example_dags/example_branch_labels.py
[2024-08-09T20:15:06.518+0200] {processor.py:840} INFO - DAG(s) 'example_branch_labels' retrieved from /home/bvpelt/Develop/airflowtut/py_env/lib/python3.10/site-packages/airflow/example_dags/example_branch_labels.py
[2024-08-09T20:15:06.526+0200] {logging_mixin.py:188} INFO - [2024-08-09T20:15:06.526+0200] {dag.py:3089} INFO - Sync 1 DAGs
[2024-08-09T20:15:06.537+0200] {logging_mixin.py:188} INFO - [2024-08-09T20:15:06.537+0200] {dag.py:3947} INFO - Setting next_dagrun for example_branch_labels to 2024-08-08 00:00:00+00:00, run_after=2024-08-09 00:00:00+00:00
[2024-08-09T20:15:06.636+0200] {processor.py:183} INFO - Processing /home/bvpelt/Develop/airflowtut/py_env/lib/python3.10/site-packages/airflow/example_dags/example_branch_labels.py took 0.127 seconds
[2024-08-09T20:15:54.910+0200] {processor.py:161} INFO - Started process (PID=22319) to work on /home/bvpelt/Develop/airflowtut/py_env/lib/python3.10/site-packages/airflow/example_dags/example_branch_labels.py
[2024-08-09T20:15:54.923+0200] {processor.py:830} INFO - Processing file /home/bvpelt/Develop/airflowtut/py_env/lib/python3.10/site-packages/airflow/example_dags/example_branch_labels.py for tasks to queue
[2024-08-09T20:15:54.924+0200] {logging_mixin.py:188} INFO - [2024-08-09T20:15:54.924+0200] {dagbag.py:545} INFO - Filling up the DagBag from /home/bvpelt/Develop/airflowtut/py_env/lib/python3.10/site-packages/airflow/example_dags/example_branch_labels.py
[2024-08-09T20:15:54.929+0200] {processor.py:840} INFO - DAG(s) 'example_branch_labels' retrieved from /home/bvpelt/Develop/airflowtut/py_env/lib/python3.10/site-packages/airflow/example_dags/example_branch_labels.py
[2024-08-09T20:15:54.938+0200] {logging_mixin.py:188} INFO - [2024-08-09T20:15:54.938+0200] {dag.py:3089} INFO - Sync 1 DAGs
[2024-08-09T20:15:54.949+0200] {logging_mixin.py:188} INFO - [2024-08-09T20:15:54.949+0200] {dag.py:3947} INFO - Setting next_dagrun for example_branch_labels to 2024-08-08 00:00:00+00:00, run_after=2024-08-09 00:00:00+00:00
[2024-08-09T20:15:55.027+0200] {processor.py:183} INFO - Processing /home/bvpelt/Develop/airflowtut/py_env/lib/python3.10/site-packages/airflow/example_dags/example_branch_labels.py took 0.120 seconds
