[2024-08-09T19:42:25.471+0200] {processor.py:161} INFO - Started process (PID=17570) to work on /home/bvpelt/Develop/airflowtut/py_env/lib/python3.10/site-packages/airflow/example_dags/tutorial_taskflow_api.py
[2024-08-09T19:42:25.472+0200] {processor.py:830} INFO - Processing file /home/bvpelt/Develop/airflowtut/py_env/lib/python3.10/site-packages/airflow/example_dags/tutorial_taskflow_api.py for tasks to queue
[2024-08-09T19:42:25.472+0200] {logging_mixin.py:188} INFO - [2024-08-09T19:42:25.472+0200] {dagbag.py:545} INFO - Filling up the DagBag from /home/bvpelt/Develop/airflowtut/py_env/lib/python3.10/site-packages/airflow/example_dags/tutorial_taskflow_api.py
[2024-08-09T19:42:25.477+0200] {processor.py:840} INFO - DAG(s) 'tutorial_taskflow_api' retrieved from /home/bvpelt/Develop/airflowtut/py_env/lib/python3.10/site-packages/airflow/example_dags/tutorial_taskflow_api.py
[2024-08-09T19:42:25.700+0200] {logging_mixin.py:188} INFO - [2024-08-09T19:42:25.699+0200] {override.py:1858} INFO - Created Permission View: can edit on DAG:tutorial_taskflow_api
[2024-08-09T19:42:25.791+0200] {logging_mixin.py:188} INFO - [2024-08-09T19:42:25.790+0200] {override.py:1858} INFO - Created Permission View: can read on DAG:tutorial_taskflow_api
[2024-08-09T19:42:25.887+0200] {logging_mixin.py:188} INFO - [2024-08-09T19:42:25.886+0200] {override.py:1858} INFO - Created Permission View: can delete on DAG:tutorial_taskflow_api
[2024-08-09T19:42:25.888+0200] {logging_mixin.py:188} INFO - [2024-08-09T19:42:25.888+0200] {dag.py:3089} INFO - Sync 1 DAGs
[2024-08-09T19:42:25.904+0200] {logging_mixin.py:188} INFO - [2024-08-09T19:42:25.904+0200] {dag.py:3111} INFO - Creating ORM DAG for tutorial_taskflow_api
[2024-08-09T19:42:25.905+0200] {logging_mixin.py:188} INFO - [2024-08-09T19:42:25.905+0200] {dag.py:3947} INFO - Setting next_dagrun for tutorial_taskflow_api to None, run_after=None
[2024-08-09T19:42:26.025+0200] {processor.py:183} INFO - Processing /home/bvpelt/Develop/airflowtut/py_env/lib/python3.10/site-packages/airflow/example_dags/tutorial_taskflow_api.py took 0.557 seconds
[2024-08-09T19:43:48.169+0200] {processor.py:161} INFO - Started process (PID=17878) to work on /home/bvpelt/Develop/airflowtut/py_env/lib/python3.10/site-packages/airflow/example_dags/tutorial_taskflow_api.py
[2024-08-09T19:43:48.170+0200] {processor.py:830} INFO - Processing file /home/bvpelt/Develop/airflowtut/py_env/lib/python3.10/site-packages/airflow/example_dags/tutorial_taskflow_api.py for tasks to queue
[2024-08-09T19:43:48.171+0200] {logging_mixin.py:188} INFO - [2024-08-09T19:43:48.171+0200] {dagbag.py:545} INFO - Filling up the DagBag from /home/bvpelt/Develop/airflowtut/py_env/lib/python3.10/site-packages/airflow/example_dags/tutorial_taskflow_api.py
[2024-08-09T19:43:48.177+0200] {processor.py:840} INFO - DAG(s) 'tutorial_taskflow_api' retrieved from /home/bvpelt/Develop/airflowtut/py_env/lib/python3.10/site-packages/airflow/example_dags/tutorial_taskflow_api.py
[2024-08-09T19:43:48.191+0200] {logging_mixin.py:188} INFO - [2024-08-09T19:43:48.191+0200] {dag.py:3089} INFO - Sync 1 DAGs
[2024-08-09T19:43:48.200+0200] {logging_mixin.py:188} INFO - [2024-08-09T19:43:48.199+0200] {dag.py:3947} INFO - Setting next_dagrun for tutorial_taskflow_api to None, run_after=None
[2024-08-09T19:43:48.285+0200] {processor.py:183} INFO - Processing /home/bvpelt/Develop/airflowtut/py_env/lib/python3.10/site-packages/airflow/example_dags/tutorial_taskflow_api.py took 0.123 seconds
[2024-08-09T19:44:43.017+0200] {processor.py:161} INFO - Started process (PID=18146) to work on /home/bvpelt/Develop/airflowtut/py_env/lib/python3.10/site-packages/airflow/example_dags/tutorial_taskflow_api.py
[2024-08-09T19:44:43.017+0200] {processor.py:830} INFO - Processing file /home/bvpelt/Develop/airflowtut/py_env/lib/python3.10/site-packages/airflow/example_dags/tutorial_taskflow_api.py for tasks to queue
[2024-08-09T19:44:43.018+0200] {logging_mixin.py:188} INFO - [2024-08-09T19:44:43.018+0200] {dagbag.py:545} INFO - Filling up the DagBag from /home/bvpelt/Develop/airflowtut/py_env/lib/python3.10/site-packages/airflow/example_dags/tutorial_taskflow_api.py
[2024-08-09T19:44:43.021+0200] {processor.py:840} INFO - DAG(s) 'tutorial_taskflow_api' retrieved from /home/bvpelt/Develop/airflowtut/py_env/lib/python3.10/site-packages/airflow/example_dags/tutorial_taskflow_api.py
[2024-08-09T19:44:43.029+0200] {logging_mixin.py:188} INFO - [2024-08-09T19:44:43.029+0200] {dag.py:3089} INFO - Sync 1 DAGs
[2024-08-09T19:44:43.035+0200] {logging_mixin.py:188} INFO - [2024-08-09T19:44:43.035+0200] {dag.py:3947} INFO - Setting next_dagrun for tutorial_taskflow_api to None, run_after=None
[2024-08-09T19:44:43.143+0200] {processor.py:183} INFO - Processing /home/bvpelt/Develop/airflowtut/py_env/lib/python3.10/site-packages/airflow/example_dags/tutorial_taskflow_api.py took 0.129 seconds
[2024-08-09T19:45:36.954+0200] {processor.py:161} INFO - Started process (PID=18293) to work on /home/bvpelt/Develop/airflowtut/py_env/lib/python3.10/site-packages/airflow/example_dags/tutorial_taskflow_api.py
[2024-08-09T19:45:36.956+0200] {processor.py:830} INFO - Processing file /home/bvpelt/Develop/airflowtut/py_env/lib/python3.10/site-packages/airflow/example_dags/tutorial_taskflow_api.py for tasks to queue
[2024-08-09T19:45:36.959+0200] {logging_mixin.py:188} INFO - [2024-08-09T19:45:36.958+0200] {dagbag.py:545} INFO - Filling up the DagBag from /home/bvpelt/Develop/airflowtut/py_env/lib/python3.10/site-packages/airflow/example_dags/tutorial_taskflow_api.py
[2024-08-09T19:45:36.968+0200] {processor.py:840} INFO - DAG(s) 'tutorial_taskflow_api' retrieved from /home/bvpelt/Develop/airflowtut/py_env/lib/python3.10/site-packages/airflow/example_dags/tutorial_taskflow_api.py
[2024-08-09T19:45:36.982+0200] {logging_mixin.py:188} INFO - [2024-08-09T19:45:36.982+0200] {dag.py:3089} INFO - Sync 1 DAGs
[2024-08-09T19:45:36.991+0200] {logging_mixin.py:188} INFO - [2024-08-09T19:45:36.991+0200] {dag.py:3947} INFO - Setting next_dagrun for tutorial_taskflow_api to None, run_after=None
[2024-08-09T19:45:37.098+0200] {processor.py:183} INFO - Processing /home/bvpelt/Develop/airflowtut/py_env/lib/python3.10/site-packages/airflow/example_dags/tutorial_taskflow_api.py took 0.161 seconds
[2024-08-09T19:46:25.763+0200] {processor.py:161} INFO - Started process (PID=18593) to work on /home/bvpelt/Develop/airflowtut/py_env/lib/python3.10/site-packages/airflow/example_dags/tutorial_taskflow_api.py
[2024-08-09T19:46:25.764+0200] {processor.py:830} INFO - Processing file /home/bvpelt/Develop/airflowtut/py_env/lib/python3.10/site-packages/airflow/example_dags/tutorial_taskflow_api.py for tasks to queue
[2024-08-09T19:46:25.765+0200] {logging_mixin.py:188} INFO - [2024-08-09T19:46:25.765+0200] {dagbag.py:545} INFO - Filling up the DagBag from /home/bvpelt/Develop/airflowtut/py_env/lib/python3.10/site-packages/airflow/example_dags/tutorial_taskflow_api.py
[2024-08-09T19:46:25.769+0200] {processor.py:840} INFO - DAG(s) 'tutorial_taskflow_api' retrieved from /home/bvpelt/Develop/airflowtut/py_env/lib/python3.10/site-packages/airflow/example_dags/tutorial_taskflow_api.py
[2024-08-09T19:46:25.777+0200] {logging_mixin.py:188} INFO - [2024-08-09T19:46:25.777+0200] {dag.py:3089} INFO - Sync 1 DAGs
[2024-08-09T19:46:25.784+0200] {logging_mixin.py:188} INFO - [2024-08-09T19:46:25.784+0200] {dag.py:3947} INFO - Setting next_dagrun for tutorial_taskflow_api to None, run_after=None
[2024-08-09T19:46:25.910+0200] {processor.py:183} INFO - Processing /home/bvpelt/Develop/airflowtut/py_env/lib/python3.10/site-packages/airflow/example_dags/tutorial_taskflow_api.py took 0.149 seconds
[2024-08-09T19:47:06.680+0200] {processor.py:161} INFO - Started process (PID=18786) to work on /home/bvpelt/Develop/airflowtut/py_env/lib/python3.10/site-packages/airflow/example_dags/tutorial_taskflow_api.py
[2024-08-09T19:47:06.680+0200] {processor.py:830} INFO - Processing file /home/bvpelt/Develop/airflowtut/py_env/lib/python3.10/site-packages/airflow/example_dags/tutorial_taskflow_api.py for tasks to queue
[2024-08-09T19:47:06.681+0200] {logging_mixin.py:188} INFO - [2024-08-09T19:47:06.681+0200] {dagbag.py:545} INFO - Filling up the DagBag from /home/bvpelt/Develop/airflowtut/py_env/lib/python3.10/site-packages/airflow/example_dags/tutorial_taskflow_api.py
[2024-08-09T19:47:06.685+0200] {processor.py:840} INFO - DAG(s) 'tutorial_taskflow_api' retrieved from /home/bvpelt/Develop/airflowtut/py_env/lib/python3.10/site-packages/airflow/example_dags/tutorial_taskflow_api.py
[2024-08-09T19:47:06.693+0200] {logging_mixin.py:188} INFO - [2024-08-09T19:47:06.693+0200] {dag.py:3089} INFO - Sync 1 DAGs
[2024-08-09T19:47:06.700+0200] {logging_mixin.py:188} INFO - [2024-08-09T19:47:06.700+0200] {dag.py:3947} INFO - Setting next_dagrun for tutorial_taskflow_api to None, run_after=None
[2024-08-09T19:47:06.799+0200] {processor.py:183} INFO - Processing /home/bvpelt/Develop/airflowtut/py_env/lib/python3.10/site-packages/airflow/example_dags/tutorial_taskflow_api.py took 0.124 seconds
[2024-08-09T19:47:56.867+0200] {processor.py:161} INFO - Started process (PID=19015) to work on /home/bvpelt/Develop/airflowtut/py_env/lib/python3.10/site-packages/airflow/example_dags/tutorial_taskflow_api.py
[2024-08-09T19:47:56.867+0200] {processor.py:830} INFO - Processing file /home/bvpelt/Develop/airflowtut/py_env/lib/python3.10/site-packages/airflow/example_dags/tutorial_taskflow_api.py for tasks to queue
[2024-08-09T19:47:56.868+0200] {logging_mixin.py:188} INFO - [2024-08-09T19:47:56.868+0200] {dagbag.py:545} INFO - Filling up the DagBag from /home/bvpelt/Develop/airflowtut/py_env/lib/python3.10/site-packages/airflow/example_dags/tutorial_taskflow_api.py
[2024-08-09T19:47:56.872+0200] {processor.py:840} INFO - DAG(s) 'tutorial_taskflow_api' retrieved from /home/bvpelt/Develop/airflowtut/py_env/lib/python3.10/site-packages/airflow/example_dags/tutorial_taskflow_api.py
[2024-08-09T19:47:56.886+0200] {logging_mixin.py:188} INFO - [2024-08-09T19:47:56.885+0200] {dag.py:3089} INFO - Sync 1 DAGs
[2024-08-09T19:47:56.894+0200] {logging_mixin.py:188} INFO - [2024-08-09T19:47:56.894+0200] {dag.py:3947} INFO - Setting next_dagrun for tutorial_taskflow_api to None, run_after=None
[2024-08-09T19:47:57.014+0200] {processor.py:183} INFO - Processing /home/bvpelt/Develop/airflowtut/py_env/lib/python3.10/site-packages/airflow/example_dags/tutorial_taskflow_api.py took 0.151 seconds
[2024-08-09T19:48:48.041+0200] {processor.py:161} INFO - Started process (PID=19124) to work on /home/bvpelt/Develop/airflowtut/py_env/lib/python3.10/site-packages/airflow/example_dags/tutorial_taskflow_api.py
[2024-08-09T19:48:48.042+0200] {processor.py:830} INFO - Processing file /home/bvpelt/Develop/airflowtut/py_env/lib/python3.10/site-packages/airflow/example_dags/tutorial_taskflow_api.py for tasks to queue
[2024-08-09T19:48:48.043+0200] {logging_mixin.py:188} INFO - [2024-08-09T19:48:48.043+0200] {dagbag.py:545} INFO - Filling up the DagBag from /home/bvpelt/Develop/airflowtut/py_env/lib/python3.10/site-packages/airflow/example_dags/tutorial_taskflow_api.py
[2024-08-09T19:48:48.046+0200] {processor.py:840} INFO - DAG(s) 'tutorial_taskflow_api' retrieved from /home/bvpelt/Develop/airflowtut/py_env/lib/python3.10/site-packages/airflow/example_dags/tutorial_taskflow_api.py
[2024-08-09T19:48:48.054+0200] {logging_mixin.py:188} INFO - [2024-08-09T19:48:48.054+0200] {dag.py:3089} INFO - Sync 1 DAGs
[2024-08-09T19:48:48.061+0200] {logging_mixin.py:188} INFO - [2024-08-09T19:48:48.060+0200] {dag.py:3947} INFO - Setting next_dagrun for tutorial_taskflow_api to None, run_after=None
[2024-08-09T19:48:48.195+0200] {processor.py:183} INFO - Processing /home/bvpelt/Develop/airflowtut/py_env/lib/python3.10/site-packages/airflow/example_dags/tutorial_taskflow_api.py took 0.156 seconds
[2024-08-09T19:49:37.539+0200] {processor.py:161} INFO - Started process (PID=19208) to work on /home/bvpelt/Develop/airflowtut/py_env/lib/python3.10/site-packages/airflow/example_dags/tutorial_taskflow_api.py
[2024-08-09T19:49:37.539+0200] {processor.py:830} INFO - Processing file /home/bvpelt/Develop/airflowtut/py_env/lib/python3.10/site-packages/airflow/example_dags/tutorial_taskflow_api.py for tasks to queue
[2024-08-09T19:49:37.540+0200] {logging_mixin.py:188} INFO - [2024-08-09T19:49:37.540+0200] {dagbag.py:545} INFO - Filling up the DagBag from /home/bvpelt/Develop/airflowtut/py_env/lib/python3.10/site-packages/airflow/example_dags/tutorial_taskflow_api.py
[2024-08-09T19:49:37.544+0200] {processor.py:840} INFO - DAG(s) 'tutorial_taskflow_api' retrieved from /home/bvpelt/Develop/airflowtut/py_env/lib/python3.10/site-packages/airflow/example_dags/tutorial_taskflow_api.py
[2024-08-09T19:49:37.552+0200] {logging_mixin.py:188} INFO - [2024-08-09T19:49:37.552+0200] {dag.py:3089} INFO - Sync 1 DAGs
[2024-08-09T19:49:37.558+0200] {logging_mixin.py:188} INFO - [2024-08-09T19:49:37.558+0200] {dag.py:3947} INFO - Setting next_dagrun for tutorial_taskflow_api to None, run_after=None
[2024-08-09T19:49:37.700+0200] {processor.py:183} INFO - Processing /home/bvpelt/Develop/airflowtut/py_env/lib/python3.10/site-packages/airflow/example_dags/tutorial_taskflow_api.py took 0.164 seconds
[2024-08-09T19:50:30.322+0200] {processor.py:161} INFO - Started process (PID=19362) to work on /home/bvpelt/Develop/airflowtut/py_env/lib/python3.10/site-packages/airflow/example_dags/tutorial_taskflow_api.py
[2024-08-09T19:50:30.339+0200] {processor.py:830} INFO - Processing file /home/bvpelt/Develop/airflowtut/py_env/lib/python3.10/site-packages/airflow/example_dags/tutorial_taskflow_api.py for tasks to queue
[2024-08-09T19:50:30.340+0200] {logging_mixin.py:188} INFO - [2024-08-09T19:50:30.340+0200] {dagbag.py:545} INFO - Filling up the DagBag from /home/bvpelt/Develop/airflowtut/py_env/lib/python3.10/site-packages/airflow/example_dags/tutorial_taskflow_api.py
[2024-08-09T19:50:30.345+0200] {processor.py:840} INFO - DAG(s) 'tutorial_taskflow_api' retrieved from /home/bvpelt/Develop/airflowtut/py_env/lib/python3.10/site-packages/airflow/example_dags/tutorial_taskflow_api.py
[2024-08-09T19:50:30.353+0200] {logging_mixin.py:188} INFO - [2024-08-09T19:50:30.352+0200] {dag.py:3089} INFO - Sync 1 DAGs
[2024-08-09T19:50:30.359+0200] {logging_mixin.py:188} INFO - [2024-08-09T19:50:30.359+0200] {dag.py:3947} INFO - Setting next_dagrun for tutorial_taskflow_api to None, run_after=None
[2024-08-09T19:50:30.437+0200] {processor.py:183} INFO - Processing /home/bvpelt/Develop/airflowtut/py_env/lib/python3.10/site-packages/airflow/example_dags/tutorial_taskflow_api.py took 0.119 seconds
[2024-08-09T19:51:21.207+0200] {processor.py:161} INFO - Started process (PID=19519) to work on /home/bvpelt/Develop/airflowtut/py_env/lib/python3.10/site-packages/airflow/example_dags/tutorial_taskflow_api.py
[2024-08-09T19:51:21.234+0200] {processor.py:830} INFO - Processing file /home/bvpelt/Develop/airflowtut/py_env/lib/python3.10/site-packages/airflow/example_dags/tutorial_taskflow_api.py for tasks to queue
[2024-08-09T19:51:21.235+0200] {logging_mixin.py:188} INFO - [2024-08-09T19:51:21.235+0200] {dagbag.py:545} INFO - Filling up the DagBag from /home/bvpelt/Develop/airflowtut/py_env/lib/python3.10/site-packages/airflow/example_dags/tutorial_taskflow_api.py
[2024-08-09T19:51:21.241+0200] {processor.py:840} INFO - DAG(s) 'tutorial_taskflow_api' retrieved from /home/bvpelt/Develop/airflowtut/py_env/lib/python3.10/site-packages/airflow/example_dags/tutorial_taskflow_api.py
[2024-08-09T19:51:21.255+0200] {logging_mixin.py:188} INFO - [2024-08-09T19:51:21.254+0200] {dag.py:3089} INFO - Sync 1 DAGs
[2024-08-09T19:51:21.265+0200] {logging_mixin.py:188} INFO - [2024-08-09T19:51:21.265+0200] {dag.py:3947} INFO - Setting next_dagrun for tutorial_taskflow_api to None, run_after=None
[2024-08-09T19:51:21.371+0200] {processor.py:183} INFO - Processing /home/bvpelt/Develop/airflowtut/py_env/lib/python3.10/site-packages/airflow/example_dags/tutorial_taskflow_api.py took 0.167 seconds
[2024-08-09T19:52:30.738+0200] {processor.py:161} INFO - Started process (PID=20006) to work on /home/bvpelt/Develop/airflowtut/py_env/lib/python3.10/site-packages/airflow/example_dags/tutorial_taskflow_api.py
[2024-08-09T19:52:30.753+0200] {processor.py:830} INFO - Processing file /home/bvpelt/Develop/airflowtut/py_env/lib/python3.10/site-packages/airflow/example_dags/tutorial_taskflow_api.py for tasks to queue
[2024-08-09T19:52:30.754+0200] {logging_mixin.py:188} INFO - [2024-08-09T19:52:30.753+0200] {dagbag.py:545} INFO - Filling up the DagBag from /home/bvpelt/Develop/airflowtut/py_env/lib/python3.10/site-packages/airflow/example_dags/tutorial_taskflow_api.py
[2024-08-09T19:52:30.758+0200] {processor.py:840} INFO - DAG(s) 'tutorial_taskflow_api' retrieved from /home/bvpelt/Develop/airflowtut/py_env/lib/python3.10/site-packages/airflow/example_dags/tutorial_taskflow_api.py
[2024-08-09T19:52:30.768+0200] {logging_mixin.py:188} INFO - [2024-08-09T19:52:30.768+0200] {dag.py:3089} INFO - Sync 1 DAGs
[2024-08-09T19:52:30.776+0200] {logging_mixin.py:188} INFO - [2024-08-09T19:52:30.776+0200] {dag.py:3947} INFO - Setting next_dagrun for tutorial_taskflow_api to None, run_after=None
[2024-08-09T19:52:30.861+0200] {processor.py:183} INFO - Processing /home/bvpelt/Develop/airflowtut/py_env/lib/python3.10/site-packages/airflow/example_dags/tutorial_taskflow_api.py took 0.125 seconds
[2024-08-09T19:53:15.763+0200] {processor.py:161} INFO - Started process (PID=20085) to work on /home/bvpelt/Develop/airflowtut/py_env/lib/python3.10/site-packages/airflow/example_dags/tutorial_taskflow_api.py
[2024-08-09T19:53:15.779+0200] {processor.py:830} INFO - Processing file /home/bvpelt/Develop/airflowtut/py_env/lib/python3.10/site-packages/airflow/example_dags/tutorial_taskflow_api.py for tasks to queue
[2024-08-09T19:53:15.783+0200] {logging_mixin.py:188} INFO - [2024-08-09T19:53:15.782+0200] {dagbag.py:545} INFO - Filling up the DagBag from /home/bvpelt/Develop/airflowtut/py_env/lib/python3.10/site-packages/airflow/example_dags/tutorial_taskflow_api.py
[2024-08-09T19:53:15.800+0200] {processor.py:840} INFO - DAG(s) 'tutorial_taskflow_api' retrieved from /home/bvpelt/Develop/airflowtut/py_env/lib/python3.10/site-packages/airflow/example_dags/tutorial_taskflow_api.py
[2024-08-09T19:53:15.823+0200] {logging_mixin.py:188} INFO - [2024-08-09T19:53:15.822+0200] {dag.py:3089} INFO - Sync 1 DAGs
[2024-08-09T19:53:15.833+0200] {logging_mixin.py:188} INFO - [2024-08-09T19:53:15.832+0200] {dag.py:3947} INFO - Setting next_dagrun for tutorial_taskflow_api to None, run_after=None
[2024-08-09T19:53:15.924+0200] {processor.py:183} INFO - Processing /home/bvpelt/Develop/airflowtut/py_env/lib/python3.10/site-packages/airflow/example_dags/tutorial_taskflow_api.py took 0.164 seconds
[2024-08-09T19:54:09.769+0200] {processor.py:161} INFO - Started process (PID=20146) to work on /home/bvpelt/Develop/airflowtut/py_env/lib/python3.10/site-packages/airflow/example_dags/tutorial_taskflow_api.py
[2024-08-09T19:54:09.783+0200] {processor.py:830} INFO - Processing file /home/bvpelt/Develop/airflowtut/py_env/lib/python3.10/site-packages/airflow/example_dags/tutorial_taskflow_api.py for tasks to queue
[2024-08-09T19:54:09.784+0200] {logging_mixin.py:188} INFO - [2024-08-09T19:54:09.783+0200] {dagbag.py:545} INFO - Filling up the DagBag from /home/bvpelt/Develop/airflowtut/py_env/lib/python3.10/site-packages/airflow/example_dags/tutorial_taskflow_api.py
[2024-08-09T19:54:09.788+0200] {processor.py:840} INFO - DAG(s) 'tutorial_taskflow_api' retrieved from /home/bvpelt/Develop/airflowtut/py_env/lib/python3.10/site-packages/airflow/example_dags/tutorial_taskflow_api.py
[2024-08-09T19:54:09.796+0200] {logging_mixin.py:188} INFO - [2024-08-09T19:54:09.796+0200] {dag.py:3089} INFO - Sync 1 DAGs
[2024-08-09T19:54:09.802+0200] {logging_mixin.py:188} INFO - [2024-08-09T19:54:09.802+0200] {dag.py:3947} INFO - Setting next_dagrun for tutorial_taskflow_api to None, run_after=None
[2024-08-09T19:54:09.876+0200] {processor.py:183} INFO - Processing /home/bvpelt/Develop/airflowtut/py_env/lib/python3.10/site-packages/airflow/example_dags/tutorial_taskflow_api.py took 0.110 seconds
[2024-08-09T19:55:02.793+0200] {processor.py:161} INFO - Started process (PID=20225) to work on /home/bvpelt/Develop/airflowtut/py_env/lib/python3.10/site-packages/airflow/example_dags/tutorial_taskflow_api.py
[2024-08-09T19:55:02.820+0200] {processor.py:830} INFO - Processing file /home/bvpelt/Develop/airflowtut/py_env/lib/python3.10/site-packages/airflow/example_dags/tutorial_taskflow_api.py for tasks to queue
[2024-08-09T19:55:02.821+0200] {logging_mixin.py:188} INFO - [2024-08-09T19:55:02.821+0200] {dagbag.py:545} INFO - Filling up the DagBag from /home/bvpelt/Develop/airflowtut/py_env/lib/python3.10/site-packages/airflow/example_dags/tutorial_taskflow_api.py
[2024-08-09T19:55:02.827+0200] {processor.py:840} INFO - DAG(s) 'tutorial_taskflow_api' retrieved from /home/bvpelt/Develop/airflowtut/py_env/lib/python3.10/site-packages/airflow/example_dags/tutorial_taskflow_api.py
[2024-08-09T19:55:02.842+0200] {logging_mixin.py:188} INFO - [2024-08-09T19:55:02.842+0200] {dag.py:3089} INFO - Sync 1 DAGs
[2024-08-09T19:55:02.854+0200] {logging_mixin.py:188} INFO - [2024-08-09T19:55:02.854+0200] {dag.py:3947} INFO - Setting next_dagrun for tutorial_taskflow_api to None, run_after=None
[2024-08-09T19:55:02.946+0200] {processor.py:183} INFO - Processing /home/bvpelt/Develop/airflowtut/py_env/lib/python3.10/site-packages/airflow/example_dags/tutorial_taskflow_api.py took 0.156 seconds
[2024-08-09T19:55:50.605+0200] {processor.py:161} INFO - Started process (PID=20312) to work on /home/bvpelt/Develop/airflowtut/py_env/lib/python3.10/site-packages/airflow/example_dags/tutorial_taskflow_api.py
[2024-08-09T19:55:50.606+0200] {processor.py:830} INFO - Processing file /home/bvpelt/Develop/airflowtut/py_env/lib/python3.10/site-packages/airflow/example_dags/tutorial_taskflow_api.py for tasks to queue
[2024-08-09T19:55:50.606+0200] {logging_mixin.py:188} INFO - [2024-08-09T19:55:50.606+0200] {dagbag.py:545} INFO - Filling up the DagBag from /home/bvpelt/Develop/airflowtut/py_env/lib/python3.10/site-packages/airflow/example_dags/tutorial_taskflow_api.py
[2024-08-09T19:55:50.610+0200] {processor.py:840} INFO - DAG(s) 'tutorial_taskflow_api' retrieved from /home/bvpelt/Develop/airflowtut/py_env/lib/python3.10/site-packages/airflow/example_dags/tutorial_taskflow_api.py
[2024-08-09T19:55:50.618+0200] {logging_mixin.py:188} INFO - [2024-08-09T19:55:50.618+0200] {dag.py:3089} INFO - Sync 1 DAGs
[2024-08-09T19:55:50.624+0200] {logging_mixin.py:188} INFO - [2024-08-09T19:55:50.624+0200] {dag.py:3947} INFO - Setting next_dagrun for tutorial_taskflow_api to None, run_after=None
[2024-08-09T19:55:50.706+0200] {processor.py:183} INFO - Processing /home/bvpelt/Develop/airflowtut/py_env/lib/python3.10/site-packages/airflow/example_dags/tutorial_taskflow_api.py took 0.104 seconds
[2024-08-09T19:56:38.002+0200] {processor.py:161} INFO - Started process (PID=20368) to work on /home/bvpelt/Develop/airflowtut/py_env/lib/python3.10/site-packages/airflow/example_dags/tutorial_taskflow_api.py
[2024-08-09T19:56:38.002+0200] {processor.py:830} INFO - Processing file /home/bvpelt/Develop/airflowtut/py_env/lib/python3.10/site-packages/airflow/example_dags/tutorial_taskflow_api.py for tasks to queue
[2024-08-09T19:56:38.003+0200] {logging_mixin.py:188} INFO - [2024-08-09T19:56:38.003+0200] {dagbag.py:545} INFO - Filling up the DagBag from /home/bvpelt/Develop/airflowtut/py_env/lib/python3.10/site-packages/airflow/example_dags/tutorial_taskflow_api.py
[2024-08-09T19:56:38.007+0200] {processor.py:840} INFO - DAG(s) 'tutorial_taskflow_api' retrieved from /home/bvpelt/Develop/airflowtut/py_env/lib/python3.10/site-packages/airflow/example_dags/tutorial_taskflow_api.py
[2024-08-09T19:56:38.015+0200] {logging_mixin.py:188} INFO - [2024-08-09T19:56:38.015+0200] {dag.py:3089} INFO - Sync 1 DAGs
[2024-08-09T19:56:38.022+0200] {logging_mixin.py:188} INFO - [2024-08-09T19:56:38.022+0200] {dag.py:3947} INFO - Setting next_dagrun for tutorial_taskflow_api to None, run_after=None
[2024-08-09T19:56:38.106+0200] {processor.py:183} INFO - Processing /home/bvpelt/Develop/airflowtut/py_env/lib/python3.10/site-packages/airflow/example_dags/tutorial_taskflow_api.py took 0.107 seconds
[2024-08-09T19:57:30.081+0200] {processor.py:161} INFO - Started process (PID=20495) to work on /home/bvpelt/Develop/airflowtut/py_env/lib/python3.10/site-packages/airflow/example_dags/tutorial_taskflow_api.py
[2024-08-09T19:57:30.084+0200] {processor.py:830} INFO - Processing file /home/bvpelt/Develop/airflowtut/py_env/lib/python3.10/site-packages/airflow/example_dags/tutorial_taskflow_api.py for tasks to queue
[2024-08-09T19:57:30.087+0200] {logging_mixin.py:188} INFO - [2024-08-09T19:57:30.087+0200] {dagbag.py:545} INFO - Filling up the DagBag from /home/bvpelt/Develop/airflowtut/py_env/lib/python3.10/site-packages/airflow/example_dags/tutorial_taskflow_api.py
[2024-08-09T19:57:30.097+0200] {processor.py:840} INFO - DAG(s) 'tutorial_taskflow_api' retrieved from /home/bvpelt/Develop/airflowtut/py_env/lib/python3.10/site-packages/airflow/example_dags/tutorial_taskflow_api.py
[2024-08-09T19:57:30.111+0200] {logging_mixin.py:188} INFO - [2024-08-09T19:57:30.111+0200] {dag.py:3089} INFO - Sync 1 DAGs
[2024-08-09T19:57:30.120+0200] {logging_mixin.py:188} INFO - [2024-08-09T19:57:30.120+0200] {dag.py:3947} INFO - Setting next_dagrun for tutorial_taskflow_api to None, run_after=None
[2024-08-09T19:57:30.190+0200] {processor.py:183} INFO - Processing /home/bvpelt/Develop/airflowtut/py_env/lib/python3.10/site-packages/airflow/example_dags/tutorial_taskflow_api.py took 0.125 seconds
[2024-08-09T19:58:19.966+0200] {processor.py:161} INFO - Started process (PID=20598) to work on /home/bvpelt/Develop/airflowtut/py_env/lib/python3.10/site-packages/airflow/example_dags/tutorial_taskflow_api.py
[2024-08-09T19:58:19.966+0200] {processor.py:830} INFO - Processing file /home/bvpelt/Develop/airflowtut/py_env/lib/python3.10/site-packages/airflow/example_dags/tutorial_taskflow_api.py for tasks to queue
[2024-08-09T19:58:19.967+0200] {logging_mixin.py:188} INFO - [2024-08-09T19:58:19.967+0200] {dagbag.py:545} INFO - Filling up the DagBag from /home/bvpelt/Develop/airflowtut/py_env/lib/python3.10/site-packages/airflow/example_dags/tutorial_taskflow_api.py
[2024-08-09T19:58:19.971+0200] {processor.py:840} INFO - DAG(s) 'tutorial_taskflow_api' retrieved from /home/bvpelt/Develop/airflowtut/py_env/lib/python3.10/site-packages/airflow/example_dags/tutorial_taskflow_api.py
[2024-08-09T19:58:19.979+0200] {logging_mixin.py:188} INFO - [2024-08-09T19:58:19.979+0200] {dag.py:3089} INFO - Sync 1 DAGs
[2024-08-09T19:58:19.986+0200] {logging_mixin.py:188} INFO - [2024-08-09T19:58:19.986+0200] {dag.py:3947} INFO - Setting next_dagrun for tutorial_taskflow_api to None, run_after=None
[2024-08-09T19:58:20.063+0200] {processor.py:183} INFO - Processing /home/bvpelt/Develop/airflowtut/py_env/lib/python3.10/site-packages/airflow/example_dags/tutorial_taskflow_api.py took 0.100 seconds
[2024-08-09T19:59:18.760+0200] {processor.py:161} INFO - Started process (PID=20694) to work on /home/bvpelt/Develop/airflowtut/py_env/lib/python3.10/site-packages/airflow/example_dags/tutorial_taskflow_api.py
[2024-08-09T19:59:18.760+0200] {processor.py:830} INFO - Processing file /home/bvpelt/Develop/airflowtut/py_env/lib/python3.10/site-packages/airflow/example_dags/tutorial_taskflow_api.py for tasks to queue
[2024-08-09T19:59:18.761+0200] {logging_mixin.py:188} INFO - [2024-08-09T19:59:18.761+0200] {dagbag.py:545} INFO - Filling up the DagBag from /home/bvpelt/Develop/airflowtut/py_env/lib/python3.10/site-packages/airflow/example_dags/tutorial_taskflow_api.py
[2024-08-09T19:59:18.764+0200] {processor.py:840} INFO - DAG(s) 'tutorial_taskflow_api' retrieved from /home/bvpelt/Develop/airflowtut/py_env/lib/python3.10/site-packages/airflow/example_dags/tutorial_taskflow_api.py
[2024-08-09T19:59:18.772+0200] {logging_mixin.py:188} INFO - [2024-08-09T19:59:18.772+0200] {dag.py:3089} INFO - Sync 1 DAGs
[2024-08-09T19:59:18.780+0200] {logging_mixin.py:188} INFO - [2024-08-09T19:59:18.780+0200] {dag.py:3947} INFO - Setting next_dagrun for tutorial_taskflow_api to None, run_after=None
[2024-08-09T19:59:18.870+0200] {processor.py:183} INFO - Processing /home/bvpelt/Develop/airflowtut/py_env/lib/python3.10/site-packages/airflow/example_dags/tutorial_taskflow_api.py took 0.114 seconds
[2024-08-09T20:00:12.111+0200] {processor.py:161} INFO - Started process (PID=20772) to work on /home/bvpelt/Develop/airflowtut/py_env/lib/python3.10/site-packages/airflow/example_dags/tutorial_taskflow_api.py
[2024-08-09T20:00:12.139+0200] {processor.py:830} INFO - Processing file /home/bvpelt/Develop/airflowtut/py_env/lib/python3.10/site-packages/airflow/example_dags/tutorial_taskflow_api.py for tasks to queue
[2024-08-09T20:00:12.140+0200] {logging_mixin.py:188} INFO - [2024-08-09T20:00:12.140+0200] {dagbag.py:545} INFO - Filling up the DagBag from /home/bvpelt/Develop/airflowtut/py_env/lib/python3.10/site-packages/airflow/example_dags/tutorial_taskflow_api.py
[2024-08-09T20:00:12.146+0200] {processor.py:840} INFO - DAG(s) 'tutorial_taskflow_api' retrieved from /home/bvpelt/Develop/airflowtut/py_env/lib/python3.10/site-packages/airflow/example_dags/tutorial_taskflow_api.py
[2024-08-09T20:00:12.153+0200] {logging_mixin.py:188} INFO - [2024-08-09T20:00:12.153+0200] {dag.py:3089} INFO - Sync 1 DAGs
[2024-08-09T20:00:12.160+0200] {logging_mixin.py:188} INFO - [2024-08-09T20:00:12.159+0200] {dag.py:3947} INFO - Setting next_dagrun for tutorial_taskflow_api to None, run_after=None
[2024-08-09T20:00:12.232+0200] {processor.py:183} INFO - Processing /home/bvpelt/Develop/airflowtut/py_env/lib/python3.10/site-packages/airflow/example_dags/tutorial_taskflow_api.py took 0.124 seconds
[2024-08-09T20:01:02.434+0200] {processor.py:161} INFO - Started process (PID=20829) to work on /home/bvpelt/Develop/airflowtut/py_env/lib/python3.10/site-packages/airflow/example_dags/tutorial_taskflow_api.py
[2024-08-09T20:01:02.448+0200] {processor.py:830} INFO - Processing file /home/bvpelt/Develop/airflowtut/py_env/lib/python3.10/site-packages/airflow/example_dags/tutorial_taskflow_api.py for tasks to queue
[2024-08-09T20:01:02.449+0200] {logging_mixin.py:188} INFO - [2024-08-09T20:01:02.449+0200] {dagbag.py:545} INFO - Filling up the DagBag from /home/bvpelt/Develop/airflowtut/py_env/lib/python3.10/site-packages/airflow/example_dags/tutorial_taskflow_api.py
[2024-08-09T20:01:02.452+0200] {processor.py:840} INFO - DAG(s) 'tutorial_taskflow_api' retrieved from /home/bvpelt/Develop/airflowtut/py_env/lib/python3.10/site-packages/airflow/example_dags/tutorial_taskflow_api.py
[2024-08-09T20:01:02.462+0200] {logging_mixin.py:188} INFO - [2024-08-09T20:01:02.462+0200] {dag.py:3089} INFO - Sync 1 DAGs
[2024-08-09T20:01:02.469+0200] {logging_mixin.py:188} INFO - [2024-08-09T20:01:02.469+0200] {dag.py:3947} INFO - Setting next_dagrun for tutorial_taskflow_api to None, run_after=None
[2024-08-09T20:01:02.536+0200] {processor.py:183} INFO - Processing /home/bvpelt/Develop/airflowtut/py_env/lib/python3.10/site-packages/airflow/example_dags/tutorial_taskflow_api.py took 0.105 seconds
[2024-08-09T20:01:52.011+0200] {processor.py:161} INFO - Started process (PID=20963) to work on /home/bvpelt/Develop/airflowtut/py_env/lib/python3.10/site-packages/airflow/example_dags/tutorial_taskflow_api.py
[2024-08-09T20:01:52.020+0200] {processor.py:830} INFO - Processing file /home/bvpelt/Develop/airflowtut/py_env/lib/python3.10/site-packages/airflow/example_dags/tutorial_taskflow_api.py for tasks to queue
[2024-08-09T20:01:52.021+0200] {logging_mixin.py:188} INFO - [2024-08-09T20:01:52.021+0200] {dagbag.py:545} INFO - Filling up the DagBag from /home/bvpelt/Develop/airflowtut/py_env/lib/python3.10/site-packages/airflow/example_dags/tutorial_taskflow_api.py
[2024-08-09T20:01:52.025+0200] {processor.py:840} INFO - DAG(s) 'tutorial_taskflow_api' retrieved from /home/bvpelt/Develop/airflowtut/py_env/lib/python3.10/site-packages/airflow/example_dags/tutorial_taskflow_api.py
[2024-08-09T20:01:52.035+0200] {logging_mixin.py:188} INFO - [2024-08-09T20:01:52.035+0200] {dag.py:3089} INFO - Sync 1 DAGs
[2024-08-09T20:01:52.042+0200] {logging_mixin.py:188} INFO - [2024-08-09T20:01:52.042+0200] {dag.py:3947} INFO - Setting next_dagrun for tutorial_taskflow_api to None, run_after=None
[2024-08-09T20:01:52.109+0200] {processor.py:183} INFO - Processing /home/bvpelt/Develop/airflowtut/py_env/lib/python3.10/site-packages/airflow/example_dags/tutorial_taskflow_api.py took 0.100 seconds
[2024-08-09T20:02:44.037+0200] {processor.py:161} INFO - Started process (PID=21058) to work on /home/bvpelt/Develop/airflowtut/py_env/lib/python3.10/site-packages/airflow/example_dags/tutorial_taskflow_api.py
[2024-08-09T20:02:44.037+0200] {processor.py:830} INFO - Processing file /home/bvpelt/Develop/airflowtut/py_env/lib/python3.10/site-packages/airflow/example_dags/tutorial_taskflow_api.py for tasks to queue
[2024-08-09T20:02:44.038+0200] {logging_mixin.py:188} INFO - [2024-08-09T20:02:44.038+0200] {dagbag.py:545} INFO - Filling up the DagBag from /home/bvpelt/Develop/airflowtut/py_env/lib/python3.10/site-packages/airflow/example_dags/tutorial_taskflow_api.py
[2024-08-09T20:02:44.042+0200] {processor.py:840} INFO - DAG(s) 'tutorial_taskflow_api' retrieved from /home/bvpelt/Develop/airflowtut/py_env/lib/python3.10/site-packages/airflow/example_dags/tutorial_taskflow_api.py
[2024-08-09T20:02:44.050+0200] {logging_mixin.py:188} INFO - [2024-08-09T20:02:44.050+0200] {dag.py:3089} INFO - Sync 1 DAGs
[2024-08-09T20:02:44.056+0200] {logging_mixin.py:188} INFO - [2024-08-09T20:02:44.056+0200] {dag.py:3947} INFO - Setting next_dagrun for tutorial_taskflow_api to None, run_after=None
[2024-08-09T20:02:44.174+0200] {processor.py:183} INFO - Processing /home/bvpelt/Develop/airflowtut/py_env/lib/python3.10/site-packages/airflow/example_dags/tutorial_taskflow_api.py took 0.140 seconds
[2024-08-09T20:03:42.490+0200] {processor.py:161} INFO - Started process (PID=21113) to work on /home/bvpelt/Develop/airflowtut/py_env/lib/python3.10/site-packages/airflow/example_dags/tutorial_taskflow_api.py
[2024-08-09T20:03:42.490+0200] {processor.py:830} INFO - Processing file /home/bvpelt/Develop/airflowtut/py_env/lib/python3.10/site-packages/airflow/example_dags/tutorial_taskflow_api.py for tasks to queue
[2024-08-09T20:03:42.491+0200] {logging_mixin.py:188} INFO - [2024-08-09T20:03:42.491+0200] {dagbag.py:545} INFO - Filling up the DagBag from /home/bvpelt/Develop/airflowtut/py_env/lib/python3.10/site-packages/airflow/example_dags/tutorial_taskflow_api.py
[2024-08-09T20:03:42.495+0200] {processor.py:840} INFO - DAG(s) 'tutorial_taskflow_api' retrieved from /home/bvpelt/Develop/airflowtut/py_env/lib/python3.10/site-packages/airflow/example_dags/tutorial_taskflow_api.py
[2024-08-09T20:03:42.504+0200] {logging_mixin.py:188} INFO - [2024-08-09T20:03:42.504+0200] {dag.py:3089} INFO - Sync 1 DAGs
[2024-08-09T20:03:42.511+0200] {logging_mixin.py:188} INFO - [2024-08-09T20:03:42.511+0200] {dag.py:3947} INFO - Setting next_dagrun for tutorial_taskflow_api to None, run_after=None
[2024-08-09T20:03:42.604+0200] {processor.py:183} INFO - Processing /home/bvpelt/Develop/airflowtut/py_env/lib/python3.10/site-packages/airflow/example_dags/tutorial_taskflow_api.py took 0.117 seconds
[2024-08-09T20:04:36.269+0200] {processor.py:161} INFO - Started process (PID=21202) to work on /home/bvpelt/Develop/airflowtut/py_env/lib/python3.10/site-packages/airflow/example_dags/tutorial_taskflow_api.py
[2024-08-09T20:04:36.270+0200] {processor.py:830} INFO - Processing file /home/bvpelt/Develop/airflowtut/py_env/lib/python3.10/site-packages/airflow/example_dags/tutorial_taskflow_api.py for tasks to queue
[2024-08-09T20:04:36.271+0200] {logging_mixin.py:188} INFO - [2024-08-09T20:04:36.271+0200] {dagbag.py:545} INFO - Filling up the DagBag from /home/bvpelt/Develop/airflowtut/py_env/lib/python3.10/site-packages/airflow/example_dags/tutorial_taskflow_api.py
[2024-08-09T20:04:36.274+0200] {processor.py:840} INFO - DAG(s) 'tutorial_taskflow_api' retrieved from /home/bvpelt/Develop/airflowtut/py_env/lib/python3.10/site-packages/airflow/example_dags/tutorial_taskflow_api.py
[2024-08-09T20:04:36.282+0200] {logging_mixin.py:188} INFO - [2024-08-09T20:04:36.282+0200] {dag.py:3089} INFO - Sync 1 DAGs
[2024-08-09T20:04:36.288+0200] {logging_mixin.py:188} INFO - [2024-08-09T20:04:36.288+0200] {dag.py:3947} INFO - Setting next_dagrun for tutorial_taskflow_api to None, run_after=None
[2024-08-09T20:04:36.392+0200] {processor.py:183} INFO - Processing /home/bvpelt/Develop/airflowtut/py_env/lib/python3.10/site-packages/airflow/example_dags/tutorial_taskflow_api.py took 0.126 seconds
[2024-08-09T20:05:26.178+0200] {processor.py:161} INFO - Started process (PID=21359) to work on /home/bvpelt/Develop/airflowtut/py_env/lib/python3.10/site-packages/airflow/example_dags/tutorial_taskflow_api.py
[2024-08-09T20:05:26.270+0200] {processor.py:830} INFO - Processing file /home/bvpelt/Develop/airflowtut/py_env/lib/python3.10/site-packages/airflow/example_dags/tutorial_taskflow_api.py for tasks to queue
[2024-08-09T20:05:26.271+0200] {logging_mixin.py:188} INFO - [2024-08-09T20:05:26.270+0200] {dagbag.py:545} INFO - Filling up the DagBag from /home/bvpelt/Develop/airflowtut/py_env/lib/python3.10/site-packages/airflow/example_dags/tutorial_taskflow_api.py
[2024-08-09T20:05:26.276+0200] {processor.py:840} INFO - DAG(s) 'tutorial_taskflow_api' retrieved from /home/bvpelt/Develop/airflowtut/py_env/lib/python3.10/site-packages/airflow/example_dags/tutorial_taskflow_api.py
[2024-08-09T20:05:26.284+0200] {logging_mixin.py:188} INFO - [2024-08-09T20:05:26.283+0200] {dag.py:3089} INFO - Sync 1 DAGs
[2024-08-09T20:05:26.290+0200] {logging_mixin.py:188} INFO - [2024-08-09T20:05:26.290+0200] {dag.py:3947} INFO - Setting next_dagrun for tutorial_taskflow_api to None, run_after=None
[2024-08-09T20:05:26.372+0200] {processor.py:183} INFO - Processing /home/bvpelt/Develop/airflowtut/py_env/lib/python3.10/site-packages/airflow/example_dags/tutorial_taskflow_api.py took 0.197 seconds
[2024-08-09T20:06:24.842+0200] {processor.py:161} INFO - Started process (PID=21426) to work on /home/bvpelt/Develop/airflowtut/py_env/lib/python3.10/site-packages/airflow/example_dags/tutorial_taskflow_api.py
[2024-08-09T20:06:24.858+0200] {processor.py:830} INFO - Processing file /home/bvpelt/Develop/airflowtut/py_env/lib/python3.10/site-packages/airflow/example_dags/tutorial_taskflow_api.py for tasks to queue
[2024-08-09T20:06:24.859+0200] {logging_mixin.py:188} INFO - [2024-08-09T20:06:24.859+0200] {dagbag.py:545} INFO - Filling up the DagBag from /home/bvpelt/Develop/airflowtut/py_env/lib/python3.10/site-packages/airflow/example_dags/tutorial_taskflow_api.py
[2024-08-09T20:06:24.863+0200] {processor.py:840} INFO - DAG(s) 'tutorial_taskflow_api' retrieved from /home/bvpelt/Develop/airflowtut/py_env/lib/python3.10/site-packages/airflow/example_dags/tutorial_taskflow_api.py
[2024-08-09T20:06:24.874+0200] {logging_mixin.py:188} INFO - [2024-08-09T20:06:24.874+0200] {dag.py:3089} INFO - Sync 1 DAGs
[2024-08-09T20:06:24.883+0200] {logging_mixin.py:188} INFO - [2024-08-09T20:06:24.883+0200] {dag.py:3947} INFO - Setting next_dagrun for tutorial_taskflow_api to None, run_after=None
[2024-08-09T20:06:24.951+0200] {processor.py:183} INFO - Processing /home/bvpelt/Develop/airflowtut/py_env/lib/python3.10/site-packages/airflow/example_dags/tutorial_taskflow_api.py took 0.112 seconds
[2024-08-09T20:07:19.031+0200] {processor.py:161} INFO - Started process (PID=21533) to work on /home/bvpelt/Develop/airflowtut/py_env/lib/python3.10/site-packages/airflow/example_dags/tutorial_taskflow_api.py
[2024-08-09T20:07:19.047+0200] {processor.py:830} INFO - Processing file /home/bvpelt/Develop/airflowtut/py_env/lib/python3.10/site-packages/airflow/example_dags/tutorial_taskflow_api.py for tasks to queue
[2024-08-09T20:07:19.048+0200] {logging_mixin.py:188} INFO - [2024-08-09T20:07:19.048+0200] {dagbag.py:545} INFO - Filling up the DagBag from /home/bvpelt/Develop/airflowtut/py_env/lib/python3.10/site-packages/airflow/example_dags/tutorial_taskflow_api.py
[2024-08-09T20:07:19.052+0200] {processor.py:840} INFO - DAG(s) 'tutorial_taskflow_api' retrieved from /home/bvpelt/Develop/airflowtut/py_env/lib/python3.10/site-packages/airflow/example_dags/tutorial_taskflow_api.py
[2024-08-09T20:07:19.061+0200] {logging_mixin.py:188} INFO - [2024-08-09T20:07:19.060+0200] {dag.py:3089} INFO - Sync 1 DAGs
[2024-08-09T20:07:19.067+0200] {logging_mixin.py:188} INFO - [2024-08-09T20:07:19.067+0200] {dag.py:3947} INFO - Setting next_dagrun for tutorial_taskflow_api to None, run_after=None
[2024-08-09T20:07:19.133+0200] {processor.py:183} INFO - Processing /home/bvpelt/Develop/airflowtut/py_env/lib/python3.10/site-packages/airflow/example_dags/tutorial_taskflow_api.py took 0.105 seconds
[2024-08-09T20:08:10.342+0200] {processor.py:161} INFO - Started process (PID=21661) to work on /home/bvpelt/Develop/airflowtut/py_env/lib/python3.10/site-packages/airflow/example_dags/tutorial_taskflow_api.py
[2024-08-09T20:08:10.343+0200] {processor.py:830} INFO - Processing file /home/bvpelt/Develop/airflowtut/py_env/lib/python3.10/site-packages/airflow/example_dags/tutorial_taskflow_api.py for tasks to queue
[2024-08-09T20:08:10.343+0200] {logging_mixin.py:188} INFO - [2024-08-09T20:08:10.343+0200] {dagbag.py:545} INFO - Filling up the DagBag from /home/bvpelt/Develop/airflowtut/py_env/lib/python3.10/site-packages/airflow/example_dags/tutorial_taskflow_api.py
[2024-08-09T20:08:10.347+0200] {processor.py:840} INFO - DAG(s) 'tutorial_taskflow_api' retrieved from /home/bvpelt/Develop/airflowtut/py_env/lib/python3.10/site-packages/airflow/example_dags/tutorial_taskflow_api.py
[2024-08-09T20:08:10.355+0200] {logging_mixin.py:188} INFO - [2024-08-09T20:08:10.355+0200] {dag.py:3089} INFO - Sync 1 DAGs
[2024-08-09T20:08:10.362+0200] {logging_mixin.py:188} INFO - [2024-08-09T20:08:10.361+0200] {dag.py:3947} INFO - Setting next_dagrun for tutorial_taskflow_api to None, run_after=None
[2024-08-09T20:08:10.441+0200] {processor.py:183} INFO - Processing /home/bvpelt/Develop/airflowtut/py_env/lib/python3.10/site-packages/airflow/example_dags/tutorial_taskflow_api.py took 0.101 seconds
[2024-08-09T20:09:01.718+0200] {processor.py:161} INFO - Started process (PID=21721) to work on /home/bvpelt/Develop/airflowtut/py_env/lib/python3.10/site-packages/airflow/example_dags/tutorial_taskflow_api.py
[2024-08-09T20:09:01.719+0200] {processor.py:830} INFO - Processing file /home/bvpelt/Develop/airflowtut/py_env/lib/python3.10/site-packages/airflow/example_dags/tutorial_taskflow_api.py for tasks to queue
[2024-08-09T20:09:01.719+0200] {logging_mixin.py:188} INFO - [2024-08-09T20:09:01.719+0200] {dagbag.py:545} INFO - Filling up the DagBag from /home/bvpelt/Develop/airflowtut/py_env/lib/python3.10/site-packages/airflow/example_dags/tutorial_taskflow_api.py
[2024-08-09T20:09:01.723+0200] {processor.py:840} INFO - DAG(s) 'tutorial_taskflow_api' retrieved from /home/bvpelt/Develop/airflowtut/py_env/lib/python3.10/site-packages/airflow/example_dags/tutorial_taskflow_api.py
[2024-08-09T20:09:01.731+0200] {logging_mixin.py:188} INFO - [2024-08-09T20:09:01.731+0200] {dag.py:3089} INFO - Sync 1 DAGs
[2024-08-09T20:09:01.737+0200] {logging_mixin.py:188} INFO - [2024-08-09T20:09:01.737+0200] {dag.py:3947} INFO - Setting next_dagrun for tutorial_taskflow_api to None, run_after=None
[2024-08-09T20:09:01.829+0200] {processor.py:183} INFO - Processing /home/bvpelt/Develop/airflowtut/py_env/lib/python3.10/site-packages/airflow/example_dags/tutorial_taskflow_api.py took 0.114 seconds
[2024-08-09T20:09:53.553+0200] {processor.py:161} INFO - Started process (PID=21773) to work on /home/bvpelt/Develop/airflowtut/py_env/lib/python3.10/site-packages/airflow/example_dags/tutorial_taskflow_api.py
[2024-08-09T20:09:53.553+0200] {processor.py:830} INFO - Processing file /home/bvpelt/Develop/airflowtut/py_env/lib/python3.10/site-packages/airflow/example_dags/tutorial_taskflow_api.py for tasks to queue
[2024-08-09T20:09:53.554+0200] {logging_mixin.py:188} INFO - [2024-08-09T20:09:53.554+0200] {dagbag.py:545} INFO - Filling up the DagBag from /home/bvpelt/Develop/airflowtut/py_env/lib/python3.10/site-packages/airflow/example_dags/tutorial_taskflow_api.py
[2024-08-09T20:09:53.557+0200] {processor.py:840} INFO - DAG(s) 'tutorial_taskflow_api' retrieved from /home/bvpelt/Develop/airflowtut/py_env/lib/python3.10/site-packages/airflow/example_dags/tutorial_taskflow_api.py
[2024-08-09T20:09:53.565+0200] {logging_mixin.py:188} INFO - [2024-08-09T20:09:53.565+0200] {dag.py:3089} INFO - Sync 1 DAGs
[2024-08-09T20:09:53.572+0200] {logging_mixin.py:188} INFO - [2024-08-09T20:09:53.572+0200] {dag.py:3947} INFO - Setting next_dagrun for tutorial_taskflow_api to None, run_after=None
[2024-08-09T20:09:53.652+0200] {processor.py:183} INFO - Processing /home/bvpelt/Develop/airflowtut/py_env/lib/python3.10/site-packages/airflow/example_dags/tutorial_taskflow_api.py took 0.103 seconds
[2024-08-09T20:10:43.069+0200] {processor.py:161} INFO - Started process (PID=21848) to work on /home/bvpelt/Develop/airflowtut/py_env/lib/python3.10/site-packages/airflow/example_dags/tutorial_taskflow_api.py
[2024-08-09T20:10:43.070+0200] {processor.py:830} INFO - Processing file /home/bvpelt/Develop/airflowtut/py_env/lib/python3.10/site-packages/airflow/example_dags/tutorial_taskflow_api.py for tasks to queue
[2024-08-09T20:10:43.072+0200] {logging_mixin.py:188} INFO - [2024-08-09T20:10:43.071+0200] {dagbag.py:545} INFO - Filling up the DagBag from /home/bvpelt/Develop/airflowtut/py_env/lib/python3.10/site-packages/airflow/example_dags/tutorial_taskflow_api.py
[2024-08-09T20:10:43.077+0200] {processor.py:840} INFO - DAG(s) 'tutorial_taskflow_api' retrieved from /home/bvpelt/Develop/airflowtut/py_env/lib/python3.10/site-packages/airflow/example_dags/tutorial_taskflow_api.py
[2024-08-09T20:10:43.090+0200] {logging_mixin.py:188} INFO - [2024-08-09T20:10:43.090+0200] {dag.py:3089} INFO - Sync 1 DAGs
[2024-08-09T20:10:43.100+0200] {logging_mixin.py:188} INFO - [2024-08-09T20:10:43.100+0200] {dag.py:3947} INFO - Setting next_dagrun for tutorial_taskflow_api to None, run_after=None
[2024-08-09T20:10:43.207+0200] {processor.py:183} INFO - Processing /home/bvpelt/Develop/airflowtut/py_env/lib/python3.10/site-packages/airflow/example_dags/tutorial_taskflow_api.py took 0.143 seconds
[2024-08-09T20:11:33.187+0200] {processor.py:161} INFO - Started process (PID=21902) to work on /home/bvpelt/Develop/airflowtut/py_env/lib/python3.10/site-packages/airflow/example_dags/tutorial_taskflow_api.py
[2024-08-09T20:11:33.187+0200] {processor.py:830} INFO - Processing file /home/bvpelt/Develop/airflowtut/py_env/lib/python3.10/site-packages/airflow/example_dags/tutorial_taskflow_api.py for tasks to queue
[2024-08-09T20:11:33.188+0200] {logging_mixin.py:188} INFO - [2024-08-09T20:11:33.188+0200] {dagbag.py:545} INFO - Filling up the DagBag from /home/bvpelt/Develop/airflowtut/py_env/lib/python3.10/site-packages/airflow/example_dags/tutorial_taskflow_api.py
[2024-08-09T20:11:33.192+0200] {processor.py:840} INFO - DAG(s) 'tutorial_taskflow_api' retrieved from /home/bvpelt/Develop/airflowtut/py_env/lib/python3.10/site-packages/airflow/example_dags/tutorial_taskflow_api.py
[2024-08-09T20:11:33.200+0200] {logging_mixin.py:188} INFO - [2024-08-09T20:11:33.200+0200] {dag.py:3089} INFO - Sync 1 DAGs
[2024-08-09T20:11:33.207+0200] {logging_mixin.py:188} INFO - [2024-08-09T20:11:33.207+0200] {dag.py:3947} INFO - Setting next_dagrun for tutorial_taskflow_api to None, run_after=None
[2024-08-09T20:11:33.277+0200] {processor.py:183} INFO - Processing /home/bvpelt/Develop/airflowtut/py_env/lib/python3.10/site-packages/airflow/example_dags/tutorial_taskflow_api.py took 0.093 seconds
[2024-08-09T20:12:21.331+0200] {processor.py:161} INFO - Started process (PID=22010) to work on /home/bvpelt/Develop/airflowtut/py_env/lib/python3.10/site-packages/airflow/example_dags/tutorial_taskflow_api.py
[2024-08-09T20:12:21.332+0200] {processor.py:830} INFO - Processing file /home/bvpelt/Develop/airflowtut/py_env/lib/python3.10/site-packages/airflow/example_dags/tutorial_taskflow_api.py for tasks to queue
[2024-08-09T20:12:21.333+0200] {logging_mixin.py:188} INFO - [2024-08-09T20:12:21.332+0200] {dagbag.py:545} INFO - Filling up the DagBag from /home/bvpelt/Develop/airflowtut/py_env/lib/python3.10/site-packages/airflow/example_dags/tutorial_taskflow_api.py
[2024-08-09T20:12:21.336+0200] {processor.py:840} INFO - DAG(s) 'tutorial_taskflow_api' retrieved from /home/bvpelt/Develop/airflowtut/py_env/lib/python3.10/site-packages/airflow/example_dags/tutorial_taskflow_api.py
[2024-08-09T20:12:21.344+0200] {logging_mixin.py:188} INFO - [2024-08-09T20:12:21.344+0200] {dag.py:3089} INFO - Sync 1 DAGs
[2024-08-09T20:12:21.351+0200] {logging_mixin.py:188} INFO - [2024-08-09T20:12:21.351+0200] {dag.py:3947} INFO - Setting next_dagrun for tutorial_taskflow_api to None, run_after=None
[2024-08-09T20:12:21.444+0200] {processor.py:183} INFO - Processing /home/bvpelt/Develop/airflowtut/py_env/lib/python3.10/site-packages/airflow/example_dags/tutorial_taskflow_api.py took 0.115 seconds
[2024-08-09T20:13:13.943+0200] {processor.py:161} INFO - Started process (PID=22095) to work on /home/bvpelt/Develop/airflowtut/py_env/lib/python3.10/site-packages/airflow/example_dags/tutorial_taskflow_api.py
[2024-08-09T20:13:13.944+0200] {processor.py:830} INFO - Processing file /home/bvpelt/Develop/airflowtut/py_env/lib/python3.10/site-packages/airflow/example_dags/tutorial_taskflow_api.py for tasks to queue
[2024-08-09T20:13:13.945+0200] {logging_mixin.py:188} INFO - [2024-08-09T20:13:13.944+0200] {dagbag.py:545} INFO - Filling up the DagBag from /home/bvpelt/Develop/airflowtut/py_env/lib/python3.10/site-packages/airflow/example_dags/tutorial_taskflow_api.py
[2024-08-09T20:13:13.948+0200] {processor.py:840} INFO - DAG(s) 'tutorial_taskflow_api' retrieved from /home/bvpelt/Develop/airflowtut/py_env/lib/python3.10/site-packages/airflow/example_dags/tutorial_taskflow_api.py
[2024-08-09T20:13:13.956+0200] {logging_mixin.py:188} INFO - [2024-08-09T20:13:13.956+0200] {dag.py:3089} INFO - Sync 1 DAGs
[2024-08-09T20:13:13.963+0200] {logging_mixin.py:188} INFO - [2024-08-09T20:13:13.963+0200] {dag.py:3947} INFO - Setting next_dagrun for tutorial_taskflow_api to None, run_after=None
[2024-08-09T20:13:14.124+0200] {processor.py:183} INFO - Processing /home/bvpelt/Develop/airflowtut/py_env/lib/python3.10/site-packages/airflow/example_dags/tutorial_taskflow_api.py took 0.184 seconds
[2024-08-09T20:14:11.025+0200] {processor.py:161} INFO - Started process (PID=22174) to work on /home/bvpelt/Develop/airflowtut/py_env/lib/python3.10/site-packages/airflow/example_dags/tutorial_taskflow_api.py
[2024-08-09T20:14:11.025+0200] {processor.py:830} INFO - Processing file /home/bvpelt/Develop/airflowtut/py_env/lib/python3.10/site-packages/airflow/example_dags/tutorial_taskflow_api.py for tasks to queue
[2024-08-09T20:14:11.026+0200] {logging_mixin.py:188} INFO - [2024-08-09T20:14:11.026+0200] {dagbag.py:545} INFO - Filling up the DagBag from /home/bvpelt/Develop/airflowtut/py_env/lib/python3.10/site-packages/airflow/example_dags/tutorial_taskflow_api.py
[2024-08-09T20:14:11.030+0200] {processor.py:840} INFO - DAG(s) 'tutorial_taskflow_api' retrieved from /home/bvpelt/Develop/airflowtut/py_env/lib/python3.10/site-packages/airflow/example_dags/tutorial_taskflow_api.py
[2024-08-09T20:14:11.038+0200] {logging_mixin.py:188} INFO - [2024-08-09T20:14:11.038+0200] {dag.py:3089} INFO - Sync 1 DAGs
[2024-08-09T20:14:11.045+0200] {logging_mixin.py:188} INFO - [2024-08-09T20:14:11.045+0200] {dag.py:3947} INFO - Setting next_dagrun for tutorial_taskflow_api to None, run_after=None
[2024-08-09T20:14:11.132+0200] {processor.py:183} INFO - Processing /home/bvpelt/Develop/airflowtut/py_env/lib/python3.10/site-packages/airflow/example_dags/tutorial_taskflow_api.py took 0.111 seconds
[2024-08-09T20:14:57.484+0200] {processor.py:161} INFO - Started process (PID=22227) to work on /home/bvpelt/Develop/airflowtut/py_env/lib/python3.10/site-packages/airflow/example_dags/tutorial_taskflow_api.py
[2024-08-09T20:14:57.484+0200] {processor.py:830} INFO - Processing file /home/bvpelt/Develop/airflowtut/py_env/lib/python3.10/site-packages/airflow/example_dags/tutorial_taskflow_api.py for tasks to queue
[2024-08-09T20:14:57.485+0200] {logging_mixin.py:188} INFO - [2024-08-09T20:14:57.485+0200] {dagbag.py:545} INFO - Filling up the DagBag from /home/bvpelt/Develop/airflowtut/py_env/lib/python3.10/site-packages/airflow/example_dags/tutorial_taskflow_api.py
[2024-08-09T20:14:57.488+0200] {processor.py:840} INFO - DAG(s) 'tutorial_taskflow_api' retrieved from /home/bvpelt/Develop/airflowtut/py_env/lib/python3.10/site-packages/airflow/example_dags/tutorial_taskflow_api.py
[2024-08-09T20:14:57.497+0200] {logging_mixin.py:188} INFO - [2024-08-09T20:14:57.497+0200] {dag.py:3089} INFO - Sync 1 DAGs
[2024-08-09T20:14:57.503+0200] {logging_mixin.py:188} INFO - [2024-08-09T20:14:57.503+0200] {dag.py:3947} INFO - Setting next_dagrun for tutorial_taskflow_api to None, run_after=None
[2024-08-09T20:14:57.603+0200] {processor.py:183} INFO - Processing /home/bvpelt/Develop/airflowtut/py_env/lib/python3.10/site-packages/airflow/example_dags/tutorial_taskflow_api.py took 0.122 seconds
[2024-08-09T20:15:47.200+0200] {processor.py:161} INFO - Started process (PID=22310) to work on /home/bvpelt/Develop/airflowtut/py_env/lib/python3.10/site-packages/airflow/example_dags/tutorial_taskflow_api.py
[2024-08-09T20:15:47.200+0200] {processor.py:830} INFO - Processing file /home/bvpelt/Develop/airflowtut/py_env/lib/python3.10/site-packages/airflow/example_dags/tutorial_taskflow_api.py for tasks to queue
[2024-08-09T20:15:47.201+0200] {logging_mixin.py:188} INFO - [2024-08-09T20:15:47.201+0200] {dagbag.py:545} INFO - Filling up the DagBag from /home/bvpelt/Develop/airflowtut/py_env/lib/python3.10/site-packages/airflow/example_dags/tutorial_taskflow_api.py
[2024-08-09T20:15:47.204+0200] {processor.py:840} INFO - DAG(s) 'tutorial_taskflow_api' retrieved from /home/bvpelt/Develop/airflowtut/py_env/lib/python3.10/site-packages/airflow/example_dags/tutorial_taskflow_api.py
[2024-08-09T20:15:47.213+0200] {logging_mixin.py:188} INFO - [2024-08-09T20:15:47.213+0200] {dag.py:3089} INFO - Sync 1 DAGs
[2024-08-09T20:15:47.220+0200] {logging_mixin.py:188} INFO - [2024-08-09T20:15:47.220+0200] {dag.py:3947} INFO - Setting next_dagrun for tutorial_taskflow_api to None, run_after=None
[2024-08-09T20:15:47.310+0200] {processor.py:183} INFO - Processing /home/bvpelt/Develop/airflowtut/py_env/lib/python3.10/site-packages/airflow/example_dags/tutorial_taskflow_api.py took 0.113 seconds
[2024-08-09T20:16:33.131+0200] {processor.py:161} INFO - Started process (PID=22373) to work on /home/bvpelt/Develop/airflowtut/py_env/lib/python3.10/site-packages/airflow/example_dags/tutorial_taskflow_api.py
[2024-08-09T20:16:33.132+0200] {processor.py:830} INFO - Processing file /home/bvpelt/Develop/airflowtut/py_env/lib/python3.10/site-packages/airflow/example_dags/tutorial_taskflow_api.py for tasks to queue
[2024-08-09T20:16:33.133+0200] {logging_mixin.py:188} INFO - [2024-08-09T20:16:33.132+0200] {dagbag.py:545} INFO - Filling up the DagBag from /home/bvpelt/Develop/airflowtut/py_env/lib/python3.10/site-packages/airflow/example_dags/tutorial_taskflow_api.py
[2024-08-09T20:16:33.136+0200] {processor.py:840} INFO - DAG(s) 'tutorial_taskflow_api' retrieved from /home/bvpelt/Develop/airflowtut/py_env/lib/python3.10/site-packages/airflow/example_dags/tutorial_taskflow_api.py
[2024-08-09T20:16:33.144+0200] {logging_mixin.py:188} INFO - [2024-08-09T20:16:33.144+0200] {dag.py:3089} INFO - Sync 1 DAGs
[2024-08-09T20:16:33.151+0200] {logging_mixin.py:188} INFO - [2024-08-09T20:16:33.151+0200] {dag.py:3947} INFO - Setting next_dagrun for tutorial_taskflow_api to None, run_after=None
[2024-08-09T20:16:33.248+0200] {processor.py:183} INFO - Processing /home/bvpelt/Develop/airflowtut/py_env/lib/python3.10/site-packages/airflow/example_dags/tutorial_taskflow_api.py took 0.120 seconds
