[2024-08-09T19:42:30.898+0200] {processor.py:161} INFO - Started process (PID=17578) to work on /home/bvpelt/Develop/airflowtut/py_env/lib/python3.10/site-packages/airflow/example_dags/tutorial_dag.py
[2024-08-09T19:42:30.900+0200] {processor.py:830} INFO - Processing file /home/bvpelt/Develop/airflowtut/py_env/lib/python3.10/site-packages/airflow/example_dags/tutorial_dag.py for tasks to queue
[2024-08-09T19:42:30.903+0200] {logging_mixin.py:188} INFO - [2024-08-09T19:42:30.902+0200] {dagbag.py:545} INFO - Filling up the DagBag from /home/bvpelt/Develop/airflowtut/py_env/lib/python3.10/site-packages/airflow/example_dags/tutorial_dag.py
[2024-08-09T19:42:30.915+0200] {processor.py:840} INFO - DAG(s) 'tutorial_dag' retrieved from /home/bvpelt/Develop/airflowtut/py_env/lib/python3.10/site-packages/airflow/example_dags/tutorial_dag.py
[2024-08-09T19:42:31.260+0200] {logging_mixin.py:188} INFO - [2024-08-09T19:42:31.259+0200] {override.py:1858} INFO - Created Permission View: can edit on DAG:tutorial_dag
[2024-08-09T19:42:31.333+0200] {logging_mixin.py:188} INFO - [2024-08-09T19:42:31.332+0200] {override.py:1858} INFO - Created Permission View: can read on DAG:tutorial_dag
[2024-08-09T19:42:31.408+0200] {logging_mixin.py:188} INFO - [2024-08-09T19:42:31.407+0200] {override.py:1858} INFO - Created Permission View: can delete on DAG:tutorial_dag
[2024-08-09T19:42:31.409+0200] {logging_mixin.py:188} INFO - [2024-08-09T19:42:31.408+0200] {dag.py:3089} INFO - Sync 1 DAGs
[2024-08-09T19:42:31.439+0200] {logging_mixin.py:188} INFO - [2024-08-09T19:42:31.439+0200] {dag.py:3111} INFO - Creating ORM DAG for tutorial_dag
[2024-08-09T19:42:31.440+0200] {logging_mixin.py:188} INFO - [2024-08-09T19:42:31.440+0200] {dag.py:3947} INFO - Setting next_dagrun for tutorial_dag to None, run_after=None
[2024-08-09T19:42:31.598+0200] {processor.py:183} INFO - Processing /home/bvpelt/Develop/airflowtut/py_env/lib/python3.10/site-packages/airflow/example_dags/tutorial_dag.py took 0.712 seconds
[2024-08-09T19:43:51.682+0200] {processor.py:161} INFO - Started process (PID=17881) to work on /home/bvpelt/Develop/airflowtut/py_env/lib/python3.10/site-packages/airflow/example_dags/tutorial_dag.py
[2024-08-09T19:43:51.684+0200] {processor.py:830} INFO - Processing file /home/bvpelt/Develop/airflowtut/py_env/lib/python3.10/site-packages/airflow/example_dags/tutorial_dag.py for tasks to queue
[2024-08-09T19:43:51.686+0200] {logging_mixin.py:188} INFO - [2024-08-09T19:43:51.685+0200] {dagbag.py:545} INFO - Filling up the DagBag from /home/bvpelt/Develop/airflowtut/py_env/lib/python3.10/site-packages/airflow/example_dags/tutorial_dag.py
[2024-08-09T19:43:51.692+0200] {processor.py:840} INFO - DAG(s) 'tutorial_dag' retrieved from /home/bvpelt/Develop/airflowtut/py_env/lib/python3.10/site-packages/airflow/example_dags/tutorial_dag.py
[2024-08-09T19:43:51.705+0200] {logging_mixin.py:188} INFO - [2024-08-09T19:43:51.705+0200] {dag.py:3089} INFO - Sync 1 DAGs
[2024-08-09T19:43:51.713+0200] {logging_mixin.py:188} INFO - [2024-08-09T19:43:51.713+0200] {dag.py:3947} INFO - Setting next_dagrun for tutorial_dag to None, run_after=None
[2024-08-09T19:43:51.819+0200] {processor.py:183} INFO - Processing /home/bvpelt/Develop/airflowtut/py_env/lib/python3.10/site-packages/airflow/example_dags/tutorial_dag.py took 0.147 seconds
[2024-08-09T19:44:46.076+0200] {processor.py:161} INFO - Started process (PID=18164) to work on /home/bvpelt/Develop/airflowtut/py_env/lib/python3.10/site-packages/airflow/example_dags/tutorial_dag.py
[2024-08-09T19:44:46.087+0200] {processor.py:830} INFO - Processing file /home/bvpelt/Develop/airflowtut/py_env/lib/python3.10/site-packages/airflow/example_dags/tutorial_dag.py for tasks to queue
[2024-08-09T19:44:46.088+0200] {logging_mixin.py:188} INFO - [2024-08-09T19:44:46.088+0200] {dagbag.py:545} INFO - Filling up the DagBag from /home/bvpelt/Develop/airflowtut/py_env/lib/python3.10/site-packages/airflow/example_dags/tutorial_dag.py
[2024-08-09T19:44:46.092+0200] {processor.py:840} INFO - DAG(s) 'tutorial_dag' retrieved from /home/bvpelt/Develop/airflowtut/py_env/lib/python3.10/site-packages/airflow/example_dags/tutorial_dag.py
[2024-08-09T19:44:46.100+0200] {logging_mixin.py:188} INFO - [2024-08-09T19:44:46.100+0200] {dag.py:3089} INFO - Sync 1 DAGs
[2024-08-09T19:44:46.106+0200] {logging_mixin.py:188} INFO - [2024-08-09T19:44:46.106+0200] {dag.py:3947} INFO - Setting next_dagrun for tutorial_dag to None, run_after=None
[2024-08-09T19:44:46.192+0200] {processor.py:183} INFO - Processing /home/bvpelt/Develop/airflowtut/py_env/lib/python3.10/site-packages/airflow/example_dags/tutorial_dag.py took 0.119 seconds
[2024-08-09T19:45:40.811+0200] {processor.py:161} INFO - Started process (PID=18299) to work on /home/bvpelt/Develop/airflowtut/py_env/lib/python3.10/site-packages/airflow/example_dags/tutorial_dag.py
[2024-08-09T19:45:40.813+0200] {processor.py:830} INFO - Processing file /home/bvpelt/Develop/airflowtut/py_env/lib/python3.10/site-packages/airflow/example_dags/tutorial_dag.py for tasks to queue
[2024-08-09T19:45:40.817+0200] {logging_mixin.py:188} INFO - [2024-08-09T19:45:40.816+0200] {dagbag.py:545} INFO - Filling up the DagBag from /home/bvpelt/Develop/airflowtut/py_env/lib/python3.10/site-packages/airflow/example_dags/tutorial_dag.py
[2024-08-09T19:45:40.826+0200] {processor.py:840} INFO - DAG(s) 'tutorial_dag' retrieved from /home/bvpelt/Develop/airflowtut/py_env/lib/python3.10/site-packages/airflow/example_dags/tutorial_dag.py
[2024-08-09T19:45:40.841+0200] {logging_mixin.py:188} INFO - [2024-08-09T19:45:40.841+0200] {dag.py:3089} INFO - Sync 1 DAGs
[2024-08-09T19:45:40.849+0200] {logging_mixin.py:188} INFO - [2024-08-09T19:45:40.849+0200] {dag.py:3947} INFO - Setting next_dagrun for tutorial_dag to None, run_after=None
[2024-08-09T19:45:40.968+0200] {processor.py:183} INFO - Processing /home/bvpelt/Develop/airflowtut/py_env/lib/python3.10/site-packages/airflow/example_dags/tutorial_dag.py took 0.173 seconds
[2024-08-09T19:46:28.788+0200] {processor.py:161} INFO - Started process (PID=18597) to work on /home/bvpelt/Develop/airflowtut/py_env/lib/python3.10/site-packages/airflow/example_dags/tutorial_dag.py
[2024-08-09T19:46:28.788+0200] {processor.py:830} INFO - Processing file /home/bvpelt/Develop/airflowtut/py_env/lib/python3.10/site-packages/airflow/example_dags/tutorial_dag.py for tasks to queue
[2024-08-09T19:46:28.789+0200] {logging_mixin.py:188} INFO - [2024-08-09T19:46:28.789+0200] {dagbag.py:545} INFO - Filling up the DagBag from /home/bvpelt/Develop/airflowtut/py_env/lib/python3.10/site-packages/airflow/example_dags/tutorial_dag.py
[2024-08-09T19:46:28.792+0200] {processor.py:840} INFO - DAG(s) 'tutorial_dag' retrieved from /home/bvpelt/Develop/airflowtut/py_env/lib/python3.10/site-packages/airflow/example_dags/tutorial_dag.py
[2024-08-09T19:46:28.800+0200] {logging_mixin.py:188} INFO - [2024-08-09T19:46:28.800+0200] {dag.py:3089} INFO - Sync 1 DAGs
[2024-08-09T19:46:28.806+0200] {logging_mixin.py:188} INFO - [2024-08-09T19:46:28.806+0200] {dag.py:3947} INFO - Setting next_dagrun for tutorial_dag to None, run_after=None
[2024-08-09T19:46:28.890+0200] {processor.py:183} INFO - Processing /home/bvpelt/Develop/airflowtut/py_env/lib/python3.10/site-packages/airflow/example_dags/tutorial_dag.py took 0.105 seconds
[2024-08-09T19:47:23.835+0200] {processor.py:161} INFO - Started process (PID=18890) to work on /home/bvpelt/Develop/airflowtut/py_env/lib/python3.10/site-packages/airflow/example_dags/tutorial_dag.py
[2024-08-09T19:47:23.835+0200] {processor.py:830} INFO - Processing file /home/bvpelt/Develop/airflowtut/py_env/lib/python3.10/site-packages/airflow/example_dags/tutorial_dag.py for tasks to queue
[2024-08-09T19:47:23.836+0200] {logging_mixin.py:188} INFO - [2024-08-09T19:47:23.836+0200] {dagbag.py:545} INFO - Filling up the DagBag from /home/bvpelt/Develop/airflowtut/py_env/lib/python3.10/site-packages/airflow/example_dags/tutorial_dag.py
[2024-08-09T19:47:23.839+0200] {processor.py:840} INFO - DAG(s) 'tutorial_dag' retrieved from /home/bvpelt/Develop/airflowtut/py_env/lib/python3.10/site-packages/airflow/example_dags/tutorial_dag.py
[2024-08-09T19:47:23.848+0200] {logging_mixin.py:188} INFO - [2024-08-09T19:47:23.848+0200] {dag.py:3089} INFO - Sync 1 DAGs
[2024-08-09T19:47:23.854+0200] {logging_mixin.py:188} INFO - [2024-08-09T19:47:23.854+0200] {dag.py:3947} INFO - Setting next_dagrun for tutorial_dag to None, run_after=None
[2024-08-09T19:47:23.929+0200] {processor.py:183} INFO - Processing /home/bvpelt/Develop/airflowtut/py_env/lib/python3.10/site-packages/airflow/example_dags/tutorial_dag.py took 0.098 seconds
[2024-08-09T19:48:14.756+0200] {processor.py:161} INFO - Started process (PID=19032) to work on /home/bvpelt/Develop/airflowtut/py_env/lib/python3.10/site-packages/airflow/example_dags/tutorial_dag.py
[2024-08-09T19:48:14.767+0200] {processor.py:830} INFO - Processing file /home/bvpelt/Develop/airflowtut/py_env/lib/python3.10/site-packages/airflow/example_dags/tutorial_dag.py for tasks to queue
[2024-08-09T19:48:14.771+0200] {logging_mixin.py:188} INFO - [2024-08-09T19:48:14.770+0200] {dagbag.py:545} INFO - Filling up the DagBag from /home/bvpelt/Develop/airflowtut/py_env/lib/python3.10/site-packages/airflow/example_dags/tutorial_dag.py
[2024-08-09T19:48:14.784+0200] {processor.py:840} INFO - DAG(s) 'tutorial_dag' retrieved from /home/bvpelt/Develop/airflowtut/py_env/lib/python3.10/site-packages/airflow/example_dags/tutorial_dag.py
[2024-08-09T19:48:14.809+0200] {logging_mixin.py:188} INFO - [2024-08-09T19:48:14.809+0200] {dag.py:3089} INFO - Sync 1 DAGs
[2024-08-09T19:48:14.819+0200] {logging_mixin.py:188} INFO - [2024-08-09T19:48:14.819+0200] {dag.py:3947} INFO - Setting next_dagrun for tutorial_dag to None, run_after=None
[2024-08-09T19:48:14.904+0200] {processor.py:183} INFO - Processing /home/bvpelt/Develop/airflowtut/py_env/lib/python3.10/site-packages/airflow/example_dags/tutorial_dag.py took 0.151 seconds
[2024-08-09T19:49:03.969+0200] {processor.py:161} INFO - Started process (PID=19141) to work on /home/bvpelt/Develop/airflowtut/py_env/lib/python3.10/site-packages/airflow/example_dags/tutorial_dag.py
[2024-08-09T19:49:03.970+0200] {processor.py:830} INFO - Processing file /home/bvpelt/Develop/airflowtut/py_env/lib/python3.10/site-packages/airflow/example_dags/tutorial_dag.py for tasks to queue
[2024-08-09T19:49:03.971+0200] {logging_mixin.py:188} INFO - [2024-08-09T19:49:03.971+0200] {dagbag.py:545} INFO - Filling up the DagBag from /home/bvpelt/Develop/airflowtut/py_env/lib/python3.10/site-packages/airflow/example_dags/tutorial_dag.py
[2024-08-09T19:49:03.974+0200] {processor.py:840} INFO - DAG(s) 'tutorial_dag' retrieved from /home/bvpelt/Develop/airflowtut/py_env/lib/python3.10/site-packages/airflow/example_dags/tutorial_dag.py
[2024-08-09T19:49:03.983+0200] {logging_mixin.py:188} INFO - [2024-08-09T19:49:03.982+0200] {dag.py:3089} INFO - Sync 1 DAGs
[2024-08-09T19:49:03.989+0200] {logging_mixin.py:188} INFO - [2024-08-09T19:49:03.989+0200] {dag.py:3947} INFO - Setting next_dagrun for tutorial_dag to None, run_after=None
[2024-08-09T19:49:04.084+0200] {processor.py:183} INFO - Processing /home/bvpelt/Develop/airflowtut/py_env/lib/python3.10/site-packages/airflow/example_dags/tutorial_dag.py took 0.118 seconds
[2024-08-09T19:49:55.850+0200] {processor.py:161} INFO - Started process (PID=19308) to work on /home/bvpelt/Develop/airflowtut/py_env/lib/python3.10/site-packages/airflow/example_dags/tutorial_dag.py
[2024-08-09T19:49:55.851+0200] {processor.py:830} INFO - Processing file /home/bvpelt/Develop/airflowtut/py_env/lib/python3.10/site-packages/airflow/example_dags/tutorial_dag.py for tasks to queue
[2024-08-09T19:49:55.852+0200] {logging_mixin.py:188} INFO - [2024-08-09T19:49:55.852+0200] {dagbag.py:545} INFO - Filling up the DagBag from /home/bvpelt/Develop/airflowtut/py_env/lib/python3.10/site-packages/airflow/example_dags/tutorial_dag.py
[2024-08-09T19:49:55.855+0200] {processor.py:840} INFO - DAG(s) 'tutorial_dag' retrieved from /home/bvpelt/Develop/airflowtut/py_env/lib/python3.10/site-packages/airflow/example_dags/tutorial_dag.py
[2024-08-09T19:49:55.863+0200] {logging_mixin.py:188} INFO - [2024-08-09T19:49:55.863+0200] {dag.py:3089} INFO - Sync 1 DAGs
[2024-08-09T19:49:55.870+0200] {logging_mixin.py:188} INFO - [2024-08-09T19:49:55.870+0200] {dag.py:3947} INFO - Setting next_dagrun for tutorial_dag to None, run_after=None
[2024-08-09T19:49:55.958+0200] {processor.py:183} INFO - Processing /home/bvpelt/Develop/airflowtut/py_env/lib/python3.10/site-packages/airflow/example_dags/tutorial_dag.py took 0.110 seconds
[2024-08-09T19:50:48.440+0200] {processor.py:161} INFO - Started process (PID=19383) to work on /home/bvpelt/Develop/airflowtut/py_env/lib/python3.10/site-packages/airflow/example_dags/tutorial_dag.py
[2024-08-09T19:50:48.440+0200] {processor.py:830} INFO - Processing file /home/bvpelt/Develop/airflowtut/py_env/lib/python3.10/site-packages/airflow/example_dags/tutorial_dag.py for tasks to queue
[2024-08-09T19:50:48.441+0200] {logging_mixin.py:188} INFO - [2024-08-09T19:50:48.441+0200] {dagbag.py:545} INFO - Filling up the DagBag from /home/bvpelt/Develop/airflowtut/py_env/lib/python3.10/site-packages/airflow/example_dags/tutorial_dag.py
[2024-08-09T19:50:48.445+0200] {processor.py:840} INFO - DAG(s) 'tutorial_dag' retrieved from /home/bvpelt/Develop/airflowtut/py_env/lib/python3.10/site-packages/airflow/example_dags/tutorial_dag.py
[2024-08-09T19:50:48.454+0200] {logging_mixin.py:188} INFO - [2024-08-09T19:50:48.454+0200] {dag.py:3089} INFO - Sync 1 DAGs
[2024-08-09T19:50:48.462+0200] {logging_mixin.py:188} INFO - [2024-08-09T19:50:48.462+0200] {dag.py:3947} INFO - Setting next_dagrun for tutorial_dag to None, run_after=None
[2024-08-09T19:50:48.561+0200] {processor.py:183} INFO - Processing /home/bvpelt/Develop/airflowtut/py_env/lib/python3.10/site-packages/airflow/example_dags/tutorial_dag.py took 0.124 seconds
[2024-08-09T19:51:39.576+0200] {processor.py:161} INFO - Started process (PID=19546) to work on /home/bvpelt/Develop/airflowtut/py_env/lib/python3.10/site-packages/airflow/example_dags/tutorial_dag.py
[2024-08-09T19:51:39.577+0200] {processor.py:830} INFO - Processing file /home/bvpelt/Develop/airflowtut/py_env/lib/python3.10/site-packages/airflow/example_dags/tutorial_dag.py for tasks to queue
[2024-08-09T19:51:39.578+0200] {logging_mixin.py:188} INFO - [2024-08-09T19:51:39.578+0200] {dagbag.py:545} INFO - Filling up the DagBag from /home/bvpelt/Develop/airflowtut/py_env/lib/python3.10/site-packages/airflow/example_dags/tutorial_dag.py
[2024-08-09T19:51:39.582+0200] {processor.py:840} INFO - DAG(s) 'tutorial_dag' retrieved from /home/bvpelt/Develop/airflowtut/py_env/lib/python3.10/site-packages/airflow/example_dags/tutorial_dag.py
[2024-08-09T19:51:39.595+0200] {logging_mixin.py:188} INFO - [2024-08-09T19:51:39.595+0200] {dag.py:3089} INFO - Sync 1 DAGs
[2024-08-09T19:51:39.605+0200] {logging_mixin.py:188} INFO - [2024-08-09T19:51:39.605+0200] {dag.py:3947} INFO - Setting next_dagrun for tutorial_dag to None, run_after=None
[2024-08-09T19:51:39.715+0200] {processor.py:183} INFO - Processing /home/bvpelt/Develop/airflowtut/py_env/lib/python3.10/site-packages/airflow/example_dags/tutorial_dag.py took 0.144 seconds
[2024-08-09T19:52:34.534+0200] {processor.py:161} INFO - Started process (PID=20039) to work on /home/bvpelt/Develop/airflowtut/py_env/lib/python3.10/site-packages/airflow/example_dags/tutorial_dag.py
[2024-08-09T19:52:34.548+0200] {processor.py:830} INFO - Processing file /home/bvpelt/Develop/airflowtut/py_env/lib/python3.10/site-packages/airflow/example_dags/tutorial_dag.py for tasks to queue
[2024-08-09T19:52:34.549+0200] {logging_mixin.py:188} INFO - [2024-08-09T19:52:34.549+0200] {dagbag.py:545} INFO - Filling up the DagBag from /home/bvpelt/Develop/airflowtut/py_env/lib/python3.10/site-packages/airflow/example_dags/tutorial_dag.py
[2024-08-09T19:52:34.554+0200] {processor.py:840} INFO - DAG(s) 'tutorial_dag' retrieved from /home/bvpelt/Develop/airflowtut/py_env/lib/python3.10/site-packages/airflow/example_dags/tutorial_dag.py
[2024-08-09T19:52:34.568+0200] {logging_mixin.py:188} INFO - [2024-08-09T19:52:34.568+0200] {dag.py:3089} INFO - Sync 1 DAGs
[2024-08-09T19:52:34.578+0200] {logging_mixin.py:188} INFO - [2024-08-09T19:52:34.577+0200] {dag.py:3947} INFO - Setting next_dagrun for tutorial_dag to None, run_after=None
[2024-08-09T19:52:34.670+0200] {processor.py:183} INFO - Processing /home/bvpelt/Develop/airflowtut/py_env/lib/python3.10/site-packages/airflow/example_dags/tutorial_dag.py took 0.141 seconds
[2024-08-09T19:53:18.950+0200] {processor.py:161} INFO - Started process (PID=20088) to work on /home/bvpelt/Develop/airflowtut/py_env/lib/python3.10/site-packages/airflow/example_dags/tutorial_dag.py
[2024-08-09T19:53:18.951+0200] {processor.py:830} INFO - Processing file /home/bvpelt/Develop/airflowtut/py_env/lib/python3.10/site-packages/airflow/example_dags/tutorial_dag.py for tasks to queue
[2024-08-09T19:53:18.952+0200] {logging_mixin.py:188} INFO - [2024-08-09T19:53:18.952+0200] {dagbag.py:545} INFO - Filling up the DagBag from /home/bvpelt/Develop/airflowtut/py_env/lib/python3.10/site-packages/airflow/example_dags/tutorial_dag.py
[2024-08-09T19:53:18.955+0200] {processor.py:840} INFO - DAG(s) 'tutorial_dag' retrieved from /home/bvpelt/Develop/airflowtut/py_env/lib/python3.10/site-packages/airflow/example_dags/tutorial_dag.py
[2024-08-09T19:53:18.965+0200] {logging_mixin.py:188} INFO - [2024-08-09T19:53:18.965+0200] {dag.py:3089} INFO - Sync 1 DAGs
[2024-08-09T19:53:18.973+0200] {logging_mixin.py:188} INFO - [2024-08-09T19:53:18.973+0200] {dag.py:3947} INFO - Setting next_dagrun for tutorial_dag to None, run_after=None
[2024-08-09T19:53:19.051+0200] {processor.py:183} INFO - Processing /home/bvpelt/Develop/airflowtut/py_env/lib/python3.10/site-packages/airflow/example_dags/tutorial_dag.py took 0.104 seconds
[2024-08-09T19:54:13.530+0200] {processor.py:161} INFO - Started process (PID=20152) to work on /home/bvpelt/Develop/airflowtut/py_env/lib/python3.10/site-packages/airflow/example_dags/tutorial_dag.py
[2024-08-09T19:54:13.531+0200] {processor.py:830} INFO - Processing file /home/bvpelt/Develop/airflowtut/py_env/lib/python3.10/site-packages/airflow/example_dags/tutorial_dag.py for tasks to queue
[2024-08-09T19:54:13.532+0200] {logging_mixin.py:188} INFO - [2024-08-09T19:54:13.532+0200] {dagbag.py:545} INFO - Filling up the DagBag from /home/bvpelt/Develop/airflowtut/py_env/lib/python3.10/site-packages/airflow/example_dags/tutorial_dag.py
[2024-08-09T19:54:13.535+0200] {processor.py:840} INFO - DAG(s) 'tutorial_dag' retrieved from /home/bvpelt/Develop/airflowtut/py_env/lib/python3.10/site-packages/airflow/example_dags/tutorial_dag.py
[2024-08-09T19:54:13.543+0200] {logging_mixin.py:188} INFO - [2024-08-09T19:54:13.543+0200] {dag.py:3089} INFO - Sync 1 DAGs
[2024-08-09T19:54:13.550+0200] {logging_mixin.py:188} INFO - [2024-08-09T19:54:13.550+0200] {dag.py:3947} INFO - Setting next_dagrun for tutorial_dag to None, run_after=None
[2024-08-09T19:54:13.626+0200] {processor.py:183} INFO - Processing /home/bvpelt/Develop/airflowtut/py_env/lib/python3.10/site-packages/airflow/example_dags/tutorial_dag.py took 0.098 seconds
[2024-08-09T19:55:05.786+0200] {processor.py:161} INFO - Started process (PID=20228) to work on /home/bvpelt/Develop/airflowtut/py_env/lib/python3.10/site-packages/airflow/example_dags/tutorial_dag.py
[2024-08-09T19:55:05.786+0200] {processor.py:830} INFO - Processing file /home/bvpelt/Develop/airflowtut/py_env/lib/python3.10/site-packages/airflow/example_dags/tutorial_dag.py for tasks to queue
[2024-08-09T19:55:05.787+0200] {logging_mixin.py:188} INFO - [2024-08-09T19:55:05.787+0200] {dagbag.py:545} INFO - Filling up the DagBag from /home/bvpelt/Develop/airflowtut/py_env/lib/python3.10/site-packages/airflow/example_dags/tutorial_dag.py
[2024-08-09T19:55:05.790+0200] {processor.py:840} INFO - DAG(s) 'tutorial_dag' retrieved from /home/bvpelt/Develop/airflowtut/py_env/lib/python3.10/site-packages/airflow/example_dags/tutorial_dag.py
[2024-08-09T19:55:05.798+0200] {logging_mixin.py:188} INFO - [2024-08-09T19:55:05.798+0200] {dag.py:3089} INFO - Sync 1 DAGs
[2024-08-09T19:55:05.805+0200] {logging_mixin.py:188} INFO - [2024-08-09T19:55:05.805+0200] {dag.py:3947} INFO - Setting next_dagrun for tutorial_dag to None, run_after=None
[2024-08-09T19:55:05.879+0200] {processor.py:183} INFO - Processing /home/bvpelt/Develop/airflowtut/py_env/lib/python3.10/site-packages/airflow/example_dags/tutorial_dag.py took 0.096 seconds
[2024-08-09T19:55:53.558+0200] {processor.py:161} INFO - Started process (PID=20315) to work on /home/bvpelt/Develop/airflowtut/py_env/lib/python3.10/site-packages/airflow/example_dags/tutorial_dag.py
[2024-08-09T19:55:53.558+0200] {processor.py:830} INFO - Processing file /home/bvpelt/Develop/airflowtut/py_env/lib/python3.10/site-packages/airflow/example_dags/tutorial_dag.py for tasks to queue
[2024-08-09T19:55:53.559+0200] {logging_mixin.py:188} INFO - [2024-08-09T19:55:53.559+0200] {dagbag.py:545} INFO - Filling up the DagBag from /home/bvpelt/Develop/airflowtut/py_env/lib/python3.10/site-packages/airflow/example_dags/tutorial_dag.py
[2024-08-09T19:55:53.562+0200] {processor.py:840} INFO - DAG(s) 'tutorial_dag' retrieved from /home/bvpelt/Develop/airflowtut/py_env/lib/python3.10/site-packages/airflow/example_dags/tutorial_dag.py
[2024-08-09T19:55:53.570+0200] {logging_mixin.py:188} INFO - [2024-08-09T19:55:53.570+0200] {dag.py:3089} INFO - Sync 1 DAGs
[2024-08-09T19:55:53.576+0200] {logging_mixin.py:188} INFO - [2024-08-09T19:55:53.576+0200] {dag.py:3947} INFO - Setting next_dagrun for tutorial_dag to None, run_after=None
[2024-08-09T19:55:53.682+0200] {processor.py:183} INFO - Processing /home/bvpelt/Develop/airflowtut/py_env/lib/python3.10/site-packages/airflow/example_dags/tutorial_dag.py took 0.127 seconds
[2024-08-09T19:56:41.783+0200] {processor.py:161} INFO - Started process (PID=20372) to work on /home/bvpelt/Develop/airflowtut/py_env/lib/python3.10/site-packages/airflow/example_dags/tutorial_dag.py
[2024-08-09T19:56:41.783+0200] {processor.py:830} INFO - Processing file /home/bvpelt/Develop/airflowtut/py_env/lib/python3.10/site-packages/airflow/example_dags/tutorial_dag.py for tasks to queue
[2024-08-09T19:56:41.784+0200] {logging_mixin.py:188} INFO - [2024-08-09T19:56:41.784+0200] {dagbag.py:545} INFO - Filling up the DagBag from /home/bvpelt/Develop/airflowtut/py_env/lib/python3.10/site-packages/airflow/example_dags/tutorial_dag.py
[2024-08-09T19:56:41.787+0200] {processor.py:840} INFO - DAG(s) 'tutorial_dag' retrieved from /home/bvpelt/Develop/airflowtut/py_env/lib/python3.10/site-packages/airflow/example_dags/tutorial_dag.py
[2024-08-09T19:56:41.796+0200] {logging_mixin.py:188} INFO - [2024-08-09T19:56:41.796+0200] {dag.py:3089} INFO - Sync 1 DAGs
[2024-08-09T19:56:41.803+0200] {logging_mixin.py:188} INFO - [2024-08-09T19:56:41.803+0200] {dag.py:3947} INFO - Setting next_dagrun for tutorial_dag to None, run_after=None
[2024-08-09T19:56:41.947+0200] {processor.py:183} INFO - Processing /home/bvpelt/Develop/airflowtut/py_env/lib/python3.10/site-packages/airflow/example_dags/tutorial_dag.py took 0.168 seconds
[2024-08-09T19:57:33.024+0200] {processor.py:161} INFO - Started process (PID=20500) to work on /home/bvpelt/Develop/airflowtut/py_env/lib/python3.10/site-packages/airflow/example_dags/tutorial_dag.py
[2024-08-09T19:57:33.043+0200] {processor.py:830} INFO - Processing file /home/bvpelt/Develop/airflowtut/py_env/lib/python3.10/site-packages/airflow/example_dags/tutorial_dag.py for tasks to queue
[2024-08-09T19:57:33.043+0200] {logging_mixin.py:188} INFO - [2024-08-09T19:57:33.043+0200] {dagbag.py:545} INFO - Filling up the DagBag from /home/bvpelt/Develop/airflowtut/py_env/lib/python3.10/site-packages/airflow/example_dags/tutorial_dag.py
[2024-08-09T19:57:33.046+0200] {processor.py:840} INFO - DAG(s) 'tutorial_dag' retrieved from /home/bvpelt/Develop/airflowtut/py_env/lib/python3.10/site-packages/airflow/example_dags/tutorial_dag.py
[2024-08-09T19:57:33.055+0200] {logging_mixin.py:188} INFO - [2024-08-09T19:57:33.055+0200] {dag.py:3089} INFO - Sync 1 DAGs
[2024-08-09T19:57:33.061+0200] {logging_mixin.py:188} INFO - [2024-08-09T19:57:33.061+0200] {dag.py:3947} INFO - Setting next_dagrun for tutorial_dag to None, run_after=None
[2024-08-09T19:57:33.164+0200] {processor.py:183} INFO - Processing /home/bvpelt/Develop/airflowtut/py_env/lib/python3.10/site-packages/airflow/example_dags/tutorial_dag.py took 0.143 seconds
[2024-08-09T19:58:23.784+0200] {processor.py:161} INFO - Started process (PID=20601) to work on /home/bvpelt/Develop/airflowtut/py_env/lib/python3.10/site-packages/airflow/example_dags/tutorial_dag.py
[2024-08-09T19:58:23.786+0200] {processor.py:830} INFO - Processing file /home/bvpelt/Develop/airflowtut/py_env/lib/python3.10/site-packages/airflow/example_dags/tutorial_dag.py for tasks to queue
[2024-08-09T19:58:23.790+0200] {logging_mixin.py:188} INFO - [2024-08-09T19:58:23.789+0200] {dagbag.py:545} INFO - Filling up the DagBag from /home/bvpelt/Develop/airflowtut/py_env/lib/python3.10/site-packages/airflow/example_dags/tutorial_dag.py
[2024-08-09T19:58:23.800+0200] {processor.py:840} INFO - DAG(s) 'tutorial_dag' retrieved from /home/bvpelt/Develop/airflowtut/py_env/lib/python3.10/site-packages/airflow/example_dags/tutorial_dag.py
[2024-08-09T19:58:23.816+0200] {logging_mixin.py:188} INFO - [2024-08-09T19:58:23.816+0200] {dag.py:3089} INFO - Sync 1 DAGs
[2024-08-09T19:58:23.825+0200] {logging_mixin.py:188} INFO - [2024-08-09T19:58:23.824+0200] {dag.py:3947} INFO - Setting next_dagrun for tutorial_dag to None, run_after=None
[2024-08-09T19:58:23.973+0200] {processor.py:183} INFO - Processing /home/bvpelt/Develop/airflowtut/py_env/lib/python3.10/site-packages/airflow/example_dags/tutorial_dag.py took 0.204 seconds
[2024-08-09T19:59:22.402+0200] {processor.py:161} INFO - Started process (PID=20698) to work on /home/bvpelt/Develop/airflowtut/py_env/lib/python3.10/site-packages/airflow/example_dags/tutorial_dag.py
[2024-08-09T19:59:22.402+0200] {processor.py:830} INFO - Processing file /home/bvpelt/Develop/airflowtut/py_env/lib/python3.10/site-packages/airflow/example_dags/tutorial_dag.py for tasks to queue
[2024-08-09T19:59:22.403+0200] {logging_mixin.py:188} INFO - [2024-08-09T19:59:22.403+0200] {dagbag.py:545} INFO - Filling up the DagBag from /home/bvpelt/Develop/airflowtut/py_env/lib/python3.10/site-packages/airflow/example_dags/tutorial_dag.py
[2024-08-09T19:59:22.406+0200] {processor.py:840} INFO - DAG(s) 'tutorial_dag' retrieved from /home/bvpelt/Develop/airflowtut/py_env/lib/python3.10/site-packages/airflow/example_dags/tutorial_dag.py
[2024-08-09T19:59:22.414+0200] {logging_mixin.py:188} INFO - [2024-08-09T19:59:22.414+0200] {dag.py:3089} INFO - Sync 1 DAGs
[2024-08-09T19:59:22.421+0200] {logging_mixin.py:188} INFO - [2024-08-09T19:59:22.420+0200] {dag.py:3947} INFO - Setting next_dagrun for tutorial_dag to None, run_after=None
[2024-08-09T19:59:22.803+0200] {processor.py:183} INFO - Processing /home/bvpelt/Develop/airflowtut/py_env/lib/python3.10/site-packages/airflow/example_dags/tutorial_dag.py took 0.404 seconds
[2024-08-09T20:00:15.503+0200] {processor.py:161} INFO - Started process (PID=20775) to work on /home/bvpelt/Develop/airflowtut/py_env/lib/python3.10/site-packages/airflow/example_dags/tutorial_dag.py
[2024-08-09T20:00:15.525+0200] {processor.py:830} INFO - Processing file /home/bvpelt/Develop/airflowtut/py_env/lib/python3.10/site-packages/airflow/example_dags/tutorial_dag.py for tasks to queue
[2024-08-09T20:00:15.526+0200] {logging_mixin.py:188} INFO - [2024-08-09T20:00:15.526+0200] {dagbag.py:545} INFO - Filling up the DagBag from /home/bvpelt/Develop/airflowtut/py_env/lib/python3.10/site-packages/airflow/example_dags/tutorial_dag.py
[2024-08-09T20:00:15.529+0200] {processor.py:840} INFO - DAG(s) 'tutorial_dag' retrieved from /home/bvpelt/Develop/airflowtut/py_env/lib/python3.10/site-packages/airflow/example_dags/tutorial_dag.py
[2024-08-09T20:00:15.539+0200] {logging_mixin.py:188} INFO - [2024-08-09T20:00:15.539+0200] {dag.py:3089} INFO - Sync 1 DAGs
[2024-08-09T20:00:15.546+0200] {logging_mixin.py:188} INFO - [2024-08-09T20:00:15.546+0200] {dag.py:3947} INFO - Setting next_dagrun for tutorial_dag to None, run_after=None
[2024-08-09T20:00:15.744+0200] {processor.py:183} INFO - Processing /home/bvpelt/Develop/airflowtut/py_env/lib/python3.10/site-packages/airflow/example_dags/tutorial_dag.py took 0.244 seconds
[2024-08-09T20:01:05.306+0200] {processor.py:161} INFO - Started process (PID=20833) to work on /home/bvpelt/Develop/airflowtut/py_env/lib/python3.10/site-packages/airflow/example_dags/tutorial_dag.py
[2024-08-09T20:01:05.321+0200] {processor.py:830} INFO - Processing file /home/bvpelt/Develop/airflowtut/py_env/lib/python3.10/site-packages/airflow/example_dags/tutorial_dag.py for tasks to queue
[2024-08-09T20:01:05.322+0200] {logging_mixin.py:188} INFO - [2024-08-09T20:01:05.322+0200] {dagbag.py:545} INFO - Filling up the DagBag from /home/bvpelt/Develop/airflowtut/py_env/lib/python3.10/site-packages/airflow/example_dags/tutorial_dag.py
[2024-08-09T20:01:05.326+0200] {processor.py:840} INFO - DAG(s) 'tutorial_dag' retrieved from /home/bvpelt/Develop/airflowtut/py_env/lib/python3.10/site-packages/airflow/example_dags/tutorial_dag.py
[2024-08-09T20:01:05.335+0200] {logging_mixin.py:188} INFO - [2024-08-09T20:01:05.334+0200] {dag.py:3089} INFO - Sync 1 DAGs
[2024-08-09T20:01:05.341+0200] {logging_mixin.py:188} INFO - [2024-08-09T20:01:05.341+0200] {dag.py:3947} INFO - Setting next_dagrun for tutorial_dag to None, run_after=None
[2024-08-09T20:01:05.399+0200] {processor.py:183} INFO - Processing /home/bvpelt/Develop/airflowtut/py_env/lib/python3.10/site-packages/airflow/example_dags/tutorial_dag.py took 0.096 seconds
[2024-08-09T20:01:55.823+0200] {processor.py:161} INFO - Started process (PID=20966) to work on /home/bvpelt/Develop/airflowtut/py_env/lib/python3.10/site-packages/airflow/example_dags/tutorial_dag.py
[2024-08-09T20:01:55.835+0200] {processor.py:830} INFO - Processing file /home/bvpelt/Develop/airflowtut/py_env/lib/python3.10/site-packages/airflow/example_dags/tutorial_dag.py for tasks to queue
[2024-08-09T20:01:55.836+0200] {logging_mixin.py:188} INFO - [2024-08-09T20:01:55.836+0200] {dagbag.py:545} INFO - Filling up the DagBag from /home/bvpelt/Develop/airflowtut/py_env/lib/python3.10/site-packages/airflow/example_dags/tutorial_dag.py
[2024-08-09T20:01:55.839+0200] {processor.py:840} INFO - DAG(s) 'tutorial_dag' retrieved from /home/bvpelt/Develop/airflowtut/py_env/lib/python3.10/site-packages/airflow/example_dags/tutorial_dag.py
[2024-08-09T20:01:55.848+0200] {logging_mixin.py:188} INFO - [2024-08-09T20:01:55.848+0200] {dag.py:3089} INFO - Sync 1 DAGs
[2024-08-09T20:01:55.855+0200] {logging_mixin.py:188} INFO - [2024-08-09T20:01:55.855+0200] {dag.py:3947} INFO - Setting next_dagrun for tutorial_dag to None, run_after=None
[2024-08-09T20:01:55.929+0200] {processor.py:183} INFO - Processing /home/bvpelt/Develop/airflowtut/py_env/lib/python3.10/site-packages/airflow/example_dags/tutorial_dag.py took 0.109 seconds
[2024-08-09T20:02:47.013+0200] {processor.py:161} INFO - Started process (PID=21061) to work on /home/bvpelt/Develop/airflowtut/py_env/lib/python3.10/site-packages/airflow/example_dags/tutorial_dag.py
[2024-08-09T20:02:47.013+0200] {processor.py:830} INFO - Processing file /home/bvpelt/Develop/airflowtut/py_env/lib/python3.10/site-packages/airflow/example_dags/tutorial_dag.py for tasks to queue
[2024-08-09T20:02:47.014+0200] {logging_mixin.py:188} INFO - [2024-08-09T20:02:47.014+0200] {dagbag.py:545} INFO - Filling up the DagBag from /home/bvpelt/Develop/airflowtut/py_env/lib/python3.10/site-packages/airflow/example_dags/tutorial_dag.py
[2024-08-09T20:02:47.017+0200] {processor.py:840} INFO - DAG(s) 'tutorial_dag' retrieved from /home/bvpelt/Develop/airflowtut/py_env/lib/python3.10/site-packages/airflow/example_dags/tutorial_dag.py
[2024-08-09T20:02:47.025+0200] {logging_mixin.py:188} INFO - [2024-08-09T20:02:47.025+0200] {dag.py:3089} INFO - Sync 1 DAGs
[2024-08-09T20:02:47.032+0200] {logging_mixin.py:188} INFO - [2024-08-09T20:02:47.032+0200] {dag.py:3947} INFO - Setting next_dagrun for tutorial_dag to None, run_after=None
[2024-08-09T20:02:47.166+0200] {processor.py:183} INFO - Processing /home/bvpelt/Develop/airflowtut/py_env/lib/python3.10/site-packages/airflow/example_dags/tutorial_dag.py took 0.157 seconds
[2024-08-09T20:03:45.909+0200] {processor.py:161} INFO - Started process (PID=21117) to work on /home/bvpelt/Develop/airflowtut/py_env/lib/python3.10/site-packages/airflow/example_dags/tutorial_dag.py
[2024-08-09T20:03:45.909+0200] {processor.py:830} INFO - Processing file /home/bvpelt/Develop/airflowtut/py_env/lib/python3.10/site-packages/airflow/example_dags/tutorial_dag.py for tasks to queue
[2024-08-09T20:03:45.910+0200] {logging_mixin.py:188} INFO - [2024-08-09T20:03:45.910+0200] {dagbag.py:545} INFO - Filling up the DagBag from /home/bvpelt/Develop/airflowtut/py_env/lib/python3.10/site-packages/airflow/example_dags/tutorial_dag.py
[2024-08-09T20:03:45.913+0200] {processor.py:840} INFO - DAG(s) 'tutorial_dag' retrieved from /home/bvpelt/Develop/airflowtut/py_env/lib/python3.10/site-packages/airflow/example_dags/tutorial_dag.py
[2024-08-09T20:03:45.921+0200] {logging_mixin.py:188} INFO - [2024-08-09T20:03:45.921+0200] {dag.py:3089} INFO - Sync 1 DAGs
[2024-08-09T20:03:45.928+0200] {logging_mixin.py:188} INFO - [2024-08-09T20:03:45.927+0200] {dag.py:3947} INFO - Setting next_dagrun for tutorial_dag to None, run_after=None
[2024-08-09T20:03:46.016+0200] {processor.py:183} INFO - Processing /home/bvpelt/Develop/airflowtut/py_env/lib/python3.10/site-packages/airflow/example_dags/tutorial_dag.py took 0.110 seconds
[2024-08-09T20:04:38.593+0200] {processor.py:161} INFO - Started process (PID=21205) to work on /home/bvpelt/Develop/airflowtut/py_env/lib/python3.10/site-packages/airflow/example_dags/tutorial_dag.py
[2024-08-09T20:04:38.594+0200] {processor.py:830} INFO - Processing file /home/bvpelt/Develop/airflowtut/py_env/lib/python3.10/site-packages/airflow/example_dags/tutorial_dag.py for tasks to queue
[2024-08-09T20:04:38.595+0200] {logging_mixin.py:188} INFO - [2024-08-09T20:04:38.594+0200] {dagbag.py:545} INFO - Filling up the DagBag from /home/bvpelt/Develop/airflowtut/py_env/lib/python3.10/site-packages/airflow/example_dags/tutorial_dag.py
[2024-08-09T20:04:38.598+0200] {processor.py:840} INFO - DAG(s) 'tutorial_dag' retrieved from /home/bvpelt/Develop/airflowtut/py_env/lib/python3.10/site-packages/airflow/example_dags/tutorial_dag.py
[2024-08-09T20:04:38.606+0200] {logging_mixin.py:188} INFO - [2024-08-09T20:04:38.606+0200] {dag.py:3089} INFO - Sync 1 DAGs
[2024-08-09T20:04:38.612+0200] {logging_mixin.py:188} INFO - [2024-08-09T20:04:38.612+0200] {dag.py:3947} INFO - Setting next_dagrun for tutorial_dag to None, run_after=None
[2024-08-09T20:04:38.693+0200] {processor.py:183} INFO - Processing /home/bvpelt/Develop/airflowtut/py_env/lib/python3.10/site-packages/airflow/example_dags/tutorial_dag.py took 0.103 seconds
[2024-08-09T20:05:30.406+0200] {processor.py:161} INFO - Started process (PID=21362) to work on /home/bvpelt/Develop/airflowtut/py_env/lib/python3.10/site-packages/airflow/example_dags/tutorial_dag.py
[2024-08-09T20:05:30.425+0200] {processor.py:830} INFO - Processing file /home/bvpelt/Develop/airflowtut/py_env/lib/python3.10/site-packages/airflow/example_dags/tutorial_dag.py for tasks to queue
[2024-08-09T20:05:30.426+0200] {logging_mixin.py:188} INFO - [2024-08-09T20:05:30.426+0200] {dagbag.py:545} INFO - Filling up the DagBag from /home/bvpelt/Develop/airflowtut/py_env/lib/python3.10/site-packages/airflow/example_dags/tutorial_dag.py
[2024-08-09T20:05:30.429+0200] {processor.py:840} INFO - DAG(s) 'tutorial_dag' retrieved from /home/bvpelt/Develop/airflowtut/py_env/lib/python3.10/site-packages/airflow/example_dags/tutorial_dag.py
[2024-08-09T20:05:30.437+0200] {logging_mixin.py:188} INFO - [2024-08-09T20:05:30.437+0200] {dag.py:3089} INFO - Sync 1 DAGs
[2024-08-09T20:05:30.444+0200] {logging_mixin.py:188} INFO - [2024-08-09T20:05:30.444+0200] {dag.py:3947} INFO - Setting next_dagrun for tutorial_dag to None, run_after=None
[2024-08-09T20:05:30.588+0200] {processor.py:183} INFO - Processing /home/bvpelt/Develop/airflowtut/py_env/lib/python3.10/site-packages/airflow/example_dags/tutorial_dag.py took 0.185 seconds
[2024-08-09T20:06:28.601+0200] {processor.py:161} INFO - Started process (PID=21429) to work on /home/bvpelt/Develop/airflowtut/py_env/lib/python3.10/site-packages/airflow/example_dags/tutorial_dag.py
[2024-08-09T20:06:28.674+0200] {processor.py:830} INFO - Processing file /home/bvpelt/Develop/airflowtut/py_env/lib/python3.10/site-packages/airflow/example_dags/tutorial_dag.py for tasks to queue
[2024-08-09T20:06:28.675+0200] {logging_mixin.py:188} INFO - [2024-08-09T20:06:28.675+0200] {dagbag.py:545} INFO - Filling up the DagBag from /home/bvpelt/Develop/airflowtut/py_env/lib/python3.10/site-packages/airflow/example_dags/tutorial_dag.py
[2024-08-09T20:06:28.680+0200] {processor.py:840} INFO - DAG(s) 'tutorial_dag' retrieved from /home/bvpelt/Develop/airflowtut/py_env/lib/python3.10/site-packages/airflow/example_dags/tutorial_dag.py
[2024-08-09T20:06:28.690+0200] {logging_mixin.py:188} INFO - [2024-08-09T20:06:28.690+0200] {dag.py:3089} INFO - Sync 1 DAGs
[2024-08-09T20:06:28.698+0200] {logging_mixin.py:188} INFO - [2024-08-09T20:06:28.698+0200] {dag.py:3947} INFO - Setting next_dagrun for tutorial_dag to None, run_after=None
[2024-08-09T20:06:29.006+0200] {processor.py:183} INFO - Processing /home/bvpelt/Develop/airflowtut/py_env/lib/python3.10/site-packages/airflow/example_dags/tutorial_dag.py took 0.409 seconds
[2024-08-09T20:07:21.856+0200] {processor.py:161} INFO - Started process (PID=21536) to work on /home/bvpelt/Develop/airflowtut/py_env/lib/python3.10/site-packages/airflow/example_dags/tutorial_dag.py
[2024-08-09T20:07:21.856+0200] {processor.py:830} INFO - Processing file /home/bvpelt/Develop/airflowtut/py_env/lib/python3.10/site-packages/airflow/example_dags/tutorial_dag.py for tasks to queue
[2024-08-09T20:07:21.857+0200] {logging_mixin.py:188} INFO - [2024-08-09T20:07:21.857+0200] {dagbag.py:545} INFO - Filling up the DagBag from /home/bvpelt/Develop/airflowtut/py_env/lib/python3.10/site-packages/airflow/example_dags/tutorial_dag.py
[2024-08-09T20:07:21.860+0200] {processor.py:840} INFO - DAG(s) 'tutorial_dag' retrieved from /home/bvpelt/Develop/airflowtut/py_env/lib/python3.10/site-packages/airflow/example_dags/tutorial_dag.py
[2024-08-09T20:07:21.869+0200] {logging_mixin.py:188} INFO - [2024-08-09T20:07:21.868+0200] {dag.py:3089} INFO - Sync 1 DAGs
[2024-08-09T20:07:21.875+0200] {logging_mixin.py:188} INFO - [2024-08-09T20:07:21.875+0200] {dag.py:3947} INFO - Setting next_dagrun for tutorial_dag to None, run_after=None
[2024-08-09T20:07:21.968+0200] {processor.py:183} INFO - Processing /home/bvpelt/Develop/airflowtut/py_env/lib/python3.10/site-packages/airflow/example_dags/tutorial_dag.py took 0.116 seconds
[2024-08-09T20:08:14.327+0200] {processor.py:161} INFO - Started process (PID=21666) to work on /home/bvpelt/Develop/airflowtut/py_env/lib/python3.10/site-packages/airflow/example_dags/tutorial_dag.py
[2024-08-09T20:08:14.328+0200] {processor.py:830} INFO - Processing file /home/bvpelt/Develop/airflowtut/py_env/lib/python3.10/site-packages/airflow/example_dags/tutorial_dag.py for tasks to queue
[2024-08-09T20:08:14.329+0200] {logging_mixin.py:188} INFO - [2024-08-09T20:08:14.328+0200] {dagbag.py:545} INFO - Filling up the DagBag from /home/bvpelt/Develop/airflowtut/py_env/lib/python3.10/site-packages/airflow/example_dags/tutorial_dag.py
[2024-08-09T20:08:14.332+0200] {processor.py:840} INFO - DAG(s) 'tutorial_dag' retrieved from /home/bvpelt/Develop/airflowtut/py_env/lib/python3.10/site-packages/airflow/example_dags/tutorial_dag.py
[2024-08-09T20:08:14.340+0200] {logging_mixin.py:188} INFO - [2024-08-09T20:08:14.340+0200] {dag.py:3089} INFO - Sync 1 DAGs
[2024-08-09T20:08:14.346+0200] {logging_mixin.py:188} INFO - [2024-08-09T20:08:14.346+0200] {dag.py:3947} INFO - Setting next_dagrun for tutorial_dag to None, run_after=None
[2024-08-09T20:08:14.497+0200] {processor.py:183} INFO - Processing /home/bvpelt/Develop/airflowtut/py_env/lib/python3.10/site-packages/airflow/example_dags/tutorial_dag.py took 0.173 seconds
[2024-08-09T20:09:04.672+0200] {processor.py:161} INFO - Started process (PID=21724) to work on /home/bvpelt/Develop/airflowtut/py_env/lib/python3.10/site-packages/airflow/example_dags/tutorial_dag.py
[2024-08-09T20:09:04.672+0200] {processor.py:830} INFO - Processing file /home/bvpelt/Develop/airflowtut/py_env/lib/python3.10/site-packages/airflow/example_dags/tutorial_dag.py for tasks to queue
[2024-08-09T20:09:04.673+0200] {logging_mixin.py:188} INFO - [2024-08-09T20:09:04.673+0200] {dagbag.py:545} INFO - Filling up the DagBag from /home/bvpelt/Develop/airflowtut/py_env/lib/python3.10/site-packages/airflow/example_dags/tutorial_dag.py
[2024-08-09T20:09:04.676+0200] {processor.py:840} INFO - DAG(s) 'tutorial_dag' retrieved from /home/bvpelt/Develop/airflowtut/py_env/lib/python3.10/site-packages/airflow/example_dags/tutorial_dag.py
[2024-08-09T20:09:04.684+0200] {logging_mixin.py:188} INFO - [2024-08-09T20:09:04.684+0200] {dag.py:3089} INFO - Sync 1 DAGs
[2024-08-09T20:09:04.691+0200] {logging_mixin.py:188} INFO - [2024-08-09T20:09:04.691+0200] {dag.py:3947} INFO - Setting next_dagrun for tutorial_dag to None, run_after=None
[2024-08-09T20:09:04.774+0200] {processor.py:183} INFO - Processing /home/bvpelt/Develop/airflowtut/py_env/lib/python3.10/site-packages/airflow/example_dags/tutorial_dag.py took 0.105 seconds
[2024-08-09T20:09:56.847+0200] {processor.py:161} INFO - Started process (PID=21776) to work on /home/bvpelt/Develop/airflowtut/py_env/lib/python3.10/site-packages/airflow/example_dags/tutorial_dag.py
[2024-08-09T20:09:56.860+0200] {processor.py:830} INFO - Processing file /home/bvpelt/Develop/airflowtut/py_env/lib/python3.10/site-packages/airflow/example_dags/tutorial_dag.py for tasks to queue
[2024-08-09T20:09:56.861+0200] {logging_mixin.py:188} INFO - [2024-08-09T20:09:56.860+0200] {dagbag.py:545} INFO - Filling up the DagBag from /home/bvpelt/Develop/airflowtut/py_env/lib/python3.10/site-packages/airflow/example_dags/tutorial_dag.py
[2024-08-09T20:09:56.864+0200] {processor.py:840} INFO - DAG(s) 'tutorial_dag' retrieved from /home/bvpelt/Develop/airflowtut/py_env/lib/python3.10/site-packages/airflow/example_dags/tutorial_dag.py
[2024-08-09T20:09:56.873+0200] {logging_mixin.py:188} INFO - [2024-08-09T20:09:56.872+0200] {dag.py:3089} INFO - Sync 1 DAGs
[2024-08-09T20:09:56.879+0200] {logging_mixin.py:188} INFO - [2024-08-09T20:09:56.879+0200] {dag.py:3947} INFO - Setting next_dagrun for tutorial_dag to None, run_after=None
[2024-08-09T20:09:56.962+0200] {processor.py:183} INFO - Processing /home/bvpelt/Develop/airflowtut/py_env/lib/python3.10/site-packages/airflow/example_dags/tutorial_dag.py took 0.119 seconds
[2024-08-09T20:10:45.942+0200] {processor.py:161} INFO - Started process (PID=21851) to work on /home/bvpelt/Develop/airflowtut/py_env/lib/python3.10/site-packages/airflow/example_dags/tutorial_dag.py
[2024-08-09T20:10:45.957+0200] {processor.py:830} INFO - Processing file /home/bvpelt/Develop/airflowtut/py_env/lib/python3.10/site-packages/airflow/example_dags/tutorial_dag.py for tasks to queue
[2024-08-09T20:10:45.958+0200] {logging_mixin.py:188} INFO - [2024-08-09T20:10:45.958+0200] {dagbag.py:545} INFO - Filling up the DagBag from /home/bvpelt/Develop/airflowtut/py_env/lib/python3.10/site-packages/airflow/example_dags/tutorial_dag.py
[2024-08-09T20:10:45.962+0200] {processor.py:840} INFO - DAG(s) 'tutorial_dag' retrieved from /home/bvpelt/Develop/airflowtut/py_env/lib/python3.10/site-packages/airflow/example_dags/tutorial_dag.py
[2024-08-09T20:10:45.970+0200] {logging_mixin.py:188} INFO - [2024-08-09T20:10:45.970+0200] {dag.py:3089} INFO - Sync 1 DAGs
[2024-08-09T20:10:45.976+0200] {logging_mixin.py:188} INFO - [2024-08-09T20:10:45.976+0200] {dag.py:3947} INFO - Setting next_dagrun for tutorial_dag to None, run_after=None
[2024-08-09T20:10:46.223+0200] {processor.py:183} INFO - Processing /home/bvpelt/Develop/airflowtut/py_env/lib/python3.10/site-packages/airflow/example_dags/tutorial_dag.py took 0.284 seconds
[2024-08-09T20:11:35.666+0200] {processor.py:161} INFO - Started process (PID=21905) to work on /home/bvpelt/Develop/airflowtut/py_env/lib/python3.10/site-packages/airflow/example_dags/tutorial_dag.py
[2024-08-09T20:11:35.680+0200] {processor.py:830} INFO - Processing file /home/bvpelt/Develop/airflowtut/py_env/lib/python3.10/site-packages/airflow/example_dags/tutorial_dag.py for tasks to queue
[2024-08-09T20:11:35.681+0200] {logging_mixin.py:188} INFO - [2024-08-09T20:11:35.680+0200] {dagbag.py:545} INFO - Filling up the DagBag from /home/bvpelt/Develop/airflowtut/py_env/lib/python3.10/site-packages/airflow/example_dags/tutorial_dag.py
[2024-08-09T20:11:35.685+0200] {processor.py:840} INFO - DAG(s) 'tutorial_dag' retrieved from /home/bvpelt/Develop/airflowtut/py_env/lib/python3.10/site-packages/airflow/example_dags/tutorial_dag.py
[2024-08-09T20:11:35.693+0200] {logging_mixin.py:188} INFO - [2024-08-09T20:11:35.693+0200] {dag.py:3089} INFO - Sync 1 DAGs
[2024-08-09T20:11:35.700+0200] {logging_mixin.py:188} INFO - [2024-08-09T20:11:35.700+0200] {dag.py:3947} INFO - Setting next_dagrun for tutorial_dag to None, run_after=None
[2024-08-09T20:11:35.779+0200] {processor.py:183} INFO - Processing /home/bvpelt/Develop/airflowtut/py_env/lib/python3.10/site-packages/airflow/example_dags/tutorial_dag.py took 0.117 seconds
[2024-08-09T20:12:24.317+0200] {processor.py:161} INFO - Started process (PID=22013) to work on /home/bvpelt/Develop/airflowtut/py_env/lib/python3.10/site-packages/airflow/example_dags/tutorial_dag.py
[2024-08-09T20:12:24.318+0200] {processor.py:830} INFO - Processing file /home/bvpelt/Develop/airflowtut/py_env/lib/python3.10/site-packages/airflow/example_dags/tutorial_dag.py for tasks to queue
[2024-08-09T20:12:24.319+0200] {logging_mixin.py:188} INFO - [2024-08-09T20:12:24.318+0200] {dagbag.py:545} INFO - Filling up the DagBag from /home/bvpelt/Develop/airflowtut/py_env/lib/python3.10/site-packages/airflow/example_dags/tutorial_dag.py
[2024-08-09T20:12:24.322+0200] {processor.py:840} INFO - DAG(s) 'tutorial_dag' retrieved from /home/bvpelt/Develop/airflowtut/py_env/lib/python3.10/site-packages/airflow/example_dags/tutorial_dag.py
[2024-08-09T20:12:24.330+0200] {logging_mixin.py:188} INFO - [2024-08-09T20:12:24.330+0200] {dag.py:3089} INFO - Sync 1 DAGs
[2024-08-09T20:12:24.336+0200] {logging_mixin.py:188} INFO - [2024-08-09T20:12:24.336+0200] {dag.py:3947} INFO - Setting next_dagrun for tutorial_dag to None, run_after=None
[2024-08-09T20:12:24.446+0200] {processor.py:183} INFO - Processing /home/bvpelt/Develop/airflowtut/py_env/lib/python3.10/site-packages/airflow/example_dags/tutorial_dag.py took 0.132 seconds
[2024-08-09T20:13:17.875+0200] {processor.py:161} INFO - Started process (PID=22098) to work on /home/bvpelt/Develop/airflowtut/py_env/lib/python3.10/site-packages/airflow/example_dags/tutorial_dag.py
[2024-08-09T20:13:17.875+0200] {processor.py:830} INFO - Processing file /home/bvpelt/Develop/airflowtut/py_env/lib/python3.10/site-packages/airflow/example_dags/tutorial_dag.py for tasks to queue
[2024-08-09T20:13:17.876+0200] {logging_mixin.py:188} INFO - [2024-08-09T20:13:17.876+0200] {dagbag.py:545} INFO - Filling up the DagBag from /home/bvpelt/Develop/airflowtut/py_env/lib/python3.10/site-packages/airflow/example_dags/tutorial_dag.py
[2024-08-09T20:13:17.879+0200] {processor.py:840} INFO - DAG(s) 'tutorial_dag' retrieved from /home/bvpelt/Develop/airflowtut/py_env/lib/python3.10/site-packages/airflow/example_dags/tutorial_dag.py
[2024-08-09T20:13:17.888+0200] {logging_mixin.py:188} INFO - [2024-08-09T20:13:17.888+0200] {dag.py:3089} INFO - Sync 1 DAGs
[2024-08-09T20:13:17.894+0200] {logging_mixin.py:188} INFO - [2024-08-09T20:13:17.894+0200] {dag.py:3947} INFO - Setting next_dagrun for tutorial_dag to None, run_after=None
[2024-08-09T20:13:17.964+0200] {processor.py:183} INFO - Processing /home/bvpelt/Develop/airflowtut/py_env/lib/python3.10/site-packages/airflow/example_dags/tutorial_dag.py took 0.093 seconds
[2024-08-09T20:14:14.125+0200] {processor.py:161} INFO - Started process (PID=22179) to work on /home/bvpelt/Develop/airflowtut/py_env/lib/python3.10/site-packages/airflow/example_dags/tutorial_dag.py
[2024-08-09T20:14:14.175+0200] {processor.py:830} INFO - Processing file /home/bvpelt/Develop/airflowtut/py_env/lib/python3.10/site-packages/airflow/example_dags/tutorial_dag.py for tasks to queue
[2024-08-09T20:14:14.177+0200] {logging_mixin.py:188} INFO - [2024-08-09T20:14:14.176+0200] {dagbag.py:545} INFO - Filling up the DagBag from /home/bvpelt/Develop/airflowtut/py_env/lib/python3.10/site-packages/airflow/example_dags/tutorial_dag.py
[2024-08-09T20:14:14.183+0200] {processor.py:840} INFO - DAG(s) 'tutorial_dag' retrieved from /home/bvpelt/Develop/airflowtut/py_env/lib/python3.10/site-packages/airflow/example_dags/tutorial_dag.py
[2024-08-09T20:14:14.203+0200] {logging_mixin.py:188} INFO - [2024-08-09T20:14:14.203+0200] {dag.py:3089} INFO - Sync 1 DAGs
[2024-08-09T20:14:14.217+0200] {logging_mixin.py:188} INFO - [2024-08-09T20:14:14.216+0200] {dag.py:3947} INFO - Setting next_dagrun for tutorial_dag to None, run_after=None
[2024-08-09T20:14:14.330+0200] {processor.py:183} INFO - Processing /home/bvpelt/Develop/airflowtut/py_env/lib/python3.10/site-packages/airflow/example_dags/tutorial_dag.py took 0.208 seconds
[2024-08-09T20:15:00.946+0200] {processor.py:161} INFO - Started process (PID=22230) to work on /home/bvpelt/Develop/airflowtut/py_env/lib/python3.10/site-packages/airflow/example_dags/tutorial_dag.py
[2024-08-09T20:15:00.946+0200] {processor.py:830} INFO - Processing file /home/bvpelt/Develop/airflowtut/py_env/lib/python3.10/site-packages/airflow/example_dags/tutorial_dag.py for tasks to queue
[2024-08-09T20:15:00.947+0200] {logging_mixin.py:188} INFO - [2024-08-09T20:15:00.947+0200] {dagbag.py:545} INFO - Filling up the DagBag from /home/bvpelt/Develop/airflowtut/py_env/lib/python3.10/site-packages/airflow/example_dags/tutorial_dag.py
[2024-08-09T20:15:00.950+0200] {processor.py:840} INFO - DAG(s) 'tutorial_dag' retrieved from /home/bvpelt/Develop/airflowtut/py_env/lib/python3.10/site-packages/airflow/example_dags/tutorial_dag.py
[2024-08-09T20:15:00.958+0200] {logging_mixin.py:188} INFO - [2024-08-09T20:15:00.958+0200] {dag.py:3089} INFO - Sync 1 DAGs
[2024-08-09T20:15:00.965+0200] {logging_mixin.py:188} INFO - [2024-08-09T20:15:00.964+0200] {dag.py:3947} INFO - Setting next_dagrun for tutorial_dag to None, run_after=None
[2024-08-09T20:15:01.068+0200] {processor.py:183} INFO - Processing /home/bvpelt/Develop/airflowtut/py_env/lib/python3.10/site-packages/airflow/example_dags/tutorial_dag.py took 0.125 seconds
[2024-08-09T20:15:50.175+0200] {processor.py:161} INFO - Started process (PID=22314) to work on /home/bvpelt/Develop/airflowtut/py_env/lib/python3.10/site-packages/airflow/example_dags/tutorial_dag.py
[2024-08-09T20:15:50.243+0200] {processor.py:830} INFO - Processing file /home/bvpelt/Develop/airflowtut/py_env/lib/python3.10/site-packages/airflow/example_dags/tutorial_dag.py for tasks to queue
[2024-08-09T20:15:50.247+0200] {logging_mixin.py:188} INFO - [2024-08-09T20:15:50.246+0200] {dagbag.py:545} INFO - Filling up the DagBag from /home/bvpelt/Develop/airflowtut/py_env/lib/python3.10/site-packages/airflow/example_dags/tutorial_dag.py
[2024-08-09T20:15:50.251+0200] {processor.py:840} INFO - DAG(s) 'tutorial_dag' retrieved from /home/bvpelt/Develop/airflowtut/py_env/lib/python3.10/site-packages/airflow/example_dags/tutorial_dag.py
[2024-08-09T20:15:50.259+0200] {logging_mixin.py:188} INFO - [2024-08-09T20:15:50.259+0200] {dag.py:3089} INFO - Sync 1 DAGs
[2024-08-09T20:15:50.266+0200] {logging_mixin.py:188} INFO - [2024-08-09T20:15:50.265+0200] {dag.py:3947} INFO - Setting next_dagrun for tutorial_dag to None, run_after=None
[2024-08-09T20:15:50.342+0200] {processor.py:183} INFO - Processing /home/bvpelt/Develop/airflowtut/py_env/lib/python3.10/site-packages/airflow/example_dags/tutorial_dag.py took 0.171 seconds
