[2024-08-09T19:42:16.979+0200] {processor.py:161} INFO - Started process (PID=17497) to work on /home/bvpelt/Develop/airflowtut/py_env/lib/python3.10/site-packages/airflow/example_dags/tutorial.py
[2024-08-09T19:42:16.979+0200] {processor.py:830} INFO - Processing file /home/bvpelt/Develop/airflowtut/py_env/lib/python3.10/site-packages/airflow/example_dags/tutorial.py for tasks to queue
[2024-08-09T19:42:16.980+0200] {logging_mixin.py:188} INFO - [2024-08-09T19:42:16.980+0200] {dagbag.py:545} INFO - Filling up the DagBag from /home/bvpelt/Develop/airflowtut/py_env/lib/python3.10/site-packages/airflow/example_dags/tutorial.py
[2024-08-09T19:42:16.984+0200] {processor.py:840} INFO - DAG(s) 'tutorial' retrieved from /home/bvpelt/Develop/airflowtut/py_env/lib/python3.10/site-packages/airflow/example_dags/tutorial.py
[2024-08-09T19:42:17.199+0200] {logging_mixin.py:188} INFO - [2024-08-09T19:42:17.199+0200] {override.py:1858} INFO - Created Permission View: can edit on DAG:tutorial
[2024-08-09T19:42:17.266+0200] {logging_mixin.py:188} INFO - [2024-08-09T19:42:17.265+0200] {override.py:1858} INFO - Created Permission View: can read on DAG:tutorial
[2024-08-09T19:42:17.333+0200] {logging_mixin.py:188} INFO - [2024-08-09T19:42:17.332+0200] {override.py:1858} INFO - Created Permission View: can delete on DAG:tutorial
[2024-08-09T19:42:17.334+0200] {logging_mixin.py:188} INFO - [2024-08-09T19:42:17.334+0200] {dag.py:3089} INFO - Sync 1 DAGs
[2024-08-09T19:42:17.363+0200] {logging_mixin.py:188} INFO - [2024-08-09T19:42:17.363+0200] {dag.py:3111} INFO - Creating ORM DAG for tutorial
[2024-08-09T19:42:17.376+0200] {logging_mixin.py:188} INFO - [2024-08-09T19:42:17.376+0200] {dag.py:3947} INFO - Setting next_dagrun for tutorial to 2024-08-08 00:00:00+00:00, run_after=2024-08-09 00:00:00+00:00
[2024-08-09T19:42:17.492+0200] {processor.py:183} INFO - Processing /home/bvpelt/Develop/airflowtut/py_env/lib/python3.10/site-packages/airflow/example_dags/tutorial.py took 0.516 seconds
[2024-08-09T19:43:42.661+0200] {processor.py:161} INFO - Started process (PID=17852) to work on /home/bvpelt/Develop/airflowtut/py_env/lib/python3.10/site-packages/airflow/example_dags/tutorial.py
[2024-08-09T19:43:42.701+0200] {processor.py:830} INFO - Processing file /home/bvpelt/Develop/airflowtut/py_env/lib/python3.10/site-packages/airflow/example_dags/tutorial.py for tasks to queue
[2024-08-09T19:43:42.703+0200] {logging_mixin.py:188} INFO - [2024-08-09T19:43:42.703+0200] {dagbag.py:545} INFO - Filling up the DagBag from /home/bvpelt/Develop/airflowtut/py_env/lib/python3.10/site-packages/airflow/example_dags/tutorial.py
[2024-08-09T19:43:42.710+0200] {processor.py:840} INFO - DAG(s) 'tutorial' retrieved from /home/bvpelt/Develop/airflowtut/py_env/lib/python3.10/site-packages/airflow/example_dags/tutorial.py
[2024-08-09T19:43:42.735+0200] {logging_mixin.py:188} INFO - [2024-08-09T19:43:42.735+0200] {dag.py:3089} INFO - Sync 1 DAGs
[2024-08-09T19:43:42.756+0200] {logging_mixin.py:188} INFO - [2024-08-09T19:43:42.755+0200] {dag.py:3947} INFO - Setting next_dagrun for tutorial to 2024-08-08 00:00:00+00:00, run_after=2024-08-09 00:00:00+00:00
[2024-08-09T19:43:42.873+0200] {processor.py:183} INFO - Processing /home/bvpelt/Develop/airflowtut/py_env/lib/python3.10/site-packages/airflow/example_dags/tutorial.py took 0.216 seconds
[2024-08-09T19:44:18.604+0200] {processor.py:161} INFO - Started process (PID=17974) to work on /home/bvpelt/Develop/airflowtut/py_env/lib/python3.10/site-packages/airflow/example_dags/tutorial.py
[2024-08-09T19:44:18.658+0200] {processor.py:830} INFO - Processing file /home/bvpelt/Develop/airflowtut/py_env/lib/python3.10/site-packages/airflow/example_dags/tutorial.py for tasks to queue
[2024-08-09T19:44:18.660+0200] {logging_mixin.py:188} INFO - [2024-08-09T19:44:18.660+0200] {dagbag.py:545} INFO - Filling up the DagBag from /home/bvpelt/Develop/airflowtut/py_env/lib/python3.10/site-packages/airflow/example_dags/tutorial.py
[2024-08-09T19:44:18.671+0200] {processor.py:840} INFO - DAG(s) 'tutorial' retrieved from /home/bvpelt/Develop/airflowtut/py_env/lib/python3.10/site-packages/airflow/example_dags/tutorial.py
[2024-08-09T19:44:18.699+0200] {logging_mixin.py:188} INFO - [2024-08-09T19:44:18.698+0200] {dag.py:3089} INFO - Sync 1 DAGs
[2024-08-09T19:44:18.715+0200] {logging_mixin.py:188} INFO - [2024-08-09T19:44:18.715+0200] {dag.py:3947} INFO - Setting next_dagrun for tutorial to 2024-08-08 00:00:00+00:00, run_after=2024-08-09 00:00:00+00:00
[2024-08-09T19:44:18.814+0200] {processor.py:183} INFO - Processing /home/bvpelt/Develop/airflowtut/py_env/lib/python3.10/site-packages/airflow/example_dags/tutorial.py took 0.213 seconds
[2024-08-09T19:45:11.062+0200] {processor.py:161} INFO - Started process (PID=18236) to work on /home/bvpelt/Develop/airflowtut/py_env/lib/python3.10/site-packages/airflow/example_dags/tutorial.py
[2024-08-09T19:45:11.063+0200] {processor.py:830} INFO - Processing file /home/bvpelt/Develop/airflowtut/py_env/lib/python3.10/site-packages/airflow/example_dags/tutorial.py for tasks to queue
[2024-08-09T19:45:11.064+0200] {logging_mixin.py:188} INFO - [2024-08-09T19:45:11.064+0200] {dagbag.py:545} INFO - Filling up the DagBag from /home/bvpelt/Develop/airflowtut/py_env/lib/python3.10/site-packages/airflow/example_dags/tutorial.py
[2024-08-09T19:45:11.070+0200] {processor.py:840} INFO - DAG(s) 'tutorial' retrieved from /home/bvpelt/Develop/airflowtut/py_env/lib/python3.10/site-packages/airflow/example_dags/tutorial.py
[2024-08-09T19:45:11.086+0200] {logging_mixin.py:188} INFO - [2024-08-09T19:45:11.086+0200] {dag.py:3089} INFO - Sync 1 DAGs
[2024-08-09T19:45:11.156+0200] {logging_mixin.py:188} INFO - [2024-08-09T19:45:11.155+0200] {dag.py:3947} INFO - Setting next_dagrun for tutorial to 2024-08-08 00:00:00+00:00, run_after=2024-08-09 00:00:00+00:00
[2024-08-09T19:45:11.324+0200] {processor.py:183} INFO - Processing /home/bvpelt/Develop/airflowtut/py_env/lib/python3.10/site-packages/airflow/example_dags/tutorial.py took 0.267 seconds
[2024-08-09T19:46:19.499+0200] {processor.py:161} INFO - Started process (PID=18588) to work on /home/bvpelt/Develop/airflowtut/py_env/lib/python3.10/site-packages/airflow/example_dags/tutorial.py
[2024-08-09T19:46:19.500+0200] {processor.py:830} INFO - Processing file /home/bvpelt/Develop/airflowtut/py_env/lib/python3.10/site-packages/airflow/example_dags/tutorial.py for tasks to queue
[2024-08-09T19:46:19.501+0200] {logging_mixin.py:188} INFO - [2024-08-09T19:46:19.500+0200] {dagbag.py:545} INFO - Filling up the DagBag from /home/bvpelt/Develop/airflowtut/py_env/lib/python3.10/site-packages/airflow/example_dags/tutorial.py
[2024-08-09T19:46:19.504+0200] {processor.py:840} INFO - DAG(s) 'tutorial' retrieved from /home/bvpelt/Develop/airflowtut/py_env/lib/python3.10/site-packages/airflow/example_dags/tutorial.py
[2024-08-09T19:46:19.512+0200] {logging_mixin.py:188} INFO - [2024-08-09T19:46:19.512+0200] {dag.py:3089} INFO - Sync 1 DAGs
[2024-08-09T19:46:19.522+0200] {logging_mixin.py:188} INFO - [2024-08-09T19:46:19.522+0200] {dag.py:3947} INFO - Setting next_dagrun for tutorial to 2024-08-08 00:00:00+00:00, run_after=2024-08-09 00:00:00+00:00
[2024-08-09T19:46:19.613+0200] {processor.py:183} INFO - Processing /home/bvpelt/Develop/airflowtut/py_env/lib/python3.10/site-packages/airflow/example_dags/tutorial.py took 0.117 seconds
[2024-08-09T19:47:01.560+0200] {processor.py:161} INFO - Started process (PID=18751) to work on /home/bvpelt/Develop/airflowtut/py_env/lib/python3.10/site-packages/airflow/example_dags/tutorial.py
[2024-08-09T19:47:01.569+0200] {processor.py:830} INFO - Processing file /home/bvpelt/Develop/airflowtut/py_env/lib/python3.10/site-packages/airflow/example_dags/tutorial.py for tasks to queue
[2024-08-09T19:47:01.573+0200] {logging_mixin.py:188} INFO - [2024-08-09T19:47:01.572+0200] {dagbag.py:545} INFO - Filling up the DagBag from /home/bvpelt/Develop/airflowtut/py_env/lib/python3.10/site-packages/airflow/example_dags/tutorial.py
[2024-08-09T19:47:01.588+0200] {processor.py:840} INFO - DAG(s) 'tutorial' retrieved from /home/bvpelt/Develop/airflowtut/py_env/lib/python3.10/site-packages/airflow/example_dags/tutorial.py
[2024-08-09T19:47:01.612+0200] {logging_mixin.py:188} INFO - [2024-08-09T19:47:01.612+0200] {dag.py:3089} INFO - Sync 1 DAGs
[2024-08-09T19:47:01.627+0200] {logging_mixin.py:188} INFO - [2024-08-09T19:47:01.627+0200] {dag.py:3947} INFO - Setting next_dagrun for tutorial to 2024-08-08 00:00:00+00:00, run_after=2024-08-09 00:00:00+00:00
[2024-08-09T19:47:01.724+0200] {processor.py:183} INFO - Processing /home/bvpelt/Develop/airflowtut/py_env/lib/python3.10/site-packages/airflow/example_dags/tutorial.py took 0.167 seconds
[2024-08-09T19:47:51.404+0200] {processor.py:161} INFO - Started process (PID=19006) to work on /home/bvpelt/Develop/airflowtut/py_env/lib/python3.10/site-packages/airflow/example_dags/tutorial.py
[2024-08-09T19:47:51.404+0200] {processor.py:830} INFO - Processing file /home/bvpelt/Develop/airflowtut/py_env/lib/python3.10/site-packages/airflow/example_dags/tutorial.py for tasks to queue
[2024-08-09T19:47:51.406+0200] {logging_mixin.py:188} INFO - [2024-08-09T19:47:51.406+0200] {dagbag.py:545} INFO - Filling up the DagBag from /home/bvpelt/Develop/airflowtut/py_env/lib/python3.10/site-packages/airflow/example_dags/tutorial.py
[2024-08-09T19:47:51.412+0200] {processor.py:840} INFO - DAG(s) 'tutorial' retrieved from /home/bvpelt/Develop/airflowtut/py_env/lib/python3.10/site-packages/airflow/example_dags/tutorial.py
[2024-08-09T19:47:51.430+0200] {logging_mixin.py:188} INFO - [2024-08-09T19:47:51.430+0200] {dag.py:3089} INFO - Sync 1 DAGs
[2024-08-09T19:47:51.444+0200] {logging_mixin.py:188} INFO - [2024-08-09T19:47:51.444+0200] {dag.py:3947} INFO - Setting next_dagrun for tutorial to 2024-08-08 00:00:00+00:00, run_after=2024-08-09 00:00:00+00:00
[2024-08-09T19:47:51.521+0200] {processor.py:183} INFO - Processing /home/bvpelt/Develop/airflowtut/py_env/lib/python3.10/site-packages/airflow/example_dags/tutorial.py took 0.124 seconds
[2024-08-09T19:48:42.316+0200] {processor.py:161} INFO - Started process (PID=19119) to work on /home/bvpelt/Develop/airflowtut/py_env/lib/python3.10/site-packages/airflow/example_dags/tutorial.py
[2024-08-09T19:48:42.317+0200] {processor.py:830} INFO - Processing file /home/bvpelt/Develop/airflowtut/py_env/lib/python3.10/site-packages/airflow/example_dags/tutorial.py for tasks to queue
[2024-08-09T19:48:42.318+0200] {logging_mixin.py:188} INFO - [2024-08-09T19:48:42.318+0200] {dagbag.py:545} INFO - Filling up the DagBag from /home/bvpelt/Develop/airflowtut/py_env/lib/python3.10/site-packages/airflow/example_dags/tutorial.py
[2024-08-09T19:48:42.321+0200] {processor.py:840} INFO - DAG(s) 'tutorial' retrieved from /home/bvpelt/Develop/airflowtut/py_env/lib/python3.10/site-packages/airflow/example_dags/tutorial.py
[2024-08-09T19:48:42.329+0200] {logging_mixin.py:188} INFO - [2024-08-09T19:48:42.329+0200] {dag.py:3089} INFO - Sync 1 DAGs
[2024-08-09T19:48:42.339+0200] {logging_mixin.py:188} INFO - [2024-08-09T19:48:42.339+0200] {dag.py:3947} INFO - Setting next_dagrun for tutorial to 2024-08-08 00:00:00+00:00, run_after=2024-08-09 00:00:00+00:00
[2024-08-09T19:48:42.436+0200] {processor.py:183} INFO - Processing /home/bvpelt/Develop/airflowtut/py_env/lib/python3.10/site-packages/airflow/example_dags/tutorial.py took 0.123 seconds
[2024-08-09T19:49:31.250+0200] {processor.py:161} INFO - Started process (PID=19203) to work on /home/bvpelt/Develop/airflowtut/py_env/lib/python3.10/site-packages/airflow/example_dags/tutorial.py
[2024-08-09T19:49:31.251+0200] {processor.py:830} INFO - Processing file /home/bvpelt/Develop/airflowtut/py_env/lib/python3.10/site-packages/airflow/example_dags/tutorial.py for tasks to queue
[2024-08-09T19:49:31.252+0200] {logging_mixin.py:188} INFO - [2024-08-09T19:49:31.252+0200] {dagbag.py:545} INFO - Filling up the DagBag from /home/bvpelt/Develop/airflowtut/py_env/lib/python3.10/site-packages/airflow/example_dags/tutorial.py
[2024-08-09T19:49:31.255+0200] {processor.py:840} INFO - DAG(s) 'tutorial' retrieved from /home/bvpelt/Develop/airflowtut/py_env/lib/python3.10/site-packages/airflow/example_dags/tutorial.py
[2024-08-09T19:49:31.263+0200] {logging_mixin.py:188} INFO - [2024-08-09T19:49:31.263+0200] {dag.py:3089} INFO - Sync 1 DAGs
[2024-08-09T19:49:31.273+0200] {logging_mixin.py:188} INFO - [2024-08-09T19:49:31.273+0200] {dag.py:3947} INFO - Setting next_dagrun for tutorial to 2024-08-08 00:00:00+00:00, run_after=2024-08-09 00:00:00+00:00
[2024-08-09T19:49:31.370+0200] {processor.py:183} INFO - Processing /home/bvpelt/Develop/airflowtut/py_env/lib/python3.10/site-packages/airflow/example_dags/tutorial.py took 0.123 seconds
[2024-08-09T19:50:24.188+0200] {processor.py:161} INFO - Started process (PID=19357) to work on /home/bvpelt/Develop/airflowtut/py_env/lib/python3.10/site-packages/airflow/example_dags/tutorial.py
[2024-08-09T19:50:24.190+0200] {processor.py:830} INFO - Processing file /home/bvpelt/Develop/airflowtut/py_env/lib/python3.10/site-packages/airflow/example_dags/tutorial.py for tasks to queue
[2024-08-09T19:50:24.194+0200] {logging_mixin.py:188} INFO - [2024-08-09T19:50:24.193+0200] {dagbag.py:545} INFO - Filling up the DagBag from /home/bvpelt/Develop/airflowtut/py_env/lib/python3.10/site-packages/airflow/example_dags/tutorial.py
[2024-08-09T19:50:24.204+0200] {processor.py:840} INFO - DAG(s) 'tutorial' retrieved from /home/bvpelt/Develop/airflowtut/py_env/lib/python3.10/site-packages/airflow/example_dags/tutorial.py
[2024-08-09T19:50:24.220+0200] {logging_mixin.py:188} INFO - [2024-08-09T19:50:24.220+0200] {dag.py:3089} INFO - Sync 1 DAGs
[2024-08-09T19:50:24.234+0200] {logging_mixin.py:188} INFO - [2024-08-09T19:50:24.234+0200] {dag.py:3947} INFO - Setting next_dagrun for tutorial to 2024-08-08 00:00:00+00:00, run_after=2024-08-09 00:00:00+00:00
[2024-08-09T19:50:24.337+0200] {processor.py:183} INFO - Processing /home/bvpelt/Develop/airflowtut/py_env/lib/python3.10/site-packages/airflow/example_dags/tutorial.py took 0.164 seconds
[2024-08-09T19:51:15.354+0200] {processor.py:161} INFO - Started process (PID=19483) to work on /home/bvpelt/Develop/airflowtut/py_env/lib/python3.10/site-packages/airflow/example_dags/tutorial.py
[2024-08-09T19:51:15.354+0200] {processor.py:830} INFO - Processing file /home/bvpelt/Develop/airflowtut/py_env/lib/python3.10/site-packages/airflow/example_dags/tutorial.py for tasks to queue
[2024-08-09T19:51:15.355+0200] {logging_mixin.py:188} INFO - [2024-08-09T19:51:15.355+0200] {dagbag.py:545} INFO - Filling up the DagBag from /home/bvpelt/Develop/airflowtut/py_env/lib/python3.10/site-packages/airflow/example_dags/tutorial.py
[2024-08-09T19:51:15.359+0200] {processor.py:840} INFO - DAG(s) 'tutorial' retrieved from /home/bvpelt/Develop/airflowtut/py_env/lib/python3.10/site-packages/airflow/example_dags/tutorial.py
[2024-08-09T19:51:15.367+0200] {logging_mixin.py:188} INFO - [2024-08-09T19:51:15.367+0200] {dag.py:3089} INFO - Sync 1 DAGs
[2024-08-09T19:51:15.378+0200] {logging_mixin.py:188} INFO - [2024-08-09T19:51:15.377+0200] {dag.py:3947} INFO - Setting next_dagrun for tutorial to 2024-08-08 00:00:00+00:00, run_after=2024-08-09 00:00:00+00:00
[2024-08-09T19:51:15.472+0200] {processor.py:183} INFO - Processing /home/bvpelt/Develop/airflowtut/py_env/lib/python3.10/site-packages/airflow/example_dags/tutorial.py took 0.122 seconds
[2024-08-09T19:52:24.457+0200] {processor.py:161} INFO - Started process (PID=19984) to work on /home/bvpelt/Develop/airflowtut/py_env/lib/python3.10/site-packages/airflow/example_dags/tutorial.py
[2024-08-09T19:52:24.458+0200] {processor.py:830} INFO - Processing file /home/bvpelt/Develop/airflowtut/py_env/lib/python3.10/site-packages/airflow/example_dags/tutorial.py for tasks to queue
[2024-08-09T19:52:24.459+0200] {logging_mixin.py:188} INFO - [2024-08-09T19:52:24.459+0200] {dagbag.py:545} INFO - Filling up the DagBag from /home/bvpelt/Develop/airflowtut/py_env/lib/python3.10/site-packages/airflow/example_dags/tutorial.py
[2024-08-09T19:52:24.462+0200] {processor.py:840} INFO - DAG(s) 'tutorial' retrieved from /home/bvpelt/Develop/airflowtut/py_env/lib/python3.10/site-packages/airflow/example_dags/tutorial.py
[2024-08-09T19:52:24.470+0200] {logging_mixin.py:188} INFO - [2024-08-09T19:52:24.470+0200] {dag.py:3089} INFO - Sync 1 DAGs
[2024-08-09T19:52:24.481+0200] {logging_mixin.py:188} INFO - [2024-08-09T19:52:24.481+0200] {dag.py:3947} INFO - Setting next_dagrun for tutorial to 2024-08-08 00:00:00+00:00, run_after=2024-08-09 00:00:00+00:00
[2024-08-09T19:52:24.561+0200] {processor.py:183} INFO - Processing /home/bvpelt/Develop/airflowtut/py_env/lib/python3.10/site-packages/airflow/example_dags/tutorial.py took 0.107 seconds
[2024-08-09T19:53:10.966+0200] {processor.py:161} INFO - Started process (PID=20080) to work on /home/bvpelt/Develop/airflowtut/py_env/lib/python3.10/site-packages/airflow/example_dags/tutorial.py
[2024-08-09T19:53:10.967+0200] {processor.py:830} INFO - Processing file /home/bvpelt/Develop/airflowtut/py_env/lib/python3.10/site-packages/airflow/example_dags/tutorial.py for tasks to queue
[2024-08-09T19:53:10.967+0200] {logging_mixin.py:188} INFO - [2024-08-09T19:53:10.967+0200] {dagbag.py:545} INFO - Filling up the DagBag from /home/bvpelt/Develop/airflowtut/py_env/lib/python3.10/site-packages/airflow/example_dags/tutorial.py
[2024-08-09T19:53:10.971+0200] {processor.py:840} INFO - DAG(s) 'tutorial' retrieved from /home/bvpelt/Develop/airflowtut/py_env/lib/python3.10/site-packages/airflow/example_dags/tutorial.py
[2024-08-09T19:53:10.979+0200] {logging_mixin.py:188} INFO - [2024-08-09T19:53:10.978+0200] {dag.py:3089} INFO - Sync 1 DAGs
[2024-08-09T19:53:10.989+0200] {logging_mixin.py:188} INFO - [2024-08-09T19:53:10.989+0200] {dag.py:3947} INFO - Setting next_dagrun for tutorial to 2024-08-08 00:00:00+00:00, run_after=2024-08-09 00:00:00+00:00
[2024-08-09T19:53:11.058+0200] {processor.py:183} INFO - Processing /home/bvpelt/Develop/airflowtut/py_env/lib/python3.10/site-packages/airflow/example_dags/tutorial.py took 0.095 seconds
[2024-08-09T19:54:03.405+0200] {processor.py:161} INFO - Started process (PID=20138) to work on /home/bvpelt/Develop/airflowtut/py_env/lib/python3.10/site-packages/airflow/example_dags/tutorial.py
[2024-08-09T19:54:03.406+0200] {processor.py:830} INFO - Processing file /home/bvpelt/Develop/airflowtut/py_env/lib/python3.10/site-packages/airflow/example_dags/tutorial.py for tasks to queue
[2024-08-09T19:54:03.407+0200] {logging_mixin.py:188} INFO - [2024-08-09T19:54:03.407+0200] {dagbag.py:545} INFO - Filling up the DagBag from /home/bvpelt/Develop/airflowtut/py_env/lib/python3.10/site-packages/airflow/example_dags/tutorial.py
[2024-08-09T19:54:03.410+0200] {processor.py:840} INFO - DAG(s) 'tutorial' retrieved from /home/bvpelt/Develop/airflowtut/py_env/lib/python3.10/site-packages/airflow/example_dags/tutorial.py
[2024-08-09T19:54:03.418+0200] {logging_mixin.py:188} INFO - [2024-08-09T19:54:03.418+0200] {dag.py:3089} INFO - Sync 1 DAGs
[2024-08-09T19:54:03.428+0200] {logging_mixin.py:188} INFO - [2024-08-09T19:54:03.428+0200] {dag.py:3947} INFO - Setting next_dagrun for tutorial to 2024-08-08 00:00:00+00:00, run_after=2024-08-09 00:00:00+00:00
[2024-08-09T19:54:03.498+0200] {processor.py:183} INFO - Processing /home/bvpelt/Develop/airflowtut/py_env/lib/python3.10/site-packages/airflow/example_dags/tutorial.py took 0.096 seconds
[2024-08-09T19:54:58.007+0200] {processor.py:161} INFO - Started process (PID=20215) to work on /home/bvpelt/Develop/airflowtut/py_env/lib/python3.10/site-packages/airflow/example_dags/tutorial.py
[2024-08-09T19:54:58.020+0200] {processor.py:830} INFO - Processing file /home/bvpelt/Develop/airflowtut/py_env/lib/python3.10/site-packages/airflow/example_dags/tutorial.py for tasks to queue
[2024-08-09T19:54:58.021+0200] {logging_mixin.py:188} INFO - [2024-08-09T19:54:58.021+0200] {dagbag.py:545} INFO - Filling up the DagBag from /home/bvpelt/Develop/airflowtut/py_env/lib/python3.10/site-packages/airflow/example_dags/tutorial.py
[2024-08-09T19:54:58.024+0200] {processor.py:840} INFO - DAG(s) 'tutorial' retrieved from /home/bvpelt/Develop/airflowtut/py_env/lib/python3.10/site-packages/airflow/example_dags/tutorial.py
[2024-08-09T19:54:58.035+0200] {logging_mixin.py:188} INFO - [2024-08-09T19:54:58.035+0200] {dag.py:3089} INFO - Sync 1 DAGs
[2024-08-09T19:54:58.049+0200] {logging_mixin.py:188} INFO - [2024-08-09T19:54:58.049+0200] {dag.py:3947} INFO - Setting next_dagrun for tutorial to 2024-08-08 00:00:00+00:00, run_after=2024-08-09 00:00:00+00:00
[2024-08-09T19:54:58.121+0200] {processor.py:183} INFO - Processing /home/bvpelt/Develop/airflowtut/py_env/lib/python3.10/site-packages/airflow/example_dags/tutorial.py took 0.117 seconds
[2024-08-09T19:55:45.372+0200] {processor.py:161} INFO - Started process (PID=20306) to work on /home/bvpelt/Develop/airflowtut/py_env/lib/python3.10/site-packages/airflow/example_dags/tutorial.py
[2024-08-09T19:55:45.379+0200] {processor.py:830} INFO - Processing file /home/bvpelt/Develop/airflowtut/py_env/lib/python3.10/site-packages/airflow/example_dags/tutorial.py for tasks to queue
[2024-08-09T19:55:45.380+0200] {logging_mixin.py:188} INFO - [2024-08-09T19:55:45.380+0200] {dagbag.py:545} INFO - Filling up the DagBag from /home/bvpelt/Develop/airflowtut/py_env/lib/python3.10/site-packages/airflow/example_dags/tutorial.py
[2024-08-09T19:55:45.384+0200] {processor.py:840} INFO - DAG(s) 'tutorial' retrieved from /home/bvpelt/Develop/airflowtut/py_env/lib/python3.10/site-packages/airflow/example_dags/tutorial.py
[2024-08-09T19:55:45.393+0200] {logging_mixin.py:188} INFO - [2024-08-09T19:55:45.393+0200] {dag.py:3089} INFO - Sync 1 DAGs
[2024-08-09T19:55:45.405+0200] {logging_mixin.py:188} INFO - [2024-08-09T19:55:45.405+0200] {dag.py:3947} INFO - Setting next_dagrun for tutorial to 2024-08-08 00:00:00+00:00, run_after=2024-08-09 00:00:00+00:00
[2024-08-09T19:55:45.488+0200] {processor.py:183} INFO - Processing /home/bvpelt/Develop/airflowtut/py_env/lib/python3.10/site-packages/airflow/example_dags/tutorial.py took 0.118 seconds
[2024-08-09T19:56:31.964+0200] {processor.py:161} INFO - Started process (PID=20362) to work on /home/bvpelt/Develop/airflowtut/py_env/lib/python3.10/site-packages/airflow/example_dags/tutorial.py
[2024-08-09T19:56:31.976+0200] {processor.py:830} INFO - Processing file /home/bvpelt/Develop/airflowtut/py_env/lib/python3.10/site-packages/airflow/example_dags/tutorial.py for tasks to queue
[2024-08-09T19:56:31.977+0200] {logging_mixin.py:188} INFO - [2024-08-09T19:56:31.976+0200] {dagbag.py:545} INFO - Filling up the DagBag from /home/bvpelt/Develop/airflowtut/py_env/lib/python3.10/site-packages/airflow/example_dags/tutorial.py
[2024-08-09T19:56:31.980+0200] {processor.py:840} INFO - DAG(s) 'tutorial' retrieved from /home/bvpelt/Develop/airflowtut/py_env/lib/python3.10/site-packages/airflow/example_dags/tutorial.py
[2024-08-09T19:56:31.989+0200] {logging_mixin.py:188} INFO - [2024-08-09T19:56:31.988+0200] {dag.py:3089} INFO - Sync 1 DAGs
[2024-08-09T19:56:32.000+0200] {logging_mixin.py:188} INFO - [2024-08-09T19:56:32.000+0200] {dag.py:3947} INFO - Setting next_dagrun for tutorial to 2024-08-08 00:00:00+00:00, run_after=2024-08-09 00:00:00+00:00
[2024-08-09T19:56:32.113+0200] {processor.py:183} INFO - Processing /home/bvpelt/Develop/airflowtut/py_env/lib/python3.10/site-packages/airflow/example_dags/tutorial.py took 0.152 seconds
[2024-08-09T19:57:24.727+0200] {processor.py:161} INFO - Started process (PID=20490) to work on /home/bvpelt/Develop/airflowtut/py_env/lib/python3.10/site-packages/airflow/example_dags/tutorial.py
[2024-08-09T19:57:24.728+0200] {processor.py:830} INFO - Processing file /home/bvpelt/Develop/airflowtut/py_env/lib/python3.10/site-packages/airflow/example_dags/tutorial.py for tasks to queue
[2024-08-09T19:57:24.728+0200] {logging_mixin.py:188} INFO - [2024-08-09T19:57:24.728+0200] {dagbag.py:545} INFO - Filling up the DagBag from /home/bvpelt/Develop/airflowtut/py_env/lib/python3.10/site-packages/airflow/example_dags/tutorial.py
[2024-08-09T19:57:24.731+0200] {processor.py:840} INFO - DAG(s) 'tutorial' retrieved from /home/bvpelt/Develop/airflowtut/py_env/lib/python3.10/site-packages/airflow/example_dags/tutorial.py
[2024-08-09T19:57:24.740+0200] {logging_mixin.py:188} INFO - [2024-08-09T19:57:24.739+0200] {dag.py:3089} INFO - Sync 1 DAGs
[2024-08-09T19:57:24.750+0200] {logging_mixin.py:188} INFO - [2024-08-09T19:57:24.750+0200] {dag.py:3947} INFO - Setting next_dagrun for tutorial to 2024-08-08 00:00:00+00:00, run_after=2024-08-09 00:00:00+00:00
[2024-08-09T19:57:24.828+0200] {processor.py:183} INFO - Processing /home/bvpelt/Develop/airflowtut/py_env/lib/python3.10/site-packages/airflow/example_dags/tutorial.py took 0.105 seconds
[2024-08-09T19:58:15.170+0200] {processor.py:161} INFO - Started process (PID=20587) to work on /home/bvpelt/Develop/airflowtut/py_env/lib/python3.10/site-packages/airflow/example_dags/tutorial.py
[2024-08-09T19:58:15.182+0200] {processor.py:830} INFO - Processing file /home/bvpelt/Develop/airflowtut/py_env/lib/python3.10/site-packages/airflow/example_dags/tutorial.py for tasks to queue
[2024-08-09T19:58:15.185+0200] {logging_mixin.py:188} INFO - [2024-08-09T19:58:15.184+0200] {dagbag.py:545} INFO - Filling up the DagBag from /home/bvpelt/Develop/airflowtut/py_env/lib/python3.10/site-packages/airflow/example_dags/tutorial.py
[2024-08-09T19:58:15.196+0200] {processor.py:840} INFO - DAG(s) 'tutorial' retrieved from /home/bvpelt/Develop/airflowtut/py_env/lib/python3.10/site-packages/airflow/example_dags/tutorial.py
[2024-08-09T19:58:15.217+0200] {logging_mixin.py:188} INFO - [2024-08-09T19:58:15.217+0200] {dag.py:3089} INFO - Sync 1 DAGs
[2024-08-09T19:58:15.234+0200] {logging_mixin.py:188} INFO - [2024-08-09T19:58:15.234+0200] {dag.py:3947} INFO - Setting next_dagrun for tutorial to 2024-08-08 00:00:00+00:00, run_after=2024-08-09 00:00:00+00:00
[2024-08-09T19:58:15.377+0200] {processor.py:183} INFO - Processing /home/bvpelt/Develop/airflowtut/py_env/lib/python3.10/site-packages/airflow/example_dags/tutorial.py took 0.218 seconds
[2024-08-09T19:59:13.443+0200] {processor.py:161} INFO - Started process (PID=20688) to work on /home/bvpelt/Develop/airflowtut/py_env/lib/python3.10/site-packages/airflow/example_dags/tutorial.py
[2024-08-09T19:59:13.444+0200] {processor.py:830} INFO - Processing file /home/bvpelt/Develop/airflowtut/py_env/lib/python3.10/site-packages/airflow/example_dags/tutorial.py for tasks to queue
[2024-08-09T19:59:13.444+0200] {logging_mixin.py:188} INFO - [2024-08-09T19:59:13.444+0200] {dagbag.py:545} INFO - Filling up the DagBag from /home/bvpelt/Develop/airflowtut/py_env/lib/python3.10/site-packages/airflow/example_dags/tutorial.py
[2024-08-09T19:59:13.447+0200] {processor.py:840} INFO - DAG(s) 'tutorial' retrieved from /home/bvpelt/Develop/airflowtut/py_env/lib/python3.10/site-packages/airflow/example_dags/tutorial.py
[2024-08-09T19:59:13.456+0200] {logging_mixin.py:188} INFO - [2024-08-09T19:59:13.456+0200] {dag.py:3089} INFO - Sync 1 DAGs
[2024-08-09T19:59:13.467+0200] {logging_mixin.py:188} INFO - [2024-08-09T19:59:13.466+0200] {dag.py:3947} INFO - Setting next_dagrun for tutorial to 2024-08-08 00:00:00+00:00, run_after=2024-08-09 00:00:00+00:00
[2024-08-09T19:59:13.603+0200] {processor.py:183} INFO - Processing /home/bvpelt/Develop/airflowtut/py_env/lib/python3.10/site-packages/airflow/example_dags/tutorial.py took 0.163 seconds
[2024-08-09T20:00:06.805+0200] {processor.py:161} INFO - Started process (PID=20754) to work on /home/bvpelt/Develop/airflowtut/py_env/lib/python3.10/site-packages/airflow/example_dags/tutorial.py
[2024-08-09T20:00:06.806+0200] {processor.py:830} INFO - Processing file /home/bvpelt/Develop/airflowtut/py_env/lib/python3.10/site-packages/airflow/example_dags/tutorial.py for tasks to queue
[2024-08-09T20:00:06.807+0200] {logging_mixin.py:188} INFO - [2024-08-09T20:00:06.806+0200] {dagbag.py:545} INFO - Filling up the DagBag from /home/bvpelt/Develop/airflowtut/py_env/lib/python3.10/site-packages/airflow/example_dags/tutorial.py
[2024-08-09T20:00:06.810+0200] {processor.py:840} INFO - DAG(s) 'tutorial' retrieved from /home/bvpelt/Develop/airflowtut/py_env/lib/python3.10/site-packages/airflow/example_dags/tutorial.py
[2024-08-09T20:00:06.818+0200] {logging_mixin.py:188} INFO - [2024-08-09T20:00:06.818+0200] {dag.py:3089} INFO - Sync 1 DAGs
[2024-08-09T20:00:06.829+0200] {logging_mixin.py:188} INFO - [2024-08-09T20:00:06.829+0200] {dag.py:3947} INFO - Setting next_dagrun for tutorial to 2024-08-08 00:00:00+00:00, run_after=2024-08-09 00:00:00+00:00
[2024-08-09T20:00:06.959+0200] {processor.py:183} INFO - Processing /home/bvpelt/Develop/airflowtut/py_env/lib/python3.10/site-packages/airflow/example_dags/tutorial.py took 0.156 seconds
[2024-08-09T20:00:56.854+0200] {processor.py:161} INFO - Started process (PID=20820) to work on /home/bvpelt/Develop/airflowtut/py_env/lib/python3.10/site-packages/airflow/example_dags/tutorial.py
[2024-08-09T20:00:56.855+0200] {processor.py:830} INFO - Processing file /home/bvpelt/Develop/airflowtut/py_env/lib/python3.10/site-packages/airflow/example_dags/tutorial.py for tasks to queue
[2024-08-09T20:00:56.856+0200] {logging_mixin.py:188} INFO - [2024-08-09T20:00:56.856+0200] {dagbag.py:545} INFO - Filling up the DagBag from /home/bvpelt/Develop/airflowtut/py_env/lib/python3.10/site-packages/airflow/example_dags/tutorial.py
[2024-08-09T20:00:56.859+0200] {processor.py:840} INFO - DAG(s) 'tutorial' retrieved from /home/bvpelt/Develop/airflowtut/py_env/lib/python3.10/site-packages/airflow/example_dags/tutorial.py
[2024-08-09T20:00:56.867+0200] {logging_mixin.py:188} INFO - [2024-08-09T20:00:56.867+0200] {dag.py:3089} INFO - Sync 1 DAGs
[2024-08-09T20:00:56.878+0200] {logging_mixin.py:188} INFO - [2024-08-09T20:00:56.878+0200] {dag.py:3947} INFO - Setting next_dagrun for tutorial to 2024-08-08 00:00:00+00:00, run_after=2024-08-09 00:00:00+00:00
[2024-08-09T20:00:56.985+0200] {processor.py:183} INFO - Processing /home/bvpelt/Develop/airflowtut/py_env/lib/python3.10/site-packages/airflow/example_dags/tutorial.py took 0.133 seconds
[2024-08-09T20:01:46.677+0200] {processor.py:161} INFO - Started process (PID=20958) to work on /home/bvpelt/Develop/airflowtut/py_env/lib/python3.10/site-packages/airflow/example_dags/tutorial.py
[2024-08-09T20:01:46.677+0200] {processor.py:830} INFO - Processing file /home/bvpelt/Develop/airflowtut/py_env/lib/python3.10/site-packages/airflow/example_dags/tutorial.py for tasks to queue
[2024-08-09T20:01:46.678+0200] {logging_mixin.py:188} INFO - [2024-08-09T20:01:46.678+0200] {dagbag.py:545} INFO - Filling up the DagBag from /home/bvpelt/Develop/airflowtut/py_env/lib/python3.10/site-packages/airflow/example_dags/tutorial.py
[2024-08-09T20:01:46.681+0200] {processor.py:840} INFO - DAG(s) 'tutorial' retrieved from /home/bvpelt/Develop/airflowtut/py_env/lib/python3.10/site-packages/airflow/example_dags/tutorial.py
[2024-08-09T20:01:46.689+0200] {logging_mixin.py:188} INFO - [2024-08-09T20:01:46.689+0200] {dag.py:3089} INFO - Sync 1 DAGs
[2024-08-09T20:01:46.699+0200] {logging_mixin.py:188} INFO - [2024-08-09T20:01:46.699+0200] {dag.py:3947} INFO - Setting next_dagrun for tutorial to 2024-08-08 00:00:00+00:00, run_after=2024-08-09 00:00:00+00:00
[2024-08-09T20:01:46.820+0200] {processor.py:183} INFO - Processing /home/bvpelt/Develop/airflowtut/py_env/lib/python3.10/site-packages/airflow/example_dags/tutorial.py took 0.146 seconds
[2024-08-09T20:02:38.203+0200] {processor.py:161} INFO - Started process (PID=21053) to work on /home/bvpelt/Develop/airflowtut/py_env/lib/python3.10/site-packages/airflow/example_dags/tutorial.py
[2024-08-09T20:02:38.204+0200] {processor.py:830} INFO - Processing file /home/bvpelt/Develop/airflowtut/py_env/lib/python3.10/site-packages/airflow/example_dags/tutorial.py for tasks to queue
[2024-08-09T20:02:38.207+0200] {logging_mixin.py:188} INFO - [2024-08-09T20:02:38.206+0200] {dagbag.py:545} INFO - Filling up the DagBag from /home/bvpelt/Develop/airflowtut/py_env/lib/python3.10/site-packages/airflow/example_dags/tutorial.py
[2024-08-09T20:02:38.217+0200] {processor.py:840} INFO - DAG(s) 'tutorial' retrieved from /home/bvpelt/Develop/airflowtut/py_env/lib/python3.10/site-packages/airflow/example_dags/tutorial.py
[2024-08-09T20:02:38.238+0200] {logging_mixin.py:188} INFO - [2024-08-09T20:02:38.238+0200] {dag.py:3089} INFO - Sync 1 DAGs
[2024-08-09T20:02:38.254+0200] {logging_mixin.py:188} INFO - [2024-08-09T20:02:38.254+0200] {dag.py:3947} INFO - Setting next_dagrun for tutorial to 2024-08-08 00:00:00+00:00, run_after=2024-08-09 00:00:00+00:00
[2024-08-09T20:02:38.349+0200] {processor.py:183} INFO - Processing /home/bvpelt/Develop/airflowtut/py_env/lib/python3.10/site-packages/airflow/example_dags/tutorial.py took 0.158 seconds
[2024-08-09T20:03:37.185+0200] {processor.py:161} INFO - Started process (PID=21108) to work on /home/bvpelt/Develop/airflowtut/py_env/lib/python3.10/site-packages/airflow/example_dags/tutorial.py
[2024-08-09T20:03:37.186+0200] {processor.py:830} INFO - Processing file /home/bvpelt/Develop/airflowtut/py_env/lib/python3.10/site-packages/airflow/example_dags/tutorial.py for tasks to queue
[2024-08-09T20:03:37.187+0200] {logging_mixin.py:188} INFO - [2024-08-09T20:03:37.187+0200] {dagbag.py:545} INFO - Filling up the DagBag from /home/bvpelt/Develop/airflowtut/py_env/lib/python3.10/site-packages/airflow/example_dags/tutorial.py
[2024-08-09T20:03:37.190+0200] {processor.py:840} INFO - DAG(s) 'tutorial' retrieved from /home/bvpelt/Develop/airflowtut/py_env/lib/python3.10/site-packages/airflow/example_dags/tutorial.py
[2024-08-09T20:03:37.199+0200] {logging_mixin.py:188} INFO - [2024-08-09T20:03:37.199+0200] {dag.py:3089} INFO - Sync 1 DAGs
[2024-08-09T20:03:37.211+0200] {logging_mixin.py:188} INFO - [2024-08-09T20:03:37.211+0200] {dag.py:3947} INFO - Setting next_dagrun for tutorial to 2024-08-08 00:00:00+00:00, run_after=2024-08-09 00:00:00+00:00
[2024-08-09T20:03:37.299+0200] {processor.py:183} INFO - Processing /home/bvpelt/Develop/airflowtut/py_env/lib/python3.10/site-packages/airflow/example_dags/tutorial.py took 0.117 seconds
[2024-08-09T20:04:30.006+0200] {processor.py:161} INFO - Started process (PID=21196) to work on /home/bvpelt/Develop/airflowtut/py_env/lib/python3.10/site-packages/airflow/example_dags/tutorial.py
[2024-08-09T20:04:30.007+0200] {processor.py:830} INFO - Processing file /home/bvpelt/Develop/airflowtut/py_env/lib/python3.10/site-packages/airflow/example_dags/tutorial.py for tasks to queue
[2024-08-09T20:04:30.008+0200] {logging_mixin.py:188} INFO - [2024-08-09T20:04:30.008+0200] {dagbag.py:545} INFO - Filling up the DagBag from /home/bvpelt/Develop/airflowtut/py_env/lib/python3.10/site-packages/airflow/example_dags/tutorial.py
[2024-08-09T20:04:30.013+0200] {processor.py:840} INFO - DAG(s) 'tutorial' retrieved from /home/bvpelt/Develop/airflowtut/py_env/lib/python3.10/site-packages/airflow/example_dags/tutorial.py
[2024-08-09T20:04:30.025+0200] {logging_mixin.py:188} INFO - [2024-08-09T20:04:30.025+0200] {dag.py:3089} INFO - Sync 1 DAGs
[2024-08-09T20:04:30.040+0200] {logging_mixin.py:188} INFO - [2024-08-09T20:04:30.040+0200] {dag.py:3947} INFO - Setting next_dagrun for tutorial to 2024-08-08 00:00:00+00:00, run_after=2024-08-09 00:00:00+00:00
[2024-08-09T20:04:30.117+0200] {processor.py:183} INFO - Processing /home/bvpelt/Develop/airflowtut/py_env/lib/python3.10/site-packages/airflow/example_dags/tutorial.py took 0.117 seconds
[2024-08-09T20:05:20.854+0200] {processor.py:161} INFO - Started process (PID=21354) to work on /home/bvpelt/Develop/airflowtut/py_env/lib/python3.10/site-packages/airflow/example_dags/tutorial.py
[2024-08-09T20:05:20.854+0200] {processor.py:830} INFO - Processing file /home/bvpelt/Develop/airflowtut/py_env/lib/python3.10/site-packages/airflow/example_dags/tutorial.py for tasks to queue
[2024-08-09T20:05:20.855+0200] {logging_mixin.py:188} INFO - [2024-08-09T20:05:20.855+0200] {dagbag.py:545} INFO - Filling up the DagBag from /home/bvpelt/Develop/airflowtut/py_env/lib/python3.10/site-packages/airflow/example_dags/tutorial.py
[2024-08-09T20:05:20.858+0200] {processor.py:840} INFO - DAG(s) 'tutorial' retrieved from /home/bvpelt/Develop/airflowtut/py_env/lib/python3.10/site-packages/airflow/example_dags/tutorial.py
[2024-08-09T20:05:20.868+0200] {logging_mixin.py:188} INFO - [2024-08-09T20:05:20.868+0200] {dag.py:3089} INFO - Sync 1 DAGs
[2024-08-09T20:05:20.881+0200] {logging_mixin.py:188} INFO - [2024-08-09T20:05:20.881+0200] {dag.py:3947} INFO - Setting next_dagrun for tutorial to 2024-08-08 00:00:00+00:00, run_after=2024-08-09 00:00:00+00:00
[2024-08-09T20:05:20.964+0200] {processor.py:183} INFO - Processing /home/bvpelt/Develop/airflowtut/py_env/lib/python3.10/site-packages/airflow/example_dags/tutorial.py took 0.114 seconds
[2024-08-09T20:06:18.797+0200] {processor.py:161} INFO - Started process (PID=21410) to work on /home/bvpelt/Develop/airflowtut/py_env/lib/python3.10/site-packages/airflow/example_dags/tutorial.py
[2024-08-09T20:06:18.797+0200] {processor.py:830} INFO - Processing file /home/bvpelt/Develop/airflowtut/py_env/lib/python3.10/site-packages/airflow/example_dags/tutorial.py for tasks to queue
[2024-08-09T20:06:18.798+0200] {logging_mixin.py:188} INFO - [2024-08-09T20:06:18.798+0200] {dagbag.py:545} INFO - Filling up the DagBag from /home/bvpelt/Develop/airflowtut/py_env/lib/python3.10/site-packages/airflow/example_dags/tutorial.py
[2024-08-09T20:06:18.801+0200] {processor.py:840} INFO - DAG(s) 'tutorial' retrieved from /home/bvpelt/Develop/airflowtut/py_env/lib/python3.10/site-packages/airflow/example_dags/tutorial.py
[2024-08-09T20:06:18.810+0200] {logging_mixin.py:188} INFO - [2024-08-09T20:06:18.810+0200] {dag.py:3089} INFO - Sync 1 DAGs
[2024-08-09T20:06:18.822+0200] {logging_mixin.py:188} INFO - [2024-08-09T20:06:18.822+0200] {dag.py:3947} INFO - Setting next_dagrun for tutorial to 2024-08-08 00:00:00+00:00, run_after=2024-08-09 00:00:00+00:00
[2024-08-09T20:06:18.919+0200] {processor.py:183} INFO - Processing /home/bvpelt/Develop/airflowtut/py_env/lib/python3.10/site-packages/airflow/example_dags/tutorial.py took 0.126 seconds
[2024-08-09T20:07:12.797+0200] {processor.py:161} INFO - Started process (PID=21498) to work on /home/bvpelt/Develop/airflowtut/py_env/lib/python3.10/site-packages/airflow/example_dags/tutorial.py
[2024-08-09T20:07:12.798+0200] {processor.py:830} INFO - Processing file /home/bvpelt/Develop/airflowtut/py_env/lib/python3.10/site-packages/airflow/example_dags/tutorial.py for tasks to queue
[2024-08-09T20:07:12.798+0200] {logging_mixin.py:188} INFO - [2024-08-09T20:07:12.798+0200] {dagbag.py:545} INFO - Filling up the DagBag from /home/bvpelt/Develop/airflowtut/py_env/lib/python3.10/site-packages/airflow/example_dags/tutorial.py
[2024-08-09T20:07:12.801+0200] {processor.py:840} INFO - DAG(s) 'tutorial' retrieved from /home/bvpelt/Develop/airflowtut/py_env/lib/python3.10/site-packages/airflow/example_dags/tutorial.py
[2024-08-09T20:07:12.809+0200] {logging_mixin.py:188} INFO - [2024-08-09T20:07:12.809+0200] {dag.py:3089} INFO - Sync 1 DAGs
[2024-08-09T20:07:12.820+0200] {logging_mixin.py:188} INFO - [2024-08-09T20:07:12.820+0200] {dag.py:3947} INFO - Setting next_dagrun for tutorial to 2024-08-08 00:00:00+00:00, run_after=2024-08-09 00:00:00+00:00
[2024-08-09T20:07:12.921+0200] {processor.py:183} INFO - Processing /home/bvpelt/Develop/airflowtut/py_env/lib/python3.10/site-packages/airflow/example_dags/tutorial.py took 0.127 seconds
[2024-08-09T20:08:04.013+0200] {processor.py:161} INFO - Started process (PID=21655) to work on /home/bvpelt/Develop/airflowtut/py_env/lib/python3.10/site-packages/airflow/example_dags/tutorial.py
[2024-08-09T20:08:04.013+0200] {processor.py:830} INFO - Processing file /home/bvpelt/Develop/airflowtut/py_env/lib/python3.10/site-packages/airflow/example_dags/tutorial.py for tasks to queue
[2024-08-09T20:08:04.014+0200] {logging_mixin.py:188} INFO - [2024-08-09T20:08:04.014+0200] {dagbag.py:545} INFO - Filling up the DagBag from /home/bvpelt/Develop/airflowtut/py_env/lib/python3.10/site-packages/airflow/example_dags/tutorial.py
[2024-08-09T20:08:04.017+0200] {processor.py:840} INFO - DAG(s) 'tutorial' retrieved from /home/bvpelt/Develop/airflowtut/py_env/lib/python3.10/site-packages/airflow/example_dags/tutorial.py
[2024-08-09T20:08:04.026+0200] {logging_mixin.py:188} INFO - [2024-08-09T20:08:04.026+0200] {dag.py:3089} INFO - Sync 1 DAGs
[2024-08-09T20:08:04.038+0200] {logging_mixin.py:188} INFO - [2024-08-09T20:08:04.037+0200] {dag.py:3947} INFO - Setting next_dagrun for tutorial to 2024-08-08 00:00:00+00:00, run_after=2024-08-09 00:00:00+00:00
[2024-08-09T20:08:04.126+0200] {processor.py:183} INFO - Processing /home/bvpelt/Develop/airflowtut/py_env/lib/python3.10/site-packages/airflow/example_dags/tutorial.py took 0.117 seconds
[2024-08-09T20:08:55.556+0200] {processor.py:161} INFO - Started process (PID=21715) to work on /home/bvpelt/Develop/airflowtut/py_env/lib/python3.10/site-packages/airflow/example_dags/tutorial.py
[2024-08-09T20:08:55.556+0200] {processor.py:830} INFO - Processing file /home/bvpelt/Develop/airflowtut/py_env/lib/python3.10/site-packages/airflow/example_dags/tutorial.py for tasks to queue
[2024-08-09T20:08:55.557+0200] {logging_mixin.py:188} INFO - [2024-08-09T20:08:55.557+0200] {dagbag.py:545} INFO - Filling up the DagBag from /home/bvpelt/Develop/airflowtut/py_env/lib/python3.10/site-packages/airflow/example_dags/tutorial.py
[2024-08-09T20:08:55.560+0200] {processor.py:840} INFO - DAG(s) 'tutorial' retrieved from /home/bvpelt/Develop/airflowtut/py_env/lib/python3.10/site-packages/airflow/example_dags/tutorial.py
[2024-08-09T20:08:55.569+0200] {logging_mixin.py:188} INFO - [2024-08-09T20:08:55.568+0200] {dag.py:3089} INFO - Sync 1 DAGs
[2024-08-09T20:08:55.580+0200] {logging_mixin.py:188} INFO - [2024-08-09T20:08:55.579+0200] {dag.py:3947} INFO - Setting next_dagrun for tutorial to 2024-08-08 00:00:00+00:00, run_after=2024-08-09 00:00:00+00:00
[2024-08-09T20:08:55.678+0200] {processor.py:183} INFO - Processing /home/bvpelt/Develop/airflowtut/py_env/lib/python3.10/site-packages/airflow/example_dags/tutorial.py took 0.126 seconds
[2024-08-09T20:09:47.746+0200] {processor.py:161} INFO - Started process (PID=21768) to work on /home/bvpelt/Develop/airflowtut/py_env/lib/python3.10/site-packages/airflow/example_dags/tutorial.py
[2024-08-09T20:09:47.746+0200] {processor.py:830} INFO - Processing file /home/bvpelt/Develop/airflowtut/py_env/lib/python3.10/site-packages/airflow/example_dags/tutorial.py for tasks to queue
[2024-08-09T20:09:47.747+0200] {logging_mixin.py:188} INFO - [2024-08-09T20:09:47.747+0200] {dagbag.py:545} INFO - Filling up the DagBag from /home/bvpelt/Develop/airflowtut/py_env/lib/python3.10/site-packages/airflow/example_dags/tutorial.py
[2024-08-09T20:09:47.750+0200] {processor.py:840} INFO - DAG(s) 'tutorial' retrieved from /home/bvpelt/Develop/airflowtut/py_env/lib/python3.10/site-packages/airflow/example_dags/tutorial.py
[2024-08-09T20:09:47.758+0200] {logging_mixin.py:188} INFO - [2024-08-09T20:09:47.758+0200] {dag.py:3089} INFO - Sync 1 DAGs
[2024-08-09T20:09:47.768+0200] {logging_mixin.py:188} INFO - [2024-08-09T20:09:47.768+0200] {dag.py:3947} INFO - Setting next_dagrun for tutorial to 2024-08-08 00:00:00+00:00, run_after=2024-08-09 00:00:00+00:00
[2024-08-09T20:09:47.852+0200] {processor.py:183} INFO - Processing /home/bvpelt/Develop/airflowtut/py_env/lib/python3.10/site-packages/airflow/example_dags/tutorial.py took 0.109 seconds
[2024-08-09T20:10:36.748+0200] {processor.py:161} INFO - Started process (PID=21839) to work on /home/bvpelt/Develop/airflowtut/py_env/lib/python3.10/site-packages/airflow/example_dags/tutorial.py
[2024-08-09T20:10:36.748+0200] {processor.py:830} INFO - Processing file /home/bvpelt/Develop/airflowtut/py_env/lib/python3.10/site-packages/airflow/example_dags/tutorial.py for tasks to queue
[2024-08-09T20:10:36.749+0200] {logging_mixin.py:188} INFO - [2024-08-09T20:10:36.749+0200] {dagbag.py:545} INFO - Filling up the DagBag from /home/bvpelt/Develop/airflowtut/py_env/lib/python3.10/site-packages/airflow/example_dags/tutorial.py
[2024-08-09T20:10:36.752+0200] {processor.py:840} INFO - DAG(s) 'tutorial' retrieved from /home/bvpelt/Develop/airflowtut/py_env/lib/python3.10/site-packages/airflow/example_dags/tutorial.py
[2024-08-09T20:10:36.760+0200] {logging_mixin.py:188} INFO - [2024-08-09T20:10:36.760+0200] {dag.py:3089} INFO - Sync 1 DAGs
[2024-08-09T20:10:36.771+0200] {logging_mixin.py:188} INFO - [2024-08-09T20:10:36.771+0200] {dag.py:3947} INFO - Setting next_dagrun for tutorial to 2024-08-08 00:00:00+00:00, run_after=2024-08-09 00:00:00+00:00
[2024-08-09T20:10:36.851+0200] {processor.py:183} INFO - Processing /home/bvpelt/Develop/airflowtut/py_env/lib/python3.10/site-packages/airflow/example_dags/tutorial.py took 0.106 seconds
[2024-08-09T20:11:27.929+0200] {processor.py:161} INFO - Started process (PID=21896) to work on /home/bvpelt/Develop/airflowtut/py_env/lib/python3.10/site-packages/airflow/example_dags/tutorial.py
[2024-08-09T20:11:27.930+0200] {processor.py:830} INFO - Processing file /home/bvpelt/Develop/airflowtut/py_env/lib/python3.10/site-packages/airflow/example_dags/tutorial.py for tasks to queue
[2024-08-09T20:11:27.931+0200] {logging_mixin.py:188} INFO - [2024-08-09T20:11:27.930+0200] {dagbag.py:545} INFO - Filling up the DagBag from /home/bvpelt/Develop/airflowtut/py_env/lib/python3.10/site-packages/airflow/example_dags/tutorial.py
[2024-08-09T20:11:27.934+0200] {processor.py:840} INFO - DAG(s) 'tutorial' retrieved from /home/bvpelt/Develop/airflowtut/py_env/lib/python3.10/site-packages/airflow/example_dags/tutorial.py
[2024-08-09T20:11:27.942+0200] {logging_mixin.py:188} INFO - [2024-08-09T20:11:27.942+0200] {dag.py:3089} INFO - Sync 1 DAGs
[2024-08-09T20:11:27.954+0200] {logging_mixin.py:188} INFO - [2024-08-09T20:11:27.954+0200] {dag.py:3947} INFO - Setting next_dagrun for tutorial to 2024-08-08 00:00:00+00:00, run_after=2024-08-09 00:00:00+00:00
[2024-08-09T20:11:28.063+0200] {processor.py:183} INFO - Processing /home/bvpelt/Develop/airflowtut/py_env/lib/python3.10/site-packages/airflow/example_dags/tutorial.py took 0.137 seconds
[2024-08-09T20:12:16.435+0200] {processor.py:161} INFO - Started process (PID=21978) to work on /home/bvpelt/Develop/airflowtut/py_env/lib/python3.10/site-packages/airflow/example_dags/tutorial.py
[2024-08-09T20:12:16.435+0200] {processor.py:830} INFO - Processing file /home/bvpelt/Develop/airflowtut/py_env/lib/python3.10/site-packages/airflow/example_dags/tutorial.py for tasks to queue
[2024-08-09T20:12:16.436+0200] {logging_mixin.py:188} INFO - [2024-08-09T20:12:16.436+0200] {dagbag.py:545} INFO - Filling up the DagBag from /home/bvpelt/Develop/airflowtut/py_env/lib/python3.10/site-packages/airflow/example_dags/tutorial.py
[2024-08-09T20:12:16.439+0200] {processor.py:840} INFO - DAG(s) 'tutorial' retrieved from /home/bvpelt/Develop/airflowtut/py_env/lib/python3.10/site-packages/airflow/example_dags/tutorial.py
[2024-08-09T20:12:16.448+0200] {logging_mixin.py:188} INFO - [2024-08-09T20:12:16.448+0200] {dag.py:3089} INFO - Sync 1 DAGs
[2024-08-09T20:12:16.461+0200] {logging_mixin.py:188} INFO - [2024-08-09T20:12:16.460+0200] {dag.py:3947} INFO - Setting next_dagrun for tutorial to 2024-08-08 00:00:00+00:00, run_after=2024-08-09 00:00:00+00:00
[2024-08-09T20:12:16.581+0200] {processor.py:183} INFO - Processing /home/bvpelt/Develop/airflowtut/py_env/lib/python3.10/site-packages/airflow/example_dags/tutorial.py took 0.150 seconds
[2024-08-09T20:13:07.640+0200] {processor.py:161} INFO - Started process (PID=22090) to work on /home/bvpelt/Develop/airflowtut/py_env/lib/python3.10/site-packages/airflow/example_dags/tutorial.py
[2024-08-09T20:13:07.652+0200] {processor.py:830} INFO - Processing file /home/bvpelt/Develop/airflowtut/py_env/lib/python3.10/site-packages/airflow/example_dags/tutorial.py for tasks to queue
[2024-08-09T20:13:07.653+0200] {logging_mixin.py:188} INFO - [2024-08-09T20:13:07.652+0200] {dagbag.py:545} INFO - Filling up the DagBag from /home/bvpelt/Develop/airflowtut/py_env/lib/python3.10/site-packages/airflow/example_dags/tutorial.py
[2024-08-09T20:13:07.656+0200] {processor.py:840} INFO - DAG(s) 'tutorial' retrieved from /home/bvpelt/Develop/airflowtut/py_env/lib/python3.10/site-packages/airflow/example_dags/tutorial.py
[2024-08-09T20:13:07.666+0200] {logging_mixin.py:188} INFO - [2024-08-09T20:13:07.666+0200] {dag.py:3089} INFO - Sync 1 DAGs
[2024-08-09T20:13:07.680+0200] {logging_mixin.py:188} INFO - [2024-08-09T20:13:07.680+0200] {dag.py:3947} INFO - Setting next_dagrun for tutorial to 2024-08-08 00:00:00+00:00, run_after=2024-08-09 00:00:00+00:00
[2024-08-09T20:13:07.775+0200] {processor.py:183} INFO - Processing /home/bvpelt/Develop/airflowtut/py_env/lib/python3.10/site-packages/airflow/example_dags/tutorial.py took 0.138 seconds
[2024-08-09T20:14:05.803+0200] {processor.py:161} INFO - Started process (PID=22159) to work on /home/bvpelt/Develop/airflowtut/py_env/lib/python3.10/site-packages/airflow/example_dags/tutorial.py
[2024-08-09T20:14:05.874+0200] {processor.py:830} INFO - Processing file /home/bvpelt/Develop/airflowtut/py_env/lib/python3.10/site-packages/airflow/example_dags/tutorial.py for tasks to queue
[2024-08-09T20:14:05.878+0200] {logging_mixin.py:188} INFO - [2024-08-09T20:14:05.877+0200] {dagbag.py:545} INFO - Filling up the DagBag from /home/bvpelt/Develop/airflowtut/py_env/lib/python3.10/site-packages/airflow/example_dags/tutorial.py
[2024-08-09T20:14:05.882+0200] {processor.py:840} INFO - DAG(s) 'tutorial' retrieved from /home/bvpelt/Develop/airflowtut/py_env/lib/python3.10/site-packages/airflow/example_dags/tutorial.py
[2024-08-09T20:14:05.890+0200] {logging_mixin.py:188} INFO - [2024-08-09T20:14:05.890+0200] {dag.py:3089} INFO - Sync 1 DAGs
[2024-08-09T20:14:05.900+0200] {logging_mixin.py:188} INFO - [2024-08-09T20:14:05.900+0200] {dag.py:3947} INFO - Setting next_dagrun for tutorial to 2024-08-08 00:00:00+00:00, run_after=2024-08-09 00:00:00+00:00
[2024-08-09T20:14:05.967+0200] {processor.py:183} INFO - Processing /home/bvpelt/Develop/airflowtut/py_env/lib/python3.10/site-packages/airflow/example_dags/tutorial.py took 0.167 seconds
[2024-08-09T20:14:51.946+0200] {processor.py:161} INFO - Started process (PID=22221) to work on /home/bvpelt/Develop/airflowtut/py_env/lib/python3.10/site-packages/airflow/example_dags/tutorial.py
[2024-08-09T20:14:51.979+0200] {processor.py:830} INFO - Processing file /home/bvpelt/Develop/airflowtut/py_env/lib/python3.10/site-packages/airflow/example_dags/tutorial.py for tasks to queue
[2024-08-09T20:14:51.981+0200] {logging_mixin.py:188} INFO - [2024-08-09T20:14:51.980+0200] {dagbag.py:545} INFO - Filling up the DagBag from /home/bvpelt/Develop/airflowtut/py_env/lib/python3.10/site-packages/airflow/example_dags/tutorial.py
[2024-08-09T20:14:51.986+0200] {processor.py:840} INFO - DAG(s) 'tutorial' retrieved from /home/bvpelt/Develop/airflowtut/py_env/lib/python3.10/site-packages/airflow/example_dags/tutorial.py
[2024-08-09T20:14:51.995+0200] {logging_mixin.py:188} INFO - [2024-08-09T20:14:51.995+0200] {dag.py:3089} INFO - Sync 1 DAGs
[2024-08-09T20:14:52.006+0200] {logging_mixin.py:188} INFO - [2024-08-09T20:14:52.006+0200] {dag.py:3947} INFO - Setting next_dagrun for tutorial to 2024-08-08 00:00:00+00:00, run_after=2024-08-09 00:00:00+00:00
[2024-08-09T20:14:52.095+0200] {processor.py:183} INFO - Processing /home/bvpelt/Develop/airflowtut/py_env/lib/python3.10/site-packages/airflow/example_dags/tutorial.py took 0.152 seconds
[2024-08-09T20:15:41.847+0200] {processor.py:161} INFO - Started process (PID=22304) to work on /home/bvpelt/Develop/airflowtut/py_env/lib/python3.10/site-packages/airflow/example_dags/tutorial.py
[2024-08-09T20:15:41.877+0200] {processor.py:830} INFO - Processing file /home/bvpelt/Develop/airflowtut/py_env/lib/python3.10/site-packages/airflow/example_dags/tutorial.py for tasks to queue
[2024-08-09T20:15:41.878+0200] {logging_mixin.py:188} INFO - [2024-08-09T20:15:41.878+0200] {dagbag.py:545} INFO - Filling up the DagBag from /home/bvpelt/Develop/airflowtut/py_env/lib/python3.10/site-packages/airflow/example_dags/tutorial.py
[2024-08-09T20:15:41.883+0200] {processor.py:840} INFO - DAG(s) 'tutorial' retrieved from /home/bvpelt/Develop/airflowtut/py_env/lib/python3.10/site-packages/airflow/example_dags/tutorial.py
[2024-08-09T20:15:41.891+0200] {logging_mixin.py:188} INFO - [2024-08-09T20:15:41.891+0200] {dag.py:3089} INFO - Sync 1 DAGs
[2024-08-09T20:15:41.902+0200] {logging_mixin.py:188} INFO - [2024-08-09T20:15:41.902+0200] {dag.py:3947} INFO - Setting next_dagrun for tutorial to 2024-08-08 00:00:00+00:00, run_after=2024-08-09 00:00:00+00:00
[2024-08-09T20:15:41.989+0200] {processor.py:183} INFO - Processing /home/bvpelt/Develop/airflowtut/py_env/lib/python3.10/site-packages/airflow/example_dags/tutorial.py took 0.146 seconds
[2024-08-09T20:16:27.809+0200] {processor.py:161} INFO - Started process (PID=22359) to work on /home/bvpelt/Develop/airflowtut/py_env/lib/python3.10/site-packages/airflow/example_dags/tutorial.py
[2024-08-09T20:16:27.814+0200] {processor.py:830} INFO - Processing file /home/bvpelt/Develop/airflowtut/py_env/lib/python3.10/site-packages/airflow/example_dags/tutorial.py for tasks to queue
[2024-08-09T20:16:27.814+0200] {logging_mixin.py:188} INFO - [2024-08-09T20:16:27.814+0200] {dagbag.py:545} INFO - Filling up the DagBag from /home/bvpelt/Develop/airflowtut/py_env/lib/python3.10/site-packages/airflow/example_dags/tutorial.py
[2024-08-09T20:16:27.818+0200] {processor.py:840} INFO - DAG(s) 'tutorial' retrieved from /home/bvpelt/Develop/airflowtut/py_env/lib/python3.10/site-packages/airflow/example_dags/tutorial.py
[2024-08-09T20:16:27.826+0200] {logging_mixin.py:188} INFO - [2024-08-09T20:16:27.826+0200] {dag.py:3089} INFO - Sync 1 DAGs
[2024-08-09T20:16:27.837+0200] {logging_mixin.py:188} INFO - [2024-08-09T20:16:27.837+0200] {dag.py:3947} INFO - Setting next_dagrun for tutorial to 2024-08-08 00:00:00+00:00, run_after=2024-08-09 00:00:00+00:00
[2024-08-09T20:16:27.904+0200] {processor.py:183} INFO - Processing /home/bvpelt/Develop/airflowtut/py_env/lib/python3.10/site-packages/airflow/example_dags/tutorial.py took 0.099 seconds
