[2024-08-09T19:42:22.151+0200] {processor.py:161} INFO - Started process (PID=17535) to work on /home/bvpelt/Develop/airflowtut/py_env/lib/python3.10/site-packages/airflow/example_dags/tutorial_objectstorage.py
[2024-08-09T19:42:22.152+0200] {processor.py:830} INFO - Processing file /home/bvpelt/Develop/airflowtut/py_env/lib/python3.10/site-packages/airflow/example_dags/tutorial_objectstorage.py for tasks to queue
[2024-08-09T19:42:22.153+0200] {logging_mixin.py:188} INFO - [2024-08-09T19:42:22.152+0200] {dagbag.py:545} INFO - Filling up the DagBag from /home/bvpelt/Develop/airflowtut/py_env/lib/python3.10/site-packages/airflow/example_dags/tutorial_objectstorage.py
[2024-08-09T19:42:22.158+0200] {processor.py:840} INFO - DAG(s) 'tutorial_objectstorage' retrieved from /home/bvpelt/Develop/airflowtut/py_env/lib/python3.10/site-packages/airflow/example_dags/tutorial_objectstorage.py
[2024-08-09T19:42:22.382+0200] {logging_mixin.py:188} INFO - [2024-08-09T19:42:22.382+0200] {override.py:1858} INFO - Created Permission View: can edit on DAG:tutorial_objectstorage
[2024-08-09T19:42:22.450+0200] {logging_mixin.py:188} INFO - [2024-08-09T19:42:22.449+0200] {override.py:1858} INFO - Created Permission View: can read on DAG:tutorial_objectstorage
[2024-08-09T19:42:22.533+0200] {logging_mixin.py:188} INFO - [2024-08-09T19:42:22.532+0200] {override.py:1858} INFO - Created Permission View: can delete on DAG:tutorial_objectstorage
[2024-08-09T19:42:22.534+0200] {logging_mixin.py:188} INFO - [2024-08-09T19:42:22.533+0200] {dag.py:3089} INFO - Sync 1 DAGs
[2024-08-09T19:42:22.547+0200] {logging_mixin.py:188} INFO - [2024-08-09T19:42:22.546+0200] {dag.py:3111} INFO - Creating ORM DAG for tutorial_objectstorage
[2024-08-09T19:42:22.547+0200] {logging_mixin.py:188} INFO - [2024-08-09T19:42:22.547+0200] {dag.py:3947} INFO - Setting next_dagrun for tutorial_objectstorage to None, run_after=None
[2024-08-09T19:42:22.664+0200] {processor.py:183} INFO - Processing /home/bvpelt/Develop/airflowtut/py_env/lib/python3.10/site-packages/airflow/example_dags/tutorial_objectstorage.py took 0.516 seconds
[2024-08-09T19:43:45.917+0200] {processor.py:161} INFO - Started process (PID=17870) to work on /home/bvpelt/Develop/airflowtut/py_env/lib/python3.10/site-packages/airflow/example_dags/tutorial_objectstorage.py
[2024-08-09T19:43:45.918+0200] {processor.py:830} INFO - Processing file /home/bvpelt/Develop/airflowtut/py_env/lib/python3.10/site-packages/airflow/example_dags/tutorial_objectstorage.py for tasks to queue
[2024-08-09T19:43:45.919+0200] {logging_mixin.py:188} INFO - [2024-08-09T19:43:45.918+0200] {dagbag.py:545} INFO - Filling up the DagBag from /home/bvpelt/Develop/airflowtut/py_env/lib/python3.10/site-packages/airflow/example_dags/tutorial_objectstorage.py
[2024-08-09T19:43:45.923+0200] {processor.py:840} INFO - DAG(s) 'tutorial_objectstorage' retrieved from /home/bvpelt/Develop/airflowtut/py_env/lib/python3.10/site-packages/airflow/example_dags/tutorial_objectstorage.py
[2024-08-09T19:43:45.931+0200] {logging_mixin.py:188} INFO - [2024-08-09T19:43:45.931+0200] {dag.py:3089} INFO - Sync 1 DAGs
[2024-08-09T19:43:45.937+0200] {logging_mixin.py:188} INFO - [2024-08-09T19:43:45.937+0200] {dag.py:3947} INFO - Setting next_dagrun for tutorial_objectstorage to None, run_after=None
[2024-08-09T19:43:46.082+0200] {processor.py:183} INFO - Processing /home/bvpelt/Develop/airflowtut/py_env/lib/python3.10/site-packages/airflow/example_dags/tutorial_objectstorage.py took 0.168 seconds
[2024-08-09T19:44:22.528+0200] {processor.py:161} INFO - Started process (PID=18007) to work on /home/bvpelt/Develop/airflowtut/py_env/lib/python3.10/site-packages/airflow/example_dags/tutorial_objectstorage.py
[2024-08-09T19:44:22.528+0200] {processor.py:830} INFO - Processing file /home/bvpelt/Develop/airflowtut/py_env/lib/python3.10/site-packages/airflow/example_dags/tutorial_objectstorage.py for tasks to queue
[2024-08-09T19:44:22.529+0200] {logging_mixin.py:188} INFO - [2024-08-09T19:44:22.529+0200] {dagbag.py:545} INFO - Filling up the DagBag from /home/bvpelt/Develop/airflowtut/py_env/lib/python3.10/site-packages/airflow/example_dags/tutorial_objectstorage.py
[2024-08-09T19:44:22.533+0200] {processor.py:840} INFO - DAG(s) 'tutorial_objectstorage' retrieved from /home/bvpelt/Develop/airflowtut/py_env/lib/python3.10/site-packages/airflow/example_dags/tutorial_objectstorage.py
[2024-08-09T19:44:22.541+0200] {logging_mixin.py:188} INFO - [2024-08-09T19:44:22.541+0200] {dag.py:3089} INFO - Sync 1 DAGs
[2024-08-09T19:44:22.548+0200] {logging_mixin.py:188} INFO - [2024-08-09T19:44:22.548+0200] {dag.py:3947} INFO - Setting next_dagrun for tutorial_objectstorage to None, run_after=None
[2024-08-09T19:44:22.654+0200] {processor.py:183} INFO - Processing /home/bvpelt/Develop/airflowtut/py_env/lib/python3.10/site-packages/airflow/example_dags/tutorial_objectstorage.py took 0.130 seconds
[2024-08-09T19:45:13.978+0200] {processor.py:161} INFO - Started process (PID=18267) to work on /home/bvpelt/Develop/airflowtut/py_env/lib/python3.10/site-packages/airflow/example_dags/tutorial_objectstorage.py
[2024-08-09T19:45:13.978+0200] {processor.py:830} INFO - Processing file /home/bvpelt/Develop/airflowtut/py_env/lib/python3.10/site-packages/airflow/example_dags/tutorial_objectstorage.py for tasks to queue
[2024-08-09T19:45:13.979+0200] {logging_mixin.py:188} INFO - [2024-08-09T19:45:13.979+0200] {dagbag.py:545} INFO - Filling up the DagBag from /home/bvpelt/Develop/airflowtut/py_env/lib/python3.10/site-packages/airflow/example_dags/tutorial_objectstorage.py
[2024-08-09T19:45:13.985+0200] {processor.py:840} INFO - DAG(s) 'tutorial_objectstorage' retrieved from /home/bvpelt/Develop/airflowtut/py_env/lib/python3.10/site-packages/airflow/example_dags/tutorial_objectstorage.py
[2024-08-09T19:45:13.994+0200] {logging_mixin.py:188} INFO - [2024-08-09T19:45:13.994+0200] {dag.py:3089} INFO - Sync 1 DAGs
[2024-08-09T19:45:14.055+0200] {logging_mixin.py:188} INFO - [2024-08-09T19:45:14.055+0200] {dag.py:3947} INFO - Setting next_dagrun for tutorial_objectstorage to None, run_after=None
[2024-08-09T19:45:14.145+0200] {processor.py:183} INFO - Processing /home/bvpelt/Develop/airflowtut/py_env/lib/python3.10/site-packages/airflow/example_dags/tutorial_objectstorage.py took 0.170 seconds
[2024-08-09T19:46:23.392+0200] {processor.py:161} INFO - Started process (PID=18591) to work on /home/bvpelt/Develop/airflowtut/py_env/lib/python3.10/site-packages/airflow/example_dags/tutorial_objectstorage.py
[2024-08-09T19:46:23.393+0200] {processor.py:830} INFO - Processing file /home/bvpelt/Develop/airflowtut/py_env/lib/python3.10/site-packages/airflow/example_dags/tutorial_objectstorage.py for tasks to queue
[2024-08-09T19:46:23.394+0200] {logging_mixin.py:188} INFO - [2024-08-09T19:46:23.393+0200] {dagbag.py:545} INFO - Filling up the DagBag from /home/bvpelt/Develop/airflowtut/py_env/lib/python3.10/site-packages/airflow/example_dags/tutorial_objectstorage.py
[2024-08-09T19:46:23.397+0200] {processor.py:840} INFO - DAG(s) 'tutorial_objectstorage' retrieved from /home/bvpelt/Develop/airflowtut/py_env/lib/python3.10/site-packages/airflow/example_dags/tutorial_objectstorage.py
[2024-08-09T19:46:23.405+0200] {logging_mixin.py:188} INFO - [2024-08-09T19:46:23.405+0200] {dag.py:3089} INFO - Sync 1 DAGs
[2024-08-09T19:46:23.412+0200] {logging_mixin.py:188} INFO - [2024-08-09T19:46:23.412+0200] {dag.py:3947} INFO - Setting next_dagrun for tutorial_objectstorage to None, run_after=None
[2024-08-09T19:46:23.483+0200] {processor.py:183} INFO - Processing /home/bvpelt/Develop/airflowtut/py_env/lib/python3.10/site-packages/airflow/example_dags/tutorial_objectstorage.py took 0.094 seconds
[2024-08-09T19:47:05.362+0200] {processor.py:161} INFO - Started process (PID=18784) to work on /home/bvpelt/Develop/airflowtut/py_env/lib/python3.10/site-packages/airflow/example_dags/tutorial_objectstorage.py
[2024-08-09T19:47:05.363+0200] {processor.py:830} INFO - Processing file /home/bvpelt/Develop/airflowtut/py_env/lib/python3.10/site-packages/airflow/example_dags/tutorial_objectstorage.py for tasks to queue
[2024-08-09T19:47:05.364+0200] {logging_mixin.py:188} INFO - [2024-08-09T19:47:05.363+0200] {dagbag.py:545} INFO - Filling up the DagBag from /home/bvpelt/Develop/airflowtut/py_env/lib/python3.10/site-packages/airflow/example_dags/tutorial_objectstorage.py
[2024-08-09T19:47:05.368+0200] {processor.py:840} INFO - DAG(s) 'tutorial_objectstorage' retrieved from /home/bvpelt/Develop/airflowtut/py_env/lib/python3.10/site-packages/airflow/example_dags/tutorial_objectstorage.py
[2024-08-09T19:47:05.376+0200] {logging_mixin.py:188} INFO - [2024-08-09T19:47:05.376+0200] {dag.py:3089} INFO - Sync 1 DAGs
[2024-08-09T19:47:05.383+0200] {logging_mixin.py:188} INFO - [2024-08-09T19:47:05.382+0200] {dag.py:3947} INFO - Setting next_dagrun for tutorial_objectstorage to None, run_after=None
[2024-08-09T19:47:05.447+0200] {processor.py:183} INFO - Processing /home/bvpelt/Develop/airflowtut/py_env/lib/python3.10/site-packages/airflow/example_dags/tutorial_objectstorage.py took 0.088 seconds
[2024-08-09T19:47:54.795+0200] {processor.py:161} INFO - Started process (PID=19012) to work on /home/bvpelt/Develop/airflowtut/py_env/lib/python3.10/site-packages/airflow/example_dags/tutorial_objectstorage.py
[2024-08-09T19:47:54.796+0200] {processor.py:830} INFO - Processing file /home/bvpelt/Develop/airflowtut/py_env/lib/python3.10/site-packages/airflow/example_dags/tutorial_objectstorage.py for tasks to queue
[2024-08-09T19:47:54.797+0200] {logging_mixin.py:188} INFO - [2024-08-09T19:47:54.797+0200] {dagbag.py:545} INFO - Filling up the DagBag from /home/bvpelt/Develop/airflowtut/py_env/lib/python3.10/site-packages/airflow/example_dags/tutorial_objectstorage.py
[2024-08-09T19:47:54.802+0200] {processor.py:840} INFO - DAG(s) 'tutorial_objectstorage' retrieved from /home/bvpelt/Develop/airflowtut/py_env/lib/python3.10/site-packages/airflow/example_dags/tutorial_objectstorage.py
[2024-08-09T19:47:54.812+0200] {logging_mixin.py:188} INFO - [2024-08-09T19:47:54.812+0200] {dag.py:3089} INFO - Sync 1 DAGs
[2024-08-09T19:47:54.821+0200] {logging_mixin.py:188} INFO - [2024-08-09T19:47:54.821+0200] {dag.py:3947} INFO - Setting next_dagrun for tutorial_objectstorage to None, run_after=None
[2024-08-09T19:47:54.907+0200] {processor.py:183} INFO - Processing /home/bvpelt/Develop/airflowtut/py_env/lib/python3.10/site-packages/airflow/example_dags/tutorial_objectstorage.py took 0.116 seconds
[2024-08-09T19:48:45.369+0200] {processor.py:161} INFO - Started process (PID=19122) to work on /home/bvpelt/Develop/airflowtut/py_env/lib/python3.10/site-packages/airflow/example_dags/tutorial_objectstorage.py
[2024-08-09T19:48:45.369+0200] {processor.py:830} INFO - Processing file /home/bvpelt/Develop/airflowtut/py_env/lib/python3.10/site-packages/airflow/example_dags/tutorial_objectstorage.py for tasks to queue
[2024-08-09T19:48:45.370+0200] {logging_mixin.py:188} INFO - [2024-08-09T19:48:45.370+0200] {dagbag.py:545} INFO - Filling up the DagBag from /home/bvpelt/Develop/airflowtut/py_env/lib/python3.10/site-packages/airflow/example_dags/tutorial_objectstorage.py
[2024-08-09T19:48:45.374+0200] {processor.py:840} INFO - DAG(s) 'tutorial_objectstorage' retrieved from /home/bvpelt/Develop/airflowtut/py_env/lib/python3.10/site-packages/airflow/example_dags/tutorial_objectstorage.py
[2024-08-09T19:48:45.382+0200] {logging_mixin.py:188} INFO - [2024-08-09T19:48:45.382+0200] {dag.py:3089} INFO - Sync 1 DAGs
[2024-08-09T19:48:45.388+0200] {logging_mixin.py:188} INFO - [2024-08-09T19:48:45.388+0200] {dag.py:3947} INFO - Setting next_dagrun for tutorial_objectstorage to None, run_after=None
[2024-08-09T19:48:45.578+0200] {processor.py:183} INFO - Processing /home/bvpelt/Develop/airflowtut/py_env/lib/python3.10/site-packages/airflow/example_dags/tutorial_objectstorage.py took 0.213 seconds
[2024-08-09T19:49:35.002+0200] {processor.py:161} INFO - Started process (PID=19206) to work on /home/bvpelt/Develop/airflowtut/py_env/lib/python3.10/site-packages/airflow/example_dags/tutorial_objectstorage.py
[2024-08-09T19:49:35.002+0200] {processor.py:830} INFO - Processing file /home/bvpelt/Develop/airflowtut/py_env/lib/python3.10/site-packages/airflow/example_dags/tutorial_objectstorage.py for tasks to queue
[2024-08-09T19:49:35.003+0200] {logging_mixin.py:188} INFO - [2024-08-09T19:49:35.003+0200] {dagbag.py:545} INFO - Filling up the DagBag from /home/bvpelt/Develop/airflowtut/py_env/lib/python3.10/site-packages/airflow/example_dags/tutorial_objectstorage.py
[2024-08-09T19:49:35.007+0200] {processor.py:840} INFO - DAG(s) 'tutorial_objectstorage' retrieved from /home/bvpelt/Develop/airflowtut/py_env/lib/python3.10/site-packages/airflow/example_dags/tutorial_objectstorage.py
[2024-08-09T19:49:35.015+0200] {logging_mixin.py:188} INFO - [2024-08-09T19:49:35.015+0200] {dag.py:3089} INFO - Sync 1 DAGs
[2024-08-09T19:49:35.022+0200] {logging_mixin.py:188} INFO - [2024-08-09T19:49:35.022+0200] {dag.py:3947} INFO - Setting next_dagrun for tutorial_objectstorage to None, run_after=None
[2024-08-09T19:49:35.140+0200] {processor.py:183} INFO - Processing /home/bvpelt/Develop/airflowtut/py_env/lib/python3.10/site-packages/airflow/example_dags/tutorial_objectstorage.py took 0.142 seconds
[2024-08-09T19:50:27.774+0200] {processor.py:161} INFO - Started process (PID=19360) to work on /home/bvpelt/Develop/airflowtut/py_env/lib/python3.10/site-packages/airflow/example_dags/tutorial_objectstorage.py
[2024-08-09T19:50:27.774+0200] {processor.py:830} INFO - Processing file /home/bvpelt/Develop/airflowtut/py_env/lib/python3.10/site-packages/airflow/example_dags/tutorial_objectstorage.py for tasks to queue
[2024-08-09T19:50:27.775+0200] {logging_mixin.py:188} INFO - [2024-08-09T19:50:27.775+0200] {dagbag.py:545} INFO - Filling up the DagBag from /home/bvpelt/Develop/airflowtut/py_env/lib/python3.10/site-packages/airflow/example_dags/tutorial_objectstorage.py
[2024-08-09T19:50:27.779+0200] {processor.py:840} INFO - DAG(s) 'tutorial_objectstorage' retrieved from /home/bvpelt/Develop/airflowtut/py_env/lib/python3.10/site-packages/airflow/example_dags/tutorial_objectstorage.py
[2024-08-09T19:50:27.787+0200] {logging_mixin.py:188} INFO - [2024-08-09T19:50:27.786+0200] {dag.py:3089} INFO - Sync 1 DAGs
[2024-08-09T19:50:27.793+0200] {logging_mixin.py:188} INFO - [2024-08-09T19:50:27.793+0200] {dag.py:3947} INFO - Setting next_dagrun for tutorial_objectstorage to None, run_after=None
[2024-08-09T19:50:27.901+0200] {processor.py:183} INFO - Processing /home/bvpelt/Develop/airflowtut/py_env/lib/python3.10/site-packages/airflow/example_dags/tutorial_objectstorage.py took 0.131 seconds
[2024-08-09T19:51:19.063+0200] {processor.py:161} INFO - Started process (PID=19502) to work on /home/bvpelt/Develop/airflowtut/py_env/lib/python3.10/site-packages/airflow/example_dags/tutorial_objectstorage.py
[2024-08-09T19:51:19.075+0200] {processor.py:830} INFO - Processing file /home/bvpelt/Develop/airflowtut/py_env/lib/python3.10/site-packages/airflow/example_dags/tutorial_objectstorage.py for tasks to queue
[2024-08-09T19:51:19.079+0200] {logging_mixin.py:188} INFO - [2024-08-09T19:51:19.078+0200] {dagbag.py:545} INFO - Filling up the DagBag from /home/bvpelt/Develop/airflowtut/py_env/lib/python3.10/site-packages/airflow/example_dags/tutorial_objectstorage.py
[2024-08-09T19:51:19.098+0200] {processor.py:840} INFO - DAG(s) 'tutorial_objectstorage' retrieved from /home/bvpelt/Develop/airflowtut/py_env/lib/python3.10/site-packages/airflow/example_dags/tutorial_objectstorage.py
[2024-08-09T19:51:19.118+0200] {logging_mixin.py:188} INFO - [2024-08-09T19:51:19.118+0200] {dag.py:3089} INFO - Sync 1 DAGs
[2024-08-09T19:51:19.128+0200] {logging_mixin.py:188} INFO - [2024-08-09T19:51:19.128+0200] {dag.py:3947} INFO - Setting next_dagrun for tutorial_objectstorage to None, run_after=None
[2024-08-09T19:51:19.225+0200] {processor.py:183} INFO - Processing /home/bvpelt/Develop/airflowtut/py_env/lib/python3.10/site-packages/airflow/example_dags/tutorial_objectstorage.py took 0.165 seconds
[2024-08-09T19:52:28.271+0200] {processor.py:161} INFO - Started process (PID=19987) to work on /home/bvpelt/Develop/airflowtut/py_env/lib/python3.10/site-packages/airflow/example_dags/tutorial_objectstorage.py
[2024-08-09T19:52:28.272+0200] {processor.py:830} INFO - Processing file /home/bvpelt/Develop/airflowtut/py_env/lib/python3.10/site-packages/airflow/example_dags/tutorial_objectstorage.py for tasks to queue
[2024-08-09T19:52:28.273+0200] {logging_mixin.py:188} INFO - [2024-08-09T19:52:28.273+0200] {dagbag.py:545} INFO - Filling up the DagBag from /home/bvpelt/Develop/airflowtut/py_env/lib/python3.10/site-packages/airflow/example_dags/tutorial_objectstorage.py
[2024-08-09T19:52:28.277+0200] {processor.py:840} INFO - DAG(s) 'tutorial_objectstorage' retrieved from /home/bvpelt/Develop/airflowtut/py_env/lib/python3.10/site-packages/airflow/example_dags/tutorial_objectstorage.py
[2024-08-09T19:52:28.285+0200] {logging_mixin.py:188} INFO - [2024-08-09T19:52:28.285+0200] {dag.py:3089} INFO - Sync 1 DAGs
[2024-08-09T19:52:28.291+0200] {logging_mixin.py:188} INFO - [2024-08-09T19:52:28.291+0200] {dag.py:3947} INFO - Setting next_dagrun for tutorial_objectstorage to None, run_after=None
[2024-08-09T19:52:28.375+0200] {processor.py:183} INFO - Processing /home/bvpelt/Develop/airflowtut/py_env/lib/python3.10/site-packages/airflow/example_dags/tutorial_objectstorage.py took 0.107 seconds
[2024-08-09T19:53:13.735+0200] {processor.py:161} INFO - Started process (PID=20083) to work on /home/bvpelt/Develop/airflowtut/py_env/lib/python3.10/site-packages/airflow/example_dags/tutorial_objectstorage.py
[2024-08-09T19:53:13.735+0200] {processor.py:830} INFO - Processing file /home/bvpelt/Develop/airflowtut/py_env/lib/python3.10/site-packages/airflow/example_dags/tutorial_objectstorage.py for tasks to queue
[2024-08-09T19:53:13.736+0200] {logging_mixin.py:188} INFO - [2024-08-09T19:53:13.736+0200] {dagbag.py:545} INFO - Filling up the DagBag from /home/bvpelt/Develop/airflowtut/py_env/lib/python3.10/site-packages/airflow/example_dags/tutorial_objectstorage.py
[2024-08-09T19:53:13.740+0200] {processor.py:840} INFO - DAG(s) 'tutorial_objectstorage' retrieved from /home/bvpelt/Develop/airflowtut/py_env/lib/python3.10/site-packages/airflow/example_dags/tutorial_objectstorage.py
[2024-08-09T19:53:13.748+0200] {logging_mixin.py:188} INFO - [2024-08-09T19:53:13.748+0200] {dag.py:3089} INFO - Sync 1 DAGs
[2024-08-09T19:53:13.755+0200] {logging_mixin.py:188} INFO - [2024-08-09T19:53:13.754+0200] {dag.py:3947} INFO - Setting next_dagrun for tutorial_objectstorage to None, run_after=None
[2024-08-09T19:53:13.830+0200] {processor.py:183} INFO - Processing /home/bvpelt/Develop/airflowtut/py_env/lib/python3.10/site-packages/airflow/example_dags/tutorial_objectstorage.py took 0.098 seconds
[2024-08-09T19:54:07.196+0200] {processor.py:161} INFO - Started process (PID=20141) to work on /home/bvpelt/Develop/airflowtut/py_env/lib/python3.10/site-packages/airflow/example_dags/tutorial_objectstorage.py
[2024-08-09T19:54:07.286+0200] {processor.py:830} INFO - Processing file /home/bvpelt/Develop/airflowtut/py_env/lib/python3.10/site-packages/airflow/example_dags/tutorial_objectstorage.py for tasks to queue
[2024-08-09T19:54:07.290+0200] {logging_mixin.py:188} INFO - [2024-08-09T19:54:07.289+0200] {dagbag.py:545} INFO - Filling up the DagBag from /home/bvpelt/Develop/airflowtut/py_env/lib/python3.10/site-packages/airflow/example_dags/tutorial_objectstorage.py
[2024-08-09T19:54:07.294+0200] {processor.py:840} INFO - DAG(s) 'tutorial_objectstorage' retrieved from /home/bvpelt/Develop/airflowtut/py_env/lib/python3.10/site-packages/airflow/example_dags/tutorial_objectstorage.py
[2024-08-09T19:54:07.302+0200] {logging_mixin.py:188} INFO - [2024-08-09T19:54:07.301+0200] {dag.py:3089} INFO - Sync 1 DAGs
[2024-08-09T19:54:07.308+0200] {logging_mixin.py:188} INFO - [2024-08-09T19:54:07.308+0200] {dag.py:3947} INFO - Setting next_dagrun for tutorial_objectstorage to None, run_after=None
[2024-08-09T19:54:07.442+0200] {processor.py:183} INFO - Processing /home/bvpelt/Develop/airflowtut/py_env/lib/python3.10/site-packages/airflow/example_dags/tutorial_objectstorage.py took 0.248 seconds
[2024-08-09T19:55:00.311+0200] {processor.py:161} INFO - Started process (PID=20219) to work on /home/bvpelt/Develop/airflowtut/py_env/lib/python3.10/site-packages/airflow/example_dags/tutorial_objectstorage.py
[2024-08-09T19:55:00.311+0200] {processor.py:830} INFO - Processing file /home/bvpelt/Develop/airflowtut/py_env/lib/python3.10/site-packages/airflow/example_dags/tutorial_objectstorage.py for tasks to queue
[2024-08-09T19:55:00.312+0200] {logging_mixin.py:188} INFO - [2024-08-09T19:55:00.312+0200] {dagbag.py:545} INFO - Filling up the DagBag from /home/bvpelt/Develop/airflowtut/py_env/lib/python3.10/site-packages/airflow/example_dags/tutorial_objectstorage.py
[2024-08-09T19:55:00.316+0200] {processor.py:840} INFO - DAG(s) 'tutorial_objectstorage' retrieved from /home/bvpelt/Develop/airflowtut/py_env/lib/python3.10/site-packages/airflow/example_dags/tutorial_objectstorage.py
[2024-08-09T19:55:00.324+0200] {logging_mixin.py:188} INFO - [2024-08-09T19:55:00.324+0200] {dag.py:3089} INFO - Sync 1 DAGs
[2024-08-09T19:55:00.330+0200] {logging_mixin.py:188} INFO - [2024-08-09T19:55:00.330+0200] {dag.py:3947} INFO - Setting next_dagrun for tutorial_objectstorage to None, run_after=None
[2024-08-09T19:55:00.435+0200] {processor.py:183} INFO - Processing /home/bvpelt/Develop/airflowtut/py_env/lib/python3.10/site-packages/airflow/example_dags/tutorial_objectstorage.py took 0.128 seconds
[2024-08-09T19:55:48.236+0200] {processor.py:161} INFO - Started process (PID=20309) to work on /home/bvpelt/Develop/airflowtut/py_env/lib/python3.10/site-packages/airflow/example_dags/tutorial_objectstorage.py
[2024-08-09T19:55:48.237+0200] {processor.py:830} INFO - Processing file /home/bvpelt/Develop/airflowtut/py_env/lib/python3.10/site-packages/airflow/example_dags/tutorial_objectstorage.py for tasks to queue
[2024-08-09T19:55:48.238+0200] {logging_mixin.py:188} INFO - [2024-08-09T19:55:48.237+0200] {dagbag.py:545} INFO - Filling up the DagBag from /home/bvpelt/Develop/airflowtut/py_env/lib/python3.10/site-packages/airflow/example_dags/tutorial_objectstorage.py
[2024-08-09T19:55:48.242+0200] {processor.py:840} INFO - DAG(s) 'tutorial_objectstorage' retrieved from /home/bvpelt/Develop/airflowtut/py_env/lib/python3.10/site-packages/airflow/example_dags/tutorial_objectstorage.py
[2024-08-09T19:55:48.250+0200] {logging_mixin.py:188} INFO - [2024-08-09T19:55:48.250+0200] {dag.py:3089} INFO - Sync 1 DAGs
[2024-08-09T19:55:48.256+0200] {logging_mixin.py:188} INFO - [2024-08-09T19:55:48.256+0200] {dag.py:3947} INFO - Setting next_dagrun for tutorial_objectstorage to None, run_after=None
[2024-08-09T19:55:48.376+0200] {processor.py:183} INFO - Processing /home/bvpelt/Develop/airflowtut/py_env/lib/python3.10/site-packages/airflow/example_dags/tutorial_objectstorage.py took 0.143 seconds
[2024-08-09T19:56:35.423+0200] {processor.py:161} INFO - Started process (PID=20365) to work on /home/bvpelt/Develop/airflowtut/py_env/lib/python3.10/site-packages/airflow/example_dags/tutorial_objectstorage.py
[2024-08-09T19:56:35.423+0200] {processor.py:830} INFO - Processing file /home/bvpelt/Develop/airflowtut/py_env/lib/python3.10/site-packages/airflow/example_dags/tutorial_objectstorage.py for tasks to queue
[2024-08-09T19:56:35.424+0200] {logging_mixin.py:188} INFO - [2024-08-09T19:56:35.424+0200] {dagbag.py:545} INFO - Filling up the DagBag from /home/bvpelt/Develop/airflowtut/py_env/lib/python3.10/site-packages/airflow/example_dags/tutorial_objectstorage.py
[2024-08-09T19:56:35.428+0200] {processor.py:840} INFO - DAG(s) 'tutorial_objectstorage' retrieved from /home/bvpelt/Develop/airflowtut/py_env/lib/python3.10/site-packages/airflow/example_dags/tutorial_objectstorage.py
[2024-08-09T19:56:35.436+0200] {logging_mixin.py:188} INFO - [2024-08-09T19:56:35.436+0200] {dag.py:3089} INFO - Sync 1 DAGs
[2024-08-09T19:56:35.442+0200] {logging_mixin.py:188} INFO - [2024-08-09T19:56:35.442+0200] {dag.py:3947} INFO - Setting next_dagrun for tutorial_objectstorage to None, run_after=None
[2024-08-09T19:56:35.530+0200] {processor.py:183} INFO - Processing /home/bvpelt/Develop/airflowtut/py_env/lib/python3.10/site-packages/airflow/example_dags/tutorial_objectstorage.py took 0.111 seconds
[2024-08-09T19:57:27.765+0200] {processor.py:161} INFO - Started process (PID=20493) to work on /home/bvpelt/Develop/airflowtut/py_env/lib/python3.10/site-packages/airflow/example_dags/tutorial_objectstorage.py
[2024-08-09T19:57:27.766+0200] {processor.py:830} INFO - Processing file /home/bvpelt/Develop/airflowtut/py_env/lib/python3.10/site-packages/airflow/example_dags/tutorial_objectstorage.py for tasks to queue
[2024-08-09T19:57:27.767+0200] {logging_mixin.py:188} INFO - [2024-08-09T19:57:27.766+0200] {dagbag.py:545} INFO - Filling up the DagBag from /home/bvpelt/Develop/airflowtut/py_env/lib/python3.10/site-packages/airflow/example_dags/tutorial_objectstorage.py
[2024-08-09T19:57:27.771+0200] {processor.py:840} INFO - DAG(s) 'tutorial_objectstorage' retrieved from /home/bvpelt/Develop/airflowtut/py_env/lib/python3.10/site-packages/airflow/example_dags/tutorial_objectstorage.py
[2024-08-09T19:57:27.780+0200] {logging_mixin.py:188} INFO - [2024-08-09T19:57:27.780+0200] {dag.py:3089} INFO - Sync 1 DAGs
[2024-08-09T19:57:27.788+0200] {logging_mixin.py:188} INFO - [2024-08-09T19:57:27.788+0200] {dag.py:3947} INFO - Setting next_dagrun for tutorial_objectstorage to None, run_after=None
[2024-08-09T19:57:27.911+0200] {processor.py:183} INFO - Processing /home/bvpelt/Develop/airflowtut/py_env/lib/python3.10/site-packages/airflow/example_dags/tutorial_objectstorage.py took 0.149 seconds
[2024-08-09T19:58:17.422+0200] {processor.py:161} INFO - Started process (PID=20595) to work on /home/bvpelt/Develop/airflowtut/py_env/lib/python3.10/site-packages/airflow/example_dags/tutorial_objectstorage.py
[2024-08-09T19:58:17.455+0200] {processor.py:830} INFO - Processing file /home/bvpelt/Develop/airflowtut/py_env/lib/python3.10/site-packages/airflow/example_dags/tutorial_objectstorage.py for tasks to queue
[2024-08-09T19:58:17.456+0200] {logging_mixin.py:188} INFO - [2024-08-09T19:58:17.455+0200] {dagbag.py:545} INFO - Filling up the DagBag from /home/bvpelt/Develop/airflowtut/py_env/lib/python3.10/site-packages/airflow/example_dags/tutorial_objectstorage.py
[2024-08-09T19:58:17.460+0200] {processor.py:840} INFO - DAG(s) 'tutorial_objectstorage' retrieved from /home/bvpelt/Develop/airflowtut/py_env/lib/python3.10/site-packages/airflow/example_dags/tutorial_objectstorage.py
[2024-08-09T19:58:17.469+0200] {logging_mixin.py:188} INFO - [2024-08-09T19:58:17.468+0200] {dag.py:3089} INFO - Sync 1 DAGs
[2024-08-09T19:58:17.475+0200] {logging_mixin.py:188} INFO - [2024-08-09T19:58:17.475+0200] {dag.py:3947} INFO - Setting next_dagrun for tutorial_objectstorage to None, run_after=None
[2024-08-09T19:58:17.544+0200] {processor.py:183} INFO - Processing /home/bvpelt/Develop/airflowtut/py_env/lib/python3.10/site-packages/airflow/example_dags/tutorial_objectstorage.py took 0.129 seconds
[2024-08-09T19:59:17.018+0200] {processor.py:161} INFO - Started process (PID=20691) to work on /home/bvpelt/Develop/airflowtut/py_env/lib/python3.10/site-packages/airflow/example_dags/tutorial_objectstorage.py
[2024-08-09T19:59:17.026+0200] {processor.py:830} INFO - Processing file /home/bvpelt/Develop/airflowtut/py_env/lib/python3.10/site-packages/airflow/example_dags/tutorial_objectstorage.py for tasks to queue
[2024-08-09T19:59:17.027+0200] {logging_mixin.py:188} INFO - [2024-08-09T19:59:17.026+0200] {dagbag.py:545} INFO - Filling up the DagBag from /home/bvpelt/Develop/airflowtut/py_env/lib/python3.10/site-packages/airflow/example_dags/tutorial_objectstorage.py
[2024-08-09T19:59:17.031+0200] {processor.py:840} INFO - DAG(s) 'tutorial_objectstorage' retrieved from /home/bvpelt/Develop/airflowtut/py_env/lib/python3.10/site-packages/airflow/example_dags/tutorial_objectstorage.py
[2024-08-09T19:59:17.041+0200] {logging_mixin.py:188} INFO - [2024-08-09T19:59:17.041+0200] {dag.py:3089} INFO - Sync 1 DAGs
[2024-08-09T19:59:17.050+0200] {logging_mixin.py:188} INFO - [2024-08-09T19:59:17.050+0200] {dag.py:3947} INFO - Setting next_dagrun for tutorial_objectstorage to None, run_after=None
[2024-08-09T19:59:17.116+0200] {processor.py:183} INFO - Processing /home/bvpelt/Develop/airflowtut/py_env/lib/python3.10/site-packages/airflow/example_dags/tutorial_objectstorage.py took 0.102 seconds
[2024-08-09T20:00:10.696+0200] {processor.py:161} INFO - Started process (PID=20770) to work on /home/bvpelt/Develop/airflowtut/py_env/lib/python3.10/site-packages/airflow/example_dags/tutorial_objectstorage.py
[2024-08-09T20:00:10.697+0200] {processor.py:830} INFO - Processing file /home/bvpelt/Develop/airflowtut/py_env/lib/python3.10/site-packages/airflow/example_dags/tutorial_objectstorage.py for tasks to queue
[2024-08-09T20:00:10.698+0200] {logging_mixin.py:188} INFO - [2024-08-09T20:00:10.697+0200] {dagbag.py:545} INFO - Filling up the DagBag from /home/bvpelt/Develop/airflowtut/py_env/lib/python3.10/site-packages/airflow/example_dags/tutorial_objectstorage.py
[2024-08-09T20:00:10.701+0200] {processor.py:840} INFO - DAG(s) 'tutorial_objectstorage' retrieved from /home/bvpelt/Develop/airflowtut/py_env/lib/python3.10/site-packages/airflow/example_dags/tutorial_objectstorage.py
[2024-08-09T20:00:10.709+0200] {logging_mixin.py:188} INFO - [2024-08-09T20:00:10.709+0200] {dag.py:3089} INFO - Sync 1 DAGs
[2024-08-09T20:00:10.716+0200] {logging_mixin.py:188} INFO - [2024-08-09T20:00:10.715+0200] {dag.py:3947} INFO - Setting next_dagrun for tutorial_objectstorage to None, run_after=None
[2024-08-09T20:00:10.812+0200] {processor.py:183} INFO - Processing /home/bvpelt/Develop/airflowtut/py_env/lib/python3.10/site-packages/airflow/example_dags/tutorial_objectstorage.py took 0.119 seconds
[2024-08-09T20:01:00.685+0200] {processor.py:161} INFO - Started process (PID=20827) to work on /home/bvpelt/Develop/airflowtut/py_env/lib/python3.10/site-packages/airflow/example_dags/tutorial_objectstorage.py
[2024-08-09T20:01:00.686+0200] {processor.py:830} INFO - Processing file /home/bvpelt/Develop/airflowtut/py_env/lib/python3.10/site-packages/airflow/example_dags/tutorial_objectstorage.py for tasks to queue
[2024-08-09T20:01:00.687+0200] {logging_mixin.py:188} INFO - [2024-08-09T20:01:00.686+0200] {dagbag.py:545} INFO - Filling up the DagBag from /home/bvpelt/Develop/airflowtut/py_env/lib/python3.10/site-packages/airflow/example_dags/tutorial_objectstorage.py
[2024-08-09T20:01:00.691+0200] {processor.py:840} INFO - DAG(s) 'tutorial_objectstorage' retrieved from /home/bvpelt/Develop/airflowtut/py_env/lib/python3.10/site-packages/airflow/example_dags/tutorial_objectstorage.py
[2024-08-09T20:01:00.699+0200] {logging_mixin.py:188} INFO - [2024-08-09T20:01:00.699+0200] {dag.py:3089} INFO - Sync 1 DAGs
[2024-08-09T20:01:00.705+0200] {logging_mixin.py:188} INFO - [2024-08-09T20:01:00.705+0200] {dag.py:3947} INFO - Setting next_dagrun for tutorial_objectstorage to None, run_after=None
[2024-08-09T20:01:00.814+0200] {processor.py:183} INFO - Processing /home/bvpelt/Develop/airflowtut/py_env/lib/python3.10/site-packages/airflow/example_dags/tutorial_objectstorage.py took 0.132 seconds
[2024-08-09T20:01:50.540+0200] {processor.py:161} INFO - Started process (PID=20961) to work on /home/bvpelt/Develop/airflowtut/py_env/lib/python3.10/site-packages/airflow/example_dags/tutorial_objectstorage.py
[2024-08-09T20:01:50.542+0200] {processor.py:830} INFO - Processing file /home/bvpelt/Develop/airflowtut/py_env/lib/python3.10/site-packages/airflow/example_dags/tutorial_objectstorage.py for tasks to queue
[2024-08-09T20:01:50.546+0200] {logging_mixin.py:188} INFO - [2024-08-09T20:01:50.545+0200] {dagbag.py:545} INFO - Filling up the DagBag from /home/bvpelt/Develop/airflowtut/py_env/lib/python3.10/site-packages/airflow/example_dags/tutorial_objectstorage.py
[2024-08-09T20:01:50.559+0200] {processor.py:840} INFO - DAG(s) 'tutorial_objectstorage' retrieved from /home/bvpelt/Develop/airflowtut/py_env/lib/python3.10/site-packages/airflow/example_dags/tutorial_objectstorage.py
[2024-08-09T20:01:50.573+0200] {logging_mixin.py:188} INFO - [2024-08-09T20:01:50.573+0200] {dag.py:3089} INFO - Sync 1 DAGs
[2024-08-09T20:01:50.582+0200] {logging_mixin.py:188} INFO - [2024-08-09T20:01:50.582+0200] {dag.py:3947} INFO - Setting next_dagrun for tutorial_objectstorage to None, run_after=None
[2024-08-09T20:01:50.680+0200] {processor.py:183} INFO - Processing /home/bvpelt/Develop/airflowtut/py_env/lib/python3.10/site-packages/airflow/example_dags/tutorial_objectstorage.py took 0.155 seconds
[2024-08-09T20:02:41.656+0200] {processor.py:161} INFO - Started process (PID=21056) to work on /home/bvpelt/Develop/airflowtut/py_env/lib/python3.10/site-packages/airflow/example_dags/tutorial_objectstorage.py
[2024-08-09T20:02:41.656+0200] {processor.py:830} INFO - Processing file /home/bvpelt/Develop/airflowtut/py_env/lib/python3.10/site-packages/airflow/example_dags/tutorial_objectstorage.py for tasks to queue
[2024-08-09T20:02:41.657+0200] {logging_mixin.py:188} INFO - [2024-08-09T20:02:41.657+0200] {dagbag.py:545} INFO - Filling up the DagBag from /home/bvpelt/Develop/airflowtut/py_env/lib/python3.10/site-packages/airflow/example_dags/tutorial_objectstorage.py
[2024-08-09T20:02:41.661+0200] {processor.py:840} INFO - DAG(s) 'tutorial_objectstorage' retrieved from /home/bvpelt/Develop/airflowtut/py_env/lib/python3.10/site-packages/airflow/example_dags/tutorial_objectstorage.py
[2024-08-09T20:02:41.669+0200] {logging_mixin.py:188} INFO - [2024-08-09T20:02:41.669+0200] {dag.py:3089} INFO - Sync 1 DAGs
[2024-08-09T20:02:41.675+0200] {logging_mixin.py:188} INFO - [2024-08-09T20:02:41.675+0200] {dag.py:3947} INFO - Setting next_dagrun for tutorial_objectstorage to None, run_after=None
[2024-08-09T20:02:41.749+0200] {processor.py:183} INFO - Processing /home/bvpelt/Develop/airflowtut/py_env/lib/python3.10/site-packages/airflow/example_dags/tutorial_objectstorage.py took 0.096 seconds
[2024-08-09T20:03:40.090+0200] {processor.py:161} INFO - Started process (PID=21111) to work on /home/bvpelt/Develop/airflowtut/py_env/lib/python3.10/site-packages/airflow/example_dags/tutorial_objectstorage.py
[2024-08-09T20:03:40.090+0200] {processor.py:830} INFO - Processing file /home/bvpelt/Develop/airflowtut/py_env/lib/python3.10/site-packages/airflow/example_dags/tutorial_objectstorage.py for tasks to queue
[2024-08-09T20:03:40.091+0200] {logging_mixin.py:188} INFO - [2024-08-09T20:03:40.091+0200] {dagbag.py:545} INFO - Filling up the DagBag from /home/bvpelt/Develop/airflowtut/py_env/lib/python3.10/site-packages/airflow/example_dags/tutorial_objectstorage.py
[2024-08-09T20:03:40.095+0200] {processor.py:840} INFO - DAG(s) 'tutorial_objectstorage' retrieved from /home/bvpelt/Develop/airflowtut/py_env/lib/python3.10/site-packages/airflow/example_dags/tutorial_objectstorage.py
[2024-08-09T20:03:40.105+0200] {logging_mixin.py:188} INFO - [2024-08-09T20:03:40.105+0200] {dag.py:3089} INFO - Sync 1 DAGs
[2024-08-09T20:03:40.112+0200] {logging_mixin.py:188} INFO - [2024-08-09T20:03:40.112+0200] {dag.py:3947} INFO - Setting next_dagrun for tutorial_objectstorage to None, run_after=None
[2024-08-09T20:03:40.201+0200] {processor.py:183} INFO - Processing /home/bvpelt/Develop/airflowtut/py_env/lib/python3.10/site-packages/airflow/example_dags/tutorial_objectstorage.py took 0.114 seconds
[2024-08-09T20:04:33.709+0200] {processor.py:161} INFO - Started process (PID=21200) to work on /home/bvpelt/Develop/airflowtut/py_env/lib/python3.10/site-packages/airflow/example_dags/tutorial_objectstorage.py
[2024-08-09T20:04:33.728+0200] {processor.py:830} INFO - Processing file /home/bvpelt/Develop/airflowtut/py_env/lib/python3.10/site-packages/airflow/example_dags/tutorial_objectstorage.py for tasks to queue
[2024-08-09T20:04:33.729+0200] {logging_mixin.py:188} INFO - [2024-08-09T20:04:33.728+0200] {dagbag.py:545} INFO - Filling up the DagBag from /home/bvpelt/Develop/airflowtut/py_env/lib/python3.10/site-packages/airflow/example_dags/tutorial_objectstorage.py
[2024-08-09T20:04:33.734+0200] {processor.py:840} INFO - DAG(s) 'tutorial_objectstorage' retrieved from /home/bvpelt/Develop/airflowtut/py_env/lib/python3.10/site-packages/airflow/example_dags/tutorial_objectstorage.py
[2024-08-09T20:04:33.741+0200] {logging_mixin.py:188} INFO - [2024-08-09T20:04:33.741+0200] {dag.py:3089} INFO - Sync 1 DAGs
[2024-08-09T20:04:33.748+0200] {logging_mixin.py:188} INFO - [2024-08-09T20:04:33.748+0200] {dag.py:3947} INFO - Setting next_dagrun for tutorial_objectstorage to None, run_after=None
[2024-08-09T20:04:33.844+0200] {processor.py:183} INFO - Processing /home/bvpelt/Develop/airflowtut/py_env/lib/python3.10/site-packages/airflow/example_dags/tutorial_objectstorage.py took 0.138 seconds
[2024-08-09T20:05:24.294+0200] {processor.py:161} INFO - Started process (PID=21357) to work on /home/bvpelt/Develop/airflowtut/py_env/lib/python3.10/site-packages/airflow/example_dags/tutorial_objectstorage.py
[2024-08-09T20:05:24.294+0200] {processor.py:830} INFO - Processing file /home/bvpelt/Develop/airflowtut/py_env/lib/python3.10/site-packages/airflow/example_dags/tutorial_objectstorage.py for tasks to queue
[2024-08-09T20:05:24.295+0200] {logging_mixin.py:188} INFO - [2024-08-09T20:05:24.295+0200] {dagbag.py:545} INFO - Filling up the DagBag from /home/bvpelt/Develop/airflowtut/py_env/lib/python3.10/site-packages/airflow/example_dags/tutorial_objectstorage.py
[2024-08-09T20:05:24.299+0200] {processor.py:840} INFO - DAG(s) 'tutorial_objectstorage' retrieved from /home/bvpelt/Develop/airflowtut/py_env/lib/python3.10/site-packages/airflow/example_dags/tutorial_objectstorage.py
[2024-08-09T20:05:24.306+0200] {logging_mixin.py:188} INFO - [2024-08-09T20:05:24.306+0200] {dag.py:3089} INFO - Sync 1 DAGs
[2024-08-09T20:05:24.313+0200] {logging_mixin.py:188} INFO - [2024-08-09T20:05:24.312+0200] {dag.py:3947} INFO - Setting next_dagrun for tutorial_objectstorage to None, run_after=None
[2024-08-09T20:05:24.379+0200] {processor.py:183} INFO - Processing /home/bvpelt/Develop/airflowtut/py_env/lib/python3.10/site-packages/airflow/example_dags/tutorial_objectstorage.py took 0.089 seconds
[2024-08-09T20:06:22.516+0200] {processor.py:161} INFO - Started process (PID=21413) to work on /home/bvpelt/Develop/airflowtut/py_env/lib/python3.10/site-packages/airflow/example_dags/tutorial_objectstorage.py
[2024-08-09T20:06:22.517+0200] {processor.py:830} INFO - Processing file /home/bvpelt/Develop/airflowtut/py_env/lib/python3.10/site-packages/airflow/example_dags/tutorial_objectstorage.py for tasks to queue
[2024-08-09T20:06:22.518+0200] {logging_mixin.py:188} INFO - [2024-08-09T20:06:22.518+0200] {dagbag.py:545} INFO - Filling up the DagBag from /home/bvpelt/Develop/airflowtut/py_env/lib/python3.10/site-packages/airflow/example_dags/tutorial_objectstorage.py
[2024-08-09T20:06:22.522+0200] {processor.py:840} INFO - DAG(s) 'tutorial_objectstorage' retrieved from /home/bvpelt/Develop/airflowtut/py_env/lib/python3.10/site-packages/airflow/example_dags/tutorial_objectstorage.py
[2024-08-09T20:06:22.530+0200] {logging_mixin.py:188} INFO - [2024-08-09T20:06:22.530+0200] {dag.py:3089} INFO - Sync 1 DAGs
[2024-08-09T20:06:22.537+0200] {logging_mixin.py:188} INFO - [2024-08-09T20:06:22.537+0200] {dag.py:3947} INFO - Setting next_dagrun for tutorial_objectstorage to None, run_after=None
[2024-08-09T20:06:22.653+0200] {processor.py:183} INFO - Processing /home/bvpelt/Develop/airflowtut/py_env/lib/python3.10/site-packages/airflow/example_dags/tutorial_objectstorage.py took 0.141 seconds
[2024-08-09T20:07:16.524+0200] {processor.py:161} INFO - Started process (PID=21505) to work on /home/bvpelt/Develop/airflowtut/py_env/lib/python3.10/site-packages/airflow/example_dags/tutorial_objectstorage.py
[2024-08-09T20:07:16.525+0200] {processor.py:830} INFO - Processing file /home/bvpelt/Develop/airflowtut/py_env/lib/python3.10/site-packages/airflow/example_dags/tutorial_objectstorage.py for tasks to queue
[2024-08-09T20:07:16.526+0200] {logging_mixin.py:188} INFO - [2024-08-09T20:07:16.526+0200] {dagbag.py:545} INFO - Filling up the DagBag from /home/bvpelt/Develop/airflowtut/py_env/lib/python3.10/site-packages/airflow/example_dags/tutorial_objectstorage.py
[2024-08-09T20:07:16.530+0200] {processor.py:840} INFO - DAG(s) 'tutorial_objectstorage' retrieved from /home/bvpelt/Develop/airflowtut/py_env/lib/python3.10/site-packages/airflow/example_dags/tutorial_objectstorage.py
[2024-08-09T20:07:16.539+0200] {logging_mixin.py:188} INFO - [2024-08-09T20:07:16.539+0200] {dag.py:3089} INFO - Sync 1 DAGs
[2024-08-09T20:07:16.546+0200] {logging_mixin.py:188} INFO - [2024-08-09T20:07:16.546+0200] {dag.py:3947} INFO - Setting next_dagrun for tutorial_objectstorage to None, run_after=None
[2024-08-09T20:07:16.636+0200] {processor.py:183} INFO - Processing /home/bvpelt/Develop/airflowtut/py_env/lib/python3.10/site-packages/airflow/example_dags/tutorial_objectstorage.py took 0.115 seconds
[2024-08-09T20:08:07.794+0200] {processor.py:161} INFO - Started process (PID=21658) to work on /home/bvpelt/Develop/airflowtut/py_env/lib/python3.10/site-packages/airflow/example_dags/tutorial_objectstorage.py
[2024-08-09T20:08:07.819+0200] {processor.py:830} INFO - Processing file /home/bvpelt/Develop/airflowtut/py_env/lib/python3.10/site-packages/airflow/example_dags/tutorial_objectstorage.py for tasks to queue
[2024-08-09T20:08:07.820+0200] {logging_mixin.py:188} INFO - [2024-08-09T20:08:07.820+0200] {dagbag.py:545} INFO - Filling up the DagBag from /home/bvpelt/Develop/airflowtut/py_env/lib/python3.10/site-packages/airflow/example_dags/tutorial_objectstorage.py
[2024-08-09T20:08:07.826+0200] {processor.py:840} INFO - DAG(s) 'tutorial_objectstorage' retrieved from /home/bvpelt/Develop/airflowtut/py_env/lib/python3.10/site-packages/airflow/example_dags/tutorial_objectstorage.py
[2024-08-09T20:08:07.838+0200] {logging_mixin.py:188} INFO - [2024-08-09T20:08:07.838+0200] {dag.py:3089} INFO - Sync 1 DAGs
[2024-08-09T20:08:07.849+0200] {logging_mixin.py:188} INFO - [2024-08-09T20:08:07.849+0200] {dag.py:3947} INFO - Setting next_dagrun for tutorial_objectstorage to None, run_after=None
[2024-08-09T20:08:07.981+0200] {processor.py:183} INFO - Processing /home/bvpelt/Develop/airflowtut/py_env/lib/python3.10/site-packages/airflow/example_dags/tutorial_objectstorage.py took 0.190 seconds
[2024-08-09T20:08:59.245+0200] {processor.py:161} INFO - Started process (PID=21718) to work on /home/bvpelt/Develop/airflowtut/py_env/lib/python3.10/site-packages/airflow/example_dags/tutorial_objectstorage.py
[2024-08-09T20:08:59.258+0200] {processor.py:830} INFO - Processing file /home/bvpelt/Develop/airflowtut/py_env/lib/python3.10/site-packages/airflow/example_dags/tutorial_objectstorage.py for tasks to queue
[2024-08-09T20:08:59.259+0200] {logging_mixin.py:188} INFO - [2024-08-09T20:08:59.259+0200] {dagbag.py:545} INFO - Filling up the DagBag from /home/bvpelt/Develop/airflowtut/py_env/lib/python3.10/site-packages/airflow/example_dags/tutorial_objectstorage.py
[2024-08-09T20:08:59.264+0200] {processor.py:840} INFO - DAG(s) 'tutorial_objectstorage' retrieved from /home/bvpelt/Develop/airflowtut/py_env/lib/python3.10/site-packages/airflow/example_dags/tutorial_objectstorage.py
[2024-08-09T20:08:59.272+0200] {logging_mixin.py:188} INFO - [2024-08-09T20:08:59.272+0200] {dag.py:3089} INFO - Sync 1 DAGs
[2024-08-09T20:08:59.278+0200] {logging_mixin.py:188} INFO - [2024-08-09T20:08:59.278+0200] {dag.py:3947} INFO - Setting next_dagrun for tutorial_objectstorage to None, run_after=None
[2024-08-09T20:08:59.354+0200] {processor.py:183} INFO - Processing /home/bvpelt/Develop/airflowtut/py_env/lib/python3.10/site-packages/airflow/example_dags/tutorial_objectstorage.py took 0.112 seconds
[2024-08-09T20:09:51.520+0200] {processor.py:161} INFO - Started process (PID=21771) to work on /home/bvpelt/Develop/airflowtut/py_env/lib/python3.10/site-packages/airflow/example_dags/tutorial_objectstorage.py
[2024-08-09T20:09:51.539+0200] {processor.py:830} INFO - Processing file /home/bvpelt/Develop/airflowtut/py_env/lib/python3.10/site-packages/airflow/example_dags/tutorial_objectstorage.py for tasks to queue
[2024-08-09T20:09:51.540+0200] {logging_mixin.py:188} INFO - [2024-08-09T20:09:51.540+0200] {dagbag.py:545} INFO - Filling up the DagBag from /home/bvpelt/Develop/airflowtut/py_env/lib/python3.10/site-packages/airflow/example_dags/tutorial_objectstorage.py
[2024-08-09T20:09:51.545+0200] {processor.py:840} INFO - DAG(s) 'tutorial_objectstorage' retrieved from /home/bvpelt/Develop/airflowtut/py_env/lib/python3.10/site-packages/airflow/example_dags/tutorial_objectstorage.py
[2024-08-09T20:09:51.553+0200] {logging_mixin.py:188} INFO - [2024-08-09T20:09:51.553+0200] {dag.py:3089} INFO - Sync 1 DAGs
[2024-08-09T20:09:51.559+0200] {logging_mixin.py:188} INFO - [2024-08-09T20:09:51.559+0200] {dag.py:3947} INFO - Setting next_dagrun for tutorial_objectstorage to None, run_after=None
[2024-08-09T20:09:51.650+0200] {processor.py:183} INFO - Processing /home/bvpelt/Develop/airflowtut/py_env/lib/python3.10/site-packages/airflow/example_dags/tutorial_objectstorage.py took 0.133 seconds
[2024-08-09T20:10:40.525+0200] {processor.py:161} INFO - Started process (PID=21846) to work on /home/bvpelt/Develop/airflowtut/py_env/lib/python3.10/site-packages/airflow/example_dags/tutorial_objectstorage.py
[2024-08-09T20:10:40.526+0200] {processor.py:830} INFO - Processing file /home/bvpelt/Develop/airflowtut/py_env/lib/python3.10/site-packages/airflow/example_dags/tutorial_objectstorage.py for tasks to queue
[2024-08-09T20:10:40.526+0200] {logging_mixin.py:188} INFO - [2024-08-09T20:10:40.526+0200] {dagbag.py:545} INFO - Filling up the DagBag from /home/bvpelt/Develop/airflowtut/py_env/lib/python3.10/site-packages/airflow/example_dags/tutorial_objectstorage.py
[2024-08-09T20:10:40.531+0200] {processor.py:840} INFO - DAG(s) 'tutorial_objectstorage' retrieved from /home/bvpelt/Develop/airflowtut/py_env/lib/python3.10/site-packages/airflow/example_dags/tutorial_objectstorage.py
[2024-08-09T20:10:40.538+0200] {logging_mixin.py:188} INFO - [2024-08-09T20:10:40.538+0200] {dag.py:3089} INFO - Sync 1 DAGs
[2024-08-09T20:10:40.544+0200] {logging_mixin.py:188} INFO - [2024-08-09T20:10:40.544+0200] {dag.py:3947} INFO - Setting next_dagrun for tutorial_objectstorage to None, run_after=None
[2024-08-09T20:10:40.703+0200] {processor.py:183} INFO - Processing /home/bvpelt/Develop/airflowtut/py_env/lib/python3.10/site-packages/airflow/example_dags/tutorial_objectstorage.py took 0.181 seconds
[2024-08-09T20:11:30.701+0200] {processor.py:161} INFO - Started process (PID=21899) to work on /home/bvpelt/Develop/airflowtut/py_env/lib/python3.10/site-packages/airflow/example_dags/tutorial_objectstorage.py
[2024-08-09T20:11:30.701+0200] {processor.py:830} INFO - Processing file /home/bvpelt/Develop/airflowtut/py_env/lib/python3.10/site-packages/airflow/example_dags/tutorial_objectstorage.py for tasks to queue
[2024-08-09T20:11:30.702+0200] {logging_mixin.py:188} INFO - [2024-08-09T20:11:30.702+0200] {dagbag.py:545} INFO - Filling up the DagBag from /home/bvpelt/Develop/airflowtut/py_env/lib/python3.10/site-packages/airflow/example_dags/tutorial_objectstorage.py
[2024-08-09T20:11:30.706+0200] {processor.py:840} INFO - DAG(s) 'tutorial_objectstorage' retrieved from /home/bvpelt/Develop/airflowtut/py_env/lib/python3.10/site-packages/airflow/example_dags/tutorial_objectstorage.py
[2024-08-09T20:11:30.715+0200] {logging_mixin.py:188} INFO - [2024-08-09T20:11:30.714+0200] {dag.py:3089} INFO - Sync 1 DAGs
[2024-08-09T20:11:30.722+0200] {logging_mixin.py:188} INFO - [2024-08-09T20:11:30.722+0200] {dag.py:3947} INFO - Setting next_dagrun for tutorial_objectstorage to None, run_after=None
[2024-08-09T20:11:30.801+0200] {processor.py:183} INFO - Processing /home/bvpelt/Develop/airflowtut/py_env/lib/python3.10/site-packages/airflow/example_dags/tutorial_objectstorage.py took 0.103 seconds
[2024-08-09T20:12:19.540+0200] {processor.py:161} INFO - Started process (PID=22008) to work on /home/bvpelt/Develop/airflowtut/py_env/lib/python3.10/site-packages/airflow/example_dags/tutorial_objectstorage.py
[2024-08-09T20:12:19.569+0200] {processor.py:830} INFO - Processing file /home/bvpelt/Develop/airflowtut/py_env/lib/python3.10/site-packages/airflow/example_dags/tutorial_objectstorage.py for tasks to queue
[2024-08-09T20:12:19.570+0200] {logging_mixin.py:188} INFO - [2024-08-09T20:12:19.570+0200] {dagbag.py:545} INFO - Filling up the DagBag from /home/bvpelt/Develop/airflowtut/py_env/lib/python3.10/site-packages/airflow/example_dags/tutorial_objectstorage.py
[2024-08-09T20:12:19.575+0200] {processor.py:840} INFO - DAG(s) 'tutorial_objectstorage' retrieved from /home/bvpelt/Develop/airflowtut/py_env/lib/python3.10/site-packages/airflow/example_dags/tutorial_objectstorage.py
[2024-08-09T20:12:19.586+0200] {logging_mixin.py:188} INFO - [2024-08-09T20:12:19.585+0200] {dag.py:3089} INFO - Sync 1 DAGs
[2024-08-09T20:12:19.594+0200] {logging_mixin.py:188} INFO - [2024-08-09T20:12:19.593+0200] {dag.py:3947} INFO - Setting next_dagrun for tutorial_objectstorage to None, run_after=None
[2024-08-09T20:12:19.697+0200] {processor.py:183} INFO - Processing /home/bvpelt/Develop/airflowtut/py_env/lib/python3.10/site-packages/airflow/example_dags/tutorial_objectstorage.py took 0.161 seconds
[2024-08-09T20:13:11.470+0200] {processor.py:161} INFO - Started process (PID=22093) to work on /home/bvpelt/Develop/airflowtut/py_env/lib/python3.10/site-packages/airflow/example_dags/tutorial_objectstorage.py
[2024-08-09T20:13:11.471+0200] {processor.py:830} INFO - Processing file /home/bvpelt/Develop/airflowtut/py_env/lib/python3.10/site-packages/airflow/example_dags/tutorial_objectstorage.py for tasks to queue
[2024-08-09T20:13:11.472+0200] {logging_mixin.py:188} INFO - [2024-08-09T20:13:11.472+0200] {dagbag.py:545} INFO - Filling up the DagBag from /home/bvpelt/Develop/airflowtut/py_env/lib/python3.10/site-packages/airflow/example_dags/tutorial_objectstorage.py
[2024-08-09T20:13:11.476+0200] {processor.py:840} INFO - DAG(s) 'tutorial_objectstorage' retrieved from /home/bvpelt/Develop/airflowtut/py_env/lib/python3.10/site-packages/airflow/example_dags/tutorial_objectstorage.py
[2024-08-09T20:13:11.485+0200] {logging_mixin.py:188} INFO - [2024-08-09T20:13:11.485+0200] {dag.py:3089} INFO - Sync 1 DAGs
[2024-08-09T20:13:11.493+0200] {logging_mixin.py:188} INFO - [2024-08-09T20:13:11.492+0200] {dag.py:3947} INFO - Setting next_dagrun for tutorial_objectstorage to None, run_after=None
[2024-08-09T20:13:11.582+0200] {processor.py:183} INFO - Processing /home/bvpelt/Develop/airflowtut/py_env/lib/python3.10/site-packages/airflow/example_dags/tutorial_objectstorage.py took 0.115 seconds
[2024-08-09T20:14:08.657+0200] {processor.py:161} INFO - Started process (PID=22162) to work on /home/bvpelt/Develop/airflowtut/py_env/lib/python3.10/site-packages/airflow/example_dags/tutorial_objectstorage.py
[2024-08-09T20:14:08.658+0200] {processor.py:830} INFO - Processing file /home/bvpelt/Develop/airflowtut/py_env/lib/python3.10/site-packages/airflow/example_dags/tutorial_objectstorage.py for tasks to queue
[2024-08-09T20:14:08.658+0200] {logging_mixin.py:188} INFO - [2024-08-09T20:14:08.658+0200] {dagbag.py:545} INFO - Filling up the DagBag from /home/bvpelt/Develop/airflowtut/py_env/lib/python3.10/site-packages/airflow/example_dags/tutorial_objectstorage.py
[2024-08-09T20:14:08.663+0200] {processor.py:840} INFO - DAG(s) 'tutorial_objectstorage' retrieved from /home/bvpelt/Develop/airflowtut/py_env/lib/python3.10/site-packages/airflow/example_dags/tutorial_objectstorage.py
[2024-08-09T20:14:08.670+0200] {logging_mixin.py:188} INFO - [2024-08-09T20:14:08.670+0200] {dag.py:3089} INFO - Sync 1 DAGs
[2024-08-09T20:14:08.677+0200] {logging_mixin.py:188} INFO - [2024-08-09T20:14:08.676+0200] {dag.py:3947} INFO - Setting next_dagrun for tutorial_objectstorage to None, run_after=None
[2024-08-09T20:14:08.745+0200] {processor.py:183} INFO - Processing /home/bvpelt/Develop/airflowtut/py_env/lib/python3.10/site-packages/airflow/example_dags/tutorial_objectstorage.py took 0.091 seconds
[2024-08-09T20:14:55.009+0200] {processor.py:161} INFO - Started process (PID=22224) to work on /home/bvpelt/Develop/airflowtut/py_env/lib/python3.10/site-packages/airflow/example_dags/tutorial_objectstorage.py
[2024-08-09T20:14:55.010+0200] {processor.py:830} INFO - Processing file /home/bvpelt/Develop/airflowtut/py_env/lib/python3.10/site-packages/airflow/example_dags/tutorial_objectstorage.py for tasks to queue
[2024-08-09T20:14:55.011+0200] {logging_mixin.py:188} INFO - [2024-08-09T20:14:55.011+0200] {dagbag.py:545} INFO - Filling up the DagBag from /home/bvpelt/Develop/airflowtut/py_env/lib/python3.10/site-packages/airflow/example_dags/tutorial_objectstorage.py
[2024-08-09T20:14:55.015+0200] {processor.py:840} INFO - DAG(s) 'tutorial_objectstorage' retrieved from /home/bvpelt/Develop/airflowtut/py_env/lib/python3.10/site-packages/airflow/example_dags/tutorial_objectstorage.py
[2024-08-09T20:14:55.023+0200] {logging_mixin.py:188} INFO - [2024-08-09T20:14:55.023+0200] {dag.py:3089} INFO - Sync 1 DAGs
[2024-08-09T20:14:55.029+0200] {logging_mixin.py:188} INFO - [2024-08-09T20:14:55.029+0200] {dag.py:3947} INFO - Setting next_dagrun for tutorial_objectstorage to None, run_after=None
[2024-08-09T20:14:55.106+0200] {processor.py:183} INFO - Processing /home/bvpelt/Develop/airflowtut/py_env/lib/python3.10/site-packages/airflow/example_dags/tutorial_objectstorage.py took 0.099 seconds
[2024-08-09T20:15:45.598+0200] {processor.py:161} INFO - Started process (PID=22308) to work on /home/bvpelt/Develop/airflowtut/py_env/lib/python3.10/site-packages/airflow/example_dags/tutorial_objectstorage.py
[2024-08-09T20:15:45.598+0200] {processor.py:830} INFO - Processing file /home/bvpelt/Develop/airflowtut/py_env/lib/python3.10/site-packages/airflow/example_dags/tutorial_objectstorage.py for tasks to queue
[2024-08-09T20:15:45.599+0200] {logging_mixin.py:188} INFO - [2024-08-09T20:15:45.599+0200] {dagbag.py:545} INFO - Filling up the DagBag from /home/bvpelt/Develop/airflowtut/py_env/lib/python3.10/site-packages/airflow/example_dags/tutorial_objectstorage.py
[2024-08-09T20:15:45.603+0200] {processor.py:840} INFO - DAG(s) 'tutorial_objectstorage' retrieved from /home/bvpelt/Develop/airflowtut/py_env/lib/python3.10/site-packages/airflow/example_dags/tutorial_objectstorage.py
[2024-08-09T20:15:45.611+0200] {logging_mixin.py:188} INFO - [2024-08-09T20:15:45.611+0200] {dag.py:3089} INFO - Sync 1 DAGs
[2024-08-09T20:15:45.617+0200] {logging_mixin.py:188} INFO - [2024-08-09T20:15:45.617+0200] {dag.py:3947} INFO - Setting next_dagrun for tutorial_objectstorage to None, run_after=None
[2024-08-09T20:15:45.688+0200] {processor.py:183} INFO - Processing /home/bvpelt/Develop/airflowtut/py_env/lib/python3.10/site-packages/airflow/example_dags/tutorial_objectstorage.py took 0.093 seconds
[2024-08-09T20:16:30.758+0200] {processor.py:161} INFO - Started process (PID=22368) to work on /home/bvpelt/Develop/airflowtut/py_env/lib/python3.10/site-packages/airflow/example_dags/tutorial_objectstorage.py
[2024-08-09T20:16:30.759+0200] {processor.py:830} INFO - Processing file /home/bvpelt/Develop/airflowtut/py_env/lib/python3.10/site-packages/airflow/example_dags/tutorial_objectstorage.py for tasks to queue
[2024-08-09T20:16:30.760+0200] {logging_mixin.py:188} INFO - [2024-08-09T20:16:30.759+0200] {dagbag.py:545} INFO - Filling up the DagBag from /home/bvpelt/Develop/airflowtut/py_env/lib/python3.10/site-packages/airflow/example_dags/tutorial_objectstorage.py
[2024-08-09T20:16:30.763+0200] {processor.py:840} INFO - DAG(s) 'tutorial_objectstorage' retrieved from /home/bvpelt/Develop/airflowtut/py_env/lib/python3.10/site-packages/airflow/example_dags/tutorial_objectstorage.py
[2024-08-09T20:16:30.771+0200] {logging_mixin.py:188} INFO - [2024-08-09T20:16:30.771+0200] {dag.py:3089} INFO - Sync 1 DAGs
[2024-08-09T20:16:30.778+0200] {logging_mixin.py:188} INFO - [2024-08-09T20:16:30.777+0200] {dag.py:3947} INFO - Setting next_dagrun for tutorial_objectstorage to None, run_after=None
[2024-08-09T20:16:30.990+0200] {processor.py:183} INFO - Processing /home/bvpelt/Develop/airflowtut/py_env/lib/python3.10/site-packages/airflow/example_dags/tutorial_objectstorage.py took 0.235 seconds
