[2024-08-09T19:45:52.125+0200] {local_task_job_runner.py:120} INFO - ::group::Pre task execution logs
[2024-08-09T19:45:52.143+0200] {taskinstance.py:2076} INFO - Dependencies all met for dep_context=non-requeueable deps ti=<TaskInstance: example_bash_operator.runme_0 scheduled__2024-08-08T00:00:00+00:00 [queued]>
[2024-08-09T19:45:52.147+0200] {taskinstance.py:2076} INFO - Dependencies all met for dep_context=requeueable deps ti=<TaskInstance: example_bash_operator.runme_0 scheduled__2024-08-08T00:00:00+00:00 [queued]>
[2024-08-09T19:45:52.147+0200] {taskinstance.py:2306} INFO - Starting attempt 1 of 1
[2024-08-09T19:45:52.235+0200] {taskinstance.py:2330} INFO - Executing <Task(BashOperator): runme_0> on 2024-08-08 00:00:00+00:00
[2024-08-09T19:45:52.242+0200] {standard_task_runner.py:64} INFO - Started process 18345 to run task
[2024-08-09T19:45:52.247+0200] {standard_task_runner.py:90} INFO - Running: ['airflow', 'tasks', 'run', 'example_bash_operator', 'runme_0', 'scheduled__2024-08-08T00:00:00+00:00', '--job-id', '2', '--raw', '--subdir', '/home/bvpelt/Develop/airflowtut/py_env/lib/python3.10/site-packages/airflow/example_dags/example_bash_operator.py', '--cfg-path', '/tmp/tmpjeajvkpj']
[2024-08-09T19:45:52.248+0200] {standard_task_runner.py:91} INFO - Job 2: Subtask runme_0
[2024-08-09T19:45:52.357+0200] {task_command.py:426} INFO - Running <TaskInstance: example_bash_operator.runme_0 scheduled__2024-08-08T00:00:00+00:00 [running]> on host pluto
[2024-08-09T19:45:52.576+0200] {taskinstance.py:2648} INFO - Exporting env vars: AIRFLOW_CTX_DAG_OWNER='airflow' AIRFLOW_CTX_DAG_ID='example_bash_operator' AIRFLOW_CTX_TASK_ID='runme_0' AIRFLOW_CTX_EXECUTION_DATE='2024-08-08T00:00:00+00:00' AIRFLOW_CTX_TRY_NUMBER='1' AIRFLOW_CTX_DAG_RUN_ID='scheduled__2024-08-08T00:00:00+00:00'
[2024-08-09T19:45:52.579+0200] {taskinstance.py:430} INFO - ::endgroup::
[2024-08-09T19:45:52.580+0200] {subprocess.py:63} INFO - Tmp dir root location: /tmp
[2024-08-09T19:45:52.582+0200] {subprocess.py:75} INFO - Running command: ['/usr/bin/bash', '-c', 'echo "example_bash_operator__runme_0__20240808" && sleep 1']
[2024-08-09T19:45:52.593+0200] {subprocess.py:86} INFO - Output:
[2024-08-09T19:45:52.595+0200] {subprocess.py:93} INFO - example_bash_operator__runme_0__20240808
[2024-08-09T19:45:53.596+0200] {subprocess.py:97} INFO - Command exited with return code 0
[2024-08-09T19:45:53.598+0200] {taskinstance.py:441} INFO - ::group::Post task execution logs
[2024-08-09T19:45:53.862+0200] {taskinstance.py:1206} INFO - Marking task as SUCCESS. dag_id=example_bash_operator, task_id=runme_0, run_id=scheduled__2024-08-08T00:00:00+00:00, execution_date=20240808T000000, start_date=20240809T174552, end_date=20240809T174553
[2024-08-09T19:45:53.986+0200] {local_task_job_runner.py:243} INFO - Task exited with return code 0
[2024-08-09T19:45:54.000+0200] {taskinstance.py:3503} INFO - 0 downstream tasks scheduled from follow-on schedule check
[2024-08-09T19:45:54.001+0200] {local_task_job_runner.py:222} INFO - ::endgroup::
