[2024-08-09T19:52:08.416+0200] {local_task_job_runner.py:120} INFO - ::group::Pre task execution logs
[2024-08-09T19:52:08.433+0200] {taskinstance.py:2076} INFO - Dependencies all met for dep_context=non-requeueable deps ti=<TaskInstance: example_bash_operator.also_run_this manual__2024-08-09T17:51:44+00:00 [queued]>
[2024-08-09T19:52:08.439+0200] {taskinstance.py:2076} INFO - Dependencies all met for dep_context=requeueable deps ti=<TaskInstance: example_bash_operator.also_run_this manual__2024-08-09T17:51:44+00:00 [queued]>
[2024-08-09T19:52:08.439+0200] {taskinstance.py:2306} INFO - Starting attempt 1 of 1
[2024-08-09T19:52:08.536+0200] {taskinstance.py:2330} INFO - Executing <Task(BashOperator): also_run_this> on 2024-08-09 17:51:44+00:00
[2024-08-09T19:52:08.544+0200] {standard_task_runner.py:64} INFO - Started process 19820 to run task
[2024-08-09T19:52:08.551+0200] {standard_task_runner.py:90} INFO - Running: ['airflow', 'tasks', 'run', 'example_bash_operator', 'also_run_this', 'manual__2024-08-09T17:51:44+00:00', '--job-id', '11', '--raw', '--subdir', '/home/bvpelt/Develop/airflowtut/py_env/lib/python3.10/site-packages/airflow/example_dags/example_bash_operator.py', '--cfg-path', '/tmp/tmphbjyuvsm']
[2024-08-09T19:52:08.553+0200] {standard_task_runner.py:91} INFO - Job 11: Subtask also_run_this
[2024-08-09T19:52:08.663+0200] {task_command.py:426} INFO - Running <TaskInstance: example_bash_operator.also_run_this manual__2024-08-09T17:51:44+00:00 [running]> on host pluto
[2024-08-09T19:52:08.847+0200] {taskinstance.py:2648} INFO - Exporting env vars: AIRFLOW_CTX_DAG_OWNER='airflow' AIRFLOW_CTX_DAG_ID='example_bash_operator' AIRFLOW_CTX_TASK_ID='also_run_this' AIRFLOW_CTX_EXECUTION_DATE='2024-08-09T17:51:44+00:00' AIRFLOW_CTX_TRY_NUMBER='1' AIRFLOW_CTX_DAG_RUN_ID='manual__2024-08-09T17:51:44+00:00'
[2024-08-09T19:52:08.847+0200] {taskinstance.py:430} INFO - ::endgroup::
[2024-08-09T19:52:08.848+0200] {subprocess.py:63} INFO - Tmp dir root location: /tmp
[2024-08-09T19:52:08.848+0200] {subprocess.py:75} INFO - Running command: ['/usr/bin/bash', '-c', 'echo "ti_key=example_bash_operator__also_run_this__20240809"']
[2024-08-09T19:52:08.852+0200] {subprocess.py:86} INFO - Output:
[2024-08-09T19:52:08.853+0200] {subprocess.py:93} INFO - ti_key=example_bash_operator__also_run_this__20240809
[2024-08-09T19:52:08.853+0200] {subprocess.py:97} INFO - Command exited with return code 0
[2024-08-09T19:52:08.853+0200] {taskinstance.py:441} INFO - ::group::Post task execution logs
[2024-08-09T19:52:08.948+0200] {taskinstance.py:1206} INFO - Marking task as SUCCESS. dag_id=example_bash_operator, task_id=also_run_this, run_id=manual__2024-08-09T17:51:44+00:00, execution_date=20240809T175144, start_date=20240809T175208, end_date=20240809T175208
[2024-08-09T19:52:09.084+0200] {local_task_job_runner.py:243} INFO - Task exited with return code 0
[2024-08-09T19:52:09.127+0200] {taskinstance.py:3503} INFO - 0 downstream tasks scheduled from follow-on schedule check
[2024-08-09T19:52:09.128+0200] {local_task_job_runner.py:222} INFO - ::endgroup::
