[2024-08-09T19:52:01.269+0200] {local_task_job_runner.py:120} INFO - ::group::Pre task execution logs
[2024-08-09T19:52:01.287+0200] {taskinstance.py:2076} INFO - Dependencies all met for dep_context=non-requeueable deps ti=<TaskInstance: example_bash_operator.runme_1 manual__2024-08-09T17:51:44+00:00 [queued]>
[2024-08-09T19:52:01.291+0200] {taskinstance.py:2076} INFO - Dependencies all met for dep_context=requeueable deps ti=<TaskInstance: example_bash_operator.runme_1 manual__2024-08-09T17:51:44+00:00 [queued]>
[2024-08-09T19:52:01.291+0200] {taskinstance.py:2306} INFO - Starting attempt 1 of 1
[2024-08-09T19:52:01.403+0200] {taskinstance.py:2330} INFO - Executing <Task(BashOperator): runme_1> on 2024-08-09 17:51:44+00:00
[2024-08-09T19:52:01.411+0200] {standard_task_runner.py:64} INFO - Started process 19691 to run task
[2024-08-09T19:52:01.416+0200] {standard_task_runner.py:90} INFO - Running: ['airflow', 'tasks', 'run', 'example_bash_operator', 'runme_1', 'manual__2024-08-09T17:51:44+00:00', '--job-id', '9', '--raw', '--subdir', '/home/bvpelt/Develop/airflowtut/py_env/lib/python3.10/site-packages/airflow/example_dags/example_bash_operator.py', '--cfg-path', '/tmp/tmppbru8ey6']
[2024-08-09T19:52:01.417+0200] {standard_task_runner.py:91} INFO - Job 9: Subtask runme_1
[2024-08-09T19:52:01.535+0200] {task_command.py:426} INFO - Running <TaskInstance: example_bash_operator.runme_1 manual__2024-08-09T17:51:44+00:00 [running]> on host pluto
[2024-08-09T19:52:01.746+0200] {taskinstance.py:2648} INFO - Exporting env vars: AIRFLOW_CTX_DAG_OWNER='airflow' AIRFLOW_CTX_DAG_ID='example_bash_operator' AIRFLOW_CTX_TASK_ID='runme_1' AIRFLOW_CTX_EXECUTION_DATE='2024-08-09T17:51:44+00:00' AIRFLOW_CTX_TRY_NUMBER='1' AIRFLOW_CTX_DAG_RUN_ID='manual__2024-08-09T17:51:44+00:00'
[2024-08-09T19:52:01.748+0200] {taskinstance.py:430} INFO - ::endgroup::
[2024-08-09T19:52:01.750+0200] {subprocess.py:63} INFO - Tmp dir root location: /tmp
[2024-08-09T19:52:01.751+0200] {subprocess.py:75} INFO - Running command: ['/usr/bin/bash', '-c', 'echo "example_bash_operator__runme_1__20240809" && sleep 1']
[2024-08-09T19:52:01.762+0200] {subprocess.py:86} INFO - Output:
[2024-08-09T19:52:01.763+0200] {subprocess.py:93} INFO - example_bash_operator__runme_1__20240809
[2024-08-09T19:52:02.764+0200] {subprocess.py:97} INFO - Command exited with return code 0
[2024-08-09T19:52:02.766+0200] {taskinstance.py:441} INFO - ::group::Post task execution logs
[2024-08-09T19:52:03.038+0200] {taskinstance.py:1206} INFO - Marking task as SUCCESS. dag_id=example_bash_operator, task_id=runme_1, run_id=manual__2024-08-09T17:51:44+00:00, execution_date=20240809T175144, start_date=20240809T175201, end_date=20240809T175203
[2024-08-09T19:52:03.155+0200] {local_task_job_runner.py:243} INFO - Task exited with return code 0
[2024-08-09T19:52:03.264+0200] {taskinstance.py:3503} INFO - 0 downstream tasks scheduled from follow-on schedule check
[2024-08-09T19:52:03.265+0200] {local_task_job_runner.py:222} INFO - ::endgroup::
