[2024-08-09T19:52:10.814+0200] {local_task_job_runner.py:120} INFO - ::group::Pre task execution logs
[2024-08-09T19:52:10.823+0200] {taskinstance.py:2076} INFO - Dependencies all met for dep_context=non-requeueable deps ti=<TaskInstance: example_bash_operator.this_will_skip manual__2024-08-09T17:51:44+00:00 [queued]>
[2024-08-09T19:52:10.827+0200] {taskinstance.py:2076} INFO - Dependencies all met for dep_context=requeueable deps ti=<TaskInstance: example_bash_operator.this_will_skip manual__2024-08-09T17:51:44+00:00 [queued]>
[2024-08-09T19:52:10.827+0200] {taskinstance.py:2306} INFO - Starting attempt 1 of 1
[2024-08-09T19:52:10.969+0200] {taskinstance.py:2330} INFO - Executing <Task(BashOperator): this_will_skip> on 2024-08-09 17:51:44+00:00
[2024-08-09T19:52:10.976+0200] {standard_task_runner.py:64} INFO - Started process 19823 to run task
[2024-08-09T19:52:10.981+0200] {standard_task_runner.py:90} INFO - Running: ['airflow', 'tasks', 'run', 'example_bash_operator', 'this_will_skip', 'manual__2024-08-09T17:51:44+00:00', '--job-id', '12', '--raw', '--subdir', '/home/bvpelt/Develop/airflowtut/py_env/lib/python3.10/site-packages/airflow/example_dags/example_bash_operator.py', '--cfg-path', '/tmp/tmpupolfo1r']
[2024-08-09T19:52:10.982+0200] {standard_task_runner.py:91} INFO - Job 12: Subtask this_will_skip
[2024-08-09T19:52:11.161+0200] {task_command.py:426} INFO - Running <TaskInstance: example_bash_operator.this_will_skip manual__2024-08-09T17:51:44+00:00 [running]> on host pluto
[2024-08-09T19:52:11.326+0200] {taskinstance.py:2648} INFO - Exporting env vars: AIRFLOW_CTX_DAG_OWNER='airflow' AIRFLOW_CTX_DAG_ID='example_bash_operator' AIRFLOW_CTX_TASK_ID='this_will_skip' AIRFLOW_CTX_EXECUTION_DATE='2024-08-09T17:51:44+00:00' AIRFLOW_CTX_TRY_NUMBER='1' AIRFLOW_CTX_DAG_RUN_ID='manual__2024-08-09T17:51:44+00:00'
[2024-08-09T19:52:11.328+0200] {taskinstance.py:430} INFO - ::endgroup::
[2024-08-09T19:52:11.330+0200] {subprocess.py:63} INFO - Tmp dir root location: /tmp
[2024-08-09T19:52:11.331+0200] {subprocess.py:75} INFO - Running command: ['/usr/bin/bash', '-c', 'echo "hello world"; exit 99;']
[2024-08-09T19:52:11.346+0200] {subprocess.py:86} INFO - Output:
[2024-08-09T19:52:11.347+0200] {subprocess.py:93} INFO - hello world
[2024-08-09T19:52:11.348+0200] {subprocess.py:97} INFO - Command exited with return code 99
[2024-08-09T19:52:11.349+0200] {taskinstance.py:441} INFO - ::group::Post task execution logs
[2024-08-09T19:52:11.349+0200] {taskinstance.py:2506} INFO - Bash command returned exit code 99. Skipping.
[2024-08-09T19:52:11.359+0200] {taskinstance.py:1206} INFO - Marking task as SKIPPED. dag_id=example_bash_operator, task_id=this_will_skip, run_id=manual__2024-08-09T17:51:44+00:00, execution_date=20240809T175144, start_date=20240809T175210, end_date=20240809T175211
[2024-08-09T19:52:11.475+0200] {local_task_job_runner.py:243} INFO - Task exited with return code 0
[2024-08-09T19:52:11.515+0200] {taskinstance.py:3503} INFO - 0 downstream tasks scheduled from follow-on schedule check
[2024-08-09T19:52:11.591+0200] {local_task_job_runner.py:222} INFO - ::endgroup::
